0.123633 0.267040 0.281421 0.502946 0.062581 0.203292 0.375000 0.375000 5.270761 0.120140 0.207120
0.114314 0.228618 0.223607 0.457584 0.064152 0.148273 0.375000 0.375000 4.053451 0.081664 0.352710
0.115236 0.239578 0.218967 0.489266 0.100554 0.122099 0.250000 0.000000 4.646239 0.100400 0.368886
0.098531 0.214358 0.201099 0.440937 0.196430 0.081984 0.125000 0.625000 5.773758 0.136038 0.352710
0.070558 0.189867 0.175218 0.433014 0.190023 0.072918 0.000000 0.625000 5.280814 0.120457 0.287608
0.053807 0.236491 0.237378 0.486105 0.219301 0.157085 0.000000 0.625000 6.057387 0.145003 0.222822
0.015951 0.264643 0.241633 0.529582 0.082821 0.212915 0.125000 0.625000 4.880876 0.107816 0.222822
0.008494 0.278553 0.255267 0.585963 0.040593 0.195563 0.000000 0.500000 4.609760 0.099247 0.449374
-0.022204 0.292710 0.263175 0.584568 0.042920 0.166101 0.375000 0.375000 4.656942 0.100738 0.449374
-0.020675 0.306169 0.272038 0.611021 0.059672 0.174742 0.375000 0.500000 4.819342 0.105871 0.611061
-0.074380 0.352187 0.328363 0.653627 0.120461 0.169114 0.375000 0.500000 5.545493 0.128823 0.740473
-0.103244 0.352214 0.341399 0.676197 0.195309 0.170614 0.000000 1.375000 6.538628 0.160214 0.545880
-0.138115 0.324159 0.297597 0.611021 0.184469 0.192226 0.375000 1.000000 6.476154 0.158239 0.502900
-0.145628 0.314910 0.291782 0.600670 0.283416 0.221648 0.250000 0.875000 8.093990 0.209375 0.556822
-0.163846 0.316710 0.296663 0.605857 0.322233 0.174429 0.000000 1.000000 8.732316 0.229550 0.675767
-0.189076 0.250892 0.258850 0.525683 0.177619 0.115104 1.000000 0.500000 5.840756 0.138156 0.664594
-0.186460 0.240165 0.249871 0.525747 0.090977 0.138038 0.000000 0.000000 4.669483 0.101135 0.703233
-0.189940 0.228771 0.240037 0.465750 0.079763 0.158264 0.250000 0.250000 4.618216 0.099514 0.518358
-0.181389 0.192167 0.205458 0.434728 0.063665 0.145486 0.125000 0.250000 4.486609 0.095355 0.489564
-0.212687 0.156894 0.157106 0.358477 0.060995 0.082043 0.625000 0.250000 3.823768 0.074404 0.467168
-0.215628 0.151600 0.157542 0.351034 0.093146 0.075554 0.625000 0.125000 4.417616 0.093174 0.408681
-0.210492 0.204597 0.251917 0.478047 0.139897 0.155563 0.625000 1.125000 5.707119 0.133932 0.472478
-0.227981 0.237945 0.288326 0.529248 0.139109 0.219932 1.375000 0.500000 6.209799 0.149820 0.503224
-0.256110 0.396955 0.388955 0.627090 0.158569 0.348613 0.000000 1.125000 7.557498 0.192417 0.341458
-0.235073 0.476689 0.452939 0.672779 0.103646 0.425263 0.000000 0.875000 8.252213 0.214376 0.333452
-0.224114 0.565116 0.515348 0.757279 0.151000 0.383068 0.000000 0.875000 9.646044 0.258431 0.287633
-0.219814 0.675967 0.646681 0.800378 0.245371 0.257769 0.250000 0.125000 10.673319 0.290901 0.195196
-0.174600 0.790817 0.767268 0.864251 0.792193 0.259661 0.250000 0.125000 16.747795 0.482899 0.179728
-0.120091 1.026011 1.004727 0.991426 1.301972 1.208505 0.000000 1.000000 40.439882 1.231745 0.158073
-0.054824 1.138085 1.110083 1.022581 1.002943 1.704612 0.250000 0.750000 38.717729 1.177312 0.125590
0.026738 1.221716 1.208464 1.042770 1.031375 1.825459 0.375000 0.125000 40.058057 1.219676 0.125590
0.033906 1.176909 1.173359 1.051128 1.299154 1.625989 0.375000 0.000000 42.134180 1.285297 0.125590
0.047017 1.217608 1.182357 1.049308 1.332634 1.315927 0.125000 0.625000 42.636439 1.301172 0.125590
0.079098 1.175667 1.138260 1.052601 1.109851 0.930313 0.125000 0.625000 38.986274 1.185800 0.287140
0.082883 1.169104 1.153473 1.082780 1.333885 0.673447 0.375000 0.250000 39.170177 1.191613 0.288003
0.120394 1.178285 1.139317 1.075950 1.535518 0.786671 0.125000 0.125000 38.826842 1.180761 0.288003
0.191590 1.113250 1.067059 1.069231 1.281390 0.853656 0.000000 0.125000 40.429040 1.231402 0.288003
0.236052 1.118964 1.088147 1.116475 1.085781 0.853686 0.250000 0.500000 38.206433 1.161151 0.288003
0.165904 1.049176 1.024619 1.083578 1.288443 0.820779 0.500000 0.375000 34.859382 1.055359 0.288003
0.145573 1.002936 0.947807 1.090244 1.416199 0.868152 0.375000 0.375000 33.022554 0.997302 0.180159
0.050492 0.894213 0.838236 1.012778 1.118228 0.660082 0.375000 0.250000 28.127243 0.842574 0.207120
0.010018 0.820393 0.779984 0.973445 0.845155 0.476787 0.000000 0.125000 32.754936 0.988843 0.223297
-0.025135 0.762183 0.717512 0.949542 0.499024 0.382663 0.875000 0.125000 26.715444 0.797951 0.179764
-0.044679 0.777949 0.717604 0.941681 0.393124 0.444801 0.875000 0.125000 23.343517 0.691373 0.179764
-0.067705 0.621262 0.607800 0.851568 0.399460 0.414796 0.000000 0.000000 17.920423 0.519963 0.179764
-0.100486 0.633856 0.595885 0.874675 0.396358 0.490894 0.625000 0.875000 14.867207 0.423458 0.179764
-0.105350 0.620422 0.580925 0.878835 0.435850 0.420570 0.625000 0.250000 12.390419 0.345174 0.102789
-0.114109 0.595911 0.547748 0.853183 0.396309 0.346442 0.000000 0.250000 10.914891 0.298536 0.125941
-0.142271 0.497429 0.480509 0.772224 0.486954 0.299941 0.500000 0.750000 12.242553 0.340500 0.085499
-0.150467 0.485464 0.488063 0.741465 0.617234 0.273790 0.250000 0.500000 14.273758 0.404701 0.102789
-0.160467 0.493728 0.487382 0.749776 0.569399 0.277857 0.125000 0.500000 13.591669 0.383142 0.010351
-0.158050 0.505333 0.508441 0.775840 0.466969 0.361977 0.125000 0.125000 12.911321 0.361638 -0.035924
-0.020551 0.833092 0.828564 0.969661 0.786873 0.765002 0.625000 0.875000 22.419387 0.662163 -0.034086
-0.023472 0.798059 0.791090 0.955058 0.809438 0.966640 0.750000 0.875000 25.539868 0.760794 0.126237
-0.000717 0.717590 0.740228 0.911279 0.703403 0.996428 0.750000 0.875000 26.895473 0.803641 0.126237
-0.037789 0.788752 0.777137 0.935697 0.688483 1.003647 0.125000 0.375000 26.303118 0.784918 0.126237
-0.048089 0.760124 0.745370 0.902768 0.743783 0.944986 0.250000 0.250000 25.597471 0.762614 0.207120
-0.074290 0.669071 0.649322 0.850725 0.586357 0.848876 0.125000 0.375000 19.769135 0.578396 0.216107
-0.040045 0.618780 0.589519 0.838138 0.632436 0.639459 0.125000 0.375000 16.497659 0.474993 0.288003
-0.037501 0.595219 0.561460 0.831479 0.478571 0.507268 0.125000 0.250000 13.690539 0.386267 0.288003
-0.014801 0.598168 0.550238 0.850725 0.358915 0.481648 0.250000 0.750000 12.560829 0.350560 0.288003
-0.017216 0.500467 0.465040 0.783855 0.305806 0.372801 0.375000 0.000000 10.526045 0.286246 0.288003
-0.005524 0.510950 0.445683 0.780039 0.376357 0.304537 0.500000 0.000000 11.090271 0.304079 0.288003
0.002152 0.542051 0.468063 0.788221 0.350405 0.308936 0.500000 0.000000 11.138562 0.305606 0.288003
0.003182 0.520929 0.458428 0.776063 0.272567 0.329819 0.625000 0.000000 10.369532 0.281299 0.288003
0.003794 0.437377 0.393461 0.699564 0.162214 0.268327 0.000000 0.500000 7.676892 0.196191 0.288003
-0.011313 0.451583 0.401215 0.740482 0.101427 0.218606 0.000000 0.125000 6.961223 0.173571 0.287744
-0.004348 0.460214 0.402521 0.765267 0.121983 0.202007 0.625000 0.125000 6.838288 0.169685 0.287744
0.002967 0.436697 0.373046 0.759544 0.170943 0.183970 0.625000 0.375000 7.108043 0.178211 0.287744
0.002152 0.430494 0.382165 0.739590 0.206303 0.204046 1.125000 0.500000 8.801307 0.231731 0.287744
0.010038 0.425956 0.386156 0.730518 0.190257 0.268108 0.500000 0.500000 9.663971 0.258998 0.287744
0.020239 0.424661 0.382133 0.712553 0.155103 0.339695 0.500000 0.375000 9.100791 0.241197 0.287744
0.032526 0.418472 0.384481 0.704012 0.106643 0.417474 0.000000 0.250000 8.858383 0.233535 0.287744
0.041587 0.409923 0.381878 0.696906 0.037367 0.443515 0.125000 0.250000 8.283618 0.215368 0.287744
0.077000 0.335440 0.321145 0.644945 0.059322 0.387942 0.125000 0.375000 7.356222 0.186056 0.287744
0.081733 0.339306 0.316349 0.658661 0.096713 0.388760 0.875000 0.375000 7.743395 0.198293 0.287744
0.091382 0.328811 0.316387 0.652542 0.138032 0.363773 0.875000 0.375000 7.711252 0.197277 0.288003
0.110021 0.327739 0.316797 0.637572 0.126275 0.353536 0.750000 0.375000 7.123561 0.178702 0.288003
0.131559 0.314776 0.308593 0.615512 0.092630 0.365042 0.625000 0.375000 6.798760 0.168436 0.288003
0.149971 0.318740 0.303043 0.597812 0.082664 0.322730 0.500000 0.250000 6.161543 0.148295 0.288003
0.134315 0.311301 0.306562 0.603195 0.067083 0.271662 0.500000 0.375000 5.375831 0.123461 0.288003
0.137034 0.322793 0.317517 0.614314 0.038007 0.325173 0.250000 0.500000 6.060735 0.145109 0.288003
0.152305 0.286104 0.286869 0.586405 0.051888 0.302347 0.500000 0.500000 6.422149 0.156532 0.288003
0.151106 0.297521 0.280836 0.605857 0.058166 0.285347 1.250000 0.625000 6.576236 0.161402 0.288003
0.144854 0.306338 0.285499 0.597338 0.052918 0.257079 0.750000 0.250000 5.841066 0.138166 0.288003
0.137517 0.319585 0.293890 0.606391 0.062977 0.284534 0.125000 0.250000 6.036739 0.144350 0.288262
0.127331 0.312270 0.278584 0.562412 0.095770 0.330601 1.000000 0.250000 6.959434 0.173514 0.288262
0.096053 0.337275 0.300999 0.593743 0.080089 0.381479 0.375000 0.125000 7.494274 0.190419 0.288262
0.099248 0.337541 0.305394 0.589819 0.099324 0.347754 0.750000 0.000000 8.007201 0.206631 0.288262
0.087884 0.308630 0.258910 0.570569 0.045747 0.205337 0.375000 0.000000 5.268328 0.120063 0.288262
0.095712 0.299006 0.241237 0.541602 0.068632 0.155475 0.875000 0.125000 4.719085 0.102703 0.288262
0.089033 0.297073 0.238662 0.561775 0.071132 0.130786 0.875000 0.250000 4.070284 0.082196 0.288262
0.094440 0.290027 0.227329 0.544213 0.088288 0.148736 0.500000 0.375000 4.197894 0.086229 0.288262
0.085733 0.285536 0.223111 0.552900 0.124600 0.170582 0.000000 0.750000 4.850041 0.106842 0.288262
0.098948 0.282485 0.231471 0.583412 0.117275 0.169631 0.375000 0.750000 4.923458 0.109162 0.288262
0.113502 0.261515 0.217735 0.552620 0.096030 0.142854 0.250000 0.000000 4.351052 0.091070 0.288262
0.126220 0.259132 0.213857 0.597215 0.078920 0.138937 0.250000 0.000000 4.253099 0.087974 0.288262
0.131092 0.216802 0.151774 0.542135 0.022274 0.081538 0.250000 0.125000 2.699802 0.038878 0.288291
0.137163 0.268974 0.217836 0.644945 0.056506 0.158424 0.000000 0.375000 4.598954 0.098906 0.288327
0.123766 0.348495 0.285771 0.719020 0.055316 0.236766 0.000000 0.375000 5.344699 0.122477 0.288373
0.118047 0.367443 0.315355 0.720033 0.049621 0.255780 0.500000 0.375000 5.537421 0.128568 0.195936
0.159004 0.458179 0.412464 0.759885 0.039258 0.227414 0.000000 0.000000 5.374485 0.123418 0.103498
0.175116 0.553683 0.529551 0.815356 0.056477 0.194933 0.500000 0.375000 6.082736 0.145804 0.103498
0.190286 0.624964 0.592108 0.851938 0.230134 0.191871 0.250000 0.375000 9.658011 0.258809 0.011060
0.191638 0.666145 0.641255 0.881495 0.622578 0.281166 0.125000 0.250000 15.902704 0.456188 -0.035158
0.211398 0.721371 0.685921 0.910902 0.890039 0.517394 0.250000 0.375000 20.375017 0.597546 -0.035529
0.257690 0.867435 0.837039 0.956118 0.893752 0.814821 0.250000 0.250000 23.558443 0.698166 -0.035898
0.235063 0.854307 0.805896 0.951979 0.802567 0.841250 0.250000 1.000000 23.352594 0.691660 0.004589
0.228313 0.892792 0.826596 0.969739 0.704459 0.820191 0.250000 0.375000 24.260837 0.720367 -0.035816
0.246022 0.869995 0.814333 0.984262 0.650398 0.745122 0.250000 0.250000 23.366325 0.692094 -0.035816
0.269601 0.864886 0.892641 0.988328 0.684869 0.670787 0.250000 0.000000 21.705016 0.639584 0.004589
0.250108 0.841810 0.859810 0.980050 0.737673 0.656974 0.000000 0.000000 21.804624 0.642732 0.045031
0.249462 0.840471 0.853959 0.985628 0.783309 0.756723 0.125000 0.875000 23.776233 0.705050 0.004293
0.253155 0.835793 0.834702 1.000720 0.732763 0.833865 0.375000 0.375000 22.858542 0.676044 0.004563
0.254840 0.764145 0.753632 0.962102 0.870764 0.784771 0.375000 0.375000 21.679628 0.638781 0.045004
0.245451 0.724350 0.729079 0.887460 1.260017 0.813422 0.375000 0.500000 26.244616 0.783069 0.045004
0.207233 0.672062 0.625814 0.847699 1.109510 0.675432 0.250000 0.250000 24.027479 0.712991 0.045328
0.208542 0.630902 0.591023 0.822752 1.041884 0.734474 0.125000 0.250000 24.159841 0.717175 0.045328
0.225974 0.578511 0.532331 0.800378 0.719731 0.483355 0.000000 0.125000 17.819645 0.516777 0.126211
0.229792 0.547158 0.501320 0.736419 0.411373 0.463489 1.000000 0.875000 13.141275 0.368906 0.144188
0.229975 0.560221 0.464523 0.751232 0.224561 0.366863 1.000000 0.875000 9.395576 0.250514 0.158569
0.234026 0.493106 0.386455 0.714099 0.149797 0.185047 0.500000 0.250000 5.908916 0.140310 0.190922
0.241979 0.441984 0.347559 0.674512 0.124297 0.192872 0.500000 0.375000 5.601341 0.130588 0.223513
0.237509 0.411938 0.334583 0.633212 0.122131 0.216562 0.500000 0.250000 5.924865 0.140814 0.288003
0.255706 0.412347 0.335902 0.644356 0.116403 0.190463 0.625000 0.250000 5.727339 0.134571 0.288003
0.275491 0.360009 0.300516 0.640275 0.161182 0.231120 0.000000 0.250000 6.602806 0.162242 0.288003
0.278331 0.350373 0.291317 0.639524 0.162789 0.326920 0.000000 0.250000 7.636730 0.194922 0.288003
0.280628 0.356254 0.290923 0.636357 0.151940 0.321683 0.250000 0.375000 7.336079 0.185419 0.288003
0.300030 0.330686 0.263905 0.638784 0.134966 0.232870 0.250000 0.625000 6.188670 0.149152 0.288003
0.301186 0.344710 0.285014 0.641194 0.164772 0.249112 0.250000 0.375000 6.787709 0.168086 0.287744
0.302303 0.288142 0.227704 0.608928 0.095376 0.210176 0.125000 0.125000 5.257687 0.119726 0.287744
0.293281 0.232461 0.163797 0.515212 0.027740 0.110165 0.250000 0.250000 2.942700 0.046556 0.287744
0.322205 0.279749 0.206558 0.588350 0.029157 0.152930 0.750000 0.250000 3.488842 0.063818 0.287744
0.295822 0.230492 0.160066 0.494420 0.035388 0.098563 0.750000 0.125000 3.184855 0.054210 0.287744
0.334664 0.166857 0.127859 0.412250 0.038596 0.089631 0.500000 0.375000 2.904001 0.045332 0.287744
0.314312 0.220496 0.173074 0.515468 0.043721 0.124836 0.750000 0.500000 3.387692 0.060621 0.287744
0.339101 0.169245 0.138104 0.429572 0.044268 0.111131 0.750000 0.125000 3.066932 0.050482 0.287744
0.348983 0.158150 0.125491 0.422544 0.060543 0.102175 0.750000 0.500000 3.117873 0.052092 0.287744
0.353921 0.142563 0.118550 0.374774 0.081106 0.078001 0.500000 0.500000 3.232394 0.055712 0.287744
0.359828 0.141177 0.115980 0.377134 0.072866 0.072448 0.250000 0.500000 3.418188 0.061585 0.288003
0.364811 0.138566 0.110375 0.375920 0.036458 0.099415 0.250000 0.625000 3.461842 0.062964 0.288003
0.389277 0.115459 0.084398 0.332312 0.024084 0.080623 0.125000 0.625000 2.894687 0.045038 0.288003
0.390285 0.111533 0.081053 0.323836 0.034703 0.069341 0.125000 0.500000 2.583289 0.035196 0.287744
0.383978 0.137386 0.106022 0.389626 0.074596 0.050789 0.250000 0.250000 2.654238 0.037438 0.287716
0.393940 0.151120 0.117180 0.392632 0.045639 0.048281 0.750000 0.375000 2.247787 0.024591 0.287716
0.385398 0.136407 0.107515 0.373590 0.035926 0.053376 0.125000 0.375000 2.305165 0.026405 0.287680
0.383641 0.120786 0.098379 0.325096 0.026040 0.068377 0.625000 0.250000 2.478221 0.031875 0.287680
0.382173 0.122566 0.099256 0.339633 0.025261 0.086491 0.625000 0.125000 2.716160 0.039395 0.287680
0.386069 0.133380 0.108744 0.351347 0.050610 0.092536 0.625000 0.000000 3.188406 0.054322 0.287680
0.395958 0.138794 0.110334 0.365504 0.086958 0.075191 0.000000 0.875000 3.528212 0.065062 0.287356
0.392735 0.153032 0.117199 0.390971 0.093166 0.056976 0.375000 0.500000 3.503848 0.064292 0.287356
0.391782 0.162812 0.124135 0.418283 0.069571 0.058237 0.500000 0.125000 3.234700 0.055785 0.287356
0.395051 0.156306 0.119313 0.381906 0.043966 0.062211 0.500000 0.125000 2.814406 0.042501 0.287680
0.399276 0.148272 0.110780 0.355237 0.036453 0.057439 0.250000 0.000000 2.536286 0.033710 0.287716
0.401579 0.156526 0.111330 0.360969 0.038350 0.066084 0.125000 0.125000 2.689141 0.038541 0.323664
0.420651 0.189532 0.141060 0.415952 0.016302 0.112852 0.000000 0.125000 3.086421 0.051098 0.320098
0.432438 0.193911 0.147490 0.418283 0.025424 0.113663 0.000000 0.125000 3.120834 0.052186 0.320098
0.441412 0.198742 0.144625 0.417498 0.050132 0.098162 0.000000 0.375000 3.068024 0.050517 0.320098
0.437298 0.185702 0.142445 0.390018 0.077464 0.078954 0.875000 0.375000 3.139324 0.052770 0.320098
0.440168 0.185753 0.155849 0.402793 0.096059 0.076665 1.125000 1.000000 3.461626 0.062958 0.320356
0.458970 0.175181 0.141201 0.365859 0.081028 0.088742 0.500000 0.000000 3.564315 0.066203 0.320356
0.486538 0.221366 0.177245 0.442025 0.087290 0.091473 0.000000 0.125000 3.983985 0.079468 0.320356
0.470693 0.183083 0.145958 0.370299 0.087948 0.080065 0.125000 0.125000 3.837963 0.074853 0.320356
0.493030 0.221848 0.176612 0.452412 0.092730 0.118781 0.250000 0.000000 4.200954 0.086326 0.320356
0.540293 0.159055 0.117385 0.414344 -0.002692 0.119031 0.250000 0.375000 2.779464 0.041396 0.288262
0.538822 0.150598 0.110687 0.371355 0.007453 0.102647 0.750000 0.500000 2.933316 0.046259 0.288262
0.546527 0.142067 0.100581 0.338473 0.024165 0.078824 0.500000 0.625000 2.864667 0.044089 0.288262
0.550395 0.146027 0.103866 0.347322 0.028368 0.075460 0.625000 0.375000 2.607656 0.035966 0.288262
0.547354 0.139547 0.092168 0.317094 0.032327 0.071165 0.750000 0.125000 2.397807 0.029333 0.288262
0.557007 0.128490 0.089842 0.292737 0.046244 0.059895 0.000000 1.000000 2.440830 0.030693 0.288003
0.560333 0.120900 0.086499 0.265445 0.051964 0.051002 0.625000 0.500000 2.558499 0.034412 0.288003
0.566357 0.120763 0.082764 0.267234 0.037882 0.052302 0.250000 0.625000 2.582693 0.035177 0.288262
0.576484 0.120308 0.080226 0.258265 0.021502 0.053899 1.000000 0.750000 2.494177 0.032379 0.288291
0.600630 0.080933 0.041788 0.189026 0.005696 0.024722 0.375000 0.125000 1.590134 0.003805 0.288291
0.611805 0.084601 0.043747 0.214228 0.014998 0.023581 0.500000 0.000000 1.701365 0.007320 0.288291
0.577678 0.128357 0.085897 0.295657 0.015126 0.049471 0.250000 0.250000 2.169630 0.022121 0.288291
0.571750 0.113232 0.078332 0.269072 0.026230 0.069244 0.750000 0.000000 2.300731 0.026265 0.288291
0.572712 0.107322 0.076883 0.261596 0.033885 0.068797 0.000000 0.500000 2.221801 0.023770 0.288327
0.558772 0.132812 0.099683 0.339023 0.030592 0.062411 0.000000 0.500000 2.205393 0.023251 0.288373
0.515088 0.135637 0.141627 0.346804 0.023264 0.066381 0.625000 0.000000 2.692560 0.038649 0.288373
0.455918 0.131590 0.203287 0.352527 0.031703 0.078507 0.500000 0.125000 4.111606 0.083502 0.288744
0.446386 0.143576 0.194970 0.369972 0.043718 0.069066 0.375000 0.750000 3.648728 0.068871 0.288004
0.421224 0.113921 0.170591 0.290326 0.066663 0.032298 0.250000 0.375000 2.946730 0.046683 0.328445
0.443031 0.113059 0.182093 0.314634 0.091394 0.030787 0.375000 0.375000 3.411924 0.061387 0.328445
0.425732 0.317837 0.343252 0.532912 0.159118 0.179505 0.500000 0.125000 6.654550 0.163878 0.409328
0.517268 0.092859 0.202227 0.250467 0.066833 0.010857 0.000000 0.125000 6.643311 0.163522 0.409652
0.563465 0.079565 0.245816 0.204805 0.066994 0.008597 0.000000 0.125000 8.851751 0.233325 0.490535
0.645479 0.058333 0.311014 0.182233 0.075320 0.038161 0.750000 0.000000 6.849630 0.170044 0.539927
0.729543 0.035521 0.254157 0.076871 0.046443 0.027914 0.250000 0.750000 4.676213 0.101348 0.514735
0.781164 0.023909 0.216413 0.047105 0.036118 0.030538 0.125000 0.875000 5.184106 0.117401 0.514735
0.869603 -0.004563 0.115961 -0.025650 0.018073 0.007155 0.875000 1.000000 4.358206 0.091296 0.514476
0.930779 -0.006421 0.066425 -0.057426 0.015201 -0.002086 1.000000 0.375000 3.127905 0.052409 0.514994
0.957706 -0.002258 0.055382 -0.037144 0.009888 -0.006610 0.875000 0.750000 2.535888 0.033697 0.514994
1.005355 0.003339 0.007329 -0.036991 0.003794 -0.010853 0.125000 0.750000 2.033824 0.017828 0.514994
0.997852 0.002202 0.006063 -0.036359 0.013722 -0.011668 0.250000 0.250000 2.020313 0.017401 0.450287
1.002072 -0.005518 -0.000929 -0.050166 0.022407 -0.012923 0.250000 0.000000 1.883130 0.013065 0.514735
0.988619 -0.007561 0.003339 -0.061357 0.014680 -0.010225 0.375000 0.000000 1.763488 0.009284 0.385322
0.986890 -0.006399 0.006483 -0.058045 0.002918 -0.002727 0.500000 0.000000 1.654736 0.005846 0.320616
0.984354 -0.009329 0.005408 -0.064160 0.004291 0.008976 0.500000 0.625000 1.648111 0.005637 0.320616
0.994914 -0.009517 0.011939 -0.066140 0.010658 0.020119 0.500000 0.625000 1.784819 0.009958 0.320616
1.009891 -0.006271 0.012466 -0.053354 0.009136 0.020428 0.000000 0.500000 1.826205 0.011266 0.450028
1.068377 0.014571 0.057878 0.018553 -0.000904 0.018525 0.375000 0.375000 2.155394 0.021671 0.514476
1.058790 0.015607 0.069678 0.027504 0.008038 -0.000481 0.250000 0.250000 2.682407 0.038328 0.579182
1.109390 0.003783 0.083728 0.006183 0.018866 -0.002417 0.250000 0.500000 3.370808 0.060087 0.643888
1.153615 -0.002696 0.040973 -0.013947 0.018056 -0.000268 0.000000 0.500000 2.738620 0.040105 0.643888
1.122925 -0.012086 0.025005 -0.029568 0.014101 0.000927 0.500000 0.500000 2.530372 0.033523 0.740948
1.126281 -0.009610 0.020672 -0.025721 0.004704 0.004145 0.500000 0.250000 2.595766 0.035590 0.870360
1.111708 -0.011973 0.020903 -0.023385 -0.002463 0.001497 0.250000 0.250000 3.130679 0.052497 0.935067
1.127180 -0.011185 0.017598 -0.025721 -0.001684 -0.006114 0.375000 0.375000 3.020614 0.049018 0.999773
1.115099 -0.001492 0.018663 -0.002022 0.005237 -0.009572 0.250000 0.500000 2.278501 0.025562 1.064782
1.114878 0.001461 0.015238 0.009159 0.007137 -0.006050 0.375000 0.375000 1.650517 0.005713 1.000076
1.109595 0.001254 0.008552 0.002093 0.006365 0.003942 0.500000 0.125000 1.466148 -0.000114 0.967722
1.161089 -0.028368 -0.036426 -0.105841 -0.006840 -0.007634 0.625000 0.500000 1.018073 -0.014277 0.967722
1.114563 -0.050055 -0.072054 -0.170999 -0.013451 -0.012443 0.250000 0.125000 0.766573 -0.022226 0.903016
1.118627 0.004181 -0.000189 0.006867 0.023830 0.003540 0.125000 0.250000 1.873340 0.012756 0.971351
0.822684 0.019594 0.190889 -0.007836 0.048186 0.003037 0.500000 0.125000 5.960184 0.141931 0.413132
0.732781 0.024205 0.267546 0.013047 0.061199 -0.000462 0.750000 1.000000 8.271343 0.214980 0.432083
0.712900 0.038175 0.253876 0.062934 0.062684 0.002353 0.125000 0.000000 7.943799 0.204627 0.360187
0.656139 0.052554 0.242949 0.092886 0.078486 0.015295 0.125000 0.125000 8.261134 0.214658 0.288291
0.598207 0.083188 0.276931 0.173215 0.134213 0.022700 0.375000 0.125000 10.594268 0.288402 0.288291
0.601508 0.058224 0.185296 0.158458 0.019644 -0.011906 0.375000 0.250000 7.465139 0.189498 0.288291
0.616107 0.057372 0.174869 0.161212 0.029535 -0.003754 0.250000 0.125000 6.516370 0.159510 0.288291
0.611804 0.055924 0.178569 0.165024 0.076207 0.010765 0.000000 1.000000 4.395348 0.092470 0.288291
0.647759 0.022783 0.098482 0.066812 0.058044 0.000031 0.000000 0.500000 2.938216 0.046414 0.288262
0.697608 0.007209 0.057380 0.035650 0.054190 0.005324 0.000000 0.000000 2.252185 0.024730 0.288003
0.744079 -0.005218 0.012649 -0.006781 0.029198 0.006468 0.000000 0.625000 1.762449 0.009251 0.288003
0.823286 0.023214 0.007316 0.041811 0.018142 0.012415 0.875000 0.375000 1.558192 0.002795 0.288003
0.840430 0.023251 0.008535 0.044153 0.020953 0.014925 0.125000 0.375000 1.643343 0.005486 0.352710
0.849005 0.021999 0.005408 0.052478 0.021289 0.015306 0.250000 0.375000 1.645724 0.005562 0.352710
0.897951 -0.002953 -0.033418 -0.005686 -0.003445 0.013409 1.125000 0.375000 1.184728 -0.009009 0.352710
0.903861 -0.003005 -0.034261 -0.010127 -0.001341 0.011734 0.625000 0.375000 1.215799 -0.008027 0.417416
0.904829 0.004631 -0.029853 0.032405 -0.000096 0.008130 0.625000 0.375000 1.152368 -0.010032 0.417416
0.912154 0.003472 -0.028418 0.024200 0.000164 0.004028 0.375000 0.375000 1.088122 -0.012063 0.482122
0.914456 0.005564 -0.029887 0.033100 0.003671 -0.000010 1.000000 0.375000 1.104541 -0.011544 0.482122
0.917220 -0.001201 -0.036808 -0.006586 0.008332 -0.001032 1.000000 0.375000 1.146686 -0.010212 0.482122
0.917669 -0.004613 -0.038606 -0.001109 0.006109 0.000423 0.750000 0.250000 1.106558 -0.011480 0.482122
0.915828 -0.000239 -0.035762 0.013392 0.002217 -0.001994 0.625000 0.375000 1.059327 -0.012973 0.482122
0.912320 -0.001151 -0.033616 0.007201 0.002726 -0.007298 0.750000 0.625000 1.122235 -0.010985 0.417416
0.911905 -0.000059 -0.035270 0.011071 0.001155 -0.007215 1.000000 0.625000 1.159015 -0.009822 0.417416
0.910524 0.000176 -0.035908 0.015685 -0.004706 -0.005794 0.625000 0.125000 0.997915 -0.014914 0.417416
0.905087 0.000616 -0.034648 0.018269 -0.003456 -0.008127 0.125000 0.000000 0.852528 -0.019509 0.352710
0.903714 -0.001262 -0.030052 0.008159 0.005991 -0.007559 0.625000 0.625000 0.953836 -0.016307 0.417416
0.854767 0.027778 0.006226 0.112607 0.022114 0.010246 0.000000 0.500000 1.518973 0.001555 0.352710
0.894433 -0.003669 -0.032670 -0.009107 0.002539 0.007934 0.625000 0.375000 1.124800 -0.010903 0.417416
0.894236 -0.000419 -0.027277 0.015929 0.000186 0.003123 0.625000 0.125000 1.037609 -0.013659 0.482122
0.901324 -0.006642 -0.027821 -0.008242 -0.000892 -0.002085 0.000000 0.625000 1.038348 -0.013636 0.547131
0.890237 -0.002755 -0.026242 0.000680 -0.000055 0.006897 0.000000 0.000000 1.220533 -0.007878 0.579484
0.888117 -0.005138 -0.023008 0.005159 0.000486 0.016306 0.625000 0.125000 1.354938 -0.003629 0.579484
0.883840 -0.007403 -0.023773 -0.011862 -0.004018 0.016078 1.000000 0.125000 1.260950 -0.006600 0.644191
0.856975 0.009575 0.002957 0.015476 0.000444 0.031698 0.250000 0.000000 1.607511 0.004354 0.708897
0.851819 0.012186 0.007613 0.032355 0.007730 0.026120 0.375000 0.750000 1.600060 0.004118 0.773603
0.845391 0.009229 0.000362 0.017263 0.016373 0.018258 0.125000 0.750000 1.678951 0.006612 0.709156
0.847171 0.013742 0.004326 0.024559 0.023203 0.014228 0.125000 0.625000 1.777525 0.009727 0.741509
0.843790 0.018378 0.008209 0.045472 0.025350 0.008419 0.000000 0.250000 1.754856 0.009011 0.676803
0.841607 0.023303 0.008947 0.059446 0.017811 0.003222 0.000000 0.250000 1.503789 0.001075 0.676803
0.833378 0.026766 0.003457 0.082662 0.013267 0.007720 0.000000 0.125000 1.398948 -0.002238 0.676501
0.842413 0.033283 0.004367 0.101993 0.018498 0.013048 0.125000 0.125000 1.483195 0.000424 0.708854
0.849131 0.026594 -0.006335 0.077228 0.021456 0.013530 0.250000 0.000000 1.557422 0.002771 0.773560
0.853884 0.032295 -0.000246 0.111899 0.014140 0.013640 0.125000 1.125000 1.603562 0.004229 0.773560
0.856424 0.028909 -0.000039 0.110726 0.002376 0.012045 0.000000 1.125000 1.596199 0.003996 0.773560
0.898614 -0.013317 -0.038966 -0.037923 -0.013510 -0.008090 0.375000 0.000000 0.939290 -0.016767 0.773560
0.906488 -0.006783 -0.037348 -0.002928 -0.014876 -0.007446 0.125000 0.500000 1.000817 -0.014822 0.838310
0.874525 0.037210 0.000822 0.121555 -0.013768 0.003241 0.000000 0.750000 1.108358 -0.011423 0.870663
0.878235 0.036003 -0.003006 0.111137 -0.003215 -0.001546 1.375000 1.125000 1.271465 -0.006268 0.935369
0.879423 0.035709 -0.006394 0.117336 0.001695 0.002677 0.000000 0.500000 1.495761 0.000822 0.935369
0.880838 0.035256 -0.000953 0.100038 -0.004981 0.016561 1.125000 0.500000 1.567420 0.003087 0.935369
0.880895 0.029142 -0.004886 0.078218 -0.012878 0.027575 0.500000 0.375000 1.545431 0.002392 0.935369
0.909153 0.061347 0.037836 0.183147 -0.010310 0.037728 0.125000 0.375000 1.693567 0.007074 0.935403
0.909983 0.065854 0.034110 0.197732 -0.000574 0.029233 1.375000 0.375000 1.791654 0.010174 0.863507
0.907494 0.069520 0.036945 0.187575 0.015026 0.022268 0.125000 0.250000 1.851887 0.012078 0.863507
0.904147 0.073581 0.044511 0.216040 0.028129 0.030316 0.250000 0.000000 1.896415 0.013485 0.791611
0.909571 0.064170 0.042675 0.180264 0.037868 0.036133 0.375000 0.000000 1.963940 0.015620 0.719667
0.917744 0.061019 0.040062 0.195454 0.032916 0.028172 1.250000 0.000000 1.993764 0.016562 0.719667
0.867290 0.021753 0.000118 0.091453 0.003697 -0.005245 0.250000 0.375000 1.291224 -0.005643 0.719667
0.871443 0.022008 0.001534 0.084674 0.003819 -0.006502 0.000000 0.500000 1.274246 -0.006180 0.719667
0.864011 0.022192 0.004128 0.103850 0.021009 -0.001471 0.000000 0.375000 1.436026 -0.001066 0.647771
0.869180 0.023327 0.010501 0.097480 0.043510 0.005853 1.250000 0.000000 1.801164 0.010475 0.611823
0.904372 0.002324 -0.027165 0.040929 0.027174 0.003770 1.375000 0.375000 1.423772 -0.001454 0.579700
0.910584 -0.002765 -0.024703 0.016458 0.013693 0.003251 0.375000 0.750000 1.279347 -0.006019 0.579700
0.870234 0.023472 0.019790 0.066400 0.009316 0.009015 0.875000 0.500000 1.714934 0.007749 0.514994
0.871711 0.029345 0.020838 0.081889 0.010026 0.019913 0.125000 0.250000 1.700314 0.007287 0.514994
0.864262 0.021188 0.016630 0.049381 0.013702 0.030690 0.125000 0.125000 1.712294 0.007666 0.579441
0.865249 0.017710 0.014432 0.009159 0.012757 0.033242 0.625000 0.000000 1.845745 0.011884 0.579743
0.872196 0.018643 0.015387 0.011219 0.014857 0.029013 0.500000 0.000000 1.893583 0.013396 0.579743
0.871288 0.017637 0.013899 0.008467 0.024506 0.020497 0.500000 0.000000 1.891814 0.013340 0.579743
0.874216 0.016019 0.010580 -0.003793 0.028017 0.011703 0.250000 0.375000 1.921666 0.014283 0.579743
0.874416 0.020450 0.010163 0.014026 0.029103 0.005575 0.250000 0.500000 1.830223 0.011393 0.612097
0.884871 0.019024 0.007021 0.018416 0.032480 0.001366 0.125000 0.625000 1.751038 0.008890 0.676544
0.877542 0.021146 0.009828 0.034411 0.024202 0.000974 0.125000 0.750000 2.038802 0.017986 0.676544
0.874531 0.022810 0.008080 0.045074 0.007051 0.006983 0.375000 0.625000 2.182937 0.022542 0.676544
0.924084 0.047413 0.038567 0.100071 0.014957 0.038334 0.250000 0.125000 2.398193 0.029345 0.676544
0.972795 0.031549 0.012699 0.072074 0.003463 0.025165 0.000000 0.125000 1.632404 0.005141 0.611837
0.936785 0.056666 0.049623 0.149830 0.000264 0.031987 1.125000 0.000000 1.874800 0.012802 0.514238
0.970148 0.041195 0.021338 0.104965 0.000897 0.015664 0.375000 0.750000 1.484070 0.000452 0.384826
0.974394 0.038106 0.023040 0.084748 0.003370 0.016319 0.125000 0.000000 1.613221 0.004534 0.384826
0.990489 0.024316 0.015789 0.055667 0.007012 0.015980 0.000000 0.125000 1.912829 0.014004 0.384826
0.989888 0.018878 0.013192 0.046122 0.006145 0.010627 0.375000 0.125000 1.955533 0.015354 0.384524
0.985132 0.024132 0.015557 0.071732 0.002802 0.007212 0.625000 0.250000 1.869240 0.012626 0.384524
0.989873 0.025275 0.013504 0.067257 0.007315 0.006598 0.625000 0.250000 1.752517 0.008937 0.449230
0.983433 0.029769 0.009185 0.076645 0.017848 0.002583 0.625000 0.250000 1.704979 0.007434 0.513936
0.966442 0.032225 0.007497 0.074776 0.018076 -0.000804 0.625000 0.000000 1.706174 0.007472 0.578643
0.956295 0.027634 0.000711 0.042997 0.005795 0.004947 0.625000 1.000000 1.685154 0.006808 0.578643
0.960799 0.024302 0.002124 0.035687 -0.006919 0.011401 0.750000 1.125000 1.480616 0.000343 0.675939
0.955676 0.021297 -0.003030 0.044153 -0.015409 0.016254 0.000000 0.000000 1.282241 -0.005927 0.805352
0.960725 0.023808 0.000530 0.048345 -0.014426 0.022990 0.000000 0.125000 1.271825 -0.006256 0.805352
0.944788 0.031725 0.000287 0.072869 -0.005928 0.024414 0.500000 0.125000 1.303968 -0.005240 0.805611
0.917284 0.062080 0.030597 0.162764 -0.000923 0.040524 0.125000 0.125000 1.680109 0.006648 0.805913
0.908675 -0.013686 -0.035204 -0.058639 0.007795 0.010176 0.750000 0.000000 1.166727 -0.009578 0.773560
0.875699 0.013665 0.004927 0.023279 0.005294 0.031102 0.250000 0.625000 1.545355 0.002389 0.773560
0.871256 0.015572 0.012209 0.038281 0.004506 0.023503 0.000000 0.250000 1.552780 0.002624 0.708854
0.873592 0.016201 0.010460 0.042708 0.010778 0.007564 0.375000 0.125000 1.529931 0.001902 0.708854
0.833953 0.048360 0.048385 0.155312 0.026315 0.019054 0.375000 0.500000 2.002455 0.016837 0.709113
0.822437 0.045660 0.052326 0.149155 0.037947 0.014034 0.500000 0.750000 2.024183 0.017524 0.709113
0.807376 0.041110 0.051108 0.135764 0.040600 0.002307 0.625000 0.750000 2.278128 0.025550 0.709113
0.787836 0.047329 0.052015 0.142410 0.040442 -0.003372 0.625000 0.750000 2.439173 0.030640 0.709113
0.792284 0.047490 0.053659 0.142269 0.035313 0.006428 0.750000 0.750000 2.208862 0.023361 0.773560
0.793482 0.045335 0.049360 0.125135 0.029538 0.020891 0.250000 0.000000 2.091770 0.019660 0.708854
0.793811 0.062225 0.057457 0.180065 0.051477 0.025088 0.125000 0.000000 2.397558 0.029325 0.741207
0.803497 0.056847 0.056288 0.145994 0.076175 0.024176 0.125000 0.750000 2.577516 0.035013 0.741207
0.856067 0.015760 0.004241 0.017280 0.043671 -0.006436 0.000000 0.250000 1.589851 0.003796 0.741466
0.856426 0.013269 0.003380 0.004368 0.031106 0.002310 0.000000 0.250000 1.496263 0.000838 0.741466
0.883670 0.005684 -0.009310 -0.026337 0.015406 0.015835 0.000000 0.625000 1.584185 0.003616 0.805913
0.887244 0.011676 -0.012205 -0.000227 0.002879 0.022478 0.125000 0.000000 1.384095 -0.002708 0.741207
0.930176 0.000408 -0.037416 -0.007594 -0.000390 0.008053 0.000000 0.500000 1.101897 -0.011627 0.676501
0.937204 -0.001125 -0.039818 -0.014672 -0.006972 0.012586 0.000000 0.500000 1.099041 -0.011718 0.676501
0.968344 0.010598 -0.015898 0.033304 -0.012589 0.018774 0.250000 0.250000 1.324760 -0.004583 0.611794
0.969378 0.015342 -0.014228 0.039322 -0.007091 0.010110 0.750000 0.125000 1.310161 -0.005045 0.612053
0.965448 0.016804 -0.010509 0.033014 0.001505 0.006369 0.750000 0.125000 1.297792 -0.005436 0.576163
0.951140 0.092861 0.069327 0.205452 0.008850 0.045487 0.500000 0.000000 2.442127 0.030734 0.531300
0.939740 0.147357 0.134837 0.339229 0.022832 0.109747 0.500000 0.000000 3.438591 0.062229 0.565686
0.928246 0.154878 0.146157 0.358257 0.010735 0.094132 0.500000 0.000000 3.064373 0.050401 0.380811
0.872372 0.142364 0.134567 0.329706 0.009864 0.079681 0.500000 0.875000 3.286218 0.057413 0.241816
0.832519 0.159352 0.162855 0.352886 0.017301 0.083700 0.500000 1.000000 3.778589 0.072976 0.242186
0.802612 0.162276 0.167365 0.351724 0.029543 0.085737 0.625000 0.500000 4.104596 0.083280 0.242186
0.790665 0.153923 0.168177 0.360780 0.044327 0.088784 0.125000 0.500000 4.490133 0.095466 0.149748
0.772547 0.199024 0.201920 0.437891 0.085835 0.082581 0.125000 0.250000 4.850939 0.106870 0.126706
0.756458 0.243844 0.254411 0.495714 0.081591 0.097208 0.625000 1.000000 4.688600 0.101739 0.126274
0.777801 0.243723 0.274646 0.486983 0.036576 0.083485 0.250000 1.125000 3.599455 0.067314 0.149378
0.783349 0.251384 0.287264 0.504856 0.064071 0.076529 0.750000 0.250000 4.139442 0.084382 0.328472
0.840519 0.225092 0.241026 0.455813 0.111474 0.064279 0.750000 0.250000 4.885149 0.107951 0.395872
0.862665 0.245532 0.268653 0.474342 0.170394 0.081465 0.000000 0.250000 5.996401 0.143075 0.490238
0.887235 0.296951 0.326703 0.521449 0.213645 0.108042 0.125000 0.250000 7.280253 0.183654 0.571418
0.948919 0.296582 0.330796 0.547292 0.194644 0.114780 0.125000 0.250000 6.510191 0.159315 0.571094
1.006271 0.261570 0.268570 0.510776 0.116194 0.167354 0.000000 0.125000 6.646590 0.163626 0.611535
1.015091 0.294176 0.293756 0.524582 0.110692 0.228542 0.125000 1.000000 6.862537 0.170452 0.611535
1.018084 0.310403 0.302202 0.514616 0.086619 0.256206 0.000000 1.000000 6.783192 0.167944 0.611535
0.955700 0.270899 0.323398 0.506517 0.059439 0.193026 0.375000 1.000000 6.306151 0.152866 0.518789
0.931685 0.216313 0.273363 0.441363 0.063066 0.129272 0.250000 0.875000 5.207504 0.118140 0.518789
0.945870 0.185022 0.264739 0.389436 0.064455 0.137449 0.250000 0.750000 5.822179 0.137569 0.333914
0.940927 0.175183 0.274413 0.376669 0.074090 0.175688 0.125000 0.000000 6.413138 0.156247 0.287695
0.952212 0.182448 0.282683 0.387962 0.117250 0.150257 1.000000 0.000000 6.404062 0.155960 0.287734
1.000716 0.164617 0.257500 0.340336 0.184239 0.068310 0.750000 0.500000 6.890791 0.171345 0.246969
1.004119 0.123927 0.185001 0.267349 0.189371 0.065974 0.625000 0.000000 6.864010 0.170498 0.327852
1.006357 0.113597 0.171832 0.239351 0.113301 0.105422 0.250000 0.000000 6.206260 0.149708 0.395320
1.037768 0.110417 0.175391 0.229907 0.086693 0.112876 0.250000 0.000000 5.468424 0.126387 0.408735
1.032470 0.112565 0.173488 0.242109 0.116356 0.110514 0.125000 0.500000 5.261005 0.119831 0.467216
1.087387 0.094556 0.124458 0.226733 0.070820 0.071725 0.875000 0.375000 4.082652 0.082587 0.610912
1.156338 0.121683 0.154375 0.267071 0.056700 0.060806 0.125000 0.375000 3.461260 0.062946 0.610912
1.152138 0.170411 0.207105 0.338898 0.067524 0.044778 0.250000 0.250000 3.687809 0.070107 0.610912
1.136226 0.173631 0.219443 0.349574 0.052165 0.037367 0.250000 0.250000 4.287461 0.089060 0.574964
1.101576 0.165639 0.222906 0.370492 0.086177 0.044188 0.250000 0.000000 6.005144 0.143352 0.646524
1.083303 0.183024 0.232946 0.395916 0.115544 0.054304 0.000000 0.500000 6.725400 0.166117 0.646812
1.038137 0.207673 0.257557 0.423824 0.093420 0.099353 0.000000 0.125000 6.768861 0.167491 0.503020
1.033720 0.209691 0.259353 0.433235 0.114455 0.133076 0.125000 0.000000 6.301905 0.152731 0.449014
0.989156 0.213167 0.251621 0.440423 0.144050 0.166752 0.250000 0.000000 6.624742 0.162935 0.449014
1.033450 0.195554 0.220999 0.397951 0.134210 0.156212 0.375000 0.125000 6.514437 0.159449 0.368131
1.029928 0.199710 0.244258 0.381375 0.089566 0.140555 0.250000 0.125000 6.360328 0.154578 0.287626
0.996317 0.180302 0.219315 0.350434 0.046802 0.148555 0.125000 0.375000 5.635004 0.131652 0.287626
0.978383 0.128074 0.148478 0.256676 0.049670 0.091474 0.750000 0.500000 3.058689 0.050222 0.287626
0.984122 0.128613 0.154721 0.277722 0.078050 0.057727 0.750000 0.500000 3.000875 0.048394 0.287626
0.975737 0.136374 0.154623 0.310749 0.075492 0.045610 0.125000 0.250000 3.380519 0.060394 0.207120
0.967051 0.138817 0.159910 0.338154 0.044468 0.054820 0.125000 0.250000 4.400906 0.092646 0.206797
0.940787 0.137548 0.148439 0.321468 0.022620 0.043488 0.375000 0.125000 4.192133 0.086047 0.287680
0.935416 0.134391 0.153385 0.327646 0.041719 0.036140 0.375000 0.875000 4.426519 0.093455 0.287716
0.965676 0.151746 0.181352 0.382290 0.098464 0.047070 1.125000 0.500000 4.824681 0.106040 0.287716
0.928559 0.176969 0.207628 0.417458 0.120100 0.094800 0.250000 0.375000 4.920123 0.109057 0.215820
0.864897 0.231702 0.240739 0.490680 0.103742 0.158645 0.250000 0.250000 5.664399 0.132582 0.287716
0.815502 0.273235 0.280173 0.572747 0.097093 0.217564 0.125000 0.250000 6.918168 0.172210 0.359276
0.812924 0.274431 0.279498 0.592877 0.109976 0.170552 0.125000 0.875000 6.728170 0.166205 0.287380
0.802527 0.275814 0.275643 0.608500 0.141554 0.108229 0.125000 0.125000 6.158936 0.148213 0.287380
0.782066 0.320742 0.309913 0.645885 0.220280 0.080605 0.250000 0.125000 6.577276 0.161435 0.287380
0.822392 0.352149 0.341053 0.667121 0.319541 0.102013 0.250000 0.250000 8.827329 0.232554 0.287668
0.782956 0.396379 0.373289 0.691091 0.286429 0.184206 0.250000 0.625000 10.035845 0.270752 0.287380
0.788871 0.406536 0.380017 0.701532 0.171400 0.250600 0.000000 0.500000 8.212464 0.213119 0.287380
0.784979 0.403478 0.380247 0.704272 0.109408 0.288808 1.000000 0.375000 7.153633 0.179652 0.287442
0.784432 0.396744 0.362771 0.695489 0.135790 0.296678 0.000000 0.375000 7.587903 0.193379 0.352149
0.802482 0.382850 0.354358 0.653534 0.186538 0.278370 0.375000 0.500000 7.915157 0.203722 0.287442
0.789290 0.376583 0.358859 0.657961 0.216234 0.229915 0.875000 0.625000 7.417638 0.187997 0.223038
0.776253 0.372831 0.364136 0.656560 0.249099 0.227317 0.750000 0.250000 7.449311 0.188998 0.287744
0.772138 0.376069 0.367904 0.654327 0.230628 0.309561 0.000000 0.625000 8.254586 0.214451 0.287744
0.767871 0.381950 0.375336 0.650597 0.144654 0.366432 0.500000 0.750000 8.301881 0.215946 0.287486
0.740111 0.445209 0.431431 0.699644 0.116633 0.400858 0.500000 0.125000 8.856790 0.233485 0.287486
0.775472 0.405331 0.410434 0.708028 0.126510 0.402576 0.500000 0.000000 8.638659 0.226590 0.287744
0.761168 0.401589 0.401376 0.714438 0.155191 0.410221 0.625000 0.000000 9.093741 0.240974 0.287744
0.743094 0.399013 0.403527 0.715636 0.134206 0.407933 0.500000 0.750000 8.692806 0.228302 0.449510
0.760149 0.412111 0.419737 0.756096 0.140111 0.403118 0.375000 0.375000 8.998005 0.237948 0.449510
0.740523 0.404248 0.407827 0.772037 0.181626 0.366986 0.250000 0.250000 9.790416 0.262994 0.449510
0.757765 0.410266 0.413492 0.784489 0.200829 0.381019 0.250000 0.250000 11.038205 0.302434 0.449251
0.772374 0.418301 0.420291 0.802173 0.184770 0.375806 0.375000 0.250000 10.928920 0.298979 0.449251
0.775301 0.426702 0.419777 0.796788 0.169010 0.316303 0.625000 0.125000 9.763502 0.262144 0.449251
0.770322 0.458902 0.430839 0.830792 0.134984 0.322180 0.500000 0.000000 8.943486 0.236225 0.449510
0.759683 0.510429 0.487902 0.854394 0.172759 0.468745 0.500000 0.625000 10.227230 0.276801 0.449510
0.729954 0.496838 0.469398 0.846432 0.279503 0.472480 0.500000 0.000000 11.089542 0.304056 0.514217
0.734930 0.507381 0.480932 0.832474 0.332473 0.449722 0.750000 0.000000 11.594085 0.320004 0.514217
0.723499 0.529841 0.493161 0.805728 0.209878 0.433752 0.250000 0.625000 10.682369 0.291187 0.352192
0.746546 0.592741 0.539767 0.822212 0.281196 0.345409 0.500000 0.000000 11.289923 0.310390 0.352192
0.748085 0.587294 0.527929 0.796676 0.337145 0.375902 0.625000 0.125000 12.793146 0.357903 0.352192
0.746394 0.582114 0.519108 0.794687 0.384648 0.461641 0.500000 0.125000 14.053327 0.397734 0.352451
0.712658 0.649907 0.567638 0.811523 0.390993 0.482238 0.125000 0.375000 13.958601 0.394740 0.352451
0.687205 0.659835 0.588715 0.807860 0.379318 0.424315 0.125000 0.500000 12.760384 0.356867 0.352192
0.688782 0.597172 0.564317 0.773915 0.419869 0.347712 0.125000 0.250000 13.131080 0.368584 0.416898
0.684389 0.606860 0.565615 0.800378 0.507520 0.384566 0.125000 1.250000 15.067019 0.429774 0.416898
0.666667 0.567353 0.529186 0.777855 0.443670 0.488410 0.125000 1.250000 14.769884 0.420382 0.416898
0.699309 0.599572 0.561324 0.804030 0.349288 0.560826 0.250000 0.875000 14.312947 0.405940 0.416639
0.715644 0.569917 0.546268 0.798534 0.360646 0.487501 0.000000 0.750000 14.204141 0.402501 0.416898
0.686784 0.543995 0.517305 0.793222 0.303252 0.405822 0.000000 0.625000 13.555706 0.382005 0.416898
0.669215 0.535127 0.505191 0.809414 0.204138 0.377861 0.875000 0.000000 11.505130 0.317192 0.416898
0.664247 0.519669 0.495285 0.758007 0.139793 0.398382 0.250000 0.125000 10.448973 0.283810 0.416898
0.672583 0.532192 0.498593 0.766723 0.180079 0.406816 1.250000 1.625000 10.086259 0.272345 0.416898
0.740552 0.448182 0.415456 0.721061 0.234608 0.369102 0.625000 0.500000 9.134467 0.242261 0.431508
0.708915 0.455251 0.430549 0.723409 0.222213 0.389865 0.625000 0.000000 9.597548 0.256898 0.368563
0.649779 0.453229 0.472864 0.704854 0.150339 0.476242 0.500000 0.500000 10.522908 0.286146 0.368563
0.600214 0.430582 0.451638 0.673478 0.115757 0.365609 0.500000 0.500000 9.067405 0.240142 0.287680
0.570650 0.521641 0.510710 0.743470 0.201700 0.440028 0.500000 0.375000 10.757721 0.293568 0.288003
0.510850 0.476586 0.480695 0.708620 0.267884 0.429616 0.500000 0.500000 13.114522 0.368061 0.288003
0.455908 0.420918 0.438060 0.662137 0.208061 0.262863 0.500000 0.125000 11.377329 0.313152 0.288003
0.474691 0.485534 0.510440 0.707346 0.385266 0.274707 0.250000 0.000000 13.990583 0.395751 0.368886
0.412648 0.521818 0.540076 0.752294 0.405832 0.292176 0.250000 1.000000 13.219564 0.371381 0.368563
0.354342 0.448862 0.463774 0.700714 0.278447 0.196121 0.250000 0.375000 10.206603 0.276149 0.449446
0.288023 0.504191 0.467771 0.728405 0.338199 0.249559 0.375000 0.500000 11.386265 0.313435 0.431508
0.313839 0.550252 0.485780 0.751232 0.288062 0.275515 0.375000 0.625000 10.275054 0.278312 0.416898
0.368960 0.615994 0.546945 0.785415 0.251659 0.364031 0.250000 0.500000 10.771647 0.294008 0.416898
0.384639 0.663076 0.610956 0.815447 0.302308 0.396204 0.250000 0.125000 12.854858 0.359853 0.416898
0.350090 0.664507 0.587558 0.833090 0.393133 0.447221 0.250000 0.000000 14.669884 0.417222 0.416639
0.414670 0.655265 0.604094 0.813752 0.446648 0.424295 0.000000 0.500000 15.264189 0.436006 0.416639
0.458301 0.770528 0.707128 0.866303 0.226814 0.584609 0.500000 0.500000 15.116385 0.431334 0.416639
0.479485 0.748133 0.705199 0.870317 0.227193 0.515467 0.000000 0.000000 15.225858 0.434795 0.416338
0.463847 0.706848 0.639952 0.870317 0.351331 0.506953 0.000000 0.125000 16.476782 0.474333 0.416596
0.506019 0.737389 0.669127 0.882389 0.475380 0.442582 1.125000 0.500000 19.535193 0.571001 0.351890
0.506677 0.748161 0.677547 0.914472 0.499980 0.504751 0.250000 0.500000 20.072995 0.588000 0.416596
0.499075 0.751648 0.686629 0.928212 0.563223 0.588623 0.250000 0.625000 21.137337 0.621641 0.431172
0.465325 0.725816 0.674604 0.896041 0.610365 0.622960 1.250000 0.375000 22.619424 0.668486 0.359276
0.433336 0.651830 0.587146 0.861570 0.446720 0.567789 1.250000 0.500000 18.116632 0.526164 0.358989
0.446524 0.610966 0.553236 0.835649 0.323488 0.466699 0.000000 0.625000 13.861041 0.391656 0.287380
0.421778 0.560425 0.525323 0.829770 0.335192 0.331607 0.000000 0.375000 12.762132 0.356922 0.251169
0.401323 0.492377 0.465886 0.737904 0.462019 0.264639 0.000000 0.500000 13.587594 0.383013 0.251169
0.420271 0.406255 0.404200 0.658378 0.307659 0.261575 0.000000 0.375000 18.699428 0.544585 0.179608
0.427806 0.410270 0.412340 0.665683 0.211159 0.305940 1.000000 0.250000 13.820914 0.390388 0.179321
0.443133 0.333536 0.342466 0.628721 0.130900 0.206894 0.000000 0.250000 7.369711 0.186482 0.179321
0.495928 0.292324 0.300289 0.586804 0.169766 0.178078 0.125000 0.250000 7.315079 0.184755 0.107425
0.473663 0.270320 0.275607 0.550903 0.143521 0.110623 0.125000 0.375000 6.209605 0.149814 0.125482
0.479646 0.310616 0.293634 0.622067 0.179133 0.146108 0.625000 0.500000 6.598586 0.162109 0.189930
0.490473 0.315567 0.293712 0.647540 0.257180 0.125064 0.000000 0.375000 6.619049 0.162756 0.190189
0.476935 0.323319 0.305427 0.661869 0.297879 0.118676 0.625000 0.375000 7.001764 0.174852 0.254895
0.496496 0.349398 0.319145 0.711223 0.242413 0.152235 1.125000 0.250000 6.603428 0.162262 0.287428
0.533064 0.384764 0.351568 0.803383 0.207482 0.192752 0.375000 0.000000 8.101356 0.209607 0.287140
0.567477 0.310797 0.265409 0.680722 0.190772 0.087096 0.375000 0.875000 5.752988 0.135382 0.287140
0.569569 0.356210 0.320489 0.768912 0.192243 0.094701 0.000000 0.875000 8.133888 0.210636 0.287428
0.586870 0.335539 0.311486 0.728090 0.211203 0.070951 0.000000 0.000000 7.174277 0.180305 0.287356
0.585997 0.294287 0.264783 0.616148 0.103758 0.165109 0.750000 0.250000 5.543916 0.128773 0.287264
0.634415 0.315631 0.308013 0.636251 0.078669 0.231177 0.625000 0.125000 6.240513 0.150791 0.379270
0.624180 0.445335 0.432456 0.743134 0.162197 0.371827 0.500000 1.375000 9.391337 0.250380 0.379640
0.646543 0.439181 0.442014 0.726190 0.206053 0.246841 0.375000 0.625000 7.874483 0.202437 0.379640
0.677210 0.394516 0.363808 0.707076 0.235277 0.145039 0.250000 1.250000 6.304196 0.152804 0.379640
0.652862 0.461918 0.491869 0.713904 0.223923 0.214553 0.000000 0.500000 8.452504 0.220706 0.368185
0.630285 0.553645 0.559654 0.822752 0.288956 0.271184 0.125000 0.000000 16.143764 0.463807 0.287626
0.596010 0.544848 0.598305 0.682408 0.632364 0.335407 0.125000 0.500000 20.067870 0.587838 0.206473
0.330742 0.909806 0.980187 0.882344 0.893400 0.933739 0.125000 0.000000 35.119257 1.063573 0.206473
0.563344 0.904380 0.805535 0.947737 0.263966 0.720140 0.125000 0.375000 18.566856 0.540395 0.143636
0.593797 0.705908 0.643867 0.941250 0.357519 0.459343 0.375000 0.375000 12.635735 0.352927 0.158073
0.537302 0.743211 0.670386 0.952940 0.455453 0.616153 0.875000 0.250000 15.501266 0.443499 0.093668
0.519017 0.759930 0.714014 0.961047 0.548174 0.813330 0.250000 0.250000 21.841007 0.643882 0.093668
0.526776 0.798866 0.751751 0.984441 0.486642 0.727881 0.125000 0.375000 19.633578 0.574111 0.093668
0.518934 0.863658 0.836989 0.993865 0.536713 0.814701 0.875000 0.375000 21.334836 0.627884 0.093410
0.531000 0.880425 0.854278 1.017754 0.607592 0.730814 0.500000 0.375000 21.922663 0.646463 0.093410
0.495583 0.890109 0.850792 1.035133 0.728086 0.749104 0.375000 0.125000 24.431238 0.725753 0.158116
0.461862 0.854471 0.788366 1.025090 0.773834 0.753163 0.500000 0.000000 23.758109 0.704477 0.223038
0.516935 0.858538 0.821271 1.062154 0.831544 0.847708 0.000000 0.000000 23.148280 0.685202 0.223038
0.518680 0.879607 0.834847 1.059217 0.632159 0.933451 0.000000 0.500000 21.238726 0.624846 0.287744
0.563423 0.887379 0.850097 1.031858 0.652527 1.081456 0.625000 0.000000 24.859616 0.739293 0.287716
0.617205 0.913625 0.893437 1.028009 0.774518 1.266286 0.500000 0.250000 29.930132 0.899559 0.287716
0.679507 0.912573 0.905707 0.998071 0.706573 1.240982 0.250000 0.250000 30.181084 0.907491 0.287680
0.713266 0.780326 0.811417 0.932609 0.643322 0.925698 0.375000 0.250000 23.059141 0.682384 0.206527
0.691474 0.712655 0.718074 0.884525 0.461999 0.804303 0.250000 0.000000 20.000930 0.585722 0.206851
0.656888 0.606096 0.625938 0.828533 0.500817 0.614735 0.500000 0.125000 18.251842 0.530438 0.125968
0.635922 0.547198 0.596637 0.731291 0.497039 0.568426 0.500000 0.250000 20.550178 0.603082 0.085526
0.624359 0.498789 0.547369 0.685039 0.404987 0.444090 0.625000 0.250000 18.262119 0.530763 0.056601
0.611268 0.491055 0.569513 0.654487 0.315484 0.426086 0.750000 0.250000 18.048590 0.524014 0.056231
0.526913 0.576840 0.675804 0.746284 0.107088 0.617762 0.625000 0.250000 16.952025 0.489354 -0.036206
0.538005 0.530274 0.617553 0.657729 0.053512 0.660984 0.000000 0.250000 12.469919 0.347686 0.003996
0.450459 0.424515 0.469754 0.667165 0.063353 0.500748 0.500000 0.125000 9.873678 0.265626 0.003996
0.460182 0.503804 0.542236 0.682195 0.125772 0.270529 0.500000 0.000000 8.929725 0.235790 0.035553
0.515037 0.528798 0.580028 0.731854 0.161100 0.238510 0.000000 0.875000 12.272599 0.341450 0.107688
0.562959 0.669959 0.694776 0.686259 0.581854 0.892952 1.125000 0.500000 34.042958 1.029554 0.107688
0.636307 0.546840 0.569006 0.676932 0.811519 0.454738 0.750000 0.500000 25.733000 0.766898 0.179297
0.668060 0.548526 0.568692 0.615047 0.674284 0.490956 0.000000 0.500000 20.365416 0.597243 0.206150
0.665579 0.527059 0.547896 0.666129 0.435278 0.473143 0.625000 0.000000 16.611900 0.478604 0.215245
0.678841 0.307063 0.306150 0.517540 0.119824 0.141762 0.750000 0.125000 8.089701 0.209239 0.143636
0.716971 0.254113 0.232494 0.477067 0.076544 0.123282 0.875000 0.125000 5.384350 0.123730 0.215532
0.713849 0.194556 0.182966 0.397295 0.067514 0.095501 0.750000 0.000000 3.865756 0.075731 0.215820
0.725515 0.164152 0.149777 0.315078 0.061083 0.075244 0.000000 0.000000 3.665535 0.069403 0.215532
0.682591 0.132798 0.119610 0.310625 0.065572 0.027142 0.625000 0.750000 4.303202 0.089558 0.215532
0.700176 0.075220 0.062317 0.198816 0.028626 0.012855 0.625000 0.125000 2.809519 0.042346 0.287428
0.714968 0.071024 0.069238 0.183434 0.006364 0.035308 0.000000 0.125000 2.593507 0.035519 0.323376
0.749256 0.040951 0.045662 0.120567 0.005709 0.033827 0.125000 0.625000 2.279624 0.025598 0.395224
0.731824 0.003908 0.010452 0.028701 -0.000336 0.012930 0.500000 0.500000 1.571507 0.003216 0.449208
0.752940 -0.003865 0.009851 -0.013808 0.005500 0.004374 0.125000 0.500000 1.604962 0.004273 0.578621
0.836937 -0.020835 -0.012428 -0.082356 -0.002428 -0.005261 0.125000 1.000000 1.688191 0.006904 0.682808
0.835262 -0.015506 -0.006278 -0.073781 -0.005675 -0.009363 0.125000 1.000000 1.627054 0.004971 0.754368
0.830081 -0.010199 0.000245 -0.063891 -0.007962 -0.008339 0.250000 0.625000 1.418690 -0.001614 0.718420
0.798527 0.030242 0.038836 0.039544 -0.003470 -0.004089 0.250000 0.125000 1.574810 0.003320 0.826552
0.847392 -0.010122 0.000438 -0.055129 0.002897 -0.008150 0.250000 1.000000 1.206987 -0.008306 0.826552
0.852544 -0.009735 0.001078 -0.059405 0.006732 -0.015563 0.125000 0.250000 1.316405 -0.004847 0.754656
0.880917 0.007508 0.044109 0.000736 0.027840 -0.008094 0.000000 0.125000 2.462672 0.031383 0.862116
0.896847 0.003462 0.046487 -0.012273 0.017861 0.005602 0.625000 0.000000 2.828543 0.042947 0.790556
0.918435 -0.001812 0.059198 -0.019979 0.018295 0.007774 0.500000 0.000000 3.143376 0.052899 0.718660
0.918001 -0.002190 0.059619 -0.013403 0.032701 0.002800 0.375000 0.000000 3.062583 0.050345 0.646764
0.981871 0.015564 0.106335 0.033699 0.064427 0.010190 0.250000 0.875000 3.729174 0.071414 0.675594
1.009646 0.012191 0.091921 0.040119 0.044283 0.011158 0.250000 1.000000 3.056873 0.050164 0.805309
1.043101 0.011635 0.055519 0.038141 0.007531 -0.002487 0.375000 0.125000 2.216117 0.023590 1.064134
1.044841 0.008944 0.049265 0.028258 0.002806 -0.002548 0.375000 0.125000 2.045753 0.018205 1.161194
1.055247 0.041777 0.102101 0.105903 0.000623 0.024781 0.375000 0.250000 2.752327 0.040538 1.160935
1.009744 0.022749 0.087351 0.046457 -0.007711 0.002974 0.375000 0.000000 2.933999 0.046281 1.160935
0.997137 0.027246 0.098274 0.049414 -0.012947 0.001904 0.375000 0.500000 3.776231 0.072901 1.096574
0.952267 0.044199 0.136427 0.082785 -0.007671 0.010746 0.250000 0.625000 4.238528 0.087513 1.225987
0.917073 0.046468 0.141772 0.092228 0.001990 0.022425 0.125000 1.250000 3.816667 0.074179 1.161280
0.859324 0.052942 0.188664 0.119873 0.027737 0.021585 0.125000 1.250000 4.230012 0.087244 1.096574
0.795781 0.052438 0.125806 0.137061 0.068649 0.012728 1.000000 0.625000 3.681406 0.069904 0.999514
0.761552 0.062187 0.134100 0.148482 0.137737 0.025903 0.000000 0.500000 4.297452 0.089376 0.870102
0.784014 0.047806 0.104965 0.112109 0.139150 0.022440 0.125000 0.375000 3.959983 0.078709 0.675702
0.796265 0.051528 0.098920 0.122564 0.139263 0.017811 0.125000 0.375000 4.800662 0.105281 0.546289
0.759756 0.031145 0.076248 0.098638 0.043325 0.004205 0.000000 0.500000 4.623559 0.099683 0.575276
0.759132 0.067861 0.136731 0.137284 0.024343 0.019655 0.375000 0.000000 6.322028 0.153367 0.646836
0.704325 0.094830 0.186055 0.195350 0.005235 0.012311 0.500000 0.000000 4.743616 0.103478 0.610807
0.696101 0.110010 0.190657 0.213617 -0.004106 0.023373 0.500000 0.000000 3.304841 0.058002 0.529924
0.757093 0.086869 0.148173 0.213677 0.014557 0.042855 0.250000 0.625000 3.077983 0.050832 0.691313
0.814081 0.067748 0.091622 0.203198 0.042786 0.042286 0.875000 0.000000 3.811458 0.074015 0.933961
0.787034 0.114523 0.153025 0.309862 0.043612 0.024895 0.750000 0.250000 6.398361 0.155780 1.072460
0.771535 0.132592 0.163173 0.361812 0.042106 0.021502 1.000000 0.000000 5.631920 0.131555 0.980022
0.694350 0.176801 0.227662 0.428251 0.074525 0.045847 0.375000 0.750000 6.353425 0.154360 0.934204
0.675592 0.200127 0.238938 0.486396 0.047113 0.059504 0.750000 0.125000 5.917995 0.140597 0.841397
0.642460 0.178602 0.204080 0.429004 0.032041 0.086346 0.875000 0.875000 4.956321 0.110201 0.772223
0.684891 0.203891 0.222486 0.524284 0.058587 0.123281 0.875000 0.875000 4.942905 0.109777 0.749390
0.702312 0.208332 0.218693 0.538855 0.093070 0.109205 0.250000 0.250000 4.493908 0.095585 0.749390
0.644547 0.282383 0.268687 0.619416 0.102030 0.117526 0.250000 0.250000 5.296316 0.120947 0.718444
0.614033 0.299211 0.267483 0.637040 0.099974 0.146160 0.250000 0.125000 5.328270 0.121957 0.556786
0.530423 0.276049 0.273144 0.619226 0.080379 0.175193 0.750000 0.250000 5.047076 0.113070 0.222305
0.512227 0.294239 0.275186 0.637572 0.061863 0.157023 0.625000 0.375000 5.182738 0.117357 0.232823
0.481743 0.319421 0.305013 0.656602 0.090752 0.162062 0.125000 0.250000 5.769874 0.135915 0.340667
0.523072 0.378589 0.345390 0.705978 0.094368 0.257433 0.500000 0.875000 6.788732 0.168119 0.556355
0.488585 0.407709 0.366074 0.712649 0.133592 0.290639 0.625000 1.000000 7.199248 0.181094 0.556355
0.525665 0.464288 0.421517 0.773000 0.107831 0.361454 0.000000 0.125000 8.050086 0.207987 0.987731
0.558252 0.478065 0.445252 0.777393 0.154736 0.429178 0.125000 0.125000 9.542785 0.255167 1.442396
0.641223 0.468721 0.493343 0.751212 0.240927 0.427488 0.375000 0.125000 10.915818 0.298565 1.257358
0.733512 0.486040 0.517990 0.752273 0.340342 0.336433 0.125000 0.625000 11.152337 0.306041 1.149652
0.762602 0.527437 0.576799 0.780926 0.346243 0.353813 0.125000 0.625000 13.127570 0.368473 1.298097
0.844387 0.543440 0.584082 0.779804 0.244886 0.350868 0.000000 0.875000 15.763930 0.451802 1.298097
0.945620 0.559673 0.618598 0.748342 0.215382 0.526787 0.500000 0.375000 17.483572 0.506155 1.442765
0.984173 0.589864 0.613708 0.775962 0.229698 0.568365 0.000000 0.375000 14.758145 0.420011 1.527382
1.031200 0.637635 0.686152 0.830946 0.266854 0.547768 0.125000 0.750000 14.919663 0.425116 1.516432
1.056093 0.746198 0.769915 0.897639 0.332350 0.475974 0.750000 0.375000 20.858764 0.612836 1.824186
1.034374 0.799502 0.857845 0.907365 0.410785 0.721046 0.750000 0.250000 38.364368 1.166143 1.473496
0.934005 0.799312 0.912926 0.873553 0.700242 0.734552 0.500000 0.500000 36.640742 1.111664 0.125051
0.815401 0.881011 1.064025 0.923609 0.980391 0.640324 0.375000 0.500000 35.978845 1.090743 0.288003
0.604601 1.131388 1.236537 0.990193 1.190471 0.700398 0.500000 0.125000 36.327707 1.101769 1.578679
0.631272 1.173144 1.270822 0.975766 1.429760 0.634933 0.500000 0.125000 40.599865 1.236801 1.578679
0.461303 1.210012 1.270851 0.949801 1.793068 0.768081 1.000000 0.625000 50.378804 1.545888 -0.359060
0.589704 1.070025 1.157687 1.002401 2.309716 0.894627 0.000000 0.000000 50.806286 1.559400 -0.359060
0.390269 1.171990 1.134377 0.977720 0.984878 0.895724 0.000000 0.000000 43.733698 1.335854 -0.359060
0.866219 0.834354 0.871730 0.899055 0.844017 0.267056 0.500000 0.875000 23.205946 0.687024 -0.359060
0.928485 0.786225 0.799860 0.863759 0.451544 0.206498 0.375000 0.000000 23.954187 0.710674 -0.359060
0.959917 0.722004 0.739668 0.837017 0.249059 0.300938 0.250000 0.625000 13.508344 0.380508 0.288003
1.016245 0.715898 0.693394 0.886512 0.392797 0.765747 0.375000 0.625000 17.994710 0.522311 0.395847
0.990068 0.710661 0.707641 0.885968 0.373402 0.724865 0.000000 0.375000 16.119285 0.463033 0.395847
1.023405 0.682444 0.684803 0.876797 0.339142 0.632159 0.875000 0.375000 14.578218 0.414324 0.395847
0.970941 0.711025 0.725428 0.879402 0.305618 0.649926 0.000000 0.500000 14.535768 0.412983 0.395847
0.908645 0.784278 0.766046 0.881240 0.498274 0.824923 0.000000 0.500000 20.864177 0.613007 0.395847
0.888057 0.808978 0.788351 0.890905 0.438564 0.837442 0.125000 0.625000 21.675424 0.638649 0.207120
0.825606 0.829452 0.828576 0.949662 0.505829 0.733198 0.250000 0.625000 23.160696 0.685594 0.093884
0.822172 0.827662 0.831348 0.911054 0.690581 0.615188 0.375000 0.625000 23.794034 0.705612 0.126237
0.771534 0.824129 0.833624 0.901582 0.607419 0.623853 0.125000 0.625000 22.090106 0.651756 0.149347
0.802467 0.882158 0.910241 0.923514 0.677870 0.900192 0.125000 0.375000 24.224084 0.719205 0.056539
0.774802 0.918245 0.934187 0.932538 0.830626 0.950981 0.000000 0.375000 26.138408 0.779712 0.010320
0.774180 0.926313 0.929771 0.928123 0.836560 1.078596 0.000000 0.375000 27.259550 0.815148 0.045031
0.697192 0.959203 0.987962 0.923514 0.901695 1.126120 0.125000 0.500000 29.761007 0.894213 0.071740
0.729953 1.034470 1.032371 0.953216 0.918888 1.164753 0.250000 0.625000 32.295854 0.974333 0.071740
0.694919 1.016324 1.041027 0.950160 1.007441 1.110841 0.500000 0.625000 34.737751 1.051515 0.143636
0.589983 1.004094 1.014569 0.956651 1.043190 0.951175 0.125000 0.500000 33.795559 1.021735 0.215532
0.585533 1.022141 1.028831 0.941681 0.830572 1.028288 0.625000 0.000000 32.929455 0.994359 0.287428
0.542639 1.047449 1.052032 0.955882 0.653901 1.201498 0.500000 0.250000 34.202805 1.034607 0.359324
0.504256 1.079369 1.101435 0.988328 0.649623 1.280869 0.500000 0.250000 38.166437 1.159887 0.359036
0.500955 1.114830 1.123644 0.989662 0.673343 1.016836 0.000000 0.125000 30.610949 0.921077 0.359324
0.481105 1.122617 1.134945 0.987815 0.808474 0.888191 0.125000 0.000000 25.995525 0.775196 0.359324
0.500975 1.223413 1.177387 0.985058 1.013429 1.047424 0.250000 0.000000 29.378240 0.882115 0.359324
0.575634 1.204100 1.151429 0.998116 1.044471 1.324634 0.125000 0.125000 34.262112 1.036481 0.359612
0.578250 1.177460 1.127481 0.994899 1.094438 1.458252 0.000000 0.125000 37.063999 1.125042 0.352451
0.702716 1.138292 1.138735 1.016802 1.319220 1.404360 0.125000 0.125000 39.001647 1.186286 0.352451
0.707162 1.145776 1.166327 1.042420 1.729858 1.437651 0.375000 0.000000 45.973662 1.406653 0.352451
0.741243 1.150830 1.167597 1.073924 1.726191 1.377095 0.625000 0.000000 47.100916 1.442283 0.359612
0.678140 1.048190 1.085091 1.067845 1.434539 0.995691 0.625000 0.375000 41.704106 1.271703 0.251504
0.670440 1.033697 1.104334 1.073924 1.030920 1.014857 0.750000 0.375000 36.034866 1.092513 0.251792
0.623084 1.027178 1.094110 1.064543 0.806660 0.983930 0.375000 0.500000 30.611567 0.921097 0.247265
0.610933 1.000950 1.068361 1.040552 1.176035 0.929505 0.875000 0.500000 33.136365 1.000899 0.241445
0.522359 0.941496 1.013309 1.009133 1.512725 1.004345 0.000000 0.500000 37.726999 1.145997 0.148700
0.518690 0.981555 1.027025 1.041751 1.397974 1.152006 0.000000 0.625000 37.504264 1.138957 0.102481
0.540702 0.980431 0.975807 1.028009 1.011192 1.077484 0.375000 0.375000 31.292923 0.942633 0.102481
0.415572 0.961799 0.966770 0.949094 1.141906 1.180604 0.000000 0.375000 34.167352 1.033486 0.102481
0.342738 1.027135 0.995971 0.962266 1.009763 0.923335 0.750000 0.500000 34.624299 1.047929 0.071560
0.378871 1.038036 1.121168 1.012980 1.145023 0.803083 0.250000 0.500000 43.064299 1.314696 0.071560
0.452704 1.051888 1.043275 0.950160 1.046793 0.918807 0.250000 0.375000 31.456231 0.947795 0.093453
0.427898 0.981996 0.956059 0.872667 1.171341 1.151755 0.375000 0.375000 32.006711 0.965194 0.044815
0.361566 0.804132 0.805349 0.716420 0.809186 1.236987 0.000000 0.375000 28.107821 0.841960 -0.035960
0.284267 0.715246 0.670572 0.620510 0.524574 1.145080 0.750000 0.625000 23.543813 0.697704 0.018034
0.270236 0.582217 0.563779 0.574776 0.579332 0.695468 0.125000 0.250000 18.157640 0.527461 0.126237
0.245240 0.387072 0.390840 0.466337 0.339264 0.355338 0.125000 0.500000 13.294757 0.373757 0.180159
0.256973 0.284636 0.311164 0.388547 0.171609 0.100162 0.125000 0.125000 10.198935 0.275906 0.180159
0.264552 0.250223 0.280867 0.349230 0.154560 0.087935 0.000000 0.000000 9.671163 0.259225 0.126237
0.257572 0.140890 0.170032 0.277742 0.079640 0.087617 0.000000 0.000000 4.915880 0.108923 0.149347
0.231492 0.089726 0.113992 0.227521 0.031875 0.079256 0.125000 0.125000 3.149334 0.053087 0.166679
0.225883 0.058979 0.059437 0.166015 0.022004 0.048895 0.750000 0.125000 2.379627 0.028758 0.180159
0.217727 0.063491 0.055450 0.177947 0.012696 0.033804 0.625000 0.250000 2.244915 0.024500 0.190944
0.219449 0.066844 0.058721 0.207614 0.000202 0.033300 0.500000 0.375000 2.619691 0.036346 0.255650
0.197175 0.090044 0.093780 0.261423 0.002769 0.038632 0.625000 0.375000 3.165244 0.053590 0.190944
0.191871 0.089757 0.099029 0.257370 0.020312 0.046028 0.750000 0.375000 2.892143 0.044958 0.126237
0.183798 0.091157 0.103745 0.259225 0.029297 0.045528 0.000000 0.375000 2.437921 0.030601 0.108263
0.129639 0.099583 0.106493 0.279847 0.032808 0.057042 0.500000 0.375000 2.623740 0.036474 0.108263
0.143786 0.115855 0.124240 0.350955 0.039485 0.087692 0.500000 0.250000 3.005695 0.048547 0.144211
0.130241 0.123366 0.132030 0.373634 0.046038 0.103853 0.250000 0.000000 3.309718 0.058156 0.144211
0.148178 0.103289 0.127354 0.335306 0.072328 0.092714 0.000000 0.500000 3.740210 0.071763 0.288003
0.156227 0.098037 0.132106 0.326233 0.115384 0.071034 0.750000 1.250000 4.515833 0.096278 0.288003
0.189299 0.118992 0.162805 0.362003 0.113506 0.053958 0.625000 0.000000 5.039880 0.112842 0.288003
0.167569 0.099832 0.136372 0.315160 0.060321 0.056258 0.750000 1.000000 3.879002 0.076150 0.252055
0.198103 0.117021 0.151357 0.326580 0.031018 0.078758 0.625000 0.375000 4.145432 0.084571 0.324239
0.214438 0.116644 0.141018 0.310971 0.023060 0.093060 0.000000 0.250000 4.263160 0.088292 0.409652
0.231301 0.135512 0.137267 0.342131 0.025896 0.079917 0.375000 0.125000 3.950695 0.078416 0.396135
0.246774 0.149466 0.147475 0.366898 0.039148 0.082762 0.375000 0.000000 3.688360 0.070124 0.396135
0.236910 0.136396 0.141133 0.330909 0.034059 0.097986 0.125000 0.000000 3.288853 0.057497 0.396423
0.243443 0.144909 0.157671 0.332312 0.054197 0.132701 1.000000 0.000000 4.017635 0.080532 0.396423
0.229023 0.139123 0.145439 0.336641 0.024286 0.108290 0.250000 0.000000 3.445629 0.062452 0.252631
0.215496 0.141658 0.147973 0.328044 0.015398 0.088896 0.500000 0.625000 3.021982 0.049062 0.252631
0.223622 0.136645 0.144845 0.322353 0.030584 0.086382 0.500000 1.125000 3.195152 0.054535 0.252631
0.262872 0.128442 0.131728 0.315655 0.042941 0.091667 0.500000 0.000000 3.301260 0.057889 0.288579
0.300610 0.104896 0.117565 0.275538 0.066697 0.094968 0.000000 0.000000 3.803702 0.073770 0.288291
0.350555 0.096451 0.159351 0.241931 0.099436 0.086137 0.375000 1.125000 4.195574 0.086156 0.288262
0.452086 0.056699 0.165125 0.147262 0.069517 0.057703 0.250000 0.875000 4.208242 0.086556 0.288262
0.568396 0.049699 0.173456 0.133192 0.017958 0.039672 0.125000 0.875000 4.666458 0.101039 0.288262
0.605856 0.051484 0.163667 0.144654 0.016931 0.052190 0.625000 0.000000 4.865542 0.107332 0.288003
0.691328 0.092702 0.156377 0.204412 0.003483 0.029895 0.000000 0.375000 3.426726 0.061854 0.288003
0.750633 0.067985 0.095161 0.189798 0.010358 0.036804 0.125000 0.250000 2.616799 0.036255 0.288003
0.790013 0.051865 0.045753 0.146571 0.000294 0.025777 0.000000 0.250000 2.177589 0.022372 0.287744
0.786495 0.051966 0.045001 0.146181 -0.001530 0.015406 0.750000 0.250000 2.255844 0.024846 0.287744
0.767540 0.071840 0.076738 0.200083 -0.007837 0.019772 0.125000 0.250000 2.302161 0.026310 0.287744
0.758205 0.066055 0.082653 0.193642 -0.006872 0.041891 0.125000 0.125000 2.355949 0.028010 0.287716
0.733447 0.069817 0.093862 0.198578 0.003979 0.055863 1.000000 1.250000 2.857979 0.043878 0.467456
0.643418 0.082158 0.100925 0.187472 0.042315 0.047252 0.125000 0.125000 2.862147 0.044010 0.467456
0.624285 0.095202 0.095363 0.224296 0.029010 0.046642 0.375000 0.125000 2.799354 0.042025 0.467456
0.616003 0.098069 0.097595 0.218458 0.032793 0.029271 0.375000 0.250000 2.541374 0.033871 0.467456
0.610737 0.078228 0.083230 0.188274 0.034388 0.032564 0.625000 0.375000 2.781785 0.041470 0.575299
0.568375 0.063400 0.056469 0.146982 0.027344 0.049699 0.125000 0.000000 2.674690 0.038085 0.575299
0.555627 0.056685 0.049103 0.134478 0.021126 0.057011 0.125000 0.000000 2.310443 0.026572 0.575587
0.557947 0.068229 0.057588 0.160784 0.014493 0.056327 0.125000 0.125000 2.056138 0.018534 0.611535
0.551381 0.114279 0.133367 0.272900 0.010722 0.068124 0.250000 0.375000 2.937086 0.046378 0.651977
0.539805 0.139577 0.158407 0.318748 0.004615 0.080153 0.250000 0.250000 3.800408 0.073666 0.611535
0.549738 0.140512 0.164200 0.324229 -0.005845 0.080027 0.875000 0.375000 3.262676 0.056669 0.431795
0.528449 0.195581 0.250084 0.414912 0.002464 0.090977 0.125000 0.125000 3.332430 0.058874 0.431795
0.514551 0.224908 0.275573 0.460515 0.068366 0.107799 0.375000 0.000000 4.356788 0.091251 0.431795
0.473810 0.269970 0.341892 0.511391 0.334843 0.098183 0.250000 0.625000 9.241873 0.245656 0.449769
0.436395 0.338290 0.393874 0.595113 0.545716 0.107398 0.625000 0.625000 15.030938 0.428634 0.247562
0.414158 0.399896 0.433669 0.653736 0.469151 0.163668 0.250000 0.750000 14.398347 0.408639 0.166679
0.383563 0.442701 0.474658 0.697039 0.377758 0.289039 0.375000 0.000000 12.202188 0.339224 0.085796
0.361109 0.448016 0.461264 0.710898 0.304435 0.397255 1.000000 0.375000 11.580664 0.319579 0.036607
0.401366 0.438284 0.432148 0.688773 0.179877 0.413817 0.375000 0.375000 10.397710 0.282189 0.000659
0.461155 0.369087 0.391268 0.668083 0.272701 0.263841 0.375000 0.375000 8.951739 0.236486 0.000659
0.428285 0.450725 0.431041 0.712470 0.272034 0.309132 0.250000 1.250000 9.722219 0.260839 -0.071237
0.395315 0.443728 0.431546 0.693392 0.208099 0.333742 0.375000 0.750000 9.310186 0.247815 -0.143133
0.379188 0.430215 0.412109 0.687761 0.084946 0.322657 0.375000 0.375000 7.699856 0.196917 -0.143133
0.414404 0.361956 0.361970 0.652418 0.139814 0.262409 0.250000 0.500000 7.951212 0.204862 -0.100019
0.363099 0.428857 0.423280 0.717657 0.197653 0.257112 0.500000 0.500000 9.950556 0.268056 -0.099803
0.352213 0.450634 0.454179 0.728686 0.297737 0.335722 0.375000 0.125000 12.473127 0.347788 -0.070997
0.332716 0.450693 0.461170 0.758243 0.230297 0.370904 0.125000 0.125000 12.315824 0.342816 0.000899
0.355580 0.450874 0.477037 0.743196 0.152758 0.351855 0.125000 0.875000 11.228714 0.308455 0.144451
0.343967 0.429557 0.446032 0.759797 0.174380 0.277397 0.250000 0.250000 9.776633 0.262559 0.108503
0.339001 0.430349 0.442569 0.761373 0.252760 0.249260 0.500000 0.250000 10.696452 0.291632 0.072555
0.354696 0.461201 0.476333 0.772517 0.368570 0.312513 0.875000 0.375000 14.101494 0.399256 0.144739
0.370557 0.427413 0.452161 0.734220 0.500898 0.308943 0.125000 0.000000 14.554348 0.413570 0.144739
0.385826 0.421104 0.466990 0.726398 0.432217 0.305968 0.000000 0.000000 12.618963 0.352397 0.144739
0.354227 0.474750 0.522112 0.774465 0.284619 0.308243 0.500000 0.125000 11.414958 0.314342 0.072843
0.352563 0.408260 0.432571 0.718975 0.275818 0.282169 0.500000 0.125000 10.712946 0.292153 0.072603
0.360340 0.375069 0.405158 0.652542 0.275933 0.193592 0.375000 0.250000 10.338317 0.280312 0.029437
0.401646 0.387323 0.426665 0.651678 0.284606 0.139778 0.250000 0.125000 9.310835 0.247836 0.094143
0.410684 0.343590 0.397241 0.641662 0.261689 0.158965 0.250000 0.125000 8.587525 0.224974 -0.035269
0.418863 0.346350 0.393463 0.651786 0.321265 0.230947 0.250000 0.125000 9.708957 0.260420 -0.002916
0.420752 0.345058 0.375712 0.662137 0.428084 0.245204 0.250000 0.125000 10.932810 0.299102 0.029437
0.431327 0.350234 0.374341 0.657729 0.377233 0.217723 0.250000 0.125000 9.820066 0.263931 0.000419
0.472045 0.382127 0.435961 0.700196 0.287533 0.330565 0.375000 0.750000 10.204616 0.276086 0.000419
0.443672 0.349104 0.386721 0.673478 0.362610 0.318757 0.500000 1.125000 10.546608 0.286896 -0.071477
0.466926 0.305554 0.339651 0.618777 0.307209 0.243000 0.375000 1.125000 8.575715 0.224601 -0.035265
0.485339 0.297591 0.338738 0.635783 0.232622 0.182930 0.125000 0.500000 6.580121 0.161525 0.000683
0.490098 0.303515 0.340466 0.640697 0.193689 0.157854 0.125000 0.000000 5.934693 0.141125 0.045651
0.493734 0.266862 0.302035 0.574212 0.204077 0.188738 0.125000 0.000000 6.867678 0.170614 -0.116115
0.509550 0.260955 0.266149 0.568574 0.189350 0.230921 0.250000 1.125000 7.594773 0.193596 -0.035232
0.530486 0.234055 0.260186 0.518107 0.251153 0.221209 0.250000 0.625000 8.202252 0.212796 -0.075673
0.534728 0.236990 0.265525 0.506459 0.313197 0.167976 0.125000 0.500000 8.135617 0.210690 -0.127627
0.533742 0.229742 0.252373 0.495790 0.297643 0.139793 0.125000 0.375000 7.994497 0.206230 -0.116115
0.566080 0.193065 0.228679 0.428004 0.183720 0.121154 0.125000 1.125000 6.594519 0.161980 -0.116115
0.589393 0.190673 0.236331 0.438837 0.081438 0.131923 0.250000 0.000000 5.045974 0.113035 -0.035232
0.634177 0.165788 0.184777 0.350296 0.059861 0.077946 0.375000 1.000000 3.777959 0.072956 0.085796
0.642270 0.159992 0.170008 0.326890 0.101178 0.065234 0.250000 0.375000 4.115958 0.083639 0.126237
0.658742 0.164711 0.166684 0.343348 0.111179 0.066260 0.250000 0.375000 4.624671 0.099718 0.144211
0.659520 0.181367 0.182360 0.363985 0.079527 0.077714 0.250000 0.000000 4.916142 0.108931 0.288003
0.681876 0.185195 0.188996 0.340336 0.052100 0.081619 0.375000 0.125000 5.093562 0.114539 0.323951
0.681813 0.189041 0.193373 0.333015 0.045073 0.077906 0.375000 0.250000 4.419179 0.093223 0.368886
0.708580 0.175586 0.163863 0.331582 0.037100 0.074729 0.000000 0.250000 3.260544 0.056602 0.368886
0.699323 0.178569 0.182445 0.333820 0.032930 0.085132 0.125000 0.250000 3.086699 0.051107 0.426660
0.718467 0.161965 0.150285 0.349686 0.055763 0.089912 0.250000 0.125000 3.469159 0.063196 0.557613
0.672836 0.248603 0.253306 0.455260 0.097837 0.213356 0.125000 0.125000 7.180543 0.180503 0.557613
0.681433 0.173751 0.167009 0.346804 0.069905 0.157568 0.625000 0.250000 5.062531 0.113558 0.341925
0.667437 0.242897 0.273424 0.465310 0.179955 0.247814 0.875000 0.500000 9.134590 0.242265 0.352710
0.664700 0.168143 0.192325 0.342459 0.061737 0.095574 1.125000 0.625000 4.048727 0.081514 0.482122
0.732040 0.123231 0.150699 0.286259 0.073416 0.028477 0.250000 0.375000 3.376180 0.060257 0.481518
0.730271 0.112771 0.149384 0.275538 0.047552 0.030277 0.375000 0.000000 4.017737 0.080535 0.675637
0.752125 0.067763 0.094658 0.191661 0.018304 0.031790 0.500000 0.000000 2.315909 0.026744 0.718876
0.792326 0.040180 0.059408 0.103721 0.050607 0.026606 1.000000 0.000000 2.324425 0.027014 0.842198
0.798378 0.043946 0.062102 0.126061 0.052000 0.029875 0.875000 0.625000 2.519989 0.033195 0.934689
0.799564 0.055306 0.065993 0.157728 0.037322 0.043460 0.000000 0.500000 2.581949 0.035153 0.934731
0.816554 0.064579 0.059780 0.192912 0.027182 0.061773 0.000000 0.875000 2.752968 0.040559 1.006627
0.820918 0.057666 0.058595 0.175351 0.027164 0.051695 0.000000 1.000000 2.731554 0.039882 1.177338
0.888554 0.045100 0.046695 0.123634 -0.002972 0.046337 0.375000 0.000000 2.057240 0.018569 1.006627
0.851047 0.021379 0.012374 0.092886 0.009492 0.020053 0.375000 0.000000 1.628078 0.005004 1.042575
0.839365 0.026844 0.019288 0.103054 0.027463 0.026876 0.375000 0.125000 1.719971 0.007908 1.042575
0.837885 0.025494 0.016531 0.090888 0.033068 0.028312 0.250000 0.250000 1.748956 0.008824 0.970679
0.794660 0.065312 0.045943 0.184394 0.035115 0.042278 0.000000 0.125000 2.103376 0.020027 0.826887
0.793255 0.077580 0.052795 0.228553 0.034005 0.024555 0.125000 0.500000 1.962245 0.015566 0.754991
0.792863 0.075266 0.048021 0.202512 0.025464 0.016676 0.375000 0.375000 1.923794 0.014351 0.754608
0.813137 0.065420 0.046482 0.177843 0.025273 0.021487 0.000000 0.125000 2.061567 0.018705 0.826504
0.858668 0.074276 0.075450 0.157037 0.047317 0.038542 0.000000 0.625000 2.513603 0.032993 0.898400
0.861589 0.084001 0.080303 0.202512 0.061110 0.054002 0.625000 0.125000 2.674694 0.038085 0.837360
0.889915 0.071209 0.055570 0.181175 0.056435 0.068518 0.000000 0.500000 2.589188 0.035382 0.970296
0.908270 0.071482 0.050555 0.168184 0.045522 0.071144 0.000000 0.500000 2.450978 0.031014 0.934348
0.906976 0.069555 0.046802 0.157037 0.024153 0.045422 0.375000 0.375000 1.949831 0.015174 0.934348
0.902627 0.079468 0.055200 0.189026 0.012669 0.033284 0.375000 0.375000 1.891605 0.013333 0.898400
0.902627 0.071694 0.049190 0.178363 0.014198 0.039785 1.250000 0.375000 2.101877 0.019979 1.042192
0.881941 0.087929 0.066610 0.219391 0.025642 0.044431 1.250000 0.500000 2.422449 0.030112 1.042192
0.895898 0.078603 0.051629 0.223879 0.014239 0.021123 1.250000 0.250000 1.792848 0.010212 0.970679
0.876679 0.102311 0.074575 0.291413 0.000810 0.033237 0.375000 0.375000 1.996487 0.016648 0.898783
0.868200 0.108755 0.076488 0.309292 0.003117 0.038260 0.500000 0.000000 1.990150 0.016448 0.826887
0.888923 0.079365 0.052510 0.222218 0.024577 0.037942 0.750000 0.500000 2.024320 0.017528 0.894248
0.898213 0.088116 0.062658 0.256500 0.034435 0.038749 0.250000 0.500000 2.068745 0.018932 0.898448
0.870967 0.106200 0.081373 0.302890 0.062785 0.041217 0.250000 0.750000 2.523871 0.033318 0.898448
0.884737 0.118366 0.085994 0.352781 0.045775 0.036351 0.250000 0.125000 2.539713 0.033818 0.898783
0.878613 0.124808 0.093002 0.364576 0.034720 0.030321 0.500000 0.125000 2.553497 0.034254 0.898783
0.792954 0.178808 0.190088 0.439125 0.026723 0.042476 0.500000 0.125000 3.965178 0.078874 0.894248
0.817649 0.146575 0.145623 0.388480 0.015045 0.066745 0.125000 0.250000 3.720831 0.071150 0.894248
0.862852 0.154110 0.197353 0.375578 0.011510 0.124647 0.000000 0.500000 4.196068 0.086171 0.888417
0.798353 0.183924 0.247086 0.406782 0.025458 0.204751 0.000000 0.500000 5.111800 0.115115 0.880642
0.760913 0.222829 0.272052 0.459472 0.026119 0.195177 0.500000 0.500000 5.463252 0.126224 0.664594
0.750007 0.240065 0.284993 0.475006 0.023638 0.134263 0.500000 0.500000 5.995636 0.143051 0.703233
0.689312 0.260531 0.320301 0.488022 0.028292 0.117546 0.500000 0.125000 6.106628 0.146559 0.889095
0.687049 0.278564 0.337810 0.495524 0.052353 0.114493 0.000000 0.125000 6.926079 0.172460 0.981040
0.659128 0.337510 0.385140 0.561569 0.134792 0.122363 0.000000 0.125000 8.361564 0.217832 0.981040
0.700198 0.316342 0.364746 0.570843 0.221552 0.142170 0.250000 0.125000 8.246042 0.214181 1.119696
0.744468 0.361816 0.391275 0.612021 0.210796 0.193850 0.125000 0.125000 8.134663 0.210660 1.096618
0.711840 0.419734 0.459876 0.701387 0.251018 0.320852 0.875000 0.000000 10.670396 0.290808 1.096618
0.659979 0.452789 0.465241 0.762169 0.233852 0.338851 0.875000 0.000000 10.995382 0.301080 1.078668
0.670953 0.447916 0.465481 0.771167 0.194075 0.354293 0.875000 0.125000 10.436233 0.283407 1.064308
0.677910 0.447238 0.469487 0.760213 0.159095 0.404481 0.000000 0.000000 9.512520 0.254211 1.193634
0.660761 0.478023 0.502257 0.796714 0.254750 0.457511 0.000000 1.250000 10.928405 0.298963 1.193634
0.698437 0.484357 0.496650 0.804269 0.431693 0.436393 0.000000 0.750000 13.270159 0.372980 1.078140
0.715216 0.511126 0.536466 0.821776 0.522101 0.459934 0.500000 0.000000 16.152372 0.464079 1.015572
0.715815 0.582872 0.607709 0.865759 0.419724 0.451121 0.625000 0.000000 15.873725 0.455272 0.934689
0.669416 0.644911 0.661977 0.878515 0.368332 0.447676 0.000000 0.125000 15.561852 0.445414 0.842198
0.638597 0.736316 0.730734 0.925062 0.662847 0.669871 0.125000 0.375000 19.604434 0.573190 0.749760
0.672813 0.761404 0.724430 0.943299 0.527790 0.562137 0.125000 0.000000 20.169358 0.591046 0.657323
0.730523 0.815855 0.761979 0.932563 0.369925 0.669906 0.625000 0.000000 35.525664 1.076419 0.657323
0.742889 0.830811 0.769284 0.934112 0.372006 0.757315 0.625000 0.875000 33.687965 1.018334 0.611104
0.749631 0.879768 0.861380 0.990530 0.777776 1.027370 0.500000 0.750000 30.765860 0.925974 0.426660
0.861538 0.897698 0.849553 1.010676 0.422706 0.998436 0.000000 0.125000 22.791062 0.673911 0.426660
0.776189 0.910969 0.861804 0.992256 0.397312 1.039495 0.500000 0.000000 21.273671 0.625950 0.490211
0.811192 0.874306 0.803636 0.969512 0.333410 0.874970 0.000000 0.875000 18.721436 0.545281 0.539639
0.807529 0.895709 0.838293 0.992650 0.494380 0.698289 0.000000 0.875000 18.224973 0.529589 0.539639
0.889203 0.835677 0.796498 0.926817 0.715286 0.680971 0.125000 0.000000 21.464804 0.631991 0.539639
0.853477 0.892221 0.853445 0.961831 0.781213 0.648339 0.125000 0.000000 23.255863 0.688602 0.683048
0.901204 0.974564 0.962813 0.991426 0.819044 0.654670 1.250000 0.000000 26.227895 0.782540 0.826839
0.885378 0.962942 0.971184 0.979963 0.879490 0.689368 0.250000 0.000000 25.879045 0.771514 0.862787
0.924377 0.985987 0.975919 0.969305 0.939808 0.966702 0.250000 0.000000 29.704455 0.892426 0.898735
0.934309 1.007889 0.961612 0.967545 0.754585 1.086605 1.000000 0.750000 31.284536 0.942368 1.042527
0.904589 1.023379 1.001343 0.971855 0.774711 1.030451 0.000000 0.250000 32.215695 0.971799 1.042527
0.880880 0.997149 1.002478 0.998640 0.853605 0.842411 0.000000 0.625000 31.125473 0.937340 1.042863
0.852113 1.079565 1.067647 1.045082 1.250135 0.693048 0.000000 0.625000 35.665697 1.080845 1.042863
0.850703 1.064612 1.050461 1.030174 1.154134 0.670366 0.625000 0.500000 35.215345 1.066610 1.042863
0.854181 1.023388 1.011814 1.000978 0.973534 0.978510 1.125000 0.375000 36.418303 1.104633 0.902671
0.873471 1.046550 1.018259 1.000062 0.704223 1.397734 0.375000 0.250000 36.523457 1.107957 1.032429
0.869180 0.961342 0.946568 0.995729 0.543672 1.379635 0.500000 0.250000 30.268210 0.910244 0.967722
0.884819 0.991423 0.948654 1.003472 0.541906 1.192531 0.375000 0.125000 28.390516 0.850895 0.870663
0.856398 0.970867 0.941030 1.000742 0.666824 1.073229 0.500000 0.125000 28.187103 0.844466 0.870663
0.794442 1.019058 0.991823 1.006413 0.811758 1.018296 0.625000 0.000000 29.051089 0.871774 0.838029
0.795132 0.976920 0.953675 0.999813 0.689781 0.725893 0.500000 0.625000 26.103147 0.778597 0.740970
0.816790 0.985306 0.947874 0.993029 0.670235 0.822881 0.375000 0.000000 25.919861 0.772804 0.675961
0.792668 0.947182 0.910919 0.972389 0.842622 0.785159 1.125000 0.375000 25.121089 0.747557 0.611255
0.817879 0.945733 0.895687 1.004072 1.101749 0.718833 0.375000 0.875000 26.080902 0.777894 0.675961
0.738564 0.983283 0.965193 1.017695 1.234350 1.001312 0.000000 0.750000 31.930983 0.962800 0.837727
0.730623 0.951218 0.956009 1.007571 0.991536 1.336076 0.000000 0.750000 33.268199 1.005066 0.578901
0.760582 0.938508 0.914472 1.008179 0.898634 1.145304 1.000000 0.625000 28.630582 0.858483 0.539328
0.699486 0.913027 0.865655 0.996799 0.755205 1.000521 0.500000 0.000000 26.156449 0.780282 0.539328
0.705387 0.902017 0.854821 1.008179 0.736472 1.041156 0.500000 0.000000 26.550153 0.792726 0.489860
0.748813 0.812442 0.753535 0.984838 0.747462 0.627069 0.500000 0.625000 20.916894 0.614673 0.530652
0.672773 0.784155 0.736016 0.943589 1.002152 0.606437 0.375000 0.250000 23.541002 0.697615 0.651599
0.681664 0.745815 0.709404 0.907365 1.173417 0.437820 0.250000 0.875000 22.764912 0.673085 0.651599
0.701353 0.721233 0.674843 0.870601 0.993544 0.384366 0.375000 0.000000 20.811132 0.611331 0.732482
0.696853 0.675367 0.626126 0.837270 0.669543 0.394568 0.250000 0.875000 18.487377 0.537883 0.732482
0.714057 0.671865 0.617352 0.818824 0.556809 0.413010 1.250000 0.750000 17.419352 0.504125 0.611158
0.705567 0.575000 0.512951 0.777659 0.212130 0.352256 0.500000 0.250000 9.825002 0.264087 0.692041
0.705421 0.571533 0.506198 0.786909 0.195811 0.357570 0.500000 0.250000 9.007346 0.238243 0.719043
0.709859 0.586496 0.538650 0.779363 0.186608 0.495405 0.000000 0.250000 10.575833 0.287819 0.719043
0.720287 0.552973 0.524410 0.764590 0.231756 0.532014 0.625000 0.375000 11.630897 0.321167 0.740344
0.708027 0.567905 0.537359 0.779586 0.221696 0.617259 0.375000 1.250000 12.710650 0.355295 0.675637
0.729438 0.549004 0.523627 0.776148 0.247348 0.564949 1.250000 0.000000 12.901115 0.361315 0.611233
0.749583 0.521252 0.497730 0.800378 0.282341 0.387190 0.500000 0.000000 11.596389 0.320076 0.611233
0.739845 0.560046 0.526086 0.816923 0.320731 0.379194 0.875000 0.000000 12.065223 0.334895 0.546786
0.702501 0.510582 0.517813 0.783834 0.352423 0.380086 0.375000 0.125000 12.695724 0.354824 0.546786
0.736466 0.507724 0.500321 0.805893 0.302727 0.421290 0.125000 0.375000 11.621554 0.320872 0.611492
0.752424 0.524033 0.506874 0.833129 0.270863 0.425725 0.250000 0.375000 11.014910 0.301697 0.611492
0.737754 0.512896 0.498193 0.838588 0.230970 0.410931 0.500000 0.375000 10.415245 0.282743 0.611492
0.724094 0.541881 0.500061 0.839476 0.248103 0.436887 0.000000 0.375000 10.736013 0.292882 0.611492
0.695220 0.485316 0.464911 0.809414 0.351724 0.306127 0.000000 0.250000 10.826879 0.295754 0.547088
0.700646 0.484121 0.457845 0.807487 0.347281 0.344269 0.375000 1.000000 11.977775 0.332131 0.611794
0.693470 0.488539 0.459303 0.816588 0.252068 0.357163 0.375000 1.000000 11.560255 0.318934 0.676501
0.681524 0.519116 0.488581 0.811295 0.154228 0.328417 0.500000 0.000000 10.256831 0.277736 0.741207
0.718620 0.525837 0.492628 0.814549 0.218459 0.339225 0.000000 0.125000 10.315607 0.279594 0.740948
0.729379 0.556067 0.495805 0.850139 0.319164 0.399643 0.125000 0.000000 11.711999 0.323731 0.676241
0.742281 0.542671 0.491795 0.821564 0.402262 0.459841 0.375000 1.000000 13.678133 0.385875 0.611535
0.734014 0.548946 0.494387 0.803921 0.395463 0.395473 0.500000 0.625000 12.457682 0.347300 0.611837
0.741502 0.510652 0.463861 0.757151 0.312066 0.304723 0.500000 0.625000 10.135943 0.273915 0.611837
0.731085 0.511093 0.461362 0.750284 0.252199 0.279502 0.625000 0.000000 9.531762 0.254819 0.611837
0.756796 0.493817 0.442761 0.755198 0.231830 0.241764 0.625000 0.625000 9.008184 0.238270 0.611837
0.765368 0.508868 0.459973 0.753862 0.249538 0.241517 0.625000 0.500000 9.304922 0.247649 0.575923
0.739549 0.505091 0.466509 0.750168 0.281038 0.325967 0.625000 0.500000 10.415163 0.282741 0.504027
0.681603 0.447666 0.425165 0.750168 0.221490 0.269778 0.000000 0.625000 8.837693 0.232881 0.432131
0.635399 0.422323 0.442824 0.705063 0.220527 0.281241 0.500000 0.625000 8.729871 0.229473 0.432131
0.594270 0.380422 0.407883 0.667621 0.219882 0.261555 0.500000 0.000000 9.312913 0.247902 0.432131
0.573541 0.363723 0.390545 0.671455 0.342168 0.219081 0.625000 0.000000 11.373596 0.313034 0.432131
0.579068 0.307953 0.320052 0.605330 0.173586 0.142916 0.500000 0.750000 5.983937 0.142681 0.395847
0.570650 0.282291 0.296271 0.555675 0.142926 0.166740 0.375000 0.375000 6.037652 0.144379 0.323951
0.558137 0.242999 0.257091 0.509986 0.151927 0.154208 0.625000 0.375000 6.589118 0.161809 0.323951
0.543059 0.175683 0.182442 0.429281 0.052208 0.075095 0.625000 0.000000 5.404171 0.124356 0.323951
0.560120 0.155602 0.155781 0.415835 0.042341 0.045935 0.750000 0.000000 4.793221 0.105046 0.320356
0.569142 0.149464 0.154537 0.394955 0.041184 0.047282 0.000000 0.000000 3.897745 0.076742 0.320356
0.578097 0.149115 0.160315 0.392285 0.062817 0.038710 1.000000 0.875000 3.419550 0.061628 0.320356
0.629501 0.137610 0.115187 0.408596 0.062033 0.034598 1.125000 0.875000 2.881142 0.044610 0.320616
0.647781 0.143793 0.130210 0.422333 0.053725 0.037317 1.250000 1.375000 2.510667 0.032900 0.320616
0.669605 0.130711 0.129769 0.400586 0.029992 0.036923 0.750000 0.125000 2.433969 0.030476 0.320616
0.669117 0.134147 0.133298 0.407445 0.026227 0.037612 0.000000 0.125000 2.785368 0.041583 0.288291
0.678566 0.139545 0.135614 0.448906 0.046598 0.037433 0.000000 0.125000 3.246813 0.056168 0.360187
0.690507 0.138621 0.139924 0.438004 0.095355 0.037408 0.500000 0.250000 3.837375 0.074834 0.369210
0.677756 0.181755 0.261819 0.469053 0.274102 0.129948 0.625000 0.250000 7.756370 0.198703 0.380811
0.724029 0.218331 0.299673 0.483449 0.299819 0.188446 0.125000 0.250000 7.922419 0.203952 0.380811
0.786620 0.267777 0.336097 0.538297 0.222280 0.180887 0.000000 0.375000 7.185240 0.180651 0.288682
0.810123 0.329654 0.394670 0.617232 0.197057 0.201359 0.000000 0.500000 9.626900 0.257826 0.288312
0.838382 0.349737 0.398874 0.613690 0.108631 0.157621 0.125000 0.625000 8.160762 0.211485 0.287942
0.860199 0.352099 0.387113 0.591056 0.050531 0.133246 0.250000 0.250000 5.413947 0.124665 0.287932
0.865329 0.405201 0.417844 0.676932 0.119146 0.232180 0.375000 0.750000 6.492471 0.158755 0.180088
0.903051 0.443566 0.402215 0.679587 0.318470 0.366508 0.500000 0.000000 10.415407 0.282749 0.195504
0.926816 0.522010 0.467994 0.722879 0.387445 0.515695 0.750000 0.000000 13.602093 0.383471 0.010321
0.950319 0.561169 0.513549 0.782935 0.223728 0.353509 0.125000 0.000000 10.488928 0.285072 0.010321
0.946747 0.519365 0.479866 0.774992 0.200952 0.311306 0.125000 0.000000 10.433477 0.283320 0.045031
0.950665 0.520940 0.466758 0.814836 0.194762 0.215961 1.000000 0.250000 11.933947 0.330746 0.045031
0.926153 0.528313 0.462881 0.811295 0.177456 0.206086 0.875000 0.250000 12.365214 0.344377 0.044492
0.919049 0.464575 0.407296 0.769235 0.199907 0.237022 0.875000 0.750000 10.406806 0.282477 -0.036068
0.898135 0.493922 0.452161 0.772224 0.155247 0.329052 0.375000 0.000000 9.521427 0.254492 -0.082364
0.895296 0.478618 0.438380 0.766723 0.219929 0.312196 0.125000 0.625000 9.166163 0.243263 -0.036068
0.850899 0.457226 0.447260 0.672345 0.270614 0.333237 0.250000 0.750000 9.627560 0.257847 0.044815
0.804804 0.412912 0.429102 0.681301 0.204770 0.361714 0.250000 0.625000 9.309850 0.247805 -0.036337
0.819131 0.394310 0.419983 0.660752 0.145079 0.468323 0.375000 0.125000 9.760958 0.262063 0.044815
0.799930 0.335847 0.337997 0.603872 0.134770 0.378091 0.250000 0.250000 9.201033 0.244365 -0.000060
0.781589 0.353488 0.341011 0.625706 0.168373 0.293609 0.750000 0.375000 10.802485 0.294983 -0.071956
0.742774 0.316329 0.311532 0.554746 0.148416 0.150529 0.000000 0.250000 7.818911 0.200680 -0.071956
0.770633 0.272132 0.275255 0.543755 0.104075 0.091878 0.125000 0.250000 5.864150 0.138895 0.000180
0.719214 0.238435 0.239476 0.501942 0.101139 0.072016 0.000000 0.250000 5.097098 0.114651 0.045085
0.713964 0.180758 0.174239 0.383499 0.046149 0.083265 0.125000 0.125000 3.822427 0.074362 0.000180
0.685985 0.190397 0.192021 0.372432 0.048477 0.134127 0.250000 0.125000 4.142227 0.084470 -0.071716
0.680250 0.192508 0.202638 0.385759 0.052786 0.179922 0.500000 0.125000 4.555115 0.097520 -0.071716
0.702085 0.173937 0.179134 0.342652 0.054485 0.138189 0.375000 0.750000 4.021574 0.080656 -0.035529
0.671542 0.244687 0.245491 0.449545 0.084836 0.166524 0.250000 0.125000 5.954229 0.141742 -0.107425
0.689294 0.286566 0.295874 0.512468 0.137308 0.149156 0.250000 0.500000 6.453318 0.157517 -0.107425
0.691984 0.298418 0.306868 0.507357 0.118012 0.157542 0.250000 0.375000 6.335415 0.153791 -0.035529
0.697372 0.278459 0.290945 0.486914 0.097358 0.189581 0.250000 0.375000 7.069071 0.176980 -0.107425
