-0.185615 0.835886 0.924738 0.785479 0.600451 0.580634 0.250000 0.250000 24.051108 0.718480 -0.001123
0.034674 0.767077 0.799172 0.779417 0.340488 0.501713 0.000000 0.125000 28.142745 0.849025 -0.084550
-0.053690 0.768531 0.764527 0.712255 0.660431 0.684505 0.250000 0.000000 39.542436 1.212738 -0.084550
-0.264672 0.930720 0.969754 0.899598 0.945455 0.682008 0.625000 0.125000 29.852413 0.903573 -0.084550
-0.007170 0.851309 0.804872 0.824475 0.932296 0.276231 0.750000 0.125000 22.848742 0.680118 -0.084550
-0.005859 0.841091 0.788849 0.869257 0.903311 0.299259 0.000000 0.375000 18.997257 0.557234 -0.084550
0.051207 0.759854 0.679166 0.863957 0.125703 0.617402 0.250000 0.500000 11.997472 0.333903 -0.084550
0.146624 0.629118 0.596153 0.846552 0.303015 0.525841 0.000000 0.000000 12.695909 0.356187 -0.084550
0.109502 0.663796 0.616970 0.883607 0.440249 0.480443 0.750000 0.250000 14.484680 0.413259 -0.084550
0.113155 0.587300 0.525757 0.879115 0.578528 0.304502 0.875000 0.625000 13.162737 0.371081 -0.084550
-0.004354 0.725275 0.653305 0.947153 0.738466 0.579934 0.375000 0.000000 20.914779 0.618414 -0.167977
-0.058527 0.752833 0.703971 0.963442 0.616471 0.577745 0.125000 0.250000 20.748169 0.613098 0.334364
-0.027104 0.731869 0.656541 0.945500 0.420357 0.523339 0.000000 0.250000 17.908092 0.522484 0.334364
-0.015891 0.659118 0.577443 0.887176 0.446466 0.430544 1.375000 0.125000 15.412861 0.442873 0.334364
-0.000428 0.682127 0.588802 0.906322 0.467563 0.330052 1.250000 0.125000 12.823834 0.360268 0.334364
0.080990 0.598375 0.527309 0.844278 0.157962 0.195998 0.375000 0.125000 6.408424 0.155582 0.334364
0.084371 0.523154 0.463483 0.779664 0.091982 0.163645 0.125000 0.250000 4.759558 0.102974 0.334364
0.146550 0.521129 0.437177 0.761172 0.110294 0.195990 0.125000 0.375000 5.717038 0.133523 0.334364
0.175808 0.410234 0.336717 0.678697 0.146687 0.175704 0.375000 0.250000 6.532400 0.159537 0.083193
0.181775 0.400095 0.342602 0.652238 0.157685 0.162055 0.125000 0.375000 6.852749 0.169758 0.083193
0.173075 0.402244 0.348917 0.673753 0.163975 0.156445 0.125000 0.375000 8.200516 0.212759 0.083193
0.198976 0.403045 0.354523 0.677279 0.141003 0.179750 0.125000 1.250000 6.833055 0.169130 0.083193
0.230737 0.407493 0.352494 0.703632 0.101220 0.188311 0.875000 0.750000 6.106295 0.145942 0.166917
0.317806 0.434171 0.383061 0.748831 0.113399 0.201092 0.000000 1.250000 6.404017 0.155441 0.166917
0.305711 0.326963 0.290705 0.648238 0.112504 0.114902 0.250000 0.500000 5.369847 0.122446 0.208334
0.285899 0.320064 0.283416 0.624463 0.160027 0.155061 0.250000 0.500000 6.691930 0.164627 0.208334
0.271628 0.315302 0.280562 0.614267 0.192867 0.184786 0.250000 0.375000 7.271944 0.183133 0.166324
0.263655 0.333742 0.289601 0.629689 0.140303 0.193525 0.375000 0.250000 6.463559 0.157341 0.166324
0.333824 0.356864 0.331479 0.672613 0.088022 0.221381 0.000000 0.375000 5.885101 0.138885 0.333474
0.323702 0.377425 0.329446 0.693380 0.036355 0.261046 0.625000 0.375000 5.569525 0.128816 0.333771
0.359452 0.370479 0.318461 0.679997 0.050984 0.262102 0.000000 0.500000 5.970423 0.141607 0.333771
0.340698 0.363465 0.314246 0.684051 0.096643 0.197672 1.250000 0.500000 5.608819 0.130070 0.333771
0.351383 0.366503 0.309409 0.680396 0.109334 0.189755 0.375000 0.625000 5.800761 0.136194 0.333474
0.352580 0.361628 0.307213 0.694308 0.092997 0.220624 0.375000 0.625000 6.205554 0.149109 0.333771
0.384709 0.427525 0.356958 0.741369 0.126593 0.307269 0.250000 0.000000 7.866554 0.202104 0.334364
0.387260 0.437174 0.370483 0.766184 0.159408 0.227069 0.000000 0.000000 7.551062 0.192038 0.333771
0.409734 0.451006 0.375044 0.780723 0.190052 0.191818 0.000000 0.125000 7.288556 0.183663 0.333771
0.438701 0.463561 0.387113 0.771730 0.213868 0.158627 0.125000 0.250000 6.857672 0.169915 0.333771
0.435711 0.474190 0.398759 0.806648 0.161219 0.135604 0.375000 0.250000 6.079616 0.145091 0.333771
0.462631 0.483701 0.411878 0.831820 0.091739 0.182271 0.500000 0.250000 5.843056 0.137544 0.333474
0.523763 0.430478 0.371045 0.787055 0.109727 0.213661 0.500000 0.125000 6.157187 0.147566 0.333474
0.458892 0.389032 0.331221 0.727807 0.112118 0.210055 0.125000 0.125000 6.043661 0.143944 0.333771
0.528153 0.434677 0.384911 0.757724 0.091640 0.298210 0.375000 0.000000 7.588733 0.193240 0.333474
0.532559 0.435038 0.392623 0.745856 0.139694 0.351245 0.000000 0.000000 8.821348 0.232567 0.416956
0.642338 0.416658 0.346869 0.737758 0.134458 0.303877 1.875000 0.125000 7.930496 0.204144 0.400082
0.574988 0.450136 0.394897 0.771526 0.191379 0.354950 0.250000 0.250000 9.664702 0.259475 0.467224
0.628381 0.457198 0.423064 0.776248 0.149783 0.318373 0.375000 0.750000 8.503926 0.222440 0.467224
0.630771 0.460977 0.417055 0.778355 0.181830 0.344089 0.250000 0.125000 8.362672 0.217933 0.444784
0.641428 0.449896 0.404465 0.773945 0.303199 0.349876 0.125000 0.000000 9.462032 0.253009 0.429010
0.649865 0.455194 0.402615 0.786648 0.366235 0.318694 0.125000 0.000000 9.931952 0.268002 0.429010
0.635651 0.471721 0.411850 0.770590 0.284246 0.298215 0.000000 0.125000 9.197847 0.244580 0.417179
0.657994 0.481362 0.422734 0.788275 0.172960 0.305232 0.000000 0.250000 8.241751 0.214075 0.416956
0.656625 0.475837 0.410119 0.787997 0.143644 0.312024 0.125000 0.500000 7.944405 0.204588 0.429010
0.630414 0.483014 0.403036 0.796184 0.132104 0.324595 0.250000 0.500000 7.987778 0.205972 0.389129
0.597977 0.468671 0.404192 0.789333 0.105920 0.345800 0.000000 0.375000 7.980601 0.205743 0.400438
0.601215 0.430687 0.370997 0.771730 0.104558 0.300285 0.000000 0.375000 7.486271 0.189971 0.333296
0.612729 0.470103 0.414426 0.768045 0.148898 0.303326 0.500000 0.500000 8.165011 0.211627 0.333177
0.597199 0.467868 0.415543 0.799510 0.192381 0.303563 0.500000 0.000000 8.723620 0.229449 0.333296
0.573773 0.453357 0.404621 0.744260 0.229401 0.317136 0.500000 0.125000 9.092320 0.241213 0.333029
0.632622 0.393542 0.368091 0.701716 0.243626 0.252439 0.250000 0.125000 8.381341 0.218529 0.333296
0.588877 0.368206 0.341201 0.727263 0.177141 0.226195 0.125000 1.250000 7.592401 0.193357 0.333029
0.625169 0.345672 0.317066 0.716166 0.174397 0.199667 0.000000 0.375000 6.936761 0.172439 0.333474
0.672553 0.362542 0.336546 0.718718 0.245688 0.214144 0.000000 1.125000 8.398863 0.219088 0.333474
0.638960 0.398363 0.366050 0.734540 0.200833 0.214793 0.000000 1.000000 7.591151 0.193317 0.333652
0.664352 0.408140 0.368456 0.740412 0.110271 0.245969 0.375000 1.000000 6.667188 0.163838 0.333652
0.666483 0.374895 0.337703 0.703751 0.112004 0.311334 0.875000 0.000000 7.913019 0.203587 0.333652
0.640331 0.387295 0.345124 0.726737 0.208509 0.338983 1.000000 0.000000 10.215842 0.277059 0.333919
0.640953 0.382838 0.337728 0.704695 0.265735 0.317863 1.625000 0.000000 10.761069 0.294455 0.300281
0.647336 0.388030 0.341874 0.709557 0.203905 0.305815 1.625000 0.125000 8.810290 0.232215 0.300281
0.654375 0.397951 0.344398 0.726945 0.114877 0.277018 0.250000 0.125000 6.699735 0.164876 0.300281
0.709692 0.423455 0.369353 0.753588 0.115375 0.219665 0.750000 0.125000 6.037665 0.143753 0.300281
0.672842 0.414133 0.338839 0.747699 0.196072 0.163308 0.875000 0.125000 6.479003 0.157834 0.291760
0.706121 0.450941 0.373691 0.781389 0.269904 0.187495 0.250000 0.125000 7.715399 0.197282 0.300281
0.693700 0.438990 0.358305 0.756327 0.221757 0.188653 1.000000 0.250000 7.081471 0.177056 0.291760
0.698459 0.443393 0.369879 0.762690 0.122900 0.214135 0.375000 0.000000 6.419356 0.155931 0.233495
0.729638 0.482553 0.414025 0.831906 0.107041 0.231447 0.250000 0.000000 7.029153 0.175387 0.208723
0.717538 0.440434 0.376193 0.799477 0.104254 0.250099 0.625000 0.000000 7.181033 0.180232 0.300637
0.734734 0.442879 0.381460 0.804490 0.101701 0.303312 0.250000 0.125000 7.207026 0.181062 0.334008
0.730494 0.508598 0.426459 0.863157 0.066553 0.416701 0.750000 0.000000 8.145619 0.211008 0.334067
0.729420 0.492372 0.425512 0.829163 0.106652 0.396152 0.500000 0.125000 9.170145 0.243696 0.334008
0.707264 0.507603 0.451126 0.844005 0.167953 0.338760 0.375000 0.125000 10.482929 0.285581 0.334008
0.729215 0.500600 0.444848 0.843120 0.166322 0.341018 0.375000 0.625000 10.568819 0.288321 0.389388
0.741677 0.511645 0.449826 0.852826 0.120732 0.381849 0.500000 0.500000 9.725396 0.261411 0.389388
0.729853 0.500424 0.446226 0.842502 0.129973 0.383390 0.250000 0.375000 9.246846 0.246143 0.389388
0.722311 0.510643 0.440979 0.826048 0.206872 0.319611 1.375000 0.375000 9.914983 0.267460 0.416938
0.751540 0.490961 0.427441 0.788091 0.244232 0.248331 1.500000 0.250000 9.908285 0.267247 0.405142
0.777451 0.483743 0.423662 0.776458 0.193612 0.259615 0.875000 0.750000 8.918479 0.235666 0.361283
0.778229 0.486164 0.419084 0.764518 0.123392 0.346007 0.000000 0.250000 8.621938 0.226205 0.367023
0.797686 0.484380 0.406794 0.769515 0.124200 0.385891 0.250000 1.500000 8.844002 0.233290 0.375187
0.853475 0.469684 0.384563 0.758751 0.140889 0.309109 0.500000 0.500000 8.007470 0.206600 0.375187
0.883898 0.429896 0.357095 0.703874 0.143751 0.297120 0.000000 0.875000 8.090441 0.209247 0.375187
0.864538 0.454557 0.375940 0.724277 0.079672 0.277877 0.000000 0.125000 7.347052 0.185529 0.292205
0.858222 0.444824 0.367902 0.723992 0.115370 0.210437 0.250000 0.250000 6.639071 0.162941 0.278153
0.859709 0.428570 0.356296 0.716333 0.173698 0.163316 0.125000 0.375000 6.418585 0.155906 0.278153
0.774954 0.462331 0.402873 0.757534 0.126935 0.225828 0.250000 0.125000 6.931336 0.172266 0.334364
0.761125 0.479100 0.411541 0.792442 0.126378 0.264075 0.125000 0.750000 7.400702 0.187241 0.334364
0.746582 0.495263 0.430177 0.801284 0.178992 0.299051 0.000000 1.875000 8.430523 0.220098 0.501329
0.774258 0.491167 0.429682 0.813170 0.256315 0.326543 0.125000 0.250000 9.614599 0.257876 0.501329
0.772113 0.515328 0.465339 0.821299 0.334739 0.292611 0.250000 0.250000 11.027993 0.302971 0.445674
0.786502 0.451843 0.421186 0.796117 0.387701 0.211275 0.250000 0.000000 12.147129 0.338678 0.445674
0.781711 0.459020 0.428808 0.808056 0.324514 0.194452 0.375000 0.750000 12.195341 0.340216 0.445674
0.777755 0.450701 0.428566 0.782329 0.203207 0.266568 0.500000 0.750000 10.904119 0.299019 0.501329
0.783810 0.456235 0.425390 0.799544 0.206548 0.338766 0.000000 0.750000 9.903798 0.267103 0.445674
0.764177 0.470030 0.439993 0.796082 0.260415 0.314685 0.500000 0.750000 9.223255 0.245390 0.445674
0.825783 0.475357 0.427707 0.785854 0.234201 0.241360 0.500000 0.625000 8.163669 0.211584 0.445674
0.864991 0.506728 0.451568 0.779325 0.180193 0.266236 0.375000 0.625000 9.321186 0.248515 0.445674
0.852785 0.504003 0.443763 0.756497 0.165405 0.312064 0.250000 0.375000 10.539607 0.287389 0.334364
0.850295 0.515616 0.448288 0.752746 0.227743 0.330509 0.250000 0.250000 10.940973 0.300195 0.334364
0.944784 0.488856 0.416265 0.730556 0.288156 0.275567 0.250000 0.250000 9.917050 0.267526 0.334364
0.910357 0.539587 0.468545 0.757534 0.281771 0.345987 1.125000 0.250000 10.678665 0.291826 0.334364
0.929329 0.535898 0.475625 0.775131 0.265165 0.358899 0.375000 0.250000 10.501579 0.286176 0.334364
0.939784 0.572568 0.515908 0.792815 0.288467 0.395025 0.000000 0.125000 11.798729 0.327562 0.445674
0.978148 0.573526 0.514169 0.760945 0.298943 0.305024 0.750000 0.125000 10.833318 0.296760 0.445674
0.970452 0.601957 0.542957 0.819060 0.359938 0.270999 0.750000 0.250000 12.190385 0.340058 0.445674
0.946502 0.585229 0.518956 0.822892 0.366111 0.288204 0.875000 0.250000 11.431696 0.315852 0.445674
0.959912 0.572995 0.508613 0.809602 0.361349 0.445354 0.000000 0.250000 12.648040 0.354660 0.445674
0.974311 0.544393 0.481294 0.787802 0.317038 0.493735 0.375000 0.250000 13.002591 0.365972 0.501329
1.028396 0.564789 0.511209 0.804298 0.274667 0.460782 0.250000 0.250000 13.489986 0.381522 0.534321
0.975109 0.581851 0.516127 0.831028 0.236402 0.485771 0.875000 0.250000 12.948275 0.364239 0.534321
1.005825 0.587388 0.541045 0.846511 0.159039 0.710594 0.500000 0.250000 13.961665 0.396571 0.534321
1.021890 0.618698 0.552920 0.833759 0.124226 0.590285 0.125000 0.375000 11.306271 0.311850 0.600707
1.031908 0.649761 0.578476 0.843559 0.127696 0.386866 0.625000 0.375000 8.756560 0.230500 0.600707
1.038974 0.664506 0.591140 0.865984 0.160651 0.339097 0.500000 1.000000 8.876120 0.234315 0.600707
0.998710 0.674581 0.603023 0.862531 0.203286 0.371585 0.625000 0.125000 10.571206 0.288397 0.556020
0.957958 0.692085 0.621771 0.882212 0.283198 0.358526 1.250000 0.375000 13.051501 0.367532 0.556020
0.910491 0.652597 0.587517 0.854263 0.324476 0.339724 1.500000 0.375000 14.396733 0.410453 0.523846
0.927442 0.689635 0.613988 0.913415 0.262255 0.492605 1.375000 0.500000 14.458192 0.412413 0.476142
0.994265 0.745234 0.661436 0.949560 0.278907 0.792155 0.250000 0.500000 17.009168 0.493803 0.476428
0.977886 0.659037 0.579716 0.868057 0.508883 0.544852 0.250000 0.500000 15.236261 0.437238 0.500161
1.029338 0.750302 0.651911 0.906878 0.396005 0.762188 0.000000 0.375000 18.659613 0.546462 0.500291
1.003265 0.740311 0.660859 0.910164 0.323752 0.626557 0.000000 0.375000 15.955484 0.460185 0.479541
0.976128 0.759274 0.685393 0.941335 0.208426 0.501145 0.875000 0.125000 13.923723 0.395361 0.452576
0.952788 0.731819 0.660257 0.923183 0.117454 0.511449 0.375000 0.000000 13.930086 0.395564 0.500280
1.002136 0.721213 0.650112 0.899746 0.077732 0.582230 0.250000 0.000000 13.592615 0.384797 0.528230
0.989333 0.750557 0.674041 0.895194 0.133649 0.617600 0.125000 0.750000 13.474579 0.381031 0.548239
0.984354 0.766014 0.703807 0.910709 0.435075 0.743037 0.250000 0.250000 18.638533 0.545789 0.596451
0.943662 0.750205 0.696135 0.892654 0.576393 0.829653 0.125000 1.000000 23.766932 0.709413 0.640133
0.901900 0.756356 0.714977 0.898747 0.440074 0.725215 0.875000 0.500000 22.517461 0.669548 0.640133
0.895267 0.775836 0.731262 0.912819 0.309467 0.574250 0.250000 0.250000 17.541805 0.510798 0.640466
0.881351 0.771249 0.730383 0.915454 0.431683 0.594749 0.250000 0.625000 17.399781 0.506266 0.612639
0.901620 0.759670 0.700603 0.904695 0.619324 0.801182 0.125000 1.125000 22.435165 0.666922 0.612639
0.919987 0.773082 0.703678 0.883672 0.603955 0.868973 0.250000 0.250000 23.181594 0.690738 0.612639
0.772505 0.827904 0.813281 0.894596 0.729824 0.712925 0.375000 0.375000 23.353310 0.696216 0.612639
0.729172 0.850445 0.833139 0.917879 0.627596 0.616903 0.500000 0.000000 20.362183 0.600783 0.620589
0.779200 0.851356 0.808169 0.925736 0.558313 0.711343 0.000000 0.000000 20.345715 0.600258 0.612639
0.798530 0.853428 0.787166 0.933666 0.584266 0.768138 0.000000 0.625000 21.430709 0.634875 0.601508
0.867602 0.850149 0.791273 0.953211 0.704485 0.640465 0.375000 0.500000 21.939764 0.651116 0.612639
1.005675 0.814183 0.735046 0.927059 0.771323 0.454961 0.250000 0.500000 21.288530 0.630338 0.601508
0.854933 0.839494 0.779125 0.929752 0.780363 0.741833 0.375000 0.875000 25.939025 0.778715 0.601107
0.905782 0.870553 0.791825 0.937681 0.714835 0.908480 0.500000 1.000000 26.944310 0.810789 0.667893
0.955074 0.747240 0.687215 0.917789 0.335721 0.643928 0.125000 0.375000 18.298869 0.534952 0.667960
0.948615 0.750145 0.707132 0.937498 0.379193 0.553453 0.125000 1.000000 16.363229 0.473195 0.668008
1.001694 0.791436 0.736583 0.982724 0.311565 0.508612 0.625000 0.000000 16.481733 0.476975 0.667960
1.000694 0.774527 0.726724 0.993214 0.302212 0.542101 0.250000 0.000000 16.217650 0.468550 0.667960
1.080111 0.747814 0.721607 0.981174 0.265266 0.570123 0.125000 0.000000 15.586587 0.448415 0.667960
1.083208 0.758089 0.740421 0.998276 0.235754 0.569102 0.125000 1.500000 15.163812 0.434927 0.667960
1.044401 0.718735 0.719394 0.974162 0.245683 0.619815 0.250000 0.500000 15.486029 0.445207 0.612305
1.047603 0.754174 0.742317 0.998276 0.320013 0.791185 0.125000 0.000000 17.320155 0.503726 0.612305
1.109828 0.768838 0.742623 1.014574 0.367681 0.962441 0.000000 0.000000 20.321954 0.599499 0.601508
1.161832 0.768457 0.726549 0.999350 0.411597 0.971110 0.500000 0.625000 23.005136 0.685108 0.534722
1.064927 0.799519 0.786125 0.997281 0.522734 0.807765 0.875000 0.500000 30.547383 0.925746 0.501329
1.117070 0.774918 0.742183 0.991113 0.483937 0.594391 0.375000 0.375000 19.000250 0.557330 0.501329
1.135544 0.754514 0.712218 0.977923 0.576450 0.648722 0.250000 0.250000 19.403426 0.570193 0.467936
1.138817 0.744015 0.710796 0.985161 0.740159 0.751935 0.250000 0.250000 23.520122 0.701538 0.467535
1.036404 0.754981 0.708316 0.980168 0.625447 0.889130 0.125000 0.375000 24.481279 0.732205 0.467535
1.005094 0.777627 0.724192 0.960128 0.332246 0.979926 0.250000 0.625000 21.256253 0.629309 0.467535
0.951746 0.829020 0.760678 1.001394 0.402713 1.019350 0.250000 0.250000 22.274596 0.661799 0.534321
0.847751 0.868049 0.831431 1.011833 0.397911 1.031852 0.125000 0.125000 21.141456 0.625646 0.534321
0.812113 0.849917 0.821726 1.005679 0.384735 0.974842 0.250000 0.125000 19.756002 0.581442 0.556316
0.752481 0.869485 0.851558 1.029560 0.447293 0.915761 1.250000 0.125000 19.232330 0.564734 0.600707
0.699234 0.879648 0.903385 1.024176 0.492400 0.791099 1.125000 0.250000 19.518397 0.573862 0.556316
0.495961 0.858506 0.953476 0.991945 0.522486 0.675300 0.875000 0.250000 21.617449 0.640833 0.556316
0.387937 1.078244 1.094545 1.025148 0.830061 0.819003 0.750000 0.625000 30.672972 0.929753 0.584144
0.197455 1.078680 1.099265 0.991415 1.271730 1.015477 0.000000 0.625000 39.374386 1.207376 0.567714
0.284844 1.202617 1.218455 1.043920 1.495222 1.205802 1.250000 0.625000 49.128874 1.518597 0.584144
0.162897 1.240970 1.253570 0.990706 1.503161 1.020225 0.625000 0.000000 55.128621 1.710022 0.596165
0.157686 1.264374 1.282295 1.023074 1.839146 1.070503 0.125000 0.625000 57.855153 1.797013 0.596165
-0.045176 1.066479 1.040143 0.820016 1.716073 1.001960 0.250000 1.000000 42.741776 1.314814 0.596165
-0.128487 1.205628 1.193566 0.943390 1.414571 1.548414 0.125000 0.500000 46.834407 1.445391 0.548747
0.494456 0.963095 0.934186 0.955265 1.199942 1.013017 0.125000 0.250000 29.773045 0.901041 0.605154
0.569666 0.887789 0.843390 0.908359 1.125225 0.921836 0.625000 0.250000 26.961326 0.811332 0.646895
0.692093 0.796697 0.774837 0.900166 0.704586 0.874692 0.625000 0.375000 21.228981 0.628439 0.688636
0.757974 0.745029 0.717289 0.904695 0.420105 0.694894 0.625000 0.500000 17.373437 0.505426 0.709256
0.686469 0.757176 0.741859 0.915206 0.500693 0.722830 0.000000 0.000000 19.302937 0.566987 0.704705
0.780481 0.686692 0.664815 0.881342 0.449628 0.554465 0.750000 0.000000 17.109311 0.496999 0.704927
0.818035 0.667889 0.639817 0.869390 0.380395 0.410093 0.375000 1.125000 14.169355 0.403198 0.709507
0.768176 0.674207 0.661713 0.890378 0.566691 0.548246 0.625000 0.875000 18.906152 0.554328 0.715394
0.793927 0.679232 0.661487 0.897281 0.473812 0.670036 0.500000 0.875000 18.088655 0.528245 0.667765
0.784307 0.684471 0.657678 0.891384 0.389809 0.661749 0.500000 0.125000 17.032936 0.494562 0.709256
0.802328 0.703190 0.693923 0.914808 0.309654 0.562122 0.500000 0.125000 14.850865 0.424942 0.667793
0.775219 0.687319 0.698658 0.923043 0.320392 0.514897 0.625000 0.125000 14.398363 0.410505 0.667793
0.732829 0.690767 0.685576 0.902391 0.399258 0.497516 0.000000 0.375000 14.137400 0.402178 0.626052
0.745745 0.678548 0.689903 0.923023 0.615318 0.562437 0.500000 0.500000 15.961071 0.460363 0.626302
0.738499 0.692680 0.704492 0.931258 0.785238 0.736489 0.500000 0.625000 19.522509 0.573993 0.626052
0.686353 0.726397 0.736521 0.942486 0.837612 0.852748 0.000000 0.750000 21.519507 0.637708 0.620017
0.690099 0.786200 0.779148 0.972733 0.756065 0.886091 0.750000 0.500000 24.656254 0.737787 0.626052
0.651809 0.803820 0.802561 0.971524 0.626871 0.710502 1.125000 0.375000 23.436177 0.698860 0.630746
0.691710 0.845812 0.821695 0.976309 0.742303 0.611547 0.750000 0.250000 24.351331 0.728059 0.667626
0.715255 0.843346 0.815170 0.989500 0.589584 0.714066 0.625000 1.000000 20.553218 0.606878 0.704952
0.524634 0.852861 0.840686 0.933931 0.549692 1.039982 0.750000 1.375000 23.049683 0.686529 0.704952
0.522692 0.890507 0.860058 0.948991 0.545521 1.050620 0.125000 0.125000 25.443091 0.762892 0.742055
0.532965 0.929691 0.882722 0.974857 0.382703 0.909090 0.125000 1.250000 26.484235 0.796110 0.741833
0.559882 0.954158 0.906743 0.986997 0.333736 0.787915 0.375000 0.875000 27.158124 0.817611 0.741833
0.612151 0.949350 0.875595 0.950100 0.460455 0.846554 0.375000 0.375000 28.130217 0.848626 0.751276
0.521884 1.066147 0.968646 0.963494 0.690346 1.203123 0.375000 0.500000 35.590677 1.086655 0.741833
0.530598 1.051484 0.963331 0.962927 0.652535 0.982763 0.375000 1.125000 30.758320 0.932476 0.760385
0.676119 0.905003 0.828036 0.920350 0.462729 0.806584 0.125000 0.500000 23.230639 0.692302 0.760385
0.629330 0.886355 0.823037 0.929829 0.511506 0.684396 0.875000 1.125000 22.081187 0.655629 0.760607
0.692734 0.843687 0.776037 0.917500 0.462516 0.564655 0.000000 1.125000 18.771989 0.550047 0.730405
0.634700 0.926540 0.857878 0.959918 0.590952 0.602556 0.125000 0.500000 21.142056 0.625665 0.730405
0.643294 0.865248 0.810492 0.910745 0.821830 0.655313 0.250000 0.125000 24.225757 0.724052 0.688664
0.638129 0.819280 0.798218 0.879730 0.785666 0.604211 0.375000 0.250000 23.495720 0.700760 0.691860
0.597024 0.824213 0.826833 0.866954 0.576635 0.586893 0.500000 0.000000 20.946930 0.619440 0.695788
0.570834 0.861330 0.857836 0.928487 0.487433 0.594203 0.000000 0.750000 22.577432 0.671462 0.667738
0.563583 0.842184 0.848831 0.939593 0.534124 0.583097 0.000000 0.000000 27.642427 0.833063 0.667979
0.563115 0.861119 0.858435 0.954454 0.492827 0.687835 0.625000 0.125000 29.372409 0.888258 0.639817
0.552812 0.850836 0.859219 0.942225 0.557159 0.746714 0.500000 0.250000 26.900389 0.809387 0.639817
0.631622 0.836463 0.853804 0.967210 0.799730 0.650514 0.125000 0.125000 27.532392 0.829552 0.639484
0.554560 0.876679 0.877336 0.980246 0.985662 0.721144 0.125000 0.125000 31.165289 0.945461 0.643599
0.631885 0.889428 0.857519 1.000350 0.928687 0.926006 0.000000 0.375000 31.346763 0.951251 0.643313
0.582313 0.891739 0.868879 1.014816 0.689884 0.941632 0.000000 0.375000 26.177014 0.786308 0.643313
0.617694 0.877624 0.845193 1.001450 0.444689 0.858188 0.375000 0.250000 21.908886 0.650131 0.646436
0.633715 0.839005 0.829519 0.999261 0.479688 0.748288 1.125000 0.250000 21.313937 0.631149 0.667181
0.604785 0.823124 0.834972 0.962927 0.740914 0.572278 0.625000 0.125000 22.269428 0.661634 0.688149
0.631503 0.794532 0.805618 0.940914 0.883631 0.492827 0.500000 0.500000 22.471249 0.668074 0.685721
0.622611 0.775636 0.805852 0.914523 0.754525 0.678909 0.375000 0.125000 22.410768 0.666144 0.685943
0.553946 0.762831 0.757740 0.911409 0.397127 0.838485 0.375000 0.125000 20.152675 0.594099 0.685943
0.553567 0.778224 0.770351 0.904418 0.334038 0.751368 0.375000 0.000000 20.756757 0.613372 0.688400
0.528932 0.782682 0.784658 0.887288 0.790224 0.691353 0.000000 0.000000 26.148289 0.785391 0.691272
0.603278 0.689215 0.680410 0.842105 0.673233 0.619025 0.000000 0.250000 22.547908 0.670520 0.691272
0.631840 0.686745 0.669147 0.853026 0.588824 0.589030 0.375000 0.375000 20.809457 0.615053 0.695102
0.650996 0.733228 0.698934 0.860142 0.577379 0.555084 0.250000 0.375000 20.061129 0.591178 0.700463
0.757285 0.755968 0.706641 0.857393 0.679204 0.530685 0.250000 1.125000 19.911814 0.586414 0.600707
0.698823 0.790282 0.738576 0.884731 0.483622 0.595980 0.250000 0.500000 17.118446 0.497290 0.556020
0.716046 0.806379 0.739413 0.924404 0.283048 0.568228 0.250000 0.125000 15.686437 0.451601 0.500698
0.649003 0.893073 0.806556 0.934070 0.285143 0.542719 0.125000 1.000000 17.775196 0.518244 0.445043
0.649811 0.940792 0.847454 0.955810 0.319467 0.619389 0.875000 0.500000 18.690634 0.547451 0.400393
0.543815 0.964311 0.880700 0.989099 0.569942 0.936028 0.250000 0.500000 25.815629 0.774778 0.500698
0.588808 0.925703 0.846659 0.989691 0.706835 1.064960 0.625000 0.625000 28.130504 0.848635 0.524641
0.697682 0.955815 0.910994 0.992966 0.755188 1.076202 0.500000 0.625000 29.142735 0.880930 0.524641
0.682006 0.947096 0.909391 1.000350 0.765970 1.022929 0.250000 0.625000 27.609352 0.832007 0.542597
0.704237 0.916280 0.891767 1.003460 1.006775 0.984865 0.125000 0.375000 30.922508 0.937715 0.556564
0.670381 0.862973 0.807262 0.979399 0.903779 0.718937 0.000000 0.250000 26.512671 0.797017 0.593444
0.722562 0.826579 0.799807 0.963043 0.576365 0.618326 0.375000 0.250000 21.355012 0.632460 0.626052
0.722915 0.907398 0.903592 0.958449 0.438159 0.743533 0.375000 0.375000 20.750794 0.613182 0.667793
0.833077 0.883700 0.837318 0.949543 0.575959 0.884489 0.125000 0.625000 21.441699 0.635225 0.709034
0.802748 0.887505 0.834255 0.940678 0.567351 1.017784 0.125000 0.000000 22.045353 0.654485 0.709034
0.852720 0.875727 0.843782 0.909104 0.475840 1.017390 0.125000 0.250000 21.595846 0.640144 0.667150
0.765531 0.874637 0.868505 0.892998 0.614966 0.893758 0.125000 0.125000 25.043677 0.750148 0.619191
0.572918 0.902967 0.904151 0.937300 0.954661 0.727397 0.000000 0.125000 34.325690 1.046295 0.571773
0.551807 0.882113 0.880736 0.954957 0.720722 0.737704 0.875000 0.125000 31.694609 0.962349 0.571773
0.457639 0.959155 0.935318 0.949919 0.369308 0.730190 0.125000 0.125000 26.600238 0.799811 0.523815
0.350674 1.025950 0.969321 0.972624 0.458515 0.821131 0.125000 0.000000 28.264225 0.852901 0.524101
0.364150 1.004204 0.927921 0.974446 0.575599 1.183068 0.875000 0.000000 31.601786 0.959388 0.542125
0.194666 0.945426 0.904242 0.972624 0.555874 1.155950 0.000000 0.000000 29.683675 0.898189 0.541875
0.182234 0.948037 0.917310 0.972416 0.503843 1.019689 0.125000 0.000000 23.852902 0.712156 0.500634
0.173382 0.960504 0.918149 1.011396 0.547890 0.733853 0.125000 0.250000 21.475974 0.636319 0.519262
0.202900 0.974184 0.907965 1.016338 0.809967 0.635294 0.000000 1.000000 23.811878 0.710847 0.533965
0.288266 0.972298 0.879970 1.017960 0.581550 0.764716 0.125000 1.000000 20.800451 0.614766 0.556341
0.309791 1.008136 0.904380 1.027966 0.534590 0.921429 0.000000 1.000000 24.766211 0.741295 0.593444
0.285434 0.992733 0.901302 1.043747 0.583027 1.076508 0.125000 0.000000 28.933328 0.874249 0.556143
0.271556 0.984278 0.893469 1.066296 0.599237 1.163502 0.250000 0.125000 29.507657 0.892573 0.556341
0.337514 0.916869 0.860834 1.017960 0.613984 0.910029 0.375000 0.125000 25.646784 0.769391 0.556341
0.305161 0.950238 0.887003 1.056484 0.822185 0.923645 0.250000 0.125000 26.873538 0.808531 0.556119
0.420478 0.896929 0.839425 1.048258 0.790798 0.863216 1.375000 0.000000 24.847830 0.743900 0.556341
0.356053 0.846325 0.797601 1.024920 0.554208 0.830602 0.125000 0.000000 21.138827 0.625562 0.593444
0.275576 0.878809 0.822860 1.026958 0.430868 0.836813 0.125000 0.750000 20.631366 0.609371 0.593222
0.307144 0.814730 0.768550 1.004785 0.435480 0.798102 0.000000 0.625000 22.414566 0.666265 0.593444
0.282314 0.770448 0.720902 0.982418 0.624219 0.877850 0.000000 0.500000 27.156991 0.817574 0.600729
0.303664 0.734809 0.701808 0.947653 0.636958 0.814360 0.125000 0.500000 24.968594 0.747753 0.600729
0.321384 0.747864 0.732222 0.949197 0.785352 0.805579 0.125000 0.625000 23.859270 0.712359 0.634300
0.325222 0.753648 0.727238 0.943978 0.755817 0.793344 0.250000 0.750000 21.676698 0.642723 0.667693
0.353242 0.721130 0.666498 0.941025 0.559003 0.695402 0.000000 0.750000 18.482805 0.540821 0.667493
0.313324 0.716720 0.679123 0.920516 0.442824 0.603761 0.500000 0.500000 16.722070 0.484643 0.667693
0.342074 0.719023 0.664033 0.928214 0.334040 0.528569 0.875000 0.125000 14.002378 0.397870 0.667493
0.420659 0.740276 0.668044 0.914541 0.267441 0.591827 0.000000 0.500000 13.958835 0.396481 0.667293
0.478417 0.700442 0.612939 0.896139 0.234140 0.678841 0.000000 0.375000 14.311052 0.407719 0.667493
0.471711 0.675182 0.601026 0.881079 0.227825 0.675162 0.000000 0.500000 14.342030 0.408707 0.667493
0.559840 0.714411 0.632535 0.913125 0.341024 0.596272 0.000000 0.000000 16.610085 0.481071 0.667493
0.471289 0.675372 0.619300 0.910340 0.457337 0.504223 0.000000 0.000000 19.989356 0.588888 0.667493
0.490738 0.648342 0.575323 0.869426 0.374245 0.404922 1.000000 0.625000 15.984900 0.461124 0.667493
0.481782 0.612846 0.538995 0.877588 0.176927 0.361457 1.125000 0.750000 10.586755 0.288893 0.667404
0.469543 0.611756 0.543010 0.878376 0.160751 0.397746 0.500000 0.125000 10.466537 0.285058 0.667543
0.506305 0.526288 0.479648 0.799676 0.218814 0.426916 0.375000 0.125000 11.150569 0.306882 0.625802
0.419593 0.448819 0.421965 0.729707 0.231662 0.383350 0.375000 0.125000 10.373399 0.282086 0.584311
0.376387 0.408639 0.394145 0.678383 0.205093 0.348853 0.250000 0.375000 9.553211 0.255918 0.542597
0.277344 0.351347 0.332238 0.650776 0.145665 0.220592 0.375000 0.375000 7.858479 0.201847 0.524641
0.225263 0.308505 0.291922 0.577695 0.092278 0.129502 0.250000 0.000000 7.866465 0.202101 0.476936
0.193029 0.242648 0.228640 0.452455 0.065595 0.028591 0.125000 1.000000 6.949301 0.172839 0.445377
0.225247 0.196410 0.211617 0.340407 0.037000 0.048294 0.000000 0.750000 7.337827 0.185235 0.400794
0.320175 0.139040 0.220360 0.272515 0.007865 0.087389 0.625000 0.125000 4.977051 0.109913 0.133650
0.398824 0.101306 0.215517 0.209226 0.005510 0.111550 0.125000 0.625000 4.603818 0.098005 0.222423
0.509877 0.065730 0.204646 0.124672 0.004149 0.056460 1.250000 0.125000 3.894325 0.075368 0.429232
0.837696 0.073406 0.338684 0.126603 0.023826 0.045097 0.000000 0.000000 6.458646 0.157184 0.445043
1.019138 0.096284 0.365808 0.193211 0.048431 0.032859 0.125000 0.000000 8.935841 0.236220 0.467179
1.278679 0.166034 0.403509 0.311529 0.062743 0.034960 1.125000 0.000000 9.888169 0.266605 0.333696
1.500518 0.178454 0.349827 0.303872 0.020741 0.050188 1.000000 0.500000 7.647809 0.195125 0.445118
1.696621 0.203274 0.337311 0.353197 -0.003102 0.044750 1.000000 0.250000 4.755226 0.102836 0.467268
1.909477 0.217552 0.269675 0.374964 0.000633 0.031610 0.125000 0.125000 2.603137 0.034172 0.467268
1.918539 0.180044 0.201485 0.355884 0.078130 0.054250 0.375000 0.125000 3.935450 0.076681 0.667738
1.949907 0.174558 0.181487 0.349997 0.121735 0.083161 0.625000 0.125000 5.219694 0.117655 0.946013
1.959872 0.194094 0.199340 0.362135 0.088173 0.087309 0.625000 0.125000 4.840649 0.105561 1.001957
1.885511 0.188459 0.220114 0.315705 0.042476 0.068518 0.000000 0.125000 4.212312 0.085514 0.801599
1.800898 0.179807 0.215631 0.282317 0.033753 0.040768 0.375000 0.375000 4.530074 0.095652 0.801599
1.639257 0.125548 0.169494 0.228427 0.037560 0.023844 0.875000 0.000000 5.651793 0.131441 0.801599
1.563938 0.091572 0.121262 0.172203 0.006605 0.023572 0.750000 0.000000 3.897678 0.075475 1.085706
1.468035 0.063836 0.080913 0.112137 -0.018970 0.038281 0.625000 0.000000 2.532979 0.031934 1.113534
1.352371 0.048387 0.034409 0.099127 -0.022562 0.021879 0.625000 1.250000 1.495745 -0.001159 1.085706
1.337371 0.057092 0.030260 0.122755 -0.019012 0.008599 0.750000 0.375000 1.341574 -0.006078 1.085706
1.337170 0.059139 0.034033 0.135341 -0.018818 0.008379 0.625000 0.375000 1.321017 -0.006734 0.890914
1.288480 0.074115 0.047706 0.157090 -0.021171 0.016860 0.500000 0.375000 1.333523 -0.006335 0.835259
1.289917 0.096320 0.067300 0.211936 0.012989 0.024096 0.500000 0.500000 2.277159 0.023772 0.835259
1.328267 0.152851 0.140437 0.325395 0.034825 0.040532 0.000000 0.250000 3.194565 0.053042 1.002224
1.335458 0.215598 0.209905 0.345964 0.054327 0.040740 0.000000 1.000000 4.121213 0.082607 1.002224
1.320835 0.305297 0.295746 0.425656 0.055819 0.056586 0.125000 0.625000 5.399320 0.123386 1.167965
1.232596 0.390308 0.381115 0.474572 0.063541 0.084403 0.250000 0.250000 5.889763 0.139034 1.167965
1.230006 0.489974 0.465222 0.570863 0.272854 0.174612 0.375000 0.250000 9.084002 0.240947 1.167965
1.096497 0.558651 0.581393 0.645541 0.470343 0.251156 0.000000 0.000000 13.829345 0.392350 1.001000
0.900321 0.623399 0.685224 0.650501 0.708988 0.160950 0.625000 0.125000 32.008692 0.972370 0.889431
0.922676 0.698368 0.765750 0.731322 0.529745 0.263644 0.750000 0.000000 32.810557 0.997954 0.889431
0.822373 0.797053 0.863670 0.817554 0.480410 0.763878 0.750000 0.000000 36.081786 1.102324 0.889431
0.634442 0.867361 0.928145 0.869171 0.708565 1.101604 1.000000 0.375000 33.790255 1.029212 0.833646
0.497729 0.829260 0.891117 0.872086 0.370417 0.733272 0.125000 0.375000 26.444998 0.794858 0.867361
0.357453 0.893826 0.938810 0.891758 0.476187 0.561631 0.125000 0.375000 27.566179 0.830630 0.867361
0.350332 0.918855 0.950257 0.932995 0.622030 0.369449 0.500000 1.250000 24.098001 0.719976 0.750775
0.287095 0.953494 0.993841 0.914141 0.992931 0.389850 0.000000 0.750000 29.404679 0.889288 0.750775
0.095104 0.928205 0.978156 0.903308 1.015387 0.361357 0.625000 0.375000 28.837102 0.871179 0.750775
0.107673 0.919687 0.954764 0.931850 1.290895 0.441512 0.500000 0.625000 33.624325 1.023918 0.778269
0.118963 0.954844 0.960103 0.978651 1.387471 0.683451 0.625000 0.625000 34.491060 1.051571 0.778269
0.115800 0.935540 0.942002 0.973628 1.210059 0.866754 0.500000 0.625000 32.854841 0.999367 0.778269
0.153334 0.896418 0.909905 1.016770 0.973560 1.063175 0.250000 0.000000 32.315921 0.982172 0.778269
0.101007 0.912679 0.941704 0.994724 0.771292 1.096781 0.250000 0.750000 33.213373 1.010806 0.834258
0.219387 1.011082 0.990950 1.045147 0.699328 1.044695 0.750000 0.750000 30.151322 0.913110 0.666292
0.292406 0.948324 0.974806 1.045147 0.632602 0.935520 0.125000 0.000000 26.317014 0.790775 0.666292
0.416292 0.996459 1.017827 1.040577 0.616811 0.922828 0.000000 0.125000 23.414000 0.698153 0.667293
0.444771 0.981195 0.987019 1.016409 0.724146 0.755344 0.125000 0.000000 23.018728 0.685541 0.667293
0.533588 0.978752 0.985652 0.988514 0.968879 0.557576 0.125000 0.000000 26.805953 0.806374 0.778195
0.613983 1.034615 1.028883 1.025016 1.068627 0.762392 0.125000 0.000000 32.143291 0.976665 0.778195
0.685617 1.032580 1.007601 1.005543 0.909979 0.996361 0.000000 0.000000 32.349831 0.983254 0.667552
0.684292 1.062266 1.037733 0.996422 0.845525 0.913144 0.000000 0.000000 28.480359 0.859797 0.667552
0.666483 1.070714 1.082919 1.003087 0.646530 0.900053 0.125000 0.000000 30.361024 0.919801 0.667552
0.669731 1.003853 0.974121 0.968877 0.743586 0.754501 0.000000 0.500000 25.471171 0.763788 0.667552
0.706433 0.977296 0.964153 0.949496 0.702901 0.673151 0.875000 0.500000 26.416303 0.793942 0.667552
0.525313 0.934894 0.935436 0.937966 0.664033 0.693599 0.750000 0.500000 23.451283 0.699342 0.667738
0.623238 0.935856 0.951529 0.912996 0.469144 0.930331 0.125000 0.125000 23.257849 0.693171 0.667552
0.616392 0.913352 0.935224 0.952593 0.453834 1.017808 0.250000 1.000000 24.925157 0.746367 0.667552
0.607279 0.895451 0.923762 0.936324 0.603042 0.769590 0.000000 0.250000 28.011284 0.844831 0.501329
0.536084 0.955914 1.009345 0.932695 0.872011 0.630463 0.000000 0.250000 34.099100 1.039066 0.501329
0.441996 0.993101 1.001565 0.956344 1.195848 0.802282 0.875000 0.500000 40.725162 1.250473 0.668294
0.439953 1.010870 1.044960 0.917500 1.447217 1.018548 1.500000 0.500000 46.204341 1.425289 0.667293
0.533867 0.975422 0.982843 0.911310 1.179185 0.653882 0.250000 0.625000 35.787089 1.092922 0.667626
0.527304 1.040568 1.025964 0.942805 0.770316 0.433588 0.250000 0.750000 25.578554 0.767214 0.750720
0.505785 1.054176 1.006208 0.941509 1.172369 0.433479 0.250000 1.250000 28.117732 0.848227 0.750720
0.517892 1.045630 1.003952 0.960227 1.996869 0.507113 0.625000 0.375000 35.523274 1.084505 0.778195
0.477464 0.991278 0.967548 0.956344 1.640285 0.819776 0.750000 0.125000 33.731910 1.027350 0.778195
0.542907 0.939886 0.918033 0.936767 0.750350 0.851012 0.375000 0.125000 26.535910 0.797759 0.778195
0.407671 1.025244 1.014643 0.979156 1.050721 1.132189 0.875000 0.000000 30.686609 0.930189 0.778195
0.409512 1.011207 0.979201 0.994591 1.262487 0.852628 0.000000 0.375000 31.317086 0.950304 0.778195
0.279154 1.057993 1.064789 0.988886 1.234613 0.607607 0.000000 0.375000 32.343762 0.983061 0.778195
0.255726 0.937985 0.954668 0.981272 0.929038 0.228508 0.125000 0.375000 25.669762 0.770124 0.834146
0.229881 1.002920 1.060735 0.975521 0.945424 0.355509 0.125000 0.375000 32.008341 0.972359 0.999999
0.177875 0.930403 1.034978 0.979704 1.220933 0.550307 0.375000 0.375000 37.344618 1.142615 0.666292
0.144454 0.983215 1.096373 1.000350 1.848495 0.679964 0.500000 0.000000 42.152046 1.295999 0.666292
-0.019840 1.242034 1.273221 1.018465 2.138362 1.213530 0.500000 0.500000 47.136655 1.455035 0.666292
0.139608 1.168656 1.245082 1.031148 2.187635 1.140886 0.250000 0.375000 48.082211 1.485203 0.666292
0.192472 1.146902 1.224888 1.001724 1.877857 1.193702 0.125000 0.000000 43.018221 1.323634 0.333363
0.026652 1.234579 1.239151 0.974233 1.266008 1.571857 0.000000 0.000000 38.847450 1.190564 0.555575
0.132402 1.137061 1.159130 0.962879 1.348001 1.388645 1.375000 0.375000 39.159478 1.200519 0.555575
0.449540 1.076033 1.087953 0.953095 1.577491 1.472272 0.125000 1.000000 46.827924 1.445185 0.555575
0.241926 1.117427 1.091390 0.980538 1.784487 1.414603 0.125000 0.750000 51.933779 1.608089 0.555575
0.344673 1.001369 0.979819 0.929252 1.580630 0.811588 0.125000 0.875000 40.813797 1.253301 0.555575
0.351080 1.039826 0.973173 0.922760 1.656102 0.702262 0.125000 0.500000 36.448099 1.114011 0.500216
0.485838 0.954096 0.892473 0.884433 0.746337 0.698855 0.250000 0.375000 26.679342 0.802335 0.500216
0.518062 0.868873 0.843894 0.882584 0.833555 0.655185 0.375000 1.125000 32.885366 1.000341 0.500216
0.412562 0.843675 0.779109 0.882584 0.411923 0.622245 0.500000 0.500000 27.902794 0.841370 0.500216
0.375741 0.865977 0.799421 0.909079 0.478954 0.522978 0.000000 0.500000 25.491135 0.764425 0.999999
0.355526 0.885400 0.827286 0.902267 0.556466 0.483526 0.000000 0.625000 23.026017 0.685774 0.334364
0.339928 0.880802 0.841096 0.908799 0.584041 0.493805 1.000000 0.750000 25.084327 0.751445 0.334364
0.260373 0.900374 0.832357 0.906660 0.512904 0.425346 1.000000 0.875000 28.313667 0.854479 0.334364
0.291284 0.897224 0.849361 0.889210 0.430926 0.351645 0.125000 0.375000 30.587359 0.927022 0.334364
0.259560 0.942818 0.889498 0.924404 0.381463 0.545020 0.250000 1.000000 28.850780 0.871616 0.334364
0.313301 0.881878 0.840020 0.920568 0.552770 0.902161 0.250000 0.375000 26.476738 0.795871 0.334364
0.333338 0.878187 0.828856 0.885122 0.667852 1.052602 0.375000 0.250000 26.557016 0.798432 0.332584
0.421952 0.867968 0.809213 0.890531 0.518053 0.880847 0.250000 1.250000 25.179201 0.754472 0.332584
0.442016 0.951102 0.911551 0.905155 0.376079 0.663606 0.250000 0.625000 18.640440 0.545850 0.332584
0.364470 0.936961 0.914889 0.933318 0.364096 0.384213 0.750000 0.000000 16.696593 0.483831 0.332584
0.495974 0.921281 0.916640 0.945898 0.473424 0.465881 0.875000 0.875000 17.473977 0.508633 0.332584
0.579341 0.824926 0.813705 0.887992 0.408521 0.440985 0.000000 0.125000 15.848457 0.456770 0.332584
0.588255 0.787032 0.777041 0.878837 0.344581 0.487708 0.000000 0.125000 15.724827 0.452826 0.332584
0.522685 0.703245 0.695494 0.818578 0.469140 0.608963 0.125000 0.000000 17.797635 0.518960 0.333029
0.526074 0.594444 0.558477 0.761227 0.583529 0.565958 0.000000 0.750000 17.338281 0.504304 0.333029
0.502269 0.601469 0.561712 0.760829 0.625663 0.667452 0.750000 0.500000 19.688107 0.579276 0.333029
0.464662 0.615328 0.582323 0.770139 0.564021 0.587790 0.750000 0.000000 19.679081 0.578988 0.333177
0.492460 0.550346 0.512472 0.708251 0.277278 0.398341 0.625000 0.250000 12.882710 0.362147 0.333177
0.476533 0.442129 0.369282 0.602210 0.135008 0.196149 0.500000 0.250000 8.418097 0.219701 0.445081
0.442566 0.423477 0.350356 0.587341 0.175978 0.161785 0.000000 0.875000 8.691219 0.228416 0.500884
0.458729 0.378104 0.321310 0.572803 0.183812 0.165738 0.125000 0.000000 7.734072 0.197877 0.500884
0.418763 0.419531 0.353060 0.591624 0.130053 0.156707 0.375000 0.000000 6.780059 0.167439 0.501329
0.394882 0.413918 0.352231 0.583480 0.099276 0.131254 0.375000 0.250000 5.973230 0.141697 0.501329
0.365112 0.363358 0.304804 0.564586 0.083608 0.107733 0.500000 0.250000 5.814943 0.136647 0.668294
0.333530 0.389955 0.337790 0.578429 0.136797 0.138389 0.000000 0.250000 6.909490 0.171569 0.667893
0.389329 0.329014 0.291039 0.553083 0.173104 0.121116 0.625000 0.500000 7.385234 0.186747 0.667893
0.381504 0.355015 0.304820 0.613218 0.155488 0.123019 0.750000 0.500000 8.230354 0.213711 0.612305
0.363591 0.372846 0.324872 0.632095 0.085185 0.164922 0.750000 0.375000 7.688656 0.196428 0.572345
0.397863 0.393289 0.340548 0.657086 0.141638 0.211777 0.125000 0.125000 7.680740 0.196176 0.556353
0.392588 0.385669 0.333298 0.639270 0.158246 0.232059 0.250000 0.125000 7.109814 0.177960 0.612008
0.396019 0.358571 0.315246 0.618171 0.148264 0.269897 0.375000 0.125000 7.138714 0.178882 0.612008
0.397077 0.362054 0.325871 0.649136 0.140250 0.272835 0.375000 0.125000 7.178906 0.180164 0.667537
0.344742 0.360438 0.342226 0.641334 0.095665 0.181027 0.375000 0.250000 5.535277 0.127724 0.667537
0.328986 0.399854 0.397536 0.686552 0.095045 0.182557 0.750000 0.125000 5.687688 0.132586 0.466868
0.344319 0.421167 0.404492 0.690941 0.133104 0.193995 0.375000 0.000000 8.247094 0.214246 0.467268
0.321375 0.441649 0.418880 0.707205 0.302176 0.211386 0.375000 1.500000 14.198235 0.404119 0.467268
0.268973 0.421229 0.401223 0.696567 0.388546 0.224213 0.500000 0.750000 13.395118 0.378496 0.400171
0.227879 0.437151 0.415686 0.688356 0.374352 0.242314 1.375000 0.125000 11.196539 0.308349 0.467313
0.233645 0.478659 0.460120 0.729562 0.251045 0.335565 0.625000 0.625000 9.667862 0.259576 0.445155
0.171835 0.475114 0.447924 0.754486 0.413155 0.263256 0.000000 0.625000 10.484249 0.285623 0.333741
0.141651 0.471732 0.434223 0.746406 0.398125 0.258993 0.000000 0.000000 10.816346 0.296219 0.333548
0.188404 0.448054 0.393618 0.705772 0.328299 0.220675 0.000000 0.750000 10.053589 0.271883 0.333665
0.164936 0.475067 0.422355 0.701034 0.315280 0.238857 0.000000 0.625000 9.460718 0.252967 0.333752
0.184533 0.470960 0.414706 0.716523 0.249231 0.250138 0.875000 0.625000 8.143803 0.210950 0.375465
0.122827 0.470674 0.408650 0.711248 0.121193 0.248115 1.250000 0.625000 7.088123 0.177268 0.291983
0.103697 0.498454 0.428504 0.751312 0.141517 0.261186 1.125000 0.625000 8.219841 0.213376 0.296692
0.114252 0.546953 0.483417 0.755066 0.228572 0.290411 0.500000 0.750000 10.140314 0.274650 0.333968
0.088226 0.524022 0.457076 0.776732 0.203349 0.264030 0.375000 0.250000 8.926640 0.235927 0.259589
0.114585 0.518148 0.446839 0.799598 0.209309 0.301875 0.250000 0.250000 8.677178 0.227968 0.259589
0.138547 0.504619 0.433407 0.774894 0.230439 0.415796 0.125000 0.375000 10.385764 0.282481 0.267066
0.122656 0.571037 0.485741 0.796100 0.166306 0.622453 0.375000 0.375000 13.489532 0.381508 0.267066
0.062089 0.615489 0.527692 0.836370 0.160199 0.634838 0.375000 0.375000 13.885973 0.394157 0.300459
0.090095 0.600869 0.521889 0.832745 0.128851 0.474261 0.500000 0.250000 10.759105 0.294392 0.333652
0.080595 0.626086 0.562698 0.832745 0.197423 0.408075 0.500000 0.250000 10.673409 0.291658 0.300437
0.111111 0.602720 0.533705 0.845294 0.215538 0.375770 0.500000 0.250000 10.965606 0.300981 0.333830
0.118816 0.592433 0.529673 0.813487 0.204066 0.394159 0.375000 0.250000 11.316460 0.312175 0.333652
0.115442 0.583917 0.525177 0.822526 0.216184 0.453974 0.375000 0.250000 12.307574 0.343797 0.350348
0.134113 0.543736 0.491157 0.776732 0.259231 0.420023 0.250000 0.000000 12.693079 0.356097 0.389401
0.102081 0.534118 0.487425 0.780186 0.288812 0.368602 0.125000 0.625000 12.662697 0.355127 0.352124
0.169962 0.493846 0.454150 0.739814 0.266837 0.379089 0.125000 0.625000 11.668388 0.323403 0.389228
0.162214 0.474323 0.413686 0.754628 0.232206 0.347543 0.125000 0.375000 9.566550 0.256343 0.426529
0.170083 0.435495 0.380256 0.724277 0.105511 0.213822 0.625000 0.250000 6.425822 0.156137 0.426306
0.168990 0.430617 0.361495 0.754094 0.082068 0.193941 0.250000 0.125000 5.788496 0.135803 0.426529
0.236293 0.410718 0.336349 0.712348 0.042693 0.196314 1.000000 0.125000 5.238513 0.118255 0.500736
0.266144 0.381221 0.318601 0.671252 0.051589 0.246338 0.375000 0.125000 6.391462 0.155041 0.537839
0.294243 0.386681 0.316289 0.668087 0.068085 0.264968 0.625000 0.000000 6.841078 0.169386 0.574917
0.307219 0.286523 0.228442 0.564661 0.111369 0.140128 0.125000 0.000000 4.963953 0.109495 0.593469
0.382075 0.332131 0.270442 0.649010 0.082138 0.240464 1.000000 0.000000 6.509240 0.158798 0.600952
0.360305 0.275855 0.226244 0.581782 0.072104 0.157101 0.875000 0.250000 5.374691 0.122600 0.667693
0.363181 0.281947 0.230645 0.572246 0.048874 0.134832 0.875000 0.375000 4.516408 0.095216 0.667626
0.473133 0.294686 0.226549 0.571887 0.037715 0.130840 0.500000 0.625000 3.800890 0.072387 0.630523
0.484434 0.271706 0.214750 0.532225 0.052351 0.146273 0.375000 0.500000 3.994882 0.078577 0.626052
0.510470 0.269384 0.210662 0.527130 0.057657 0.128691 0.375000 0.375000 4.076666 0.081186 0.620017
0.504643 0.322769 0.262906 0.609629 0.034949 0.141066 0.500000 0.125000 4.475213 0.093902 0.620017
0.509228 0.330495 0.272019 0.624618 0.071364 0.130529 0.625000 0.875000 4.995799 0.110511 0.619731
0.510852 0.352777 0.285729 0.665892 0.124217 0.130572 0.625000 0.875000 5.854205 0.137899 0.620017
0.508641 0.352228 0.286030 0.665384 0.123790 0.157534 0.625000 0.125000 5.937669 0.140562 0.572313
0.520456 0.346116 0.277750 0.657466 0.069108 0.190141 0.750000 0.125000 5.203948 0.117153 0.556316
0.546846 0.352325 0.284305 0.684575 0.043549 0.217876 0.000000 0.125000 5.050067 0.112243 0.556650
0.526552 0.331927 0.267004 0.678697 0.064071 0.208384 0.000000 0.500000 5.286061 0.119772 0.572599
0.485170 0.336527 0.282088 0.685682 0.104644 0.176559 0.375000 0.375000 5.891913 0.139102 0.548509
0.495697 0.345424 0.283513 0.684069 0.072046 0.148356 0.375000 0.250000 5.331618 0.121226 0.563232
0.527500 0.382981 0.313573 0.696567 0.065777 0.267984 0.000000 0.500000 6.801039 0.168108 0.574905
0.539550 0.360234 0.289901 0.657886 0.061491 0.306070 0.000000 0.500000 6.506743 0.158719 0.593457
0.540273 0.389806 0.308366 0.656497 0.078146 0.286551 0.125000 0.000000 5.854622 0.137913 0.593679
0.554833 0.311188 0.252603 0.582412 0.072462 0.198279 0.250000 0.125000 4.905443 0.107629 0.630783
0.590033 0.358237 0.289758 0.626463 0.068938 0.203920 0.250000 0.250000 5.152290 0.115504 0.667663
0.621354 0.355983 0.286058 0.619223 0.051477 0.175087 0.125000 0.375000 4.679544 0.100421 0.667726
0.628747 0.354103 0.283574 0.592569 0.045475 0.166941 0.250000 0.625000 4.331791 0.089326 0.667726
0.660514 0.377467 0.291076 0.630566 0.029487 0.190944 0.375000 0.750000 4.543548 0.096082 0.667726
0.671898 0.376117 0.291152 0.647305 0.010570 0.197996 0.375000 0.625000 4.747494 0.102589 0.717783
0.672343 0.375455 0.291672 0.661691 0.036854 0.200119 0.250000 0.000000 5.303893 0.120341 0.723504
0.686515 0.371140 0.289259 0.658478 0.075802 0.237994 0.125000 0.125000 6.183346 0.148401 0.730405
0.671427 0.346881 0.274037 0.653169 0.013586 0.253585 0.500000 0.875000 5.187921 0.116641 0.709534
0.725436 0.376381 0.304663 0.689112 0.034657 0.241210 0.125000 0.250000 5.678928 0.132307 0.667571
0.698397 0.406642 0.339840 0.714492 0.023799 0.187364 0.125000 0.250000 5.150978 0.115463 0.625829
0.712730 0.392216 0.329956 0.708756 0.021315 0.158290 0.000000 0.375000 5.068692 0.112837 0.626080
0.751615 0.409793 0.356070 0.715855 0.075476 0.184504 0.000000 0.375000 6.290977 0.151835 0.620049
0.759387 0.418170 0.357934 0.720677 0.054018 0.197287 0.000000 0.375000 5.889406 0.139022 0.619763
0.758070 0.424426 0.370864 0.735765 0.074198 0.296411 0.000000 0.375000 7.046068 0.175926 0.619763
0.756913 0.426471 0.375636 0.710887 0.126635 0.372281 0.750000 0.250000 8.450216 0.220726 0.612008
0.776397 0.430426 0.371446 0.702582 0.181462 0.326179 0.750000 0.125000 8.385980 0.218677 0.620049
0.790110 0.403276 0.350073 0.651778 0.173764 0.277361 0.625000 0.125000 7.335114 0.185148 0.625829
0.760172 0.402076 0.352385 0.651778 0.198126 0.268277 0.625000 0.500000 7.525319 0.191217 0.625829
0.730365 0.284628 0.251233 0.547182 0.138057 0.197723 0.375000 0.250000 5.892730 0.139128 0.667793
0.720666 0.287628 0.236472 0.537396 0.133957 0.140781 0.375000 0.250000 5.275324 0.119430 0.667793
0.728078 0.250719 0.199769 0.500860 0.151044 0.100145 0.375000 1.125000 5.347429 0.121730 0.667722
0.736324 0.242426 0.183548 0.481582 0.108042 0.073902 0.625000 0.250000 4.698266 0.101019 0.646923
0.714590 0.235851 0.178294 0.467084 0.060716 0.078444 0.250000 0.375000 3.761821 0.071141 0.646923
0.660453 0.202129 0.152449 0.432074 0.055956 0.093248 0.000000 0.125000 3.616653 0.066509 0.643870
0.652270 0.198567 0.143973 0.435532 0.049653 0.111756 0.500000 0.000000 3.760183 0.071089 0.646672
0.645383 0.199990 0.160545 0.430299 0.035104 0.109411 0.000000 0.125000 3.463626 0.061627 0.646672
0.626768 0.201336 0.162187 0.468959 0.022904 0.080162 0.000000 0.250000 2.917781 0.044211 0.646672
0.628570 0.195706 0.153902 0.444808 0.004959 0.065816 0.625000 0.125000 2.671577 0.036356 0.646672
0.639995 0.190200 0.155324 0.426948 0.002547 0.079120 0.125000 0.125000 2.975902 0.046066 0.646672
0.660022 0.224027 0.175076 0.468033 0.024266 0.102634 0.250000 0.250000 3.583483 0.065451 0.688414
0.638178 0.223255 0.181369 0.474787 0.055089 0.106022 0.000000 0.250000 4.100995 0.081962 0.685956
0.594401 0.239414 0.208253 0.486255 0.083692 0.147381 1.125000 0.375000 5.301673 0.120270 0.741611
0.630515 0.227594 0.189652 0.478636 0.068405 0.125368 1.125000 0.500000 4.590702 0.097587 0.741833
0.638794 0.235713 0.191982 0.476064 0.054373 0.114049 0.625000 0.000000 4.096999 0.081835 0.741833
0.607609 0.243936 0.215610 0.492787 0.035813 0.118713 0.125000 0.375000 3.927418 0.076424 0.742055
0.625668 0.233740 0.198990 0.463475 0.036647 0.120139 0.375000 0.750000 3.605790 0.066163 0.779159
0.613315 0.249357 0.208235 0.446681 0.082323 0.116068 0.000000 0.000000 4.234309 0.086216 0.793267
0.637112 0.235402 0.193671 0.454740 0.082940 0.098535 0.875000 0.125000 4.175179 0.084329 0.793267
0.618041 0.272973 0.220033 0.510155 0.060912 0.109942 0.250000 0.000000 4.251557 0.086766 0.793017
0.630895 0.276842 0.236762 0.513886 0.090540 0.112646 0.375000 0.000000 4.718464 0.101663 0.763130
0.637458 0.326563 0.288077 0.584094 0.150425 0.171650 0.000000 0.125000 6.438166 0.156531 0.811121
0.597932 0.360622 0.334656 0.625469 0.134769 0.179657 0.000000 0.125000 7.426530 0.188065 0.715458
0.448649 0.425534 0.453717 0.659413 0.135303 0.160589 0.000000 0.125000 7.558849 0.192287 0.723318
0.399272 0.471322 0.482212 0.699833 0.092971 0.154972 0.125000 0.250000 6.881696 0.170682 0.667499
0.384896 0.500299 0.510280 0.724183 0.085627 0.156396 0.250000 0.250000 7.126669 0.178498 0.667499
0.246927 0.594165 0.568416 0.782881 0.236296 0.287603 0.125000 0.375000 14.275607 0.406588 0.619795
0.225679 0.602972 0.570167 0.801592 0.391375 0.337931 0.125000 0.125000 21.492379 0.636842 0.619795
0.181003 0.637033 0.580794 0.827073 0.431326 0.360481 1.250000 1.250000 22.377737 0.665090 0.572091
0.134210 0.631646 0.570769 0.844023 0.453012 0.357619 1.125000 0.125000 17.365294 0.505166 0.500582
0.146056 0.644546 0.559293 0.873860 0.409534 0.369061 0.750000 0.375000 14.020598 0.398452 0.479805
0.156782 0.586111 0.508935 0.851476 0.292755 0.290799 0.500000 0.375000 10.978469 0.301391 0.437813
0.202995 0.585268 0.493948 0.839465 0.171791 0.275946 0.500000 0.000000 9.402686 0.251115 0.479777
0.247037 0.544610 0.464080 0.809260 0.127178 0.243547 0.250000 0.000000 8.762754 0.230698 0.463620
0.249163 0.563375 0.461630 0.828859 0.090977 0.282238 0.000000 0.500000 8.351308 0.217571 0.500698
0.265700 0.569052 0.467787 0.836403 0.067571 0.351934 0.000000 0.375000 8.362156 0.217917 0.500476
0.364044 0.515734 0.422837 0.804298 0.076041 0.334328 0.750000 0.375000 7.994840 0.206197 0.500476
0.404651 0.444331 0.358111 0.768618 0.097207 0.269688 0.375000 0.500000 6.731530 0.165891 0.517058
0.467498 0.452350 0.367226 0.764074 0.102477 0.263372 0.000000 0.625000 6.797542 0.167997 0.550451
0.442947 0.480406 0.383543 0.763019 0.112848 0.283953 0.125000 0.000000 7.785622 0.199522 0.600707
0.426344 0.453637 0.375196 0.748315 0.146828 0.270438 0.250000 0.375000 8.501060 0.222348 0.633900
0.443187 0.476278 0.395636 0.738077 0.152122 0.252215 0.375000 0.250000 8.502526 0.222395 0.600707
0.424009 0.505618 0.417416 0.780532 0.193601 0.319407 0.375000 0.250000 9.426839 0.251886 0.600707
0.467712 0.476576 0.398069 0.790110 0.088429 0.311933 0.250000 0.375000 7.343176 0.185406 0.633900
0.475073 0.446769 0.381267 0.779248 0.085901 0.324295 0.125000 0.375000 7.434229 0.188311 0.634100
0.471868 0.448624 0.379727 0.768319 0.113536 0.349176 0.750000 0.375000 8.472955 0.221452 0.634300
0.465605 0.470583 0.393703 0.799371 0.122936 0.374355 0.750000 0.250000 8.845151 0.233327 0.634100
0.452366 0.493267 0.406807 0.794712 0.103682 0.364285 0.625000 0.375000 8.123239 0.210294 0.634300
0.451736 0.490592 0.409363 0.789966 0.116948 0.335830 0.000000 0.125000 8.068736 0.208555 0.634300
0.465921 0.475753 0.403330 0.777259 0.149148 0.306719 0.000000 1.250000 8.232620 0.213784 0.634100
0.473943 0.499584 0.421170 0.807204 0.148119 0.290146 0.125000 1.000000 8.041417 0.207683 0.634300
0.500898 0.499543 0.409047 0.821487 0.129484 0.284304 0.125000 0.375000 7.874663 0.202363 0.667693
0.507807 0.496130 0.402105 0.799386 0.125160 0.273453 0.125000 1.000000 7.743761 0.198186 0.667693
0.485002 0.506628 0.417986 0.824475 0.171240 0.253094 0.250000 0.250000 8.211403 0.213107 0.667693
0.457424 0.535855 0.456678 0.839354 0.269184 0.273078 0.375000 0.250000 9.610912 0.257759 0.667693
0.492364 0.489592 0.414768 0.801022 0.202572 0.309624 0.125000 0.625000 9.087457 0.241058 0.667693
0.507807 0.534077 0.458018 0.794712 0.193405 0.442848 0.125000 0.000000 10.678425 0.291818 0.667693
0.496784 0.532103 0.457086 0.825956 0.156532 0.557426 0.625000 0.000000 11.394656 0.314670 0.667693
0.491298 0.488631 0.412912 0.818657 0.135382 0.445495 0.500000 0.125000 9.565406 0.256307 0.667626
0.477016 0.492531 0.412040 0.836403 0.215810 0.376211 0.375000 0.125000 9.380591 0.250410 0.667849
0.502130 0.502440 0.409694 0.847973 0.269204 0.329519 0.125000 0.875000 9.062520 0.240262 0.667626
0.477423 0.512891 0.419066 0.836039 0.200246 0.310371 0.625000 0.750000 8.231948 0.213762 0.667626
0.519730 0.536411 0.444735 0.812023 0.138310 0.301959 0.750000 1.375000 8.158581 0.211421 0.667626
0.551190 0.546533 0.461272 0.799400 0.114693 0.287376 0.625000 0.625000 8.530101 0.223275 0.667849
0.567531 0.534924 0.438062 0.827427 0.112688 0.227200 0.500000 0.125000 8.501839 0.222373 0.667793
0.571405 0.536053 0.446596 0.822526 0.108114 0.208806 0.250000 0.250000 8.136942 0.210731 0.709256
0.571068 0.542060 0.448703 0.825956 0.139167 0.231687 0.125000 0.250000 8.082558 0.208996 0.709507
0.578888 0.520678 0.442369 0.797828 0.277570 0.241722 0.125000 0.250000 9.270836 0.246908 0.709507
0.534268 0.476128 0.407583 0.783632 0.365765 0.207084 0.250000 0.375000 10.037421 0.271367 0.704705
0.539730 0.455331 0.396294 0.756562 0.337731 0.217349 0.375000 0.375000 10.006703 0.270387 0.667602
0.585750 0.490559 0.421319 0.788538 0.270161 0.294670 0.375000 0.250000 10.065365 0.272258 0.667824
0.566410 0.438607 0.376571 0.750510 0.139870 0.253002 0.375000 0.000000 8.057829 0.208207 0.667824
0.544249 0.446139 0.388542 0.779076 0.184106 0.282361 0.375000 1.000000 9.102042 0.241523 0.667824
0.549462 0.456526 0.392455 0.804059 0.224047 0.354706 0.375000 0.000000 9.959923 0.268894 0.667602
0.511973 0.424020 0.379211 0.737592 0.176276 0.370564 0.375000 0.125000 8.895781 0.234942 0.667602
0.549481 0.495467 0.441314 0.802792 0.027710 0.315006 0.000000 0.125000 6.693765 0.164686 0.626052
0.409877 0.404079 0.412967 0.732609 0.059233 0.198396 0.250000 0.000000 5.976236 0.141793 0.620017
0.367644 0.394963 0.392875 0.700658 0.129056 0.232823 0.250000 1.000000 7.598487 0.193551 0.619731
0.338228 0.364744 0.366378 0.667004 0.205261 0.251693 0.375000 0.125000 8.968990 0.237278 0.667722
0.301840 0.375036 0.370495 0.683225 0.194417 0.233653 0.375000 0.125000 8.900622 0.235097 0.723281
0.243795 0.346814 0.330073 0.667337 0.152193 0.175146 0.375000 1.000000 8.356145 0.217725 0.723281
0.214013 0.354627 0.330899 0.666500 0.168871 0.146614 0.375000 1.500000 9.778100 0.263093 0.722948
0.199268 0.307798 0.273027 0.603507 0.193071 0.099784 0.500000 0.125000 6.870375 0.170321 0.778232
0.173785 0.273932 0.237696 0.574618 0.086397 0.088612 0.625000 0.000000 4.255390 0.086888 0.778566
0.171222 0.278823 0.234443 0.585180 0.055375 0.095755 0.125000 0.000000 3.668511 0.068164 0.762526
0.182963 0.188601 0.135928 0.457880 0.030580 0.045649 0.000000 0.250000 2.773580 0.039611 0.750497
0.206652 0.193051 0.130879 0.462719 0.010370 0.043594 0.250000 0.125000 2.441107 0.029003 0.750497
0.204586 0.272510 0.214932 0.576319 0.054976 0.081976 0.250000 0.375000 4.195690 0.084984 0.762526
0.188381 0.275952 0.226416 0.588073 0.051772 0.106486 0.375000 0.625000 4.652601 0.099562 0.722577
0.171629 0.319003 0.284466 0.619028 0.052008 0.171208 0.250000 0.625000 5.981377 0.141957 0.722577
0.127684 0.393547 0.339685 0.693324 0.035565 0.216691 0.625000 0.125000 5.821123 0.136844 0.733433
0.135083 0.384187 0.345682 0.693265 0.059125 0.211684 0.125000 0.500000 6.632645 0.162736 0.733834
0.113430 0.444961 0.396460 0.713444 0.106745 0.241585 0.500000 0.625000 9.066263 0.240381 0.667293
0.140596 0.457055 0.418697 0.734540 0.119405 0.254652 0.625000 0.500000 8.691374 0.228420 0.666959
0.177230 0.558046 0.505544 0.813774 0.163803 0.386360 0.625000 0.000000 9.957938 0.268831 0.666959
0.198001 0.588346 0.542724 0.849703 0.158348 0.416689 0.250000 0.625000 10.171126 0.275633 0.667293
0.219723 0.661825 0.594896 0.854787 0.297813 0.442596 0.625000 0.500000 11.510564 0.318368 0.667293
0.399970 0.587767 0.578456 0.779745 0.445188 0.358456 0.250000 0.500000 14.447820 0.412083 0.667293
0.495668 0.550141 0.517325 0.720869 0.428129 0.283650 0.750000 1.375000 13.688733 0.387864 0.667293
0.562238 0.539796 0.511222 0.725801 0.320323 0.324750 0.625000 0.000000 13.348908 0.377021 0.667293
0.595787 0.569144 0.524934 0.761663 0.233900 0.439551 0.375000 0.250000 12.077688 0.336462 0.667293
0.581881 0.625956 0.605438 0.812719 0.290654 0.575059 0.250000 0.500000 16.354851 0.472927 0.666292
0.606949 0.663457 0.622347 0.819651 0.271281 0.525318 1.375000 0.500000 18.249657 0.533382 0.666292
0.688215 0.621051 0.578765 0.789854 0.102802 0.226063 0.000000 0.375000 13.310041 0.375781 0.833145
0.746232 0.697217 0.654449 0.838659 0.095135 0.282791 0.000000 0.250000 10.320160 0.280388 0.999999
0.735681 0.684815 0.659702 0.818578 0.216587 0.478521 0.125000 0.250000 12.911664 0.363071 0.999999
0.781044 0.625259 0.589508 0.778127 0.372404 0.681530 0.500000 0.625000 17.399867 0.506269 0.834146
0.769844 0.646108 0.591926 0.821377 0.535772 0.660465 0.375000 0.625000 18.255558 0.533570 0.889431
0.807500 0.648897 0.615591 0.815287 0.530585 0.396688 0.500000 0.000000 17.515718 0.509965 1.083926
0.861110 0.653141 0.638861 0.839039 0.551356 0.307370 0.500000 0.500000 17.866576 0.521159 1.083926
0.917863 0.655106 0.639349 0.826595 0.646241 0.265821 0.375000 0.375000 22.196857 0.659319 1.083926
0.912076 0.571492 0.537766 0.742666 0.444207 0.193881 1.125000 0.500000 14.384452 0.410061 1.083926
0.897553 0.549701 0.499002 0.738697 0.182930 0.278167 0.250000 0.000000 9.583199 0.256875 1.083926
0.825610 0.584899 0.545148 0.770773 0.289058 0.364901 0.500000 0.750000 10.630603 0.290292 1.111902
0.742891 0.513319 0.496044 0.707205 0.249147 0.342132 0.625000 0.875000 14.065806 0.399894 1.111902
0.742894 0.527473 0.502144 0.730192 0.284115 0.317230 0.000000 0.000000 20.090728 0.592122 1.111902
0.650474 0.563082 0.576263 0.774279 0.370540 0.293694 0.375000 0.375000 22.879905 0.681112 1.111235
0.595997 0.576991 0.575916 0.799806 0.320249 0.300427 0.125000 0.500000 16.610889 0.481096 1.222471
0.532938 0.597148 0.574861 0.810329 0.291040 0.253059 0.000000 0.375000 13.978961 0.397123 0.999999
0.557472 0.558348 0.514962 0.754486 0.171597 0.136844 0.000000 0.250000 13.626511 0.385878 0.999999
0.511867 0.509595 0.471429 0.707002 0.186266 0.176342 0.375000 0.250000 13.938799 0.395842 1.000741
0.540360 0.506630 0.473750 0.735989 0.253827 0.275093 0.375000 0.250000 13.702433 0.388301 1.000741
0.604243 0.495992 0.487590 0.743303 0.312539 0.336416 0.000000 0.250000 12.839170 0.360758 1.000741
0.661678 0.482082 0.468312 0.753975 0.225578 0.242469 0.000000 0.500000 9.580354 0.256784 1.000741
0.774345 0.462847 0.451070 0.671744 0.148493 0.218206 0.125000 0.500000 8.171233 0.211825 1.000741
0.816041 0.392803 0.390669 0.623240 0.176387 0.225024 0.250000 0.500000 8.584567 0.225013 1.000741
0.819569 0.372813 0.364821 0.632196 0.236135 0.312421 0.000000 0.000000 10.360481 0.281674 1.111236
0.845559 0.351416 0.354565 0.625839 0.241766 0.300923 0.000000 0.125000 9.586728 0.256987 1.000001
0.863645 0.349478 0.356461 0.620318 0.167232 0.233767 0.625000 0.125000 7.725212 0.197595 1.000001
0.911306 0.428533 0.409721 0.675827 0.304874 0.177283 0.125000 0.250000 11.601733 0.321277 0.888764
0.885332 0.457124 0.423538 0.701486 0.193817 0.153605 0.125000 0.625000 9.369169 0.250046 0.776787
0.855049 0.492142 0.454281 0.694077 0.132038 0.201106 0.000000 0.625000 7.601329 0.193642 0.776787
0.749064 0.470231 0.431035 0.665569 0.063574 0.107787 0.500000 0.500000 6.819944 0.168712 0.749163
0.696247 0.434619 0.418504 0.654919 0.173297 0.114243 0.000000 0.500000 13.154341 0.370813 0.749163
0.576739 0.414628 0.404624 0.686269 0.223480 0.163882 0.000000 0.500000 15.849270 0.456796 0.749163
0.439253 0.488939 0.489003 0.755281 0.354541 0.321523 0.250000 0.625000 16.945993 0.491788 0.599417
0.413933 0.611950 0.585283 0.793519 0.274082 0.391721 0.000000 0.000000 15.430474 0.443435 0.499827
0.318550 0.583682 0.549340 0.789136 0.197220 0.300008 0.000000 0.750000 10.313122 0.280163 0.499827
0.267094 0.581745 0.533560 0.768777 0.142171 0.225422 0.000000 0.875000 9.766535 0.262724 0.499827
0.184359 0.502766 0.448445 0.686688 0.162917 0.130750 0.750000 0.375000 10.427859 0.283824 0.499827
0.195330 0.371211 0.360276 0.619376 0.177790 0.118447 0.000000 0.250000 9.421428 0.251713 0.833535
0.175598 0.367876 0.361216 0.627641 0.366198 0.133402 0.000000 0.375000 12.668413 0.355310 0.833535
0.258964 0.405569 0.419193 0.638051 0.502486 0.240779 0.125000 0.250000 14.259085 0.406061 0.889282
0.334294 0.378284 0.394770 0.586208 0.387858 0.263865 0.125000 0.250000 10.992982 0.301854 0.917518
0.359816 0.465022 0.455593 0.647305 0.195331 0.304488 0.125000 0.375000 9.629830 0.258362 0.917518
0.486194 0.408307 0.406965 0.631636 0.092503 0.262233 0.125000 0.375000 8.509181 0.222608 1.223212
0.531201 0.398200 0.388910 0.613717 0.057317 0.222567 0.625000 0.500000 10.240314 0.277840 1.223212
0.569990 0.377065 0.372741 0.623615 0.095218 0.171273 0.500000 0.000000 12.943950 0.364101 1.223212
0.606421 0.382492 0.383877 0.661724 0.152722 0.142222 1.125000 0.625000 12.328308 0.344459 1.223212
0.630001 0.430898 0.411553 0.694349 0.215201 0.158613 0.125000 0.625000 9.612639 0.257814 1.111976
0.634941 0.447374 0.428627 0.709273 0.324749 0.216548 0.125000 0.125000 9.402422 0.251107 0.667404
0.641879 0.428797 0.397431 0.685103 0.433360 0.213309 0.625000 1.375000 11.586543 0.320792 0.667404
0.667710 0.451512 0.405490 0.685316 0.342051 0.140708 0.250000 0.500000 11.301851 0.311709 0.667404
0.635291 0.475933 0.434955 0.735251 0.218293 0.136839 0.125000 0.000000 10.559311 0.288018 0.332584
0.596060 0.427834 0.411060 0.695407 0.180573 0.181643 0.750000 1.000000 8.982425 0.237707 0.332584
-0.014266 0.112869 0.145428 0.263395 0.123602 0.099082 0.875000 0.250000 4.219604 0.085747 -0.001123
-0.056730 0.068806 0.069866 0.130697 0.089708 0.052112 0.875000 0.375000 2.822983 0.041187 -0.001123
0.011702 0.085106 0.082514 0.185877 0.066783 0.050493 0.875000 0.500000 2.629944 0.035028 -0.001123
0.001359 0.083174 0.076846 0.182746 0.014570 0.061647 0.250000 0.625000 2.226988 0.022171 -0.001123
0.020084 0.112253 0.121536 0.271745 0.019969 0.081960 0.625000 0.000000 3.042199 0.048181 -0.001123
0.048452 0.098889 0.100297 0.253455 0.013795 0.071040 0.250000 0.000000 4.210132 0.085444 0.165730
0.069984 0.093247 0.105872 0.248710 0.020290 0.045656 0.250000 0.125000 4.945297 0.108900 0.221348
0.074332 0.077006 0.114332 0.203636 0.066945 0.023142 0.000000 0.125000 4.139443 0.083189 0.332584
0.082452 0.072124 0.108197 0.213329 0.088733 0.021156 0.875000 0.250000 4.357423 0.090144 0.332584
0.086204 0.096033 0.124632 0.215955 0.158201 0.043488 0.625000 0.000000 5.457738 0.125250 0.332584
0.066287 0.091195 0.118983 0.207139 0.069268 0.031702 0.625000 0.000000 4.709804 0.101387 0.332584
0.069625 0.071942 0.106374 0.198952 0.003121 0.036973 0.375000 0.250000 3.192903 0.052989 0.332584
0.052506 0.066949 0.094422 0.185811 0.009862 0.042345 0.375000 0.375000 3.362075 0.058387 0.332584
0.081246 0.075375 0.103796 0.186645 0.033420 0.037124 1.250000 0.125000 3.705155 0.069333 0.332584
0.118599 0.037899 0.049574 0.106740 0.012064 0.009121 1.250000 0.625000 2.133136 0.019177 0.332584
0.098089 0.071586 0.080152 0.185217 -0.001862 0.018379 0.250000 0.750000 2.106907 0.018340 0.332584
0.102753 0.072917 0.090840 0.152609 0.005435 0.025365 0.500000 0.250000 2.393728 0.027491 0.332584
0.124210 0.088550 0.084405 0.200921 0.026163 0.028853 0.500000 0.375000 2.638591 0.035304 0.332584
0.187751 0.068553 0.075611 0.149975 0.020325 0.017256 0.625000 0.250000 2.529502 0.031823 0.332584
0.136099 0.074978 0.210733 0.195267 0.033849 0.040615 0.500000 0.250000 5.929210 0.140292 0.132649
-0.006820 0.077189 0.169688 0.217524 0.043310 0.043594 0.875000 0.750000 5.051713 0.112295 0.207444
-0.094781 0.070718 0.128514 0.189056 0.060289 0.036056 0.250000 1.125000 3.403596 0.059711 0.232472
-0.132178 0.055978 0.093209 0.153611 0.064357 0.033093 0.250000 1.125000 3.376264 0.058839 0.232472
-0.142013 0.061619 0.084933 0.167678 0.077894 0.022562 0.375000 0.000000 3.889391 0.075211 0.232828
-0.129176 0.062419 0.088211 0.166348 0.059810 0.016062 0.250000 0.125000 3.905092 0.075712 0.249602
-0.056817 0.042005 0.051489 0.119496 0.025160 0.013390 0.250000 0.500000 2.418795 0.028291 0.333029
-0.027531 0.036361 0.049123 0.106527 0.028527 0.014668 0.125000 0.500000 1.896981 0.011642 0.333029
-0.001198 0.035137 0.042402 0.089001 0.041049 0.012656 0.125000 0.375000 2.114949 0.018597 0.333029
0.026818 0.025255 0.027550 0.056849 0.031358 0.010599 0.750000 0.375000 2.277379 0.023779 0.332940
0.136719 0.029018 0.045597 0.060457 0.028068 0.021590 0.750000 0.375000 2.429678 0.028638 0.332940
0.153267 -0.009174 -0.021048 -0.046658 -0.002674 0.007905 0.000000 0.500000 1.396010 -0.004341 0.444116
0.161978 0.000641 -0.016305 -0.010749 -0.003658 0.009728 0.500000 0.875000 1.408308 -0.003949 0.466423
0.195289 0.025301 0.031195 0.060928 0.003726 0.017913 0.375000 0.375000 1.824695 0.009336 0.277263
0.212377 0.016882 0.021719 0.030699 0.001969 0.014859 0.375000 0.500000 1.819386 0.009167 0.265843
0.264152 -0.000908 -0.002664 -0.022974 0.007654 0.001640 0.500000 0.125000 1.456897 -0.002399 0.304775
0.288693 -0.000063 -0.010214 -0.023590 0.016194 -0.002480 0.000000 1.000000 1.350241 -0.005802 0.299213
0.327714 0.036652 0.043575 0.060457 0.069815 0.004377 0.000000 0.500000 2.378864 0.027017 0.290871
0.345826 0.038648 0.038594 0.079857 0.071792 0.011592 0.000000 0.500000 2.589251 0.033729 0.199101
0.398174 0.040079 0.021731 0.084796 0.033549 0.022614 0.750000 0.375000 1.953318 0.013440 0.265843
0.404705 0.042761 0.025478 0.104136 0.021416 0.029281 0.875000 0.125000 1.859117 0.010434 0.265843
0.445231 0.074095 0.050830 0.175210 0.029387 0.021930 0.000000 0.125000 1.905894 0.011927 0.082303
0.446245 0.076196 0.049191 0.192980 0.036094 0.008234 0.250000 0.125000 1.738997 0.006602 0.082303
0.427811 0.076863 0.060312 0.187883 0.057213 0.010499 0.250000 0.250000 1.999804 0.014923 0.332584
0.456730 0.070323 0.049380 0.176377 0.038361 0.006477 0.250000 0.000000 1.662723 0.004168 0.416011
0.471845 0.066869 0.045548 0.167461 0.033479 0.012406 0.125000 0.250000 1.852113 0.010211 0.457724
0.443162 0.048106 0.029161 0.133736 0.034407 0.014889 0.000000 0.875000 1.948419 0.013283 0.457724
0.485458 0.034561 0.017154 0.101882 0.015547 0.003379 0.000000 0.000000 1.531029 -0.000034 0.457724
0.555538 0.042232 0.035530 0.114316 0.028369 0.002576 0.625000 0.000000 1.954406 0.013474 0.749718
0.580523 0.040600 0.040837 0.106331 0.018974 0.008639 0.375000 0.250000 2.080309 0.017491 0.777527
0.580999 0.034004 0.033427 0.083044 0.009568 0.016782 0.375000 0.250000 1.896469 0.011626 0.833145
0.570369 0.038050 0.043790 0.078426 0.013011 0.022572 0.375000 0.125000 1.997571 0.014852 0.733033
0.595839 0.030958 0.033739 0.048559 0.010375 0.012510 0.250000 0.000000 2.029248 0.015862 0.733033
0.618495 0.027378 0.027138 0.051612 0.005844 0.004358 0.125000 0.875000 1.567260 0.001122 0.733033
0.635651 0.018981 0.022256 0.020746 0.010313 0.006613 0.375000 0.000000 1.541367 0.000296 0.749718
0.656278 0.027303 0.023913 0.040781 0.029463 0.014538 0.250000 0.125000 1.767045 0.007497 0.666292
0.689571 0.029431 0.024162 0.052434 0.043428 0.015945 0.125000 0.125000 1.943407 0.013123 0.666292
0.681930 0.029107 0.037847 0.056623 0.042253 0.006663 0.125000 0.250000 1.803657 0.008665 0.666292
0.624660 0.027258 0.036018 0.052975 0.042070 -0.000806 0.000000 0.125000 1.813798 0.008988 0.457724
0.598772 0.025725 0.031094 0.049586 0.045831 0.002587 0.000000 0.000000 2.046373 0.016409 0.457724
0.567939 0.025940 0.033084 0.051270 0.031612 0.010133 0.000000 0.000000 2.023241 0.015671 0.290871
0.559452 0.023783 0.031744 0.048298 0.016064 0.016897 0.125000 0.125000 2.020700 0.015590 0.276966
0.538414 -0.014102 -0.027786 -0.047868 -0.012386 -0.003151 0.125000 0.500000 1.147250 -0.012278 0.276966
0.532309 -0.019924 -0.034798 -0.056679 -0.006860 -0.005331 0.000000 0.500000 1.269340 -0.008383 0.290871
0.522183 -0.021075 -0.028872 -0.051639 -0.017290 -0.000820 1.500000 0.500000 1.114441 -0.013325 0.290871
0.398824 -0.019160 -0.034221 -0.069868 -0.017941 0.005980 0.250000 0.000000 1.105838 -0.013600 0.276966
0.394435 -0.016546 -0.033605 -0.066595 -0.013355 0.000989 0.125000 0.250000 1.040237 -0.015693 0.291316
0.447920 -0.040573 -0.069609 -0.125434 -0.017233 -0.011101 0.000000 0.250000 0.744950 -0.025114 0.299569
0.461902 -0.050541 -0.073431 -0.144947 -0.014428 -0.015989 0.750000 0.250000 0.795654 -0.023496 0.333029
0.474024 -0.051560 -0.072020 -0.148742 -0.016420 -0.014445 0.750000 0.250000 0.887716 -0.020559 0.333029
0.488804 -0.056041 -0.070976 -0.153288 -0.019495 -0.011320 0.625000 0.500000 0.989182 -0.017321 0.333177
0.489977 -0.051479 -0.071602 -0.137042 -0.025353 -0.009084 0.500000 0.750000 0.942764 -0.018802 0.333177
0.560743 -0.036230 -0.039191 -0.114634 -0.011869 -0.001414 0.000000 0.375000 1.153460 -0.012080 0.333177
0.504560 -0.052558 -0.074651 -0.138519 -0.019606 -0.009359 0.250000 1.250000 0.715760 -0.026045 0.333474
0.536016 0.001129 -0.019319 -0.017886 -0.005432 0.008441 0.250000 0.375000 1.210530 -0.010259 0.333474
0.601539 -0.027816 -0.041900 -0.078848 -0.024279 -0.000081 0.375000 0.000000 1.100667 -0.013765 0.333474
0.604785 0.015819 0.011699 0.021860 -0.001789 0.012111 0.625000 0.250000 1.437891 -0.003005 0.332584
0.638713 0.008676 0.006997 0.018044 0.006106 0.007322 0.750000 0.250000 1.420780 -0.003551 0.334364
0.638859 -0.006960 0.001299 -0.003358 0.001466 0.004495 0.125000 0.375000 1.534041 0.000062 0.334364
0.644033 -0.007038 -0.000700 0.009846 -0.001031 0.003206 0.000000 0.375000 1.578357 0.001476 -0.001123
0.640047 -0.002729 0.004350 0.007372 -0.000286 -0.001718 0.750000 0.250000 1.602438 0.002245 0.332584
0.646730 0.000117 0.005717 0.016007 -0.009860 -0.007361 0.500000 0.375000 1.722726 0.006083 0.332584
0.637593 0.000801 0.010923 0.017274 -0.014110 -0.013666 0.375000 0.500000 1.818689 0.009144 0.332584
0.648153 0.002500 0.009666 0.029057 -0.004516 -0.012548 0.250000 0.375000 1.699230 0.005333 -0.001123
0.694165 -0.013077 -0.016974 -0.024918 0.008843 -0.009215 0.250000 0.750000 1.405100 -0.004051 -0.001123
0.681064 -0.013713 -0.013081 -0.038749 0.025705 -0.004881 0.500000 0.375000 1.473559 -0.001867 0.166231
0.696546 -0.015027 -0.012046 -0.046014 0.031207 -0.003561 0.500000 0.375000 1.540282 0.000262 0.266243
0.707059 -0.012433 -0.010613 -0.044391 0.013634 -0.005166 0.250000 0.375000 1.308966 -0.007119 0.332918
0.709452 -0.009317 -0.008411 -0.048257 -0.004147 -0.005452 0.250000 0.375000 1.089443 -0.014123 0.332918
0.712424 -0.012068 -0.005221 -0.051854 -0.003314 -0.005859 0.750000 0.375000 1.203717 -0.010477 0.399726
0.716141 -0.016427 -0.014022 -0.058582 -0.001644 -0.008035 0.750000 0.250000 1.569794 0.001203 0.333085
0.723789 -0.015150 -0.008580 -0.056562 -0.000414 -0.006867 0.250000 0.000000 1.807079 0.008774 0.333085
0.729703 -0.018351 -0.008216 -0.061836 0.000559 -0.004662 0.125000 0.750000 1.691905 0.005099 0.333085
0.746315 -0.016255 -0.012401 -0.066595 -0.006783 -0.005842 0.250000 0.750000 1.462364 -0.002224 0.666959
0.740981 -0.014475 -0.004145 -0.073235 -0.014919 -0.008208 0.250000 0.750000 1.480156 -0.001657 0.666959
0.780518 -0.020029 -0.005252 -0.087746 -0.015625 -0.007910 0.125000 0.000000 1.714962 0.005835 0.666959
0.787762 -0.023002 -0.010852 -0.090014 -0.005995 -0.006318 0.500000 0.750000 1.723436 0.006105 0.666959
0.782735 -0.029095 -0.011339 -0.105113 0.011118 -0.008109 1.125000 0.750000 1.607990 0.002422 0.666959
0.801316 -0.002026 0.041135 -0.054641 0.045254 0.000150 0.625000 0.250000 2.098069 0.018058 0.666959
0.857528 -0.031176 -0.051419 -0.107498 -0.018341 -0.004768 0.625000 0.000000 0.963341 -0.018146 0.666959
0.858693 -0.026433 -0.049191 -0.095439 -0.017945 -0.003082 0.625000 0.375000 1.108444 -0.013516 0.666959
0.867923 -0.030202 -0.051113 -0.112153 -0.018019 -0.006298 0.500000 0.375000 1.120713 -0.013125 0.666959
0.851215 -0.034713 -0.049264 -0.130980 -0.011168 -0.010626 0.375000 0.375000 1.059285 -0.015085 0.666959
0.865791 -0.038548 -0.046652 -0.120829 0.000531 -0.012031 0.250000 0.250000 1.068681 -0.014785 0.667293
0.857252 -0.039773 -0.057873 -0.120470 0.006505 -0.013788 0.250000 0.375000 1.217523 -0.010036 0.600351
0.838464 -0.032939 -0.056827 -0.099485 0.000860 -0.016204 0.000000 0.500000 1.281899 -0.007982 0.600351
0.838507 -0.029687 -0.054340 -0.086144 -0.007063 -0.016352 0.500000 0.500000 1.155147 -0.012026 0.600351
0.836147 -0.022925 -0.047520 -0.053611 -0.011591 -0.015600 0.625000 0.375000 0.981871 -0.017555 0.600751
0.846472 -0.022960 -0.048785 -0.056662 -0.017918 -0.016339 0.625000 0.375000 0.949639 -0.018583 0.583866
0.889495 -0.046925 -0.079787 -0.123342 -0.027154 -0.020085 0.500000 0.500000 0.743683 -0.025154 0.583866
0.888060 -0.047466 -0.075731 -0.121150 -0.025649 -0.017406 0.500000 1.000000 0.620610 -0.029081 0.583866
0.834453 -0.026215 -0.053045 -0.061406 -0.018282 -0.008840 0.375000 0.125000 0.823291 -0.022614 0.583866
0.862630 0.001300 -0.003197 0.006236 0.008588 -0.006141 0.375000 0.125000 1.316377 -0.006882 0.583866
0.783330 0.025295 0.035943 0.033594 0.009949 -0.007635 0.375000 0.250000 1.424472 -0.003433 0.527914
0.770720 0.047084 0.053674 0.096019 0.003837 -0.003747 0.375000 0.250000 1.556661 0.000784 0.566980
0.728858 0.126322 0.140703 0.213630 0.014003 0.005557 0.375000 0.125000 2.221727 0.022003 0.500194
0.693349 0.156929 0.169633 0.277839 0.027937 0.012468 0.625000 0.250000 2.895615 0.043504 0.458670
0.634315 0.195196 0.215425 0.374405 0.011145 0.022180 0.500000 0.375000 3.241481 0.054539 0.388795
0.529449 0.271788 0.268950 0.476664 0.069493 0.125330 0.125000 0.500000 4.726642 0.101924 0.333474
0.477270 0.323513 0.314164 0.538742 0.151765 0.162958 0.250000 0.500000 6.933864 0.172346 0.333474
0.289212 0.478669 0.453392 0.710041 0.181493 0.230179 0.500000 0.500000 9.071672 0.240554 0.333474
0.266860 0.374569 0.359004 0.694025 0.183779 0.138823 0.500000 1.000000 6.646383 0.163174 0.333474
0.210281 0.424166 0.387049 0.732074 0.105428 0.226827 0.125000 0.750000 7.048696 0.176010 0.333474
0.144567 0.619265 0.547604 0.802473 0.161618 0.277881 1.125000 0.000000 10.884637 0.298398 -0.000234
0.116502 0.530722 0.515498 0.821487 0.139976 0.213169 1.125000 0.875000 15.174127 0.435256 -0.000234
0.145515 0.573323 0.570358 0.814389 0.237996 0.238259 0.625000 0.125000 14.738802 0.421366 -0.334831
0.108349 0.612547 0.626133 0.804959 0.327043 0.483697 0.375000 0.125000 19.857674 0.584686 -0.334831
0.057213 0.573293 0.621956 0.788275 0.443350 0.541178 0.250000 0.000000 18.374421 0.537363 -0.167977
-0.004622 0.522856 0.564216 0.781570 0.484831 0.410244 0.250000 0.000000 15.068212 0.431876 -0.000530
-0.130781 0.540316 0.568375 0.779417 0.543156 0.271755 0.250000 0.125000 14.119473 0.401606 -0.000530
0.025706 0.457176 0.474842 0.685570 0.493607 0.215259 0.375000 0.125000 12.955911 0.364482 -0.000530
-0.091177 0.494195 0.505785 0.713444 0.499354 0.346446 0.375000 0.250000 15.352136 0.440935 -0.000530
0.092604 0.318547 0.338722 0.584973 0.236152 0.145446 0.500000 1.250000 9.478623 0.253538 0.082748
0.121306 0.312487 0.318186 0.554289 0.111955 0.203990 0.500000 1.125000 7.620220 0.194245 0.221941
0.078978 0.387297 0.381284 0.574812 0.206983 0.214293 0.250000 0.125000 8.789333 0.231546 0.221941
-0.150465 0.279844 0.314896 0.456366 0.202367 0.168570 0.750000 0.875000 6.528404 0.159410 0.375271
0.107264 0.273664 0.248486 0.530663 0.231830 0.160518 0.500000 0.125000 6.317883 0.152693 0.375271
0.171900 0.246326 0.238924 0.467067 0.171388 0.153575 0.375000 0.000000 5.538594 0.127830 0.500736
0.276712 0.291320 0.291668 0.552960 0.123609 0.121677 0.250000 0.000000 5.277425 0.119497 0.583921
0.359655 0.358991 0.343713 0.603924 0.128894 0.106134 0.250000 0.500000 6.943951 0.172668 0.583921
0.460639 0.338056 0.321125 0.605117 0.140434 0.193183 0.375000 0.000000 8.475417 0.221530 0.723356
0.474197 0.402403 0.379335 0.655545 0.197110 0.274449 0.625000 0.375000 9.832866 0.264840 0.723356
0.490817 0.462650 0.435272 0.722673 0.152708 0.230516 0.000000 0.500000 8.015665 0.206862 0.918741
0.511310 0.493871 0.464831 0.755475 0.082499 0.238190 0.125000 0.000000 7.553934 0.192130 0.918741
0.522022 0.595421 0.559566 0.838659 0.071239 0.286131 0.125000 0.625000 8.049238 0.207933 0.918741
0.522284 0.655755 0.597474 0.839523 0.184394 0.314218 0.250000 0.750000 10.557793 0.287969 1.002224
0.569136 0.764893 0.690896 0.905045 0.386400 0.288674 0.250000 0.750000 15.338226 0.440491 0.417123
0.511695 0.810285 0.761279 0.979526 0.671713 0.229149 0.250000 0.000000 22.432324 0.666832 0.417123
0.451227 0.834629 0.781791 0.981751 0.814460 0.253186 0.375000 0.125000 24.316689 0.726953 0.612157
0.385093 0.832104 0.805619 0.964538 0.779034 0.379104 0.375000 0.125000 23.891638 0.713392 1.042825
0.252081 0.932165 0.899918 0.990095 0.674879 0.707159 0.500000 0.000000 24.137161 0.721225 1.056359
0.152683 1.004917 1.000332 0.969971 0.694258 1.120512 0.375000 0.750000 27.479624 0.827868 1.056359
0.207952 0.927195 0.923989 0.953614 0.598819 1.085223 0.000000 0.750000 25.566414 0.766826 1.056359
0.131827 0.991603 1.005168 0.970712 0.767430 0.955128 0.375000 0.625000 28.134768 0.848771 1.056359
0.117053 0.976886 0.997324 0.946015 0.811090 0.708134 0.375000 0.375000 28.370710 0.856299 1.056359
0.158370 0.958357 1.003761 0.946741 1.149344 0.835501 0.375000 1.375000 35.264242 1.076240 1.056359
0.159129 1.000151 1.018230 0.938585 1.917158 1.124642 0.250000 0.625000 45.978642 1.418088 1.668526
0.201343 1.018102 1.009263 0.919754 2.450685 1.149962 0.250000 0.625000 51.620346 1.598089 1.000741
0.292196 0.966667 0.950952 0.889329 1.252383 0.678827 0.375000 0.000000 38.894547 1.192067 0.555501
0.309757 0.981601 0.946215 0.905418 1.014208 0.665636 0.000000 0.625000 33.276873 1.012832 -0.334164
0.417613 0.853655 0.808495 0.888756 0.814163 0.580488 0.000000 0.500000 23.872475 0.712780 -0.390004
0.422152 0.852623 0.777357 0.903799 0.831879 0.571778 0.000000 0.500000 22.633421 0.673248 -0.390004
0.496527 0.863575 0.758219 0.893615 0.588147 0.556115 0.750000 0.500000 19.255035 0.565459 -0.390004
0.465949 0.871605 0.773756 0.899089 0.490501 0.605898 0.125000 0.625000 19.348836 0.568452 -0.390004
0.463902 0.866941 0.761459 0.903799 0.433662 0.600054 0.250000 0.125000 20.308655 0.599075 -0.390004
0.468570 0.942985 0.845545 0.927303 0.243406 0.727462 0.625000 0.125000 17.421272 0.506952 -0.390004
0.380523 0.942105 0.824530 0.940286 0.235244 0.801693 0.000000 0.125000 17.567252 0.511609 -0.208912
0.389170 0.922420 0.826079 0.930431 0.287995 0.848146 0.375000 0.250000 19.490191 0.572962 -0.166939
0.333853 0.933501 0.828460 0.976887 0.443835 0.820917 0.375000 0.375000 21.425769 0.634717 -0.083660
0.300308 0.927936 0.851869 0.964538 0.735261 0.698019 0.000000 0.500000 23.298105 0.694455 -0.083660
0.251153 0.968515 0.905440 0.977278 0.938505 0.753253 0.125000 0.500000 26.195205 0.786888 0.334364
0.153955 0.997239 0.947296 0.979578 0.727045 1.021577 0.375000 0.500000 26.128814 0.784770 0.334364
0.059690 1.035518 1.011562 1.006813 0.509038 0.849161 0.125000 0.000000 21.293022 0.630482 0.334364
0.012901 1.000474 0.983882 0.973658 0.501968 0.440686 0.750000 0.125000 15.403666 0.442579 0.334364
0.010592 1.004313 1.058323 0.991415 0.931090 0.803914 0.000000 0.000000 27.843315 0.839472 0.334364
-0.007121 0.944926 1.009432 0.980013 1.477704 0.902342 0.000000 0.625000 39.668373 1.216756 0.334364
0.058131 0.944469 1.001031 0.965887 1.586036 0.802966 0.875000 0.375000 39.326262 1.205841 0.000434
0.004835 1.004901 1.071788 0.993030 1.444019 1.236585 0.250000 0.750000 47.118853 1.454467 0.000434
-0.007859 1.002566 1.056449 1.001585 1.079847 1.211945 0.750000 0.125000 49.478076 1.529739 0.000434
0.055639 0.993115 1.008187 0.969971 0.821646 0.937501 0.750000 0.375000 43.521912 1.339705 0.000434
0.054585 0.996884 1.000907 0.969254 0.724588 0.882664 0.750000 0.375000 32.414274 0.985310 0.000434
0.059277 1.051456 1.000693 0.997995 0.858756 1.129122 0.000000 0.250000 29.487982 0.891946 0.000434
0.094755 0.999720 0.920756 0.977354 0.796579 0.813929 0.000000 0.375000 25.300057 0.758328 0.000434
0.047226 0.997397 0.956890 0.982123 0.626116 0.731946 0.750000 0.375000 25.631832 0.768914 0.000434
0.208848 0.958553 0.891068 0.969254 0.553531 0.724328 0.625000 0.250000 24.938614 0.746796 0.333363
0.181275 0.935507 0.886466 0.921505 0.617493 0.966089 0.125000 0.875000 32.950484 1.002418 0.556316
0.188519 0.961151 0.913254 0.921460 0.757519 0.945704 0.125000 0.875000 33.725537 1.027147 0.834258
0.246810 0.915645 0.916681 0.912537 0.972609 0.798665 0.125000 0.250000 30.498655 0.924192 0.834258
0.212113 0.881655 0.936362 0.886137 1.398357 0.586239 0.625000 0.875000 29.937041 0.906273 0.834258
0.179958 0.918709 0.966026 0.921317 1.003806 0.680611 0.625000 0.000000 26.235449 0.788172 0.834258
0.296329 0.953975 0.999383 0.916840 0.820366 0.608999 0.500000 0.500000 24.744659 0.740608 0.834258
0.362949 0.878594 0.943757 0.899089 0.847927 0.753494 0.625000 0.500000 25.655712 0.769675 0.834258
0.347993 0.880039 0.905174 0.919429 0.665250 0.850942 0.125000 0.500000 23.894382 0.713479 0.834258
0.298222 0.885011 0.909342 0.919754 0.897817 0.836171 1.500000 0.000000 30.284969 0.917374 0.666441
0.062199 1.027037 1.107491 0.898216 1.672589 1.236910 0.375000 0.000000 44.126395 1.358991 0.666515
0.035126 0.887245 0.894382 0.956584 0.618725 0.935695 0.375000 0.000000 30.731574 0.931623 0.164842
0.034654 0.883342 0.941153 0.980959 0.798652 0.658581 1.625000 0.250000 30.711179 0.930972 0.332659
-0.184597 1.175154 1.165923 1.042738 0.867524 0.771270 0.875000 0.250000 49.145241 1.519120 0.332659
-0.034399 0.802142 0.810279 0.917742 0.454346 0.541855 0.000000 0.125000 18.152460 0.530281 0.332640
-0.062361 0.897063 0.895654 0.972492 0.805337 0.781853 0.000000 0.000000 24.403625 0.729727 0.332640
-0.097683 0.809845 0.808939 0.919597 0.626334 0.942191 0.000000 0.000000 24.287992 0.726038 0.265887
-0.250665 1.136041 1.103153 0.971037 1.214703 1.226911 0.500000 0.125000 34.678151 1.057540 0.265887
-0.088790 0.649237 0.637285 0.813104 0.615645 0.494658 0.125000 0.125000 20.450757 0.603609 0.265887
-0.034942 0.633298 0.623108 0.829472 0.669359 0.386744 0.250000 0.250000 23.980754 0.716235 0.166131
-0.027913 0.607392 0.615608 0.815212 0.565455 0.411066 0.250000 0.125000 21.567963 0.639254 0.166131
-0.023927 0.631127 0.620824 0.851834 0.496332 0.342661 0.125000 0.625000 19.048206 0.558860 0.207944
0.107178 0.737589 0.669673 0.904418 0.348293 0.316116 0.125000 0.000000 17.144463 0.498120 0.124462
0.139370 0.780177 0.708880 0.926006 0.367961 0.407149 0.625000 0.375000 13.189903 0.371948 0.124462
0.205567 0.752367 0.679226 0.916185 0.312644 0.478592 0.500000 0.375000 12.726759 0.357171 0.055088
0.291473 0.755293 0.664745 0.945961 0.281240 0.455055 0.375000 0.250000 13.177422 0.371550 0.055088
0.227705 0.809948 0.757401 1.019770 0.640932 0.453503 0.500000 0.000000 18.923535 0.554882 0.083193
0.439571 0.820240 0.753192 1.060270 0.566910 0.527605 0.375000 0.625000 21.797488 0.646577 0.166324
0.478090 0.806187 0.745351 1.054448 0.593998 0.640922 0.875000 0.750000 23.351454 0.696157 0.166324
0.472569 0.862691 0.820252 1.061677 0.589313 0.728850 0.750000 0.000000 23.393121 0.697486 0.333474
0.525186 0.870495 0.808893 1.033370 0.620622 0.631514 0.000000 0.250000 21.118201 0.624904 0.333474
0.460910 0.874289 0.845672 1.029157 0.635905 0.504316 0.375000 0.250000 23.821992 0.711170 0.333474
0.392436 0.825938 0.802845 0.977699 0.495054 0.361016 0.000000 0.250000 22.887551 0.681356 0.332584
0.405218 0.803120 0.792764 0.987423 0.418221 0.405650 0.750000 0.250000 22.217039 0.659963 0.332584
0.333845 0.799214 0.767266 0.974810 0.346027 0.446585 0.750000 0.000000 20.171143 0.594688 0.332584
0.263266 0.777460 0.742123 0.952021 0.223320 0.503211 0.625000 0.000000 18.135772 0.529748 0.332584
0.218098 0.769545 0.754372 0.924404 0.213054 0.474199 0.125000 0.875000 17.874811 0.521422 0.332584
0.047022 0.737686 0.688485 0.852563 0.418712 0.434196 0.250000 0.375000 17.260911 0.501835 0.332584
-0.057762 0.698944 0.636503 0.834155 0.609701 0.579298 0.250000 0.375000 18.624435 0.545339 0.332584
-0.046982 0.670806 0.607457 0.829054 0.555891 0.670798 0.125000 0.375000 18.400247 0.538187 0.332584
-0.063280 0.651886 0.586162 0.881834 0.351110 0.458494 0.250000 0.375000 14.517349 0.414301 0.332584
-0.001133 0.592786 0.543197 0.860043 0.241213 0.226481 0.250000 0.375000 11.690827 0.324119 0.332584
0.016856 0.579206 0.535379 0.877544 0.301761 0.301342 0.250000 0.250000 12.832326 0.360539 0.332584
-0.124315 0.534539 0.509158 0.828646 0.259477 0.345500 0.375000 1.000000 10.828860 0.296618 0.332584
-0.127147 0.554120 0.513074 0.863957 0.136311 0.332673 0.500000 0.750000 8.754525 0.230435 0.332584
-0.082492 0.546177 0.490501 0.837694 0.139368 0.329236 0.375000 0.750000 9.264904 0.246719 0.333177
-0.053746 0.546421 0.484427 0.828747 0.183663 0.349968 0.375000 0.000000 11.177189 0.307732 0.333177
-0.039167 0.535315 0.475858 0.854959 0.178733 0.346853 0.250000 0.000000 11.641018 0.322530 0.249602
0.000795 0.533599 0.476214 0.845480 0.154134 0.348511 0.125000 0.000000 11.691937 0.324155 0.249602
0.026147 0.527342 0.477342 0.857393 0.133471 0.377289 0.500000 0.125000 13.518114 0.382420 0.249602
0.113307 0.466140 0.432180 0.775003 0.174003 0.361301 0.500000 0.125000 12.745510 0.357770 0.199457
0.011467 0.522043 0.498756 0.812719 0.180803 0.380171 0.750000 0.875000 10.585672 0.288859 0.166175
0.045795 0.515500 0.495050 0.814991 0.247706 0.349694 0.875000 0.625000 9.463557 0.253057 0.166175
0.113025 0.587296 0.530212 0.839671 0.219740 0.487153 0.500000 0.625000 10.890764 0.298593 0.166175
0.011782 0.468025 0.478362 0.804237 0.289231 0.403560 0.375000 0.500000 13.266721 0.374399 0.110706
0.115271 0.559461 0.518992 0.802065 0.124044 0.385876 0.875000 0.250000 12.260437 0.342293 -0.001123
0.087544 0.605594 0.573847 0.858501 0.119248 0.359923 0.625000 0.250000 15.253385 0.437784 -0.001123
0.120853 0.645267 0.598723 0.856652 0.331129 0.376667 0.750000 0.125000 19.950803 0.587658 -0.001123
0.122056 0.642283 0.620322 0.862153 0.578525 0.444562 0.875000 0.125000 20.864617 0.616813 -0.001123
0.068764 0.603239 0.589488 0.825483 0.562959 0.439870 0.625000 1.125000 17.519102 0.510073 -0.001123
0.053708 0.662233 0.656225 0.851011 0.262676 0.528298 0.500000 0.250000 16.689869 0.483616 0.334364
0.066399 0.614927 0.594545 0.824129 0.244334 0.306527 0.125000 0.125000 11.375410 0.314056 0.334364
0.024571 0.700954 0.636409 0.837280 0.346719 0.372661 0.375000 0.750000 13.043349 0.367272 0.334364
0.200659 0.686250 0.610851 0.886431 0.330416 0.530867 0.500000 0.875000 14.886150 0.426068 1.333707
0.296450 0.761919 0.674019 0.896160 0.377738 0.557635 0.375000 0.750000 17.575180 0.511862 1.333707
0.190512 0.552343 0.528212 0.847114 0.320103 0.321180 0.750000 0.375000 10.544083 0.287532 -0.334831
0.127422 0.615971 0.569517 0.863376 0.214436 0.470468 0.750000 0.500000 11.986824 0.333563 -0.334831
0.190898 0.574168 0.565688 0.849814 0.159214 0.407803 0.625000 0.500000 13.647116 0.386536 -0.334831
0.294060 0.521522 0.492221 0.791166 0.140768 0.334259 0.625000 0.375000 11.133702 0.306344 0.165730
0.190704 0.480991 0.466145 0.770825 0.366505 0.234979 0.000000 0.000000 15.489424 0.445315 0.165730
0.298190 0.544680 0.502409 0.813104 0.292414 0.269132 0.125000 0.125000 15.406367 0.442665 0.666292
0.281048 0.529726 0.492220 0.808980 0.345705 0.238848 0.250000 0.250000 14.073693 0.400146 0.666292
0.357977 0.486780 0.453896 0.789136 0.268122 0.232503 0.375000 0.250000 10.675047 0.291710 0.666292
0.348278 0.476110 0.446596 0.775003 0.360112 0.282666 0.000000 0.375000 10.172410 0.275674 0.555056
0.302070 0.471279 0.446272 0.744867 0.331503 0.331667 0.125000 0.250000 10.319595 0.280370 0.555056
0.287808 0.520655 0.477418 0.755636 0.263341 0.296950 0.125000 0.375000 10.943617 0.300279 0.555056
0.357889 0.441669 0.425323 0.742015 0.232832 0.234025 0.125000 0.375000 9.541495 0.255544 0.555056
0.294526 0.502336 0.445720 0.766307 0.166219 0.282975 0.125000 0.375000 8.840427 0.233176 0.555056
0.307669 0.523671 0.463484 0.789854 0.179910 0.376115 0.125000 0.625000 9.130723 0.242438 0.499438
0.394362 0.452586 0.410943 0.740147 0.316422 0.331160 0.125000 0.750000 10.259221 0.278443 0.499438
0.395319 0.441578 0.400077 0.727330 0.460309 0.246760 0.250000 0.625000 11.588098 0.320842 0.499438
0.305164 0.367565 0.330900 0.671795 0.297346 0.116397 0.375000 0.375000 8.562930 0.224322 0.499438
0.309996 0.336503 0.310917 0.661272 0.266005 0.144461 0.625000 0.375000 7.689442 0.196453 0.332584
0.367644 0.407828 0.374187 0.696567 0.204077 0.266397 0.750000 0.500000 9.111766 0.241833 0.334364
0.386701 0.450686 0.381514 0.742927 0.187213 0.265060 0.750000 0.375000 9.744640 0.262025 0.334364
0.403864 0.443957 0.375718 0.751248 0.140551 0.229214 0.500000 0.500000 8.422651 0.219847 0.334364
0.304046 0.518660 0.449389 0.787702 0.051262 0.216474 0.500000 0.000000 6.830908 0.169061 0.334364
0.313167 0.482572 0.426787 0.771605 0.019573 0.223284 0.500000 0.500000 6.026454 0.143395 0.334364
0.232894 0.512832 0.445979 0.779528 0.049080 0.260518 0.500000 0.500000 6.127920 0.146632 0.334364
0.216777 0.513348 0.446698 0.781429 0.115771 0.307604 1.000000 0.000000 7.948637 0.204723 0.334364
0.151875 0.601662 0.512624 0.818326 0.429484 0.436107 1.250000 0.125000 14.174808 0.403372 0.666292
0.161407 0.637946 0.565532 0.826410 0.252034 0.407714 0.125000 0.125000 11.737770 0.325617 0.666292
0.108855 0.734358 0.660637 0.864928 0.260169 0.434773 0.125000 0.125000 12.918931 0.363303 0.666292
0.103573 0.762912 0.660497 0.871872 0.302821 0.405743 0.125000 0.125000 12.488138 0.349558 0.666292
0.070130 0.749559 0.666361 0.876938 0.413067 0.360088 0.125000 0.875000 13.550735 0.383461 0.666292
0.074177 0.746722 0.676919 0.855223 0.453145 0.380007 1.000000 0.750000 14.924092 0.427278 0.666292
0.171751 0.731630 0.684461 0.840528 0.467711 0.543347 0.000000 0.125000 16.031641 0.462615 0.666292
0.220897 0.654763 0.631343 0.820285 0.433728 0.651766 0.375000 0.875000 16.431180 0.475363 0.666292
0.239916 0.619779 0.576094 0.808289 0.332690 0.658723 0.750000 0.250000 15.341648 0.440600 0.666292
0.225051 0.637524 0.592258 0.841049 0.332892 0.574819 0.000000 0.000000 16.381260 0.473770 0.666292
0.330070 0.652687 0.630651 0.825409 0.521954 0.510115 0.375000 0.500000 18.229584 0.532741 0.334364
0.270521 0.667722 0.635426 0.845480 0.562799 0.389373 0.125000 0.500000 17.090436 0.496396 0.334364
0.280879 0.660723 0.621530 0.852224 0.394635 0.377667 0.750000 1.000000 14.310231 0.407693 0.334364
0.259867 0.624770 0.591141 0.862153 0.234412 0.400961 0.500000 0.625000 12.742580 0.357676 0.334364
0.326913 0.525626 0.488041 0.817055 0.136964 0.326004 0.500000 0.375000 9.687310 0.260196 0.334364
0.354455 0.520355 0.473943 0.859262 0.201750 0.141890 0.375000 0.250000 8.536587 0.223482 0.500328
0.321479 0.520394 0.475873 0.829081 0.307674 0.195285 0.000000 0.125000 10.224050 0.277321 0.500328
0.358259 0.545722 0.498709 0.842129 0.432097 0.202065 0.250000 0.125000 10.732867 0.293555 0.500328
0.439453 0.609537 0.546172 0.854534 0.439204 0.297116 0.250000 0.250000 11.500227 0.318038 0.555649
