-0.093329 0.067547 0.356966 0.648697 0.466158 0.721417 -0.009227 0.121813 0.561025 -0.066324 0.256669 0.483289 -0.003350 0.037633 0.092558 0.118991 0.238615 0.344341 0.427139 0.426708 0.141825
-0.167792 0.063858 0.327450 0.650126 0.455625 0.669389 -0.057763 0.112818 0.387837 -0.209350 0.224714 0.457133 -0.013345 0.064828 0.085513 0.039372 0.231407 0.211551 0.422315 0.422378 0.210333
4.631159 5.303219 8.783580 2.101071 0.459621 0.662702 8.146679 9.506881 12.026810 25.767504 22.955101 24.313072 49.653040 10.639981 27.415865 47.046178 61.580643 79.608611 0.489332 0.520045 8.087236
0.096464 0.552119 0.657675 0.445775 0.562565 0.649048 0.367895 0.833553 0.843165 0.183345 0.746019 0.823302 0.058348 0.168417 0.174419 0.032065 0.238124 0.129366 0.512240 0.513157 0.850933
0.080328 0.657864 0.570675 0.436674 0.563792 0.583067 0.529215 0.955961 0.770390 0.180545 0.980006 0.807710 0.064668 0.166808 0.158756 0.028991 0.361996 0.381548 0.514533 0.516598 0.121627
-0.007479 0.512267 0.462480 0.429876 0.572835 0.631120 0.266439 0.707622 0.587841 0.097886 0.705251 0.655720 0.078765 0.116036 0.121855 0.074184 0.452339 0.497275 0.521080 0.523966 0.132364
0.249440 0.578090 0.751898 0.474234 0.578904 0.625015 0.735709 0.770789 0.954264 0.777718 1.129360 1.117385 0.847546 0.291905 0.317756 1.064758 1.268381 1.065511 0.452193 0.524891 5.378873
0.059302 0.523907 0.525453 0.454862 0.484515 0.654072 0.516204 0.741588 0.654858 0.040600 0.609574 0.650721 0.246755 0.331732 0.325106 0.142654 0.360166 0.430161 0.423266 0.430926 2.602621
0.081797 0.501374 0.524618 0.436007 0.471931 0.739526 0.433368 0.679059 0.661823 0.084643 0.550434 0.621117 0.024411 0.133757 0.216181 0.137700 0.053105 0.309990 0.412875 0.413365 0.088954
1.404050 3.024125 3.536428 1.732142 0.971333 0.706723 2.169837 4.740296 3.910395 10.604717 21.434937 21.076638 9.810136 9.095009 11.934995 26.141157 59.577678 71.489948 0.423941 0.683345 2.487315
-0.098628 0.312116 0.274269 0.317171 0.479858 0.673714 0.095390 0.441535 0.378179 -0.054884 0.350923 0.373213 0.072220 0.098539 0.056233 0.022777 0.046318 0.076278 0.417760 0.419902 0.266769
4.019624 6.154298 8.525254 2.401286 1.649192 0.727639 3.866495 6.360917 5.705744 25.598934 22.282769 16.055011 57.469136 27.444192 54.271388 82.198284 86.068946 71.326572 0.404060 0.412817 4.423420
-0.057486 0.423157 0.333556 0.238381 0.336849 0.876733 0.213669 0.567135 0.477663 0.028084 0.598332 0.476804 0.507849 0.528672 0.315270 0.391682 0.563981 0.137054 0.290134 0.294434 0.557992
-0.134363 0.381797 0.113421 0.219012 0.350924 0.790550 -0.000454 0.519134 0.225989 -0.137922 0.533717 0.363474 -0.013161 0.064435 0.047742 0.160026 0.082261 0.084314 0.295062 0.295164 0.179425
-0.044031 0.498126 0.257619 0.211937 0.350561 0.784213 0.157122 0.627620 0.378076 -0.082193 0.562792 0.339095 0.542476 0.406309 0.375110 0.070660 0.245402 0.259978 0.292522 0.304388 0.201225
-0.069580 0.441399 0.164913 0.177542 0.382612 0.833282 0.148137 0.637775 0.209975 -0.130169 0.482644 0.333509 -0.012959 0.062283 0.042783 0.029326 0.086433 0.151534 0.307664 0.306877 0.085275
-0.109206 0.433584 0.219203 0.181164 0.360223 0.783939 0.148580 0.610513 0.291450 -0.160733 0.574330 0.396002 -0.007444 0.081177 0.083303 0.049774 0.070241 0.141230 0.308338 0.308683 0.142979
-0.018542 0.412166 0.237089 0.200524 0.383517 0.835900 0.097333 0.551110 0.417055 -0.109259 0.496583 0.322545 0.122100 0.120943 0.310635 0.082238 0.040774 0.071289 0.308097 0.307446 0.096865
0.005083 0.459523 0.270542 0.186957 0.371557 0.773477 0.204782 0.585269 0.330995 -0.034383 0.591025 0.340331 0.085509 0.803023 0.676441 0.063389 0.051628 0.149731 0.287684 0.307504 0.933980
0.005181 0.436963 0.292869 0.199558 0.336123 0.732739 0.117087 0.590736 0.391662 0.021991 0.531963 0.359128 0.002570 0.063985 0.051329 -0.012374 0.104883 0.083907 0.285749 0.285153 0.095494
-0.003020 0.417887 0.220291 0.180132 0.352340 0.854669 0.200527 0.552324 0.290398 -0.029804 0.495344 0.319737 -0.009189 0.054592 0.046329 0.065013 0.000638 0.127284 0.286086 0.285152 0.069462
0.037784 0.555823 0.395314 0.176913 0.348505 0.795665 0.180349 0.787760 0.503645 0.062793 0.605320 0.591556 0.185761 0.215985 0.213388 0.271089 0.367651 1.210818 0.289487 0.288954 0.095405
-0.059239 0.407072 0.214686 0.158057 0.359897 0.841562 0.090509 0.490922 0.339054 -0.129614 0.462430 0.338546 -0.010471 0.046790 0.044742 -0.010596 -0.018764 0.071331 0.289994 0.289060 0.024642
0.010171 0.420992 0.277369 0.175985 0.364682 0.854155 0.131541 0.504944 0.392520 -0.025618 0.485162 0.364945 -0.011208 0.052203 0.058177 -0.005004 0.029877 0.101537 0.290213 0.289997 0.086660
-0.006945 0.423077 0.318845 0.152568 0.350852 0.803724 0.155887 0.506981 0.443281 0.004214 0.494887 0.433403 -0.002714 0.051299 0.052440 0.054624 -0.002514 0.052418 0.290208 0.289103 0.081978
0.036655 0.419336 0.232768 0.155729 0.348642 0.804859 0.229147 0.558870 0.283141 -0.055421 0.514768 0.301045 -0.006621 0.057090 0.038482 0.024536 0.046459 -0.002130 0.290212 0.289400 0.079616
0.006549 0.442464 0.285592 0.175315 0.351768 0.799355 0.114508 0.558117 0.400747 0.020504 0.491919 0.396247 -0.009571 0.051932 0.058814 0.023960 0.010054 0.055438 0.289643 0.288944 0.110683
0.089298 0.486915 0.201040 0.188111 0.350803 0.796358 0.217020 0.673987 0.351169 0.011721 0.481376 0.349103 0.006995 0.058182 0.058811 0.060864 0.063142 0.189118 0.290143 0.288947 0.036356
0.029212 0.423674 0.277985 0.169035 0.351808 0.803926 0.189172 0.589496 0.425160 0.039148 0.466111 0.367160 0.009923 0.070602 0.099667 0.142782 0.154973 0.126380 0.290636 0.289998 0.173445
0.031814 0.455769 0.223264 0.178354 0.353750 0.782723 0.313329 0.655760 0.297125 -0.038352 0.495259 0.313461 0.004133 0.053775 0.044726 0.080887 0.073378 0.108533 0.291271 0.290326 0.044744
-0.035765 0.443957 0.254338 0.170765 0.365055 0.854019 0.142354 0.614307 0.426866 -0.025489 0.511749 0.412843 -0.008428 0.061320 0.084259 0.034136 0.103621 0.025468 0.290153 0.289870 0.124041
0.061544 0.489753 0.294068 0.158056 0.350032 0.794089 0.200222 0.667262 0.475373 -0.019188 0.529134 0.424075 0.002041 0.622416 0.461173 0.139628 0.078319 0.246118 0.313750 0.312713 0.157262
0.020929 0.433208 0.338835 0.146772 0.378078 0.836678 0.198432 0.600701 0.475259 0.023201 0.487024 0.379787 -0.006644 0.051989 0.046708 0.008849 0.045507 0.030056 0.313889 0.312845 0.089824
0.097093 0.437097 0.434708 0.169753 0.388581 0.814033 0.240698 0.613975 0.537375 0.066237 0.508036 0.446378 0.001795 0.090046 0.192524 -0.001257 0.080136 0.119507 0.313770 0.313406 0.099929
0.082524 0.448455 0.419972 0.156810 0.374065 0.774835 0.164671 0.670512 0.491300 0.026098 0.504833 0.486689 0.001738 0.066215 0.109643 0.023815 0.062502 0.308891 0.313930 0.313265 0.003423
0.048286 0.497117 0.235540 0.147042 0.380452 0.767034 0.207612 0.635909 0.346731 0.005361 0.552152 0.318307 -0.000533 0.065018 0.062258 0.011956 0.100365 0.169276 0.313902 0.312980 0.015443
0.072377 0.434473 0.371634 0.187279 0.384611 0.828634 0.171629 0.597884 0.498128 0.042303 0.500627 0.444376 0.019107 0.052440 0.056844 0.038856 0.009123 0.026783 0.313914 0.312661 0.039137
0.135017 0.510932 0.442173 0.405896 0.391542 0.829016 0.309874 0.819704 0.491715 0.042303 0.485361 0.468298 0.734148 0.394508 0.480580 0.007236 0.044562 0.088494 0.309140 0.313000 1.016505
0.138592 0.472777 0.357838 0.142114 0.373412 0.838958 0.218452 0.633544 0.467566 0.186036 0.523620 0.480669 0.025127 0.090562 0.089009 0.052806 0.122827 0.070182 0.307022 0.306587 0.113033
0.088476 0.439425 0.410490 0.145675 0.372085 0.777425 0.140996 0.564403 0.524741 0.045430 0.502168 0.495197 0.019709 0.060937 0.071879 0.096768 0.061038 0.152407 0.307152 0.306249 0.100359
0.093569 0.427764 0.410670 0.130410 0.369548 0.784536 0.161173 0.526170 0.592202 0.081434 0.478494 0.506217 0.019889 0.055086 0.096681 0.037382 0.102142 0.044797 0.307179 0.306588 0.101277
0.078340 0.460460 0.445477 0.154390 0.383727 0.838704 0.111763 0.609825 0.516211 0.093680 0.496234 0.512816 0.017032 0.059918 0.065978 0.025709 0.128370 0.032307 0.307817 0.306788 0.036774
0.106516 0.470055 0.524238 0.126364 0.368041 0.786353 0.025774 0.594929 0.651211 0.093806 0.506696 0.546861 0.022449 0.053407 0.077550 -0.003447 0.009583 0.125608 0.307569 0.306580 0.062377
0.105278 0.514015 0.553199 0.125853 0.367303 0.784205 0.050139 0.568113 0.518522 0.099476 0.515942 0.644624 0.025130 0.068923 0.107517 0.026101 0.029622 0.150584 0.307972 0.306792 -0.008327
0.156060 0.480755 0.493968 0.133749 0.381683 0.830066 0.079040 0.563523 0.643148 0.147090 0.496328 0.545260 0.011915 0.061209 0.101689 -0.014987 0.019478 0.090752 0.307915 0.306933 0.055992
0.184243 0.436991 0.506704 0.135832 0.369305 0.782358 0.115658 0.523203 0.674068 0.177983 0.478773 0.600751 0.017797 0.056457 0.089857 0.019855 0.020895 0.061026 0.307925 0.307673 -0.017038
0.174908 0.508512 0.510090 0.140434 0.374437 0.832657 0.059412 0.608965 0.625284 0.168013 0.550360 0.554001 0.030975 0.063450 0.083363 0.048204 -0.002719 0.027365 0.307974 0.307688 0.149239
0.163633 0.488248 0.487626 0.139112 0.371680 0.780203 0.061636 0.598671 0.618758 0.161218 0.499980 0.543485 0.023010 0.059620 0.111946 0.041414 0.020818 0.082774 0.308029 0.307347 0.086268
0.168305 0.522032 0.527034 0.128648 0.368293 0.792998 0.116998 0.611681 0.581358 0.180010 0.535835 0.637074 0.027466 0.068083 0.098179 0.051390 0.154568 -0.000142 0.308071 0.307696 0.138578
0.172829 0.524996 0.530585 0.142504 0.372070 0.785704 0.128440 0.601077 0.588149 0.168483 0.521152 0.563519 0.035065 0.058916 0.085970 0.065130 0.047336 0.121968 0.308977 0.308032 0.039792
0.220113 0.527425 0.470339 0.131668 0.369207 0.785282 0.250653 0.648943 0.578503 0.222571 0.502474 0.605986 0.028256 0.066104 0.118323 0.021138 0.037827 0.215557 0.308835 0.307724 0.054796
0.211354 0.559237 0.478272 0.128946 0.368679 0.782315 0.113366 0.619110 0.521435 0.198042 0.543179 0.557563 0.029694 0.059848 0.099757 -0.007347 0.020470 0.020347 0.308729 0.307663 0.020926
0.234598 0.581022 0.501540 0.142044 0.380028 0.840230 0.209577 0.736623 0.492667 0.243387 0.565202 0.613531 0.044345 0.067734 0.085010 0.108076 0.155820 0.028479 0.308733 0.308429 0.043935
0.176068 0.491142 0.528413 0.140853 0.377070 0.779345 0.241180 0.589944 0.667489 0.157461 0.521935 0.596855 0.031448 0.061805 0.094223 0.123726 0.053783 0.064535 0.308634 0.308260 0.062073
0.214390 0.527763 0.542208 0.136830 0.378771 0.783351 0.208485 0.624314 0.538124 0.194663 0.513144 0.608730 0.035931 0.059854 0.095699 0.042064 0.016063 0.018049 0.309718 0.308506 -0.013492
0.177888 0.518526 0.444095 0.138636 0.386885 0.833518 0.147889 0.621699 0.550233 0.216457 0.537442 0.567886 0.040636 0.059711 0.089195 0.071112 0.053460 0.058404 0.310102 0.308948 -0.017095
0.293647 0.566888 0.463641 0.140469 0.374557 0.767349 0.201691 0.623788 0.493135 0.296309 0.552405 0.600705 0.067506 0.060405 0.086525 0.047938 -0.002753 0.030325 0.310085 0.308944 -0.013409
0.210282 0.512810 0.549568 0.121680 0.370070 0.770696 0.216710 0.664538 0.649420 0.251669 0.538232 0.651226 0.047996 0.065493 0.090968 0.096335 0.079652 0.017252 0.310080 0.309439 -0.016749
0.252422 0.570691 0.531199 0.132722 0.371325 0.776046 0.089575 0.707045 0.600523 0.281550 0.553087 0.638999 0.048971 0.066270 0.101008 0.067171 0.087059 0.129060 0.310170 0.309498 0.075561
0.255615 0.544163 0.474134 0.147590 0.377118 0.770908 0.210805 0.660540 0.465417 0.297673 0.558822 0.587838 0.042119 0.067776 0.092935 0.009179 0.028716 0.040120 0.310320 0.309146 -0.004343
0.259514 0.539372 0.443682 0.132082 0.371912 0.782287 0.115029 0.633864 0.493169 0.277813 0.557078 0.558290 0.050947 0.069580 0.085753 0.002670 0.129493 0.108804 0.310699 0.309504 0.028483
0.310871 0.601819 0.420726 0.135403 0.373994 0.785853 0.115363 0.677184 0.467755 0.314923 0.580417 0.594142 0.052839 0.067738 0.081595 0.064544 0.090641 0.018893 0.310786 0.309515 0.045389
0.261085 0.594906 0.504691 0.120984 0.380163 0.832709 0.035826 0.729267 0.575906 0.226736 0.583399 0.640032 0.034221 0.065527 0.103378 0.023337 0.089961 -0.003766 0.310674 0.309527 0.095313
0.290385 0.609980 0.519554 0.161256 0.383233 0.827075 0.120943 0.670899 0.483236 0.271651 0.571144 0.620921 0.042237 0.076640 0.123647 0.022551 0.070848 0.159100 0.310769 0.309500 0.017909
0.311469 0.633267 0.526240 0.152536 0.376280 0.783302 -0.002387 0.694672 0.533844 0.225034 0.597779 0.677450 0.054956 0.069767 0.099753 -0.012879 0.097639 0.100776 0.310457 0.309146 0.028297
0.305134 0.662942 0.424350 0.142631 0.389813 0.817469 0.140976 0.798715 0.489512 0.306842 0.600406 0.584152 0.045572 0.067861 0.107984 0.021797 0.011697 0.013476 0.310614 0.309509 -0.001683
0.366511 0.647249 0.544455 0.124990 0.370928 0.795221 0.102399 0.868628 0.567641 0.387104 0.585105 0.746705 0.072283 0.087951 0.117956 0.026532 0.073909 0.101292 0.310630 0.309384 0.023534
0.311487 0.623475 0.492565 0.107888 0.371165 0.789228 0.117548 0.810592 0.547492 0.284040 0.599019 0.661808 0.071709 0.065039 0.099164 0.109075 0.042243 0.108064 0.310867 0.309554 -0.020099
0.282271 0.645284 0.475824 0.138428 0.379476 0.782201 0.073577 0.735418 0.536397 0.307455 0.597569 0.654196 0.050560 0.068684 0.117317 0.060061 0.098358 0.087609 0.311182 0.310645 0.026802
0.314431 0.700335 0.552560 0.157643 0.386262 0.826417 0.045212 0.848375 0.591738 0.307332 0.668633 0.726397 0.059428 0.072738 0.122948 0.056700 0.032665 0.109654 0.311496 0.310962 0.135541
0.345761 0.677198 0.519978 0.119383 0.371015 0.787208 0.143416 0.842687 0.528850 0.349336 0.626626 0.694674 0.084476 0.073852 0.121426 0.092230 0.112296 0.059314 0.310666 0.310274 0.060887
0.359421 0.676235 0.489416 0.130040 0.374509 0.778836 0.218065 0.761625 0.473781 0.382803 0.601924 0.679674 0.057740 0.064707 0.101263 0.038571 0.028234 0.097567 0.311362 0.310255 0.072321
0.374084 0.669637 0.511519 0.136650 0.381766 0.765949 0.138066 0.861770 0.509631 0.377633 0.622461 0.680118 0.056852 0.068004 0.099305 0.027699 0.029539 0.035415 0.311526 0.310285 0.078011
0.324204 0.662601 0.440966 0.109661 0.356854 0.719375 0.146287 0.804641 0.437277 0.430295 0.627893 0.593173 0.079021 0.070817 0.089220 0.161343 0.054307 0.039123 0.311871 0.310645 0.064794
0.406887 0.731539 0.467010 0.140171 0.387160 0.833765 0.277874 0.896473 0.532216 0.477265 0.664777 0.650633 0.085850 0.071059 0.114525 0.031497 0.011129 0.185388 0.311964 0.310662 0.025241
0.368116 0.742511 0.507837 0.128148 0.384386 0.833926 0.235928 0.899868 0.535655 0.428065 0.607602 0.684585 0.089089 0.078568 0.100359 0.044031 0.097941 -0.006671 0.312125 0.310656 -0.019786
0.379934 0.751096 0.490744 0.137239 0.377619 0.768813 0.260305 0.927519 0.465886 0.451715 0.666155 0.655559 0.069670 0.075117 0.108149 0.034434 0.027015 0.059697 0.311683 0.311158 0.070765
0.496914 0.805240 0.429447 0.157680 0.385409 0.829530 0.305562 0.960743 0.462540 0.572318 0.712483 0.691416 0.090792 0.085170 0.100947 0.035076 0.011825 0.028098 0.311952 0.310641 0.030839
0.426131 0.761025 0.514489 0.135184 0.383425 0.828060 0.176596 0.883382 0.569537 0.476754 0.672123 0.742271 0.085913 0.074563 0.115226 0.014780 0.030992 0.085152 0.312429 0.311555 0.174752
0.521583 0.778399 0.448506 0.122236 0.385820 0.822515 0.291141 0.970093 0.524361 0.593536 0.656919 0.675403 0.099309 0.081492 0.101529 0.130432 0.052902 0.058339 0.312239 0.311531 0.117953
0.544910 0.844110 0.448732 0.145287 0.390730 0.805449 0.446124 0.998430 0.511338 0.612893 0.709159 0.654759 0.102161 0.081370 0.097861 0.015487 0.022471 0.076821 0.312461 0.311546 0.089840
0.541992 0.807481 0.456983 0.148988 0.377941 0.773640 0.465366 0.972479 0.448540 0.580094 0.698233 0.642593 0.105875 0.077970 0.102442 0.054693 0.088637 0.108307 0.312292 0.311410 0.046465
0.459178 0.854496 0.492505 0.125982 0.386002 0.836311 0.350764 0.970212 0.490837 0.506864 0.730764 0.697297 0.097206 0.083724 0.128255 0.158364 0.036706 0.175483 0.312141 0.311380 0.083193
0.498781 0.757230 0.441600 0.135333 0.386449 0.835863 0.286263 0.928728 0.447176 0.509174 0.683116 0.655067 0.096307 0.075176 0.110798 0.080600 0.038028 0.168962 0.312544 0.311695 0.129298
0.487615 0.802989 0.532033 0.130129 0.377918 0.784537 0.270419 0.893490 0.691163 0.580786 0.720188 0.715429 0.208199 0.120195 0.264121 0.104580 0.150556 0.033372 0.314163 0.316285 0.445119
0.475381 0.810557 0.558583 0.130047 0.389435 0.824229 0.402224 0.918317 0.515447 0.546158 0.698371 0.726212 0.110848 0.078462 0.106605 0.198167 0.041832 0.014536 0.318563 0.317521 0.126937
0.437670 0.857035 0.485953 0.126831 0.375678 0.772966 0.489427 1.001011 0.519373 0.574446 0.720219 0.706675 0.115962 0.087293 0.102484 0.020922 0.081483 0.017321 0.319088 0.317872 0.063153
0.530950 0.902991 0.509842 0.116583 0.378373 0.788932 0.584044 0.942920 0.565996 0.680377 0.732927 0.724603 0.109258 0.083930 0.143664 0.025816 0.034245 0.014738 0.319087 0.318003 0.090990
0.480832 0.884449 0.476717 0.133302 0.379880 0.766367 0.465273 0.986033 0.600283 0.627691 0.760325 0.741978 0.107570 0.084946 0.127045 0.063342 0.031705 0.167038 0.318574 0.317860 0.045086
0.561391 0.926886 0.440630 0.122498 0.376826 0.714835 0.674292 1.059215 0.500974 0.687254 0.751058 0.706292 0.137679 0.082826 0.118376 0.118626 0.024895 0.123704 0.318903 0.318006 0.033535
0.456659 0.875464 0.510782 0.153488 0.397062 0.821483 0.486586 0.955349 0.673614 0.554445 0.753589 0.716243 0.153227 0.084014 0.139884 0.422176 0.101143 0.068627 0.318694 0.317661 0.024768
0.570834 0.868708 0.468672 0.115988 0.377639 0.780028 0.354301 1.006069 0.527852 0.634392 0.730927 0.710872 0.127417 0.091655 0.103983 0.056215 0.086486 0.073604 0.319231 0.318248 0.028754
0.543772 0.856192 0.534202 0.134759 0.382002 0.775296 0.592985 0.982649 0.622116 0.698800 0.751803 0.749584 0.125467 0.089757 0.108524 0.139671 0.086724 0.036177 0.319072 0.318035 0.024471
0.542697 0.976516 0.475608 0.119295 0.380123 0.774759 0.605535 1.005804 0.570661 0.681350 0.791811 0.675542 0.135763 0.088524 0.102479 0.129709 0.036069 0.030484 0.319476 0.318904 0.000304
0.521876 0.925470 0.472375 0.142042 0.393219 0.816326 0.574989 0.971141 0.515071 0.555969 0.742089 0.718303 0.128927 0.087679 0.113157 0.118873 0.097977 0.093338 0.318909 0.318425 0.043149
0.501997 0.911956 0.477627 0.132351 0.386195 0.775076 0.464716 1.018277 0.552619 0.592234 0.763679 0.695357 0.132880 0.091937 0.117915 -0.022014 0.011947 0.261294 0.319083 0.318421 0.095735
0.389276 0.801148 0.510889 0.117941 0.379998 0.770235 0.266499 0.924369 0.537831 0.505137 0.684952 0.699528 0.082200 0.083095 0.115412 0.099146 0.051151 0.166445 0.319192 0.318534 0.063217
0.429364 0.813665 0.577115 0.130459 0.384657 0.779555 0.225973 0.952436 0.686318 0.484899 0.713222 0.843445 0.112384 0.078801 0.176386 0.051073 0.079289 0.480756 0.319211 0.318091 0.036060
0.533352 0.868482 0.509859 0.122442 0.389479 0.821010 0.474281 0.864668 0.585824 0.597888 0.709243 0.708639 0.105212 0.078722 0.099139 0.055899 0.076438 0.005481 0.320316 0.319245 0.058527
0.510126 0.910898 0.553766 0.153915 0.387577 0.762426 0.577873 0.967376 0.684825 0.618888 0.734511 0.692904 0.106296 0.088332 0.139403 0.014678 0.111188 -0.021522 0.320300 0.320005 0.029057
0.550731 0.941267 0.517437 0.146754 0.398907 0.809183 0.648046 0.892022 0.683187 0.649708 0.782116 0.724642 0.129852 0.084759 0.136062 0.129094 0.019257 0.170276 0.320280 0.318900 0.014979
0.604195 0.992601 0.536817 0.117134 0.380779 0.771534 0.656282 0.957354 0.607059 0.789864 0.830863 0.742383 0.138847 0.095568 0.131503 0.083853 0.055169 0.100926 0.320056 0.318893 0.065763
0.572276 0.936117 0.532098 0.137555 0.391017 0.827329 0.735150 0.915271 0.652870 0.663412 0.753726 0.752405 0.135905 0.094610 0.125237 0.200927 0.061310 0.130462 0.319855 0.318822 0.063682
0.558090 0.992751 0.565006 0.127459 0.387226 0.773978 0.810895 0.930978 0.659518 0.691851 0.786890 0.743281 0.153514 0.091485 0.115534 0.173144 0.082351 0.035600 0.319868 0.318582 0.043594
0.552352 0.966689 0.540247 0.117844 0.377691 0.771671 0.637553 0.975953 0.679726 0.742111 0.797366 0.748928 0.131342 0.090733 0.128075 0.149900 0.036763 0.098482 0.319823 0.318938 0.042232
0.594170 0.981844 0.538151 0.132620 0.381321 0.768005 0.673099 0.897859 0.556857 0.727266 0.826644 0.736374 0.146445 0.102048 0.112349 0.219547 0.024921 0.013780 0.320396 0.319134 -0.010442
0.679645 0.976149 0.546484 0.125420 0.383962 0.766722 0.773779 0.913129 0.663380 0.858089 0.805428 0.761332 0.172167 0.090847 0.121690 0.314658 0.110417 -0.001546 0.319905 0.318927 0.011138
0.733547 1.077315 0.509766 0.109660 0.380180 0.771950 0.931816 0.935706 0.706055 0.804500 0.851981 0.743777 0.174877 0.103312 0.144484 0.248263 0.058457 0.055287 0.320560 0.319671 0.097786
0.720840 1.026573 0.567017 0.133993 0.394758 0.834607 0.826421 0.922609 0.678052 0.810808 0.852842 0.767349 0.163998 0.100895 0.115839 0.303224 0.211204 0.037672 0.319959 0.319312 0.090959
0.669771 1.061786 0.580753 0.142109 0.387510 0.769192 0.892642 0.931293 0.728665 0.817181 0.859627 0.853215 0.154089 0.107679 0.128516 0.169873 0.058455 0.038488 0.320546 0.319684 0.119436
0.636741 0.949098 0.559428 0.149451 0.398157 0.810868 0.697114 0.869776 0.678746 0.785881 0.761638 0.761593 0.129432 0.089491 0.122061 0.086899 0.038227 0.130998 0.320329 0.319323 0.069022
0.682584 1.033393 0.600518 0.113422 0.375639 0.787504 0.819971 0.904445 0.800010 0.841950 0.844046 0.789458 0.150867 0.092607 0.153272 0.059503 0.047083 -0.001231 0.320668 0.319684 0.143875
0.623839 0.966348 0.496440 0.133232 0.384262 0.769304 0.749161 0.901396 0.651617 0.744283 0.775368 0.704100 0.169012 0.094584 0.117550 0.137950 0.113950 0.023773 0.320885 0.319693 0.083705
0.712987 1.080469 0.572348 0.123902 0.379578 0.763267 1.007308 0.848888 0.703805 0.913308 0.844515 0.801154 0.159241 0.100292 0.126893 0.069021 0.062592 0.091041 0.320611 0.319646 0.118860
0.592722 1.010607 0.534658 0.120064 0.387205 0.776576 0.716589 0.996137 0.680063 0.738456 0.824906 0.762531 0.153514 0.099006 0.123769 0.089570 0.093320 -0.027521 0.320659 0.319629 0.086210
0.611099 0.995918 0.544577 0.116634 0.396259 0.835048 0.803814 0.851405 0.678804 0.687982 0.796854 0.734574 0.145434 0.092872 0.150819 0.150574 0.132986 0.166579 0.320697 0.319673 0.033563
0.500006 0.887005 0.546797 0.122110 0.382075 0.774853 0.579225 0.879523 0.716759 0.594241 0.737242 0.766904 0.129912 0.086896 0.125350 0.095790 0.119569 0.122706 0.320805 0.319527 0.037411
0.605723 0.958071 0.524216 0.131328 0.407826 0.899080 0.697270 0.872064 0.682246 0.665097 0.770849 0.762632 0.128238 0.093580 0.125522 0.245133 0.204561 0.048392 0.321067 0.319690 0.020478
0.670059 1.010122 0.545841 0.147172 0.397932 0.802982 0.843867 0.843514 0.764477 0.761673 0.789030 0.806290 0.152139 0.094601 0.116564 0.135387 0.078633 -0.024376 0.320811 0.319916 0.067418
0.618784 0.954046 0.604506 0.129163 0.394335 0.824888 0.678065 0.800719 0.805051 0.729636 0.767604 0.830884 0.129180 0.088732 0.131290 0.183917 0.089870 0.027344 0.320515 0.320083 0.023237
0.651247 1.023324 0.539797 0.113569 0.379651 0.770884 0.774681 0.887208 0.729773 0.841047 0.814020 0.832211 0.137335 0.091511 0.123724 0.048132 0.042798 0.031771 0.320812 0.320228 0.042250
0.823279 0.983399 1.034454 0.120021 0.379984 0.767740 0.923744 1.103832 1.451862 1.144587 1.687383 1.241534 3.238616 1.457244 1.434099 1.216489 2.631278 1.015298 0.381505 0.398013 2.261154
1.046002 1.001021 1.092031 0.040935 0.456000 0.770104 1.328756 1.084085 1.284570 1.006132 1.076775 1.254828 0.164712 0.137359 0.249917 0.064524 0.080151 0.390110 0.374384 0.374882 0.300350
0.642705 0.906490 0.696799 0.025591 0.442059 0.789667 0.786309 0.901953 0.767764 0.720318 0.858495 0.856144 0.155307 0.123949 0.167071 0.377486 0.311384 -0.002420 0.373431 0.372657 0.086597
0.529149 0.878843 0.681090 0.021380 0.443254 0.726856 0.640546 1.000393 0.778925 0.559076 0.827021 0.797421 0.153567 0.115923 0.133751 0.361223 0.254801 -0.006624 0.373352 0.372899 0.140505
0.468560 0.848019 0.610374 0.043328 0.442977 0.726945 0.658367 0.858691 0.743992 0.569497 0.766972 0.834222 0.110084 0.085477 0.143760 0.316357 0.086747 0.069177 0.372816 0.372516 0.030607
0.686966 1.063419 1.237823 0.025562 0.448846 0.775159 0.950690 1.093428 1.465937 2.402232 1.220078 1.362796 2.124930 0.206262 0.376466 4.871225 0.483486 0.938810 0.374153 0.376579 0.390424
0.686997 0.803406 0.918128 0.052996 0.438879 0.728906 0.814214 0.936236 1.066983 1.216781 1.014508 1.113678 1.701828 0.187494 0.268176 1.850240 0.433602 0.406836 0.366041 0.366724 0.656341
0.485402 0.759494 0.729776 0.014808 0.429841 0.726878 0.579334 0.923676 0.759319 0.533151 0.864784 0.894399 0.129550 0.115741 0.189265 0.362998 0.287741 0.045401 0.362638 0.362424 0.220493
0.272359 0.621273 0.684908 0.007885 0.428250 0.728795 0.263589 0.859690 0.710783 0.219822 0.651498 0.850094 0.055874 0.087111 0.131774 0.090517 0.057605 0.110345 0.361677 0.360558 0.103903
0.466530 0.839697 0.770150 0.016899 0.431054 0.737095 0.635217 0.964268 0.921575 0.585077 0.848879 0.913381 0.127421 0.104327 0.139308 0.325478 0.106050 0.068626 0.362247 0.362782 0.124011
0.410786 0.740862 0.656417 0.019118 0.433615 0.734468 0.374723 0.775583 0.869983 0.431434 0.692101 0.881321 0.112449 0.085684 0.146397 0.187620 0.257276 0.060950 0.362009 0.360468 0.017064
0.336854 0.642736 0.815258 0.027444 0.433828 0.729415 0.514785 0.874937 0.973600 0.303121 0.713938 0.992000 0.153135 0.111288 0.171735 0.133661 0.131328 0.178572 0.362165 0.362719 0.231606
0.449482 0.757247 0.690040 0.023271 0.446847 0.780212 0.555195 0.895877 0.880293 0.369901 0.698309 0.936011 0.143903 0.116889 0.151900 0.090075 0.076983 0.059174 0.362064 0.361310 0.062676
0.249429 0.581386 0.673522 0.024063 0.436395 0.722736 0.284185 0.755340 0.830294 0.264141 0.603407 0.835670 0.059229 0.083038 0.135975 0.137092 0.069617 0.199893 0.361443 0.360587 0.141559
0.311804 0.685832 0.671698 -0.006605 0.419768 0.750431 0.359226 0.773916 0.738719 0.355694 0.654870 0.858856 0.115159 0.081098 0.135297 0.111613 0.042511 0.050594 0.362379 0.361245 0.109831
0.441409 0.799945 0.625620 0.017713 0.431507 0.734905 0.489502 0.769030 0.726803 0.523754 0.664561 0.811367 0.100154 0.088276 0.130990 0.076170 0.065839 0.026408 0.361875 0.360395 0.030834
0.734949 0.982818 0.593900 0.015195 0.429194 0.735638 0.784678 0.909595 0.706974 0.722530 0.839054 0.852606 0.184354 0.111796 0.153030 0.317929 0.130403 -0.013256 0.360662 0.360382 0.070978
0.605176 0.955132 0.600805 0.001013 0.423330 0.746595 0.737770 0.798251 0.793915 0.746697 0.765786 0.869387 0.157001 0.103687 0.139898 0.229698 0.073702 0.131839 0.360645 0.359128 0.019404
0.746293 0.923241 0.787207 0.003270 0.436571 0.732142 1.080506 1.040084 1.049594 0.805728 1.004999 1.055726 0.199605 0.126153 0.203854 0.882447 0.213872 0.353900 0.360226 0.362264 0.221652
0.441588 0.691326 0.755029 0.010035 0.439013 0.779672 0.406125 0.846579 0.922004 0.416936 0.802868 0.939551 0.085669 0.097779 0.183521 0.284754 0.129132 0.152097 0.359181 0.358714 0.015474
0.499030 0.854842 0.666971 0.001865 0.410480 0.698659 0.430188 0.838679 0.845729 0.558013 0.772725 0.851610 0.103782 0.087206 0.149767 0.115621 0.036060 0.054472 0.359620 0.358714 0.033119
0.509802 0.774236 0.713879 0.007672 0.434193 0.791944 0.553702 0.848748 0.949417 0.460771 0.775390 0.843301 0.169290 0.139199 0.171075 0.217611 0.198128 0.211675 0.359867 0.360435 0.212395
0.346221 0.628739 0.740055 0.011612 0.435996 0.731311 0.370854 0.764507 0.964260 0.301274 0.663972 0.845056 0.092287 0.080772 0.145143 -0.015434 0.133724 0.092381 0.358931 0.358513 0.117996
0.377173 0.656968 0.718564 -0.001027 0.435845 0.793793 0.442217 0.720303 0.822535 0.360159 0.627347 0.835532 0.093581 0.103974 0.148565 0.141561 0.154522 0.174662 0.359975 0.358994 0.077183
0.448145 0.700584 0.716897 0.002248 0.433586 0.784259 0.410431 0.728537 0.894001 0.499795 0.595211 0.905300 0.084907 0.088269 0.163613 0.131906 0.085490 0.079621 0.358858 0.359024 0.094513
0.363706 0.686573 0.763688 -0.005794 0.423314 0.741035 0.496363 0.821731 0.912934 0.469763 0.864120 0.941599 0.181816 0.132451 0.147960 0.368977 0.516654 0.041888 0.359113 0.359908 0.267666
0.422393 0.725582 0.641891 0.036489 0.439591 0.797058 0.281618 0.719973 0.704344 0.365453 0.742185 0.789144 0.108919 0.090348 0.133217 0.216093 0.125570 0.103826 0.358805 0.358079 0.172493
0.369434 0.795093 0.607674 0.007104 0.438997 0.790731 0.366902 0.781671 0.792756 0.436984 0.695444 0.787410 0.067323 0.086338 0.117808 0.033547 0.120475 0.070180 0.358622 0.357570 0.020665
0.378438 0.702056 0.606550 0.012534 0.436548 0.793966 0.478331 0.864757 0.803351 0.431935 0.690028 0.770130 0.106700 0.100936 0.145175 0.510092 0.278235 0.051785 0.358829 0.358359 0.145118
0.262376 0.662853 0.599478 0.001719 0.434712 0.789003 0.229697 0.724260 0.681069 0.280607 0.666886 0.720244 0.055619 0.076893 0.117787 0.196521 0.076579 0.106403 0.358122 0.356803 0.030299
0.362169 0.681164 0.687523 0.004886 0.432728 0.743429 0.424286 0.800072 0.733800 0.637522 0.761111 0.801882 0.577807 0.160028 0.291016 0.894963 0.502044 0.055934 0.360181 0.363236 0.534375
0.189227 0.578015 0.685773 0.036067 0.438566 0.789069 0.206869 0.678962 0.787944 0.158392 0.671051 0.815259 0.111688 0.089648 0.135957 0.062748 0.040570 0.271182 0.361298 0.361216 0.188137
0.219625 0.656073 0.635994 0.020713 0.434566 0.720764 0.196065 0.702496 0.681697 0.284032 0.649568 0.754161 0.050575 0.078960 0.118627 0.054116 0.121668 0.102472 0.360959 0.359911 0.128570
0.417890 0.807746 0.516873 0.024701 0.428471 0.733410 0.427971 0.733463 0.718199 0.490326 0.696514 0.717987 0.134030 0.076750 0.105203 0.294567 0.081196 0.042900 0.361438 0.360273 0.027110
0.295642 0.615251 0.649292 -0.008177 0.435166 0.792372 0.285729 0.753188 0.749757 0.184842 0.642725 0.764534 0.166460 0.117451 0.151246 0.049588 0.181607 0.159679 0.360797 0.359978 0.116419
0.404120 0.855218 0.658618 -0.000853 0.429016 0.738612 0.328232 0.870314 0.817462 0.433881 0.694963 0.749588 0.345766 0.451760 0.424036 0.007625 0.045524 0.159774 0.360759 0.359371 0.017320
0.161360 0.592564 0.549956 0.026426 0.421361 0.804494 0.083672 0.658763 0.684000 0.167434 0.603743 0.766849 0.037911 0.073802 0.114884 0.216023 0.095088 0.094260 0.348787 0.348081 0.117702
0.237696 0.635620 0.475100 0.055132 0.427086 0.793680 0.269404 0.713443 0.619080 0.271132 0.571155 0.626246 0.059078 0.069186 0.105696 0.096535 0.102980 0.203572 0.348967 0.347684 0.092534
0.287158 0.715750 0.494256 0.057280 0.437070 0.846666 0.272157 0.827513 0.593298 0.332507 0.640001 0.618561 0.066141 0.080088 0.099443 0.117916 0.107129 0.139291 0.349075 0.347669 0.025965
0.211456 0.606104 0.592456 0.036999 0.421349 0.744685 0.182727 0.689272 0.601598 0.249055 0.550394 0.708447 0.074472 0.066591 0.104494 0.079962 0.115781 0.048497 0.349159 0.347896 0.017769
0.342061 0.688727 0.659013 0.021449 0.425802 0.799347 0.388288 0.725713 0.727314 0.396901 0.702520 0.755277 0.092430 0.101335 0.132136 0.293080 0.288499 0.297075 0.351637 0.353383 0.394394
0.358007 0.713607 0.651340 0.025461 0.426929 0.729827 0.283864 0.709120 0.751152 0.400091 0.700672 0.800856 0.071113 0.076429 0.121791 0.050285 0.045897 0.070172 0.351058 0.350224 0.200283
0.422669 0.827626 0.585633 0.046535 0.420019 0.736767 0.411747 0.689636 0.675744 0.532671 0.691842 0.724893 0.086143 0.076207 0.104791 -0.000629 0.060115 -0.016830 0.350498 0.349386 0.050756
0.322748 0.777139 0.528694 0.026200 0.417108 0.751329 0.307890 0.741490 0.692087 0.428118 0.645629 0.665389 0.106082 0.080935 0.121799 0.170982 0.133503 0.018502 0.350123 0.348859 0.049495
0.442897 0.843318 0.561686 0.016936 0.430488 0.806130 0.636448 0.707589 0.678524 0.535863 0.705208 0.765886 0.136554 0.119150 0.120870 0.227648 0.034839 0.049542 0.350953 0.350710 0.156875
0.333413 0.736258 0.550911 0.014413 0.431448 0.799388 0.383881 0.750289 0.651076 0.427507 0.623027 0.693966 0.113743 0.069880 0.107540 0.203356 0.111522 0.024438 0.349926 0.348886 0.031110
0.521854 0.834948 0.635786 0.021745 0.412532 0.738567 0.595234 0.731189 0.765816 0.771734 0.940172 0.876749 0.158841 0.218617 0.239434 0.168123 0.740505 0.646195 0.352675 0.363698 0.932705
0.399624 0.705180 0.558584 0.005873 0.428016 0.800824 0.450871 0.538197 0.632153 0.460274 0.639408 0.725887 0.098241 0.075691 0.120173 0.104936 0.090713 0.100461 0.354759 0.354683 0.051536
0.542060 0.838660 0.590082 -0.000253 0.420584 0.750565 0.538395 0.706384 0.696630 0.615367 0.757814 0.816212 0.124133 0.098304 0.134302 0.143082 0.216320 0.127542 0.355449 0.356425 0.129141
0.269446 0.660640 0.593217 -0.006841 0.431986 0.799798 0.314425 0.700720 0.596695 0.633813 0.674450 0.729812 0.272896 0.114539 0.188888 1.026259 0.255777 0.101131 0.353711 0.353438 0.084497
0.273494 0.683021 0.617784 0.031864 0.414014 0.753454 0.261321 0.600160 0.634486 0.352492 0.619900 0.802845 0.069853 0.066836 0.124660 0.018043 0.019498 0.079708 0.354269 0.353291 0.027033
0.429149 0.819627 0.568706 0.042827 0.426749 0.791755 0.435759 0.658984 0.682752 0.513484 0.659172 0.725915 0.089662 0.073287 0.108692 0.137655 0.016895 0.049375 0.353634 0.352481 0.081527
0.463722 0.790423 0.540454 0.046638 0.441300 0.836547 0.418876 0.615453 0.708925 0.487676 0.634438 0.739921 0.139014 0.083760 0.102337 0.091831 0.066867 -0.027718 0.353757 0.352949 0.111908
0.473376 0.791874 0.557918 0.053287 0.428974 0.793420 0.687756 0.649018 0.734488 0.580613 0.663750 0.704347 0.106302 0.074222 0.116614 0.093034 0.027212 0.083410 0.353465 0.352062 0.038759
0.646111 0.880565 0.604504 0.044669 0.421151 0.747813 0.727830 0.738126 0.799804 0.765069 0.753695 0.763290 0.160261 0.119653 0.138833 0.355266 0.157738 0.141073 0.354765 0.354880 0.207878
0.470701 0.746368 0.462043 0.036067 0.413343 0.740913 0.533390 0.644755 0.567262 0.578755 0.614813 0.725341 0.122585 0.097484 0.111210 0.094462 0.201083 0.077023 0.353585 0.352598 0.149464
0.425167 0.669726 0.628295 0.033204 0.433353 0.855717 0.522561 0.763604 0.703518 0.509064 0.706595 0.883044 0.140488 0.135049 0.230315 0.483383 0.428339 0.182227 0.354595 0.354663 0.105592
0.388824 0.592945 0.563548 0.045049 0.424910 0.803873 0.380840 0.623934 0.778310 0.402773 0.593363 0.771746 0.132425 0.096374 0.153628 0.407295 0.246211 0.134538 0.354973 0.354285 0.158908
0.371324 0.685615 0.574917 0.045420 0.433480 0.791247 0.424881 0.689209 0.720694 0.419941 0.618070 0.687453 0.220763 0.091126 0.174620 0.415349 0.257650 0.042391 0.355192 0.355192 0.110730
0.468819 0.790798 0.517738 0.056756 0.424040 0.741107 0.400879 0.746918 0.686455 0.476540 0.662269 0.724580 0.165580 0.115174 0.132092 0.100169 0.210164 0.225774 0.355353 0.355671 0.179422
0.342579 0.662006 0.574953 0.024671 0.437284 0.793348 0.288374 0.715198 0.745325 0.357870 0.589021 0.758125 0.078578 0.085031 0.124553 0.168534 0.191814 0.113858 0.356207 0.355537 0.157551
0.289231 0.654247 0.567591 0.026528 0.433832 0.797589 0.205097 0.677527 0.676539 0.267494 0.561900 0.732892 0.080035 0.072764 0.117549 0.181744 0.202783 0.067044 0.355656 0.354530 0.021806
0.255397 0.628235 0.592987 0.034683 0.437398 0.796806 0.190238 0.713445 0.634853 0.215702 0.557082 0.733710 0.065967 0.084947 0.132081 -0.010000 0.033260 0.016832 0.355844 0.354635 -0.009388
0.268539 0.634397 0.511699 0.046523 0.435757 0.794946 0.291767 0.701657 0.633356 0.264446 0.575474 0.701804 0.045499 0.064177 0.149871 0.115143 0.051376 0.316905 0.355726 0.354377 0.032149
0.292537 0.584621 0.542714 0.026087 0.432428 0.786656 0.174542 0.658206 0.597414 0.343522 0.601409 0.714425 0.059574 0.069530 0.111800 0.120076 0.076547 -0.006685 0.355792 0.355220 0.074406
0.514940 0.848692 0.628310 0.031492 0.433714 0.789324 0.487080 0.711303 0.816604 0.512816 0.682839 0.784577 0.126712 0.079913 0.111545 0.235148 0.189575 0.023317 0.356110 0.354670 0.029951
0.279858 0.607232 0.638169 0.046096 0.424092 0.739307 0.224374 0.705262 0.728091 0.313990 0.599307 0.739346 0.089306 0.088243 0.171490 0.271208 0.328288 0.124088 0.356858 0.356572 0.252022
0.358482 0.732456 0.607303 0.012760 0.422754 0.741927 0.322673 0.717494 0.653128 0.342384 0.594181 0.746760 0.094966 0.078458 0.109947 0.039112 0.097204 0.058228 0.356826 0.355523 -0.018541
0.342123 0.665648 0.603090 0.047441 0.427146 0.749621 0.218271 0.696866 0.767787 0.371316 0.560830 0.794856 0.080636 0.074448 0.127125 0.266391 0.112048 0.155994 0.356816 0.356059 0.062423
0.339979 0.706852 0.559114 0.032694 0.431802 0.747716 0.488327 0.701033 0.544756 0.408972 0.630802 0.697590 0.110024 0.092444 0.119949 0.199808 0.095921 0.112660 0.356701 0.355520 0.022937
0.478912 0.798876 0.757328 0.057362 0.438498 0.775430 0.501618 0.782571 0.867844 0.554083 0.720921 0.873671 0.147285 0.335473 0.367533 0.512493 0.574307 0.277474 0.359542 0.368836 1.080677
0.826008 0.927190 0.655746 0.029000 0.440434 0.721507 0.714430 0.678174 0.798284 0.884470 0.910674 0.874005 0.160181 0.102166 0.139896 0.115474 0.071810 0.116079 0.367377 0.367293 0.129916
0.539847 0.839928 0.612045 0.029105 0.440124 0.714676 0.606100 0.717776 0.737779 0.575453 0.731307 0.738486 0.153182 0.111694 0.122535 0.325027 0.144892 0.072364 0.365494 0.365056 0.113800
0.814180 0.907348 0.736648 0.026985 0.430373 0.734932 0.866495 0.858528 0.922218 0.913750 0.871739 0.921722 0.177070 0.113696 0.150638 0.204582 0.185346 0.075541 0.364711 0.365114 0.258848
13.364432 32.216111 33.438412 2.597622 1.958030 0.750484 25.133102 65.577324 58.614677 99.593760 93.872981 119.656348 57.244027 28.242396 56.909134 170.697176 221.378820 351.987925 0.893161 1.486956 25.696442
0.094430 0.245640 0.573924 0.476111 1.015943 -0.016601 0.374824 0.361112 0.809367 0.120150 0.542477 1.002000 0.564793 0.171156 0.405031 0.207868 0.436802 0.771369 1.005911 1.004420 0.030140
0.005603 0.130196 0.377290 0.539391 1.016917 -0.010620 -0.028083 0.206721 0.518359 0.041187 0.289887 0.765882 0.035858 0.041256 0.109583 0.056378 0.038385 0.014007 1.006770 1.004168 0.175807
0.150000 0.163222 0.431982 0.524169 1.003466 -0.059805 0.032927 0.217038 0.526317 0.264901 0.357807 0.770848 0.063841 0.306248 0.648885 0.042913 0.192595 0.422206 1.019804 1.021036 1.618636
0.247776 0.176871 0.414840 0.541755 1.010153 -0.080143 0.124432 0.256680 0.528816 0.308102 0.368567 0.742683 1.571706 0.494088 1.025971 0.069201 0.173342 0.303190 1.020768 1.021177 1.684238
0.118696 0.069246 0.375573 0.503643 1.019514 -0.022450 0.073597 0.135738 0.517643 0.124986 0.168229 0.669775 0.070351 0.031961 0.145964 0.323186 0.049611 0.168785 1.007990 1.005805 0.447046
0.266989 0.102942 0.309539 0.492706 1.004489 -0.054114 0.194915 0.124879 0.393987 0.332495 0.219355 0.596225 0.071253 0.037507 0.149294 0.078836 0.136242 0.145900 1.006224 1.003153 0.123916
0.397092 0.135151 0.284881 0.492945 1.003261 -0.065522 0.186084 0.132800 0.443300 0.360997 0.203037 0.585028 0.066279 0.020188 0.102673 0.075075 0.037019 -0.023503 1.007150 1.004368 0.080223
0.245209 0.107270 0.373088 0.506365 1.001671 -0.046116 0.167447 0.165758 0.469922 0.226592 0.206175 0.652513 0.639784 0.308168 0.621611 0.311957 0.186853 0.254879 1.002679 1.003297 0.088394
0.298646 0.109239 0.258186 0.499952 0.997496 -0.049746 0.072370 0.180574 0.494949 0.311981 0.170658 0.567278 0.047249 0.023163 0.083735 0.025063 0.053454 0.058954 1.002849 1.000102 0.140868
0.289745 0.130108 0.323166 0.490202 1.000111 -0.048045 0.087489 0.164965 0.473533 0.340496 0.196763 0.558366 0.079660 0.147482 0.305458 0.210416 0.024357 0.116099 1.002755 1.000798 0.390965
0.360202 0.127977 0.233279 0.492804 1.011951 -0.000840 0.229512 0.164698 0.358326 0.353939 0.152506 0.539671 0.073835 0.014988 0.078638 0.108855 0.031856 0.129169 1.000067 0.996624 0.070940
0.532423 0.119375 0.197791 0.503898 1.011158 0.003358 0.404999 0.153145 0.401491 0.524735 0.252970 0.608070 0.091947 0.037160 0.111663 0.048695 0.162121 0.121650 0.999733 0.998801 0.259546
0.258584 0.063962 0.236193 0.500981 1.016829 -0.009474 0.155249 0.135383 0.413554 0.303682 0.172919 0.543343 0.077150 0.050388 0.161434 0.385459 0.021603 0.033738 1.001854 0.999593 0.042372
0.118054 0.102347 0.408764 0.500473 0.999563 -0.037317 0.053811 0.150164 0.474213 0.105519 0.182175 0.607730 0.074350 0.031188 0.129212 0.116764 0.102713 0.085339 1.002948 1.000941 0.052641
0.217703 0.096509 0.331894 0.519794 1.017552 -0.005443 0.121271 0.132995 0.399593 0.185161 0.185580 0.541796 0.054765 0.044530 0.122076 0.318524 0.160480 -0.003723 1.003965 1.001098 0.206383
0.276971 0.088986 0.301181 0.525428 1.017030 -0.007492 0.266756 0.135243 0.454711 0.315347 0.222466 0.571981 0.064014 0.037091 0.103556 0.175284 0.287193 0.167709 1.004376 1.002456 0.144673
0.152283 0.053053 0.381764 0.512062 1.000109 -0.056480 -0.059704 0.116367 0.433568 0.121764 0.114143 0.606678 0.036160 0.016378 0.089386 0.152894 0.075234 0.103999 1.004966 1.001956 0.123245
0.470336 0.111339 0.252489 0.492061 0.999185 -0.048159 0.487062 0.148945 0.396350 0.471137 0.245052 0.664515 0.081053 0.054995 0.145940 0.164013 0.257946 0.515761 1.006105 1.004090 0.335607
0.361170 0.111988 0.323392 0.507562 1.009464 -0.048407 0.459899 0.136922 0.478174 0.395226 0.343384 0.819345 0.206483 0.112141 0.260645 0.205171 0.305145 0.288944 1.016907 1.017867 0.592784
0.339473 0.071061 0.131893 0.552859 1.030654 -0.035542 0.140766 0.118817 0.307143 0.300760 0.201913 0.524347 0.088837 0.028390 0.101995 0.129146 0.108405 0.089260 1.022198 1.019261 0.068835
1.833290 3.000262 3.640959 0.942131 1.017855 -0.081460 2.389034 4.038344 3.603129 21.803880 13.445493 13.906533 26.823677 9.090998 15.190426 62.140888 43.214573 49.887990 0.846225 1.020598 25.126345
0.413598 0.329277 0.122056 0.250513 0.842780 0.301423 0.317795 0.352671 0.279552 0.389381 0.429062 0.569479 0.082944 0.047406 0.081355 0.116056 0.058269 0.130810 0.789755 0.787398 0.020674
0.484936 0.374925 0.186059 0.262920 0.844715 0.306984 0.352729 0.378403 0.323814 0.469802 0.375683 0.641894 0.076969 0.042061 0.103905 0.133364 0.066702 0.084796 0.790521 0.788030 0.116283
0.253608 0.304209 0.244025 0.255128 0.831231 0.248373 0.228869 0.433783 0.371368 0.337381 0.396380 0.630414 0.070146 0.073922 0.147351 0.251646 0.239964 0.368940 0.790227 0.788062 0.072264
0.296385 0.310740 0.171230 0.257132 0.823335 0.272910 0.079416 0.422324 0.291682 0.246459 0.325331 0.647099 0.061114 0.048746 0.103464 0.166176 0.137793 0.199481 0.790524 0.788076 0.052445
0.317075 0.350433 0.225394 0.269673 0.841928 0.308889 0.097765 0.445879 0.345900 0.284439 0.331399 0.628302 0.263154 0.111804 0.185316 0.448022 0.168551 0.094609 0.789858 0.787117 0.114502
0.309780 0.337485 0.183177 0.247175 0.830525 0.262072 0.164786 0.441807 0.317765 0.256685 0.326165 0.516410 0.063269 0.045507 0.082957 0.281658 0.100795 0.110601 0.789310 0.786680 0.037587
0.169760 0.326091 0.180885 0.270014 0.821017 0.263330 0.038492 0.435538 0.210425 0.065227 0.278873 0.476839 0.046136 0.033608 0.086935 0.030740 0.036569 0.222046 0.790048 0.787987 0.066312
0.366779 0.337688 0.138733 0.245328 0.828617 0.251440 0.092609 0.362007 0.228534 0.244985 0.322012 0.484087 0.069933 0.039150 0.068708 0.254995 0.096138 0.143367 0.790240 0.787571 0.084306
0.351973 0.360956 0.140511 0.267380 0.826290 0.263523 0.160441 0.429899 0.242850 0.243313 0.297883 0.400191 0.083130 0.030546 0.055397 0.173714 0.016433 0.154237 0.789827 0.787581 0.058035
0.508381 0.349304 0.188403 0.253429 0.830415 0.249771 0.482449 0.401558 0.321436 0.439239 0.330257 0.524514 0.080647 0.036241 0.082838 0.036653 0.024559 0.051182 0.790322 0.788226 0.042090
0.487672 0.334672 0.231340 0.263084 0.843944 0.295650 0.452498 0.381276 0.373328 0.361607 0.296528 0.495826 0.084288 0.030058 0.072445 0.164459 -0.005779 0.028859 0.791482 0.788995 0.043069
0.456047 0.333194 0.196930 0.249294 0.840184 0.303517 0.211896 0.341315 0.280940 0.327777 0.300291 0.405325 0.072377 0.034524 0.068108 0.093533 0.027575 0.078066 0.791547 0.789507 0.121373
0.310598 0.332278 0.211835 0.273150 0.838898 0.302349 0.183711 0.414476 0.281748 0.189955 0.322614 0.465707 0.064467 0.041218 0.074256 0.316647 0.024680 0.253226 0.792444 0.789707 0.069564
0.440206 0.347480 0.137427 0.256445 0.830866 0.251896 0.151427 0.415136 0.243249 0.322612 0.320840 0.419350 0.055722 0.031518 0.062715 0.085318 -0.000160 0.094112 0.792611 0.790487 0.045153
0.330548 0.339514 0.145167 0.249661 0.830417 0.248182 0.052419 0.376286 0.241726 0.239969 0.300596 0.422392 0.044843 0.028922 0.071436 0.079724 -0.003521 0.144955 0.792700 0.791014 0.141226
0.512515 0.337864 0.218083 0.270670 0.847156 0.313352 0.368859 0.339361 0.343664 0.337604 0.344261 0.419000 0.185689 0.081984 0.223817 0.294257 0.095741 0.095979 0.793165 0.791016 0.123396
0.259363 0.296133 0.210344 0.269650 0.845996 0.288750 0.116916 0.342968 0.247422 0.144848 0.273606 0.394179 0.081272 0.031276 0.075218 0.288025 0.034803 0.060092 0.793875 0.791424 0.141606
0.428545 0.328306 0.197422 0.279816 0.843290 0.302008 0.291753 0.426214 0.246786 0.287415 0.334876 0.462339 0.087818 0.038605 0.101544 0.501592 0.068664 0.091590 0.794707 0.794186 0.084044
0.438138 0.286829 0.147350 0.293890 0.828254 0.265141 0.220685 0.318067 0.289549 0.323334 0.293671 0.498943 0.085262 0.033390 0.080836 0.179321 0.045167 0.128087 0.795617 0.793405 0.087597
0.258684 0.292591 0.176637 0.271261 0.833122 0.255112 0.200024 0.341091 0.221347 0.168662 0.329329 0.531763 0.092897 0.039311 0.087561 0.352522 0.068886 0.281658 0.795761 0.794200 0.139551
0.316998 0.329342 0.250764 0.299066 0.828983 0.255509 0.231762 0.443881 0.283390 0.269708 0.304472 0.516521 0.061440 0.043637 0.072616 0.162693 0.078474 0.072271 0.795756 0.793439 0.063846
0.322065 0.274566 0.250428 0.272103 0.830154 0.244937 0.248984 0.377081 0.286265 0.237794 0.320065 0.558831 0.091253 0.048330 0.105492 0.380271 0.118248 0.071858 0.795639 0.793664 0.056731
0.116875 0.304256 0.241562 0.256459 0.831732 0.245025 -0.034304 0.377588 0.322804 0.097682 0.314268 0.414374 0.020404 0.038099 0.064270 0.043777 -0.009653 0.102903 0.795796 0.792883 0.046051
0.415172 0.287117 0.222599 0.281726 0.827942 0.255272 0.216515 0.324608 0.340502 0.300552 0.255187 0.466130 0.073142 0.028106 0.073603 0.139086 0.009074 0.189296 0.796608 0.794866 0.239729
0.395987 0.325482 0.145589 0.278449 0.828973 0.251150 0.141269 0.336129 0.243887 0.263063 0.276005 0.410575 0.050745 0.032268 0.061359 0.154248 0.048970 0.201536 0.797136 0.794322 0.059934
0.384394 0.333082 0.184651 0.281549 0.829412 0.251411 0.330709 0.329229 0.247276 0.296441 0.303923 0.459721 0.067681 0.031717 0.062291 0.157592 0.039128 0.061806 0.797592 0.795101 0.038956
0.293065 0.326255 0.333615 0.262593 0.833806 0.248744 0.420655 0.379504 0.394796 0.521720 0.671671 0.883382 0.401838 0.265489 0.537945 0.595981 1.027311 1.102248 0.799819 0.801119 0.635811
0.427581 0.233548 0.293261 0.280844 0.839938 0.240124 0.467399 0.297654 0.362379 0.363398 0.263549 0.669321 0.093537 0.030486 0.116342 0.158542 0.058338 0.270686 0.800877 0.799298 0.148020
0.452470 0.370678 0.378851 0.290901 0.832649 0.242725 0.451059 0.448239 0.461452 0.356843 0.306833 0.553359 0.949531 1.000594 1.654260 0.154477 0.064677 0.099928 0.801579 0.833901 0.128568
1.794816 1.728942 2.817469 0.665387 0.984353 0.247458 2.762071 1.781060 2.782717 11.403565 33.230608 27.823074 18.160647 30.241952 22.204106 25.005095 120.386394 108.450681 1.063451 1.067753 2.131770
0.738397 0.231661 1.251683 0.983122 0.644307 0.605943 1.000960 0.279331 1.227074 0.933644 1.216623 1.389434 1.012617 0.856846 1.378589 0.535220 3.326908 1.888989 0.695041 0.695432 0.489783
0.546953 0.203583 1.007427 1.010267 0.709011 0.439395 0.679875 0.225166 1.022212 0.549254 0.282152 0.768696 0.137432 0.035406 0.151490 0.381849 0.118846 0.120576 0.700894 0.701111 0.289255
0.661572 0.183121 1.040567 0.986695 0.701468 0.390991 0.512530 0.207882 0.996820 0.663296 0.252149 0.809136 0.142550 0.027345 0.136390 0.233108 0.076799 -0.033568 0.705184 0.704270 0.165643
0.738558 0.200047 1.012800 1.005923 0.703342 0.387816 0.698651 0.265221 1.000795 0.749796 0.325780 0.796138 0.188312 0.036840 0.167579 0.346537 0.072009 0.361881 0.708459 0.706875 0.096258
0.672709 0.205036 0.957502 0.992356 0.707746 0.382867 0.592101 0.255478 0.893653 0.692530 0.264675 0.745957 0.147213 0.033646 0.116598 0.235323 0.023292 0.045029 0.711035 0.709473 0.258842
0.940168 0.181045 0.921162 1.028813 0.716872 0.416299 0.673916 0.201939 0.869484 0.800260 0.281741 0.759751 0.180906 0.034969 0.138436 0.157941 0.032598 0.076144 0.713507 0.711799 0.226215
0.659250 0.178388 0.915082 1.002734 0.712434 0.373003 0.696807 0.169212 0.808220 0.591747 0.238005 0.708876 0.149447 0.026363 0.131352 0.505319 0.014288 0.142830 0.716020 0.714174 0.079258
0.678988 0.184536 0.970292 0.991938 0.711194 0.367479 0.697135 0.233359 0.896263 0.752185 0.293141 0.763904 0.160220 0.040483 0.118102 0.293272 0.123463 0.059248 0.717724 0.716230 0.198538
0.588211 0.196611 0.965316 1.000872 0.719396 0.377164 0.516833 0.194116 0.826307 0.550158 0.272189 0.768359 0.116567 0.060549 0.120988 0.266924 0.074355 0.147138 0.720868 0.718618 0.075786
1.008260 0.171240 0.865147 0.990721 0.716694 0.362620 0.562606 0.191374 0.850267 0.963167 0.273152 0.686341 0.161196 0.029783 0.104288 0.061005 0.001826 0.078176 0.720999 0.718649 0.119930
1.001206 0.134183 0.828982 1.022174 0.739745 0.456371 0.649503 0.199437 0.905267 0.924233 0.254075 0.668377 0.188464 0.031786 0.117142 0.082449 0.033643 0.035948 0.721407 0.719131 0.011761
1.026824 0.114830 0.881163 1.016339 0.744882 0.456782 0.655271 0.161475 0.859914 0.951426 0.218519 0.698729 0.188226 0.024622 0.104184 0.217869 0.038123 0.074422 0.722371 0.720746 0.112576
0.520553 0.205627 0.876610 0.979995 0.717738 0.359852 0.679000 0.238677 0.728930 0.520221 0.302627 0.669423 0.217278 0.116675 0.239309 0.450061 0.067214 0.084619 0.724257 0.722290 0.046899
0.899261 0.142754 0.782260 1.029688 0.737935 0.396104 0.386488 0.175636 0.852596 0.801240 0.243923 0.624692 0.153544 0.022896 0.088921 0.112473 -0.000508 0.002604 0.725203 0.723081 0.004793
0.873178 0.156803 0.840395 1.002701 0.737568 0.401293 0.544560 0.165053 0.833144 0.772861 0.254888 0.670065 0.148904 0.028740 0.100711 0.156714 0.050537 0.113134 0.726010 0.723598 -0.001372
1.088932 0.167061 0.761327 0.994820 0.725532 0.369572 0.461157 0.235868 0.763899 0.954653 0.274382 0.612106 0.174700 0.030016 0.084272 0.028955 0.011231 0.085893 0.726501 0.724380 0.046297
0.946227 0.151486 0.783561 0.972582 0.725322 0.370223 0.502383 0.165862 0.775552 0.829363 0.262452 0.684290 0.152627 0.027033 0.101013 0.123091 0.032602 0.072643 0.727555 0.725138 0.060138
0.875956 0.166259 0.726234 1.004068 0.738042 0.407605 0.572268 0.204860 0.739507 0.784125 0.283490 0.570336 0.178004 0.028176 0.099700 0.312131 -0.003747 0.060084 0.727555 0.725672 0.159154
1.087519 0.160858 0.809374 0.973293 0.726981 0.366556 0.526374 0.187048 0.746797 0.950706 0.253075 0.689880 0.231350 0.077183 0.181538 0.069104 0.053289 0.217916 0.726314 0.725686 0.336691
1.033447 0.183990 0.773340 0.989821 0.724010 0.355237 0.653420 0.203448 0.748234 0.921154 0.252562 0.647682 0.154274 0.028128 0.090515 0.062934 -0.006201 0.047506 0.726266 0.724128 0.113116
0.722755 0.152440 0.763045 0.983848 0.724684 0.351444 0.380415 0.183996 0.724383 0.682468 0.264627 0.623638 0.129297 0.029455 0.094481 0.084023 0.043053 0.031319 0.727005 0.724871 0.066894
0.987109 0.146166 0.703677 1.008840 0.738830 0.402823 0.456933 0.193784 0.762223 0.867424 0.241312 0.577283 0.171158 0.026462 0.080247 0.137351 -0.010377 0.046488 0.727600 0.725445 0.037013
1.025023 0.173314 0.771171 0.996511 0.724485 0.358395 0.513411 0.209548 0.773247 0.971474 0.300834 0.638262 0.182778 0.052220 0.114147 0.290444 0.098935 0.256716 0.727682 0.726186 0.106263
0.995175 0.153897 0.741186 0.987417 0.738014 0.394228 0.570513 0.189305 0.747711 0.842917 0.288366 0.629356 0.179076 0.028776 0.115302 0.106482 0.013241 0.209316 0.729158 0.726927 0.060410
1.028150 0.199581 0.744163 0.980490 0.726954 0.371856 0.654329 0.195792 0.835102 0.975474 0.278739 0.645417 0.192066 0.034525 0.121411 0.301068 0.097857 0.177730 0.730175 0.728302 0.100226
0.992333 0.374846 1.022132 0.971160 0.727276 0.365264 1.044978 0.417078 1.116225 1.571321 0.701078 1.094289 2.301967 5.079043 5.857400 2.357969 1.319287 1.846497 0.731807 0.731164 0.282476
0.968228 0.201805 0.876385 1.006446 0.640842 0.460339 1.100474 0.300338 0.939339 1.090277 0.471261 0.818211 0.269867 0.119031 0.289962 0.199948 0.042340 0.118221 0.623394 0.622406 0.260956
0.531019 0.165378 0.707722 0.939703 0.643820 0.543065 0.461882 0.166496 0.697941 0.555702 0.342200 0.628391 0.109126 0.037661 0.108275 0.136953 0.053503 0.067014 0.623563 0.621654 0.077114
0.664092 0.169466 0.723846 0.946870 0.644545 0.525075 0.588802 0.193046 0.791895 0.599765 0.371793 0.635078 0.158812 0.037288 0.105541 0.315698 -0.002586 0.021022 0.624961 0.622989 0.093616
2.192539 1.542180 2.735081 0.952175 0.644644 0.522123 2.557950 2.399383 3.344850 10.303458 13.573779 12.393230 11.245945 19.273383 21.873576 25.280069 45.101935 50.244455 0.576211 0.698300 20.897133
0.607854 0.189454 0.473106 0.575402 0.190670 0.928950 0.578884 0.312416 0.591046 1.221393 1.054510 0.891088 0.543033 1.473587 0.713665 1.945373 2.344058 1.705682 0.115214 0.182699 9.598037
0.358425 0.092362 0.443358 0.559566 0.104297 0.939838 0.310926 0.176870 0.578414 0.403705 0.201159 0.400063 0.074945 0.020957 0.065554 0.170057 -0.001047 0.083994 0.095316 0.095385 0.105983
0.444324 0.131309 0.394022 0.582231 0.111064 1.009402 0.398320 0.223039 0.542371 0.523877 0.252586 0.409801 0.093957 0.304900 0.122287 0.112273 0.153263 0.122112 0.096693 0.097093 0.120760
0.451834 0.152661 0.452427 0.592686 0.127455 0.924093 0.432261 0.262673 0.581819 0.430164 0.248595 0.463819 0.120456 0.056524 0.101043 0.174385 0.109395 0.302113 0.111837 0.111914 0.010017
0.210028 0.100508 0.545782 0.603948 0.129906 0.983786 0.170924 0.187435 0.570826 0.168656 0.209120 0.461930 0.036656 0.020447 0.067762 0.072073 0.013661 0.044562 0.112760 0.112709 0.072179
0.498038 0.141707 0.332543 0.586651 0.130725 0.991196 0.315486 0.194921 0.439237 0.436106 0.232712 0.370186 0.087563 0.028268 0.048072 -0.019501 0.108168 0.145571 0.112547 0.112477 0.008257
0.247746 0.136033 0.411475 0.587524 0.122363 0.930661 0.320806 0.206658 0.452221 0.270648 0.198603 0.321271 0.044285 0.038560 0.049490 0.071845 0.012984 0.076745 0.113647 0.114450 0.128729
0.388077 0.130494 0.302757 0.580930 0.127170 0.931952 0.246853 0.229928 0.412913 0.357864 0.195008 0.279108 0.071835 0.021701 0.034011 0.042222 0.023054 0.101117 0.114322 0.113723 0.021693
0.475698 0.156762 0.238394 0.579686 0.123564 0.932765 0.350973 0.283552 0.403791 0.459229 0.180681 0.235003 0.079553 0.031558 0.017145 0.112181 0.155151 0.028261 0.114644 0.115086 0.035427
0.637801 0.170605 0.230087 0.572352 0.125068 0.924045 0.389990 0.252610 0.366328 0.556372 0.207391 0.243055 0.111293 0.033406 0.020032 0.194653 0.117391 0.061489 0.114880 0.114304 0.047647
0.832278 0.184133 0.232610 0.594142 0.141526 1.072167 0.910565 0.250462 0.279750 0.722479 0.348487 0.242075 0.159199 0.040780 0.028572 0.229313 0.005799 0.067057 0.115958 0.115956 -0.014070
0.742166 0.200765 0.258051 0.592785 0.127713 0.931126 0.751269 0.323353 0.296133 0.781076 0.257148 0.267280 0.157992 0.031515 0.032697 0.280328 0.097284 0.110703 0.115915 0.115681 0.013346
0.731464 0.168370 0.236799 0.603984 0.132659 0.979332 0.719564 0.274539 0.307201 0.597362 0.253641 0.301400 0.215461 0.033321 0.030698 0.235372 0.106077 0.071909 0.115968 0.116110 0.106879
0.660094 0.188741 0.187973 0.580754 0.125147 0.933048 0.500030 0.333942 0.224971 0.558786 0.285674 0.229358 0.153853 0.036438 0.035311 0.115800 0.032804 0.179092 0.116453 0.116354 0.085726
0.531588 0.117540 0.433821 0.573775 0.130982 0.977359 1.041807 0.178613 0.456675 0.617890 0.173212 0.369118 0.213940 0.072425 0.068332 1.128791 0.354135 0.177980 0.116512 0.117213 0.163972
0.469532 0.175029 0.184870 0.572823 0.130953 0.928492 0.328770 0.245793 0.265927 0.456128 0.226179 0.240349 0.095064 0.067620 0.075534 0.120629 0.016964 0.008816 0.116540 0.117091 0.248160
0.655816 0.136741 0.205040 0.573978 0.128992 0.936889 0.397705 0.205269 0.262846 0.565766 0.198515 0.207940 0.095131 0.030490 0.016717 0.077567 0.165198 0.136924 0.116132 0.115995 0.097896
0.449221 0.077845 0.209115 0.606561 0.129216 0.928277 0.377976 0.192510 0.203313 0.363425 0.125177 0.243872 0.101694 0.023489 0.026275 0.031255 0.184765 0.081106 0.116673 0.116785 0.010559
0.618238 0.252404 0.337170 0.576244 0.129344 0.930568 0.648766 0.307469 0.477978 0.634938 0.345562 0.281346 0.310262 0.239698 0.481773 0.487466 0.038180 0.048365 0.116648 0.116651 0.061038
0.305344 0.090404 0.326476 0.589144 0.126645 0.931738 0.326397 0.184372 0.457387 0.270680 0.165011 0.255109 0.054031 0.023090 0.023766 0.112941 0.059108 0.093938 0.116881 0.116693 0.014460
0.554491 0.143262 0.263218 0.572875 0.132416 0.933772 0.780565 0.221717 0.302211 0.523185 0.228314 0.303234 0.181870 0.058119 0.040990 0.829564 0.329036 0.151803 0.117205 0.117252 0.048862
0.435606 0.181574 0.234976 0.583060 0.129945 0.937599 0.306209 0.287576 0.263811 0.418625 0.268286 0.225882 0.098396 0.039341 0.057469 0.202614 0.177746 0.088842 0.117558 0.117217 0.101900
0.385238 0.092080 0.327838 0.561538 0.129152 0.929839 0.342877 0.161072 0.322355 0.222737 0.105159 0.259404 0.109112 0.044048 0.040592 0.275172 0.094828 0.126280 0.117450 0.117209 0.135326
0.720631 0.270733 0.225385 0.614935 0.127849 0.929133 0.585952 0.409273 0.373330 0.606598 0.292574 0.229794 0.341393 0.706903 0.389606 0.076372 0.287600 0.050135 0.118142 0.142220 0.124952
0.284898 0.183822 0.353351 0.553600 0.161580 0.969850 0.307408 0.321450 0.373290 0.321697 0.301849 0.272704 0.245908 0.231042 0.278247 0.160171 0.103664 0.151803 0.141066 0.141059 0.008004
0.308693 0.170114 0.272214 0.592984 0.146711 0.918771 0.293447 0.271995 0.301816 0.345685 0.268624 0.305286 0.107654 0.049503 0.047719 0.335955 0.269441 0.096004 0.138219 0.138020 0.088594
0.304592 0.165128 0.216039 0.575454 0.159548 0.984695 0.302277 0.259154 0.249138 0.284755 0.252539 0.231779 0.077293 0.074371 0.082901 0.024894 0.098219 0.291471 0.137906 0.137332 0.027766
0.307098 0.091626 0.286671 0.593428 0.165163 0.960185 0.208618 0.168326 0.303238 0.202791 0.178860 0.251377 0.061931 0.020139 0.042177 0.075506 0.017993 0.102658 0.138095 0.137255 0.007281
0.518731 0.502013 0.477547 0.579515 0.424704 0.927916 0.506777 0.722264 0.558069 0.561982 0.738701 0.492581 1.016645 1.558346 0.896117 0.704870 1.932691 1.326002 0.137989 0.139295 0.012719
0.022033 0.190026 0.312319 0.537256 0.161767 0.973608 0.083078 0.299841 0.333602 0.092762 0.250021 0.321230 0.029044 0.025298 0.044382 0.079060 0.021209 0.150555 0.131300 0.132145 0.085273
0.032167 0.152243 0.220347 0.544454 0.147082 0.936706 0.118169 0.258631 0.235167 0.090591 0.237595 0.234256 0.003000 0.036824 0.016620 0.017375 0.033580 0.063053 0.130799 0.130344 0.079383
0.049621 0.176253 0.301323 0.544414 0.149239 0.916177 0.045399 0.268117 0.366642 0.114402 0.226210 0.285026 0.019807 0.035353 0.029243 0.023272 0.053240 0.055654 0.129916 0.129511 0.033574
0.290422 0.211574 0.157666 0.540844 0.154779 0.983194 0.252431 0.367255 0.250700 0.287260 0.279434 0.248038 0.066146 0.037424 0.029105 0.179431 0.077757 0.111117 0.130123 0.129363 0.013810
0.080723 0.196417 0.250115 0.545152 0.150233 0.919064 0.163078 0.324907 0.268131 0.120070 0.242718 0.208724 0.027073 0.031010 0.033857 0.061991 0.083402 0.194683 0.129484 0.129061 0.058074
0.125062 0.201017 0.305974 0.544107 0.148173 0.923084 0.198121 0.310449 0.316098 0.173665 0.204845 0.264332 0.032961 0.046171 0.032991 0.200168 0.127284 0.020950 0.129321 0.129045 0.049669
0.275193 0.292028 0.208487 0.539100 0.147772 0.919582 0.332246 0.518604 0.317237 0.353047 0.338854 0.188173 0.197825 0.212223 0.188372 0.265152 0.169100 0.134322 0.129223 0.129075 0.033173
0.165163 0.207679 0.180189 0.529893 0.162082 0.916441 0.258145 0.296567 0.263858 0.144969 0.276043 0.244490 0.081491 0.090797 0.033031 0.123793 0.056524 0.021942 0.124629 0.124125 0.047420
0.117789 0.144374 0.315615 0.553899 0.140499 0.923866 0.270400 0.261148 0.348147 0.030010 0.228663 0.273274 0.125257 0.041546 0.032903 0.256009 0.104099 0.080682 0.124565 0.124492 0.164004
-0.009354 0.125458 0.279164 0.556715 0.142156 0.921622 0.105357 0.240521 0.335833 0.028240 0.186094 0.265174 0.008900 0.024792 0.036729 0.062028 0.063683 0.082010 0.124399 0.124221 0.115106
0.291503 0.319032 0.316474 0.556865 0.145130 0.979024 0.304068 0.560749 0.386694 0.443413 0.548998 0.342764 0.096446 0.126197 0.155562 0.032238 0.666747 0.217340 0.124388 0.125632 0.140116
0.053332 0.198053 0.267062 0.557195 0.140089 0.922560 0.108474 0.316731 0.272552 0.099091 0.248838 0.251605 0.028328 0.040925 0.021006 0.228109 0.088577 0.063670 0.124585 0.124182 0.102310
0.428138 0.249162 0.169492 0.573948 0.149125 0.971132 0.499537 0.373368 0.191276 0.427205 0.342541 0.249872 0.185339 0.100557 0.125718 0.242432 0.071032 0.114913 0.123994 0.123866 0.113482
0.134415 0.263086 0.400643 0.540025 0.142897 0.937082 0.220058 0.437598 0.446650 0.072754 0.252118 0.285759 0.650267 2.978886 1.434003 -0.023347 0.082068 0.033760 0.080956 0.121241 6.035080
-0.001271 0.204998 0.261603 0.529808 0.077436 0.961823 0.016956 0.325436 0.318417 0.015531 0.275376 0.260574 -0.000126 0.041853 0.040063 0.087517 0.154474 0.024838 0.068418 0.068569 0.099621
0.259908 0.225406 0.179079 0.518861 0.078171 0.955353 0.209165 0.317034 0.241928 0.243869 0.300928 0.169854 0.047497 0.050452 0.012423 0.105529 0.215829 0.102053 0.068609 0.068436 0.020121
0.092275 0.192374 0.231263 0.537338 0.082092 0.957592 0.080113 0.283699 0.264628 0.049283 0.280220 0.143264 0.005738 0.033042 0.013294 0.085601 0.034094 0.169196 0.069409 0.068896 -0.016552
0.186839 0.169277 0.210862 0.537087 0.085188 1.012541 0.217186 0.286087 0.255076 0.117585 0.226920 0.257399 0.099195 0.052778 0.031200 0.041328 0.017323 0.137355 0.069219 0.069802 0.033608
0.071590 0.197604 0.204954 0.539832 0.084503 1.021871 0.067048 0.345171 0.234947 0.085384 0.218426 0.215709 0.055396 0.054711 0.049835 0.033932 0.091603 0.140428 0.070004 0.069541 0.017529
0.172989 0.187820 0.164739 0.529146 0.081282 0.955633 0.215272 0.308726 0.260852 0.144330 0.224821 0.187720 0.056423 0.034559 0.017038 0.153765 0.066679 0.029653 0.070859 0.071440 0.184284
0.148078 0.180706 0.214501 0.537449 0.084275 0.966193 0.099871 0.319501 0.256881 0.153345 0.260825 0.247390 0.020355 0.037154 0.027694 0.048124 0.075955 0.160927 0.071964 0.071903 0.032915
0.036797 0.168147 0.268939 0.541675 0.089204 1.009023 0.078737 0.284018 0.311899 0.005361 0.266537 0.191301 -0.007323 0.032442 0.020625 0.085952 0.065849 0.161765 0.072646 0.072479 0.073732
0.238904 0.410153 0.397932 0.550293 0.546535 0.949753 0.400366 0.663310 0.472643 0.422297 0.521642 0.494836 0.751227 2.129776 1.177987 0.852188 0.890755 0.933779 0.105575 0.106900 0.711823
0.085337 0.132563 0.238687 0.559804 0.119768 0.936900 0.155330 0.234208 0.292213 0.050577 0.210572 0.252704 0.023327 0.021540 0.027300 0.095988 0.001831 0.076115 0.107009 0.106904 0.020316
0.063530 0.208358 0.236231 0.535019 0.114076 0.862622 0.001817 0.319310 0.320001 0.041292 0.238790 0.195369 0.027241 0.028789 0.022345 0.104485 0.074961 0.077780 0.106905 0.106343 0.012419
0.280418 0.392981 0.421258 0.564604 0.986766 0.991230 0.341109 0.637562 0.456736 0.311219 0.334912 0.337554 0.893826 2.847703 1.981543 0.165501 0.260744 0.234841 0.104719 0.106065 0.478865
1.261008 2.150505 1.876229 2.315620 0.911991 0.942276 1.521437 1.596323 1.357107 1.503889 4.592970 1.650374 24.610572 58.421484 20.214974 2.150271 14.061682 4.636197 0.430778 0.543922 45.175235
1.189973 1.097481 1.679444 0.176382 0.594454 0.561861 1.699355 1.093235 1.525210 4.207538 2.957656 4.143455 1.838320 0.978628 1.857240 8.838127 9.247363 11.990566 0.473422 0.531856 0.072928
0.561559 0.224568 0.257706 -0.009373 0.544949 0.628626 0.637635 0.246885 0.223661 0.542975 0.178193 0.366637 0.097584 0.018772 0.056639 0.073605 0.037073 0.132812 0.471998 0.470235 0.041706
0.576640 0.129515 0.173727 -0.022035 0.539614 0.629632 0.562436 0.165817 0.183240 0.508864 0.130417 0.294738 0.143890 0.120333 0.149113 0.231225 0.006581 0.125900 0.471914 0.471469 0.128252
0.451984 0.143089 0.379218 -0.029008 0.538041 0.637492 0.559456 0.163049 0.285225 0.419618 0.091662 0.394347 0.068304 0.011790 0.067190 0.038721 0.067235 0.035251 0.472093 0.470567 0.082202
0.543802 0.141498 0.242323 -0.034440 0.552263 0.685728 0.491496 0.211729 0.191139 0.444155 0.107541 0.385400 0.066175 0.010143 0.047194 0.032419 0.046623 0.033822 0.471594 0.470248 0.161604
0.584255 0.172369 0.371651 -0.006423 0.540059 0.629425 0.559330 0.229614 0.274222 0.464080 0.116845 0.434470 0.069292 0.383482 0.522366 0.039344 0.059542 0.045674 0.479556 0.479041 0.517505
0.559789 0.111836 0.278408 -0.001877 0.546283 0.620475 0.524316 0.139652 0.240625 0.441343 0.078544 0.306123 0.061405 0.005948 0.042122 -0.012004 0.018755 0.124560 0.479534 0.477724 0.035513
0.579864 0.118785 0.286878 0.008657 0.547230 0.617961 0.498607 0.194388 0.228870 0.469104 0.092275 0.365157 0.098880 0.026248 0.047830 0.073800 0.047113 0.085791 0.480074 0.479015 0.029917
0.540104 0.097934 0.301901 -0.025305 0.547756 0.633546 0.427770 0.126452 0.230780 0.436000 0.047049 0.376808 0.076026 0.003595 0.107536 0.003751 -0.014131 0.075733 0.479990 0.478221 0.042606
0.409511 0.096579 0.341515 -0.017535 0.549386 0.630255 0.507369 0.136954 0.281331 0.334307 0.061837 0.369271 0.067734 0.008646 0.053373 0.133415 0.053468 0.074576 0.479468 0.478522 0.149072
0.458104 0.092570 0.252889 -0.006386 0.555670 0.664388 0.440406 0.132809 0.219170 0.369977 0.058330 0.318130 0.061712 0.005811 0.047666 0.117536 0.055571 0.130432 0.478782 0.477333 0.120702
0.471475 0.088426 0.318220 -0.020299 0.554967 0.675654 0.478842 0.112691 0.246424 0.392279 0.066822 0.423400 0.061311 0.004523 0.052316 -0.001721 -0.002223 0.063327 0.478499 0.476894 -0.012917
0.458884 0.074642 0.292815 -0.013161 0.545909 0.624161 0.450865 0.145507 0.207672 0.364183 0.056310 0.309187 0.063070 0.006436 0.039988 0.134369 0.035958 0.027287 0.478707 0.476941 0.067546
0.683398 0.154615 0.284313 -0.035458 0.544494 0.632543 0.566956 0.210546 0.323887 0.489362 0.104563 0.367448 0.297920 0.060989 0.172909 -0.015059 0.051713 0.175203 0.478332 0.477304 0.080543
0.382324 0.068319 0.269460 -0.019179 0.554646 0.673484 0.553691 0.081033 0.216901 0.458540 0.026987 0.373985 0.110202 0.013842 0.049007 0.158561 0.062235 0.100546 0.477768 0.476786 0.021559
0.819417 0.948697 1.695322 1.682809 0.643329 0.627341 1.122948 0.812778 1.197482 2.786534 6.974329 1.887905 54.621153 23.573594 24.383208 6.579407 25.376167 6.484818 0.348556 0.477138 50.682802
0.800356 0.151969 0.488766 1.035004 -0.101851 0.983260 1.147034 0.244430 0.583865 1.068389 0.496508 0.382707 3.845023 1.658819 0.169749 0.677414 1.257984 0.361710 0.025872 0.032932 0.262476
0.566386 -0.024947 0.404818 0.934994 -0.055137 1.020689 0.701888 0.007067 0.346631 0.596453 0.106928 0.257039 0.098809 0.012918 0.034642 0.028786 0.069667 0.079341 0.022934 0.023718 0.076983
0.707378 0.012366 0.374245 0.893323 -0.063199 0.981427 0.683803 0.024639 0.298905 0.635141 0.112794 0.261606 0.151040 0.051738 0.046849 0.101637 0.061101 0.161082 0.022232 0.022189 0.052747
0.670429 0.104599 0.437044 0.922123 -0.069064 1.036019 0.996160 0.172341 0.586496 0.610451 0.164949 0.264653 0.735073 0.997626 0.696678 0.189310 0.233801 0.176069 0.020603 0.020642 0.040063
0.470176 0.020625 0.333782 0.916605 -0.084558 1.127616 0.787929 0.005548 0.417913 0.457299 0.159971 0.253986 0.249091 0.301452 0.149539 0.263034 0.157360 0.094330 0.009133 0.009313 0.091132
0.625856 0.012745 0.186642 0.850849 -0.064346 0.981481 0.674893 0.056314 0.278943 0.506925 0.115550 0.167071 0.108300 0.010479 0.010565 0.119491 0.025920 0.077368 0.009800 0.010201 -0.013370
0.636115 -0.011011 0.272797 0.855032 -0.063171 1.044127 0.621892 0.018318 0.216808 0.529464 0.142611 0.182768 0.104386 0.018881 0.002290 0.072183 0.104732 -0.016862 0.009360 0.009268 0.033212
1.128816 0.461984 1.007910 1.825400 0.382477 1.046440 1.555759 0.506680 0.879890 2.359192 1.236358 0.957154 7.903345 10.475249 8.767805 5.428123 4.465840 3.331635 0.060541 0.213953 22.163448
1.912950 1.678559 2.718274 0.871433 0.192499 0.859709 3.035416 2.629707 3.875762 20.686721 19.225911 10.292295 20.813904 7.367971 6.821572 60.958859 53.895412 35.118720 0.023555 0.206800 10.437864
0.191506 0.019065 -0.068030 0.556750 -0.004684 0.991369 0.045608 0.044661 -0.029400 0.183525 -0.016454 0.012592 0.036229 -0.003935 -0.012697 0.087425 0.017610 0.118907 -0.000048 -0.000075 0.054811
0.117799 -0.002513 -0.064510 0.523638 -0.003268 0.993038 0.076042 -0.021947 -0.063385 0.102580 -0.015005 -0.053795 0.025795 -0.005895 -0.017755 0.086137 0.022511 0.110935 -0.000464 -0.000486 -0.000076
0.208335 0.039085 -0.039836 0.526995 0.000207 0.985900 -0.001983 0.049692 0.036454 0.178571 0.020762 0.013779 0.050638 0.001452 -0.022373 0.072207 0.002010 0.072521 -0.000039 0.000002 0.044877
0.302291 0.038889 -0.060887 0.527186 0.002497 1.040858 0.159595 0.042586 -0.021283 0.207948 0.026010 0.009500 0.063167 0.015776 -0.000917 0.044482 0.006733 0.211163 0.000156 -0.000000 0.025669
0.153173 0.003428 -0.017155 0.525572 0.002352 1.048546 0.112450 0.003183 -0.007812 0.138505 0.019163 -0.052082 0.026199 0.002617 -0.033858 0.021814 0.002163 0.000567 -0.001972 -0.002073 0.012197
0.191608 0.036391 0.003883 0.515054 -0.004089 0.984101 0.061568 0.087086 -0.004098 0.195142 0.020480 0.065625 0.039818 -0.000363 -0.011391 0.111017 0.014661 0.128210 -0.001671 -0.001551 0.028713
0.154827 0.018109 -0.033061 0.509658 -0.001358 0.989425 0.001877 0.028035 -0.002405 0.164624 0.017357 -0.001937 0.038830 -0.001968 0.006544 0.092057 -0.006200 0.162813 -0.001752 -0.001996 0.048466
0.054321 -0.036858 -0.032808 0.519717 0.004297 1.043181 0.012673 -0.054571 -0.039432 0.053657 -0.039061 0.004191 0.008913 -0.005240 -0.000572 0.071801 0.048730 0.069729 -0.001501 -0.001446 0.100261
0.086890 0.011205 -0.018491 0.505077 -0.001089 0.984427 -0.007817 0.008474 -0.003976 0.112056 -0.015892 -0.031435 0.009321 -0.002298 -0.030138 0.041852 0.069878 0.035084 -0.001270 -0.001657 0.002477
0.135692 -0.001280 -0.006762 0.507523 0.004239 1.045195 -0.029954 -0.016351 0.015035 0.093710 -0.002925 -0.045031 0.007413 -0.002226 -0.025745 0.067649 0.027439 0.037089 -0.001664 -0.001872 0.018369
0.222920 0.047320 -0.036413 0.511516 -0.001969 0.988045 0.074893 -0.000796 -0.016940 0.148423 -0.001717 -0.059552 0.069736 0.042897 0.038608 0.019269 0.078713 0.068917 -0.001218 -0.001371 0.013345
0.115500 -0.013429 0.036672 0.500680 -0.001890 0.998065 0.057776 -0.048472 0.001479 0.083855 -0.027204 -0.013747 0.006236 -0.006207 -0.009984 0.033201 0.016135 0.006230 -0.001712 -0.001794 0.004679
0.143050 -0.033023 0.013603 0.508687 -0.000052 0.995007 0.017832 -0.064212 -0.005481 0.123583 -0.038698 -0.003001 0.016972 -0.007859 -0.017954 0.002249 0.011614 0.142763 -0.001141 -0.001190 0.077948
0.136469 -0.008336 0.033766 0.517704 0.007008 1.050990 -0.001419 -0.004423 0.090278 0.106749 -0.022282 -0.001048 0.018728 -0.005471 -0.005657 0.031044 0.021295 0.142509 -0.000990 -0.000988 0.026513
0.191920 -0.000442 0.016293 0.512335 0.000433 0.984683 0.060244 -0.005579 -0.028161 0.139650 -0.038258 0.034646 0.105448 0.227856 0.045570 0.070306 0.023758 0.051581 -0.006020 -0.001447 0.053080
0.065692 -0.007687 -0.003736 0.522660 -0.007736 0.993262 -0.141828 -0.020650 -0.033661 0.027763 -0.040064 -0.040228 0.009697 -0.007557 -0.036587 -0.000562 0.003551 -0.006101 -0.006083 -0.006443 0.001818
-0.005145 -0.023288 -0.029605 0.502692 -0.005827 0.984786 -0.042332 -0.018582 -0.019652 -0.020634 0.006866 -0.077152 0.022873 -0.001333 -0.036841 0.040213 -0.010463 0.090629 -0.005991 -0.006070 -0.007539
-0.002227 -0.000324 -0.004724 0.506692 -0.007085 1.000484 0.021784 -0.043699 0.027751 0.015677 -0.023680 -0.012745 0.000504 -0.002816 -0.017820 0.069889 0.014130 0.082868 -0.005922 -0.006127 0.024647
-0.007454 -0.045101 -0.000971 0.529901 0.004706 1.123231 -0.055417 -0.050813 -0.028193 -0.001054 -0.051921 -0.018571 -0.011259 -0.006636 0.007690 0.010905 0.022178 0.218134 -0.005965 -0.006131 0.031731
0.033257 -0.017981 -0.040487 0.496458 -0.002798 1.000563 -0.057928 -0.045383 -0.063581 -0.005848 -0.024637 -0.097000 -0.007056 -0.004174 -0.036442 -0.004635 0.034622 0.049631 -0.006073 -0.005543 0.039795
0.038766 -0.019084 0.055924 0.496082 -0.006289 0.994959 -0.025836 -0.018341 0.034386 0.026054 -0.017507 -0.011732 0.235737 0.639536 0.373391 0.100040 0.075846 0.153661 -0.006314 -0.005318 0.031536
0.063307 -0.021672 -0.032714 0.537985 0.040375 0.981393 -0.041136 -0.050060 -0.037451 0.028627 0.009781 -0.053182 -0.010297 0.019886 0.003090 -0.020081 0.064335 0.061757 0.025628 0.025430 0.070771
0.049287 -0.003354 0.013468 0.526085 0.027370 0.984016 -0.028356 -0.010794 -0.007226 0.068974 -0.015615 -0.037551 0.007759 -0.001720 -0.017537 0.052744 0.043035 0.133154 0.025485 0.025395 0.114627
0.088431 0.001298 -0.038148 0.530365 0.033035 1.027607 0.021793 -0.007747 -0.032074 0.020895 -0.014603 0.014978 0.009554 -0.004943 0.010973 0.131616 0.013304 0.200652 0.025108 0.025027 0.006316
0.027254 -0.008904 -0.031117 0.510125 0.027734 0.980117 0.055482 -0.009695 0.004353 0.036017 -0.035305 -0.057554 0.017190 -0.006956 -0.026505 0.144767 -0.006038 0.043638 0.025275 0.024960 0.025532
-0.037323 -0.049360 -0.010386 0.539061 0.040579 1.078938 -0.024691 -0.036226 -0.000370 -0.048764 -0.035568 -0.044118 -0.014917 -0.005753 -0.016850 0.029349 -0.004795 0.098788 0.024874 0.024711 0.056394
0.007910 -0.027601 -0.025890 0.518826 0.027771 0.979133 -0.072203 -0.045871 -0.052513 0.021442 -0.041625 -0.051228 0.004441 -0.005752 -0.024036 0.081384 0.051634 0.033888 0.024781 0.024725 0.006384
