-0.203501 0.998958 0.968051 0.902482 0.665415 0.732246 0.000000 0.625000 14.090764 0.784728 0.035292
-0.204857 0.963708 0.920907 0.859913 0.476660 0.683442 0.500000 0.625000 13.430554 0.735317 0.193142
-0.222282 0.718079 0.647845 0.724557 0.219194 0.403614 0.000000 0.000000 11.159305 0.565332 0.240897
-0.268176 0.493909 0.480890 0.596882 0.171670 0.176374 1.000000 0.000000 6.116209 0.187897 -0.067253
-0.258767 0.447624 0.462021 0.544571 0.224075 0.141142 0.000000 0.000000 7.078338 0.259905 -0.015846
-0.202703 0.738787 0.666518 0.770281 0.589605 0.427708 0.000000 0.500000 11.727394 0.607849 -0.015846
-0.227150 0.516713 0.503038 0.634976 0.660127 0.167360 0.125000 0.375000 8.868238 0.393864 -0.023969
-0.193204 0.311356 0.421576 0.495914 0.475765 0.128274 0.250000 0.000000 8.250744 0.347650 -0.023969
-0.177452 0.337641 0.424587 0.499685 0.248929 0.172830 0.125000 0.625000 7.817827 0.315249 0.131753
-0.147135 0.250109 0.296853 0.407186 0.070839 0.080997 0.125000 0.375000 6.501002 0.216696 0.169890
-0.173731 0.295173 0.345847 0.425075 0.075842 0.280322 0.000000 0.500000 8.366573 0.356319 -0.090673
-0.082532 0.230470 0.309847 0.495252 0.181214 0.175438 0.000000 0.875000 9.888790 0.470244 0.102147
-0.060303 0.280498 0.368315 0.481916 0.121778 0.180828 0.125000 0.000000 9.951151 0.474912 0.102147
-0.020599 0.255451 0.346119 0.438771 0.134309 0.157790 0.250000 1.000000 9.281444 0.424789 0.303530
-0.014874 0.230838 0.329676 0.374160 0.178171 0.252706 0.000000 1.000000 7.759727 0.310901 0.397114
-0.047556 0.356255 0.358438 0.412871 0.162017 0.355372 0.625000 0.875000 7.340761 0.279545 0.326582
-0.007528 0.459704 0.453205 0.544492 0.143101 0.471138 0.750000 0.125000 8.391307 0.358170 0.323719
-0.035711 0.138910 0.182940 0.268573 0.052954 0.309743 1.000000 0.375000 6.076451 0.184921 0.394211
0.008531 0.250436 0.231328 0.410357 0.056043 0.252088 1.750000 0.500000 6.088653 0.185835 0.488574
-0.019050 0.341831 0.289034 0.410357 0.074744 0.175850 0.375000 0.625000 5.398942 0.134215 0.777548
0.017817 0.413910 0.327665 0.499029 0.114849 0.153939 0.375000 0.625000 5.849670 0.167949 0.770592
0.013792 0.443448 0.332148 0.555971 0.146999 0.138943 0.375000 0.750000 6.016147 0.180408 0.826762
0.020833 0.278568 0.226977 0.417223 0.114064 0.094628 0.625000 0.000000 4.974849 0.102475 0.867716
-0.002133 0.331605 0.277637 0.517141 0.064827 0.122704 0.500000 0.125000 4.940119 0.099876 0.899326
0.012191 0.302739 0.259264 0.437829 0.031926 0.198178 0.500000 0.125000 5.207062 0.119855 0.944584
0.011609 0.228031 0.209635 0.356215 0.052019 0.244271 0.375000 0.125000 5.265194 0.124205 1.059869
0.059157 0.227085 0.221992 0.433445 0.084734 0.201702 0.375000 0.000000 5.261081 0.123898 0.843426
0.042489 0.261648 0.272924 0.458902 0.134488 0.146930 1.125000 0.125000 5.993984 0.178749 0.882308
0.073839 0.237732 0.239100 0.464470 0.148785 0.105250 1.125000 0.750000 6.157157 0.190962 0.879667
0.087427 0.199510 0.217263 0.402648 0.166861 0.110128 0.375000 0.625000 5.915333 0.172863 0.855607
0.085974 0.096410 0.148429 0.304002 0.113971 0.118018 0.125000 0.125000 4.565960 0.071873 0.896066
0.030471 0.123837 0.188313 0.266101 0.271275 0.048212 0.125000 0.625000 5.384599 0.133142 0.821555
0.047871 0.297917 0.247631 0.450674 0.212905 0.036598 0.125000 0.500000 6.225072 0.196045 0.784573
0.044774 0.288577 0.238096 0.447673 0.194199 0.062375 0.375000 0.500000 6.491798 0.216007 0.780235
0.066275 0.301365 0.250603 0.476369 0.152427 0.074927 0.000000 0.000000 5.903880 0.172006 0.659271
0.097527 0.281539 0.213081 0.452395 0.166666 0.017975 0.625000 0.000000 4.896344 0.096600 0.655669
0.115274 0.545053 0.394526 0.627880 0.246146 0.078315 0.625000 0.125000 6.128339 0.188805 0.933437
0.150734 0.490641 0.352245 0.612168 0.260789 0.033806 0.375000 0.250000 5.695077 0.156379 0.883388
0.138927 0.541123 0.435654 0.641956 0.157892 0.035097 0.375000 0.250000 5.785661 0.163158 0.878376
0.195260 0.555830 0.483202 0.641705 0.162702 0.022599 0.375000 0.625000 6.829999 0.241318 0.926914
0.239156 0.547697 0.472026 0.591782 0.164495 0.081480 0.125000 1.250000 6.982098 0.252702 0.921401
0.263486 0.582110 0.478168 0.651885 0.170130 0.269139 0.125000 1.250000 6.830082 0.241325 0.964599
0.271652 0.477263 0.430814 0.479854 0.239111 0.481287 0.000000 0.250000 7.852985 0.317881 0.978961
0.340642 0.683558 0.551050 0.572874 0.151113 0.478466 0.500000 0.250000 8.676836 0.379539 0.849479
0.281894 0.456960 0.388452 0.411326 0.147250 0.473096 0.625000 0.625000 7.936149 0.324105 0.816803
0.364102 0.634902 0.500618 0.567181 0.224387 0.618324 0.625000 1.000000 9.383487 0.432426 0.840990
0.357221 0.367886 0.323095 0.466904 0.268128 0.388498 0.875000 0.125000 7.527359 0.293510 0.835463
0.360109 0.336256 0.317049 0.430646 0.275228 0.299008 0.125000 0.625000 6.841896 0.242209 0.872912
0.366153 0.329914 0.302114 0.419772 0.182286 0.226138 0.125000 0.500000 5.973391 0.177208 0.868045
0.295169 0.240092 0.232974 0.339948 0.068919 0.168046 0.125000 0.375000 5.032488 0.106789 0.833960
0.323229 0.211409 0.192379 0.322305 0.062189 0.068837 0.000000 0.375000 4.471759 0.064823 0.808185
0.313238 0.231700 0.211192 0.359480 0.097132 0.057360 1.000000 0.250000 5.018077 0.105711 0.801919
0.322793 0.241530 0.201424 0.423678 0.110115 0.102337 1.000000 0.125000 5.506290 0.142250 0.796294
0.333085 0.337768 0.279513 0.528956 0.157368 0.229774 0.125000 0.250000 6.126294 0.188652 0.812860
0.344734 0.337089 0.292534 0.519399 0.161959 0.227549 0.250000 0.250000 6.054126 0.183251 0.870934
0.354867 0.288458 0.266002 0.472764 0.192019 0.306892 0.250000 0.375000 6.469351 0.214327 0.867201
0.409030 0.254481 0.265551 0.411712 0.176492 0.290175 0.500000 0.375000 6.568311 0.221733 0.790859
0.418800 0.263975 0.243726 0.440152 0.082231 0.251447 0.000000 0.375000 5.857775 0.168555 0.787106
0.395147 0.275550 0.231019 0.498036 0.084482 0.246457 0.000000 0.000000 5.775119 0.162369 0.858721
0.466630 0.249348 0.190890 0.432026 0.196409 0.247377 0.125000 0.000000 6.501377 0.216724 0.782739
0.436607 0.191347 0.129854 0.378705 0.122162 0.089055 0.750000 0.875000 5.092158 0.111255 0.876180
0.509819 0.130568 0.094743 0.335796 0.126279 0.103769 0.750000 0.625000 4.817409 0.090692 0.802408
0.531363 0.136279 0.098379 0.355906 0.037686 0.089517 0.250000 1.000000 4.171700 0.042366 0.906142
0.503178 0.080897 0.047133 0.320924 -0.043828 0.040902 0.250000 0.125000 3.748594 0.010700 0.979089
0.530577 0.042374 0.004809 0.268917 -0.068180 0.019099 0.875000 0.125000 3.621856 0.001215 0.999589
0.537219 0.030862 0.004464 0.223527 -0.037665 0.073106 0.375000 0.000000 3.884059 0.020839 1.000000
0.553907 0.034680 0.003117 0.160797 -0.035653 0.093769 0.500000 0.500000 3.649291 0.003268 1.000000
0.565835 0.035769 0.004045 0.205561 -0.027671 0.094678 0.500000 0.000000 3.431897 -0.013002 1.000000
0.581982 0.008686 -0.021008 0.120394 0.010315 0.107272 0.375000 0.500000 3.596760 -0.000663 0.999589
0.583196 0.018391 -0.008584 0.129677 0.045728 0.069727 0.250000 0.250000 3.700776 0.007121 0.999795
0.674963 0.148472 0.066684 0.306358 0.051915 0.044248 0.000000 0.375000 4.138757 0.039901 1.030272
0.614843 0.027798 0.001832 0.129389 0.094132 -0.005619 0.125000 0.375000 3.829981 0.016791 1.040157
0.608988 0.227165 0.151171 0.328391 0.026364 0.039665 0.375000 0.250000 3.754413 0.011136 1.039540
0.654152 0.173504 0.099101 0.308848 0.033158 -0.042134 0.500000 0.125000 3.558205 -0.003549 0.998336
0.665985 0.216478 0.119654 0.395473 0.044258 -0.033735 0.625000 1.375000 4.068892 0.034672 1.018835
0.671775 0.238357 0.141920 0.433274 0.022557 0.012381 0.750000 0.000000 4.516171 0.068147 1.018219
0.731495 0.300736 0.222869 0.555587 0.138507 0.209822 0.000000 0.000000 6.858186 0.243428 1.049249
0.756804 0.330328 0.249336 0.581797 0.108724 0.207654 0.000000 0.875000 6.360789 0.206202 1.050077
0.771484 0.314894 0.210844 0.578226 0.077579 0.076589 0.125000 0.500000 5.252589 0.123262 1.050491
0.789141 0.346450 0.225715 0.617422 -0.000134 0.095763 0.125000 0.250000 4.957454 0.101174 1.009370
0.722350 0.314966 0.201929 0.534119 -0.005583 0.139999 0.000000 0.250000 4.954289 0.100937 0.974420
0.734037 0.383548 0.252096 0.617084 0.065483 0.175066 1.875000 1.000000 5.420574 0.135834 0.929344
0.765420 0.306812 0.188291 0.561489 0.086897 0.129305 0.250000 0.375000 5.053559 0.108366 0.929572
0.759828 0.265683 0.173460 0.460592 0.056305 0.086173 0.375000 0.625000 4.613463 0.075429 1.020932
0.784912 0.226259 0.143358 0.394675 0.000537 0.139636 0.375000 0.625000 4.791649 0.088764 1.020704
0.797632 0.228234 0.138291 0.380241 0.008620 0.209425 0.500000 0.750000 5.154979 0.115957 1.021161
0.784208 0.027471 0.016644 0.152404 0.058980 0.134628 0.125000 0.625000 4.069436 0.034713 1.020476
0.783573 0.048647 0.029435 0.190817 0.021852 0.111236 0.125000 0.375000 3.939557 0.024992 1.019563
0.793256 0.027044 0.014525 0.164557 -0.005559 0.079223 0.750000 0.375000 3.613544 0.000593 0.996341
0.799728 0.011008 -0.004649 0.125221 0.008656 0.072953 0.250000 0.000000 3.459144 -0.010963 1.041462
0.798780 0.015713 -0.000458 0.101348 0.015532 0.069332 0.250000 0.375000 3.603644 -0.000148 1.039386
0.822080 -0.105306 -0.092646 -0.134514 -0.022853 -0.044725 0.375000 0.125000 2.942443 -0.049634 1.039181
0.824243 -0.107574 -0.091151 -0.111672 -0.011905 -0.018338 1.000000 0.750000 3.270774 -0.025061 1.039387
0.824260 -0.054524 -0.071052 -0.010367 0.003515 -0.000637 0.000000 0.750000 3.341610 -0.019759 0.998161
0.824237 -0.009314 -0.053320 0.043167 0.010610 -0.007574 0.125000 0.125000 3.140272 -0.034828 0.998572
0.830201 -0.018626 -0.059931 0.022294 0.035085 -0.017410 0.125000 0.125000 3.021988 -0.043680 0.957162
0.814557 -0.009875 -0.015932 0.053639 0.033588 0.039880 0.125000 0.500000 3.369162 -0.017697 0.957367
0.817446 0.002612 -0.004868 0.062389 0.076788 0.024523 0.000000 0.375000 3.538176 -0.005048 0.916758
0.830057 0.010969 0.008449 0.083545 0.105762 0.006780 0.000000 0.375000 3.996161 0.029229 0.937658
0.855531 0.112076 0.078650 0.235485 0.071354 -0.009626 0.000000 0.500000 4.474756 0.065048 0.917559
0.863395 0.030426 -0.008899 0.151955 -0.060088 -0.076992 0.500000 0.375000 3.017964 -0.043982 0.876354
0.874515 0.046879 0.007414 0.197205 -0.071260 -0.075463 0.375000 1.000000 2.625496 -0.073355 0.876149
0.887868 0.195379 0.120103 0.391792 0.040684 0.042203 0.125000 0.000000 4.219991 0.045980 0.875738
0.915434 0.175333 0.108290 0.368529 0.043928 0.098099 0.625000 0.000000 4.739482 0.084860 0.875943
0.941347 0.266337 0.180618 0.499258 0.121391 0.097041 0.500000 0.000000 5.272789 0.124774 0.875738
0.938702 0.248563 0.172320 0.468221 0.162872 0.129328 0.625000 0.125000 5.613057 0.150240 0.916532
0.920227 0.311846 0.228051 0.519146 0.235923 0.179374 0.625000 0.125000 6.481983 0.215272 0.875717
0.929019 0.266751 0.200647 0.463853 0.181015 0.113232 0.750000 0.125000 5.953004 0.175682 0.917355
0.923918 0.395709 0.315872 0.550844 0.215997 0.108229 0.625000 0.375000 5.990079 0.178457 0.875965
0.938582 0.329741 0.255682 0.508409 0.108630 0.153571 0.125000 0.625000 5.307335 0.127359 0.896270
0.998516 0.295647 0.217612 0.457487 0.094658 0.295821 0.125000 1.250000 6.024594 0.181040 0.967484
0.939891 0.318892 0.231728 0.417614 0.006996 0.218208 0.500000 1.125000 5.474961 0.139905 0.937474
0.933693 0.331859 0.259541 0.429619 -0.009047 0.153599 1.000000 0.000000 5.184797 0.118188 0.896475
0.917595 0.359594 0.301282 0.445331 0.100641 0.191557 0.000000 0.750000 5.933210 0.174201 0.855640
0.927324 0.479995 0.359449 0.504599 0.163539 0.238751 0.125000 0.875000 6.710305 0.232360 0.814641
0.937061 0.444987 0.341492 0.501684 0.077783 0.218595 0.125000 0.750000 6.227842 0.196252 0.814641
0.935189 0.531214 0.419742 0.558107 0.013308 0.209711 0.000000 0.750000 5.653281 0.153251 0.837323
0.999067 0.544381 0.472855 0.533870 0.066102 0.304082 0.000000 0.000000 6.626789 0.226110 0.791059
1.072988 0.410485 0.409448 0.401643 0.205666 0.366679 0.875000 1.125000 7.718241 0.307796 0.814090
1.049178 0.355397 0.398253 0.347156 0.194067 0.280433 0.000000 1.000000 7.541688 0.294583 0.762611
1.095116 0.474521 0.506932 0.548248 0.137888 0.171867 0.125000 0.875000 7.539422 0.294413 0.740110
1.049453 0.224185 0.330117 0.243201 0.261428 0.185101 0.125000 0.875000 7.565942 0.296398 0.506597
1.095881 0.440267 0.545044 0.436865 0.493156 0.389901 0.000000 0.000000 11.435457 0.586000 0.301601
1.089989 0.316566 0.491423 0.274034 0.543775 0.263528 0.125000 0.250000 12.064111 0.633049 0.301601
1.052963 0.277430 0.535868 0.270773 0.328911 0.115492 0.125000 0.250000 10.466233 0.513461 0.302063
1.034379 0.315408 0.580334 0.272056 0.272869 0.024062 0.125000 0.250000 7.475861 0.289656 0.251071
0.983671 0.144695 0.456899 0.121108 0.350237 0.002548 0.125000 0.250000 6.159050 0.191103 0.291214
0.911220 0.159160 0.443742 0.155839 0.620281 0.042305 0.000000 0.125000 8.894435 0.395825 0.291214
0.830638 0.165844 0.394372 0.153703 0.878905 0.112048 1.000000 0.250000 12.484653 0.664524 0.179461
0.812613 0.229174 0.470964 0.204583 0.828625 0.120135 0.625000 0.375000 12.000251 0.628270 0.159321
0.759006 0.300247 0.557003 0.323089 0.580468 0.086666 0.375000 0.375000 9.508538 0.441786 0.200135
0.717345 0.322757 0.537448 0.340957 0.347603 0.056501 0.375000 0.250000 7.575838 0.297138 0.323317
0.693211 0.240251 0.371083 0.267013 0.186084 0.043586 0.375000 0.000000 6.681329 0.230192 0.528724
0.702556 0.262674 0.366722 0.294086 0.129190 0.100516 0.500000 0.625000 7.154149 0.265578 0.528354
0.763712 0.316911 0.410111 0.292567 0.143695 0.205030 0.625000 0.625000 8.354384 0.355406 0.528169
0.719481 0.351839 0.512055 0.369491 0.299769 0.348454 0.625000 0.375000 10.477740 0.514322 0.487664
0.698599 0.313406 0.497007 0.382128 0.288774 0.428707 0.750000 0.375000 9.872560 0.469030 0.487479
0.702556 0.341425 0.477465 0.447496 0.224055 0.421342 0.625000 0.500000 8.463388 0.363564 0.487479
0.707848 0.328770 0.495629 0.411400 0.235469 0.374671 0.375000 0.500000 7.888244 0.320520 0.651280
0.709071 0.338774 0.459447 0.456520 0.260135 0.324118 0.375000 0.500000 8.236457 0.346580 0.671421
0.730828 0.282947 0.426841 0.378424 0.316751 0.237372 0.250000 0.000000 9.723337 0.457861 0.466527
0.758219 0.226580 0.373723 0.358914 0.412986 0.113094 0.250000 0.750000 10.452508 0.512434 0.323298
0.712327 0.189163 0.351074 0.332001 0.408163 0.122666 0.125000 0.250000 8.618425 0.375168 0.240725
0.744133 0.198104 0.372896 0.368867 0.306024 0.124426 0.125000 0.125000 7.346991 0.280011 0.265702
0.709676 0.197913 0.355919 0.339441 0.176398 0.125427 1.125000 0.125000 7.496784 0.291222 0.265888
0.662941 0.249761 0.342709 0.390351 0.114894 0.134348 0.750000 0.000000 7.101522 0.261640 0.240580
0.656418 0.308501 0.369584 0.401841 0.105985 0.171737 0.250000 0.000000 6.811463 0.239931 0.240396
0.622833 0.314408 0.412559 0.339322 0.158279 0.321469 0.000000 0.125000 8.313321 0.352333 0.240211
0.633325 0.421143 0.449990 0.494700 0.168051 0.582719 0.125000 0.125000 9.558435 0.445520 0.219721
0.642227 0.390890 0.421501 0.458140 0.160256 0.662943 0.125000 0.625000 9.146867 0.414717 0.179236
0.635566 0.444715 0.474157 0.507028 0.218743 0.447329 0.125000 0.125000 7.971258 0.326732 0.343130
0.611897 0.613219 0.587480 0.587621 0.375948 0.330034 0.500000 0.125000 8.945360 0.399636 0.486174
0.611922 0.422183 0.444464 0.477231 0.306945 0.257756 0.500000 0.125000 7.727416 0.308483 0.518302
0.656003 0.476032 0.457944 0.460974 0.318311 0.301349 0.500000 1.125000 8.002847 0.329097 0.499653
0.648210 0.501698 0.487410 0.544605 0.371514 0.400915 0.375000 0.250000 9.102123 0.411369 0.499446
0.681148 0.414763 0.415097 0.413509 0.500381 0.259460 0.375000 0.375000 9.395388 0.433317 0.522211
0.672312 0.430532 0.451724 0.433342 0.689910 0.149742 0.625000 0.250000 9.994179 0.478132 0.499458
0.677588 0.430444 0.463112 0.390351 0.607231 0.078146 1.250000 0.125000 8.963809 0.401017 0.499872
0.684700 0.336269 0.422869 0.279519 0.393855 0.082145 0.875000 0.000000 6.982688 0.252746 0.500700
0.669828 0.354440 0.488328 0.306660 0.461155 0.139383 1.375000 0.000000 7.477922 0.289810 0.546229
0.682126 0.263817 0.379685 0.313815 0.307336 0.177961 0.375000 0.625000 6.775725 0.237257 0.546229
0.716614 0.339594 0.460869 0.392562 0.236468 0.269865 0.125000 0.500000 7.714456 0.307513 0.592126
0.741378 0.344389 0.457514 0.394025 0.367600 0.316608 0.375000 0.500000 9.368694 0.431319 0.596926
0.732672 0.432535 0.494236 0.448133 0.351975 0.345185 0.875000 0.500000 9.910919 0.471900 0.651866
0.755536 0.461569 0.494358 0.440657 0.421321 0.344068 0.250000 0.500000 9.464937 0.438522 0.652051
0.785181 0.459180 0.535967 0.504949 0.489665 0.425689 0.375000 0.375000 9.817807 0.464932 0.634096
0.793241 0.432254 0.491412 0.526966 0.529466 0.485968 0.250000 0.375000 11.153627 0.564907 0.611124
0.814391 0.414904 0.456234 0.547532 0.428201 0.454957 1.750000 0.250000 11.366576 0.580845 0.610508
0.808769 0.408681 0.453881 0.578226 0.273581 0.347826 0.750000 0.250000 9.498105 0.441005 0.655446
0.848978 0.435479 0.405877 0.568980 0.038141 0.222526 0.375000 0.250000 6.308156 0.202263 0.655241
0.864042 0.442110 0.391142 0.564920 0.163068 0.193335 0.500000 1.000000 7.668857 0.304100 0.701252
0.896665 0.477951 0.394096 0.530144 0.223820 0.113451 0.000000 0.250000 9.593536 0.448147 0.638519
0.918265 0.399453 0.331939 0.468221 0.165788 0.097045 0.625000 0.125000 7.290974 0.275819 0.683772
0.881948 0.439297 0.398977 0.468221 0.126839 0.121337 0.625000 0.000000 6.935605 0.249222 0.728818
0.830290 0.378466 0.373572 0.471004 0.102445 0.128006 0.625000 0.000000 5.749817 0.160476 0.608728
0.809327 0.285270 0.264880 0.363793 0.025187 0.155785 1.000000 0.000000 5.262690 0.124018 0.608536
0.822486 0.402846 0.355730 0.464397 -0.005553 0.200210 0.000000 0.000000 5.667376 0.154306 0.649535
0.800057 0.267570 0.271143 0.335450 0.076952 0.186846 0.000000 0.000000 5.324913 0.128675 0.650090
0.798024 0.239945 0.250895 0.300331 0.206927 0.134539 0.750000 0.000000 6.283264 0.200400 0.609091
0.768357 0.179273 0.248479 0.207817 0.263469 0.107933 0.750000 0.375000 7.162043 0.266169 0.609275
0.737514 0.084488 0.172980 0.128552 0.195524 0.022150 0.125000 0.375000 5.598851 0.149177 0.588560
0.738961 0.110017 0.211100 0.175511 0.079151 0.046926 0.250000 0.875000 4.788613 0.088537 0.588190
0.752319 0.155270 0.228986 0.264403 0.167592 0.128907 0.250000 0.000000 5.757022 0.161015 0.553849
0.690608 -0.000653 0.118305 0.104671 0.100351 0.040542 1.375000 0.125000 4.547573 0.070497 0.527338
0.713012 -0.021213 0.128563 0.092546 0.133691 0.074012 0.875000 0.375000 5.020260 0.105874 0.650643
0.714893 -0.022188 0.127489 0.098487 0.162739 0.132744 0.750000 0.250000 5.208431 0.119957 0.650643
0.728965 -0.023246 0.134939 0.092546 0.171040 0.118712 0.250000 0.375000 5.300752 0.126867 0.589299
0.811096 0.088776 0.225454 0.182384 0.207946 0.082414 0.250000 0.500000 5.876480 0.169955 0.616524
0.862032 0.003406 0.177039 0.131066 0.222339 0.050854 0.250000 0.375000 5.656653 0.153503 0.616897
0.912398 0.005233 0.143327 0.121957 0.210077 0.040327 0.250000 0.375000 5.751771 0.160622 0.616711
0.894208 0.035346 0.199118 0.160266 0.181168 0.055804 0.125000 0.500000 5.364797 0.131660 0.563948
0.899337 0.317252 0.428906 0.384876 0.330788 0.258945 0.125000 0.250000 7.453433 0.287977 0.558129
0.879990 0.351390 0.512946 0.426521 0.313432 0.107969 0.375000 0.250000 7.294961 0.276117 0.532928
0.901460 0.288010 0.465843 0.318559 0.207336 0.029646 0.500000 0.125000 8.250223 0.347611 0.327418
0.887651 0.263210 0.469189 0.231383 0.140237 0.078694 0.125000 0.000000 9.232259 0.421108 0.327418
0.862437 0.217674 0.436586 0.181660 0.274221 0.082458 0.000000 0.000000 7.504297 0.291784 0.287505
0.860106 0.219419 0.435419 0.221266 0.382818 0.041436 0.500000 0.125000 6.753963 0.235628 0.287285
0.822080 0.207830 0.387963 0.208709 0.352592 0.012772 0.000000 0.125000 8.144356 0.339688 0.287549
0.854212 0.310526 0.483961 0.285499 0.476073 0.154609 1.000000 0.000000 11.401748 0.583477 0.258336
0.724987 0.271721 0.440163 0.243644 0.657834 0.140187 0.375000 0.375000 9.903279 0.471329 0.233722
0.717383 0.306174 0.406190 0.247106 0.395713 0.105743 0.625000 0.000000 6.946392 0.250030 0.199429
0.730918 0.140031 0.267157 0.143813 0.312148 0.093790 0.500000 0.000000 6.446134 0.212589 0.148264
0.796399 0.129181 0.191463 0.142298 0.132523 0.163818 0.500000 0.750000 5.517904 0.143119 0.199308
0.801532 0.276414 0.292525 0.293033 0.074505 0.212116 0.625000 0.000000 5.325349 0.128708 0.404560
0.796618 0.354631 0.376250 0.425708 0.138334 0.342964 0.000000 0.000000 6.505923 0.217064 0.405023
0.791484 0.380112 0.406445 0.463853 0.360531 0.415232 0.875000 0.000000 8.311729 0.352214 0.428472
0.799838 0.367252 0.407810 0.420626 0.047100 0.162584 0.750000 0.000000 5.528449 0.143908 0.496804
0.782323 0.410317 0.463596 0.434554 0.009555 0.102156 0.000000 0.500000 5.277856 0.125153 0.382564
0.796805 0.418186 0.443818 0.440806 0.014324 0.168310 0.000000 0.250000 6.356262 0.205863 0.446583
0.833114 0.422878 0.458119 0.498338 0.124666 0.348451 0.375000 0.250000 9.148967 0.414875 0.428575
0.850137 0.392936 0.456427 0.495368 0.300638 0.463850 0.750000 1.375000 12.118947 0.637154 0.360243
0.855533 0.432239 0.494933 0.517115 0.389490 0.409334 0.625000 1.375000 11.904914 0.621135 0.431510
0.878301 0.511272 0.553088 0.519549 0.328719 0.304214 0.750000 0.125000 10.207034 0.494062 0.406203
0.892198 0.488613 0.518206 0.469061 0.166342 0.227879 0.750000 0.125000 8.599313 0.373737 0.347339
0.933468 0.521816 0.520696 0.501945 0.000921 0.157694 0.125000 0.125000 7.577326 0.297250 0.229406
0.951354 0.392919 0.409405 0.460974 0.044302 0.232444 0.750000 0.875000 6.949473 0.250260 0.286918
0.949686 0.535157 0.482963 0.585580 0.177059 0.270180 0.750000 0.000000 7.567714 0.296530 0.052490
0.950375 0.437924 0.431676 0.555999 0.251410 0.236996 0.750000 0.875000 8.507993 0.366903 0.130848
0.917585 0.432186 0.511687 0.540084 0.296183 0.222223 0.000000 0.250000 8.864429 0.393579 0.062139
0.881591 0.567534 0.617777 0.644089 0.466023 0.402390 0.000000 0.000000 10.778026 0.536796 -0.035322
0.869905 0.633824 0.680953 0.686636 0.492226 0.509599 0.625000 0.000000 11.475897 0.589026 0.140653
0.923896 0.781378 0.766660 0.842815 0.299075 0.426388 0.750000 0.125000 10.584606 0.522321 0.146561
0.910381 0.747061 0.745371 0.888750 0.371810 0.357394 0.250000 0.250000 9.590478 0.447918 0.109355
0.913864 0.741705 0.759659 0.815254 0.377958 0.316324 0.500000 0.250000 9.313120 0.427160 -0.074234
0.869127 0.835269 0.823902 0.869074 0.857724 0.590060 0.375000 0.000000 14.275909 0.798585 0.063228
0.858187 0.889988 0.895222 0.887785 1.007394 0.623119 0.375000 0.500000 16.065679 0.932535 0.063228
0.868666 0.950968 0.925294 0.911765 0.905268 0.492467 0.750000 0.625000 14.103250 0.785663 0.292828
0.885290 1.149610 1.023674 1.070866 0.737366 0.952776 0.125000 0.125000 15.004292 0.853098 0.161956
0.836092 1.077671 0.972952 1.005569 1.013166 1.091642 0.750000 0.000000 17.758837 1.059254 0.085224
0.822959 1.071625 0.964863 0.931817 0.964203 1.529788 0.875000 0.000000 20.507967 1.265004 0.221957
0.869966 1.285936 1.065377 1.095073 0.918262 1.433637 1.000000 0.000000 20.512113 1.265314 0.267306
0.892453 1.244388 1.034434 1.074488 0.606703 0.902270 1.000000 0.000000 16.604652 0.972872 0.335467
0.837368 1.336812 1.133501 1.074900 0.273751 0.687142 0.125000 0.000000 13.607509 0.748560 0.449194
0.848328 1.256489 1.067540 1.140390 0.240053 0.944759 0.375000 0.000000 14.320820 0.801946 0.449194
0.838595 1.226483 1.084951 1.110100 0.425080 1.201116 0.500000 0.375000 16.120794 0.936660 0.381090
0.829537 1.222058 1.072045 1.067544 0.523989 1.092821 0.625000 0.375000 15.726281 0.907133 0.176094
0.830393 1.230774 1.100467 1.089992 0.672727 0.930093 0.625000 0.375000 16.281423 0.948681 0.062207
0.820762 1.195189 1.084583 1.063837 0.996323 0.772935 0.000000 0.375000 17.616239 1.048581 0.289752
0.836569 1.124149 1.029501 1.039329 1.334916 0.820956 0.000000 0.125000 18.817487 1.138485 0.363053
0.859125 1.121609 1.075365 1.054259 1.413775 0.800624 0.625000 0.000000 18.452005 1.111132 0.198769
0.843826 1.049228 1.054158 1.044952 1.308907 0.841591 0.625000 0.000000 18.305537 1.100170 0.157955
0.882435 0.951593 1.074892 0.971607 0.943217 0.857731 0.625000 0.000000 17.000117 1.002470 0.107877
0.937926 0.835446 1.000756 0.876033 0.484560 0.788108 0.500000 0.000000 13.463439 0.737778 0.019655
0.951246 0.756426 0.925713 0.749426 0.293920 0.753355 0.500000 0.875000 11.694645 0.605398 0.071058
0.982240 0.848108 0.938089 0.806736 0.397984 0.960203 0.000000 1.000000 12.543245 0.668909 0.172211
0.945391 0.725987 0.866884 0.705496 0.352155 0.653691 0.000000 0.125000 11.210393 0.569156 0.327533
0.983337 0.579018 0.739310 0.564692 0.604301 0.522829 0.125000 0.500000 14.433133 0.810352 0.302089
0.992928 0.480749 0.677474 0.482418 1.021037 0.268997 0.125000 0.000000 16.556237 0.969249 0.251096
0.954216 0.414820 0.596626 0.416318 1.174105 0.141945 0.250000 0.125000 15.934213 0.922695 0.250326
0.912546 0.271493 0.435032 0.204815 0.639454 0.216201 0.500000 0.625000 10.365160 0.505897 0.455450
0.893957 0.231563 0.435001 0.186509 0.322676 0.419841 0.500000 0.500000 9.898560 0.470975 0.455219
0.870441 0.049483 0.247534 0.015507 0.228178 0.114095 0.625000 0.000000 7.078186 0.259893 0.455219
0.878954 0.029658 0.201740 0.046403 0.125585 0.145940 0.625000 0.000000 6.061555 0.183807 0.472679
0.902400 0.078075 0.210645 0.103971 0.131554 0.100272 0.000000 0.000000 5.621799 0.150894 0.450016
0.897991 0.041314 0.196973 0.092546 0.154052 0.082241 0.000000 0.000000 5.422798 0.136001 0.359089
0.897047 0.036443 0.161126 0.092546 0.250677 0.082800 0.000000 0.000000 5.548701 0.145424 0.359089
0.905472 0.061888 0.174183 0.126253 0.304674 0.084362 0.000000 0.000000 5.694898 0.156365 0.313375
0.919893 0.098367 0.181854 0.204375 0.208704 0.117262 0.000000 0.375000 5.363823 0.131587 0.268368
0.961445 0.093349 0.188106 0.274034 0.175460 0.209868 0.000000 0.375000 5.468107 0.139392 0.178753
0.940820 0.206623 0.235680 0.330182 0.143811 0.281154 0.500000 0.625000 6.244928 0.197531 0.268574
1.009464 0.219736 0.235963 0.415331 0.228098 0.251352 0.500000 0.500000 6.953125 0.250533 -0.004283
1.016938 0.073276 0.114830 0.294366 0.108383 0.112150 0.750000 0.500000 5.410716 0.135097 0.101507
1.025174 0.200046 0.205009 0.426021 0.047603 0.113831 0.125000 0.125000 5.252201 0.123233 0.059661
0.996255 0.048658 0.099380 0.261468 0.019145 0.128596 0.125000 0.000000 4.781512 0.088006 0.204569
1.017624 0.066521 0.089274 0.266775 0.067512 0.126754 0.500000 0.000000 4.869545 0.094594 0.294141
0.994921 0.110317 0.098678 0.253799 0.070748 0.113837 0.125000 0.125000 4.541007 0.070006 0.200425
1.018524 0.222934 0.176904 0.311860 0.036847 0.222741 0.125000 0.125000 5.058703 0.108751 0.268928
1.000233 0.063446 0.115146 0.131779 0.025685 0.071582 0.625000 0.125000 3.974706 0.027623 0.359718
1.043966 0.143706 0.167842 0.174980 0.038148 0.153136 0.500000 0.000000 4.730115 0.084159 0.277608
1.059702 0.159806 0.194351 0.219851 0.044634 0.218470 0.500000 0.125000 5.437112 0.137072 0.226128
1.031195 0.151267 0.224718 0.175576 -0.004674 0.228724 0.500000 0.750000 5.133304 0.114335 0.482244
1.019491 0.171508 0.238126 0.216255 -0.022208 0.213487 0.500000 0.750000 4.934535 0.099458 0.430943
1.031774 0.165799 0.245360 0.203075 0.053050 0.213616 0.500000 0.625000 5.443458 0.137547 0.464360
1.018175 0.164745 0.268705 0.166232 0.179916 0.197083 0.375000 0.375000 7.509121 0.292145 0.439386
0.982250 0.149002 0.305045 0.089507 0.376378 0.206405 0.250000 1.000000 10.784260 0.537263 0.405702
0.937508 0.043370 0.253063 -0.026272 0.312077 0.251149 0.250000 1.000000 8.844121 0.392059 0.288415
0.900384 0.045944 0.258036 -0.044429 0.301136 0.242817 0.500000 1.000000 7.281853 0.275136 0.317715
0.846203 0.098034 0.296717 0.041579 0.282672 0.166987 0.500000 0.250000 6.026350 0.181172 0.317421
0.815130 0.080378 0.207523 0.024117 0.240949 0.159639 0.375000 0.750000 5.845359 0.167626 0.404818
0.809240 0.149173 0.268804 0.101829 0.475269 0.142706 0.125000 0.125000 7.386966 0.283003 0.482431
0.771135 0.072829 0.193738 -0.003877 0.287395 0.137338 0.000000 0.250000 5.698570 0.156640 0.456093
0.741473 0.149667 0.263954 0.080006 0.258771 0.129611 0.125000 0.125000 5.879064 0.170149 0.507137
0.750386 0.138647 0.258617 0.107179 0.255189 0.120507 0.125000 0.125000 5.867499 0.169283 0.563744
0.782518 0.166198 0.282695 0.162957 0.172645 0.081439 1.000000 0.000000 5.471331 0.139633 0.568420
0.809077 0.272931 0.385991 0.310962 0.077053 0.074510 0.125000 0.000000 5.839552 0.167191 0.649925
0.847806 0.424876 0.488206 0.426997 0.074726 0.146777 0.375000 0.000000 7.511392 0.292315 0.843498
0.839990 0.363538 0.455152 0.420821 0.140265 0.218549 0.500000 0.000000 7.522141 0.293120 0.773189
0.857553 0.505497 0.583691 0.497216 0.319031 0.325187 0.500000 0.000000 8.873012 0.394221 0.732375
0.888713 0.502992 0.585377 0.484789 0.391363 0.391580 0.000000 0.000000 10.209041 0.494212 0.671431
0.912045 0.479837 0.527395 0.509704 0.245190 0.302570 0.250000 0.875000 9.265271 0.423579 0.712409
0.947828 0.589111 0.620317 0.677900 0.211888 0.290849 0.750000 0.500000 10.074340 0.484131 0.706191
0.949976 0.514832 0.550714 0.556226 0.216563 0.331070 0.500000 0.000000 10.506674 0.516488 0.614350
0.911051 0.431100 0.534066 0.417122 0.172351 0.351466 0.500000 0.250000 11.499186 0.590769 0.586999
0.834974 0.451211 0.617651 0.446030 0.142265 0.315147 1.000000 0.125000 11.985443 0.627162 0.586588
0.819174 0.423048 0.642461 0.401473 0.320673 0.387024 0.875000 0.875000 12.316481 0.651937 0.495662
0.884232 0.334980 0.551354 0.375303 0.440564 0.411156 0.625000 0.375000 10.663680 0.528239 0.545735
0.860243 0.302876 0.552464 0.264036 0.693460 0.438011 0.500000 0.375000 10.788876 0.537608 0.637489
0.798369 0.227737 0.549045 0.194655 0.870185 0.432075 0.375000 0.250000 11.782867 0.612001 0.609627
0.740407 0.329915 0.642568 0.238686 0.763548 0.459948 0.500000 1.000000 13.213182 0.719048 0.638149
0.721087 0.372562 0.679421 0.270933 0.550351 0.469864 0.500000 1.125000 13.043844 0.706375 0.462732
0.713300 0.347625 0.663253 0.232707 0.402879 0.370014 0.625000 1.250000 11.932439 0.623195 0.429723
0.698618 0.600707 0.853685 0.320416 0.507816 0.476239 0.500000 0.375000 14.804417 0.838139 0.462497
0.653974 0.715669 0.965316 0.440633 0.517567 0.242027 0.000000 0.500000 13.863859 0.767746 0.429865
0.684444 0.708410 0.890354 0.436235 0.695805 0.351857 0.125000 0.625000 14.100970 0.785492 0.430397
0.609309 0.766956 0.909986 0.485333 1.029705 0.586052 1.125000 0.500000 16.170743 0.940398 0.403721
0.583109 0.800100 0.895392 0.533588 1.185118 0.609196 1.250000 0.500000 16.826132 0.989448 0.315074
0.587840 0.926526 0.975050 0.671907 1.209569 0.462115 0.250000 0.000000 18.786213 1.136145 0.429736
0.592457 1.000010 1.038960 0.773813 1.385323 0.502933 0.375000 0.125000 22.333441 1.401626 0.499056
0.591671 0.969692 1.013745 0.829022 1.498102 0.792675 0.500000 0.125000 22.855234 1.440678 0.482120
0.623084 0.867809 0.931302 0.755564 1.054007 1.248562 0.125000 0.125000 18.357536 1.104062 0.534376
0.525955 0.903449 0.975334 0.785651 0.653235 1.064907 0.000000 0.250000 15.006083 0.853232 0.482155
0.493855 0.890672 0.964344 0.819936 0.613174 0.874817 1.000000 0.375000 13.736203 0.758192 0.482155
0.505204 0.894852 0.915953 0.879181 0.793782 0.972761 0.625000 0.500000 14.968892 0.850449 0.328947
0.518476 0.862920 0.913207 0.896904 1.040868 1.062440 0.625000 0.000000 17.715113 1.055981 0.200927
0.557352 0.941647 0.956091 0.818281 1.099514 0.907127 0.125000 0.625000 17.779957 1.060834 0.226167
0.465616 0.890542 0.925624 0.945599 1.072552 0.756589 0.250000 0.500000 16.700185 0.980022 0.201954
0.525474 1.022033 1.033766 0.977724 1.295369 0.945657 0.375000 0.375000 19.516459 1.190798 0.167304
0.459802 0.821133 0.863374 0.906229 0.950354 1.006553 0.125000 0.250000 17.382564 1.031093 -0.033442
0.438694 0.872276 0.942766 0.883545 0.646856 0.835608 0.000000 0.125000 13.648288 0.751612 0.021196
0.431942 0.852795 0.916012 0.843153 0.440602 0.560086 0.750000 0.000000 11.647498 0.601869 0.020579
0.463396 0.852055 0.855291 0.757122 0.485372 0.489727 0.375000 0.000000 12.446862 0.661695 0.045818
0.502275 0.800532 0.788308 0.725807 0.515409 0.592828 0.375000 0.125000 13.410343 0.733804 0.045818
0.504157 0.863456 0.911493 0.696538 0.914653 1.130145 0.375000 0.500000 16.835120 0.990121 0.223922
0.487566 0.823981 0.838462 0.661951 0.734818 0.754740 0.500000 0.500000 12.676897 0.678912 0.286815
0.476146 0.760998 0.815856 0.646359 0.934883 0.737229 0.500000 0.500000 13.234573 0.720649 0.286815
0.514193 0.642827 0.749107 0.536445 1.000919 0.722724 0.500000 0.625000 13.670620 0.753284 0.228421
0.479409 0.707390 0.823473 0.587068 0.740382 0.717891 0.125000 0.125000 13.337332 0.728340 0.111222
0.496861 0.770896 0.871786 0.572654 0.552801 0.750205 0.125000 0.625000 13.454229 0.737089 0.165219
0.579313 0.537148 0.694852 0.409157 0.257571 0.426509 0.000000 0.500000 9.187446 0.417754 0.117530
0.576366 0.491421 0.644107 0.313359 0.399044 0.450464 1.250000 0.375000 9.524123 0.442952 0.035820
0.606700 0.351129 0.529221 0.226862 0.415068 0.531600 0.500000 1.500000 9.939527 0.474042 0.035820
0.589215 0.352559 0.573950 0.194976 0.538842 0.506371 0.500000 0.000000 10.179482 0.492000 -0.073908
0.643715 0.226056 0.426774 0.132485 0.884810 0.395815 0.500000 0.500000 11.361695 0.580479 -0.142240
0.645125 0.039769 0.252416 -0.072938 0.900615 0.321882 0.000000 0.500000 11.316181 0.577073 -0.034969
0.697348 -0.069638 0.096373 -0.178219 0.481850 0.075893 0.625000 0.375000 8.365361 0.356228 -0.057014
0.694674 -0.075237 0.085745 -0.209264 0.280082 0.088924 0.750000 0.125000 7.042147 0.257196 -0.006330
0.714156 -0.197931 -0.036093 -0.346701 0.228679 0.024958 0.000000 0.125000 5.104042 0.112145 -0.109136
0.708605 -0.306210 -0.111778 -0.474943 0.133321 0.013716 0.000000 0.875000 4.136930 0.039764 -0.074935
0.688747 -0.283596 -0.136323 -0.445982 0.043475 -0.046330 0.000000 0.875000 3.260223 -0.025850 -0.047411
0.697971 -0.262817 -0.150017 -0.411789 -0.047486 -0.062181 0.000000 0.875000 2.406705 -0.089729 -0.006556
0.702651 -0.322443 -0.217513 -0.511712 -0.077554 -0.084822 0.750000 0.250000 1.822000 -0.133490 -0.047698
0.734902 -0.290651 -0.212191 -0.470126 -0.072659 -0.080852 0.750000 0.750000 1.923741 -0.125875 0.075792
0.736867 -0.147127 -0.065569 -0.294039 0.011332 -0.026620 0.250000 0.000000 2.818368 -0.058920 0.062139
0.717687 -0.108938 -0.017963 -0.226024 -0.015301 -0.065092 0.250000 0.000000 2.846181 -0.056838 0.017133
0.742024 0.002792 0.160437 -0.159492 0.022070 -0.063111 0.125000 0.375000 3.767066 0.012083 0.045691
0.711385 0.061919 0.249615 -0.096482 0.011322 -0.058868 0.250000 0.625000 3.827254 0.016587 0.045896
0.683141 0.096348 0.275154 -0.046175 0.033735 -0.023667 0.250000 0.500000 4.091306 0.036349 0.122897
0.710528 0.177668 0.325888 0.015988 0.311641 0.073332 0.250000 0.250000 6.383333 0.207889 0.173026
0.658450 0.205320 0.411480 0.027568 0.559406 0.193824 0.125000 0.250000 9.061246 0.408309 0.141373
0.684098 0.161169 0.395218 0.064030 0.711285 0.276349 0.125000 0.125000 12.419741 0.659666 0.165604
0.639638 0.197607 0.410147 0.023575 0.343638 0.313329 0.125000 0.000000 15.882800 0.918848 0.200149
0.606739 0.226639 0.400833 0.120836 0.259287 0.296338 0.500000 0.000000 13.759938 0.759968 0.141520
0.640065 0.211242 0.438672 0.109281 0.218971 0.191752 0.375000 0.500000 9.222224 0.420357 0.141520
0.667728 0.212833 0.558872 0.105897 0.425887 0.090261 0.500000 0.500000 9.231074 0.421020 0.141049
0.556239 0.100232 0.354407 0.072743 0.635467 0.114109 0.750000 0.500000 8.757630 0.385586 0.148046
0.564199 0.186451 0.419190 0.115909 0.434745 0.171438 0.000000 0.500000 8.045452 0.332285 0.199758
0.570599 0.255053 0.476886 0.190436 0.115929 0.097632 0.750000 0.500000 6.543486 0.219875 0.251392
0.559496 0.358705 0.514046 0.360736 0.085690 0.036272 1.125000 0.500000 11.776949 0.611558 0.276798
0.573134 0.524070 0.607311 0.422042 0.206944 0.077968 1.250000 0.000000 24.481606 1.562399 0.313877
0.560217 0.557861 0.657171 0.468296 0.273711 0.221789 1.250000 0.000000 24.595680 1.570936 0.359637
0.528158 0.746809 0.808578 0.583615 0.340841 0.442000 0.625000 0.000000 16.049102 0.931294 0.450746
0.490941 0.818900 0.914791 0.607775 0.332192 0.639645 0.625000 0.125000 10.738137 0.533811 0.541718
0.460803 0.829469 0.780452 0.667051 0.221287 0.644724 0.375000 0.125000 9.859251 0.468034 0.589206
0.410263 0.972296 0.938483 0.802871 0.374352 0.656616 0.375000 0.250000 12.029244 0.630440 0.632417
0.398699 0.991406 0.952410 0.823734 0.436724 0.495241 0.250000 0.375000 11.193045 0.567857 0.701148
0.428595 0.949835 0.905079 0.837182 0.724109 0.785352 0.250000 0.250000 13.182076 0.716720 0.700532
0.397027 0.961603 0.917317 0.880362 0.852459 1.098555 0.250000 1.125000 15.486533 0.889190 0.768521
0.377305 0.965360 0.936817 0.862905 0.759162 1.080538 0.125000 0.000000 15.577194 0.895975 0.723332
0.360057 0.951154 0.955762 0.819202 0.617831 0.973790 0.125000 0.125000 14.817147 0.839092 0.723538
0.334515 1.004070 1.003083 0.911868 0.598064 1.095149 0.000000 0.250000 14.734490 0.832906 0.723332
0.303048 0.839381 0.880290 0.891323 0.687548 1.158695 0.000000 0.250000 14.632156 0.825247 0.723332
0.319447 0.878428 0.889149 0.904470 0.714480 1.059104 0.000000 0.250000 14.212820 0.793863 0.722876
0.308945 0.923726 0.920115 0.906917 0.678968 1.044419 0.000000 0.250000 13.727148 0.757514 0.609389
0.302096 0.821073 0.832198 0.896904 0.666215 1.058217 0.000000 0.375000 13.622457 0.749679 0.650726
0.318441 0.987393 0.931671 0.965427 0.779112 0.899040 0.000000 0.250000 14.489793 0.814592 0.466240
0.334625 0.977225 0.937357 0.939828 0.748619 0.767887 0.000000 0.000000 14.463759 0.812644 0.507424
0.342585 0.953767 0.896496 0.936955 0.598910 0.747869 0.125000 0.000000 13.137778 0.713405 0.548218
0.332011 0.939999 0.906345 0.977006 0.438195 0.819529 0.125000 0.000000 11.843525 0.616540 0.588703
0.336480 1.018508 0.943738 1.047096 0.413618 0.914396 0.125000 1.000000 12.064124 0.633050 0.629333
0.299733 0.838542 0.850812 1.016305 0.672651 0.909780 0.125000 0.125000 12.197456 0.643029 0.608659
0.305705 1.178283 1.103372 1.115795 1.149710 1.466323 0.000000 0.125000 19.502108 1.189724 0.567844
0.262570 0.999958 1.018119 1.049308 1.205650 1.393655 0.750000 0.625000 18.229935 1.094512 0.445196
0.274943 0.973383 0.989702 1.101118 0.972207 1.170578 0.250000 0.750000 16.601635 0.972647 0.495194
0.279078 0.986969 0.996976 1.101118 0.808382 0.903546 0.750000 0.875000 14.634493 0.825422 0.449183
0.288385 1.002701 0.991986 1.094751 0.973074 0.803334 0.750000 0.375000 14.852459 0.841735 0.630968
