0.858172 1.013590 1.235879 0.872496 0.979368 0.918344 1.000000 0.000000 39.418539 2.295777 1.313186
0.875354 0.762667 1.042819 0.812575 0.268484 0.319156 0.428571 0.000000 38.922267 2.265939 1.401926
0.785637 0.672471 0.974624 0.756093 0.238197 0.374646 0.285714 0.250000 26.556284 1.522435 1.498777
0.706418 0.475544 0.746820 0.654541 0.895492 0.729184 0.142857 0.625000 11.452368 0.614313 1.498777
0.738211 0.512935 0.786061 0.679261 0.929060 0.743463 0.142857 0.625000 13.035366 0.709491 1.498777
0.674709 0.590233 0.763563 0.735446 0.660156 0.746126 0.714286 0.625000 12.128892 0.654989 1.498777
0.525030 0.685500 0.631961 0.868179 0.249298 0.645270 0.000000 0.250000 7.272150 0.362978 1.480555
0.464579 0.944465 0.838853 1.019527 0.237911 0.732174 0.142857 0.125000 7.421023 0.371929 1.360088
0.457709 0.967455 0.853350 1.011641 0.258195 0.804113 0.142857 0.125000 11.006491 0.587505 2.020567
0.499935 1.160229 1.021798 1.033483 0.293772 0.997496 0.571429 0.125000 20.248948 1.143207 1.774917
0.506764 1.276345 1.105738 1.103428 0.597120 1.394137 0.571429 0.250000 27.508769 1.579703 1.172090
0.484676 1.466495 1.238958 1.198261 1.163629 1.819175 0.285714 0.250000 27.965481 1.607163 0.686368
0.455429 1.487147 1.238309 1.245663 1.284307 1.637379 0.857143 0.375000 20.816926 1.177357 0.081920
0.361982 1.550544 1.290095 1.254455 2.372823 1.541590 0.285714 0.125000 26.431514 1.514933 -0.288787
0.415608 1.432984 1.210038 1.256575 1.772126 1.933296 0.285714 0.125000 22.949504 1.305578 -0.152302
0.352815 1.384589 1.187358 1.209600 1.024317 2.560992 1.857143 0.500000 21.693381 1.230053 -0.178635
0.348008 1.397295 1.182122 1.222614 0.895136 2.697262 1.285714 0.500000 21.387715 1.211675 -0.178635
0.271947 1.258594 1.077925 1.188745 0.719102 2.178870 0.000000 0.375000 16.654482 0.927090 0.001163
0.231550 1.190359 1.026769 1.211085 1.300859 1.743250 0.000000 0.500000 17.075712 0.952416 0.001163
0.250887 1.169552 1.013664 1.191773 1.590442 1.896254 0.142857 0.125000 19.860161 1.119831 -0.181524
0.151565 1.061422 0.920391 1.068572 1.269999 1.588751 0.142857 0.750000 17.042448 0.950416 -0.150942
0.023408 0.898978 0.797495 0.978381 0.573353 0.912323 0.142857 0.750000 11.087238 0.592360 0.084008
-0.035983 0.745277 0.668603 0.904913 0.509352 0.827080 0.142857 0.000000 9.926302 0.522559 0.368075
0.028374 0.552881 0.564158 0.800950 0.843824 1.001348 0.285714 0.000000 10.490033 0.556453 0.938882
0.022311 0.514402 0.499872 0.728307 1.048100 1.081173 0.142857 0.875000 12.393152 0.670878 0.986120
0.007903 0.451072 0.409016 0.701366 0.373293 0.398971 0.571429 0.000000 7.491943 0.376193 1.002170
0.085387 0.371308 0.316915 0.610366 0.085722 0.205191 0.000000 0.125000 4.056894 0.169661 1.048932
0.088019 0.328017 0.281921 0.542364 0.047282 0.271946 0.000000 0.250000 3.817627 0.155275 1.048932
0.018384 0.228974 0.185093 0.372759 0.064276 0.196854 0.571429 0.500000 2.308729 0.064553 0.963248
-0.003164 0.199560 0.159122 0.322092 0.107319 0.206329 0.428571 0.250000 2.444577 0.072721 0.870857
0.018683 0.226774 0.202135 0.363792 0.086744 0.211507 0.428571 0.000000 2.827620 0.095751 0.870857
0.031969 0.221092 0.198014 0.352795 0.108698 0.194221 0.571429 0.000000 3.122629 0.113488 0.818727
0.018122 0.220451 0.206509 0.348622 0.101159 0.194678 0.571429 0.500000 2.953368 0.103312 0.766048
0.019891 0.237786 0.224980 0.374968 0.080441 0.243792 0.428571 1.000000 2.616738 0.083072 0.712629
0.003965 0.231808 0.240290 0.362586 0.108799 0.305864 0.428571 0.750000 3.198216 0.118033 0.713124
0.021295 0.190281 0.180322 0.293000 0.094264 0.171456 0.428571 0.875000 2.843682 0.096717 0.693585
0.014112 0.208210 0.185781 0.304489 0.155714 0.085458 0.285714 0.375000 3.243368 0.120748 0.641009
0.059776 0.255598 0.270499 0.376401 0.266464 0.103761 0.285714 0.000000 4.079691 0.171032 0.588709
0.056714 0.252898 0.277116 0.372269 0.279758 0.173325 0.285714 0.000000 3.512870 0.136952 0.588211
0.069470 0.270358 0.289046 0.407758 0.332638 0.240898 0.285714 0.625000 3.967992 0.164316 0.588211
0.081698 0.290239 0.275507 0.443788 0.334754 0.249786 0.142857 0.250000 4.145555 0.174992 0.545629
0.023555 0.331504 0.304134 0.508479 0.245063 0.311396 0.142857 0.375000 4.004868 0.166533 0.466430
0.092657 0.325915 0.295688 0.526202 0.222601 0.433735 0.142857 0.500000 4.235029 0.180371 0.449796
0.032065 0.333850 0.295171 0.528895 0.240274 0.476462 0.000000 0.000000 4.588353 0.201615 0.371780
0.026671 0.334616 0.290190 0.531256 0.218178 0.445600 0.857143 0.000000 4.488288 0.195599 0.371113
0.029494 0.336060 0.286592 0.563374 0.124994 0.486458 1.000000 0.000000 3.955292 0.163552 0.323207
0.023613 0.318204 0.278817 0.533368 0.064828 0.552520 0.142857 0.125000 3.647556 0.145050 0.275500
0.034000 0.303514 0.267776 0.528572 0.056718 0.494473 0.285714 0.250000 3.466032 0.134135 0.227199
0.084211 0.233177 0.190566 0.383669 0.049752 0.231707 0.142857 0.625000 3.046241 0.108896 0.179961
0.079062 0.223272 0.175920 0.382034 0.024583 0.168583 0.000000 0.250000 2.645661 0.084811 0.179566
0.085727 0.220989 0.174065 0.403690 0.020586 0.113401 0.142857 0.250000 2.325180 0.065542 0.179170
0.086047 0.239942 0.185450 0.452291 0.064193 0.119083 0.571429 0.250000 2.228306 0.059717 0.178973
0.121744 0.236922 0.174004 0.428970 0.134033 0.176946 0.428571 0.250000 2.461340 0.073728 0.178380
0.110197 0.290400 0.273760 0.516447 0.217211 0.342538 0.142857 0.125000 3.679856 0.146992 0.183782
0.150013 0.335566 0.304518 0.588674 0.158925 0.323712 0.142857 0.000000 3.424277 0.131625 -0.081394
0.137537 0.326069 0.314643 0.558427 0.076899 0.342374 0.142857 0.125000 3.033433 0.108125 -0.082491
0.155611 0.311258 0.302253 0.536271 0.039091 0.432282 0.285714 1.250000 3.323511 0.125566 -0.031947
0.173984 0.294879 0.296779 0.509591 0.043456 0.475378 0.571429 0.000000 4.025860 0.167795 -0.033914
0.189294 0.274800 0.289906 0.453448 0.171371 0.393591 0.428571 0.000000 5.248499 0.241306 0.015872
0.310751 0.248026 0.246731 0.399819 0.414004 0.246684 0.428571 0.625000 5.962457 0.284233 0.093509
0.317246 0.242228 0.259353 0.359253 0.429099 0.196076 0.428571 0.625000 6.772018 0.332908 0.141665
0.252579 0.204354 0.295876 0.310438 0.352592 0.192819 0.428571 0.000000 7.031500 0.348509 0.189334
0.164487 0.193216 0.319171 0.295081 0.245019 0.166496 0.428571 0.250000 5.111786 0.233086 0.164535
0.168346 0.197366 0.349097 0.307749 0.214756 0.137899 0.285714 0.250000 3.406100 0.130532 0.164535
0.178636 0.162774 0.297380 0.232839 0.213824 0.115453 0.285714 0.375000 2.946867 0.102921 0.442397
0.245586 0.209815 0.335300 0.278692 0.270038 0.135531 0.285714 0.250000 3.386539 0.129356 0.500989
0.258674 0.244805 0.395115 0.316413 0.286970 0.174095 0.285714 1.000000 4.795312 0.214058 0.486056
0.231455 0.264783 0.411037 0.367740 0.190321 0.134918 0.428571 0.875000 6.100336 0.292523 0.553524
0.195881 0.310669 0.489123 0.447696 0.309972 0.060409 0.428571 0.500000 9.242203 0.481427 0.541287
0.155947 0.333245 0.515240 0.504612 0.670829 0.055987 0.000000 0.250000 11.370329 0.609381 0.534942
0.127378 0.318032 0.498802 0.496058 0.993512 0.258838 0.142857 1.000000 12.002484 0.647389 0.429279
0.138395 0.343282 0.504568 0.555939 1.003493 0.459925 0.000000 0.750000 12.063688 0.651069 0.415193
0.082749 0.301088 0.397184 0.536850 0.499339 0.356499 0.571429 0.125000 7.652057 0.385820 0.424759
0.074721 0.242209 0.299875 0.456346 0.190764 0.234752 0.428571 0.250000 5.256458 0.241785 0.461315
-0.034315 0.216366 0.280948 0.387810 0.149090 0.235664 0.428571 1.000000 5.313686 0.245225 0.434635
-0.041303 0.211929 0.281071 0.382614 0.145595 0.298344 0.428571 0.750000 4.899450 0.220320 0.425401
-0.098906 0.145559 0.187624 0.235893 0.111939 0.278966 0.428571 0.000000 2.706633 0.088477 0.429719
-0.143354 0.109635 0.127620 0.169748 0.098070 0.171032 0.000000 0.250000 2.116083 0.052970 0.372290
-0.151637 0.116344 0.126211 0.191222 0.105037 0.130523 0.428571 0.125000 2.017759 0.047058 0.315805
-0.236314 0.097320 0.107433 0.175821 0.058312 0.084337 0.000000 0.500000 1.801515 0.034056 0.330236
-0.246085 0.107438 0.111986 0.165639 0.066126 0.076696 0.714286 0.500000 2.046011 0.048757 0.372879
-0.178845 0.105620 0.108265 0.180215 0.083834 0.091897 0.714286 0.500000 2.275222 0.062538 0.354294
-0.173304 0.097452 0.111541 0.150027 0.097083 0.126118 0.285714 0.750000 2.335642 0.066171 0.306494
-0.196323 0.166262 0.162012 0.227655 0.089392 0.199377 0.142857 0.250000 2.807221 0.094524 0.276529
-0.194727 0.167155 0.165579 0.242494 0.094583 0.223621 1.142857 0.750000 2.908797 0.100632 0.276737
-0.162272 0.091912 0.097572 0.123410 0.035085 0.142328 0.571429 0.125000 2.696119 0.087844 0.259951
-0.200977 0.073951 0.051080 0.087579 -0.005946 0.109897 0.571429 0.375000 1.422157 0.011248 0.183931
-0.201441 0.077497 0.061879 0.082679 -0.002201 0.130798 0.428571 0.500000 1.309821 0.004493 0.229942
-0.154516 0.175503 0.191427 0.257605 0.051954 0.245879 0.428571 0.500000 2.291479 0.063516 0.255492
-0.051045 0.153078 0.149152 0.255264 0.088541 0.173320 0.714286 0.000000 2.358509 0.067546 0.284857
-0.034616 0.144571 0.146920 0.243699 0.114846 0.138506 0.571429 0.000000 2.485504 0.075181 0.285321
-0.110557 0.154468 0.162994 0.262066 0.117976 0.157877 0.428571 0.000000 2.370297 0.068254 0.255722
-0.098670 0.155932 0.164148 0.277810 0.103250 0.212526 0.428571 0.000000 2.669078 0.086219 0.306820
-0.093420 0.146597 0.154154 0.260267 0.069949 0.197160 0.428571 0.250000 2.913127 0.100892 0.306820
-0.027487 0.077296 0.097482 0.135983 0.070526 0.012583 1.428571 0.500000 2.030927 0.047850 0.306128
-0.002135 0.089900 0.102969 0.157564 0.062611 0.018610 0.142857 0.125000 1.836036 0.036132 0.358149
0.019804 0.102767 0.122870 0.171644 0.082838 0.087749 0.285714 0.750000 2.263080 0.061808 0.409938
0.068439 0.128886 0.194111 0.215088 0.181044 0.180851 0.428571 0.000000 3.316009 0.125115 0.409938
0.038580 0.099437 0.125888 0.176154 0.065940 0.083330 0.571429 0.125000 2.234833 0.060110 0.368944
0.149438 0.108634 0.141455 0.182235 0.017265 0.066426 0.428571 0.000000 2.092528 0.051554 0.368944
0.179020 0.110731 0.136211 0.187594 0.012330 0.086501 0.571429 0.500000 2.036846 0.048206 0.322910
0.227679 0.080570 0.086121 0.144697 0.005271 0.085643 0.857143 0.000000 1.358364 0.007412 0.369106
0.260634 0.072398 0.074401 0.122627 0.004194 0.155153 0.857143 0.625000 1.552239 0.019069 0.323117
0.376040 0.048725 0.057426 0.085743 0.019351 0.059163 0.428571 0.500000 1.130716 -0.006275 0.276898
0.484244 0.041257 0.042924 0.067840 0.028593 0.122386 0.428571 0.375000 1.377562 0.008566 0.260299
0.562886 0.050116 0.032852 0.092842 0.013132 0.166799 0.714286 0.375000 1.527577 0.017586 0.259463
0.588162 0.057201 0.036942 0.103651 0.022448 0.151252 0.714286 0.375000 1.467673 0.013984 0.258836
0.522843 0.066657 0.047106 0.129022 0.016284 0.104788 0.714286 0.250000 1.273058 0.002283 0.183423
0.604484 0.063673 0.042960 0.111199 0.006574 0.069739 0.142857 0.250000 1.158923 -0.004579 0.259045
0.612380 0.071233 0.045940 0.130470 0.008357 0.073116 1.000000 0.375000 1.221818 -0.000798 0.213082
0.668463 -0.011275 -0.022507 0.000000 -0.000794 0.042422 0.000000 0.000000 0.963995 -0.016299 0.212711
0.679408 -0.010848 -0.026123 -0.015014 0.003824 0.028780 0.142857 0.000000 0.938781 -0.017815 0.166725
0.685799 -0.002019 -0.022207 0.000000 0.011067 0.008324 0.285714 0.000000 0.878757 -0.021424 0.166911
0.616307 0.011228 -0.012899 0.014222 0.020297 0.010940 0.142857 0.750000 0.932297 -0.018205 0.184000
0.560920 0.080436 0.060490 0.129408 0.048832 0.153228 0.285714 0.875000 1.699741 0.027937 0.229804
0.631407 0.071926 0.051634 0.100492 0.036155 0.158221 0.142857 0.125000 1.700385 0.027976 0.213431
0.626445 0.070056 0.047700 0.092240 0.029586 0.118733 0.000000 0.250000 1.622491 0.023293 0.167097
0.630096 0.068096 0.049339 0.091642 0.035069 0.101286 0.142857 0.375000 1.567398 0.019980 0.213663
0.560251 0.064344 0.044300 0.080253 0.034767 0.122640 0.285714 0.000000 1.477483 0.014574 0.184392
0.598656 0.008084 -0.004448 0.006099 0.028745 0.045868 0.285714 0.625000 1.306341 0.004284 0.184207
0.665301 0.020327 -0.000997 0.022110 0.021308 0.033377 0.142857 0.750000 1.484025 0.014967 0.213454
0.596790 0.021539 0.001852 0.020318 0.005303 0.026879 0.142857 0.125000 1.320965 0.005163 0.184207
0.601725 0.017248 -0.002081 0.012593 -0.012554 0.056332 0.142857 0.375000 1.027137 -0.012503 0.230218
0.614562 0.016287 -0.003352 0.019277 -0.006497 0.080153 0.285714 0.250000 1.035100 -0.012024 0.230218
0.629987 0.018544 -0.007028 0.014724 0.005959 0.072091 0.571429 0.125000 1.214113 -0.001261 0.230218
0.692256 -0.056756 -0.074011 -0.068540 -0.023691 -0.021791 0.285714 0.375000 0.830134 -0.024348 0.275861
0.702455 -0.052655 -0.074010 -0.068540 -0.026323 -0.017870 0.000000 0.500000 0.774152 -0.027714 0.275861
0.699812 -0.053393 -0.075951 -0.068540 -0.032064 -0.006107 0.000000 0.500000 0.608139 -0.037695 0.275446
0.773365 -0.055270 -0.074490 -0.068540 -0.035678 0.010361 0.428571 0.375000 0.559369 -0.040627 0.258650
0.767770 -0.055107 -0.075031 -0.068540 -0.036826 0.022325 0.428571 0.375000 0.601649 -0.038085 0.304798
0.767233 -0.060312 -0.079261 -0.068540 -0.030952 0.018169 0.285714 0.000000 0.673112 -0.033789 0.304613
0.704380 0.024213 0.008538 0.015441 -0.020881 0.055680 0.285714 0.375000 1.054211 -0.010875 0.274870
0.785020 -0.062510 -0.070407 -0.068540 -0.019797 -0.005391 0.285714 0.875000 0.643339 -0.035579 0.258441
0.755339 -0.006071 -0.019826 -0.041091 -0.014557 0.028040 0.428571 0.750000 0.967662 -0.016079 0.183239
0.762562 -0.003008 -0.017787 -0.026598 -0.007827 0.042059 0.142857 0.500000 1.152807 -0.004947 0.137435
0.767563 0.009660 -0.008560 -0.011770 -0.010372 0.056121 0.285714 0.375000 1.226197 -0.000534 0.091240
0.773577 0.004179 -0.005045 -0.012196 -0.017326 0.048079 0.285714 0.500000 1.174699 -0.003631 0.091424
0.783037 -0.000289 -0.006676 -0.011554 -0.019690 0.050870 0.428571 0.500000 1.085961 -0.008966 0.045620
0.828735 0.037138 0.036155 0.031111 -0.020093 0.086392 0.571429 0.000000 1.330718 0.005750 0.050893
0.777951 0.083528 0.093474 0.121979 -0.008576 0.164150 0.714286 0.125000 1.872076 0.038299 0.000000
0.792472 0.086422 0.087407 0.126348 0.003755 0.177090 0.571429 1.375000 1.814336 0.034827 0.000410
0.789304 0.077033 0.083920 0.120696 0.028722 0.186670 0.428571 0.500000 1.866960 0.037991 0.000410
0.797953 0.077263 0.088807 0.116255 0.063985 0.176393 0.285714 0.500000 1.956842 0.043395 0.000000
0.793468 0.091445 0.090963 0.151104 0.102400 0.144838 0.285714 0.375000 2.194845 0.057705 0.051124
0.798109 0.094481 0.092827 0.158347 0.117691 0.097612 0.428571 0.250000 2.550484 0.079088 0.102247
0.785041 0.083183 0.091137 0.130470 0.082185 0.060511 0.428571 0.875000 2.283533 0.063038 0.115259
0.716118 0.105678 0.157211 0.172983 0.099827 0.127322 0.428571 0.250000 2.338991 0.066372 0.115489
0.711248 0.111888 0.158809 0.191659 0.048557 0.186607 0.428571 0.000000 2.238099 0.060306 0.115259
0.702174 0.112098 0.169935 0.189865 0.031094 0.229247 0.285714 0.625000 2.571459 0.080349 0.153806
0.755932 0.069162 0.106448 0.103020 0.033911 0.156569 0.285714 0.375000 2.157695 0.055472 0.153602
0.687295 0.129298 0.184717 0.222736 0.124988 0.152358 0.285714 0.375000 3.089982 0.111525 0.172571
0.674063 0.129255 0.184961 0.203839 0.178327 0.130466 0.285714 0.500000 3.382503 0.129113 0.172571
0.623072 0.103755 0.129813 0.173653 0.120225 0.115193 0.285714 0.125000 2.648614 0.084988 0.197488
0.673352 0.101728 0.127200 0.177965 0.136488 0.153111 0.285714 0.125000 2.659725 0.085656 0.226350
0.600298 0.106342 0.130676 0.194156 0.151578 0.165366 0.142857 0.250000 2.664427 0.085939 0.131461
0.658329 0.056013 0.069841 0.121731 0.163593 0.084239 0.142857 0.250000 2.154262 0.055265 0.172543
0.670977 0.053924 0.071029 0.109177 0.127696 0.118335 0.428571 0.375000 2.043662 0.048616 0.229567
0.626009 0.100118 0.127309 0.182180 0.051642 0.199589 0.571429 0.250000 2.500607 0.076089 0.262626
0.613446 0.096810 0.131209 0.172736 0.073804 0.117576 1.285714 0.125000 2.593189 0.081656 0.262626
0.605524 0.096479 0.143287 0.177768 0.078518 0.095256 0.000000 0.125000 2.489063 0.075395 0.262626
0.637135 0.100694 0.181857 0.226887 0.035522 0.143304 0.285714 0.250000 2.473856 0.074481 0.317148
0.590430 0.130637 0.238882 0.244860 0.039904 0.157929 0.428571 0.000000 3.549066 0.139128 0.344855
0.580230 0.155073 0.324871 0.291736 0.132109 0.188049 1.142857 0.125000 5.432995 0.252399 0.336518
0.573402 0.155667 0.344187 0.286427 0.314713 0.219075 0.000000 0.125000 6.129083 0.294251 0.285449
0.568377 0.152301 0.364527 0.272693 0.389904 0.249678 0.142857 0.125000 6.537714 0.318820 0.317670
0.469140 0.170406 0.380853 0.283152 0.437116 0.247785 0.428571 0.000000 7.496175 0.376447 0.263218
0.526577 0.153090 0.376462 0.267001 0.575197 0.205547 0.428571 0.000000 7.487650 0.375935 0.292873
0.480571 0.134407 0.294183 0.229507 0.604230 0.137060 0.142857 0.750000 6.126761 0.294112 0.259956
0.501924 0.124401 0.291499 0.207173 0.606316 0.106714 0.000000 0.750000 5.829011 0.276209 0.259695
0.478816 0.133263 0.254875 0.199094 0.422079 0.161877 0.000000 0.750000 5.212183 0.239123 0.230517
0.486702 0.129048 0.228381 0.191280 0.410936 0.125878 1.000000 0.000000 5.185488 0.237518 0.173003
0.497637 0.118235 0.246354 0.186929 0.334917 0.096008 0.285714 0.625000 4.685481 0.207455 0.131691
0.501010 0.111172 0.250500 0.182775 0.253967 0.134598 0.428571 0.625000 4.351690 0.187386 0.132218
0.466263 0.129098 0.314390 0.199094 0.275495 0.181776 0.571429 0.625000 4.662168 0.206053 0.197982
0.408158 0.118656 0.278640 0.172223 0.187195 0.134122 0.714286 0.500000 3.600132 0.142198 0.231007
0.433365 0.127165 0.337599 0.171085 0.174944 0.083336 0.285714 0.375000 4.229915 0.180064 0.256464
0.410368 0.108194 0.281228 0.161922 0.108044 0.046391 1.000000 0.125000 4.243637 0.180889 0.231267
0.397894 0.086449 0.285712 0.149651 0.120709 0.022177 1.428571 0.750000 6.378883 0.309270 0.288809
0.404841 0.079325 0.280414 0.118057 0.133155 0.028369 0.000000 0.375000 8.113604 0.413570 0.288809
0.408298 0.072780 0.286245 0.103816 0.184863 0.078078 0.428571 0.500000 7.884685 0.399807 0.346324
0.436401 0.095225 0.367146 0.118803 0.385257 0.115930 0.714286 0.375000 7.686697 0.387903 0.395798
0.374169 0.087934 0.309047 0.130762 0.346520 0.071434 0.714286 0.125000 5.963098 0.284271 0.404357
0.428080 0.062639 0.239251 0.065277 0.226035 0.039312 0.428571 0.250000 5.156567 0.235779 0.462188
0.375086 0.072251 0.291948 0.105909 0.156877 0.068223 0.285714 0.125000 4.552183 0.199440 0.463750
0.375201 0.087962 0.291113 0.131910 0.212703 0.080474 0.428571 0.250000 4.112156 0.172984 0.465050
0.389588 0.074376 0.278952 0.092698 0.444138 0.076221 0.428571 0.750000 6.056670 0.289897 0.467132
0.365100 0.079641 0.274030 0.083772 0.735743 0.080436 0.428571 0.750000 8.609198 0.443368 0.416667
0.359916 0.076934 0.268207 0.061453 0.711255 0.110896 0.428571 0.750000 7.953352 0.403935 0.410977
0.325593 0.089986 0.281118 0.091583 0.460629 0.116400 0.285714 0.375000 6.541654 0.319057 0.412798
0.289721 0.095689 0.245741 0.090901 0.355489 0.094930 0.285714 0.375000 6.366535 0.308528 0.357135
0.292930 0.088925 0.234519 0.072711 0.388702 0.087687 0.142857 1.000000 6.487526 0.315802 0.422015
0.269191 0.071271 0.199165 0.049938 0.198036 0.047600 1.000000 0.250000 4.878540 0.219062 0.372695
0.276407 0.077497 0.194344 0.062673 0.167805 0.062279 0.285714 0.500000 4.547294 0.199146 0.373621
0.320569 0.070706 0.171428 0.063186 0.148622 0.062495 0.285714 0.625000 3.798537 0.154127 0.373621
0.339737 0.067820 0.174838 0.060169 0.159755 0.064951 0.428571 0.500000 3.573568 0.140601 0.374318
0.338878 0.071251 0.177119 0.078809 0.202395 0.127244 0.428571 0.500000 3.456852 0.133584 0.374550
0.356219 0.070604 0.165468 0.091642 0.351883 0.201049 0.428571 0.375000 3.967605 0.164292 0.426318
0.372234 0.069678 0.169832 0.103020 0.357538 0.197712 0.428571 0.250000 3.870669 0.158464 0.431154
0.429370 0.045773 0.131905 0.075570 0.139092 0.109988 0.000000 0.000000 2.399376 0.070003 0.431572
0.448637 0.058621 0.140674 0.112994 0.164250 0.080968 0.000000 0.125000 2.844089 0.096741 0.477560
0.518069 0.043966 0.120461 0.088173 0.187366 0.041208 0.428571 0.375000 3.191320 0.117618 0.462470
0.534153 0.042375 0.115630 0.093449 0.129939 0.046954 0.571429 0.375000 2.777122 0.092715 0.508451
0.533439 0.038356 0.118701 0.085249 0.089007 0.067978 0.714286 0.250000 2.204520 0.058287 0.462681
0.541632 0.040014 0.116596 0.089875 0.113646 0.064653 1.000000 0.375000 2.387324 0.069278 0.416348
0.459735 0.047736 0.107895 0.093195 0.147937 0.062484 1.285714 0.625000 2.989812 0.105503 0.385980
0.511408 0.012177 0.060028 0.054903 0.128041 0.047645 0.142857 0.750000 2.346628 0.066831 0.386819
0.520660 0.020410 0.065608 0.055384 0.057828 0.058765 0.000000 0.750000 1.967895 0.044060 0.387238
0.538222 0.033497 0.060484 0.078396 0.023851 0.048951 0.428571 0.375000 1.619321 0.023102 0.388075
0.546312 0.036981 0.059814 0.092458 0.087623 0.037123 1.428571 0.000000 1.680180 0.026761 0.389124
0.550434 0.029917 0.048771 0.074470 0.104850 0.046142 0.142857 0.375000 1.814591 0.034843 0.389124
0.621553 0.069956 0.098438 0.114873 0.067519 0.082898 0.000000 0.125000 2.237794 0.060288 0.389124
0.664473 0.023286 0.053051 0.033647 0.061179 0.059081 0.571429 0.500000 1.723164 0.029346 0.389962
0.677481 0.036449 0.052258 0.040857 0.105159 0.078909 0.714286 0.000000 1.801770 0.034072 0.436228
0.668831 0.033049 0.053340 0.040065 0.095884 0.086544 0.000000 0.250000 1.802083 0.034091 0.437720
0.691011 0.033325 0.043369 0.037754 0.049231 0.091579 0.000000 0.125000 1.636234 0.024119 0.437930
0.686632 0.026474 0.051905 0.032544 0.032783 0.078346 0.285714 0.000000 1.540740 0.018377 0.437510
0.698645 0.016877 0.046047 0.020022 0.030842 0.054957 0.000000 0.125000 1.407823 0.010386 0.437300
0.744800 -0.007818 -0.007084 -0.015661 0.007793 0.018818 0.714286 0.125000 1.231604 -0.000209 0.437930
0.696248 0.022932 0.046343 0.027887 0.023102 0.016252 0.571429 0.250000 1.499508 0.015898 0.391407
0.750538 -0.006591 -0.007062 0.000846 -0.004200 -0.022502 0.571429 0.250000 1.241769 0.000402 0.393295
0.744663 0.032180 0.086289 0.042818 0.084787 0.012916 0.571429 0.125000 2.422467 0.071391 0.393715
0.757179 -0.020549 -0.010474 -0.015447 0.023971 -0.005171 0.857143 0.125000 1.317123 0.004932 0.393715
0.766931 0.018343 0.091228 0.025132 0.083716 0.081766 0.285714 0.125000 2.580733 0.080907 0.393924
0.810535 0.040782 0.110432 0.050618 0.093141 0.114473 0.142857 0.125000 2.469135 0.074197 0.434391
0.764120 0.087498 0.184494 0.120832 0.167943 0.096615 0.142857 0.000000 2.574607 0.080539 0.384022
0.755313 0.111717 0.206034 0.155992 0.164760 0.074241 0.142857 0.000000 2.652287 0.085209 0.371643
0.722078 0.111618 0.221126 0.153126 0.148881 0.073762 0.428571 1.500000 2.975390 0.104636 0.316179
0.651613 0.113630 0.302041 0.171644 0.207297 0.076308 0.428571 0.375000 4.828391 0.216047 0.260371
0.609877 0.086199 0.280989 0.123061 0.199928 0.059019 0.857143 0.375000 5.556541 0.259827 0.263426
0.575946 0.089517 0.287904 0.117373 0.310699 0.073477 0.714286 0.250000 5.956609 0.283881 0.208511
0.533708 0.114977 0.373422 0.173417 1.005594 0.132893 0.571429 0.125000 10.660688 0.566714 0.168992
0.453193 0.114687 0.340928 0.174578 0.780668 0.117410 0.571429 0.000000 7.107877 0.353101 0.107977
0.448828 0.096981 0.222178 0.134604 0.493598 0.052562 0.571429 1.250000 5.062103 0.230099 0.046961
0.436834 0.083116 0.218256 0.121731 0.398987 0.027981 0.428571 0.250000 4.613446 0.203124 0.107035
0.437032 0.067002 0.218183 0.087579 0.520046 0.015799 0.428571 0.250000 4.864901 0.218242 0.111527
0.494539 0.049110 0.168653 0.079921 0.430600 0.002498 0.142857 1.250000 3.756083 0.151575 0.106219
0.465219 0.080014 0.216781 0.108869 0.514033 0.098007 1.000000 0.625000 4.652206 0.205454 0.114841
0.481256 0.109075 0.297176 0.136477 0.439413 0.121633 0.142857 0.250000 5.220586 0.239628 0.234768
0.455539 0.137409 0.290975 0.179747 0.292567 0.127038 0.285714 0.000000 4.263951 0.182110 0.261370
0.472520 0.155359 0.331590 0.206740 0.260873 0.151646 0.428571 0.125000 4.986956 0.225581 0.295892
0.422629 0.135611 0.308891 0.187989 0.183391 0.110208 0.000000 0.125000 4.971129 0.224629 0.262729
0.465767 0.120233 0.291264 0.161800 0.233747 0.101239 0.000000 0.000000 5.024949 0.227865 0.330721
0.476880 0.105103 0.286273 0.145567 0.543240 0.102033 0.142857 0.000000 6.362106 0.308262 0.331265
0.509724 0.093016 0.297941 0.131392 1.322745 0.169473 0.285714 0.000000 11.892794 0.640794 0.265009
0.543661 0.099101 0.290363 0.147054 1.255131 0.164447 0.142857 0.500000 10.918466 0.582212 0.298233
0.503506 0.058261 0.249296 0.099003 0.686125 0.076928 1.000000 0.000000 9.596659 0.502739 0.375176
0.525787 0.026672 0.219491 0.047104 0.264847 0.040874 0.428571 0.125000 5.666375 0.266431 0.375176
0.513839 0.026028 0.224925 0.043546 0.173677 0.000959 0.571429 0.000000 3.726860 0.149818 0.249750
0.427835 0.015878 0.351617 0.038952 0.209928 -0.027305 0.714286 0.500000 3.915177 0.161140 0.295693
0.429859 0.015930 0.299561 0.037646 0.265241 -0.030386 0.285714 0.500000 4.197190 0.178096 0.262286
0.425719 0.013203 0.301210 0.014222 0.279422 -0.013753 0.000000 0.875000 4.481994 0.195220 0.328237
0.335527 0.039593 0.361955 0.025132 0.263326 0.000315 0.571429 0.750000 5.964753 0.284371 0.327012
0.304885 0.049569 0.335059 0.032727 0.414120 0.029856 1.285714 0.750000 10.501105 0.557119 0.392319
0.306591 0.053170 0.333983 0.039960 0.411004 0.030073 1.285714 0.750000 13.537651 0.739691 0.457964
0.313540 0.062298 0.325188 0.044573 0.255365 0.063282 0.714286 0.250000 12.248447 0.662177 0.407262
0.300221 0.068251 0.312679 0.045001 0.198122 0.149341 0.285714 0.250000 8.047585 0.409601 0.405396
0.322496 0.059381 0.284526 0.047272 0.282397 0.128972 0.285714 0.250000 4.180969 0.177121 0.416601
0.325911 0.017106 0.225861 0.012327 0.258558 0.084051 0.000000 0.250000 3.327779 0.125823 0.379419
0.386750 -0.025520 0.076394 -0.009301 0.090176 -0.009312 0.000000 0.125000 2.097982 0.051882 0.377714
0.396876 -0.036751 0.066709 -0.025800 0.085237 -0.006324 1.000000 0.000000 2.061250 0.049673 0.376007
0.404566 -0.030358 0.065875 -0.024803 0.071013 0.005983 1.142857 0.000000 1.910717 0.040622 0.374090
0.422080 -0.032712 0.063230 -0.023397 0.043959 0.014451 1.000000 1.000000 1.685215 0.027064 0.372173
0.439249 -0.006061 0.150704 -0.017907 0.030572 0.039426 0.142857 0.500000 3.276593 0.122745 0.355859
0.359278 -0.009107 0.223205 -0.011117 0.049015 0.016779 0.000000 0.375000 4.473669 0.194720 0.353026
0.349733 -0.008230 0.242303 -0.002419 0.057642 0.013155 0.000000 0.125000 4.066875 0.170261 0.402754
0.403396 0.019370 0.318164 0.033515 0.063065 0.045633 0.428571 0.875000 5.350501 0.247439 0.452670
0.381465 0.043044 0.347651 0.048064 0.066188 0.047258 0.428571 0.625000 6.820431 0.335818 0.503058
0.415589 0.075607 0.464263 0.099776 0.131432 0.080822 1.428571 1.375000 8.796062 0.454603 0.655710
0.339325 0.067592 0.413524 0.082929 0.107226 0.065825 0.285714 0.125000 8.030617 0.408581 0.524717
0.388995 0.065707 0.401351 0.084229 0.069661 0.026517 0.285714 0.250000 8.441178 0.433266 0.086971
0.503428 0.101085 0.482251 0.136248 0.109945 -0.000170 0.285714 0.500000 11.086131 0.592293 0.059589
0.361283 0.120851 0.558137 0.161011 0.331680 0.008564 0.285714 0.125000 16.405101 0.912096 0.135505
0.338185 0.100253 0.405378 0.140513 0.273500 0.027357 0.428571 0.500000 10.544484 0.559727 0.127152
0.444759 0.131713 0.492172 0.191659 0.222971 0.037630 0.285714 0.125000 11.111160 0.593798 -0.037481
0.502451 0.132910 0.575163 0.189057 0.075109 0.035934 0.285714 0.250000 8.234283 0.420826 -0.100681
0.341288 0.154982 0.616253 0.237327 0.152955 0.107674 1.142857 0.250000 7.933011 0.402712 -0.153339
0.276576 0.100372 0.405882 0.146988 0.267968 0.114648 0.000000 0.125000 8.756271 0.452211 0.284035
0.553506 0.068578 0.467283 0.110997 0.355723 0.101561 0.142857 0.125000 11.807404 0.635660 0.158363
0.527134 0.065626 0.509676 0.118803 0.506854 0.067957 2.142857 0.000000 13.019633 0.708545 0.181560
0.619183 0.096038 0.573345 0.176154 0.420243 0.056532 2.000000 0.000000 17.366203 0.969882 -0.024379
0.575660 0.069264 0.491376 0.136985 0.158691 0.003989 0.285714 0.000000 18.136853 1.016217 0.052926
0.651459 0.053085 0.387892 0.108351 0.058441 -0.044210 0.714286 0.000000 12.113375 0.654056 0.027964
0.770719 0.050018 0.450337 0.095665 0.068230 -0.018591 0.714286 0.625000 8.989364 0.466225 0.080828
0.860886 0.025670 0.355629 0.044317 0.090365 -0.011309 0.142857 1.125000 8.875920 0.459405 0.262153
0.858648 0.035574 0.339488 0.052098 0.110554 -0.014819 0.857143 0.625000 11.048885 0.590054 0.285505
0.965093 0.017748 0.270101 0.014724 0.114416 -0.022719 0.857143 0.000000 8.033335 0.408744 0.332309
1.016741 0.018386 0.198332 0.015976 0.054837 0.000846 0.285714 0.000000 5.384440 0.249480 0.332731
1.010937 0.032598 0.196657 0.029326 0.017996 0.012417 0.285714 0.750000 4.933298 0.222355 0.426435
1.034040 0.021139 0.139680 0.011464 0.039189 -0.009723 0.714286 0.250000 3.556408 0.139569 0.473193
1.107693 0.012584 0.093576 0.012038 0.106227 -0.010309 0.714286 0.875000 2.396138 0.069808 0.567014
1.087232 0.020636 0.139937 0.018441 0.185852 -0.010441 0.000000 0.875000 3.262226 0.121882 0.520842
1.101714 0.014289 0.096060 0.002767 0.172773 -0.011928 0.714286 1.000000 3.100811 0.112177 0.475070
1.020730 0.001230 0.056060 0.001104 0.026008 -0.011693 0.285714 0.250000 1.802115 0.034093 0.476129
1.004904 0.006292 0.056183 0.009225 0.004632 0.027057 0.142857 0.625000 1.423942 0.011355 0.477398
0.997505 -0.008539 0.050729 -0.011770 0.029815 0.058231 0.000000 0.625000 1.687042 0.027174 0.478032
0.893160 0.002285 0.036914 0.016616 0.077525 -0.008889 0.571429 0.000000 2.026150 0.047563 0.456179
0.874796 0.000536 0.056064 0.019277 0.135766 -0.021069 0.428571 0.625000 2.437277 0.072282 0.503338
0.806134 0.053924 0.124462 0.104508 0.130435 0.020118 0.142857 0.000000 2.266137 0.061992 0.451846
0.727207 0.067359 0.283901 0.115965 0.097831 0.056836 0.142857 0.000000 2.563404 0.079865 0.271898
0.610577 0.038397 0.193598 0.066347 0.061154 0.053526 0.142857 0.500000 3.246220 0.120919 0.427161
0.627823 0.027999 0.171219 0.072153 0.113072 0.062554 0.000000 0.500000 3.417527 0.131219 0.479767
0.610725 0.091118 0.256361 0.162927 0.205706 0.092350 0.571429 0.375000 4.555153 0.199619 0.476988
0.595376 0.121900 0.283627 0.190984 0.330148 0.078205 0.714286 0.750000 5.461326 0.254102 0.472202
0.498102 0.159740 0.385411 0.229507 0.642566 0.035180 0.714286 0.750000 9.360689 0.488551 0.466176
0.474601 0.200201 0.394172 0.282195 0.471273 0.023920 0.142857 0.000000 8.761440 0.452521 0.548368
0.473208 0.212050 0.387481 0.299304 0.292629 0.046224 0.142857 0.000000 6.129042 0.294249 0.593072
0.451698 0.216632 0.390611 0.292397 0.532802 0.105034 0.000000 1.000000 6.930508 0.342437 0.520873
0.545727 0.227536 0.342276 0.335218 0.451070 0.058789 0.000000 0.375000 4.497825 0.196172 0.524902
0.630875 0.221158 0.248984 0.330584 0.149743 0.013229 0.000000 0.000000 3.476366 0.134757 0.838367
0.599469 0.258975 0.308016 0.391603 0.150434 0.069735 0.142857 0.500000 4.896481 0.220141 0.769050
0.665468 0.264066 0.302591 0.377124 0.067930 0.160743 0.571429 0.750000 6.589418 0.321929 0.622638
0.670052 0.226927 0.276332 0.343461 0.060941 0.207517 0.428571 0.000000 3.970721 0.164480 0.613989
0.660435 0.216551 0.263074 0.326963 0.066495 0.264961 0.428571 1.000000 3.804673 0.154496 0.607775
0.618245 0.119617 0.137184 0.158321 0.041719 0.122248 0.428571 0.875000 2.198122 0.057902 0.550963
0.625901 0.125633 0.139132 0.162927 0.045228 0.095027 0.428571 0.750000 2.062018 0.049719 0.451974
0.614297 0.132453 0.142747 0.183653 0.044196 0.076533 0.571429 0.375000 2.197034 0.057837 0.404230
0.625901 0.128643 0.133568 0.206327 0.061676 0.109566 0.571429 1.125000 2.623418 0.083473 0.408332
0.606484 0.129432 0.135707 0.213560 0.106400 0.165606 0.428571 0.125000 2.905594 0.100439 0.359123
0.602084 0.122162 0.130822 0.197096 0.145364 0.179047 0.285714 0.125000 2.595674 0.081805 0.380950
0.604815 0.129093 0.128167 0.203960 0.152769 0.157370 0.142857 0.000000 2.321745 0.065335 0.384231
0.533731 0.097728 0.065731 0.167483 0.070985 0.113225 0.142857 0.125000 1.777811 0.032631 0.434224
0.532958 0.076797 0.050928 0.130913 0.022647 0.154236 0.285714 0.250000 1.775719 0.032506 0.437294
0.533893 0.077058 0.052167 0.131674 0.008364 0.153818 0.285714 0.500000 1.779212 0.032716 0.439925
0.516147 0.145270 0.135604 0.235809 0.035069 0.213578 0.285714 0.375000 2.495287 0.075769 0.489117
0.530955 0.062098 0.042439 0.112760 -0.002339 0.088979 0.142857 0.125000 1.241552 0.000389 0.490094
0.492582 0.104632 0.096165 0.183653 0.012153 0.130963 0.285714 0.750000 1.488113 0.015213 0.491414
0.490177 0.114908 0.095341 0.184835 0.051710 0.141401 0.142857 0.375000 1.551972 0.019053 0.482104
0.491040 0.114958 0.093229 0.175159 0.058920 0.138807 0.285714 0.375000 1.637005 0.024165 0.536416
0.488043 0.142338 0.162153 0.213560 0.055162 0.158431 0.428571 0.750000 2.709821 0.088668 0.591162
0.526654 0.110999 0.114635 0.167543 0.055532 0.119402 0.571429 0.125000 2.920659 0.101345 0.591898
0.530595 0.117809 0.125227 0.163704 0.104520 0.109878 0.571429 0.000000 3.130744 0.113976 0.645178
0.557630 0.120486 0.134760 0.178168 0.140720 0.120508 0.571429 0.000000 2.885500 0.099231 0.645915
0.580187 0.125562 0.139831 0.206740 0.103943 0.127519 0.571429 0.250000 2.695643 0.087816 0.646652
0.615045 0.070794 0.088670 0.096984 -0.002207 0.122328 0.000000 0.500000 1.694600 0.027628 0.648126
0.662582 0.144842 0.153624 0.213180 0.001474 0.187301 0.857143 1.250000 2.512060 0.076778 0.701569
0.683664 0.144484 0.147143 0.201069 0.020665 0.152932 0.571429 1.375000 3.014670 0.106997 0.702060
0.671642 0.063184 0.042408 0.078396 0.035543 0.020540 0.428571 0.250000 1.601542 0.022033 0.691576
0.717264 0.122042 0.113827 0.166479 0.058326 0.113529 0.571429 0.000000 2.219349 0.059179 0.692462
0.671271 0.059114 0.054888 0.072711 0.037577 0.123814 0.571429 0.375000 1.613012 0.022723 0.646282
0.670685 0.072305 0.065653 0.086350 0.035087 0.119549 0.571429 0.250000 1.482606 0.014882 0.646947
0.676946 0.082624 0.071708 0.115853 0.036975 0.118395 0.428571 0.000000 1.454358 0.013184 0.600101
0.718168 0.116100 0.129113 0.164782 0.093570 0.177879 0.142857 0.125000 2.123710 0.053428 0.600323
0.669615 0.072667 0.063820 0.089460 0.005250 0.100692 0.142857 0.125000 1.503792 0.016156 0.600988
0.673164 0.073002 0.058374 0.095014 0.026273 0.077253 0.142857 0.125000 1.880150 0.038784 0.601210
0.672533 0.077953 0.064467 0.109882 0.095802 0.074123 0.285714 0.375000 2.190501 0.057444 0.554685
0.669379 0.077041 0.065698 0.109882 0.140782 0.076524 0.285714 0.375000 2.158142 0.055499 0.555349
0.669324 0.071849 0.065798 0.126297 0.123735 0.072962 0.285714 0.500000 1.986661 0.045188 0.556236
0.680776 0.073895 0.065218 0.133791 0.059489 0.069103 0.285714 0.875000 1.717353 0.028996 0.555571
0.685579 0.082193 0.059990 0.142040 0.017925 0.073247 0.142857 0.125000 1.405213 0.010229 0.555349
0.691120 0.089146 0.058325 0.146202 0.034995 0.096698 0.000000 0.250000 1.397172 0.009745 0.508357
0.750813 0.125241 0.107425 0.209496 0.101795 0.140937 0.142857 0.625000 2.073822 0.050429 0.509023
0.763460 0.123739 0.115191 0.205785 0.091470 0.117223 0.285714 1.250000 1.947523 0.042835 0.461439
0.707408 0.071732 0.043870 0.096984 0.053066 0.064481 0.285714 0.375000 1.468885 0.014057 0.461662
0.763069 0.098187 0.100318 0.151864 0.063707 0.105522 0.142857 0.375000 1.825708 0.035511 0.414646
0.762061 0.095962 0.093016 0.138036 0.050131 0.138895 0.142857 0.375000 1.934198 0.042034 0.415041
0.817545 0.161585 0.153475 0.239239 0.024546 0.219238 0.285714 0.375000 2.421617 0.071340 0.415486
0.793001 0.120533 0.103254 0.191075 0.038801 0.099276 0.285714 0.500000 2.259032 0.061565 0.368248
0.855234 0.175139 0.169224 0.275148 0.144994 0.116096 1.000000 0.000000 3.181058 0.117001 0.369135
0.902994 0.111963 0.130605 0.177768 0.106279 0.034037 0.142857 0.750000 2.423528 0.071455 0.342807
0.894753 0.167105 0.234357 0.240110 0.137255 0.071524 0.142857 0.750000 3.344547 0.126831 0.369191
0.951805 0.210540 0.341028 0.318591 0.161161 0.184277 0.571429 0.500000 5.030048 0.228172 0.400204
0.854277 0.247264 0.384064 0.356291 0.134753 0.193759 0.285714 0.500000 4.709529 0.208901 0.430896
0.833992 0.239514 0.423852 0.351737 0.149096 0.204807 0.285714 0.500000 5.619258 0.263598 0.372096
0.751035 0.278366 0.510531 0.398052 0.337169 0.265344 0.142857 0.625000 9.260644 0.482536 0.371849
0.738094 0.267869 0.505897 0.396131 0.560065 0.267053 0.142857 0.125000 10.960339 0.584730 0.432010
0.730221 0.236158 0.447425 0.415175 0.524823 0.216855 0.000000 0.250000 8.124410 0.414220 0.463214
0.607438 0.254313 0.501174 0.411060 0.621164 0.363883 0.000000 0.125000 8.569176 0.440962 0.492170
0.483779 0.215752 0.381350 0.351234 0.527868 0.311651 0.142857 0.250000 7.476598 0.375270 0.433866
0.456706 0.239848 0.355539 0.381085 0.450457 0.195477 0.285714 0.250000 6.775822 0.333136 0.400296
0.464882 0.207788 0.265508 0.359253 0.211673 0.095014 0.285714 0.125000 4.661373 0.206005 0.421543
0.441540 0.172772 0.195492 0.295739 0.090712 0.136168 0.428571 0.250000 3.968615 0.164353 0.373637
0.476159 0.163988 0.154083 0.284107 0.077930 0.169403 0.142857 1.125000 3.298088 0.124038 0.372969
0.476022 0.264706 0.295266 0.413013 0.144001 0.349878 0.714286 0.500000 5.207364 0.238833 0.373167
0.543668 0.272701 0.260724 0.444822 0.147824 0.290802 0.857143 1.000000 3.836276 0.156396 0.421270
0.550509 0.284122 0.256205 0.443576 0.135941 0.271482 1.000000 0.875000 3.285522 0.123282 0.373340
0.556951 0.267262 0.251550 0.385234 0.107062 0.217939 0.142857 0.375000 2.723195 0.089472 0.325682
0.550670 0.267306 0.232901 0.370749 0.083317 0.175482 0.142857 0.250000 2.458997 0.073588 0.325236
0.554028 0.284513 0.244069 0.420743 0.078730 0.192046 0.142857 0.000000 2.898191 0.099994 0.324840
0.564703 0.281245 0.248848 0.414305 0.085837 0.232785 1.571429 0.750000 3.712725 0.148968 0.325038
0.561742 0.295040 0.256628 0.436585 0.071907 0.278923 0.285714 0.750000 3.999862 0.166232 0.277132
0.578277 0.302010 0.268779 0.434867 0.061151 0.326285 0.285714 0.000000 3.657691 0.145659 0.324815
0.572870 0.298955 0.278983 0.413201 0.070500 0.357067 0.285714 0.125000 3.327228 0.125790 0.293315
0.545304 0.193827 0.185259 0.281363 0.115497 0.246379 0.285714 0.125000 2.839884 0.096488 0.345608
0.551089 0.188008 0.190992 0.264194 0.126574 0.250076 0.428571 1.000000 2.750401 0.091108 0.346104
0.549758 0.186862 0.194143 0.269413 0.092433 0.248006 0.428571 0.000000 2.516449 0.077042 0.345444
0.541205 0.195105 0.188108 0.280871 0.058010 0.216626 0.142857 0.250000 2.411921 0.070757 0.344786
0.539133 0.176304 0.177838 0.252407 0.052717 0.151655 0.428571 0.375000 2.781333 0.092968 0.291833
0.549045 0.194634 0.176236 0.271398 0.081847 0.114413 0.428571 0.750000 3.272993 0.122529 0.344594
0.610913 0.227154 0.230227 0.331407 0.183494 0.128447 1.000000 0.250000 3.993103 0.165826 0.397575
0.662771 0.208981 0.196631 0.316313 0.244709 0.122369 0.285714 0.500000 3.463413 0.133978 0.449814
0.668647 0.199911 0.193988 0.293127 0.228565 0.151591 0.428571 0.500000 3.353937 0.127396 0.396394
0.644108 0.160324 0.156450 0.246139 0.138652 0.098782 0.571429 0.500000 2.543487 0.078667 0.417363
0.689167 0.182559 0.188590 0.280631 0.153589 0.174284 0.571429 0.375000 2.972619 0.104469 0.369310
0.707779 0.071925 0.068760 0.086932 0.091955 0.094648 0.714286 1.125000 1.803571 0.034180 0.320563
0.704629 0.069729 0.066812 0.074989 0.069746 0.133734 0.571429 1.125000 1.779346 0.032724 0.368419
0.704814 0.061969 0.067856 0.065277 0.028419 0.162680 0.000000 0.000000 1.679570 0.026725 0.416003
0.704791 0.086063 0.081295 0.115130 0.027478 0.143850 1.428571 0.125000 1.810367 0.034589 0.463216
0.711057 0.086093 0.077346 0.110223 0.057725 0.093764 1.428571 0.125000 2.024929 0.047489 0.414940
0.776883 0.081928 0.071158 0.101130 0.080979 0.059741 0.285714 0.250000 2.073445 0.050406 0.396899
0.733530 0.097515 0.109609 0.126464 0.057216 0.112520 0.285714 0.625000 2.462143 0.073777 0.348734
0.705563 0.091042 0.112651 0.125264 0.057881 0.104246 1.000000 0.500000 2.095240 0.051717 0.300568
0.689615 0.096222 0.096142 0.130913 0.067465 0.100813 1.000000 0.000000 1.888915 0.039311 0.300121
0.677116 0.092336 0.089632 0.120256 0.070604 0.107944 0.000000 0.250000 1.985089 0.045094 0.300519
0.662352 0.084498 0.086534 0.115130 0.047058 0.108096 0.142857 0.250000 2.037324 0.048234 0.348959
0.627189 0.141369 0.145423 0.210038 0.010573 0.136779 0.142857 0.500000 2.496897 0.075866 0.348735
0.662289 0.103848 0.096254 0.161011 -0.009136 0.064666 0.000000 0.000000 1.654560 0.025221 0.349630
0.615045 0.142541 0.143096 0.239937 0.045170 0.106092 0.714286 0.000000 2.246474 0.060810 0.287961
0.564430 0.180446 0.202511 0.289393 0.092692 0.147155 0.000000 0.250000 2.878786 0.098827 0.340859
0.511867 0.223669 0.251248 0.371798 0.059166 0.259074 0.142857 0.875000 2.947042 0.102931 0.367740
0.526477 0.223415 0.231215 0.359008 0.014748 0.304862 0.000000 0.750000 2.736926 0.090298 0.427775
0.539135 0.224462 0.219123 0.347779 0.023220 0.248006 0.857143 0.125000 2.668946 0.086211 0.606925
0.559855 0.227008 0.233659 0.336734 0.062606 0.171670 0.428571 0.125000 3.322788 0.125523 0.607480
0.598050 0.221498 0.234394 0.315361 0.101717 0.092706 0.142857 1.000000 4.736963 0.210550 0.725699
0.732722 0.215347 0.246088 0.295529 0.177677 0.092078 0.428571 0.375000 6.644961 0.325268 0.757433
0.691239 0.225104 0.254494 0.319582 0.210158 0.158279 0.428571 0.375000 6.501761 0.316658 0.724311
0.712266 0.217772 0.252532 0.289727 0.175771 0.183413 0.285714 0.375000 4.611019 0.202978 0.782372
0.728843 0.205552 0.242747 0.280982 0.120111 0.120878 0.571429 0.250000 3.184278 0.117195 0.762538
0.734928 0.126532 0.157234 0.182180 0.101685 0.104243 0.571429 0.375000 2.684814 0.087165 0.762785
0.778215 0.078521 0.092454 0.105571 0.151389 0.066947 0.857143 1.000000 2.074362 0.050461 0.793517
0.826324 0.067069 0.064428 0.097827 0.131402 0.047570 0.857143 0.000000 1.885661 0.039116 0.840411
0.839339 0.073980 0.064993 0.107094 0.093201 0.042554 0.857143 0.500000 1.758571 0.031474 0.839670
0.837407 0.076682 0.071051 0.108477 0.074196 0.027319 0.571429 1.125000 1.624332 0.023403 0.886318
0.845416 0.079994 0.071328 0.099121 0.063832 0.012204 1.142857 0.750000 1.434437 0.011986 0.886318
0.840604 0.068397 0.066852 0.083949 0.055912 0.018938 0.000000 0.000000 1.298709 0.003825 0.885875
0.831636 0.067958 0.066192 0.070504 0.067953 0.054144 0.142857 0.000000 1.489873 0.015319 0.932277
0.841002 0.064846 0.063179 0.088201 0.103667 0.062423 0.285714 1.750000 1.799930 0.033961 0.932031
0.838696 0.061844 0.060336 0.085140 0.131517 0.032212 0.142857 0.500000 1.991899 0.045503 0.979393
0.850579 0.116991 0.156483 0.155458 0.228603 0.070422 0.142857 0.000000 3.449584 0.133147 0.978064
0.852227 0.105191 0.163924 0.151057 0.190230 0.079277 0.285714 0.125000 3.145011 0.114834 0.967837
0.832353 0.088975 0.160112 0.130274 0.138200 0.112662 0.285714 0.250000 3.133186 0.114123 0.954438
0.801013 0.116316 0.198918 0.149121 0.108350 0.134109 0.857143 0.125000 3.326617 0.125753 0.936860
0.820544 0.090568 0.197736 0.096071 0.096949 0.115216 0.714286 0.125000 2.944389 0.102772 0.936508
0.855320 0.118393 0.277825 0.158085 0.229244 0.103406 0.000000 0.250000 3.701039 0.148265 0.936157
0.870845 0.134336 0.286593 0.194794 0.424260 0.089824 0.000000 0.375000 4.864733 0.218232 1.004028
0.899420 0.123926 0.273011 0.180748 0.498930 0.052747 0.000000 0.500000 5.678770 0.267176 1.003327
0.919590 0.129509 0.281921 0.181757 0.421513 0.024036 0.857143 0.500000 6.406787 0.310948 1.001226
0.929104 0.117009 0.282609 0.175159 0.301999 0.041468 0.571429 0.500000 6.948587 0.343524 0.997724
1.055894 0.086096 0.221987 0.119587 0.232819 0.057773 0.428571 0.250000 5.784140 0.273511 1.100897
1.122716 0.107285 0.254519 0.140449 0.303799 0.112397 0.571429 0.125000 3.834279 0.156276 0.690183
1.056478 0.097814 0.246544 0.136477 0.284356 0.117029 0.571429 0.000000 3.664269 0.146054 0.657563
1.136369 0.101976 0.200094 0.132905 0.211907 0.117608 0.571429 0.000000 2.770820 0.092336 0.646994
1.128383 0.115811 0.201783 0.160585 0.239054 0.084049 0.571429 0.125000 3.208485 0.118650 0.642726
1.197146 0.133660 0.211549 0.195324 0.275704 0.048931 0.714286 0.250000 4.552441 0.199456 0.730054
1.173186 0.131364 0.220141 0.203839 0.215951 0.113514 0.714286 0.375000 5.589263 0.261795 0.727283
1.129129 0.188625 0.295585 0.283129 0.246031 0.343445 0.428571 0.625000 6.703263 0.328774 0.723906
1.038780 0.229146 0.329420 0.316969 0.237570 0.347533 0.428571 0.750000 6.104357 0.292764 0.638631
1.127587 0.268074 0.351116 0.356929 0.293322 0.250216 1.000000 0.750000 5.519927 0.257626 0.601533
1.130530 0.326634 0.426774 0.410545 0.305323 0.182392 1.142857 0.250000 5.491473 0.255915 0.601533
1.019468 0.405106 0.473758 0.459081 0.441118 0.089309 1.000000 0.625000 5.679774 0.267236 1.041155
0.979864 0.547328 0.555118 0.499896 0.512432 0.207624 1.000000 0.625000 6.290544 0.303959 1.041155
0.978561 0.685665 0.635395 0.555939 0.563572 0.525832 0.285714 0.750000 8.973955 0.465299 1.158191
1.066611 0.974762 0.954483 0.707599 0.886770 0.958135 0.142857 1.000000 14.486703 0.796752 1.235624
1.009743 1.314400 1.275203 0.863654 1.466397 1.650014 0.142857 0.625000 30.192799 1.741080 1.043243
1.001344 1.868074 1.664397 1.053621 2.929750 3.199842 0.142857 0.375000 42.226227 2.464589 1.038385
1.003449 2.066002 1.857445 1.163985 3.495292 5.366001 0.000000 0.125000 52.964009 3.110197 -0.819222
0.890316 2.208153 2.014766 1.237804 3.803759 6.224881 0.571429 0.000000 58.501537 3.443141 -0.840578
0.859211 2.647997 2.481641 1.467065 4.599769 6.283916 0.714286 0.000000 74.368595 4.397146 -0.840578
0.907578 2.677165 2.518202 1.512512 3.948000 7.105877 0.285714 0.250000 74.810548 4.423719 -0.819222
0.789887 2.715212 2.608540 1.524444 4.115720 11.166160 0.142857 0.375000 83.869793 4.968405 -0.819222
0.856463 2.810708 2.629444 1.474292 4.063994 8.392759 0.000000 0.500000 77.077773 4.560035 -0.840578
0.886279 2.680398 2.560257 1.480025 6.575736 6.163616 0.571429 0.500000 76.781873 4.542244 -0.840578
0.936517 2.716749 2.501607 1.456352 8.686692 2.988072 0.571429 0.375000 73.226401 4.328472 -0.840578
0.914184 2.551435 2.499414 1.393392 8.438743 1.866085 0.428571 0.000000 68.079681 4.019026 -0.840578
0.808849 0.216311 0.205465 0.397968 0.203933 0.190600 0.714286 1.000000 2.958432 0.103616 0.755551
0.711268 0.212256 0.200588 0.382891 0.321340 0.165338 0.571429 0.000000 3.247827 0.121016 0.668485
0.734016 0.183501 0.163247 0.348622 0.157162 0.130470 0.571429 0.250000 2.336302 0.066210 0.586408
0.746638 0.330080 0.338599 0.519070 0.601135 0.280366 0.428571 0.375000 5.718801 0.269583 0.531066
0.741357 0.332011 0.331733 0.507312 0.350130 0.305544 0.428571 0.375000 4.610167 0.202926 0.584871
