0.954522 0.392598 0.293919 1.159514 0.554162 0.005165 0.896376 0.633777 0.315235 0.251487 0.130002 0.118146 0.029762 0.017065 0.021711 0.038511 0.032565 0.032301 0.995432 0.986341 0.002465
0.772187 0.284074 0.331146 1.199241 0.573707 0.000841 0.618215 0.599778 0.310920 0.176190 0.086183 0.079840 0.018954 0.010322 0.011219 0.007498 0.007148 0.002219 0.997597 0.987849 0.005520
0.691565 0.360906 0.414725 1.138582 0.567583 0.003749 0.561557 0.733870 0.472658 0.137936 0.081842 0.068037 0.015945 0.012997 0.008689 0.002714 0.016042 0.009910 0.996580 0.987105 0.005149
0.634762 0.407668 0.371284 1.129610 0.574356 0.013046 0.575541 0.734306 0.421636 0.151707 0.104961 0.079062 0.017129 0.014041 0.010200 0.024141 0.024430 0.016700 0.991010 0.981250 0.002645
0.633539 0.356203 0.431855 1.167666 0.581916 0.010550 0.586942 0.684595 0.519780 0.145297 0.094255 0.065863 0.016548 0.010343 0.009839 0.008911 0.006748 0.007685 0.989878 0.981048 -0.002127
0.530632 0.258234 0.313461 1.131547 0.570958 0.008531 0.477877 0.582422 0.377594 0.117928 0.062062 0.056718 0.010436 0.006190 0.005494 0.000120 0.003204 0.001242 0.991504 0.981865 0.006444
0.619423 0.395262 0.388038 1.131685 0.566278 0.007786 0.556541 0.771917 0.485135 0.130569 0.086137 0.056839 0.012651 0.011267 0.006686 0.011973 0.014229 0.006258 0.991298 0.981274 0.004966
0.620182 0.333224 0.354134 1.135998 0.570755 0.006832 0.569022 0.727100 0.499145 0.130466 0.069260 0.060877 0.013500 0.010554 0.006325 0.009317 0.020757 0.005457 0.991326 0.980538 -0.002588
1.483258 1.360950 1.615349 1.166820 0.581868 0.092854 1.580509 2.453576 2.395969 0.768960 0.951699 1.065677 0.988947 3.082000 0.824982 0.377626 0.819111 0.759347 0.887887 0.980333 1.413006
0.871250 1.235556 0.906715 1.261574 0.224019 0.305482 0.894824 2.367633 1.278758 0.510906 0.798372 0.498423 0.374712 0.125652 0.284903 0.183888 0.348473 0.288232 0.408372 0.607919 1.940640
1.729666 1.525129 1.774213 0.894098 1.338206 0.926065 1.511324 2.296923 1.749498 3.385116 2.696259 1.831140 1.819482 2.464553 1.211581 3.896095 3.517498 2.280987 0.231509 0.244357 0.114891
0.282434 0.133151 0.234101 -0.255594 -0.395605 1.081763 0.277833 0.283884 0.299904 0.059620 0.085537 0.019833 0.008531 0.011197 0.006777 0.021600 0.025486 0.016695 -0.451187 -0.445369 0.010749
0.125385 0.023847 0.151756 -0.322152 -0.391258 1.053198 0.127962 0.053325 0.154454 0.021459 0.049286 0.007202 0.001697 0.005390 0.001109 0.003837 0.008133 0.000029 -0.457741 -0.452651 0.007903
0.176725 0.052120 0.119288 -0.354688 -0.373936 1.039226 0.220295 0.138026 0.146083 0.022890 0.045998 0.001470 0.007198 0.012272 0.005256 0.012185 0.011140 0.009885 -0.460083 -0.455739 0.003096
0.133129 -0.019488 0.100731 -0.350181 -0.376735 1.039580 0.156654 -0.005901 0.118211 0.013609 0.034080 -0.000570 0.000560 0.004605 -0.000203 -0.000381 0.006302 0.000312 -0.461480 -0.456921 0.004012
0.141034 -0.036723 0.090646 -0.340428 -0.370002 1.055257 0.141324 -0.017514 0.103948 0.010859 0.031288 -0.003346 0.001233 0.003975 -0.000674 0.000514 0.003382 -0.000822 -0.463005 -0.458328 0.003528
0.116125 -0.058131 0.082898 -0.362532 -0.373176 1.041490 0.149093 -0.061155 0.087491 0.003709 0.026660 -0.004251 0.000383 0.002840 -0.000354 0.001605 0.000807 -0.000807 -0.463781 -0.459433 -0.000477
0.103687 -0.032866 0.093137 -0.363403 -0.365869 1.040690 0.160834 -0.016266 0.090640 0.004776 0.032828 -0.003424 0.000194 0.003760 -0.000674 0.001686 0.001252 -0.000072 -0.464369 -0.460070 -0.000041
0.105302 -0.039342 0.065379 -0.359395 -0.374144 1.038931 0.143050 -0.046900 0.075988 0.001495 0.031078 -0.003499 -0.000392 0.002766 -0.000623 0.000419 0.001598 0.000966 -0.465298 -0.460892 0.000023
0.123737 -0.031888 0.086141 -0.360282 -0.372145 1.038865 0.165787 -0.027910 0.085209 0.003983 0.026813 -0.003177 -0.000085 0.002735 -0.000142 -0.000413 0.004394 0.000327 -0.465853 -0.461539 -0.001486
0.370842 0.328886 0.406871 -0.358692 0.515629 1.042836 0.402743 0.533485 0.358505 0.061703 0.112023 0.023042 1.239481 2.487273 1.738866 0.026672 0.034117 0.011463 -0.305052 -0.261120 0.033981
0.197137 0.114394 0.181832 -0.000312 -0.452233 0.976728 0.197260 0.218150 0.192622 0.034143 0.099775 0.012355 0.007371 0.013124 0.004114 0.001479 0.013468 0.003112 -0.320527 -0.314589 0.027702
0.250444 0.172791 0.191264 -0.006705 -0.392638 0.995299 0.270097 0.314735 0.204698 0.039169 0.088425 0.012338 0.040280 0.120934 0.008294 0.003086 0.008767 0.003256 -0.326185 -0.321812 0.004025
0.192350 0.147036 0.173833 -0.053397 -0.445169 1.002531 0.226224 0.249162 0.193477 0.040402 0.104605 0.011414 0.003687 0.010754 0.000803 0.000752 0.005081 -0.000327 -0.343084 -0.338590 0.008155
3.257510 3.403969 4.533039 0.314633 1.701047 1.889182 3.287067 5.173672 6.519670 4.682754 3.618445 7.900453 3.204252 1.636537 3.197389 5.413535 4.777765 10.190523 0.146371 0.487538 3.535341
0.573262 0.347571 0.469613 0.726199 0.579965 0.595691 0.428572 0.449164 0.595758 1.534632 0.765500 2.809788 0.554872 0.756498 1.680293 1.735033 1.001098 3.660771 0.356535 0.372569 0.356838
0.373388 0.092025 0.191715 0.933999 0.133374 0.542500 0.186595 0.213434 0.348662 0.133089 0.064115 0.040588 0.011545 0.005756 0.004640 0.006294 0.002163 0.002820 0.370625 0.367241 0.005170
0.363397 0.110807 0.194095 0.949216 0.147462 0.559530 0.210897 0.248353 0.304333 0.125206 0.069950 0.042763 0.013318 0.007866 0.003890 0.006676 0.005203 -0.000165 0.366579 0.365003 0.005020
0.382124 0.122172 0.166143 0.943620 0.126773 0.547985 0.226611 0.238072 0.258106 0.134418 0.068744 0.038716 0.012319 0.013811 0.003501 0.010122 0.008761 0.001146 0.362787 0.361382 0.020871
0.354956 0.106129 0.206134 0.901242 0.139017 0.555681 0.221464 0.228852 0.300647 0.134590 0.065191 0.044380 0.012315 0.006864 0.004112 0.009468 0.008189 0.001015 0.360687 0.357029 -0.000520
0.409127 0.113192 0.232190 0.916321 0.137902 0.550607 0.258234 0.306558 0.372144 0.138167 0.103222 0.066765 0.017321 0.025288 0.015098 0.012870 0.071625 0.038067 0.359717 0.356640 0.002271
0.368017 0.083379 0.192040 0.934736 0.146148 0.563453 0.224605 0.193940 0.307461 0.129433 0.060644 0.039369 0.012522 0.006119 0.004705 0.012226 0.007228 0.001544 0.359127 0.355174 0.001618
0.353436 0.080626 0.190610 0.906169 0.141216 0.553413 0.189595 0.202892 0.306498 0.117361 0.052083 0.034184 0.012870 0.005292 0.004437 0.001934 0.005967 0.003963 0.359649 0.355861 0.004451
0.324116 0.057091 0.200541 0.914229 0.132948 0.553439 0.188507 0.132241 0.339530 0.145385 0.061508 0.044690 0.013829 0.006791 0.004973 0.009613 0.010414 0.004060 0.358560 0.355842 0.002133
0.435372 0.119156 0.246304 0.909350 1.126836 0.547275 0.308999 0.242989 0.395737 0.136428 0.063346 0.043113 0.155257 0.379629 0.033858 0.014950 0.014077 0.008931 0.358153 0.354690 0.001080
0.330981 0.060505 0.159587 1.004061 -0.005021 0.560299 0.222100 0.157707 0.314463 0.093360 0.050085 0.031144 0.008128 0.004533 0.002955 0.002157 0.003293 0.002622 0.345431 0.341921 0.003833
0.347308 0.089639 0.187085 0.989847 0.004187 0.566304 0.218994 0.218253 0.312826 0.128613 0.072520 0.041843 0.011521 0.008240 0.004210 0.004520 0.007711 0.003193 0.343950 0.341330 0.002932
0.327869 0.062982 0.161020 0.992459 -0.005714 0.564116 0.170334 0.168903 0.266241 0.101425 0.056215 0.032002 0.011001 0.006798 0.004514 0.005558 0.001727 0.005266 0.341629 0.338030 0.002823
0.348821 0.059307 0.159559 0.981069 -0.001737 0.572546 0.225006 0.174744 0.284600 0.110203 0.055972 0.036445 0.010088 0.005249 0.003645 0.002396 0.002871 0.002064 0.341091 0.337923 0.003596
0.361970 0.078408 0.181483 0.983772 -0.004440 0.567388 0.218620 0.195664 0.337460 0.118092 0.059774 0.036873 0.011008 0.005743 0.004716 -0.000404 0.004888 0.003341 0.341022 0.337356 0.002288
0.363523 0.041222 0.135348 1.009098 0.006113 0.580707 0.218752 0.112882 0.252042 0.099397 0.047603 0.032805 0.008735 0.004665 0.003085 0.005462 0.003234 0.000947 0.340124 0.337004 0.004423
0.339295 0.068107 0.177304 0.980851 -0.000208 0.569225 0.225029 0.178696 0.330868 0.104185 0.054444 0.034150 0.009175 0.006015 0.003799 0.002800 0.001969 0.001032 0.339294 0.335734 0.002017
0.330407 0.051252 0.172734 0.978570 -0.001949 0.572480 0.235039 0.164657 0.271567 0.114321 0.061253 0.038696 0.012950 0.007920 0.004882 0.013968 0.014904 0.007659 0.340252 0.336940 0.005714
0.343069 0.093814 0.184734 0.989053 -0.004697 0.566852 0.227126 0.182536 0.314544 0.110240 0.061079 0.039194 0.009904 0.005800 0.004824 0.001760 0.000319 0.000606 0.339496 0.336006 0.002639
0.337477 0.041079 0.165024 0.978690 0.000386 0.576012 0.212400 0.141841 0.292500 0.106168 0.055392 0.034926 0.010163 0.005944 0.003696 0.004639 0.005766 0.001476 0.338793 0.335317 0.005316
0.321385 0.073340 0.192450 0.976168 -0.002448 0.565763 0.186616 0.171779 0.292966 0.112846 0.064708 0.039600 0.011134 0.005979 0.003832 0.000552 0.003179 0.001337 0.338151 0.335209 0.005072
0.321961 0.076343 0.167339 0.966164 0.003213 0.567206 0.213577 0.144629 0.279803 0.102146 0.056373 0.034399 0.010760 0.005087 0.003122 0.005428 0.003282 -0.000290 0.338327 0.334696 0.000278
0.328692 0.049182 0.161972 0.985197 -0.002023 0.569418 0.230120 0.134291 0.303319 0.112583 0.057814 0.039348 0.010196 0.005674 0.003646 0.003319 0.006026 0.002414 0.338601 0.334720 0.001516
0.333786 0.056689 0.173223 0.984974 -0.002720 0.570024 0.227545 0.148847 0.334454 0.111519 0.058649 0.039750 0.009834 0.005904 0.003925 0.004357 0.003196 0.002400 0.337966 0.334531 0.002208
0.317774 0.037375 0.154197 1.005334 0.014646 0.582311 0.213283 0.134086 0.326512 0.107816 0.057316 0.035173 0.009203 0.005257 0.003563 0.005063 0.003418 0.003219 0.337444 0.334416 0.007633
0.335991 0.062860 0.199627 0.957743 -0.004183 0.563984 0.210570 0.162152 0.351071 0.110301 0.052147 0.041184 0.013442 0.007742 0.005426 0.024876 0.022615 0.008730 0.336218 0.334238 0.004314
0.340456 0.059369 0.153419 0.978718 0.001916 0.574431 0.180141 0.162269 0.298930 0.110497 0.062466 0.039505 0.009972 0.005914 0.003615 0.004009 0.002107 0.002047 0.336286 0.332719 0.001957
0.330893 0.050519 0.137576 1.020521 0.004615 0.580431 0.232547 0.136374 0.291945 0.117341 0.064857 0.033628 0.010278 0.006404 0.003728 0.004189 0.007756 0.003352 0.335504 0.332485 0.002949
0.325064 0.068245 0.153562 0.973442 0.002818 0.574562 0.197134 0.176156 0.308247 0.116615 0.067233 0.037868 0.012326 0.006787 0.004587 0.002519 0.003509 -0.000923 0.335035 0.332655 0.000916
0.347927 0.071029 0.162129 0.972437 0.004820 0.574198 0.201465 0.160997 0.340560 0.102588 0.057646 0.033069 0.008819 0.005462 0.003616 0.002588 0.003739 0.001408 0.335152 0.332326 0.004362
0.352865 0.060863 0.174602 0.947544 0.003917 0.573328 0.262374 0.159733 0.331990 0.111490 0.056947 0.035717 0.009667 0.005115 0.003938 0.003979 0.000713 0.001042 0.334161 0.330703 -0.001319
0.360043 0.061905 0.174953 1.081007 0.017555 0.599742 0.234545 0.172289 0.320903 0.111222 0.057663 0.037251 0.009614 0.005581 0.003153 0.005226 0.005215 0.001288 0.333847 0.330777 0.005436
1.047256 0.882208 0.751545 1.009634 1.199748 0.585006 0.946137 0.695426 0.865685 1.127058 1.961505 0.833479 0.692189 1.595125 1.129184 1.236275 2.646957 1.050921 0.334651 1.137422 0.017942
0.359040 0.060049 0.111320 0.760728 0.893546 -0.161573 0.364378 0.155355 0.100508 0.107600 0.024216 0.121568 0.055076 0.027915 0.051745 0.051770 0.028749 0.073366 1.143056 1.143696 0.045868
0.292603 0.005075 0.027231 0.759351 0.874620 -0.125225 0.323577 0.057055 0.002600 0.144025 0.036076 0.137396 0.020497 0.007210 0.023895 0.028475 0.014716 0.033776 1.141374 1.132998 0.019066
0.305088 0.029016 0.049003 0.757328 0.849936 -0.135969 0.313897 0.126500 0.041842 0.104240 0.020733 0.092328 0.013757 0.004181 0.016993 0.023813 0.013672 0.036582 1.141312 1.133377 0.010742
0.346375 0.039182 0.055050 0.753493 0.853251 -0.136639 0.341838 0.122707 0.033277 0.106884 0.021147 0.089256 0.010421 0.001818 0.010592 0.006601 0.003472 0.012626 1.144467 1.134032 0.018970
0.337825 0.043048 0.075302 0.752128 0.852095 -0.136864 0.317331 0.099686 0.062034 0.096663 0.017801 0.086960 0.010484 0.003445 0.012845 0.013324 0.005684 0.017794 1.142857 1.133298 0.005442
0.364971 0.022610 0.073280 0.760909 0.860853 -0.135864 0.380902 0.116248 0.057907 0.109608 0.021414 0.094331 0.009849 0.002208 0.010040 0.002677 0.003283 0.012297 1.144285 1.133347 0.010174
0.355005 0.009365 0.074981 0.784776 0.868481 -0.135987 0.336956 0.089463 0.065298 0.090635 0.011540 0.076632 0.009776 0.001732 0.009815 0.005707 0.001844 0.013259 1.143572 1.133347 0.017562
0.357940 0.029081 0.053671 0.758216 0.850930 -0.141970 0.352545 0.124316 0.051409 0.115715 0.026602 0.101630 0.010612 0.002896 0.012023 0.006863 0.002325 0.009912 1.144703 1.134069 0.013144
0.273841 -0.033126 0.046258 0.775550 0.870126 -0.132858 0.305651 0.064225 0.025767 0.088566 0.009633 0.073196 0.008395 0.000949 0.007234 0.004636 0.004043 0.007078 1.144305 1.133346 0.005449
3.713865 3.161049 3.831213 0.746101 0.891070 0.729687 5.264516 7.386765 8.320834 3.586989 2.834911 4.171709 0.764638 0.835975 1.361204 2.891776 2.787512 4.418305 0.908675 1.130461 0.977421
4.789761 4.838214 4.103033 0.741841 2.678122 1.956937 5.079949 8.555167 6.955056 4.615625 6.900909 3.753872 1.676788 2.815788 2.047977 5.365948 9.335298 4.740993 0.601936 0.858494 3.863892
0.161473 0.141706 0.139278 0.296973 0.653544 0.603993 0.173011 0.246339 0.219890 0.307863 0.063647 0.084761 0.039176 0.008768 0.011911 0.071018 0.010544 0.027296 0.336756 0.335827 0.010825
0.451129 0.211346 0.322713 0.251697 0.606561 0.569793 0.486713 0.367718 0.557234 0.297628 0.060288 0.087963 0.121883 0.192334 0.219010 0.026176 0.013713 0.006093 0.341549 0.405684 0.012770
0.210177 0.062175 0.123105 0.311985 0.655082 0.494269 0.192513 0.176302 0.181326 0.285010 0.014241 0.130447 0.031120 0.010156 0.017903 0.034307 0.002139 0.008162 0.417481 0.418934 0.017667
0.247221 0.034220 0.103623 0.344005 0.653596 0.512878 0.249705 0.159012 0.211180 0.252177 0.012807 0.106574 0.027562 0.001218 0.010794 0.030398 0.004417 0.015143 0.419710 0.417167 0.029012
0.206964 0.059822 0.133647 0.347569 0.643634 0.503429 0.196568 0.158379 0.220097 0.295538 0.012287 0.132543 0.030002 0.002269 0.015064 0.019419 0.000482 0.002157 0.420275 0.416580 0.008257
0.259701 0.057862 0.130867 0.315845 0.647360 0.517635 0.237531 0.221576 0.213815 0.284740 0.011545 0.124496 0.037764 0.047255 0.020080 0.019162 0.000785 0.012362 0.395999 0.394127 0.020091
0.256383 0.032478 0.097988 0.361779 0.605901 0.520722 0.196387 0.154152 0.182022 0.229873 0.007796 0.096796 0.020896 0.000571 0.009365 0.006565 -0.000193 0.004952 0.397779 0.395086 0.016086
0.276866 0.030479 0.120090 0.367124 0.625931 0.537369 0.237611 0.134545 0.193330 0.225934 0.005734 0.094019 0.020582 0.000733 0.009502 0.010066 0.001627 0.006792 0.398304 0.394192 0.006542
0.236224 0.013257 0.116644 0.334494 0.610556 0.526147 0.199456 0.091611 0.186105 0.238318 0.001067 0.107002 0.023858 0.000391 0.011449 0.024965 0.000763 0.013470 0.397850 0.394229 0.012619
0.245015 0.043022 0.121585 0.385208 0.622995 0.532356 0.215364 0.138744 0.200945 0.262374 0.006327 0.114446 0.027146 0.000892 0.013002 0.038441 0.003788 0.013244 0.395945 0.394454 0.028934
0.272320 0.030490 0.112493 0.371804 0.608081 0.518799 0.239619 0.128120 0.200641 0.263712 0.007017 0.118055 0.032208 0.000683 0.016447 0.059756 0.002356 0.029115 0.396522 0.393849 0.023307
0.269109 0.019191 0.104424 0.373856 0.606094 0.517078 0.249298 0.129501 0.173298 0.242228 0.002812 0.108501 0.023260 0.000410 0.011118 0.005777 0.000971 0.009294 0.397738 0.395477 0.011196
0.242936 0.020970 0.110819 0.370309 0.609350 0.525340 0.215553 0.116811 0.180657 0.251507 0.002098 0.112179 0.025904 0.000272 0.012373 0.008201 0.001108 0.004075 0.397959 0.395141 0.021517
0.271417 0.033219 0.107904 0.395842 0.618546 0.528049 0.228993 0.167629 0.174607 0.278175 0.008590 0.118861 0.025340 0.000673 0.012495 0.001069 -0.000017 0.003129 0.397696 0.394669 0.016184
0.256224 0.006305 0.103868 0.345889 0.609011 0.525191 0.225836 0.089895 0.164876 0.273101 0.001406 0.119881 0.025238 -0.000216 0.012891 0.013730 -0.000606 0.008029 0.395649 0.393520 0.012463
0.225489 0.002178 0.126784 0.374242 0.624065 0.542000 0.215516 0.092753 0.180556 0.270940 0.003076 0.125480 0.024963 -0.000112 0.011941 0.008598 -0.000181 0.006351 0.396057 0.394082 0.013222
0.231867 0.013046 0.119131 0.363481 0.602635 0.522893 0.209704 0.115730 0.226303 0.276216 0.005987 0.124050 0.024424 0.001126 0.011410 0.000032 0.002946 0.002152 0.396131 0.392900 0.005006
0.265024 0.014789 0.106546 0.398217 0.619812 0.526958 0.206898 0.123991 0.180087 0.251927 0.001490 0.111988 0.025567 0.000391 0.012741 0.018499 0.001311 0.015070 0.396977 0.393843 0.021475
0.274100 0.024479 0.125767 0.341591 0.607590 0.530498 0.197198 0.124711 0.207387 0.259231 0.005596 0.114343 0.023386 0.000454 0.010785 0.009439 0.001097 0.003660 0.397216 0.395639 0.017368
0.241965 0.012531 0.127513 0.324436 0.595613 0.519038 0.212803 0.134571 0.196637 0.258336 0.005217 0.115857 0.031324 0.000685 0.016714 0.013493 0.000268 0.006300 0.394493 0.393243 0.030391
0.264533 0.024011 0.103160 0.348003 0.608147 0.529430 0.215348 0.137629 0.185280 0.270694 0.005720 0.118594 0.025286 0.000642 0.011854 0.004478 -0.000059 0.006787 0.395688 0.394190 0.007785
0.276332 0.026827 0.105824 0.350421 0.605992 0.528354 0.228675 0.132313 0.167786 0.266543 0.007090 0.116772 0.025960 0.000782 0.013166 0.005455 0.001603 0.004607 0.396889 0.393823 0.018145
0.268330 0.038753 0.105587 0.370390 0.604091 0.524653 0.186104 0.141538 0.152145 0.268924 0.007496 0.113338 0.024234 0.000461 0.011601 0.012365 0.001126 0.010202 0.396324 0.393614 0.013945
1.120734 1.674991 1.469808 0.338226 2.235220 0.798286 1.254957 0.955737 1.039441 4.211825 4.755620 1.539841 1.747005 2.059838 0.539897 4.765610 6.598773 1.851989 0.396454 0.651909 0.025897
0.310206 0.200253 0.275823 0.627828 0.566141 0.434080 0.357254 0.381085 0.335087 0.293693 0.064406 0.168555 0.050674 0.049828 0.050223 0.045288 0.035983 0.031633 0.526330 0.531778 0.117502
0.193330 0.121036 0.117697 0.550116 0.630084 0.412516 0.192468 0.298610 0.129995 0.302773 0.037116 0.144152 0.033980 0.004183 0.018170 0.032119 0.004514 0.017805 0.532252 0.531697 0.013117
0.252349 0.103748 0.146920 0.568685 0.623878 0.410802 0.204892 0.304340 0.207497 0.247704 0.029319 0.121648 0.025940 0.003869 0.013740 0.011000 0.003327 0.003138 0.532485 0.527231 0.004595
0.251454 0.103161 0.116465 0.552984 0.623337 0.423858 0.239231 0.293013 0.155474 0.236768 0.026570 0.115610 0.023038 0.002674 0.012195 0.012656 0.001955 0.003030 0.532170 0.528102 0.021875
0.229992 0.113095 0.135346 0.552265 0.627400 0.419319 0.204621 0.300347 0.169683 0.247989 0.027167 0.121493 0.023787 0.002487 0.012980 0.019088 0.002095 0.015072 0.530781 0.527303 0.021453
0.258951 0.111153 0.127379 0.577555 0.627242 0.412643 0.251879 0.337325 0.168166 0.240398 0.027021 0.111100 0.023026 0.002318 0.011936 0.004918 0.001297 0.002417 0.531638 0.526630 0.005998
0.238958 0.127340 0.117511 0.576135 0.618615 0.408172 0.209292 0.337261 0.169645 0.238596 0.029441 0.114188 0.023993 0.002842 0.010965 0.002505 0.001276 0.002036 0.531947 0.527298 0.005396
0.247640 0.112072 0.149001 0.598041 0.636753 0.418348 0.228368 0.301586 0.199417 0.228891 0.026112 0.113697 0.021081 0.002451 0.012290 0.011937 0.001608 0.000481 0.529860 0.527213 0.017484
0.259387 0.112507 0.146186 0.581522 0.635676 0.427291 0.204489 0.312185 0.201730 0.232571 0.025425 0.115562 0.021385 0.002050 0.012611 0.009906 0.000627 0.009666 0.530466 0.525077 0.006149
0.266901 0.104735 0.154049 0.597846 0.633129 0.422469 0.239449 0.322877 0.151676 0.229088 0.025248 0.112446 0.022787 0.002197 0.012952 0.010440 0.001016 0.008548 0.530160 0.527163 0.019443
0.264002 0.102414 0.165410 0.545978 0.617873 0.418666 0.252546 0.313225 0.180671 0.230888 0.025217 0.111670 0.020607 0.002061 0.010933 0.003481 0.001091 0.005033 0.530796 0.526675 0.016595
0.262593 0.098021 0.169516 0.573368 0.620586 0.414157 0.213701 0.308874 0.199796 0.242363 0.025271 0.122398 0.021763 0.002293 0.012929 0.001948 0.000743 0.005001 0.529938 0.525082 0.015137
0.252590 0.094900 0.166371 0.559040 0.612491 0.413701 0.261578 0.250439 0.181960 0.256597 0.025975 0.125431 0.024401 0.001969 0.012913 0.005634 0.000015 0.002297 0.530476 0.526661 0.015167
0.273974 0.098645 0.187136 0.600347 0.617292 0.414956 0.271655 0.322551 0.207641 0.233113 0.024254 0.114463 0.021349 0.002458 0.011411 0.008130 0.001688 0.006430 0.530620 0.525721 0.002167
0.269750 0.108085 0.158808 0.571966 0.617705 0.414574 0.240675 0.312728 0.190336 0.247720 0.025637 0.123667 0.024079 0.002441 0.012441 0.011030 0.001147 0.008759 0.530085 0.526505 0.016311
0.274549 0.093930 0.161126 0.576170 0.637106 0.423619 0.258442 0.264305 0.163299 0.227367 0.022774 0.109897 0.022179 0.001848 0.011363 0.016993 -0.000004 0.006781 0.530164 0.526588 0.012100
0.289462 0.108068 0.184116 0.644475 0.662178 0.434540 0.266368 0.312965 0.215944 0.251653 0.027994 0.129404 0.021537 0.003783 0.012215 0.000008 0.002026 0.006499 0.529992 0.525773 0.013496
0.286637 0.117029 0.180695 0.597503 0.628562 0.429544 0.263624 0.361544 0.197841 0.246406 0.028410 0.116278 0.022942 0.002586 0.011928 0.010736 0.002253 0.007186 0.530890 0.526636 0.008998
0.274384 0.102018 0.167399 0.563143 0.618597 0.414324 0.262215 0.327336 0.182500 0.242702 0.027541 0.117964 0.022064 0.002148 0.011734 0.006526 0.000655 0.004920 0.529602 0.525304 0.023948
0.269898 0.101599 0.169537 0.596384 0.631581 0.424082 0.250903 0.288348 0.194264 0.234448 0.027305 0.113588 0.022606 0.002383 0.011363 0.011089 0.002174 0.009016 0.528184 0.525497 0.023903
0.273554 0.098577 0.159296 0.585341 0.636188 0.430992 0.242720 0.285792 0.184949 0.245214 0.025805 0.122601 0.023607 0.002283 0.012085 0.010197 0.000863 0.003310 0.528527 0.524989 0.008518
0.253775 0.099564 0.171448 0.614212 0.635384 0.419461 0.224058 0.275395 0.203117 0.255976 0.026638 0.121082 0.022456 0.004883 0.012335 0.004006 0.000274 0.002195 0.529639 0.524863 0.013081
0.280198 0.102226 0.161145 0.515153 0.595751 0.407257 0.287135 0.290771 0.179126 0.261822 0.029480 0.126246 0.024956 0.002414 0.012696 0.012832 -0.000024 0.004785 0.529406 0.524516 0.014592
0.276087 0.093858 0.172898 0.579218 0.615880 0.410334 0.251666 0.287579 0.168724 0.241678 0.023748 0.110497 0.021548 0.002517 0.011232 0.005835 0.001325 0.007774 0.530046 0.525720 0.007115
0.269983 0.102727 0.173055 0.595496 0.631788 0.425896 0.234708 0.300020 0.158212 0.242886 0.025962 0.119415 0.021399 0.002403 0.011466 0.003621 0.000628 0.005470 0.529215 0.525094 0.009343
0.278177 0.093329 0.171855 0.527148 0.596023 0.403382 0.251140 0.279503 0.215432 0.241074 0.025986 0.117055 0.021416 0.002226 0.010827 0.005104 0.001431 0.002057 0.527907 0.524776 0.022297
0.271718 0.115034 0.152271 0.558017 0.622587 0.421361 0.243917 0.314928 0.170078 0.254703 0.028416 0.129829 0.024491 0.003216 0.013343 0.011092 0.000379 0.009196 0.528275 0.524272 0.009282
0.259607 0.088690 0.147872 0.594675 0.622398 0.419114 0.234385 0.272089 0.152131 0.259095 0.025606 0.122234 0.023517 0.002136 0.011014 0.007349 0.001270 0.000078 0.529619 0.525495 0.014333
0.261550 0.106790 0.170092 0.562971 0.611768 0.414354 0.252614 0.320144 0.193850 0.243389 0.029598 0.122691 0.024989 0.002666 0.012796 0.006466 0.001952 -0.000077 0.529335 0.524820 0.000033
0.289944 0.119509 0.191142 0.580184 0.616407 0.412466 0.255167 0.329798 0.195798 0.251776 0.029836 0.126349 0.023745 0.003730 0.012686 0.012164 0.000461 0.002107 0.528723 0.525136 0.012580
0.256161 0.105466 0.167700 0.564748 0.618879 0.419521 0.257738 0.310634 0.180015 0.250079 0.027493 0.120365 0.026661 0.002803 0.013193 0.005298 0.002480 0.001597 0.528604 0.524572 0.013653
0.339163 0.127225 0.202381 0.564348 0.617805 0.413003 0.308177 0.320367 0.212874 0.257295 0.030347 0.127075 0.024191 0.002598 0.013311 0.015875 0.001759 0.010532 0.528944 0.524604 0.014658
0.260775 0.094870 0.153955 0.566141 0.615886 0.419723 0.244927 0.315540 0.137046 0.253319 0.029955 0.122770 0.024449 0.002557 0.012238 0.003364 -0.000094 0.006350 0.529096 0.524965 0.010993
0.249697 0.103775 0.174288 0.581106 0.612570 0.418373 0.246381 0.321216 0.176245 0.243627 0.028355 0.117568 0.022549 0.002696 0.012361 0.000857 0.000570 0.001148 0.528747 0.525575 0.021904
0.268450 0.113375 0.186263 0.642002 0.647788 0.432405 0.252227 0.310604 0.195178 0.259911 0.031319 0.128869 0.023251 0.002623 0.011904 0.003951 -0.000357 0.004050 0.528358 0.524885 0.012088
0.259967 0.111673 0.166097 0.566080 0.620349 0.418557 0.265275 0.285945 0.163848 0.243011 0.029715 0.114457 0.022954 0.002620 0.011098 0.013355 0.001072 0.006298 0.528714 0.525167 0.022896
0.272911 0.099153 0.189407 0.566812 0.616466 0.418572 0.253286 0.297340 0.200582 0.259317 0.032406 0.123380 0.022741 0.002735 0.011262 0.002826 0.000665 0.001437 0.528453 0.524565 0.008406
0.288348 0.095253 0.188556 0.561543 0.611953 0.416299 0.241506 0.278950 0.218331 0.253559 0.031044 0.123519 0.023307 0.003504 0.012508 0.005357 0.002791 0.006691 0.528454 0.525062 0.010150
0.270183 0.101629 0.190927 0.597779 0.630985 0.425832 0.247337 0.292537 0.204723 0.256979 0.031104 0.121629 0.024834 0.003075 0.013053 0.006622 0.000228 0.001842 0.529854 0.525270 0.014455
0.261707 0.110592 0.164817 0.583973 0.609693 0.416874 0.265518 0.338566 0.193124 0.273132 0.035880 0.127016 0.027194 0.003080 0.012465 0.008365 0.001697 0.004780 0.527802 0.525222 0.002637
0.271644 0.083870 0.171528 0.588545 0.632270 0.435583 0.251773 0.266452 0.170955 0.261391 0.030078 0.127921 0.024916 0.002741 0.013268 0.013631 0.001798 0.011469 0.528803 0.524308 0.019795
0.279621 0.092966 0.162922 0.572150 0.616150 0.417038 0.227143 0.295632 0.179166 0.261662 0.031051 0.118437 0.025835 0.002849 0.012912 0.005960 0.000413 0.002059 0.526906 0.522481 0.017997
0.309157 0.090456 0.208297 0.552836 0.623371 0.424118 0.278368 0.240007 0.212149 0.255043 0.030051 0.120662 0.023727 0.002660 0.011587 0.011602 0.000924 0.007358 0.527209 0.523654 0.009251
0.301831 0.091723 0.194167 0.582552 0.613155 0.411482 0.238392 0.270264 0.173651 0.266848 0.033313 0.123441 0.024568 0.002683 0.012546 0.005887 0.000452 0.005880 0.527196 0.523959 0.017360
0.305409 0.098902 0.209860 0.573118 0.615494 0.419083 0.290267 0.263481 0.210357 0.284540 0.030726 0.134356 0.025550 0.003383 0.012710 0.005829 0.000334 0.004510 0.527455 0.524387 0.008126
0.299476 0.097113 0.183455 0.559391 0.618384 0.418076 0.278349 0.283124 0.190079 0.277143 0.032100 0.122924 0.026191 0.002749 0.013545 0.014767 0.002079 0.005835 0.526986 0.523941 0.021860
0.300027 0.105531 0.192157 0.561359 0.616643 0.421989 0.299884 0.281209 0.215295 0.259581 0.032582 0.124857 0.024026 0.002877 0.011971 0.011305 0.001957 0.007622 0.527150 0.522190 0.018766
0.342632 0.097698 0.217454 0.608262 0.629497 0.423259 0.298824 0.243302 0.244970 0.259101 0.031921 0.121016 0.025668 0.003617 0.012577 0.007976 0.001461 0.004047 0.527744 0.524264 0.010577
0.315994 0.100879 0.205389 0.572035 0.626324 0.429283 0.305500 0.290836 0.261835 0.264963 0.030900 0.124170 0.023379 0.002816 0.012078 0.001885 0.000356 0.006725 0.527803 0.522444 0.007059
0.299540 0.100539 0.192778 0.610564 0.637604 0.419237 0.285935 0.301491 0.224850 0.277001 0.034696 0.126514 0.024947 0.003250 0.012609 0.008161 0.001783 0.009469 0.527236 0.523987 0.010321
0.345237 0.135384 0.206899 0.594591 0.616965 0.412015 0.339010 0.327518 0.229956 0.300013 0.043506 0.142487 0.027136 0.005809 0.014293 0.007695 0.012180 0.005688 0.525728 0.521873 0.015788
0.264280 0.087053 0.162040 0.565647 0.613634 0.420243 0.265124 0.252462 0.189101 0.283871 0.031076 0.133159 0.025820 0.002724 0.012326 0.008841 0.001119 0.001480 0.526079 0.520878 0.006807
0.310844 0.103238 0.181599 0.557129 0.614105 0.414739 0.262746 0.277980 0.174879 0.276757 0.033742 0.130453 0.025626 0.003490 0.012571 0.012999 0.000514 0.000713 0.525649 0.521403 0.013344
0.289893 0.092104 0.186178 0.579769 0.632375 0.435540 0.271792 0.264661 0.195980 0.282118 0.034821 0.130870 0.025318 0.003246 0.013014 0.007286 0.002861 0.004688 0.525125 0.522514 0.012587
0.308894 0.106147 0.224204 0.611272 0.626460 0.423860 0.303346 0.279848 0.229041 0.274206 0.032935 0.123626 0.025063 0.002998 0.012838 0.010991 0.000601 0.002753 0.526336 0.522441 0.011758
0.313341 0.099590 0.202144 0.572663 0.613679 0.418457 0.263589 0.266347 0.216076 0.269928 0.033580 0.125044 0.025012 0.003158 0.012353 0.017494 0.004102 0.006884 0.526950 0.522980 0.023344
0.372344 0.150636 0.245743 0.591540 0.614881 0.414575 0.385640 0.325144 0.272187 0.238040 0.038872 0.114634 0.022918 0.005872 0.011319 0.015257 0.006418 0.004800 0.525629 0.523397 0.032139
0.246614 0.084960 0.157593 0.549311 0.618015 0.428779 0.268310 0.248470 0.183519 0.308505 0.033931 0.138758 0.028822 0.003574 0.014293 0.021547 0.002682 0.014203 0.524383 0.522248 0.018363
0.238050 0.108905 0.156456 0.619960 0.625023 0.419822 0.268750 0.295887 0.161717 0.254576 0.036557 0.113181 0.024085 0.003728 0.012314 0.005455 0.005288 0.003630 0.526618 0.521803 0.004884
0.272705 0.098459 0.155929 0.556235 0.616624 0.426756 0.257092 0.251008 0.175720 0.240900 0.026696 0.112902 0.022304 0.002602 0.011146 0.012279 0.002489 0.002646 0.524662 0.522421 0.016211
0.279851 0.080299 0.167383 0.536661 0.614743 0.425941 0.245952 0.255518 0.173549 0.248311 0.031760 0.106448 0.023135 0.002760 0.011174 0.008869 0.001031 0.005873 0.527272 0.523760 0.009034
0.343459 0.128051 0.205259 0.571980 0.605466 0.413701 0.361215 0.359616 0.211477 0.251955 0.037688 0.113903 0.033265 0.111447 0.054125 0.000669 0.002386 0.004678 0.512074 0.522134 0.214521
0.298461 0.102942 0.180668 0.587866 0.575885 0.444477 0.285335 0.272798 0.168236 0.233998 0.038714 0.094931 0.021050 0.003489 0.009402 0.000784 0.001978 0.002582 0.497295 0.492973 0.010287
0.315287 0.100083 0.201952 0.597741 0.573439 0.438746 0.352996 0.284326 0.242639 0.256664 0.039774 0.108662 0.024554 0.004492 0.010676 0.006575 0.002834 0.004320 0.497380 0.492700 0.011987
0.338115 0.119944 0.222320 0.601211 0.590617 0.453763 0.332553 0.350151 0.244714 0.276744 0.044236 0.114937 0.027553 0.007565 0.013304 0.008255 0.004643 0.002186 0.496222 0.493628 0.005386
0.257851 0.074612 0.157102 0.599814 0.572328 0.443964 0.277343 0.241607 0.166564 0.252916 0.038929 0.108205 0.023023 0.003861 0.010559 0.006641 0.002935 0.006093 0.497141 0.492828 0.012039
0.304038 0.101781 0.192470 0.614254 0.594710 0.455951 0.260057 0.265732 0.211104 0.240051 0.040380 0.103713 0.021825 0.003759 0.010007 0.003976 0.003457 0.005969 0.498902 0.495053 0.020323
0.309338 0.099378 0.186948 0.593199 0.589818 0.453147 0.271186 0.327490 0.191752 0.278358 0.045700 0.117458 0.026083 0.004535 0.012197 0.014355 0.002725 0.010040 0.497071 0.493577 0.016184
0.313982 0.089045 0.214505 0.576955 0.578907 0.449207 0.263082 0.243739 0.238175 0.261918 0.040370 0.109614 0.022619 0.003419 0.010252 0.001805 0.001167 -0.000016 0.498320 0.493522 0.001699
0.340497 0.139634 0.215646 0.616974 0.589306 0.452219 0.412264 0.312304 0.302118 0.281699 0.040781 0.122723 0.024872 0.011347 0.016446 0.002289 0.001562 0.003833 0.497126 0.493736 0.013538
0.306653 0.123629 0.174345 0.590748 0.576592 0.432982 0.329636 0.320517 0.202488 0.273121 0.044173 0.112327 0.028546 0.011344 0.012814 0.011367 0.001533 0.004129 0.499034 0.495555 0.019451
0.284262 0.108827 0.152271 0.586791 0.583310 0.443426 0.291029 0.282226 0.177141 0.273186 0.043581 0.115100 0.025386 0.006485 0.011215 0.016121 0.002142 0.006929 0.501546 0.498013 0.016984
0.281832 0.067060 0.177925 0.568864 0.582548 0.443833 0.301215 0.190748 0.183138 0.282259 0.043354 0.115309 0.030895 0.005036 0.012973 0.029681 0.010211 0.010126 0.500068 0.500153 0.022031
0.295065 0.133583 0.176414 0.622209 0.587295 0.449934 0.297659 0.312891 0.227574 0.299867 0.056778 0.125360 0.040385 0.011116 0.018743 0.024907 0.016312 0.013643 0.502233 0.499491 0.009977
0.320511 0.112770 0.167061 0.586066 0.579959 0.442311 0.336797 0.306507 0.197629 0.273830 0.043597 0.106842 0.028598 0.012387 0.012667 0.012880 0.000872 0.001956 0.505390 0.502794 0.015103
0.317230 0.105384 0.168668 0.584427 0.577625 0.430662 0.265379 0.256637 0.189244 0.301459 0.051225 0.122774 0.028848 0.005514 0.012316 0.010272 0.004943 0.004986 0.505247 0.501845 0.017349
0.312893 0.160545 0.211178 0.592436 0.579823 0.436829 0.309464 0.399569 0.225831 0.326808 0.067988 0.145380 0.035055 0.011702 0.013129 0.009625 0.020335 -0.000270 0.504213 0.500496 0.006119
0.263076 0.094855 0.169644 0.602316 0.599999 0.449375 0.258157 0.279180 0.190674 0.309490 0.052848 0.124600 0.027399 0.005906 0.013161 0.000855 0.002863 0.000075 0.505538 0.501600 0.018195
0.224101 0.100888 0.126298 0.661951 0.622523 0.464733 0.215109 0.255910 0.151556 0.256954 0.041982 0.104982 0.026751 0.003906 0.011194 0.017488 -0.000402 0.006386 0.504732 0.501908 0.012859
0.267208 0.095152 0.152820 0.615531 0.599196 0.446205 0.233786 0.234153 0.151591 0.273233 0.043766 0.118074 0.024140 0.003933 0.012161 0.005944 0.001545 0.005218 0.503793 0.499000 0.006423
0.268391 0.088227 0.154511 0.573913 0.585762 0.437195 0.287966 0.257291 0.145182 0.264311 0.041337 0.104144 0.025709 0.003684 0.011410 0.010240 0.000545 0.009000 0.505809 0.500377 -0.000330
0.304260 0.081069 0.174381 0.595516 0.583260 0.433123 0.329299 0.211798 0.172652 0.263464 0.040864 0.111852 0.023877 0.004089 0.011459 0.007810 0.003542 0.009678 0.505114 0.500959 0.009800
1.447083 1.314142 1.352966 2.274733 4.597054 4.000115 1.459210 1.109614 0.977166 1.012392 1.237864 1.936810 1.458597 1.416245 0.750314 0.904294 1.658449 2.402765 0.553270 0.751081 1.037520
0.172905 0.032930 -0.009529 0.346047 0.897147 0.216575 0.177724 0.123346 -0.033980 0.036221 0.042811 0.139103 0.008410 0.024028 0.056414 0.001407 0.017031 0.068548 0.761918 0.762243 0.019924
0.167508 0.019596 -0.047383 0.423139 0.968269 0.228434 0.158361 0.067885 -0.094959 0.026431 0.009653 0.091531 0.001770 0.002009 0.016409 -0.000352 0.003748 0.014885 0.761074 0.754413 0.001235
0.202207 0.044554 -0.019575 0.313567 0.902776 0.222110 0.199097 0.113121 -0.045700 0.035290 0.013404 0.092566 0.004389 0.002685 0.012029 -0.000181 0.005762 0.008653 0.758956 0.753248 0.015236
0.219915 0.057220 -0.024736 0.335263 0.902562 0.217780 0.212299 0.102297 -0.061139 0.042197 0.013964 0.078169 0.003323 0.004244 0.018670 0.000728 0.004451 0.017611 0.753909 0.749539 0.038471
0.212550 0.061623 -0.023029 0.352311 0.922111 0.232084 0.231253 0.117424 -0.049989 0.037222 0.015620 0.106214 0.002982 0.002791 0.013824 0.001759 0.001119 0.003269 0.755153 0.748101 0.013714
0.249698 0.063625 -0.012814 0.326898 0.903780 0.219463 0.266655 0.108555 -0.038767 0.046994 0.014445 0.093636 0.011276 0.002035 0.008701 0.013121 0.006508 0.001118 0.754793 0.749258 0.025783
0.197170 0.066791 -0.027225 0.319000 0.909161 0.219426 0.194297 0.139074 -0.057453 0.037976 0.014840 0.096746 0.003592 0.001473 0.009484 0.003127 0.001162 0.004915 0.754096 0.747221 0.009289
0.216723 0.071092 -0.006703 0.316800 0.905701 0.223082 0.194208 0.117422 -0.040370 0.040656 0.014121 0.086867 0.003895 0.001160 0.008965 0.001855 0.001511 0.005270 0.754344 0.747387 0.011139
1.449741 1.592612 1.482218 0.778525 3.445973 1.826473 1.153724 0.769718 0.443486 0.413826 1.928126 1.299336 1.184376 1.452161 1.585758 0.423088 2.646527 1.583574 0.592377 0.781234 3.468940
0.506898 0.224931 0.265249 0.450913 0.210690 0.739786 0.529380 0.432304 0.330944 0.336594 0.133251 0.172314 0.138100 1.556900 1.575337 0.152183 0.108054 0.066313 0.560674 0.984285 6.242315
0.252239 0.029293 0.048572 0.460497 0.988808 0.010036 0.233266 0.123811 0.046911 0.166456 0.013677 0.144179 0.020758 0.001471 0.019533 0.000267 0.003186 0.003934 0.990219 0.985039 0.026772
0.291967 0.065467 0.064126 0.415049 0.959044 0.011591 0.269806 0.162103 0.081628 0.151259 0.010780 0.140145 0.035411 0.005518 0.036846 0.030256 0.007085 0.034170 0.988718 0.984258 0.010056
0.307254 0.039435 0.087979 0.451315 0.987024 0.016641 0.271588 0.177306 0.118147 0.156440 0.006062 0.140086 0.029474 0.007112 0.049600 0.003001 0.005565 0.007548 0.988741 0.999097 0.024236
0.241847 0.008208 0.035969 0.414514 0.977328 -0.002009 0.153750 0.116625 0.033992 0.152956 0.006595 0.131026 0.013248 0.000516 0.014039 0.002992 0.000613 0.007553 1.008615 0.999986 0.014976
0.265667 0.024173 0.068245 0.430370 0.973630 -0.016646 0.187775 0.103526 0.056572 0.169645 0.011313 0.144985 0.017841 0.001720 0.014984 0.013025 0.003562 0.009577 1.008427 1.000007 0.010985
0.230311 0.021935 0.037511 0.430665 0.976360 -0.018052 0.199995 0.123425 0.049557 0.150106 0.007837 0.130315 0.013646 0.000447 0.012643 0.000306 0.001132 0.008529 1.007687 1.000732 0.013288
0.324021 0.050894 0.088044 0.437101 0.995313 -0.000815 0.295783 0.182376 0.116379 0.172481 0.014064 0.138161 0.017138 0.009565 0.014208 0.012737 0.003227 0.012583 1.005010 0.997801 0.026928
0.248548 0.016353 0.071224 0.427955 0.971890 -0.013137 0.183700 0.123690 0.057289 0.157725 0.007153 0.130909 0.013765 0.000723 0.013121 0.000717 0.001373 0.002913 1.004322 0.995573 0.011104
0.268568 0.027011 0.088909 0.415383 0.978925 0.001004 0.229853 0.122783 0.123490 0.158439 0.011014 0.125214 0.015086 0.001016 0.015078 0.004257 0.003132 0.007853 1.004274 0.995565 0.006524
0.243644 0.024730 0.083015 0.439630 0.999886 0.003157 0.197757 0.095315 0.078275 0.165455 0.014221 0.158890 0.020944 0.002297 0.019086 0.032879 0.005913 0.030183 1.000859 0.993650 0.023764
0.240130 0.039218 0.056119 0.427083 0.972759 -0.010442 0.175003 0.104197 0.058262 0.178275 0.011922 0.151270 0.015815 0.001708 0.015037 0.005629 0.000068 0.008287 1.000957 0.993354 0.023805
0.250280 0.038611 0.071400 0.445666 1.000061 0.010569 0.192357 0.116459 0.076537 0.162320 0.010298 0.138923 0.016431 0.001924 0.016840 0.007171 0.000131 0.002371 1.002841 0.994078 0.008968
0.257027 0.026603 0.076095 0.413876 0.983406 0.000214 0.170909 0.141729 0.052687 0.155663 0.006569 0.135908 0.013802 0.000686 0.013807 0.007117 0.002666 0.010689 1.002441 0.991958 0.005638
0.250254 0.026402 0.071981 0.411231 0.977202 -0.001329 0.193531 0.145368 0.056453 0.152672 0.009108 0.124423 0.014806 0.001343 0.012548 0.008918 0.003916 0.007885 0.999945 0.992507 0.027571
0.260783 0.047842 0.089310 0.403739 0.977270 -0.002880 0.205574 0.130331 0.101622 0.150790 0.009101 0.133653 0.015629 0.000682 0.014912 0.006504 0.000877 0.018100 1.000802 0.992587 0.025206
0.253620 0.044766 0.069321 0.408443 0.976941 0.000884 0.191210 0.132300 0.070502 0.151312 0.008631 0.134395 0.013574 0.001161 0.013478 0.001091 0.000599 0.002818 1.000956 0.991152 0.003727
0.271017 0.038266 0.098587 0.444011 0.995811 -0.001031 0.180418 0.127899 0.095751 0.160459 0.007126 0.145612 0.014266 0.000450 0.015011 0.001951 0.000669 0.005905 1.000030 0.990374 0.011118
0.264160 0.026850 0.074026 0.412106 0.972525 -0.009208 0.190590 0.125058 0.093536 0.149406 0.006070 0.128546 0.013211 0.000936 0.012651 0.007259 0.004005 0.006472 0.997863 0.988910 0.007531
0.241318 0.032870 0.072374 0.409401 0.976338 -0.002433 0.199206 0.109796 0.090158 0.162370 0.007571 0.146763 0.016141 0.001052 0.015165 0.011487 0.001321 0.015553 0.996871 0.988948 0.018590
0.267416 0.060596 0.080300 0.479742 1.017454 0.001423 0.201621 0.144643 0.045981 0.147840 0.010458 0.129706 0.013870 0.000898 0.013171 0.001580 -0.000478 0.005329 0.997252 0.988161 0.020753
0.252007 0.033357 0.068752 0.390338 0.979716 0.010214 0.195948 0.106221 0.066271 0.155437 0.005573 0.144618 0.014311 0.000528 0.015183 0.007894 0.002206 0.002504 0.995364 0.988226 0.010928
0.258853 0.033737 0.064417 0.425839 0.996780 0.004794 0.203713 0.107756 0.070464 0.145085 0.003840 0.130407 0.012479 0.001114 0.013970 0.004216 0.002289 0.012127 0.994306 0.986030 0.025934
0.238870 0.052711 0.073917 0.408467 0.971434 -0.005274 0.206610 0.142179 0.058007 0.163810 0.008829 0.153250 0.014237 0.002071 0.015096 0.002175 0.000306 0.001650 0.995751 0.988061 0.018935
0.261637 0.039039 0.094763 0.394954 0.980281 0.007961 0.230647 0.107211 0.088790 0.143949 0.004018 0.120494 0.013679 0.000231 0.012685 0.006782 0.001176 0.008578 0.994813 0.986699 0.011466
0.271253 0.052209 0.096996 0.417702 0.975218 -0.003881 0.222605 0.134317 0.065336 0.163921 0.008334 0.142926 0.015650 0.001362 0.015136 0.010707 0.001942 0.016306 0.994342 0.985282 0.018726
0.242994 0.058865 0.081071 0.427864 0.978455 -0.000115 0.192690 0.143197 0.061391 0.144144 0.008065 0.133882 0.012967 0.000855 0.012740 0.001354 0.002200 0.003678 0.994048 0.985936 0.019938
0.298252 0.064900 0.130140 0.407954 0.995023 0.015561 0.256944 0.138036 0.097674 0.171077 0.013076 0.160026 0.015587 0.001782 0.017685 0.004310 0.002549 0.017694 0.994257 0.985293 0.005130
0.261119 0.050557 0.074556 0.386646 0.977550 0.008664 0.239031 0.129280 0.083249 0.152949 0.006971 0.126946 0.015157 0.001084 0.012705 0.006099 0.001781 0.006372 0.994515 0.985924 0.022967
0.269999 0.063468 0.103662 0.409450 0.977397 -0.009578 0.201492 0.128653 0.052673 0.149574 0.008686 0.137235 0.013413 0.000912 0.013180 0.004437 0.000866 0.006191 0.995536 0.987436 0.009382
0.267281 0.049106 0.094607 0.404583 0.980621 0.000388 0.223908 0.102609 0.056906 0.160433 0.008785 0.155049 0.014371 0.000548 0.015311 0.006056 0.000702 0.004952 0.993775 0.985223 0.009153
0.280861 0.061219 0.087241 0.383022 0.975805 0.010444 0.219130 0.139050 0.071175 0.153474 0.011155 0.141338 0.013452 0.000922 0.014298 0.001551 0.001124 0.002672 0.992811 0.984477 0.018566
0.245658 0.042750 0.085430 0.426275 0.999653 0.007815 0.199303 0.111045 0.057976 0.145992 0.005987 0.130230 0.013129 0.000375 0.012980 0.004843 0.000768 0.008712 0.994166 0.986662 0.015437
0.243572 0.034471 0.076640 0.409617 0.982285 0.003299 0.202776 0.139827 0.068879 0.147718 0.006811 0.141874 0.013643 0.000614 0.013276 -0.000118 0.001324 0.000687 0.993578 0.985234 0.012757
0.285586 0.047115 0.097620 0.403162 0.980103 0.003763 0.243113 0.139525 0.094957 0.147206 0.005745 0.131094 0.015213 0.000697 0.016624 0.016878 0.002213 0.012435 0.992954 0.985193 0.017754
0.252945 0.049336 0.073909 0.426928 0.995950 0.006544 0.195009 0.158493 0.067782 0.140694 0.005476 0.123359 0.012138 0.000552 0.013058 0.004820 0.001039 0.011200 0.993396 0.984523 0.008227
0.271380 0.064361 0.094658 0.426647 0.997761 0.006709 0.221525 0.155699 0.087958 0.151749 0.009575 0.137425 0.014804 0.000937 0.015821 0.008635 0.001732 0.008223 0.991505 0.983106 0.006366
0.274715 0.055407 0.106143 0.383926 0.972996 0.001174 0.204999 0.120510 0.090759 0.149888 0.006844 0.147849 0.014124 0.000883 0.013903 0.007470 0.001177 0.003351 0.991052 0.982369 0.023675
0.265415 0.070108 0.134364 0.398959 0.978779 0.006640 0.224442 0.152576 0.106823 0.147745 0.012073 0.135185 0.013550 0.000881 0.013636 0.008273 0.001113 0.011853 0.991452 0.983811 0.017715
0.287730 0.075960 0.115440 0.406477 0.980938 0.000523 0.202762 0.151595 0.082388 0.157497 0.011383 0.154979 0.015624 0.001034 0.014771 0.007021 0.002444 0.005258 0.990124 0.983002 0.026332
0.271490 0.067652 0.114936 0.398153 0.985200 0.011818 0.219432 0.139651 0.093059 0.161355 0.012320 0.146184 0.015128 0.000780 0.014453 0.008195 0.000432 0.007709 0.990696 0.982199 0.001687
0.295857 0.067841 0.090879 0.374658 0.977050 0.011102 0.220540 0.135892 0.056834 0.153966 0.010992 0.139313 0.014637 0.001041 0.013618 0.009229 0.003124 0.008281 0.990913 0.982189 0.016104
0.248785 0.075278 0.095294 0.385187 0.983616 0.017679 0.157554 0.154175 0.092790 0.153619 0.018314 0.143696 0.016472 0.002740 0.014138 0.001702 0.007067 0.005035 0.990643 0.982201 0.014580
0.889982 1.045912 0.948624 0.390677 1.068096 0.792761 0.844320 0.532157 0.447954 3.056644 2.754981 2.175687 2.201620 1.444462 1.669130 3.710985 3.654654 2.762147 0.291320 0.983744 0.030890
0.064054 0.056389 0.013502 0.129698 0.631212 0.595413 0.092757 0.097124 0.023218 0.002738 0.152926 0.104575 0.003515 0.021799 0.014265 0.002287 0.027802 0.011523 0.298469 0.298787 0.025990
0.066324 0.065021 -0.001770 0.113348 0.609243 0.602459 0.071525 0.102962 -0.023318 0.006080 0.138994 0.090019 0.000731 0.014412 0.008825 0.003821 0.010129 0.003649 0.296947 0.297151 0.007421
0.084000 0.079675 0.015332 0.139231 0.608892 0.604963 0.121838 0.135009 -0.005405 0.006660 0.134726 0.085415 0.000519 0.013994 0.010373 0.000741 0.016399 0.007785 0.297823 0.296132 0.018723
0.107413 0.090509 0.013558 0.141632 0.608436 0.606441 0.125095 0.155598 -0.000017 0.009490 0.137078 0.083194 0.000773 0.014811 0.009284 0.002417 0.015436 0.006965 0.297733 0.295760 0.000240
0.131974 0.092265 0.019581 0.140536 0.616952 0.595823 0.142408 0.145035 0.006726 0.007596 0.120183 0.075965 0.011871 0.023323 0.014332 0.007271 0.006522 0.005805 0.296618 0.294477 0.009416
0.129270 0.093546 0.037390 0.161077 0.621856 0.611321 0.173745 0.155040 0.042762 0.010578 0.148135 0.091495 0.005576 0.017587 0.010201 0.000108 0.012056 0.007089 0.296933 0.294672 0.014685
0.142733 0.098620 0.065751 0.152593 0.602869 0.602383 0.226015 0.131468 0.092914 0.004502 0.159572 0.106334 0.013254 0.022178 0.017369 0.001428 0.022334 0.012381 0.299344 0.300522 0.032565
0.080716 0.070577 0.019889 0.194937 0.632723 0.601149 0.107436 0.104324 -0.009501 0.004619 0.126124 0.077694 -0.000076 0.014752 0.011054 0.001006 0.010472 0.004988 0.300803 0.298740 0.025007
0.077765 0.080125 0.013731 0.162422 0.612602 0.595498 0.123226 0.130539 0.005435 0.006143 0.107588 0.069379 0.000026 0.010258 0.006781 -0.000683 0.005864 0.004216 0.301058 0.298035 0.007099
0.099078 0.074131 0.040640 0.151891 0.604371 0.595588 0.098628 0.116929 0.042300 0.007907 0.115546 0.077566 0.001202 0.014048 0.009071 0.004630 0.011874 0.008681 0.299044 0.298657 0.010232
0.063363 0.106451 0.028109 0.180512 0.602961 0.605805 0.111152 0.158048 0.005917 0.001570 0.115095 0.069288 0.000698 0.010781 0.008046 0.001101 0.005125 0.000983 0.301517 0.298923 0.010204
0.213006 0.117735 0.069789 0.189460 0.621314 0.607739 0.251489 0.178052 0.083922 0.018578 0.134838 0.094633 0.546591 0.228277 0.142646 0.004050 0.013266 0.009203 0.333022 0.361936 0.461336
1.056593 0.721911 0.798809 0.462407 1.307743 1.275044 1.021459 0.928535 0.898377 0.976986 0.488637 0.619598 0.536054 1.228852 1.237037 1.128650 0.614802 0.684039 0.783346 0.916692 3.042342
0.228188 0.197413 0.020018 0.289827 0.995441 0.073118 0.251339 0.314385 0.015260 0.060585 0.025833 0.091443 0.010299 0.004990 0.024377 0.012822 0.003676 0.034903 0.919660 0.914804 0.019699
0.392266 0.218849 0.229415 0.364562 1.057948 0.231466 0.455441 0.384853 0.278709 0.291270 0.153238 0.346359 0.129402 0.100040 0.256430 0.309543 0.192726 0.377920 0.793764 0.908441 1.766519
0.140048 0.057129 0.034723 0.157798 0.918510 0.297640 0.130832 0.127424 0.028703 0.023987 0.037333 0.101950 0.004451 0.006441 0.014472 0.008995 0.019304 0.015576 0.660217 0.655995 0.034265
0.123431 0.050689 0.006385 0.177855 0.926760 0.319861 0.096895 0.051121 0.020826 0.022219 0.018768 0.066712 0.002140 0.001782 0.007372 0.000154 0.003332 0.004718 0.652254 0.646653 0.014643
0.143343 0.043865 0.006368 0.226097 0.963575 0.338232 0.097758 0.035934 0.016123 0.029493 0.015731 0.063806 0.002328 0.001243 0.007195 0.000580 -0.000160 0.003914 0.649812 0.644312 0.016431
0.129209 0.061626 -0.006999 0.149138 0.903897 0.312388 0.078432 0.084589 0.012534 0.023124 0.016019 0.059097 0.003269 0.001862 0.006316 0.004575 0.002264 0.006567 0.648209 0.641735 0.012064
0.137849 0.085926 0.010552 0.145842 0.907264 0.322383 0.059842 0.107275 0.022696 0.030582 0.018126 0.057904 0.002469 0.001556 0.005217 0.002928 0.000332 0.002290 0.646222 0.639933 0.005265
0.160027 0.082942 0.030361 0.161229 0.907498 0.307824 0.103622 0.107627 0.041212 0.033065 0.017214 0.057426 0.005672 0.008478 0.016869 0.001310 0.003253 0.002339 0.646187 0.639944 0.010450
0.160839 0.086938 0.035987 0.150555 0.908370 0.315848 0.110746 0.075425 0.068367 0.033974 0.019229 0.056453 0.003765 0.002201 0.007517 0.000626 0.000234 0.001709 0.644036 0.638626 0.008373
1.233433 0.914736 1.292794 0.145925 0.909892 0.321656 1.545052 1.986475 2.198588 1.095869 0.821802 2.309885 0.612529 0.246292 0.826650 1.182720 0.950217 2.773024 0.593396 0.801894 1.012158
0.100549 -0.040902 -0.020220 0.288360 0.702004 0.510296 0.160983 -0.080000 -0.017836 0.015644 -0.006957 0.011573 0.001870 -0.000778 0.002236 0.004053 0.000832 0.004120 0.420575 0.419192 0.034294
0.131835 -0.001170 -0.019167 0.338571 0.713767 0.533832 0.149936 -0.018200 -0.051780 0.012364 -0.010196 0.000068 0.000835 -0.000892 0.000645 0.002741 0.000526 0.004824 0.415704 0.412792 0.011427
0.169892 0.011973 -0.011411 0.261561 0.675326 0.508715 0.159226 0.003541 -0.028234 0.019974 -0.008403 0.003616 0.003589 -0.000601 0.000547 0.001083 0.001956 0.001675 0.412152 0.410089 0.014548
0.157054 0.006245 -0.008990 0.256326 0.671850 0.513577 0.132996 0.000468 -0.012348 0.016507 -0.009821 0.003462 0.001845 -0.001268 0.000718 0.002526 -0.000644 0.001319 0.409840 0.405600 0.002611
0.128136 -0.007290 -0.009247 0.254961 0.668949 0.513949 0.098142 0.001021 -0.018341 0.014824 -0.007178 -0.000037 0.000717 -0.000995 -0.000301 -0.001027 0.000248 0.000201 0.407649 0.403224 0.003879
0.141452 0.005119 0.003020 0.255471 0.668405 0.516055 0.134798 0.009849 0.016782 0.014485 -0.006052 0.002067 0.000922 -0.000558 0.000184 0.000007 0.001145 0.000915 0.406459 0.403158 0.010980
0.153089 0.011189 0.000710 0.286855 0.688231 0.522045 0.140461 -0.009406 0.000032 0.014764 -0.005748 0.004011 0.001127 -0.000729 0.001366 0.002544 0.001883 0.002202 0.405287 0.402297 0.010544
0.143865 0.009524 0.012578 0.276358 0.683487 0.527993 0.103648 0.022096 0.012106 0.013939 -0.006392 0.001448 0.001140 -0.000813 -0.000042 0.000617 0.000660 0.000501 0.405303 0.400503 -0.002809
0.131512 0.011799 0.008847 0.287600 0.684555 0.525232 0.113728 0.009606 -0.002088 0.012034 -0.006687 0.000351 0.000632 -0.000810 -0.000321 0.001419 0.000285 0.000328 0.404325 0.399902 0.002227
0.103287 -0.000945 0.000249 0.224222 0.645413 0.505154 0.069583 -0.014758 0.002306 0.006900 -0.007457 -0.003995 0.000984 -0.000591 -0.000747 0.003147 0.000515 0.000414 0.403209 0.398924 0.003612
0.090670 -0.005028 -0.009815 0.282737 0.679647 0.528273 0.076921 -0.008513 -0.012898 0.004061 -0.011695 -0.004535 0.000064 -0.001180 -0.000632 0.000723 -0.000367 0.000143 0.400683 0.396775 0.001691
0.119671 0.005873 -0.008509 0.252501 0.663505 0.521221 0.093365 0.004463 -0.025580 0.011417 -0.007911 -0.003902 0.000726 -0.000572 -0.000505 -0.000458 0.001326 0.000628 0.399626 0.396179 0.000815
0.111734 0.008624 -0.004087 0.250541 0.659602 0.521506 0.118831 -0.008893 0.002466 0.007816 -0.007943 -0.003035 0.000199 -0.000978 0.000411 -0.000283 0.000772 0.001793 0.398991 0.394700 0.006303
0.107875 0.001755 0.003751 0.255504 0.667421 0.520815 0.105682 -0.027969 0.000587 0.009138 -0.006626 -0.003411 0.000873 -0.000657 -0.000039 0.003792 0.000155 0.000230 0.398286 0.394336 -0.001365
0.279543 0.080639 0.104020 0.277499 0.674853 0.533449 0.322691 0.100681 0.148259 0.072263 0.033034 0.036478 0.023091 0.027209 0.012214 0.074048 0.049749 0.045487 0.398446 0.400300 0.035506
0.064218 0.002793 -0.019893 0.262326 0.663959 0.518853 0.059246 -0.016197 -0.039056 0.000621 -0.008216 -0.003497 -0.000014 -0.000980 -0.000439 0.003142 0.000333 0.000593 0.400015 0.396421 0.007944
0.097044 0.012590 -0.000087 0.282372 0.675607 0.532262 0.086118 0.006195 -0.008883 0.003510 -0.006319 -0.002854 -0.000203 -0.000597 -0.000620 -0.000242 0.000151 0.000241 0.398087 0.393705 0.001959
0.102901 0.018232 -0.004559 0.257546 0.659496 0.521680 0.097859 0.008762 0.005334 0.005397 -0.006372 -0.002841 0.000669 -0.000548 -0.000703 0.000876 0.002442 -0.000660 0.396895 0.393695 0.007333
0.152960 0.044314 0.021335 0.280274 0.672605 0.528575 0.145226 0.004068 0.027184 0.018982 -0.002771 -0.001564 0.002246 0.002300 0.001085 0.000305 0.000625 0.002369 0.395565 0.391939 0.003030
0.051434 0.032758 -0.006537 0.263611 0.659779 0.527182 0.027659 0.042213 0.005988 -0.003211 0.000871 -0.003349 -0.000526 0.000104 -0.000603 0.003180 0.001441 0.001348 0.395359 0.391060 -0.000507
0.057833 0.009509 -0.013208 0.247700 0.658069 0.523832 0.039443 -0.011978 -0.001926 -0.003457 -0.004299 -0.005738 -0.000056 -0.000701 -0.000518 0.001879 0.000172 -0.000152 0.394947 0.390673 -0.001156
0.102901 0.022505 0.001622 0.252387 0.653982 0.523642 0.085142 0.033447 0.005428 0.004069 -0.001833 -0.002723 0.000323 -0.000200 -0.000521 0.000866 0.001523 0.000061 0.393188 0.389169 0.000465
0.112329 0.027856 0.005755 0.286856 0.676765 0.537971 0.075664 0.014257 0.024533 0.007754 -0.000469 -0.001655 0.000410 -0.000143 0.000159 -0.000284 0.001097 -0.000920 0.393007 0.388622 0.001631
0.101908 0.031860 0.003417 0.279785 0.673937 0.537050 0.077820 0.051069 0.012332 0.009830 0.001002 -0.003290 0.001405 0.000141 -0.000602 0.004310 0.000437 -0.000505 0.391995 0.387706 0.000852
0.088100 0.033418 0.000161 0.256588 0.664883 0.529307 0.062890 0.047958 0.025448 -0.000369 0.005805 -0.001595 0.000150 0.000879 -0.000289 0.003103 0.002356 -0.000433 0.391698 0.388043 0.000538
0.116735 0.048127 0.006431 0.258120 0.662323 0.524328 0.103372 0.083702 0.009522 0.004288 0.005148 -0.001956 0.000529 0.000680 -0.000521 0.001035 0.002356 0.000331 0.392513 0.388569 0.005578
0.194171 0.074744 -0.001637 0.255895 0.654115 0.526183 0.185455 0.088058 -0.002945 0.022921 0.008541 -0.002893 0.002377 0.000781 -0.000232 0.005579 -0.000168 -0.000148 0.392141 0.388345 -0.002443
0.885497 0.677282 1.055801 0.259737 0.657437 0.924174 1.199930 1.303739 1.489260 0.898021 0.757240 0.878028 0.487546 0.956930 0.838858 1.051534 0.997960 1.124687 0.015663 0.389823 0.131012
0.023523 -0.038511 0.086007 0.191829 0.206675 0.799752 0.023581 -0.042409 0.118251 -0.010315 -0.001001 0.007534 -0.000165 -0.000182 0.000390 -0.000555 0.001044 -0.000140 0.005285 0.005189 -0.000891
0.049202 -0.036390 0.080336 0.185465 0.199110 0.803503 0.089371 -0.030315 0.126570 -0.001878 0.002782 0.005381 -0.000032 0.000154 0.000335 0.001374 0.000708 0.001126 0.003878 0.004308 0.001657
0.075224 0.008279 0.081848 0.189512 0.194584 0.801739 0.078462 0.016765 0.129173 0.001902 0.005998 0.005994 0.000380 0.000841 0.000489 0.000937 -0.000650 0.000499 0.003321 0.003791 0.003366
0.042526 0.010495 0.064117 0.187550 0.197514 0.802166 0.034370 0.052532 0.106680 -0.004050 0.004707 0.002999 -0.000853 0.000871 -0.000066 0.000442 0.003543 0.000415 0.001664 0.001135 -0.000198
0.066917 0.016064 0.080417 0.186937 0.197676 0.804755 0.070071 0.042209 0.120046 0.000943 0.005854 0.006737 -0.000344 0.001143 0.001007 0.000954 0.000755 0.001131 0.000693 0.001120 0.006778
0.012754 0.015518 0.062009 0.181660 0.193380 0.803190 -0.013411 0.050432 0.096977 -0.005888 0.007029 0.003200 -0.000623 0.000558 0.000097 0.001994 0.000441 -0.000180 0.000148 0.000005 0.002804
0.038848 -0.009697 0.072424 0.198351 0.197875 0.801501 0.043839 0.001627 0.112277 -0.004048 0.008178 0.003319 -0.000102 0.000586 0.000576 -0.000066 0.001128 -0.000529 -0.000636 -0.000810 -0.000012
0.048829 0.015788 0.092114 0.208014 0.205523 0.819134 0.062999 0.032027 0.129080 -0.003164 0.009262 0.007948 0.002025 0.003967 0.001382 0.002628 0.005056 0.000601 -0.000690 -0.000326 0.003160
0.051551 0.026994 0.089635 0.181529 0.196899 0.799810 0.053051 0.042615 0.105144 0.005637 0.010616 0.007347 0.000245 0.008705 0.002179 0.001424 0.003227 0.000249 0.000147 0.000148 0.002013
0.060353 0.015130 0.079978 0.176862 0.198837 0.806530 0.054121 0.018789 0.136628 0.006737 0.003389 0.007313 0.000404 0.001551 0.000767 -0.000436 0.002251 -0.000286 0.002713 0.002514 0.001445
0.043729 0.011656 0.082790 0.196356 0.193021 0.807261 0.046369 0.010649 0.127106 0.000311 0.005840 0.007456 0.000349 0.000601 0.000432 0.004221 0.003025 0.000257 0.002050 0.001969 0.001934
0.044155 -0.007782 0.071304 0.200701 0.190749 0.810613 0.072223 -0.024331 0.102196 -0.002142 0.003614 0.005644 0.000507 0.000098 0.000555 0.004553 0.000025 0.001937 0.001409 0.001357 0.001340
0.042932 -0.008270 0.109902 0.212126 0.206443 0.812235 0.067195 0.007458 0.171848 0.002083 0.005474 0.009310 0.000441 0.002129 0.000539 0.003513 0.003727 0.000530 0.000041 0.000129 -0.000165
0.056906 0.016526 0.076524 0.209431 0.202832 0.820484 0.072411 0.027034 0.144701 -0.001762 0.005226 0.005307 -0.000640 0.000340 0.000198 -0.000545 0.000914 0.000032 -0.000578 -0.000767 0.002344
0.094978 0.016346 0.104704 0.159282 0.179818 0.797784 0.126817 0.036769 0.168920 0.022710 0.030709 0.020123 0.002392 0.005052 0.003127 0.006756 0.022605 0.009005 -0.000022 -0.000003 0.007755
0.048167 -0.017861 0.070917 0.210859 0.186297 0.826256 0.069912 -0.021670 0.131110 -0.000167 0.002395 0.007505 0.000208 0.000192 0.001087 0.000423 0.001126 0.001344 -0.005387 -0.005653 -0.000436
0.030963 -0.006056 0.075566 0.202891 0.184250 0.804192 0.033648 -0.003171 0.119406 -0.002892 0.004741 0.008465 -0.000715 0.000389 0.000445 -0.000004 0.000732 0.000127 -0.005342 -0.005271 0.000682
0.039325 -0.008522 0.067047 0.185038 0.188559 0.808021 0.066171 -0.002252 0.117845 -0.004952 0.003233 0.006793 -0.000506 0.000254 0.000337 0.002427 0.000435 -0.000160 -0.005524 -0.005438 0.001624
0.058212 -0.001154 0.054078 0.183432 0.182960 0.809986 0.075065 -0.000252 0.109943 0.002549 0.004897 0.004487 0.000141 0.000100 0.000081 0.001472 -0.000262 0.000444 -0.005763 -0.005750 -0.000293
0.027724 0.008014 0.073514 0.183261 0.179470 0.808881 0.025303 0.043283 0.127102 -0.004022 0.006693 0.004461 -0.000431 0.000338 0.000219 0.002731 -0.000389 0.001053 -0.005526 -0.005759 -0.000209
0.044868 0.020901 0.057143 0.187953 0.178881 0.808995 0.079589 0.017669 0.075486 -0.003763 0.002529 0.005058 0.000583 0.000793 0.000072 -0.000147 0.000077 0.000129 -0.005642 -0.005584 0.000672
0.971953 0.793656 1.027664 0.211096 0.725866 0.822151 0.854556 0.680930 0.840820 2.607127 3.224990 1.450972 2.406594 1.397332 0.827031 3.177217 4.451787 1.887146 0.053887 0.247831 1.304204
0.054011 -0.037410 0.023771 0.092745 0.560145 0.650323 0.084824 -0.038330 0.030054 -0.001079 0.004151 0.007989 0.000392 0.000835 0.001663 0.003383 0.003789 0.004505 0.224940 0.226098 0.044784
0.039969 -0.022228 0.019835 0.092358 0.549368 0.660356 0.070241 0.004005 0.010600 -0.007179 -0.000573 0.002871 -0.001118 0.000083 0.000385 0.001311 0.003942 0.000625 0.218177 0.216215 -0.001439
0.039008 -0.007833 0.032612 0.100050 0.549388 0.659077 0.068147 -0.017245 0.071799 -0.007126 -0.001124 0.005232 -0.000867 -0.000045 0.000320 0.002518 0.001382 -0.000183 0.216428 0.213839 -0.000579
1.279228 1.331209 1.726709 0.386936 1.423544 1.053740 1.040548 1.023834 1.979064 0.220399 0.104065 0.121024 1.610833 1.101600 1.606030 0.237516 0.116753 0.129078 0.215698 0.651435 0.002877
0.196816 0.240215 0.608999 0.481874 1.377034 0.984517 0.223906 0.357801 1.124962 0.157461 0.050898 0.083549 0.596940 0.219731 0.536256 0.052451 0.013574 0.015459 0.660857 0.657453 0.016315
22.145250 24.998454 30.365808 2.444964 3.236829 3.380723 25.326166 46.289734 44.151830 15.916286 24.465657 15.458461 1.861413 3.223244 2.310227 2.290157 7.032854 1.741234 0.818206 1.043168 2.619250
0.664837 0.195433 0.133851 0.505635 0.780231 0.280459 0.696842 0.327724 0.134225 0.377146 0.067861 0.198524 0.044584 0.013375 0.025702 0.033621 0.013295 0.030302 0.700915 0.695970 0.033457
0.651172 0.105213 0.094275 0.533945 0.783604 0.264556 0.680269 0.162124 0.109422 0.256761 0.029229 0.123124 0.029053 0.002875 0.016420 0.021401 0.003931 0.014031 0.702288 0.697456 0.027298
0.588132 0.113826 0.114661 0.471551 0.775806 0.267611 0.633094 0.171246 0.156486 0.276644 0.027692 0.142604 0.027104 0.002741 0.016569 0.021416 0.001458 0.021503 0.702744 0.700628 0.009082
0.619361 0.119592 0.147240 0.497461 0.772175 0.249067 0.676416 0.179111 0.176292 0.252523 0.025555 0.126596 0.024597 0.002435 0.013976 0.011449 0.000488 0.003100 0.704362 0.699812 0.034639
0.687074 0.113782 0.129371 0.513125 0.790082 0.270981 0.682552 0.168158 0.180068 0.257626 0.028526 0.131249 0.023360 0.002512 0.013985 0.010543 0.002171 0.004418 0.705599 0.699909 0.010072
0.685347 0.165804 0.179005 0.485686 0.792136 0.273679 0.689123 0.259468 0.279558 0.300402 0.066663 0.173855 0.051337 0.082841 0.026217 0.058688 0.059617 0.031507 0.698173 0.696510 0.061796
0.608557 0.100202 0.107816 0.514148 0.778826 0.273622 0.652661 0.137806 0.180277 0.244182 0.020843 0.126902 0.021291 0.002203 0.012619 0.005433 0.001675 0.007949 0.697794 0.692846 0.021982
0.658410 0.117217 0.186149 0.569406 0.798750 0.271068 0.663273 0.170798 0.193665 0.237898 0.023252 0.130393 0.024018 0.002345 0.016137 0.000337 0.003612 0.006331 0.698587 0.693503 0.013995
0.589958 0.115895 0.132030 0.532517 0.795083 0.281860 0.592968 0.176165 0.185954 0.247552 0.024137 0.142356 0.023161 0.001995 0.013902 0.008637 0.002307 0.003518 0.700648 0.694295 0.005546
0.573635 0.103046 0.112929 0.529738 0.782606 0.272985 0.568763 0.153794 0.158547 0.234784 0.019964 0.135010 0.020882 0.001521 0.012639 -0.000626 0.000224 0.003633 0.699310 0.694134 0.019591
0.589706 0.111178 0.133780 0.543744 0.789695 0.272963 0.598779 0.160996 0.204991 0.239259 0.023001 0.136993 0.023406 0.001791 0.015449 0.018358 0.001019 0.019741 0.698189 0.693683 0.019243
0.536509 0.089259 0.112915 0.510512 0.787496 0.283635 0.533024 0.118645 0.177783 0.235529 0.019577 0.133957 0.020037 0.001787 0.012357 0.000555 0.001490 0.001456 0.698602 0.694346 0.017942
0.553878 0.088123 0.129158 0.493707 0.781236 0.270896 0.575699 0.178631 0.170668 0.212965 0.022956 0.126173 0.026301 0.001807 0.017932 0.006766 0.000520 0.008085 0.698264 0.693527 0.008556
0.505252 0.094841 0.108613 0.489537 0.788281 0.282050 0.540654 0.156771 0.172642 0.236143 0.023702 0.138076 0.024823 0.002057 0.016715 0.012867 0.000240 0.017521 0.700516 0.693766 0.005444
0.563809 0.104412 0.131357 0.534474 0.801536 0.283836 0.586976 0.175459 0.206656 0.231533 0.025607 0.135456 0.021102 0.001998 0.013260 0.006868 0.000206 0.006092 0.700773 0.695080 0.020110
0.535344 0.085027 0.119614 0.523736 0.779650 0.268499 0.563638 0.159665 0.176645 0.223668 0.020595 0.132155 0.021357 0.002011 0.012695 0.017918 0.002166 0.007112 0.700045 0.694317 0.021170
0.520676 0.077364 0.120398 0.519836 0.782848 0.268843 0.569838 0.112701 0.168737 0.229147 0.018041 0.128992 0.021495 0.001984 0.013408 0.008708 0.004764 0.007960 0.698298 0.694444 0.030943
0.504307 0.080003 0.108769 0.608094 0.834313 0.289156 0.558019 0.160972 0.183311 0.221427 0.020651 0.129885 0.019947 0.001897 0.013459 0.006119 0.000818 0.006708 0.699009 0.693729 0.019956
0.493179 0.080189 0.102179 0.510946 0.781650 0.270257 0.556015 0.133683 0.191224 0.240620 0.020580 0.137929 0.022639 0.001866 0.013319 0.009289 0.000401 0.006741 0.698289 0.691503 0.005179
0.482904 0.094901 0.136544 0.537948 0.778675 0.266466 0.514759 0.149515 0.156465 0.235014 0.022310 0.140544 0.020951 0.002566 0.016059 0.003997 0.001338 0.007927 0.697443 0.692906 0.029991
0.439214 0.068431 0.090350 0.516880 0.786548 0.266282 0.511477 0.114708 0.140167 0.247086 0.016695 0.157566 0.022735 0.001334 0.015951 0.002080 0.001672 0.003401 0.697422 0.691418 0.015018
0.512216 0.097660 0.132950 0.503752 0.787523 0.272665 0.486608 0.180626 0.166040 0.248289 0.026940 0.163494 0.023868 0.002748 0.016714 0.018822 0.002457 0.013936 0.698950 0.693477 0.021604
0.588300 0.152240 0.221450 0.506619 0.785833 0.274263 0.654663 0.272671 0.369982 0.230708 0.024860 0.131190 0.043717 0.023934 0.034768 0.013087 0.004393 0.009590 0.699273 0.693493 0.005528
0.412613 0.081711 0.063985 0.493452 0.793178 0.279371 0.477145 0.126634 0.114195 0.256614 0.017476 0.166197 0.026422 0.001563 0.018005 0.023274 0.002485 0.021595 0.690808 0.686970 0.016077
0.550683 0.113018 0.124931 0.482558 0.794350 0.280768 0.583960 0.204581 0.145484 0.243167 0.023751 0.159449 0.023928 0.002273 0.015726 0.006678 0.001707 0.011882 0.694762 0.689667 0.020401
0.495468 0.095108 0.096090 0.504780 0.793070 0.272206 0.506047 0.158028 0.152944 0.232435 0.020794 0.138079 0.021361 0.001702 0.014857 0.006739 0.000481 0.000505 0.695189 0.689108 0.006087
0.554327 0.115728 0.153977 0.515196 0.808592 0.272501 0.510580 0.200568 0.190659 0.255906 0.023565 0.172714 0.027551 0.002490 0.020651 0.026110 0.002805 0.019525 0.693626 0.693772 0.023158
0.505358 0.099109 0.098706 0.502069 0.809685 0.290064 0.507130 0.160807 0.139409 0.238979 0.022891 0.151314 0.021939 0.001855 0.015662 0.017467 0.001013 0.017037 0.693515 0.689384 0.009585
0.538746 0.113326 0.132965 0.495756 0.793729 0.280332 0.477057 0.184252 0.151925 0.233507 0.024376 0.143480 0.022410 0.002185 0.014164 0.013258 0.003123 0.008834 0.695799 0.689931 0.025280
0.524785 0.117869 0.119266 0.467056 0.783584 0.272205 0.501460 0.184150 0.159982 0.233937 0.024157 0.134287 0.022296 0.002436 0.014785 0.007927 0.000448 0.007767 0.695998 0.689897 0.017997
0.505879 0.098810 0.104835 0.495250 0.791617 0.272698 0.483104 0.172074 0.137917 0.226636 0.020873 0.138126 0.025550 0.001692 0.018944 0.015310 0.000342 0.015162 0.695763 0.689659 0.020583
0.527521 0.102611 0.136691 0.490103 0.807518 0.289915 0.499555 0.181813 0.181443 0.234339 0.023351 0.144886 0.021214 0.002045 0.015228 0.012446 0.001957 0.011819 0.695290 0.690600 0.010571
0.499880 0.101637 0.106650 0.512582 0.793988 0.266901 0.476900 0.177061 0.125897 0.223760 0.023618 0.141453 0.024304 0.002377 0.015923 0.011109 0.002818 0.012216 0.696421 0.691234 0.025147
0.499607 0.090015 0.129931 0.518401 0.809603 0.279367 0.516724 0.172006 0.170029 0.221736 0.020145 0.132285 0.023101 0.001998 0.016319 0.001810 0.000968 0.005788 0.695095 0.689949 0.008276
0.528005 0.087958 0.120172 0.483175 0.797120 0.275212 0.503278 0.155963 0.176854 0.245967 0.021049 0.148444 0.022691 0.001644 0.015922 0.010498 0.001091 0.006783 0.694570 0.689842 0.040434
0.434838 0.081673 0.097012 0.493099 0.794200 0.283774 0.442285 0.140190 0.121001 0.245013 0.020982 0.150318 0.022116 0.001673 0.015581 0.011818 0.000396 0.009379 0.694490 0.689754 0.017764
0.511262 0.086464 0.139710 0.504465 0.817244 0.290537 0.500647 0.150088 0.168876 0.250443 0.023048 0.158874 0.023129 0.001885 0.015425 0.015539 0.000991 0.010804 0.694516 0.689360 0.015986
0.477793 0.092464 0.090742 0.486705 0.792345 0.271491 0.491795 0.170775 0.123945 0.232406 0.020863 0.141200 0.024684 0.001707 0.017586 0.009159 0.000460 0.006867 0.694753 0.687706 0.007445
0.505926 0.094895 0.117699 0.496736 0.790755 0.268565 0.488583 0.154732 0.157749 0.251003 0.021591 0.153455 0.023678 0.001664 0.015675 0.008081 0.000451 0.010987 0.694150 0.688360 0.028931
0.535368 0.101476 0.114984 0.513855 0.813640 0.281913 0.491477 0.165177 0.155980 0.245664 0.024332 0.149270 0.023094 0.002233 0.014672 0.007362 0.000025 0.007580 0.693933 0.689074 0.009981
0.527783 0.087301 0.112109 0.474959 0.794968 0.281002 0.456028 0.150606 0.135329 0.250006 0.023567 0.155350 0.023360 0.002064 0.015133 0.007344 0.001507 0.008195 0.693333 0.689682 0.021883
0.520177 0.093374 0.111806 0.529840 0.813235 0.279904 0.484783 0.156462 0.131837 0.242413 0.021274 0.150062 0.022479 0.001812 0.015182 0.005217 0.000604 0.007621 0.693700 0.688230 0.021106
0.489013 0.092759 0.123236 0.527227 0.825981 0.292772 0.482454 0.133311 0.164721 0.251262 0.021633 0.164224 0.024085 0.001804 0.016793 0.007103 0.001075 0.006994 0.693579 0.687379 0.014839
0.468971 0.085359 0.102614 0.454811 0.776928 0.265835 0.485341 0.139272 0.137100 0.237580 0.019794 0.154332 0.021947 0.001968 0.015159 0.002015 0.000176 0.004341 0.692831 0.688003 0.014727
0.525578 0.109960 0.139905 0.486653 0.794963 0.278431 0.483001 0.210746 0.163330 0.241805 0.027514 0.149068 0.021541 0.002242 0.015039 0.010841 0.001244 0.008224 0.693520 0.688354 0.018222
0.525569 0.104891 0.119469 0.488183 0.793867 0.276286 0.470433 0.150334 0.139042 0.232404 0.024962 0.137946 0.022620 0.002287 0.014812 0.010718 0.002487 0.010113 0.692715 0.688140 0.020014
0.535364 0.112453 0.145784 0.506574 0.810776 0.285858 0.489991 0.195917 0.170961 0.243588 0.025464 0.154389 0.022389 0.002418 0.015054 0.002817 0.000673 0.004251 0.692476 0.687402 0.029348
0.521008 0.109055 0.149468 0.456888 0.775757 0.265655 0.479077 0.198861 0.219095 0.229984 0.025419 0.136600 0.020084 0.002206 0.014559 0.006488 0.001856 0.010204 0.691795 0.687429 0.017934
0.420353 0.077343 0.094394 0.463619 0.795011 0.285940 0.421669 0.166885 0.156099 0.244318 0.018920 0.161452 0.022550 0.001730 0.017150 0.009151 0.001862 0.002744 0.689900 0.687347 0.019035
0.496659 0.105204 0.110275 0.465691 0.792600 0.282029 0.461881 0.178070 0.145211 0.250764 0.021807 0.154814 0.021897 0.002275 0.014360 0.004131 0.001191 0.001136 0.691227 0.685809 0.010198
0.505196 0.095139 0.138990 0.482556 0.791657 0.275833 0.486631 0.180053 0.166559 0.247814 0.019668 0.157794 0.022985 0.002510 0.015275 0.006492 0.003625 0.006100 0.687661 0.685321 0.012351
0.496614 0.104574 0.115767 0.473065 0.793309 0.282815 0.463939 0.162869 0.136475 0.260641 0.021922 0.157934 0.023892 0.001747 0.018176 0.013277 0.000121 0.005822 0.691331 0.685289 0.019928
0.520966 0.088659 0.127211 0.503437 0.806074 0.281214 0.509952 0.161437 0.173082 0.243824 0.020421 0.144756 0.022091 0.001757 0.014044 0.007529 0.001180 0.004242 0.690513 0.685958 0.024623
0.545125 0.109842 0.150098 0.470967 0.795089 0.284261 0.476200 0.183807 0.177880 0.246752 0.021912 0.154280 0.022820 0.001987 0.016364 0.001641 0.000349 0.002958 0.691267 0.686419 0.025964
0.562034 0.114933 0.181303 0.487827 0.797223 0.273000 0.461121 0.210231 0.178796 0.273554 0.030433 0.182731 0.031084 0.003109 0.021179 0.042864 0.001619 0.023538 0.688755 0.684353 0.028051
0.541527 0.157492 0.160953 0.491863 0.797841 0.273930 0.504199 0.272801 0.203073 0.249813 0.038580 0.130548 0.025599 0.070280 0.037974 0.020284 0.018653 0.033414 0.675990 0.683124 0.103990
0.811705 0.528147 0.519098 0.514109 0.793044 0.297438 0.809721 0.871075 0.548338 0.516188 0.213021 0.570715 0.194945 0.164628 0.149662 0.320821 0.221826 0.499715 0.570938 0.664008 0.823650
0.320819 0.157097 0.123967 0.199890 0.835203 0.418669 0.298852 0.263965 0.128307 0.188443 0.034550 0.142657 0.028491 0.004687 0.023862 0.068466 0.008124 0.075570 0.507916 0.510868 0.021424
0.276793 0.136368 0.099320 0.183404 0.832634 0.437268 0.276693 0.217954 0.111148 0.148015 0.023222 0.110750 0.014277 0.002996 0.012876 0.012156 0.001407 0.010092 0.502586 0.498951 0.026756
0.312287 0.143827 0.102148 0.139594 0.803112 0.439381 0.323531 0.243164 0.067396 0.149690 0.026604 0.112467 0.013431 0.002260 0.010956 0.007346 0.000842 -0.000380 0.497994 0.495730 0.011605
0.274517 0.129436 0.082063 0.173028 0.818725 0.449048 0.348043 0.245280 0.089833 0.142649 0.025949 0.112788 0.013196 0.004065 0.012332 0.010826 0.006660 0.014161 0.493731 0.491870 0.004996
0.322064 0.141170 0.107034 0.137319 0.806268 0.448467 0.317654 0.228704 0.094696 0.141489 0.026852 0.101112 0.013010 0.002434 0.009809 0.007096 0.000671 0.007504 0.490720 0.487058 0.001895
0.322678 0.135097 0.103788 0.162057 0.815113 0.448894 0.337519 0.248609 0.061061 0.153537 0.024584 0.111305 0.013281 0.002225 0.011426 0.002566 0.001936 0.007019 0.488705 0.485083 0.015291
0.336978 0.130627 0.113647 0.127515 0.801600 0.453196 0.331258 0.253898 0.096342 0.144786 0.026646 0.111849 0.014304 0.002094 0.011377 0.002444 -0.000131 0.008100 0.485458 0.485353 0.019895
0.298767 0.133739 0.104754 0.123357 0.799195 0.452778 0.324559 0.242341 0.070674 0.159578 0.024589 0.113063 0.015217 0.002360 0.012569 0.008151 0.003157 0.003423 0.484382 0.481468 0.014680
0.318271 0.142464 0.116949 0.124708 0.801750 0.447606 0.342720 0.227095 0.093848 0.151310 0.027411 0.109865 0.014405 0.002403 0.011149 -0.001114 0.002624 0.008234 0.482388 0.478798 0.010955
0.324476 0.140026 0.120242 0.168986 0.835815 0.480020 0.331418 0.230119 0.110658 0.178170 0.028299 0.131685 0.015854 0.002856 0.013670 -0.000166 0.001608 0.001548 0.478055 0.474589 0.019798
0.305396 0.121764 0.109520 0.143702 0.812957 0.463685 0.293131 0.214910 0.095488 0.156455 0.023106 0.114602 0.013519 0.002363 0.010741 0.002882 0.001697 0.003563 0.474946 0.472334 0.012559
0.317685 0.143816 0.125186 0.099684 0.792829 0.465292 0.316234 0.265588 0.107351 0.171294 0.033347 0.120277 0.016721 0.005663 0.012716 0.006044 0.003583 0.008343 0.472656 0.471259 0.024456
0.269399 0.150336 0.119093 0.094043 0.796416 0.460773 0.318348 0.266848 0.087220 0.162347 0.028664 0.125697 0.014718 0.002882 0.012975 0.004780 0.000901 0.009362 0.471673 0.468884 0.017912
0.290232 0.139686 0.114643 0.090252 0.792462 0.470690 0.317612 0.227857 0.105265 0.158940 0.029820 0.119996 0.014587 0.002487 0.011670 0.007828 0.001495 0.004686 0.471685 0.467925 0.010455
0.306910 0.143886 0.120961 0.087566 0.775813 0.447764 0.320152 0.232542 0.073504 0.145644 0.027552 0.106772 0.012381 0.002463 0.011001 -0.000810 0.000358 0.004554 0.470497 0.467553 0.016118
0.270108 0.151047 0.130688 0.116853 0.798496 0.465256 0.293970 0.229188 0.114475 0.142694 0.029991 0.103420 0.013248 0.002603 0.011044 0.004619 0.002686 0.005757 0.470037 0.466761 0.017911
0.280598 0.155249 0.139308 0.118545 0.796526 0.465659 0.307908 0.259614 0.112132 0.163139 0.030750 0.117440 0.016881 0.002984 0.012707 0.012787 0.002009 0.014364 0.468326 0.464305 0.014588
0.276353 0.143450 0.121847 0.106093 0.791132 0.461246 0.280819 0.217374 0.104597 0.146513 0.026737 0.112585 0.013085 0.002237 0.010709 0.005903 0.000008 0.006924 0.467689 0.465071 0.019390
0.318503 0.160339 0.125397 0.130124 0.806541 0.473729 0.320360 0.246454 0.116533 0.152742 0.028815 0.106357 0.013696 0.003095 0.009777 0.005948 0.001620 0.001152 0.465928 0.462831 0.008751
0.297700 0.164542 0.121536 0.112851 0.806385 0.480959 0.297273 0.238103 0.111069 0.164883 0.032674 0.126630 0.014555 0.002836 0.013109 0.000794 0.001288 0.007333 0.467164 0.463431 0.007443
0.369728 0.221698 0.173494 0.134228 0.811248 0.470481 0.407672 0.372768 0.141063 0.152220 0.034988 0.116980 0.047612 0.046269 0.032386 0.013637 0.004359 0.016941 0.466202 0.462286 0.023000
0.230365 0.159603 0.090235 0.090603 0.825312 0.481255 0.274466 0.263904 0.089650 0.174924 0.033936 0.137596 0.017659 0.002955 0.014485 0.013244 0.003003 0.014072 0.461212 0.459290 0.016434
0.285328 0.169909 0.111776 0.042554 0.805017 0.471606 0.306829 0.265867 0.117209 0.164829 0.037025 0.124546 0.014277 0.003072 0.012016 0.003448 0.000834 0.004097 0.463900 0.460544 0.017241
0.237886 0.159147 0.109046 0.069550 0.808128 0.465665 0.304219 0.278180 0.116218 0.154521 0.032284 0.108162 0.014884 0.003315 0.012270 0.005488 0.001129 0.010359 0.461939 0.460289 -0.002496
0.300814 0.169086 0.126208 0.098992 0.821066 0.473671 0.312742 0.269877 0.106664 0.157179 0.036262 0.122079 0.014695 0.003110 0.012928 0.008037 0.002028 0.006523 0.464073 0.459922 0.011980
0.300645 0.174147 0.119009 0.061619 0.806764 0.475683 0.347605 0.263905 0.120927 0.163985 0.036630 0.124024 0.014590 0.003290 0.012106 0.004440 0.001988 0.001820 0.460762 0.457892 0.021428
0.315495 0.171871 0.134608 0.064572 0.804589 0.479306 0.326895 0.286902 0.135892 0.160877 0.033029 0.101343 0.015157 0.003081 0.013063 0.016063 0.000841 0.012789 0.458943 0.455599 0.007331
0.318729 0.183697 0.136841 0.076757 0.804814 0.464634 0.324651 0.293720 0.124802 0.197709 0.044090 0.151725 0.019252 0.004016 0.016647 0.012539 0.004202 0.015541 0.459642 0.458869 0.022578
0.316509 0.204995 0.148680 0.069112 0.809298 0.469026 0.332656 0.324898 0.108576 0.169326 0.041397 0.122836 0.016287 0.003717 0.013233 0.010290 0.002574 0.014337 0.459937 0.456407 0.010678
0.301504 0.182626 0.127768 0.080504 0.819480 0.481952 0.329701 0.310901 0.117853 0.162122 0.037373 0.121880 0.014356 0.003075 0.011873 0.003793 0.000669 0.000659 0.458693 0.455543 0.023652
0.301126 0.156398 0.144953 0.122664 0.854552 0.504792 0.334703 0.273634 0.142055 0.151603 0.033486 0.106897 0.014087 0.003543 0.010624 0.012327 0.006288 0.006805 0.458640 0.455343 0.023633
0.288558 0.170250 0.131014 0.056675 0.801219 0.474804 0.284944 0.278134 0.132443 0.207349 0.041195 0.161208 0.020966 0.004706 0.019551 0.015446 0.004797 0.024390 0.456475 0.455959 0.024399
0.296202 0.182729 0.166803 0.091441 0.849019 0.508194 0.312813 0.278513 0.167421 0.178408 0.037792 0.128808 0.016562 0.003223 0.013529 0.003934 0.001111 0.008048 0.457600 0.454736 0.006209
0.292523 0.178150 0.119449 0.090725 0.821673 0.477681 0.299735 0.278411 0.116368 0.164551 0.035669 0.123914 0.015472 0.003779 0.012099 0.006692 0.002738 0.006760 0.456435 0.453382 0.019181
0.277339 0.170051 0.112150 0.081744 0.815332 0.486728 0.263885 0.248072 0.096589 0.167775 0.033082 0.117168 0.017201 0.003315 0.013372 0.000848 0.001536 0.002337 0.456074 0.454019 0.031616
0.283789 0.157097 0.119593 0.055522 0.805492 0.480042 0.289434 0.260615 0.115325 0.170111 0.033043 0.120719 0.016326 0.003068 0.013047 0.006598 0.002604 0.008705 0.456250 0.452005 0.008962
0.298270 0.173340 0.123100 0.074179 0.821976 0.491502 0.311499 0.266364 0.118283 0.182713 0.038839 0.127772 0.015800 0.003710 0.012306 0.004695 0.001174 0.000875 0.455067 0.452074 0.011677
0.303057 0.160162 0.136758 0.056488 0.799047 0.472987 0.306924 0.230188 0.127498 0.164094 0.032708 0.129536 0.016251 0.003151 0.012390 0.006086 0.000850 0.002767 0.454670 0.451891 0.020947
0.309178 0.184661 0.175701 0.058311 0.804299 0.472822 0.343131 0.295911 0.172604 0.192578 0.047535 0.139812 0.018501 0.011718 0.015842 0.013141 0.012128 0.020161 0.450144 0.448069 0.044990
0.242849 0.155373 0.088636 0.039266 0.793613 0.488177 0.267430 0.234927 0.114998 0.192211 0.035333 0.126998 0.017992 0.003216 0.015100 0.001433 0.001317 0.003762 0.447606 0.444395 0.015524
0.258261 0.173707 0.100968 0.041473 0.798723 0.472118 0.266216 0.264027 0.096296 0.197996 0.036480 0.143073 0.016886 0.003113 0.014029 0.001127 0.000956 0.006665 0.446620 0.443495 0.018107
0.263872 0.152920 0.115091 0.048635 0.814762 0.499174 0.288968 0.218845 0.121849 0.179432 0.033383 0.127367 0.016171 0.003025 0.013078 0.001457 -0.000066 0.006013 0.445696 0.443857 0.016065
0.304293 0.178773 0.132082 0.061733 0.803403 0.480737 0.280080 0.250542 0.137545 0.179690 0.037732 0.127668 0.016523 0.002990 0.013332 0.005859 -0.000054 0.003788 0.445822 0.445168 0.017279
0.280894 0.166670 0.124880 0.040545 0.793996 0.489316 0.315245 0.254161 0.125990 0.172917 0.032556 0.124250 0.016459 0.002955 0.012051 0.005146 0.002444 0.004384 0.444180 0.442541 0.025265
0.273322 0.169290 0.118721 -0.000757 0.779661 0.480382 0.306736 0.239222 0.124000 0.174043 0.033811 0.127339 0.015280 0.002950 0.011906 0.006072 0.000578 -0.000142 0.444187 0.440121 0.002359
0.306389 0.184135 0.154335 0.049814 0.810572 0.500112 0.343179 0.264179 0.154961 0.168286 0.037059 0.119415 0.180391 0.146503 0.100462 0.004573 0.001978 0.006104 0.445076 0.440769 0.010319
0.808113 1.147734 0.924219 0.979664 0.986043 0.484952 0.960148 1.524881 1.012295 1.219517 1.026008 1.431461 1.127274 0.982565 0.954099 1.385996 1.235088 1.715296 0.266322 0.293877 0.095924
0.011675 0.248784 0.092426 -0.019230 0.653152 0.631496 0.022006 0.383446 0.079047 0.030854 0.073609 0.074085 0.219942 0.139654 0.172314 0.003790 0.001473 0.004483 0.251801 0.251324 0.022468
0.094336 0.383624 0.373355 -0.341203 0.812968 0.608488 0.084314 0.598353 0.446303 0.182109 0.095218 0.105473 0.414912 0.478030 0.571480 0.116071 0.073923 0.012294 0.552514 0.549661 0.025935
-0.029256 0.236654 0.231127 0.023049 0.884920 0.398960 -0.042749 0.349953 0.218638 0.098357 0.037699 0.097871 0.009542 0.003549 0.009540 0.004815 0.002506 0.006914 0.551872 0.547924 0.009799
-0.009250 0.237485 0.240269 0.040243 0.898827 0.410996 -0.013885 0.350835 0.254900 0.073129 0.037933 0.087245 0.007249 0.003213 0.008819 0.007854 0.000397 0.006298 0.549005 0.544847 0.015261
-0.026784 0.241917 0.242918 0.048318 0.903531 0.403421 -0.003753 0.380477 0.250966 0.078000 0.039882 0.088348 0.007472 0.003809 0.009236 0.006513 0.002365 0.003907 0.548023 0.543681 0.011235
-0.053713 0.234658 0.238278 0.047616 0.901277 0.404915 -0.024776 0.359769 0.232631 0.076681 0.041019 0.090938 0.007196 0.003933 0.010188 0.007329 0.002746 0.005996 0.545972 0.540987 0.012536
-0.019446 0.252897 0.238625 0.024266 0.893742 0.397041 -0.029124 0.367189 0.220095 0.080208 0.039018 0.097422 0.007553 0.003884 0.009821 0.002483 0.001432 0.003515 0.544584 0.541457 0.010432
-0.041465 0.248498 0.234644 0.017427 0.884059 0.398335 -0.029100 0.351460 0.219016 0.071290 0.039681 0.093245 0.009472 0.003390 0.011068 0.017590 0.000911 0.014268 0.540385 0.537565 0.009469
-0.029077 0.244536 0.235955 0.008966 0.878522 0.411647 -0.047988 0.365481 0.216666 0.076931 0.038217 0.086886 0.006870 0.003061 0.008873 0.008016 -0.000460 0.006923 0.540946 0.536395 0.009721
-0.039441 0.241478 0.216521 0.014191 0.881111 0.402187 -0.029122 0.364553 0.192023 0.081956 0.038002 0.088435 0.006575 0.003598 0.008168 -0.000435 0.001444 0.004452 0.538912 0.534042 0.001696
-0.056255 0.233900 0.229164 0.012025 0.892232 0.411359 -0.036591 0.342461 0.181098 0.075505 0.037644 0.094273 0.006402 0.003265 0.008469 0.001760 0.001854 0.000600 0.539007 0.533673 0.003896
-0.025593 0.238914 0.224483 0.015328 0.888903 0.402734 -0.037556 0.390401 0.228398 0.062207 0.036445 0.076837 0.007681 0.003522 0.009340 0.002103 0.000933 0.006512 0.538266 0.532990 0.002438
-0.034683 0.242135 0.231932 0.002358 0.886454 0.405481 -0.049806 0.386220 0.224805 0.078690 0.038459 0.089249 0.006525 0.005317 0.009482 0.001681 0.003269 0.001448 0.536668 0.532332 0.014198
-0.023950 0.223616 0.214667 0.003543 0.884498 0.411725 -0.049593 0.309122 0.213414 0.067706 0.034066 0.077805 0.008384 0.003271 0.008637 0.007053 0.000492 0.004317 0.534433 0.529132 0.007300
-0.022112 0.254284 0.242811 0.000580 0.882856 0.412027 -0.047465 0.389656 0.224346 0.071078 0.041235 0.080373 0.006120 0.003390 0.008260 0.003746 0.000369 0.004329 0.533781 0.528420 0.006424
-0.028995 0.254505 0.244383 -0.019439 0.861300 0.401461 -0.032943 0.377936 0.255695 0.071031 0.038793 0.085475 0.007982 0.003482 0.008410 0.013561 0.000144 0.005039 0.532706 0.528102 0.005126
-0.022864 0.253122 0.222475 0.019401 0.875557 0.417851 -0.043730 0.383893 0.231977 0.057828 0.038466 0.073014 0.005598 0.003464 0.007265 0.004408 0.000953 0.005034 0.532264 0.526618 0.003828
-0.040669 0.232480 0.214763 -0.009695 0.880718 0.416192 -0.029944 0.406704 0.205711 0.075021 0.036449 0.085339 0.010105 0.003217 0.011492 0.009853 0.001252 0.004530 0.530363 0.527271 0.002084
-0.032930 0.246436 0.222895 -0.004189 0.873453 0.411880 -0.041261 0.397210 0.220583 0.074932 0.039422 0.083087 0.007434 0.003826 0.009211 0.006785 0.002729 0.009204 0.529680 0.526151 0.010078
-0.035556 0.208815 0.218094 -0.009498 0.876754 0.418560 -0.028354 0.335228 0.234325 0.060610 0.033781 0.076021 0.005573 0.003860 0.008467 0.002254 0.002050 0.004197 0.529253 0.524942 0.006816
-0.020509 0.226900 0.219638 -0.021582 0.880853 0.416526 -0.034670 0.369518 0.231358 0.066032 0.034311 0.085924 0.009469 0.005346 0.009963 0.006314 0.012966 0.005856 0.523950 0.523299 0.011972
1.015102 1.992880 2.273941 -0.010454 0.882804 0.423200 1.271058 4.554009 4.037934 1.917837 1.567589 4.608693 0.594683 0.605047 1.673012 1.729960 1.228006 4.691979 0.607205 1.359374 1.703739
0.161590 0.477563 0.459472 0.203584 0.819794 0.395968 0.247487 0.636625 0.319662 0.017565 0.063228 0.099023 0.313770 0.595550 0.806676 0.043882 0.072503 0.091104 0.566297 0.780343 0.145545
-0.019304 0.140475 0.022948 0.188337 0.859911 0.392533 -0.023179 0.218198 0.003469 -0.006545 0.016234 0.022148 -0.000557 0.001367 0.002938 0.001216 0.000949 0.001058 0.560108 0.557287 0.010544
-0.016524 0.154778 0.040260 0.154803 0.844412 0.391176 -0.006189 0.268837 0.021008 -0.007563 0.017037 0.020555 0.000371 0.001915 0.003154 0.000434 0.001551 0.007373 0.555423 0.550515 0.008577
-0.003047 0.179258 0.048466 0.175049 0.853352 0.405090 0.012649 0.298483 0.027156 0.002903 0.024548 0.027000 0.000044 0.002553 0.003361 0.001631 0.000535 0.002902 0.554081 0.548366 -0.000782
0.008105 0.178049 0.056261 0.159711 0.827964 0.392889 0.013958 0.276713 0.034262 0.004356 0.023623 0.022705 0.000318 0.002271 0.002110 0.002802 0.000686 0.002998 0.552480 0.547558 0.005476
-0.006066 0.176718 0.038757 0.187173 0.858377 0.404818 0.027256 0.319289 0.007706 -0.004386 0.019494 0.022141 -0.000278 0.002403 0.002675 0.003474 0.000709 0.002562 0.552017 0.545987 0.000146
0.010667 0.168904 0.040076 0.165542 0.846860 0.393376 0.006971 0.283647 0.016347 0.003159 0.020289 0.017794 -0.000220 0.001835 0.002141 0.000291 0.000529 0.000446 0.549971 0.544497 0.005986
0.052006 0.195239 0.062770 0.172813 0.846815 0.409604 0.051397 0.329288 0.033938 0.004161 0.025414 0.018183 0.003192 0.003203 0.005812 0.003741 -0.000080 0.005253 0.548910 0.543565 0.006494
0.086848 0.299712 0.079154 0.172669 0.849130 0.415258 0.119567 0.503417 0.078083 0.010340 0.035690 0.022149 0.004567 0.009560 0.002891 0.002219 0.007060 0.001924 0.545694 0.540185 0.000368
0.120634 0.237404 0.138284 0.144604 0.830183 0.406907 0.134679 0.396525 0.175604 0.022356 0.040587 0.041090 0.005650 0.009016 0.007938 0.015791 0.013089 0.026934 0.538828 0.538744 0.047335
0.193375 0.380098 0.235325 0.156697 0.835137 0.416569 0.266970 0.659703 0.303173 0.019530 0.063602 0.039190 0.041603 0.043471 0.069056 0.002042 0.014405 0.011193 0.492173 0.511812 0.009593
0.005660 0.206675 0.039442 0.143614 0.819194 0.458296 0.028922 0.321896 0.006163 0.002568 0.031348 0.025855 -0.000047 0.002803 0.002669 0.001560 0.001225 0.000801 0.488285 0.484194 0.005817
0.016342 0.218095 0.055100 0.111712 0.804596 0.450989 0.035205 0.349654 0.025379 0.003254 0.035102 0.030127 0.000370 0.003194 0.002602 0.000938 0.000894 0.000531 0.484381 0.480188 0.001663
-0.025877 0.193770 0.019474 0.134188 0.815250 0.465384 -0.016937 0.300340 0.014698 -0.008690 0.029658 0.024864 -0.001139 0.003066 0.003823 -0.000622 -0.000073 0.000538 0.481712 0.477379 0.005267
0.019348 0.201135 0.025507 0.131717 0.817626 0.464758 -0.006480 0.322903 0.009422 -0.004387 0.030383 0.028387 0.001223 0.003540 0.002410 0.000119 0.002058 0.000743 0.479970 0.475232 0.005520
0.212808 0.332953 0.148444 0.117463 0.804133 0.456785 0.273244 0.519883 0.180550 0.025773 0.086403 0.053965 0.021126 0.015911 0.013583 0.012588 0.043317 0.037249 0.477971 0.474404 0.006996
0.096882 0.281736 0.110849 0.085620 0.779155 0.476568 0.128144 0.447983 0.138112 0.028476 0.056551 0.025357 0.008861 0.009203 0.004669 0.019497 0.018916 0.010823 0.461553 0.456497 0.001800
0.478055 0.521036 0.498727 0.096843 0.778967 0.473830 0.596021 0.931256 0.708945 0.104640 0.113269 0.073746 1.413078 0.472753 1.866415 0.092227 0.041263 0.063200 0.753667 1.618161 6.412626
2.290759 2.295710 2.132809 1.253618 0.522824 0.449261 2.864184 4.621219 3.283282 5.229833 3.563180 3.792611 1.681371 3.923478 1.024716 5.376809 3.616337 3.166012 0.378786 1.585065 7.263788
2.747768 3.663114 3.689389 -0.014979 0.436231 0.837933 4.679291 9.369048 8.271579 1.449348 1.771245 1.072513 1.659911 0.975949 0.418165 1.160915 1.636789 0.905433 0.039124 0.260402 1.229764
2.273387 3.285321 2.876279 0.824456 -0.067287 0.650206 3.366510 7.842900 5.783185 1.105111 1.599827 0.858081 1.262398 0.327848 0.462919 0.554705 0.930400 0.494420 0.108700 0.249191 2.066415
4.500554 6.903952 6.383436 0.977421 6.038096 3.497129 6.887050 15.938843 13.106908 8.530453 10.187864 8.671386 1.436662 1.802361 1.729886 4.216990 6.021308 5.465286 0.254696 1.855002 10.920122
0.084357 0.601796 0.426528 -0.279680 0.060042 1.029177 0.104471 1.121862 0.542216 0.341167 1.410221 0.222198 1.005951 0.618296 0.419340 0.364097 1.803616 0.252388 -0.453324 -0.430833 0.212485
8.729977 8.790331 9.739291 1.292559 1.207920 0.696363 9.911833 17.428534 14.229943 14.777750 10.214928 12.872681 5.543344 1.851455 1.664846 7.057806 5.710242 3.261766 0.797720 1.301703 3.839782
13.125442 13.080913 10.065154 1.190508 1.868829 0.988253 15.114254 27.010370 16.921671 53.253989 13.221685 14.382181 6.642305 2.386281 2.040003 13.959610 4.955697 5.185201 0.632687 1.590568 6.193357
21.723028 20.504688 17.593484 3.325631 4.515222 1.462341 24.654420 38.022260 26.939979 25.820929 33.925398 21.090810 3.179412 4.835594 3.769486 4.570512 12.334141 8.301598 0.852885 1.978962 11.545265
8.042137 9.518199 10.372119 0.288894 1.608675 1.774148 9.998701 20.645916 18.865065 17.277213 23.695076 9.405571 8.675911 4.529804 2.260879 10.421236 14.774229 7.778448 0.336140 1.795481 3.293707
22.042353 24.134386 23.910676 3.384573 5.141980 1.640999 23.982572 45.573265 35.552587 40.321129 25.322699 20.069661 6.482905 3.878995 4.171842 14.628583 3.582320 4.256011 1.507492 2.083876 5.882344
19.244627 18.990225 15.311736 2.397733 2.850145 2.856877 20.421067 34.326582 22.998686 30.294573 19.406064 16.965171 4.489406 3.440326 3.215639 7.093888 4.502855 2.624868 1.087195 1.321031 2.587541
0.726202 0.190819 0.349717 0.809944 0.194528 0.577399 0.503373 0.341009 0.387281 0.196220 0.054424 0.068673 0.020027 0.009675 0.010834 0.008691 0.013281 0.002962 0.328226 0.326338 0.017007
0.849088 0.338206 0.523646 0.828471 0.207550 0.588933 0.801216 0.539277 0.659817 0.342878 0.161528 0.196496 0.182244 0.126896 0.148069 0.192149 0.177250 0.163376 0.400623 0.398477 0.014050
0.665806 0.128489 0.322300 0.839142 0.268367 0.520795 0.581998 0.227373 0.394400 0.204285 0.039924 0.080327 0.023290 0.008178 0.010868 0.002140 0.003824 0.004856 0.403194 0.399228 0.005364
0.916429 0.409193 0.586761 0.813397 0.949182 0.726988 0.817939 0.441427 0.720974 0.178916 0.029273 0.072846 0.721635 1.009388 1.565773 0.010706 0.004200 0.007697 0.404379 0.889228 0.003643
0.636601 0.195238 0.259921 0.952922 1.527665 0.658247 0.449519 0.369758 0.337364 0.179521 0.088579 0.067611 0.134449 0.506567 0.168031 0.011362 0.005472 0.004860 0.115975 0.115111 0.003411
