1.109648 0.351648 0.327905 0.684941 0.215624 0.183111 0.125000 0.125000 16.023549 0.271599 0.423298
1.126088 0.359640 0.345841 0.692375 0.136502 0.073492 0.000000 0.000000 13.984124 0.233623 0.423298
1.117093 0.339883 0.336229 0.642358 0.066764 0.025840 0.000000 0.375000 11.666361 0.190464 0.509947
1.093092 0.364658 0.357973 0.618775 0.323738 0.087130 1.375000 0.625000 18.749545 0.322360 0.423212
1.080235 0.320916 0.355383 0.630148 0.090007 0.156761 0.625000 0.625000 10.853163 0.175321 0.165763
1.053036 0.343474 0.329496 0.626779 0.064103 0.137424 0.500000 0.500000 7.066568 0.104811 0.165763
1.081251 0.372887 0.361385 0.651706 0.102645 0.142186 0.625000 0.625000 9.588034 0.151763 0.165763
1.086206 0.373689 0.353199 0.655460 0.048942 0.134000 0.375000 0.625000 10.922052 0.176604 -0.093063
1.080316 0.404550 0.399877 0.664434 0.096791 0.095053 0.500000 0.125000 15.028669 0.253073 -0.179338
1.063419 0.520928 0.487484 0.702620 0.340959 0.168995 0.750000 0.125000 24.934121 0.437522 -0.351889
1.046824 0.534748 0.518908 0.749216 0.357208 0.262600 0.000000 0.125000 26.777957 0.471856 -0.351889
1.010189 0.598565 0.553333 0.749216 0.330043 0.335715 0.000000 0.000000 23.101125 0.403390 -0.351372
1.016842 0.709693 0.648515 0.816156 0.509034 0.291405 0.250000 0.250000 26.972036 0.475470 -0.351372
1.105668 0.604148 0.552181 0.778990 0.337620 0.295079 0.750000 0.250000 19.605917 0.338306 -0.351372
1.083901 0.523793 0.470659 0.741196 0.226001 0.308147 0.625000 0.375000 20.723523 0.359117 -0.351061
1.101692 0.499399 0.444758 0.703361 0.184195 0.248022 0.125000 0.500000 18.451835 0.316816 -0.351061
1.067586 0.443612 0.389662 0.678268 0.256878 0.281557 0.125000 0.375000 17.602142 0.300994 -0.264924
1.090095 0.359390 0.307597 0.650542 0.169303 0.235572 0.625000 0.000000 15.015098 0.252821 -0.247531
1.060727 0.352933 0.282448 0.659728 0.119268 0.221157 0.500000 0.000000 14.418629 0.241714 -0.221441
1.074463 0.265475 0.229374 0.619338 0.108353 0.071862 0.625000 0.000000 8.900093 0.138953 -0.221441
1.064672 0.232829 0.190641 0.600912 0.027289 0.082054 0.625000 0.625000 5.563653 0.076826 -0.177959
1.053101 0.165467 0.129668 0.517042 0.032019 0.066687 0.625000 0.625000 4.421106 0.055550 -0.092028
1.075075 0.131157 0.094991 0.440851 0.023914 0.058473 0.500000 0.250000 3.872650 0.045337 -0.006098
1.058007 0.124807 0.086460 0.433072 0.019338 0.048052 0.500000 0.250000 3.113836 0.031208 0.037471
1.039064 0.191092 0.141278 0.550483 0.028519 0.073737 0.500000 0.375000 3.964146 0.047041 0.036954
1.030426 0.199475 0.148276 0.553132 0.068871 0.085302 0.500000 0.500000 5.296100 0.071843 0.036954
1.034107 0.261282 0.203733 0.617192 0.077059 0.102318 0.375000 0.125000 5.285826 0.071652 -0.005983
1.026198 0.273305 0.220341 0.603200 0.060235 0.097451 0.500000 0.125000 4.778314 0.062202 -0.005983
1.041984 0.269439 0.225329 0.573774 0.038387 0.125204 0.500000 0.125000 5.369064 0.073202 -0.091942
1.026231 0.331785 0.266831 0.624410 0.043845 0.147076 0.000000 0.125000 6.668610 0.097401 -0.040401
1.019348 0.360733 0.303293 0.631465 0.096319 0.151866 0.500000 0.250000 8.009515 0.122370 0.080695
1.018736 0.351002 0.300446 0.622944 0.130244 0.154515 0.500000 0.375000 9.871125 0.157035 0.080695
1.023616 0.327934 0.291698 0.622022 0.125130 0.157423 0.625000 0.500000 12.108838 0.198703 -0.005235
1.025750 0.345909 0.306510 0.675166 0.132510 0.156503 1.000000 0.500000 12.738842 0.210434 -0.039918
1.032326 0.346676 0.308268 0.679639 0.188594 0.154229 0.000000 0.625000 11.685371 0.190818 0.038075
1.026393 0.330416 0.300483 0.670256 0.264810 0.149042 0.000000 0.125000 11.665952 0.190456 0.064095
1.010688 0.308480 0.291449 0.674715 0.236723 0.119051 0.000000 0.125000 9.919287 0.157932 0.167775
0.976811 0.372918 0.332309 0.726194 0.076010 0.131014 0.000000 0.125000 7.527466 0.113394 0.167833
0.944281 0.405700 0.352876 0.743467 0.034891 0.144541 0.000000 0.500000 7.141069 0.106199 0.254108
0.957163 0.409406 0.355313 0.759389 0.050842 0.210468 0.500000 0.625000 8.287975 0.127555 0.254510
0.930194 0.400256 0.347653 0.743467 0.069371 0.276189 1.125000 1.125000 9.788443 0.155495 0.254510
0.898992 0.421580 0.379580 0.762873 0.090192 0.279174 0.000000 0.375000 10.789925 0.174144 0.316177
0.878237 0.441502 0.379050 0.778890 0.149197 0.197706 0.125000 0.250000 11.287919 0.183417 0.467348
0.903834 0.469783 0.443921 0.764732 0.269433 0.194043 0.875000 0.375000 15.459245 0.261091 0.494701
0.887944 0.477954 0.449327 0.753315 0.283157 0.237907 0.500000 0.500000 15.956629 0.270353 0.515976
0.857097 0.523258 0.466992 0.770225 0.397774 0.294623 0.500000 0.375000 19.963232 0.344960 0.573532
0.848503 0.475473 0.421085 0.745811 0.289846 0.236634 0.125000 0.000000 14.472785 0.242722 0.573532
0.844729 0.442264 0.392226 0.755078 0.241073 0.203587 0.000000 0.750000 12.675769 0.209260 0.631087
0.850115 0.425748 0.378237 0.758534 0.202573 0.212286 0.125000 0.625000 12.953799 0.214437 0.636596
0.836296 0.411590 0.363829 0.737168 0.173349 0.236213 0.125000 0.500000 13.755593 0.229367 0.688395
0.824782 0.382227 0.327020 0.719249 0.119320 0.197657 0.875000 0.625000 10.175909 0.162710 0.636837
0.834134 0.367376 0.298489 0.728592 0.080389 0.153752 0.250000 0.750000 7.329970 0.109716 0.585038
0.804170 0.399691 0.319371 0.731827 0.072068 0.158730 0.375000 0.250000 7.757550 0.117678 0.571333
0.808245 0.307140 0.257864 0.701559 0.097525 0.108958 0.375000 0.625000 6.886476 0.101458 0.556978
0.828398 0.342635 0.278147 0.722720 0.113830 0.104481 0.000000 0.500000 7.529393 0.113429 0.492530
0.805493 0.283464 0.254552 0.696628 0.077961 0.120163 0.250000 0.375000 6.825224 0.100317 0.492530
0.815173 0.335719 0.293889 0.709101 0.039902 0.158095 0.250000 0.500000 7.523621 0.113322 0.492876
0.798473 0.302738 0.263711 0.671356 0.072060 0.185535 0.750000 0.375000 8.383660 0.129337 0.492876
0.795885 0.307142 0.263228 0.664951 0.097556 0.178863 0.625000 0.375000 10.140648 0.162054 0.460824
0.792698 0.311213 0.264569 0.661603 0.116553 0.182461 0.625000 0.250000 10.667891 0.171871 0.460824
0.824560 0.346040 0.296185 0.704106 0.129614 0.204548 0.125000 0.125000 9.953102 0.158561 0.525617
0.819702 0.323577 0.287033 0.688401 0.146541 0.193981 0.250000 0.000000 10.191968 0.163009 0.590367
0.814801 0.301466 0.275328 0.655948 0.140181 0.165351 0.750000 0.000000 10.159475 0.162404 0.601319
0.797059 0.308131 0.274235 0.614316 0.108756 0.161555 0.625000 0.250000 9.249299 0.145456 0.601319
0.796904 0.329508 0.289060 0.639827 0.086870 0.151613 0.500000 0.250000 8.233617 0.126543 0.601051
0.771155 0.360263 0.315688 0.665643 0.124355 0.187195 0.000000 1.000000 10.406754 0.167009 0.543764
0.770689 0.373637 0.318808 0.711529 0.174457 0.163041 0.000000 0.000000 10.554660 0.169763 0.525617
0.799930 0.368637 0.327899 0.707585 0.182911 0.129133 0.125000 0.000000 8.773684 0.136599 0.396377
0.849066 0.333435 0.302904 0.688401 0.118451 0.117549 0.750000 0.125000 6.978766 0.103176 0.299188
0.858590 0.315388 0.283829 0.653913 0.076857 0.145851 0.250000 0.125000 7.620375 0.115124 0.243904
0.856863 0.302214 0.268855 0.656104 0.078214 0.147868 0.750000 0.000000 8.883795 0.138650 0.169855
0.863901 0.359795 0.307899 0.716200 0.073201 0.149498 0.750000 0.625000 8.662942 0.134537 0.096201
0.870772 0.378641 0.319115 0.762615 0.050649 0.157064 0.875000 0.500000 7.936218 0.121005 0.024582
0.870753 0.366278 0.318744 0.732670 0.028022 0.164096 0.000000 0.625000 8.001525 0.122221 0.042531
0.880721 0.356199 0.306731 0.698935 0.031424 0.140066 0.375000 0.750000 7.505818 0.112990 0.042834
0.891399 0.342899 0.290729 0.688379 0.049040 0.107489 0.750000 0.000000 6.712525 0.098219 0.107626
0.905041 0.340885 0.286307 0.664459 0.105212 0.100881 0.750000 0.000000 7.787634 0.118238 0.107626
0.851967 0.363162 0.310700 0.682649 0.245761 0.102701 0.125000 0.250000 12.687777 0.209484 0.172117
0.822034 0.368012 0.304326 0.680193 0.239532 0.110020 0.125000 0.125000 11.136072 0.180589 0.246383
0.842629 0.361186 0.328920 0.652937 0.187255 0.126956 0.375000 0.750000 8.836970 0.137778 0.246383
0.839448 0.393582 0.369725 0.652937 0.124007 0.178484 0.250000 0.500000 8.815908 0.137386 0.259015
0.814559 0.346005 0.319597 0.616008 0.145145 0.130837 0.375000 0.000000 8.651433 0.134323 0.259015
0.824425 0.431755 0.398899 0.670019 0.162335 0.154559 0.250000 0.250000 11.420606 0.185888 0.256180
0.794904 0.463521 0.428743 0.689840 0.111184 0.225222 0.000000 0.750000 13.865254 0.231409 0.342973
0.800515 0.488800 0.457042 0.723155 0.038144 0.208625 0.250000 0.750000 19.253501 0.331744 0.428903
0.848591 0.526583 0.502994 0.765371 0.033765 0.132328 0.375000 0.750000 20.089889 0.347318 0.515293
0.852179 0.515036 0.491640 0.767301 0.116770 0.151922 0.125000 0.250000 12.944725 0.214268 0.515293
0.903825 0.542439 0.525650 0.774872 0.198077 0.295171 0.875000 0.500000 17.242435 0.294296 0.429306
0.906971 0.557293 0.521925 0.791990 0.291140 0.449884 0.625000 0.250000 23.221628 0.405634 0.392347
0.917667 0.596172 0.570863 0.850744 0.320103 0.506112 0.375000 0.125000 25.328812 0.444872 0.429421
0.929111 0.602020 0.576527 0.869146 0.310065 0.548634 0.875000 0.750000 24.904310 0.436967 0.515850
0.953198 0.609203 0.585347 0.870293 0.245995 0.511785 1.375000 0.625000 21.195504 0.367906 0.559007
0.947718 0.568107 0.565506 0.848997 0.163952 0.423144 0.375000 0.000000 16.805548 0.286160 0.494214
0.912200 0.523932 0.535181 0.811580 0.170210 0.401330 0.375000 0.000000 16.130444 0.273589 0.429421
0.862274 0.406222 0.424297 0.716678 0.230587 0.345844 0.750000 0.000000 16.479976 0.280098 0.429766
0.814585 0.324939 0.357404 0.606421 0.286920 0.351605 0.125000 0.125000 18.150035 0.311196 0.318693
0.789335 0.310498 0.319674 0.637290 0.168629 0.223503 0.625000 0.250000 15.253358 0.257257 0.300181
0.779887 0.297874 0.295602 0.607258 0.114791 0.116758 0.625000 0.250000 11.766706 0.192332 0.364973
0.739274 0.246305 0.214192 0.547930 0.072438 0.030135 0.500000 0.250000 6.663176 0.097300 0.392742
0.755891 0.213824 0.178919 0.535181 0.051885 0.026168 0.500000 0.375000 5.156710 0.069248 0.318693
0.754899 0.198065 0.173072 0.508034 0.052560 0.043202 0.125000 0.125000 4.745021 0.061582 0.096546
0.752055 0.196749 0.156536 0.550391 0.038800 0.061760 0.875000 0.500000 4.189658 0.051240 0.041009
0.776823 0.254999 0.207695 0.578452 0.041735 0.085331 0.125000 0.500000 6.279671 0.090158 0.107929
0.819570 0.301553 0.251492 0.702775 0.051890 0.092526 0.250000 0.500000 5.603022 0.077559 0.098976
0.812012 0.331595 0.279977 0.725369 0.092543 0.092003 0.125000 0.625000 5.609759 0.077684 0.098976
0.775949 0.337060 0.272748 0.690523 0.093091 0.097968 0.125000 0.000000 5.738339 0.080078 0.172721
0.767476 0.356830 0.311663 0.717421 0.139579 0.143954 0.000000 0.000000 8.526608 0.131999 0.172721
0.748008 0.374808 0.342534 0.710180 0.173496 0.142524 0.125000 0.000000 9.527185 0.150630 0.172721
0.712960 0.417986 0.382677 0.755078 0.151495 0.141628 0.125000 0.125000 9.243527 0.145348 0.230079
0.696096 0.405180 0.372665 0.736530 0.183498 0.146958 0.125000 0.125000 10.078884 0.160903 0.287672
0.697932 0.398484 0.371995 0.745934 0.214948 0.209599 0.250000 0.000000 11.716263 0.191393 0.345535
0.683048 0.392939 0.375118 0.751412 0.221845 0.278075 0.375000 0.000000 13.420913 0.223135 0.403129
0.692463 0.400122 0.391522 0.751412 0.263994 0.293591 0.500000 0.000000 16.752219 0.285167 0.458832
0.680279 0.383831 0.376567 0.727048 0.256461 0.263605 0.625000 0.000000 17.056346 0.290831 0.481843
0.668696 0.391331 0.368955 0.724464 0.186873 0.201129 0.750000 0.000000 12.542228 0.206773 0.458832
0.701593 0.402679 0.394556 0.714934 0.220203 0.170705 0.625000 1.000000 11.648628 0.190134 0.343645
0.694411 0.339905 0.336634 0.625798 0.171378 0.178588 0.000000 0.250000 10.740090 0.173216 0.401238
0.702233 0.303554 0.296760 0.596357 0.200920 0.177498 0.125000 0.375000 11.523222 0.187798 0.430069
0.727413 0.285104 0.280944 0.583302 0.224461 0.137943 0.250000 0.375000 11.230359 0.182345 0.430069
0.731476 0.245765 0.238698 0.581325 0.196233 0.067892 0.125000 0.375000 9.771821 0.155186 0.430069
0.723216 0.226091 0.220843 0.534404 0.134550 0.066739 0.375000 0.125000 8.233944 0.126549 0.526955
0.702489 0.209807 0.193750 0.507855 0.090579 0.067220 0.000000 0.125000 6.651803 0.097088 0.591748
0.696433 0.180967 0.176821 0.485404 0.072715 0.072878 0.125000 0.250000 6.065405 0.086169 0.592094
0.692823 0.149282 0.143770 0.476556 0.058231 0.068607 0.250000 0.250000 4.653034 0.059869 0.527301
0.679367 0.141994 0.134851 0.466007 0.053311 0.081742 0.125000 0.375000 4.154223 0.050581 0.545261
0.659532 0.126180 0.105924 0.465183 0.037178 0.070784 1.125000 0.250000 3.941781 0.046625 0.656887
0.664609 0.134049 0.106890 0.493744 0.025528 0.057198 0.375000 0.125000 3.621099 0.040653 0.657233
0.668892 0.142293 0.110648 0.499387 0.021864 0.051442 0.375000 0.125000 3.438010 0.037244 0.660755
0.668521 0.138897 0.106346 0.461357 0.028418 0.057564 0.875000 0.250000 3.408661 0.036697 0.603162
0.689633 0.151407 0.119239 0.446261 0.039076 0.058987 0.250000 0.750000 3.866728 0.045227 0.660755
0.689018 0.153843 0.120526 0.442104 0.039097 0.047037 0.375000 0.750000 3.799772 0.043980 0.624836
0.724028 0.158229 0.144999 0.445454 0.046751 0.049424 0.375000 0.125000 4.084955 0.049291 0.560346
0.742592 0.143061 0.143294 0.403173 0.030411 0.046222 0.000000 0.375000 3.387820 0.036309 0.541581
0.750109 0.130394 0.133755 0.374196 0.029770 0.067553 0.000000 0.750000 3.593556 0.040140 0.603412
0.758330 0.129093 0.140413 0.358339 0.023252 0.081730 0.125000 0.125000 3.764307 0.043320 0.586306
0.749399 0.111913 0.137244 0.271622 0.020600 0.067434 0.125000 0.125000 3.725115 0.042590 0.517021
0.752981 0.107201 0.137467 0.247279 0.029422 0.047514 0.625000 0.125000 4.908796 0.064631 0.430170
0.774095 0.085481 0.113318 0.222083 0.042503 0.046187 1.000000 0.125000 5.422776 0.074202 0.378416
0.864819 0.296048 0.281483 0.507988 0.106312 0.164080 0.375000 0.625000 9.260050 0.145656 0.365666
0.885480 0.299045 0.285049 0.505174 0.091040 0.197765 0.375000 0.625000 8.814631 0.137362 0.365666
0.905066 0.272771 0.260531 0.487250 0.095684 0.158204 0.250000 0.625000 7.732678 0.117215 0.223398
0.905785 0.261702 0.252221 0.462467 0.093831 0.101199 0.250000 0.750000 8.490626 0.131329 0.237203
0.908625 0.270209 0.258612 0.473986 0.082551 0.062920 1.000000 0.750000 10.074345 0.160819 0.106926
0.903676 0.306163 0.284347 0.518057 0.090634 0.050214 0.500000 0.250000 10.851073 0.175282 -0.000688
0.880832 0.319928 0.283945 0.589389 0.074952 0.037384 0.750000 0.625000 7.541005 0.113646 -0.087453
0.899983 0.279652 0.242559 0.527282 0.081869 0.033539 0.125000 0.500000 4.889804 0.064278 -0.022617
0.898828 0.275986 0.243166 0.555786 0.114071 0.059356 0.250000 0.625000 5.646331 0.078365 -0.022617
0.889077 0.267702 0.229841 0.559669 0.124185 0.113358 0.375000 0.250000 7.287892 0.108932 0.119694
0.865501 0.262586 0.231215 0.566916 0.062643 0.187937 0.375000 1.000000 8.359662 0.128890 0.215029
0.820825 0.196108 0.192041 0.479486 0.092869 0.071162 0.000000 0.500000 7.290812 0.108987 0.282730
0.793446 0.179212 0.181111 0.456825 0.062855 0.066871 0.125000 0.500000 6.495520 0.094178 0.387464
0.751802 0.147095 0.150083 0.399289 0.045469 0.053002 0.000000 0.000000 5.924461 0.083544 0.356829
0.751905 0.087072 0.117254 0.280576 0.045845 0.020987 0.875000 0.125000 4.478059 0.056611 0.434054
0.737406 0.063433 0.075346 0.221722 0.036998 0.005270 0.000000 0.125000 3.629695 0.040813 0.434054
0.732205 0.052875 0.074112 0.179167 0.034752 0.006329 0.375000 0.375000 2.533979 0.020410 0.582152
0.687666 0.036573 0.035285 0.152765 0.037448 0.006432 0.750000 0.250000 2.131932 0.012924 0.619201
0.678578 0.031530 0.029314 0.139932 0.046322 0.005720 0.625000 1.250000 2.326748 0.016551 0.627918
0.680704 0.027040 0.023603 0.138431 0.042813 0.005633 0.500000 0.750000 2.321379 0.016451 0.628264
0.680326 0.031438 0.027394 0.151616 0.033819 0.005095 0.250000 1.375000 2.482418 0.019450 0.627918
0.678856 0.032438 0.023276 0.142968 0.025184 0.004873 0.125000 0.500000 2.727791 0.024019 0.563428
0.687001 0.031259 0.020883 0.115354 0.015740 0.006214 0.250000 0.000000 2.463240 0.019093 0.490983
0.724292 0.044242 0.053590 0.153174 0.040527 0.015380 0.500000 0.000000 2.968448 0.028500 0.548615
0.714632 0.017990 0.006060 0.071063 0.021476 -0.000185 0.625000 0.375000 1.829159 0.007286 0.546144
0.716714 0.025974 0.006054 0.098618 0.022078 -0.001384 0.000000 0.125000 1.681190 0.004530 0.560700
0.727681 0.026437 0.004339 0.097781 0.017258 0.000685 0.125000 0.125000 1.483933 0.000857 0.508866
0.733116 0.025089 -0.000269 0.081164 0.013916 0.000840 0.125000 0.000000 1.431224 -0.000124 0.508866
0.740220 0.019162 -0.003944 0.045770 0.013726 -0.000639 0.375000 0.375000 1.459559 0.000403 0.457032
0.740809 0.020988 -0.002340 0.065699 0.013546 -0.000836 0.500000 0.375000 1.429081 -0.000164 0.457032
0.747554 0.017900 -0.001415 0.038958 0.009190 0.000652 0.000000 1.250000 1.331616 -0.001979 0.457032
0.777228 -0.003922 -0.024069 -0.015560 -0.001612 -0.002404 0.000000 1.125000 0.976536 -0.008591 0.508624
0.801008 0.016386 0.009907 0.072905 0.004920 0.004229 0.000000 0.625000 1.438153 0.000005 0.586375
0.769394 -0.007610 -0.024299 -0.009832 -0.000528 0.000577 0.625000 0.375000 1.279967 -0.002941 0.574672
0.768847 -0.006485 -0.020983 -0.002465 -0.001313 0.000614 0.625000 0.375000 1.292372 -0.002710 0.574672
0.775910 0.024341 0.029029 0.103145 0.025662 0.007285 0.375000 0.375000 2.373951 0.017430 0.560043
0.764613 -0.013358 -0.021500 -0.038100 0.008968 0.000135 0.875000 0.500000 1.413446 -0.000455 0.560346
0.770328 -0.012622 -0.021291 -0.031995 0.006269 -0.002305 0.625000 0.500000 1.437428 -0.000009 0.560000
0.804539 0.015814 0.011535 0.062265 0.010939 -0.000604 0.625000 0.750000 2.055078 0.011492 0.624793
0.772618 -0.016839 -0.024072 -0.038100 -0.003349 -0.003667 0.625000 0.250000 1.506443 0.001276 0.559654
0.772405 -0.020495 -0.027371 -0.050847 -0.001343 -0.002546 1.000000 0.375000 1.246557 -0.003563 0.495164
0.770672 -0.024790 -0.029440 -0.092414 -0.001010 0.001187 1.125000 0.500000 1.091089 -0.006458 0.495164
0.774931 -0.024087 -0.032680 -0.093660 -0.001787 0.008219 0.250000 1.000000 1.149882 -0.005363 0.559957
0.771673 -0.025347 -0.030819 -0.102646 0.000392 0.007960 0.500000 0.625000 1.153231 -0.005301 0.574288
0.772820 -0.024743 -0.030383 -0.121019 0.003293 0.001661 1.000000 0.500000 1.079557 -0.006673 0.575520
0.773981 -0.023303 -0.030297 -0.116112 0.000003 -0.002460 0.125000 0.375000 0.935259 -0.009360 0.587971
0.777662 -0.025427 -0.035977 -0.127423 -0.005462 -0.002932 0.000000 0.250000 0.851865 -0.010913 0.639839
0.778391 -0.023799 -0.033515 -0.120522 -0.007088 -0.000273 0.125000 0.125000 0.890686 -0.010190 0.588005
0.773164 -0.025088 -0.036962 -0.138398 -0.003240 0.002801 0.125000 0.000000 1.003899 -0.008082 0.639839
0.772077 -0.028520 -0.035343 -0.144758 0.000525 0.001973 0.250000 0.875000 1.095683 -0.006372 0.691674
0.764726 -0.023255 -0.031856 -0.115600 -0.002120 -0.001802 0.375000 0.750000 1.111237 -0.006083 0.749302
0.763405 -0.021894 -0.030843 -0.104673 -0.004173 -0.004819 0.375000 0.250000 1.023030 -0.007725 0.749610
0.763787 -0.025056 -0.030991 -0.104673 0.000853 -0.006310 0.375000 0.125000 1.012569 -0.007920 0.634422
0.805427 0.010009 0.008829 0.014693 0.011525 0.000407 0.000000 0.375000 1.536330 0.001833 0.634422
0.812117 0.003873 0.008030 -0.004603 0.022822 -0.004298 0.125000 0.500000 1.760696 0.006011 0.633191
0.821017 0.008448 0.015127 0.012779 0.027620 -0.006216 0.375000 0.625000 2.226143 0.014678 0.689898
0.835318 0.011205 0.021641 0.035475 0.028329 -0.001027 0.375000 0.625000 2.570596 0.021092 0.689591
0.873892 0.026029 0.045247 0.088416 0.045981 0.009651 0.375000 1.000000 2.873471 0.026732 0.804778
0.912969 0.005569 0.009152 0.042389 0.007241 0.000183 0.000000 0.500000 1.487535 0.000924 0.804778
0.934723 0.005664 0.001262 0.041758 -0.002409 -0.001658 0.625000 0.625000 1.550286 0.002093 0.805085
0.972895 -0.026183 -0.031971 -0.086425 -0.009471 -0.005072 0.375000 0.625000 1.233375 -0.003808 0.793470
0.979880 -0.027555 -0.032794 -0.094412 -0.007648 0.000854 0.250000 0.500000 1.229975 -0.003872 0.845028
0.989816 -0.021533 -0.037735 -0.062077 -0.004225 0.006472 0.375000 0.000000 1.134004 -0.005659 0.948697
1.021321 0.005922 -0.006338 0.035698 -0.002375 0.011565 1.000000 0.250000 1.326465 -0.002075 1.000531
1.050188 -0.011846 -0.033627 -0.049421 -0.005353 0.000965 1.125000 0.000000 0.968051 -0.008749 1.052676
0.992288 -0.011220 -0.031898 -0.041707 -0.012447 0.000298 0.750000 0.750000 0.743805 -0.012925 1.000531
0.986718 -0.012970 -0.031721 -0.053361 -0.011696 -0.001842 0.375000 0.000000 0.768275 -0.012469 1.052365
0.986385 -0.010542 -0.029607 -0.047311 -0.007120 -0.003354 0.250000 0.000000 0.853757 -0.010877 1.052365
0.984164 -0.008120 -0.025517 -0.047311 -0.000739 -0.002227 0.250000 0.875000 1.014433 -0.007885 1.000531
1.005393 0.019755 0.004306 0.058453 -0.000006 0.007537 0.250000 0.000000 1.429371 -0.000159 1.052088
0.979741 0.038270 0.022866 0.117357 -0.003012 0.014545 0.125000 0.000000 1.545442 0.002003 1.000254
0.978086 0.047112 0.026985 0.163567 0.001903 0.014969 0.125000 1.000000 1.867597 0.008001 0.948420
0.964564 0.041941 0.029004 0.134417 0.011338 0.009869 0.250000 0.375000 2.022164 0.010880 0.896586
0.970187 0.048647 0.037696 0.162238 0.011967 0.005666 0.500000 0.875000 1.910364 0.008798 0.948420
0.993854 0.070966 0.074170 0.233970 0.011995 0.003012 0.000000 0.875000 2.317274 0.016375 0.919312
1.002269 0.065184 0.080857 0.198692 0.029769 0.004993 0.000000 0.250000 2.619475 0.022002 0.948109
1.014938 0.067791 0.076664 0.229734 0.040798 0.015141 0.375000 0.000000 2.963223 0.028403 0.883316
1.006952 0.068163 0.077219 0.227774 0.028851 0.023481 0.375000 0.000000 3.107980 0.031099 0.818523
1.011558 0.082888 0.128990 0.277031 0.044161 0.028509 0.375000 0.000000 5.364981 0.073126 0.837035
1.010956 0.098183 0.142197 0.285393 0.042708 0.022317 0.375000 0.625000 7.034894 0.104221 0.614889
1.011984 0.125235 0.168144 0.355898 0.087153 0.009177 0.250000 1.250000 9.395019 0.148169 0.688543
0.998778 0.146343 0.185969 0.379373 0.133262 0.005498 0.125000 0.000000 9.328335 0.146928 0.762592
1.017443 0.168525 0.207534 0.420990 0.106760 0.007030 0.000000 0.000000 7.005781 0.103679 0.762197
0.989918 0.200529 0.244364 0.472472 0.064237 0.010255 0.000000 0.500000 4.918717 0.064816 0.688148
0.978389 0.209345 0.237695 0.490642 0.088944 0.024871 0.000000 0.375000 6.646905 0.096997 0.687901
0.966036 0.306111 0.297201 0.633781 0.133544 0.091425 0.000000 0.250000 9.791995 0.155561 0.688017
0.940863 0.344859 0.337840 0.700426 0.114112 0.173570 0.000000 0.125000 11.549244 0.188283 0.687710
0.967858 0.392228 0.382683 0.739542 0.132844 0.256713 0.500000 0.125000 12.251095 0.201352 0.687556
0.940123 0.403564 0.378747 0.757014 0.171714 0.280535 0.000000 0.125000 12.759888 0.210826 0.687556
0.909392 0.445506 0.406853 0.771573 0.269187 0.275705 0.250000 0.000000 16.081715 0.272682 0.784422
0.903205 0.446404 0.414427 0.753272 0.274316 0.269017 0.375000 0.250000 15.201246 0.256287 0.784767
0.863674 0.405316 0.393730 0.759202 0.261644 0.220519 0.625000 0.250000 12.758023 0.210792 0.784378
0.857363 0.391271 0.386649 0.753383 0.225733 0.215096 0.625000 0.250000 11.906755 0.194940 0.784378
0.833488 0.387095 0.369822 0.707141 0.249970 0.196293 0.000000 0.125000 13.284915 0.220603 0.719240
0.813157 0.390999 0.366706 0.718306 0.246739 0.199803 0.125000 0.125000 14.137876 0.236486 0.719586
0.770593 0.357836 0.331871 0.721738 0.175635 0.210951 0.000000 0.250000 12.222847 0.200826 0.718895
0.755046 0.349395 0.316245 0.683065 0.142272 0.235827 0.625000 0.250000 11.034081 0.178690 0.719241
0.751453 0.366779 0.308924 0.702775 0.140077 0.219994 1.125000 0.000000 9.998001 0.159397 0.719241
0.743685 0.352546 0.298289 0.686128 0.133463 0.177775 1.125000 0.000000 8.725280 0.135698 0.715567
0.751338 0.348901 0.296120 0.731064 0.089654 0.149783 0.375000 0.250000 7.438971 0.111746 0.751616
0.753559 0.347824 0.289854 0.728657 0.051031 0.133931 0.375000 0.375000 6.285861 0.090274 0.816408
0.758330 0.344682 0.293951 0.711045 0.056378 0.142660 0.125000 0.375000 6.522985 0.094689 0.816408
0.755644 0.462603 0.377289 0.739818 0.098739 0.214345 0.625000 0.000000 9.298937 0.146380 0.816408
0.758524 0.458263 0.373166 0.774600 0.129343 0.245737 0.750000 0.625000 11.607428 0.189366 0.816754
0.771468 0.453119 0.372203 0.765044 0.124002 0.234697 0.375000 0.500000 11.997674 0.196633 0.816754
0.785396 0.467890 0.382921 0.765044 0.094455 0.206840 0.875000 0.500000 10.583076 0.170292 0.819874
0.788509 0.483260 0.400136 0.791136 0.107827 0.224981 0.250000 0.375000 10.544210 0.169568 0.838579
0.761708 0.458656 0.402896 0.810761 0.165210 0.264335 0.250000 0.375000 12.412561 0.204359 0.819874
0.801025 0.471050 0.432330 0.849124 0.203306 0.311715 0.250000 0.500000 14.135565 0.236443 0.819874
0.783788 0.490819 0.443947 0.843593 0.193498 0.273072 0.125000 0.125000 12.480832 0.205630 0.805326
0.748217 0.458311 0.417924 0.817623 0.169547 0.237363 0.250000 0.625000 10.830488 0.174899 0.747425
0.744162 0.450639 0.411534 0.826771 0.217843 0.260607 0.250000 0.625000 12.852149 0.212544 0.690177
0.750010 0.457510 0.407387 0.834180 0.264490 0.255246 0.250000 0.750000 14.640690 0.245849 0.690177
0.762755 0.442611 0.389637 0.793273 0.258218 0.231187 0.250000 0.250000 13.649934 0.227400 0.689870
0.756454 0.450479 0.392151 0.822631 0.225823 0.258068 0.250000 0.125000 13.322793 0.221308 0.747463
0.737825 0.460787 0.405261 0.851877 0.201021 0.299795 0.375000 0.125000 13.475867 0.224159 0.744996
0.722049 0.453743 0.399531 0.855196 0.170424 0.319095 0.125000 0.125000 13.192728 0.218886 0.739390
0.707130 0.405775 0.349345 0.835779 0.122112 0.253730 1.250000 1.000000 10.372169 0.166365 0.739114
0.703810 0.407583 0.350364 0.851877 0.099407 0.275607 0.000000 1.125000 10.196771 0.163099 0.790914
0.718321 0.394136 0.337186 0.847284 0.090348 0.232965 0.125000 0.500000 9.085576 0.142407 0.790914
0.719848 0.401474 0.340678 0.868827 0.116655 0.194336 0.375000 0.875000 8.903389 0.139015 0.790914
0.708573 0.411922 0.348057 0.862849 0.141138 0.242753 0.375000 0.250000 10.127648 0.161811 0.790638
0.710172 0.398204 0.338375 0.842054 0.136764 0.266653 0.375000 0.250000 10.455621 0.167919 0.790638
0.708902 0.407536 0.349158 0.856680 0.146476 0.209921 0.250000 0.750000 10.162347 0.162458 0.739080
0.726708 0.471593 0.408842 0.871812 0.247394 0.292990 0.500000 1.125000 14.023587 0.234358 0.686969
0.725388 0.462577 0.397345 0.863442 0.249261 0.281111 0.000000 0.250000 14.067934 0.235183 0.687245
0.719690 0.487545 0.403661 0.873234 0.176631 0.276427 0.500000 0.375000 12.893796 0.213320 0.686969
0.722780 0.485995 0.395794 0.850744 0.109346 0.274313 0.500000 0.375000 11.620746 0.189614 0.686969
0.724292 0.454354 0.374654 0.826662 0.086081 0.268570 0.125000 0.500000 11.497987 0.187329 0.583611
0.701798 0.483599 0.394213 0.844649 0.067048 0.273183 0.750000 0.625000 13.006624 0.215421 0.583335
0.696970 0.466979 0.385682 0.804690 0.048196 0.275832 0.750000 0.250000 12.778098 0.211165 0.583335
0.727366 0.437465 0.363282 0.805939 0.033843 0.219775 0.625000 0.000000 9.653588 0.152984 0.571908
0.691493 0.479670 0.406059 0.812770 0.057573 0.246937 0.625000 0.750000 9.478865 0.149731 0.571908
0.680473 0.493022 0.403642 0.802984 0.089215 0.261419 0.500000 0.125000 10.134145 0.161932 0.629502
0.665321 0.385628 0.321273 0.732717 0.123706 0.191748 0.500000 0.250000 9.535532 0.150786 0.629502
0.634530 0.448065 0.358321 0.729210 0.130493 0.297088 0.250000 0.625000 11.220657 0.182164 0.631352
0.644653 0.428676 0.357122 0.689096 0.199749 0.257814 0.375000 0.625000 12.712854 0.209951 0.631659
0.635529 0.436849 0.372329 0.706646 0.274452 0.194114 0.500000 0.000000 15.146872 0.255274 0.631659
0.638391 0.425226 0.364700 0.706646 0.248422 0.174690 0.750000 0.125000 15.083879 0.254101 0.689253
0.643938 0.412036 0.350373 0.715803 0.146325 0.192775 0.625000 0.125000 11.722920 0.191517 0.689253
0.654001 0.415393 0.356459 0.708232 0.071577 0.241397 0.000000 0.250000 9.135438 0.143336 0.689253
0.661773 0.448343 0.363870 0.739682 0.062461 0.312513 0.375000 0.250000 9.627125 0.152491 0.741056
0.643248 0.463373 0.378462 0.763006 0.084445 0.341511 0.500000 0.250000 10.770905 0.173790 0.741056
0.641383 0.451772 0.381057 0.759111 0.094650 0.286941 0.500000 0.125000 10.271998 0.164499 0.741056
0.632543 0.462617 0.393467 0.787565 0.074200 0.260283 0.375000 0.250000 9.706054 0.153961 0.741056
0.624307 0.482540 0.419209 0.808715 0.090469 0.319832 0.250000 0.500000 12.472928 0.205483 0.739114
0.611996 0.491482 0.414176 0.843096 0.106289 0.310382 0.625000 0.500000 13.166784 0.218403 0.738838
0.604711 0.489125 0.413379 0.825905 0.150337 0.292255 0.750000 0.500000 14.404696 0.241454 0.739114
0.601079 0.504606 0.419002 0.831636 0.201958 0.306738 0.125000 0.375000 15.857174 0.268501 0.738838
0.608782 0.498483 0.420522 0.815178 0.205758 0.332005 0.375000 0.375000 15.919180 0.269655 0.738838
0.573472 0.492393 0.424135 0.807667 0.185888 0.309497 0.375000 0.375000 14.222374 0.238059 0.738838
0.551356 0.536875 0.456245 0.853036 0.197198 0.298113 0.250000 0.500000 13.496882 0.224550 0.686727
0.562634 0.531376 0.456196 0.856983 0.156288 0.308220 0.125000 0.000000 12.363587 0.203447 0.686727
0.555184 0.541342 0.454288 0.890765 0.132854 0.375384 0.250000 0.000000 13.334442 0.221525 0.634651
0.566483 0.544016 0.454807 0.878989 0.144712 0.378276 0.375000 0.125000 14.793238 0.248689 0.634651
0.565884 0.544391 0.450939 0.889139 0.129645 0.368939 0.375000 0.000000 15.233793 0.256893 0.634928
0.552681 0.538319 0.455860 0.871611 0.115319 0.434846 0.375000 0.875000 15.980838 0.270804 0.583128
0.571379 0.557176 0.465771 0.881887 0.129093 0.458919 0.250000 0.875000 16.493930 0.280358 0.582852
0.595460 0.570902 0.483215 0.870293 0.152378 0.493506 0.500000 0.250000 16.379900 0.278234 0.582852
0.579172 0.560008 0.479528 0.878899 0.234200 0.378483 0.375000 0.375000 16.442104 0.279393 0.582852
0.590841 0.551859 0.473128 0.893302 0.319493 0.298493 0.375000 0.250000 17.081754 0.291304 0.582852
0.614765 0.516524 0.443720 0.863052 0.292014 0.294628 0.375000 0.250000 15.696762 0.265514 0.582852
0.613573 0.494437 0.439639 0.805157 0.239121 0.292958 0.375000 0.250000 14.706894 0.247081 0.582852
0.618974 0.487633 0.443908 0.785794 0.177685 0.306121 0.000000 0.250000 13.458948 0.223844 0.582852
0.606947 0.495975 0.442373 0.825059 0.157115 0.286927 0.625000 0.250000 13.009293 0.215471 0.582852
0.611644 0.499534 0.450947 0.814219 0.178994 0.252949 0.625000 0.125000 14.538464 0.243945 0.571064
0.644265 0.493498 0.462794 0.841531 0.217292 0.260746 0.125000 0.125000 16.014902 0.271438 0.628620
0.651171 0.493215 0.470450 0.845398 0.260392 0.300841 0.125000 0.000000 16.356081 0.277791 0.621425
0.647933 0.498455 0.494688 0.819880 0.288518 0.312500 1.000000 1.000000 15.876807 0.268866 0.612175
0.702868 0.498876 0.521494 0.835580 0.280612 0.266384 0.250000 0.875000 15.883854 0.268998 0.612175
0.680952 0.572560 0.574260 0.849806 0.348584 0.319672 0.125000 0.250000 20.882808 0.362083 0.599842
0.656997 0.574901 0.576426 0.887575 0.381464 0.323941 1.500000 0.000000 22.662553 0.395223 0.599842
0.660398 0.661792 0.664301 0.949573 0.331775 0.392754 0.250000 0.875000 25.681732 0.451444 0.582575
0.682449 0.654135 0.681628 0.945860 0.247458 0.394198 0.750000 0.875000 30.241164 0.536345 0.686175
0.716626 0.660352 0.710874 0.939171 0.235637 0.466987 0.750000 0.000000 68.268782 1.244455 0.686175
0.682548 0.634108 0.672248 0.942988 0.347987 0.482340 0.625000 0.125000 34.781473 0.620889 0.686175
0.694928 0.653405 0.727289 0.912639 0.384992 0.475739 0.625000 0.250000 31.470035 0.559227 0.582575
0.659774 0.637822 0.695746 0.919667 0.297689 0.575979 0.250000 0.750000 24.986713 0.438502 0.643008
0.709416 0.675713 0.701620 0.932511 0.271185 0.622534 0.125000 0.625000 24.371717 0.427050 0.643008
0.662671 0.674482 0.719374 0.920913 0.416898 0.550033 0.000000 0.750000 23.978411 0.419726 0.643008
0.722052 0.642110 0.721663 0.912991 0.647413 0.430060 0.000000 0.250000 28.571005 0.505245 0.649175
0.691646 0.677962 0.736507 0.901572 0.758173 0.411043 0.000000 0.375000 31.073303 0.551840 0.723175
0.757995 0.682670 0.758718 0.893571 0.724255 0.490556 0.000000 0.375000 37.248040 0.666819 0.718205
0.789041 0.679507 0.768904 0.894958 0.799412 0.610212 0.250000 0.375000 36.651661 0.655714 0.718205
0.822276 0.666148 0.741941 0.876045 0.813504 0.563520 0.250000 0.500000 34.690177 0.619189 0.714646
0.817641 0.711205 0.751327 0.907778 0.810672 0.534539 0.250000 0.500000 34.251083 0.611013 0.714646
0.937352 0.747480 0.759843 0.916983 0.798720 0.653350 0.375000 1.125000 35.771000 0.639315 0.714646
0.926703 0.766299 0.779592 0.917589 0.672846 0.776784 0.125000 0.250000 36.568894 0.654173 0.685562
0.946122 0.750730 0.770075 0.925803 0.630400 0.959573 0.000000 0.250000 38.753297 0.694849 0.685562
0.976411 0.781207 0.776049 0.925058 0.612904 1.015856 0.625000 0.875000 38.246885 0.685419 0.685562
0.971596 0.715350 0.712160 0.911098 0.501454 0.790667 0.625000 0.250000 32.325139 0.575150 0.685485
0.989951 0.726067 0.705541 0.909248 0.484921 0.620347 0.000000 0.250000 32.639690 0.581007 0.685485
0.955318 0.774957 0.751010 0.924566 0.458560 0.592071 0.000000 0.500000 34.961266 0.624237 0.750192
0.972881 0.768965 0.752930 0.958816 0.425602 0.501894 0.875000 0.250000 30.555050 0.542189 0.814941
0.957570 0.773258 0.753275 0.962790 0.361506 0.420061 0.875000 0.125000 26.158890 0.460329 0.833336
0.946992 0.774717 0.766969 0.932878 0.344817 0.498134 0.625000 0.750000 26.331190 0.463537 0.907336
0.897671 0.756233 0.744360 0.932511 0.311976 0.706443 0.000000 0.750000 28.687876 0.507421 0.909763
0.868943 0.662561 0.668370 0.910942 0.416910 0.697873 0.125000 0.000000 31.240145 0.554947 0.947488
0.818430 0.672181 0.715728 0.863370 0.466401 0.777391 0.125000 0.000000 33.394495 0.595063 0.762158
0.725948 0.652899 0.719308 0.837366 0.633076 0.563713 0.125000 0.375000 33.705032 0.600845 0.762158
0.713593 0.670627 0.738767 0.858691 0.575499 0.381824 0.000000 0.000000 31.363323 0.557240 0.752315
0.698966 0.592883 0.700432 0.843192 0.499415 0.316865 0.000000 0.000000 27.399307 0.483426 0.752315
0.638709 0.504777 0.629701 0.828109 0.427948 0.280259 1.375000 0.000000 31.447176 0.558802 0.752703
0.566829 0.455905 0.539318 0.777310 0.294598 0.194362 0.000000 0.875000 36.068071 0.644847 0.687954
0.555176 0.465889 0.535681 0.798083 0.286479 0.148594 0.000000 0.750000 37.771080 0.676559 0.687954
0.552595 0.445056 0.523257 0.782570 0.311617 0.162772 0.125000 0.750000 28.695858 0.507569 0.687954
0.573639 0.427049 0.486787 0.749300 0.294568 0.198597 0.125000 0.250000 17.907909 0.306687 0.750580
0.490080 0.452467 0.451669 0.761842 0.227942 0.184525 0.000000 0.375000 14.021353 0.234316 0.750580
0.547177 0.429412 0.408130 0.768311 0.182599 0.214475 0.125000 0.375000 12.752384 0.210687 0.907780
0.600806 0.452773 0.443912 0.776339 0.155240 0.255996 0.000000 0.375000 13.106265 0.217276 0.944714
0.593976 0.470796 0.450618 0.799388 0.163898 0.289464 0.000000 0.375000 12.650212 0.208784 0.945173
0.566310 0.489883 0.451679 0.823540 0.088574 0.274024 1.125000 0.250000 11.661826 0.190379 0.858841
0.587723 0.506748 0.455217 0.818899 0.094402 0.239542 0.375000 0.250000 12.712395 0.209942 0.789774
0.614737 0.539046 0.494611 0.820773 0.200082 0.262870 0.500000 0.750000 15.005986 0.252651 0.789774
0.599718 0.545696 0.508514 0.805133 0.220013 0.281746 0.375000 0.625000 17.102410 0.291688 0.772508
0.627474 0.603230 0.560300 0.867952 0.218742 0.336507 0.375000 0.625000 19.506759 0.336460 0.686175
0.583921 0.654973 0.597090 0.869485 0.326926 0.411505 0.125000 0.625000 23.605393 0.412780 0.686175
0.621334 0.607796 0.580534 0.869368 0.349665 0.519893 0.125000 0.250000 23.953079 0.419254 0.686175
0.697039 0.591582 0.600504 0.869247 0.300602 0.448771 0.125000 0.125000 21.174071 0.367507 0.686175
0.728890 0.619625 0.631609 0.895537 0.374977 0.452274 0.125000 0.250000 28.049878 0.495541 0.686175
0.748253 0.573088 0.602524 0.776567 0.487162 0.458480 0.125000 0.250000 30.428191 0.539827 0.686175
0.740278 0.505567 0.567741 0.706091 0.535918 0.420332 0.250000 0.250000 27.405689 0.483545 0.686175
0.692701 0.461898 0.562041 0.558584 0.384757 0.311722 0.375000 0.250000 20.749496 0.359601 0.530776
0.660829 0.353570 0.459329 0.438049 0.165646 0.192206 0.375000 0.250000 16.631196 0.282914 0.427176
0.624186 0.272449 0.376179 0.325779 0.057021 0.125070 0.375000 0.750000 20.972408 0.363751 0.323577
0.598888 0.171550 0.327713 0.241286 0.021853 0.057075 0.500000 0.000000 26.578786 0.468148 0.012778
0.517359 0.096229 0.281240 0.182664 0.039983 0.029606 0.000000 0.750000 19.413130 0.334716 -0.087423
0.445748 0.074304 0.248642 0.167160 0.104217 0.030441 0.500000 1.250000 13.403689 0.222815 -0.044823
0.393305 0.042950 0.147328 0.128247 0.037166 0.028885 0.625000 1.125000 5.404283 0.073858 0.059605
0.354997 0.026046 0.115409 0.080056 0.020379 0.018354 0.250000 1.250000 4.720667 0.061128 0.105552
0.319711 0.032860 0.144186 0.091470 0.044613 0.026356 0.375000 1.250000 5.794617 0.081126 0.170065
0.289083 0.028182 0.123770 0.113805 0.077587 0.021503 1.000000 1.375000 5.084941 0.067911 0.170065
0.272433 0.019430 0.062873 0.101667 0.068297 0.010651 0.125000 0.250000 3.165239 0.032165 0.202676
0.241581 0.026995 0.078074 0.106253 0.065870 0.007335 0.125000 0.250000 2.964049 0.028418 0.207604
0.212117 0.014138 0.037511 0.049153 0.030248 0.001792 0.125000 0.000000 2.583890 0.021339 0.214176
0.202906 0.005746 0.033658 0.019921 0.028898 0.002560 0.625000 0.750000 2.914923 0.027504 0.473174
0.202735 0.009360 0.034977 0.042491 0.034832 0.003907 0.500000 0.875000 2.818289 0.025704 0.556676
0.196237 0.009864 0.043451 0.043591 0.039434 0.002645 0.500000 0.875000 2.706187 0.023617 0.643008
0.158006 0.024358 0.071632 0.071596 0.058163 0.007050 1.125000 0.750000 4.059690 0.048820 0.643008
0.145859 0.020880 0.047325 0.050711 0.029055 0.001750 0.625000 0.000000 3.709927 0.042307 0.686175
0.170666 0.028557 0.081060 0.077186 0.028137 0.006525 0.625000 0.125000 3.449547 0.037459 0.599842
0.171444 0.026310 0.088001 0.069211 0.035736 0.014950 0.625000 0.125000 2.943357 0.028033 0.612175
0.134818 0.014083 0.049468 0.042233 0.024337 0.017800 0.625000 0.125000 2.361652 0.017201 0.621425
0.163586 0.029266 0.079390 0.095667 0.062773 0.015783 0.500000 0.125000 3.019578 0.029452 0.621425
0.135206 0.026798 0.039728 0.106644 0.027993 0.006126 0.625000 0.125000 1.832990 0.007357 0.628620
0.139407 0.023334 0.038341 0.086703 0.033589 0.001124 0.625000 0.000000 2.314059 0.016315 0.628620
0.141529 0.021161 0.037367 0.076675 0.046171 -0.002477 0.625000 0.375000 2.951922 0.028193 0.628620
0.165035 0.002666 0.008837 0.023697 0.043799 -0.003548 0.625000 0.000000 2.375377 0.017457 0.621425
0.169134 0.000025 0.007420 0.015372 0.047168 0.001857 0.625000 0.000000 2.328961 0.016592 0.621425
0.168435 0.004693 0.006037 0.032599 0.024757 0.006886 0.625000 0.750000 1.903525 0.008670 0.612175
0.166070 0.006132 0.006859 0.034346 0.010444 0.004459 0.625000 0.250000 1.522334 0.001572 0.686175
0.144389 0.017812 0.025837 0.068549 0.029043 0.005246 0.250000 1.250000 2.145217 0.013171 0.686175
0.145353 0.023623 0.027692 0.085980 0.040817 0.001278 0.125000 0.250000 2.335584 0.016716 0.686175
0.139133 0.026009 0.033976 0.083775 0.040808 -0.001523 0.000000 0.375000 2.375147 0.017452 0.686175
0.133012 0.023517 0.033724 0.079478 0.038104 0.000100 1.000000 0.250000 2.485019 0.019498 0.686175
0.123663 0.029015 0.038879 0.102638 0.038670 0.005361 0.375000 0.875000 2.460139 0.019035 0.686175
0.110594 0.044453 0.058072 0.171724 0.044170 0.009459 0.625000 0.000000 2.490532 0.019601 0.429199
0.103266 0.041489 0.049544 0.149411 0.051638 0.008393 0.000000 0.125000 2.550598 0.020720 0.465910
0.092904 0.039702 0.045005 0.140535 0.056012 0.008622 0.000000 0.250000 2.874333 0.026748 0.465910
0.083403 0.037062 0.050152 0.115354 0.039710 0.011981 0.125000 0.250000 2.798831 0.025342 0.465910
0.097043 0.085896 0.148063 0.207143 0.063553 0.024058 0.500000 0.125000 3.464858 0.037744 0.429199
0.096693 0.083272 0.155074 0.182699 0.092366 0.039848 0.625000 0.125000 4.622332 0.059297 0.342866
0.045277 0.075249 0.122855 0.205989 0.108877 0.032907 0.750000 0.125000 5.471825 0.075116 0.342866
0.070356 0.077046 0.181399 0.178580 0.093242 0.029286 0.625000 0.000000 6.058404 0.086038 0.274204
0.059681 0.081621 0.190537 0.186724 0.156503 0.015656 0.500000 0.000000 8.703683 0.135296 0.256533
0.059751 0.070844 0.174132 0.162868 0.170747 0.003546 2.000000 0.625000 12.613237 0.208096 0.244256
0.064737 0.034501 0.113012 0.087526 0.035329 -0.007766 0.500000 0.250000 10.733510 0.173093 0.390522
0.078877 0.036651 0.109319 0.091591 0.034080 -0.006160 0.500000 0.500000 9.772979 0.155207 0.390522
0.117263 0.058717 0.179805 0.115843 0.064685 0.000115 0.500000 0.500000 8.996596 0.140750 0.341246
0.110448 0.052703 0.140929 0.131742 0.107228 0.010947 0.500000 0.000000 6.299003 0.090518 0.464521
0.097547 0.046608 0.117783 0.129866 0.110400 0.012992 0.500000 0.000000 5.568804 0.076921 0.460177
0.102072 0.034334 0.067930 0.108217 0.061454 0.015534 0.750000 0.625000 3.285425 0.034403 0.524927
0.130655 0.020620 0.031314 0.078864 0.032574 0.010962 0.875000 0.000000 2.290663 0.015879 0.525272
0.134540 0.026517 0.034736 0.103097 0.029782 0.006318 0.750000 0.000000 2.133338 0.012950 0.543150
0.155529 0.039237 0.050175 0.118821 0.043616 0.001726 0.000000 0.000000 2.505601 0.019882 0.601012
0.142409 0.023853 0.030905 0.088890 0.039987 -0.001462 0.750000 0.625000 2.558198 0.020861 0.629521
0.140347 0.019092 0.031464 0.085980 0.032920 -0.001439 0.875000 1.250000 2.409917 0.018100 0.687077
0.160215 0.038423 0.061790 0.126643 0.031920 0.008074 0.500000 0.250000 2.245155 0.015032 0.687077
0.152488 0.025974 0.037134 0.107022 0.024197 0.010930 0.375000 1.375000 1.739222 0.005611 0.687263
0.154027 0.025992 0.036498 0.095449 0.027549 0.016723 0.375000 1.500000 1.912126 0.008831 0.635463
0.203019 0.013993 0.046418 0.078279 0.020465 0.007296 0.375000 0.625000 2.315440 0.016341 0.816503
0.240171 0.029299 0.101269 0.119632 0.032397 0.006756 0.375000 0.625000 4.119449 0.049933 0.830984
0.308087 0.035504 0.197933 0.162837 0.038665 0.006544 0.375000 0.750000 8.278599 0.127380 0.945787
0.438999 0.026572 0.260181 0.109235 0.031826 0.005644 0.000000 0.875000 7.670175 0.116051 0.946094
0.515164 0.031714 0.272090 0.139932 0.031024 0.011450 0.375000 0.500000 8.754806 0.136248 0.888232
0.564291 0.027174 0.202968 0.112118 0.022799 0.007196 0.500000 0.000000 8.030772 0.122766 0.917317
0.552554 0.026533 0.152879 0.099969 0.015152 0.005030 0.750000 0.125000 5.490820 0.075469 0.919784
0.584200 0.037879 0.179929 0.147014 0.004323 0.001607 0.875000 0.000000 6.925233 0.102179 0.977339
0.613583 0.018792 0.135732 0.087352 -0.005745 0.000583 0.250000 0.125000 6.682262 0.097655 1.150120
0.630812 0.020168 0.120898 0.085477 -0.005052 0.010343 0.250000 0.375000 5.274250 0.071437 1.207675
0.670347 0.011470 0.090050 0.044192 0.003350 0.018549 0.125000 0.750000 3.720355 0.042502 1.092565
0.623173 0.015674 0.120072 0.070085 0.022248 0.019731 0.000000 0.250000 4.501053 0.057039 1.104036
0.581564 0.020279 0.088123 0.054622 0.024836 0.003233 0.000000 0.250000 4.417834 0.055489 1.052237
0.541703 -0.000047 0.051278 -0.021615 0.017225 -0.002564 0.750000 0.250000 3.650556 0.041202 1.103760
0.526400 -0.005072 0.053468 -0.042251 0.008482 -0.001250 0.750000 0.125000 3.192873 0.032679 1.362759
0.541213 -0.010659 0.052770 -0.057969 0.001066 -0.000552 0.750000 0.000000 2.753114 0.024491 1.466427
0.581872 -0.023177 0.021159 -0.086671 -0.007315 0.002780 0.375000 0.500000 1.940272 0.009355 1.360607
0.622163 -0.033856 -0.018534 -0.124551 -0.004194 -0.001023 0.125000 0.875000 1.597085 0.002964 1.360607
0.626618 -0.030895 -0.023233 -0.118120 0.000353 -0.000990 0.250000 0.750000 1.683936 0.004581 1.308773
0.592929 -0.018722 0.019511 -0.075698 0.012565 0.003680 0.125000 0.250000 2.370414 0.017364 1.360573
0.583332 -0.016749 0.020874 -0.076975 0.016577 -0.004663 0.250000 1.000000 2.494181 0.019669 1.360573
0.580104 -0.014300 0.018693 -0.073935 0.005955 -0.005540 0.375000 0.750000 2.240721 0.014949 1.464241
0.592743 -0.020657 0.020472 -0.084416 -0.005874 -0.002909 0.250000 0.250000 1.752208 0.005853 1.567841
0.601341 -0.020171 0.013191 -0.077057 -0.007511 -0.001324 0.625000 0.250000 1.733010 0.005495 1.567841
0.608273 -0.016376 0.005713 -0.060067 -0.005266 -0.003087 0.750000 0.000000 2.541814 0.020556 1.412441
0.610107 -0.012158 0.008001 -0.038397 -0.003187 -0.004744 0.750000 0.000000 3.395101 0.036445 1.308773
0.625891 0.008191 0.026456 0.040739 -0.002353 0.001091 0.625000 0.000000 3.425268 0.037007 1.412372
0.629092 0.010486 0.032249 0.040271 -0.006434 0.008385 0.250000 0.000000 2.563777 0.020965 1.334673
0.624463 0.007160 0.035169 0.031311 -0.007750 0.004945 0.375000 0.125000 1.908220 0.008758 1.179170
0.642276 -0.000601 0.001754 -0.011267 -0.004140 -0.002803 0.750000 0.375000 1.377746 -0.001120 1.023771
0.625071 0.007698 0.029323 0.030458 -0.004750 -0.003172 0.625000 0.750000 1.620755 0.003405 0.971971
0.628873 0.006608 0.026301 0.037299 -0.004394 0.000541 0.625000 0.875000 1.865798 0.007968 0.816468
0.611136 0.011334 0.034853 0.053468 -0.002306 0.005744 0.500000 0.375000 2.611439 0.021852 0.661069
0.567302 0.039811 0.078719 0.141042 0.003951 0.021354 0.375000 0.250000 4.015522 0.047998 0.505670
0.558854 0.029291 0.080584 0.095344 0.006726 0.015710 0.875000 0.125000 3.396807 0.036477 0.402312
0.477955 0.026023 0.074456 0.066952 0.009682 0.007493 0.625000 0.750000 3.152048 0.031919 0.453836
0.454545 0.025664 0.075994 0.067941 0.003781 0.007579 0.625000 0.750000 3.228513 0.033343 0.456056
0.425327 0.008500 0.040349 0.007540 0.001493 0.006723 0.500000 0.250000 3.045877 0.029942 0.585556
0.413944 0.014987 0.042364 0.034400 0.018149 0.007306 0.500000 0.250000 3.313753 0.034930 0.637390
0.393166 0.011333 0.019414 0.049697 0.022772 0.008681 0.625000 0.250000 2.369740 0.017352 0.792789
0.410338 0.019073 0.035611 0.064411 0.017515 0.018166 0.625000 0.000000 2.410326 0.018108 0.844589
0.393896 0.025958 0.029645 0.073972 0.002877 0.012347 0.625000 0.500000 1.842924 0.007542 0.844589
0.368171 0.044565 0.035677 0.172409 0.011904 0.013144 0.875000 0.500000 2.016943 0.010782 0.896388
0.358574 0.045616 0.038477 0.177405 0.015529 0.009846 0.250000 0.000000 1.958507 0.009694 0.999988
0.354929 0.043844 0.039852 0.185080 0.013853 0.012843 0.375000 0.125000 1.978502 0.010067 1.051546
0.343213 0.037132 0.043744 0.151519 0.010155 0.014306 0.500000 0.375000 2.090502 0.012152 1.000022
0.304095 0.054799 0.076212 0.211336 0.018121 0.019804 0.375000 0.500000 2.853044 0.026351 1.049602
0.305427 0.056529 0.084417 0.208477 0.017528 0.030330 0.250000 0.625000 2.772081 0.024844 1.049947
0.274888 0.068310 0.106266 0.228855 0.033609 0.048017 0.125000 0.750000 3.868355 0.045257 1.049671
0.265133 0.067784 0.104340 0.234416 0.032625 0.047569 0.125000 0.625000 3.807745 0.044129 0.946348
0.267978 0.030378 0.057132 0.124938 0.013948 0.023112 0.375000 0.375000 2.329320 0.016599 0.946348
0.266866 0.033164 0.059080 0.139480 0.008597 0.013238 0.250000 0.375000 2.390463 0.017738 0.946071
0.269388 0.024787 0.054322 0.104781 0.008148 0.004153 0.250000 0.500000 3.345643 0.035524 0.894548
0.281595 0.017481 0.051334 0.080548 0.015377 -0.001669 0.250000 0.625000 4.355793 0.054334 0.894548
0.286697 0.019049 0.052699 0.091470 0.017159 0.000685 0.375000 0.750000 4.195625 0.051352 0.894548
0.287816 0.017061 0.050003 0.080002 0.009762 0.008621 0.625000 0.750000 3.191676 0.032657 0.894548
0.290122 0.014342 0.051195 0.059450 0.009005 0.013917 0.125000 0.750000 2.447538 0.018800 0.842748
0.262995 0.007368 0.027055 0.034375 0.004747 0.003488 0.250000 0.500000 1.770925 0.006201 0.739080
0.265225 0.009346 0.024945 0.045863 0.003548 0.001213 0.500000 0.000000 1.618043 0.003354 0.583680
0.313961 0.005979 0.019136 0.027933 0.014791 0.007295 0.000000 0.125000 1.962569 0.009770 0.583680
0.284475 -0.003714 -0.009699 0.001327 0.008433 0.000612 0.375000 0.250000 1.532527 0.001762 0.583680
0.263548 0.003363 0.019252 0.030845 0.016844 0.010205 0.500000 0.125000 2.433267 0.018535 0.583957
0.286664 0.020692 0.043010 0.098618 0.007036 0.009972 0.125000 0.000000 3.366858 0.035919 0.583680
0.281656 0.028280 0.048474 0.110721 0.001344 0.005973 0.000000 0.125000 3.331160 0.035254 0.583957
0.253159 0.011180 0.020293 0.053468 -0.002260 0.002635 0.125000 0.250000 2.028605 0.011000 0.583957
0.262602 0.054799 0.069817 0.199466 0.014804 0.009660 0.500000 0.250000 2.660029 0.022757 0.572292
0.266820 0.054858 0.070495 0.186004 0.030864 0.012972 0.500000 0.375000 2.695260 0.023413 0.574450
0.272922 0.062152 0.061827 0.231032 0.036680 0.016423 0.500000 0.500000 2.844212 0.026187 0.574450
0.295887 0.052936 0.040669 0.188754 0.026219 0.006046 0.250000 0.750000 2.212233 0.014419 0.747115
0.264086 0.073640 0.070406 0.269429 0.016829 0.017272 0.500000 0.125000 2.762356 0.024663 0.747115
0.272604 0.079945 0.072988 0.267667 0.015118 0.022774 0.500000 0.125000 2.978818 0.028693 0.632005
0.271324 0.078206 0.072227 0.257123 0.014608 0.019744 0.500000 0.000000 2.972185 0.028570 0.631698
0.259009 0.081436 0.075628 0.276827 0.011221 0.015641 1.250000 0.500000 2.997218 0.029036 0.631698
0.252639 0.078759 0.073017 0.263910 0.003988 0.020638 0.250000 0.375000 2.926537 0.027720 0.624543
0.286124 0.054440 0.044996 0.162238 0.003429 0.026594 0.250000 0.625000 2.107295 0.012465 0.592168
0.289342 0.054671 0.045278 0.180752 0.009314 0.021762 0.375000 0.750000 2.300787 0.016068 0.545327
0.285925 0.066641 0.047803 0.240097 0.010782 0.018368 0.375000 0.250000 2.357861 0.017131 0.543169
0.283735 0.062819 0.044796 0.214532 0.015741 0.020261 0.500000 0.625000 2.156664 0.013384 0.485307
0.275315 0.055164 0.040627 0.182574 0.016679 0.020608 0.250000 0.500000 1.884344 0.008313 0.485614
0.283410 0.053536 0.035894 0.173616 0.007612 0.014465 0.000000 1.750000 1.878432 0.008203 0.485307
0.280363 0.042672 0.029012 0.153174 0.005420 0.008165 0.875000 0.250000 2.192153 0.014045 0.542862
0.277733 0.038480 0.026704 0.120617 0.009166 0.010292 0.875000 1.250000 2.649000 0.022552 0.543169
0.277457 0.037299 0.021997 0.106968 0.006498 0.013266 0.750000 0.000000 2.697162 0.023449 0.543169
0.280142 -0.002690 -0.024811 -0.014514 -0.004890 -0.000712 1.250000 0.000000 1.367196 -0.001317 0.531570
0.257298 0.020473 0.001788 0.044815 0.006146 0.001257 0.125000 0.000000 1.490399 0.000978 0.557746
0.252939 0.013083 -0.004308 0.018277 0.006307 0.001156 0.125000 0.000000 1.216865 -0.004116 0.609304
0.251647 0.015445 -0.004478 0.024637 0.003860 0.004545 0.125000 0.500000 1.287333 -0.002804 0.609580
0.225157 -0.009114 -0.027998 -0.080210 -0.002852 -0.002103 0.875000 0.500000 0.904309 -0.009936 0.661380
0.244253 0.020075 -0.001792 0.030175 0.000674 0.013214 0.125000 0.375000 1.487975 0.000932 0.661380
0.218969 -0.005165 -0.027893 -0.071745 -0.005032 0.005482 0.750000 0.375000 1.304231 -0.002489 0.583680
0.196856 0.028610 0.007205 0.064875 -0.000689 0.002236 0.375000 0.250000 1.386973 -0.000948 0.583957
0.199122 0.033317 0.011673 0.093094 0.001865 0.007253 0.125000 0.125000 1.416309 -0.000402 0.531881
0.190821 0.032651 0.010434 0.091019 0.005407 0.012918 1.000000 0.000000 1.431957 -0.000111 0.532157
0.185683 0.029052 0.009704 0.088890 0.009702 0.015014 0.250000 0.000000 1.569466 0.002450 0.558057
0.179473 0.031904 0.007696 0.096952 0.014679 0.013243 0.625000 0.125000 1.859226 0.007846 0.558057
0.177490 0.025139 0.000145 0.075770 0.012692 0.011823 0.625000 0.375000 1.848426 0.007644 0.558057
0.179700 0.023685 0.002387 0.070983 0.007042 0.012445 0.625000 0.875000 1.601252 0.003042 0.533962
0.182301 0.026511 0.002081 0.097375 0.005919 0.012108 0.000000 0.375000 1.501677 0.001188 0.533962
0.133710 0.035260 0.013455 0.098956 0.026747 0.007724 0.000000 0.625000 1.862287 0.007903 0.482128
0.181750 0.021685 -0.001176 0.065649 0.020821 0.005557 0.500000 0.500000 1.564985 0.002366 0.559828
0.181124 0.022245 -0.001964 0.072416 0.014956 0.001874 0.000000 0.500000 1.358106 -0.001486 0.559828
0.151183 -0.007067 -0.026728 -0.060553 -0.008038 -0.000615 0.500000 1.375000 1.026410 -0.007662 0.611627
0.156343 0.043276 0.027913 0.118660 0.008122 0.021875 0.250000 0.625000 1.842148 0.007528 0.611627
0.129932 0.020875 0.006195 0.038235 0.004531 0.004222 1.125000 0.250000 1.664437 0.004218 0.611904
0.126053 0.026257 0.009839 0.061854 0.002463 0.002770 0.250000 0.125000 1.833877 0.007373 0.611627
0.121184 0.027746 0.008472 0.090678 -0.001259 0.004572 0.375000 0.500000 1.773262 0.006245 0.663738
0.116315 0.021792 0.006451 0.073314 -0.000442 0.006229 0.375000 0.000000 1.561176 0.002296 0.687556
0.112002 0.028172 0.009442 0.096798 0.002469 0.008397 0.500000 0.000000 1.368438 -0.001293 0.687832
0.113950 0.025190 0.008400 0.092064 0.004798 0.009783 0.375000 0.250000 1.410861 -0.000503 0.739390
0.107969 0.033271 0.008699 0.128247 0.009903 0.011533 0.375000 0.250000 1.571361 0.002485 0.687591
0.100751 0.033601 0.008439 0.141844 0.012778 0.015141 0.625000 0.250000 1.583147 0.002705 0.687591
0.098069 0.031530 0.011848 0.151284 0.008403 0.016943 0.500000 0.250000 1.549990 0.002087 0.635791
0.095227 0.033813 0.009727 0.145399 0.005859 0.016183 0.500000 0.375000 1.617563 0.003346 0.635791
0.075009 0.005614 -0.019767 0.030458 0.002059 0.004923 0.000000 0.375000 1.055480 -0.007121 0.635515
0.076346 0.000559 -0.020834 0.022789 0.007159 0.004420 0.125000 0.125000 1.213577 -0.004177 0.635791
0.077984 -0.002489 -0.019863 -0.003939 0.007571 0.000880 0.625000 0.000000 1.200756 -0.004416 0.531881
0.046549 0.015102 0.014877 0.044036 0.023797 0.002875 0.000000 0.375000 1.623859 0.003463 0.532157
0.043233 0.015030 0.012872 0.031067 0.026399 0.003905 0.125000 0.875000 1.619698 0.003385 0.531881
0.046128 0.023360 0.019604 0.052114 0.022281 0.004535 0.000000 1.250000 1.615740 0.003312 0.531881
0.045450 0.021909 0.019153 0.038235 0.021140 0.005137 0.500000 1.250000 1.721480 0.005281 0.583957
0.042637 0.019152 0.015575 0.023142 0.027041 0.007845 0.125000 0.625000 1.995453 0.010382 0.531881
0.042932 0.022592 0.015579 0.030034 0.024856 0.009848 0.250000 0.000000 2.070704 0.011783 0.583957
0.037771 0.023429 0.017550 0.044962 0.015857 0.009201 0.125000 0.250000 1.844511 0.007571 0.583680
0.018595 0.045175 0.046395 0.123306 0.034708 0.014182 0.250000 0.375000 2.374183 0.017434 0.583957
0.005954 0.047378 0.043024 0.121449 0.034850 0.018915 0.375000 0.375000 2.791760 0.025210 0.583680
-0.014836 0.067458 0.069117 0.164645 0.025934 0.022945 0.375000 0.500000 3.347596 0.035560 0.635756
0.007392 0.064041 0.046127 0.197219 0.011174 0.008711 0.250000 0.250000 2.152617 0.013309 0.637701
-0.036478 0.053019 0.043829 0.156717 0.006472 0.020464 0.250000 0.625000 2.008227 0.010620 0.637701
-0.018353 0.073516 0.066895 0.200283 0.025829 0.031384 0.750000 1.500000 2.626346 0.022130 0.637977
-0.038318 0.059877 0.038703 0.195079 0.020997 0.026890 0.125000 0.375000 2.240857 0.014952 0.637977
-0.043291 0.060147 0.041563 0.204479 0.032443 0.017489 0.125000 0.000000 2.229828 0.014746 0.689777
-0.045717 0.065726 0.048509 0.212330 0.040128 0.012103 0.000000 0.000000 2.274806 0.015584 0.637942
-0.044000 0.069822 0.046933 0.240417 0.033411 0.010394 0.625000 1.000000 2.144208 0.013152 0.638219
-0.026118 0.084836 0.070131 0.305357 0.031219 0.019903 0.125000 0.625000 2.573849 0.021152 0.586143
-0.023804 0.097400 0.076491 0.354032 0.024191 0.018395 0.750000 0.625000 2.487608 0.019547 0.575028
-0.013566 0.173784 0.174583 0.467143 0.049988 0.039786 0.625000 0.000000 4.014799 0.047984 0.560789
0.007098 0.190612 0.234055 0.470189 0.046715 0.052995 0.750000 0.125000 4.613246 0.059128 0.539705
0.029906 0.219291 0.273672 0.534379 0.063776 0.065321 0.625000 0.125000 6.339935 0.091281 0.515293
0.030932 0.235602 0.294106 0.565860 0.082066 0.076358 0.000000 0.125000 7.277116 0.108732 0.480564
0.046503 0.259544 0.366920 0.561274 0.077568 0.093265 0.125000 0.125000 9.570083 0.151429 0.428471
0.032245 0.287856 0.395367 0.596056 0.090519 0.117659 0.125000 0.500000 14.720120 0.247328 0.299576
0.032837 0.284856 0.405453 0.609968 0.212131 0.089991 0.125000 0.500000 23.212753 0.405469 0.169991
0.041458 0.295697 0.417086 0.629651 0.329900 0.088672 0.125000 0.250000 24.406694 0.427701 0.040405
0.041613 0.261015 0.403577 0.577612 0.321499 0.094381 0.000000 0.250000 19.977248 0.345221 0.170595
0.074126 0.227827 0.390386 0.516390 0.247525 0.068989 0.750000 0.375000 27.903667 0.492818 0.170595
0.041183 0.205396 0.329288 0.498732 0.153892 0.059438 0.875000 0.375000 16.409088 0.278778 0.170595
-0.006040 0.173677 0.241595 0.459818 0.141409 0.066715 0.000000 0.500000 10.829681 0.174884 0.256985
0.005040 0.142365 0.245697 0.371796 0.186589 0.048855 0.125000 0.375000 9.412670 0.148498 0.170595
-0.012961 0.117729 0.202314 0.344354 0.218110 0.023030 1.125000 0.250000 8.376615 0.129206 0.170595
-0.002253 0.108059 0.161676 0.322121 0.150016 0.017014 1.000000 0.500000 6.971417 0.103039 0.170595
-0.006287 0.095757 0.164806 0.290885 0.087091 0.017165 0.250000 0.625000 6.770263 0.099294 0.170595
0.005129 0.110518 0.189219 0.302508 0.059895 0.022542 0.875000 0.625000 7.153584 0.106432 0.244644
-0.018944 0.110231 0.207359 0.292238 0.058315 0.019694 0.750000 0.750000 7.516256 0.113185 0.096546
-0.002786 0.117356 0.189650 0.322387 0.049076 0.012069 0.625000 0.125000 7.275692 0.108705 -0.002186
-0.014877 0.134256 0.240248 0.338155 0.084894 0.020853 0.625000 0.000000 9.630757 0.152559 0.022497
-0.045991 0.143266 0.206077 0.331125 0.121602 0.026863 0.500000 0.625000 7.677362 0.116185 0.022497
-0.031210 0.157576 0.260178 0.378072 0.217325 0.038384 0.375000 0.750000 10.316552 0.165329 -0.088576
-0.059564 0.182542 0.244919 0.425019 0.263434 0.045497 0.500000 0.750000 9.958791 0.158667 -0.036742
-0.047927 0.198621 0.280573 0.462440 0.253929 0.050057 0.500000 0.125000 16.980590 0.289420 -0.036742
-0.072826 0.193739 0.258430 0.445646 0.081872 0.059989 0.125000 0.375000 7.769288 0.117897 -0.036742
-0.052866 0.200988 0.286524 0.450455 0.057598 0.063080 0.000000 0.500000 12.612518 0.208082 -0.088576
-0.041600 0.232944 0.334981 0.487765 0.071711 0.076437 0.750000 0.625000 12.430865 0.204700 -0.088576
-0.031471 0.232565 0.360481 0.491614 0.183716 0.091209 1.000000 0.000000 13.794387 0.230090 0.300181
-0.043515 0.223359 0.354975 0.498635 0.276037 0.104214 0.750000 0.125000 14.860994 0.249951 0.326098
-0.022944 0.256832 0.393379 0.523112 0.281154 0.099819 0.625000 0.250000 16.457164 0.279673 0.533435
-0.015732 0.255510 0.384854 0.523112 0.180367 0.075218 0.625000 0.375000 17.531937 0.299686 0.740772
-0.008558 0.271489 0.410504 0.538803 0.104974 0.053633 0.750000 0.375000 32.676130 0.581686 0.740772
0.048770 0.296334 0.531611 0.553974 0.195920 0.062056 0.750000 0.125000 59.925394 1.089093 0.645742
0.099029 0.510708 0.723145 0.602811 0.426936 0.113601 0.625000 0.250000 61.618619 1.120623 0.645742
0.181502 0.640621 0.803726 0.688184 0.510225 0.141189 0.000000 0.250000 38.678842 0.693462 0.740772
0.136793 0.612482 0.787286 0.654475 0.589250 0.188767 0.375000 0.250000 31.447288 0.558804 0.740772
0.044264 0.536140 0.630233 0.599083 0.421869 0.163416 0.125000 0.000000 21.043435 0.365074 0.731672
0.056284 0.597806 0.684992 0.627944 0.530543 0.267272 0.000000 0.125000 49.380099 0.892730 0.740219
0.093031 0.750287 0.807972 0.676291 0.975497 0.526500 0.750000 0.875000 67.939496 1.238324 0.688385
0.142112 0.923473 0.923286 0.667947 1.021443 1.422685 0.250000 0.750000 69.330522 1.264226 0.480564
0.205170 1.006267 1.033516 0.681196 0.939563 1.379465 0.250000 0.250000 58.535286 1.063208 0.298886
0.129820 0.902330 0.891964 0.658353 0.426659 0.797503 0.000000 0.875000 36.490057 0.652705 0.273227
0.094491 0.898018 0.844850 0.639634 0.332041 0.472722 0.875000 0.000000 27.512044 0.485526 0.272744
0.028619 0.688171 0.649115 0.599083 0.336868 0.493386 0.125000 0.000000 22.798353 0.397752 0.255316
0.006965 0.524478 0.515706 0.537090 0.338807 0.493600 0.000000 0.250000 21.758049 0.378381 0.316867
0.034107 0.621991 0.593421 0.574514 0.620780 0.764558 1.000000 0.375000 34.229020 0.610602 0.298281
0.033438 0.593328 0.578991 0.572693 0.441026 0.515006 1.000000 0.500000 24.854966 0.436048 0.242868
0.109656 0.866300 0.820534 0.629651 0.326350 0.489037 0.500000 0.500000 21.906828 0.381151 0.242868
0.020836 0.544745 0.546145 0.582008 0.329524 0.477380 0.000000 0.500000 20.569741 0.356253 0.254913
0.070481 0.702310 0.722396 0.610981 0.341242 0.445971 0.125000 0.625000 20.906582 0.362526 0.168580
0.082667 0.751677 0.763827 0.603012 0.325933 0.342697 0.125000 0.500000 18.939395 0.325895 0.168580
0.170075 1.012568 0.997489 0.657095 0.564567 0.588574 0.250000 0.500000 31.495485 0.559701 0.168178
0.134743 0.922711 0.903280 0.624513 0.873692 0.803199 0.750000 1.625000 45.196172 0.814821 0.258211
0.162941 0.954261 0.938755 0.628486 0.966675 1.115586 0.375000 0.000000 53.829017 0.975573 0.276218
0.216495 1.064409 1.026527 0.690780 0.870474 1.127132 0.375000 0.000000 52.006433 0.941635 0.173729
0.164714 0.936621 0.932552 0.672100 0.990575 0.973081 0.000000 0.000000 51.752971 0.936915 0.173729
0.209901 1.076002 1.050013 0.706672 1.078733 1.042938 0.250000 0.625000 56.024818 1.016461 0.276218
0.136823 0.886893 0.918316 0.625695 0.698983 0.916807 0.250000 0.250000 47.807845 0.863453 0.258211
0.131576 0.853948 0.904211 0.612580 0.702119 0.750559 0.125000 0.250000 45.835977 0.826735 0.245349
0.132672 0.887559 0.905168 0.609880 0.782646 0.571304 0.750000 1.250000 45.357570 0.817827 0.393743
0.129466 0.855307 0.923760 0.576926 0.690153 0.464817 0.000000 0.000000 39.031274 0.700025 0.365547
0.151602 0.876966 0.951171 0.597205 0.683818 0.813109 0.125000 0.125000 39.912735 0.716439 0.300798
0.142405 0.850561 0.923057 0.583077 1.001905 1.217147 0.125000 0.625000 51.067588 0.924153 0.242572
0.105491 0.833892 0.902832 0.571856 1.272048 1.091696 0.500000 0.625000 53.392156 0.967438 0.232971
0.099263 0.833120 0.909595 0.570128 1.306948 0.884926 0.125000 0.125000 52.382516 0.948638 0.232971
0.134956 0.862309 0.961054 0.559182 1.546640 0.994694 0.125000 0.000000 61.988351 1.127508 0.232971
0.046999 0.658282 0.729876 0.505530 1.563419 0.567009 0.750000 0.500000 51.924415 0.940108 0.168221
0.061927 0.713868 0.764672 0.542568 1.123206 0.420912 0.500000 0.000000 39.733492 0.713101 0.168523
0.148599 0.864838 0.947641 0.606188 0.724702 0.530695 0.250000 0.375000 41.487596 0.745764 0.168573
0.067988 0.656937 0.717187 0.522541 0.534206 0.397026 0.250000 0.625000 27.698456 0.488997 0.081845
-0.001570 0.389953 0.508896 0.484592 0.450826 0.144424 0.875000 0.875000 20.666653 0.358058 0.081845
-0.026526 0.370014 0.457942 0.466537 0.675089 0.237688 0.000000 0.875000 26.682497 0.470079 0.168178
-0.016912 0.488905 0.537140 0.474450 0.556204 0.248672 0.125000 0.875000 21.925741 0.381503 0.254511
0.061676 0.755693 0.759857 0.570751 0.642031 0.688642 0.125000 1.125000 35.310625 0.630743 0.272260
0.114541 0.905545 0.938986 0.603376 0.471410 0.682696 0.250000 0.125000 34.951417 0.624054 0.254913
0.262700 1.089350 1.223227 0.648058 0.654511 0.588419 0.375000 0.250000 39.927002 0.716704 0.254913
0.200914 1.070375 1.135992 0.649149 0.806038 0.655746 0.250000 0.250000 45.221189 0.815287 0.168580
0.289876 1.141837 1.274723 0.678099 1.127039 0.860936 0.125000 0.875000 57.792702 1.049381 0.168178
0.200660 1.095929 1.194816 0.689891 1.564313 0.974379 0.250000 0.750000 70.122124 1.278966 0.167775
0.182358 1.097175 1.203567 0.717178 2.260920 1.342885 0.125000 0.000000 95.046104 1.743075 0.167775
0.407644 1.197820 1.457612 0.730239 1.922336 2.546721 0.625000 0.125000 115.728486 2.128201 0.167775
0.326460 1.186876 1.381943 0.691348 1.748577 1.846871 0.125000 0.000000 97.397594 1.786862 0.168178
0.437416 1.198217 1.466853 0.724464 1.403957 1.532167 0.375000 0.375000 97.157655 1.782394 0.081845
0.299281 1.141791 1.316067 0.700541 1.089960 1.047316 0.375000 0.625000 83.444400 1.527040 0.168178
0.464151 1.165707 1.436024 0.679639 0.878526 0.983747 0.000000 0.500000 80.833391 1.478421 0.167833
0.352930 1.120837 1.320524 0.689096 0.866765 1.484421 0.125000 0.500000 78.566623 1.436211 0.167776
0.363606 1.069601 1.332646 0.679901 1.302616 2.103031 0.125000 1.500000 96.260367 1.765686 0.254109
0.488490 1.167601 1.464682 0.718542 1.704936 2.041883 0.125000 1.125000 106.996026 1.965594 0.241833
0.636096 1.234747 1.534107 0.760097 1.863673 1.653724 0.250000 0.750000 91.457119 1.676245 0.241833
0.664411 1.246378 1.533320 0.753102 2.090687 1.937553 0.375000 0.375000 96.403589 1.768353 0.232324
0.367114 1.177450 1.288642 0.768803 1.953506 1.964566 0.000000 1.625000 100.564662 1.845836 0.232324
0.486404 1.209512 1.394685 0.789761 2.315717 2.103314 0.000000 0.250000 115.738254 2.128383 0.296427
0.608840 1.216926 1.495433 0.789344 2.281637 2.263756 0.125000 0.250000 118.469012 2.179232 0.296427
0.515146 1.185955 1.397561 0.805470 2.051368 2.219325 0.125000 0.375000 110.463606 2.030164 0.240748
0.286633 1.079705 1.161837 0.766651 1.446056 1.702532 0.000000 0.500000 74.491089 1.360321 0.253246
0.154518 0.969893 0.996833 0.703608 0.852158 1.030039 0.500000 0.125000 47.742521 0.862237 0.253246
0.067969 0.809386 0.832782 0.619100 0.703384 0.668546 0.500000 0.500000 38.442118 0.689054 0.270260
-0.031406 0.376172 0.528670 0.462788 0.225898 0.126997 0.750000 0.375000 46.616611 0.841271 0.063061
-0.032417 0.250612 0.442183 0.397315 0.298985 0.051403 0.625000 0.375000 28.918052 0.511707 0.166591
-0.009262 0.225668 0.487364 0.406099 0.470591 0.031537 0.750000 0.375000 34.477030 0.615220 0.166798
-0.039292 0.201064 0.495914 0.345788 0.595789 0.043237 0.250000 0.625000 30.068151 0.533123 0.166798
-0.056430 0.159619 0.437135 0.321172 0.478064 0.043847 0.250000 0.750000 20.814245 0.360806 -0.005408
-0.065300 0.162258 0.405725 0.306776 0.408260 0.066458 1.000000 0.750000 20.047893 0.346536 -0.005408
-0.036867 0.136608 0.360305 0.248177 0.296461 0.047432 0.875000 0.625000 16.240820 0.275645 -0.005408
-0.037736 0.150501 0.447371 0.285044 0.232667 0.047530 0.375000 0.500000 17.979104 0.308013 -0.005408
-0.000805 0.164639 0.406839 0.327288 0.179742 0.045575 1.250000 0.500000 18.220704 0.312512 -0.005408
0.078175 0.241933 0.529476 0.405541 0.212155 0.077878 0.375000 0.125000 30.140527 0.534471 -0.092028
0.143094 0.279926 0.636315 0.462408 0.326486 0.083801 0.250000 0.125000 37.656266 0.674421 0.166971
0.251489 0.454891 0.794746 0.568851 0.464265 0.079708 0.125000 0.000000 48.342700 0.873413 -0.091338
0.340612 0.627108 0.863483 0.650327 0.472065 0.094858 0.250000 0.000000 53.304546 0.965807 0.063612
0.490752 0.636855 0.886302 0.737564 0.378543 0.064009 0.375000 0.000000 39.236594 0.703848 0.037471
0.613375 0.720778 0.898407 0.782993 0.437596 0.252000 0.500000 0.000000 35.035205 0.625614 0.167212
0.696108 0.762949 0.877970 0.820715 0.642724 0.480722 0.500000 0.000000 40.957008 0.735884 0.170204
0.834293 0.847340 0.884776 0.906361 0.841398 0.769613 0.250000 0.375000 46.906585 0.846671 0.170204
0.900716 0.887010 0.901066 0.958594 0.932825 0.549538 0.875000 0.375000 41.159609 0.739656 0.243914
0.886464 0.912814 0.914626 0.959134 0.933182 0.537767 0.875000 0.375000 40.828662 0.733494 0.243914
0.799508 0.931561 0.936594 0.950825 1.218677 0.404233 0.000000 0.375000 46.436157 0.837911 0.317865
0.733646 0.964458 0.954892 0.952066 1.300773 0.515864 0.000000 0.625000 49.840928 0.901311 0.342813
0.681049 1.000453 0.974817 0.980246 0.782664 0.980927 0.875000 0.000000 49.153493 0.888510 0.429146
0.666535 1.007540 0.987147 0.972281 0.631025 1.105131 0.125000 0.000000 51.518552 0.932550 0.342870
0.645923 1.074907 1.009443 0.981347 0.678941 1.152225 0.125000 0.375000 52.393939 0.948851 0.391914
0.716044 1.035960 1.014422 0.987120 0.965357 1.002810 0.250000 0.375000 51.090863 0.924586 0.342870
0.729179 0.999756 0.999260 0.977441 0.998974 0.822768 0.125000 0.500000 50.013247 0.904520 0.340039
0.762848 0.966625 1.002997 0.983779 0.885686 0.734338 0.125000 0.500000 51.341159 0.929247 0.340039
0.736991 0.949138 0.989713 1.000678 0.916705 0.704355 0.125000 0.375000 53.059275 0.961240 0.340039
0.718860 0.969859 1.012807 0.992083 1.097907 0.921844 0.000000 0.250000 57.112871 1.036722 0.340039
0.796797 0.931617 0.963302 0.974969 0.806134 0.701240 0.125000 0.500000 47.553743 0.858721 0.340441
0.764364 0.968797 0.983931 0.995235 0.937620 0.772993 0.625000 0.000000 51.698607 0.935903 0.315487
0.848218 1.021792 1.020128 1.001766 0.756336 0.863002 0.625000 0.500000 52.799547 0.956403 0.340039
0.846695 1.037010 1.035237 1.012757 0.541342 0.909579 0.375000 0.375000 54.851900 0.994620 0.374894
0.884981 0.990835 0.998252 1.007238 0.476243 0.744846 1.250000 0.250000 50.776729 0.918737 0.374342
0.911580 0.993972 0.999453 0.996453 0.476306 0.641959 0.500000 0.125000 48.037504 0.867730 0.374342
0.868155 1.054244 1.038229 1.025605 0.644073 0.617181 0.875000 0.000000 46.359796 0.836489 0.426142
0.764629 1.049848 1.045321 1.038121 1.013199 0.738147 0.250000 0.000000 50.664493 0.916647 0.426142
0.779887 1.024103 1.040043 1.040952 1.026795 0.847465 0.250000 0.000000 53.876233 0.976452 0.322059
0.860309 1.002856 0.995916 1.024315 0.736954 0.752888 0.250000 0.375000 52.652672 0.953668 0.322059
0.877905 0.997917 0.948020 1.013797 0.655751 0.646751 0.000000 0.375000 32.845016 0.584831 0.170260
0.834660 1.071402 1.020192 1.034625 0.775538 1.238284 0.500000 0.500000 50.815978 0.919467 0.169999
0.760760 1.060756 1.067055 0.995866 0.753054 1.966462 0.375000 0.000000 67.874780 1.237119 0.169999
0.743886 1.071447 1.063372 0.992888 0.922714 1.662484 0.250000 0.125000 64.638579 1.176858 0.167876
0.678504 1.141965 1.127139 1.032081 1.056638 1.115782 0.375000 0.250000 59.108979 1.073891 0.167876
0.665419 1.105564 1.109900 1.048496 1.141022 0.998487 0.375000 0.250000 56.857402 1.031965 0.168178
0.628150 1.068252 1.110935 1.035412 1.186671 1.256076 0.250000 0.250000 61.501374 1.118440 0.168178
0.537682 1.086222 1.111387 1.024666 1.041662 1.634720 0.125000 0.125000 67.795271 1.235638 0.168178
0.541526 1.086513 1.117228 1.018408 1.083477 1.631583 0.375000 0.000000 67.987747 1.239222 0.168178
0.586489 1.067082 1.134816 1.012837 1.044772 1.441326 0.250000 0.000000 61.735363 1.122797 0.168178
0.530712 1.061998 1.125944 0.999635 1.154291 1.115702 0.250000 0.000000 55.233161 1.001720 0.168178
0.580266 1.001167 1.087171 1.008297 1.242964 0.897269 0.250000 0.750000 58.081994 1.054768 0.168178
0.603402 1.002171 1.080724 1.000678 1.115320 1.007665 0.500000 0.750000 62.093767 1.129471 0.168178
0.558605 0.966018 1.042579 0.983338 0.919451 1.102554 0.750000 0.875000 55.217439 1.001427 0.168178
0.587471 1.016911 1.082621 0.967163 0.984466 1.366796 0.125000 0.000000 59.424091 1.079759 0.094178
0.624569 0.979435 0.995611 0.940728 0.704986 1.238049 0.000000 0.750000 48.730943 0.880642 0.103428
0.632853 0.997521 0.996434 0.958272 0.686775 1.206454 0.375000 0.500000 52.893807 0.958159 0.103428
0.602913 0.981411 1.001016 0.949599 0.802681 1.082670 0.875000 0.375000 57.865211 1.050731 0.168178
0.676378 0.918959 0.980530 0.952041 0.884592 0.937652 0.250000 0.375000 52.243430 0.946048 0.110622
0.547171 0.944535 0.985395 0.974117 0.837655 1.317016 0.750000 0.375000 55.366853 1.004209 0.103428
0.545700 0.952286 0.973430 0.996558 0.839620 1.218116 0.625000 0.375000 50.105268 0.906233 0.094178
0.567065 0.902859 0.955330 0.972982 0.587868 1.082058 0.000000 0.375000 40.805081 0.733055 -0.026071
0.538444 0.887508 0.940316 0.959477 0.570826 1.182465 0.000000 0.250000 43.371184 0.780838 -0.026071
0.549717 0.918569 0.942861 0.966827 0.603666 1.034072 0.375000 0.250000 50.213851 0.908255 -0.053821
0.558196 0.895630 0.924689 0.961858 0.576623 0.771391 0.750000 0.250000 51.027797 0.923412 0.094178
0.561401 0.871412 0.909586 0.943617 0.573073 0.672810 0.000000 0.000000 47.796819 0.863248 0.168178
0.558017 0.859260 0.884667 0.953247 0.687365 0.826639 0.000000 0.000000 49.763357 0.899867 0.279177
0.623701 0.865743 0.857434 0.965657 0.782462 0.985056 0.500000 0.625000 51.157146 0.925820 0.211344
0.601524 0.830133 0.824999 0.944593 0.880809 0.803661 0.500000 0.375000 44.806733 0.807569 0.556676
0.672749 0.855346 0.820762 0.945961 0.694159 0.683440 0.750000 0.250000 37.233918 0.666556 0.797174
0.688388 0.825257 0.790309 0.920206 0.587734 0.559743 0.750000 0.250000 32.368416 0.575956 0.718550
0.681323 0.798162 0.761857 0.896654 0.419351 0.576217 0.125000 0.875000 29.090014 0.514909 1.042298
0.694688 0.790773 0.761192 0.912416 0.355042 0.582306 0.125000 0.125000 28.899802 0.511367 1.167172
0.686973 0.712268 0.684919 0.896654 0.450487 0.545451 1.125000 0.625000 30.136100 0.534388 1.107048
0.671696 0.730252 0.684633 0.935394 0.530261 0.600774 1.000000 0.000000 30.678244 0.544483 1.167172
0.663606 0.711590 0.677120 0.926407 0.495562 0.609629 0.750000 0.250000 28.325554 0.500674 1.019173
0.734707 0.723290 0.700729 0.935694 0.570268 0.545076 0.000000 0.375000 29.937176 0.530684 0.982173
0.666580 0.668238 0.656192 0.908948 0.674343 0.378985 0.750000 0.000000 29.749908 0.527197 1.009923
0.669711 0.658011 0.667155 0.877547 0.660496 0.362743 0.750000 0.625000 29.806800 0.528256 0.945173
0.685489 0.684437 0.670402 0.910861 0.547892 0.331820 0.125000 0.625000 26.564188 0.467876 0.879993
0.681883 0.713055 0.689720 0.948412 0.545737 0.305691 0.250000 0.625000 25.753035 0.452771 1.009492
0.719511 0.726572 0.683392 0.951993 0.634514 0.352128 0.250000 0.625000 26.776961 0.471838 0.879993
0.723374 0.747248 0.699217 0.961219 0.637538 0.441123 0.375000 0.625000 28.089631 0.496281 0.800902
0.691220 0.736489 0.702173 0.943759 0.580423 0.485813 0.625000 0.375000 29.484567 0.522256 0.858113
0.675927 0.743773 0.708639 0.943895 0.514304 0.505212 0.750000 0.375000 30.958867 0.549709 0.840919
0.637463 0.731328 0.673810 0.942709 0.480274 0.516022 0.000000 0.375000 28.389837 0.501871 0.996318
0.667242 0.764211 0.714937 0.954303 0.394110 0.763865 0.000000 0.375000 31.923419 0.567670 1.030778
0.663641 0.778324 0.736031 0.956577 0.481079 0.849733 0.125000 0.250000 33.758309 0.601837 0.915668
0.660543 0.783523 0.719006 0.954237 0.477857 0.851306 0.250000 0.625000 32.948862 0.586764 0.858113
0.643087 0.760192 0.717464 0.937177 0.402751 0.725776 0.375000 0.000000 28.760936 0.508781 0.743079
0.638402 0.756278 0.721405 0.943759 0.440938 0.516342 0.500000 0.125000 28.465090 0.503272 0.685442
0.616962 0.740353 0.705940 0.946058 0.447292 0.475401 0.625000 0.500000 29.593610 0.524286 0.620692
0.590208 0.707265 0.690998 0.911654 0.503790 0.664738 0.750000 0.250000 33.887542 0.604244 0.685442
0.603467 0.727244 0.727645 0.921499 0.601715 0.763872 0.000000 0.000000 34.994501 0.624856 0.622118
0.607837 0.739906 0.760636 0.928624 0.598214 0.659930 0.500000 1.125000 31.674025 0.563026 0.752914
0.593505 0.743738 0.770170 0.960474 0.564853 0.515634 0.250000 0.375000 28.227510 0.498848 0.752914
0.520139 0.712966 0.710442 0.984596 0.517846 0.473118 0.125000 0.875000 26.788839 0.472059 0.803054
0.531510 0.737834 0.704189 0.978566 0.441216 0.517280 0.125000 1.000000 27.489502 0.485106 0.918164
0.583521 0.732233 0.769430 0.986015 0.433810 0.610588 0.000000 0.375000 33.530984 0.597604 0.947163
0.561985 0.745511 0.776967 0.985237 0.531340 0.699668 0.250000 0.500000 42.036427 0.755984 0.984841
0.492631 0.750814 0.755693 0.968262 0.598868 0.613394 0.625000 0.250000 39.406477 0.707011 0.818008
0.458725 0.782780 0.767193 0.968662 0.582039 0.549272 1.250000 0.250000 33.153854 0.590582 0.818008
0.489121 0.791868 0.774235 1.041256 0.437194 0.574613 0.125000 1.250000 30.809802 0.546933 0.818008
0.463033 0.801369 0.801721 1.042222 0.260149 0.461125 0.625000 0.250000 35.037019 0.625648 0.816626
0.499146 0.783401 0.788442 1.043179 0.204586 0.261983 0.375000 0.125000 39.148035 0.702199 0.621080
0.487229 0.764637 0.794736 1.034300 0.436016 0.344413 0.250000 1.125000 45.172324 0.814377 0.523956
0.542755 0.792482 0.864967 1.007415 0.739285 0.652347 0.375000 0.125000 49.226905 0.889877 0.394457
0.555208 0.770151 0.853656 1.005210 0.782969 0.779877 0.125000 0.000000 46.614028 0.841223 0.264957
0.574500 0.819677 0.865368 1.017023 0.719147 0.719137 0.625000 0.625000 40.016048 0.718362 0.311759
0.605858 0.838202 0.873390 1.020305 0.729314 0.640360 0.000000 0.500000 38.571262 0.691459 0.297401
0.586351 0.816652 0.860611 1.022099 0.792217 0.547097 0.375000 0.500000 36.354091 0.650173 0.349201
0.604465 0.792725 0.842903 1.004573 0.837367 0.618558 0.375000 0.375000 37.818086 0.677434 0.452800
0.633573 0.803688 0.855152 0.984976 0.714776 0.787073 0.375000 0.000000 40.388456 0.725297 0.349201
0.614830 0.833138 0.877284 0.976938 0.493164 0.861424 0.375000 0.250000 39.083514 0.700998 0.297677
0.626801 0.835283 0.879032 0.978017 0.487037 0.945013 0.375000 0.250000 40.265735 0.723012 0.297677
0.616421 0.838884 0.874510 0.996752 0.776687 0.950897 0.375000 1.125000 47.304996 0.854090 0.323577
0.623637 0.866784 0.872443 0.998684 0.955431 0.763073 0.250000 0.500000 47.244523 0.852963 0.323577
0.518121 0.923175 0.964202 1.016631 0.798617 0.757657 0.250000 0.875000 44.226025 0.796756 0.323577
0.512429 0.884843 0.942873 0.992505 0.701961 0.823336 0.375000 0.875000 46.559133 0.840201 0.323301
0.493611 0.854680 0.912614 0.986376 0.781171 0.842948 0.500000 0.625000 48.515452 0.876629 0.323301
0.598678 0.874898 0.908652 0.992505 0.863391 0.811954 0.625000 0.625000 44.640684 0.804477 0.323301
0.613237 0.893229 0.907685 0.997601 0.852636 0.814230 0.125000 0.000000 47.674364 0.860968 0.271225
0.593826 0.882082 0.900106 1.007742 0.968657 0.813813 0.125000 0.125000 56.140333 1.018612 0.323025
0.592872 0.871882 0.886536 1.010649 1.058865 0.799638 0.250000 0.250000 61.575305 1.119816 0.322784
0.624278 0.899988 0.910090 0.995632 0.846723 0.796207 0.375000 0.250000 55.099555 0.999232 0.339962
0.700552 0.936215 0.908295 0.982873 0.602991 0.762640 0.375000 0.375000 40.249288 0.722705 0.339962
0.689803 0.907406 0.903826 0.984976 0.594968 0.776731 0.375000 0.500000 38.176743 0.684113 0.397517
0.727413 0.917438 0.872344 0.994881 0.603532 0.744151 0.625000 0.500000 37.619869 0.673743 0.397517
0.695093 0.918972 0.876031 1.009476 0.572068 0.761342 0.125000 0.375000 39.331317 0.705612 0.361780
0.705289 0.915344 0.874952 1.005643 0.607648 0.745779 0.875000 0.375000 44.712254 0.805810 0.361478
0.611972 0.884600 0.854582 0.983522 0.671743 0.735942 0.875000 0.000000 44.770410 0.806893 0.361478
0.630282 0.883034 0.844773 0.971412 0.736003 0.766428 1.000000 0.000000 41.930614 0.754013 0.297073
0.599738 0.902355 0.870261 0.975243 0.799270 0.768245 0.375000 0.000000 42.002704 0.755356 0.361823
0.637317 0.911662 0.861665 0.975243 0.641914 0.647132 0.375000 1.000000 35.894013 0.641606 0.297375
0.588759 0.933533 0.868547 1.010649 0.702985 0.564462 0.000000 1.000000 34.996380 0.624891 0.282752
0.559383 0.921063 0.866092 1.031962 0.684655 0.668155 0.125000 0.375000 34.594068 0.617400 0.225196
0.568588 0.910422 0.853850 1.017023 0.709557 0.820279 0.125000 0.000000 37.294284 0.667680 0.110086
0.583372 0.911056 0.858891 1.020330 0.795551 0.830048 0.250000 0.000000 39.540851 0.709514 0.102824
0.600792 0.924498 0.894678 1.011869 0.829223 0.870577 0.375000 0.000000 41.939830 0.754185 0.110086
0.614660 0.920519 0.905136 1.015694 0.752782 0.948318 0.375000 0.000000 42.210926 0.759233 0.167909
0.636452 0.891045 0.895747 1.024997 0.724570 0.804855 0.250000 0.000000 42.162399 0.758329 0.167909
0.628284 0.895040 0.906134 1.027707 0.725598 0.597092 0.000000 0.000000 39.563764 0.709940 0.225465
0.704103 0.859088 0.884061 1.001687 0.677421 0.517764 0.000000 1.000000 35.588489 0.635917 0.167909
0.674655 0.831399 0.896549 1.001712 0.808513 0.471827 0.250000 0.375000 39.033353 0.700064 0.232625
0.654121 0.789945 0.895006 0.985237 1.052407 0.558000 0.375000 0.500000 49.751767 0.899651 0.242177
0.634425 0.778826 0.900886 0.957472 0.725659 0.772895 0.875000 0.500000 45.157405 0.814099 0.168178
0.516552 0.803704 0.932062 0.980467 0.548124 0.739508 0.125000 0.625000 41.075223 0.738085 0.241832
0.395061 0.812980 0.898143 0.975523 0.514814 0.736868 0.125000 0.125000 45.380116 0.818246 0.265000
0.302751 0.772995 0.868896 0.958946 0.593668 0.580332 1.125000 0.625000 51.194917 0.926524 0.265000
0.232253 0.770416 0.836540 0.984371 0.655081 0.326059 1.000000 0.000000 48.708469 0.880224 0.200251
0.150670 0.750393 0.798651 0.966993 0.522988 0.327325 0.125000 0.125000 44.580645 0.803359 0.265000
0.084373 0.679351 0.713157 0.948081 0.278499 0.404007 0.125000 0.000000 30.176962 0.535149 0.265000
0.057434 0.596194 0.642078 0.936136 0.239935 0.463259 0.625000 0.875000 26.456765 0.465875 0.265000
0.030415 0.547965 0.543656 0.908484 0.258356 0.513330 0.375000 0.375000 26.252298 0.462068 0.311797
0.017983 0.564467 0.530783 0.949519 0.335214 0.457951 0.375000 0.500000 29.918761 0.530341 0.351177
0.037096 0.527880 0.496854 0.916864 0.375464 0.305759 0.375000 0.500000 25.662434 0.451084 0.402977
0.036261 0.491778 0.472390 0.884209 0.303060 0.234018 0.375000 0.625000 17.973272 0.307905 0.403218
0.049064 0.465040 0.448178 0.893850 0.233331 0.271679 1.250000 0.000000 15.239828 0.257005 0.377318
0.039326 0.472661 0.393749 0.877678 0.141061 0.278792 0.625000 0.000000 12.379167 0.203737 0.377318
0.044336 0.462242 0.374848 0.864812 0.112050 0.276941 0.250000 0.000000 11.678519 0.190690 0.377077
0.059313 0.466841 0.371962 0.866458 0.117967 0.279075 0.125000 0.250000 11.472961 0.186863 0.325277
0.068265 0.450435 0.364747 0.846070 0.093309 0.239528 0.125000 0.500000 9.918016 0.157908 0.273477
0.062409 0.448993 0.365484 0.804447 0.090154 0.230917 0.375000 0.500000 9.154423 0.143689 0.273477
0.057536 0.438269 0.348878 0.774649 0.077508 0.303175 0.250000 0.625000 9.690215 0.153666 0.221678
0.052348 0.437797 0.349367 0.780986 0.062809 0.360032 0.250000 0.625000 10.157876 0.162374 0.167695
0.054708 0.428216 0.342760 0.747223 0.073656 0.289422 0.875000 0.250000 9.107262 0.142811 0.167695
0.050000 0.457625 0.378417 0.780253 0.131751 0.201717 0.000000 1.000000 9.167807 0.143938 0.167695
0.050161 0.432012 0.388661 0.741069 0.230578 0.210571 0.250000 0.375000 12.409403 0.204300 0.167695
0.060653 0.418284 0.389495 0.755532 0.286323 0.271586 0.250000 0.125000 15.851641 0.268398 0.167695
0.048107 0.426730 0.392691 0.757723 0.216249 0.284722 0.125000 0.250000 13.395464 0.222661 0.167936
0.050275 0.451848 0.397844 0.732480 0.158989 0.306970 0.125000 0.250000 11.787862 0.192726 0.167936
0.037091 0.533232 0.459345 0.824419 0.169048 0.321055 0.250000 0.250000 11.898095 0.194779 0.167936
0.040649 0.514191 0.446917 0.834128 0.228177 0.333697 0.250000 0.250000 14.056307 0.234967 0.167909
0.022970 0.512157 0.437190 0.847541 0.243697 0.315706 0.125000 0.375000 14.531329 0.243812 0.167909
0.048420 0.470941 0.425300 0.799880 0.188777 0.200765 0.000000 0.000000 12.003186 0.196736 0.168178
0.033127 0.557522 0.492305 0.879475 0.105861 0.375821 0.000000 0.500000 14.237643 0.238344 0.168178
0.045651 0.568609 0.495103 0.874273 0.155516 0.475116 0.000000 0.375000 18.701475 0.321464 0.168178
0.060349 0.637244 0.552393 0.910665 0.253397 0.413201 0.000000 0.375000 21.850786 0.380108 0.103169
0.025783 0.605079 0.527428 0.893850 0.289274 0.275705 0.250000 0.375000 23.580490 0.412316 0.103169
0.036802 0.589778 0.518003 0.870678 0.294683 0.318637 0.125000 0.500000 21.837825 0.379866 0.103169
0.014683 0.574261 0.509608 0.876045 0.270676 0.346081 0.500000 0.000000 18.407586 0.315992 0.103169
0.025851 0.573799 0.505843 0.856366 0.239061 0.300817 0.625000 0.625000 15.943668 0.270111 0.167919
0.027161 0.565868 0.502121 0.862691 0.263597 0.341205 0.500000 0.750000 16.585964 0.282072 0.167679
0.002298 0.595443 0.531216 0.870969 0.420793 0.455720 0.500000 0.875000 20.840383 0.361293 0.167679
0.012212 0.621094 0.530607 0.861221 0.278364 0.416435 0.500000 0.125000 18.051222 0.309356 0.169428
-0.002580 0.645290 0.558142 0.909744 0.257888 0.423483 0.625000 0.500000 17.323156 0.295799 0.169428
-0.016024 0.574210 0.494549 0.869598 0.287374 0.411818 0.625000 0.375000 16.890910 0.287750 0.169428
-0.002703 0.604612 0.509354 0.880901 0.354645 0.368974 0.000000 0.750000 17.315325 0.295653 0.221193
0.021045 0.622937 0.545945 0.893547 0.439961 0.436117 0.500000 0.000000 21.025375 0.364738 0.272993
-0.005594 0.605323 0.504980 0.856705 0.346437 0.494234 0.375000 0.000000 20.638287 0.357530 0.272993
0.032648 0.613467 0.543849 0.861725 0.279797 0.473432 0.500000 0.125000 19.324879 0.333073 0.272993
-0.007043 0.575221 0.505494 0.853675 0.225261 0.355759 0.000000 0.125000 15.497663 0.261806 0.221193
-0.012047 0.583704 0.496718 0.852380 0.198789 0.296810 0.250000 0.250000 13.592884 0.226338 0.221193
0.000433 0.572186 0.492893 0.869813 0.164801 0.304594 0.875000 0.125000 12.904789 0.213525 0.221193
0.010873 0.548088 0.483013 0.876045 0.154310 0.342530 0.250000 0.125000 13.067026 0.216546 0.219494
0.041761 0.484108 0.443187 0.847767 0.171923 0.328071 0.250000 0.250000 14.043317 0.234725 0.219494
0.056953 0.510753 0.462019 0.880738 0.201225 0.262511 0.375000 0.125000 15.075177 0.253939 0.271294
0.048562 0.480283 0.449278 0.858979 0.189950 0.192025 0.375000 0.000000 15.183803 0.255962 0.271294
0.052562 0.468633 0.451795 0.852773 0.170950 0.250413 0.375000 0.625000 16.114712 0.273296 0.219494
0.059382 0.492582 0.462207 0.913273 0.128704 0.340560 0.250000 0.750000 15.541056 0.262614 0.225196
0.051990 0.500171 0.473672 0.931437 0.106028 0.389276 0.750000 0.750000 14.012949 0.234160 0.110086
0.082838 0.611106 0.552780 0.976776 0.184693 0.422961 0.000000 0.125000 15.229135 0.256806 0.110086
0.110137 0.650134 0.582649 0.991360 0.273121 0.388208 0.125000 0.500000 17.357644 0.296441 0.110086
0.148767 0.695599 0.655413 0.991360 0.438377 0.466980 0.750000 0.375000 24.338305 0.426428 0.110086
0.123806 0.714907 0.670778 0.988578 0.470591 0.496683 0.000000 0.250000 25.486470 0.447808 0.102824
0.142112 0.760818 0.723843 1.000678 0.431379 0.455885 0.000000 0.250000 24.784054 0.434728 0.102824
0.119368 0.863392 0.830992 0.989840 0.612748 0.556830 1.125000 0.250000 34.247112 0.610939 0.038075
0.178392 0.785676 0.793538 0.967612 0.685538 0.497581 0.625000 0.000000 35.173975 0.628198 0.038377
0.239090 0.807247 0.853996 0.950825 0.634575 0.577443 0.125000 0.500000 35.443638 0.633220 0.019834
0.229274 0.804080 0.824642 0.950825 0.628206 0.690539 0.125000 0.000000 37.649507 0.674295 0.038377
0.234155 0.763918 0.827290 0.938643 0.604565 0.732752 0.125000 0.000000 43.509529 0.783414 0.167876
0.222964 0.735801 0.811902 0.919060 1.088477 0.824019 0.125000 0.000000 53.365149 0.966935 0.167876
0.219038 0.726508 0.823502 0.913098 1.552707 0.836525 0.125000 0.000000 58.511098 1.062758 0.168178
0.164501 0.721137 0.768387 0.917589 0.904196 0.672319 0.250000 0.000000 42.068084 0.756573 0.168178
0.174712 0.731228 0.766772 0.916834 0.835932 0.541615 0.375000 0.125000 38.868969 0.697003 0.170605
0.162503 0.683477 0.735064 0.898444 0.782800 0.549536 0.375000 0.125000 36.482568 0.652565 0.171009
0.172132 0.703652 0.744935 0.876045 0.746227 0.646324 0.375000 0.625000 36.296533 0.649101 0.171575
0.239099 0.684306 0.790114 0.877869 0.628808 0.552127 0.375000 0.500000 36.369964 0.650469 0.172425
0.223255 0.712840 0.804440 0.892146 0.727607 0.494636 0.250000 0.625000 35.808315 0.640010 0.172425
0.241389 0.733791 0.915458 0.850634 1.168443 0.626647 0.750000 0.000000 50.173749 0.907508 0.171821
0.207277 0.745629 0.846359 0.887151 1.212981 0.636617 0.125000 0.250000 48.003405 0.867095 0.173036
0.236984 0.766371 0.874609 0.938678 1.007101 0.568582 0.125000 0.500000 44.107096 0.794542 0.175465
0.129169 0.788312 0.871333 0.955357 0.576076 0.473314 0.125000 0.375000 46.082221 0.831320 0.000370
0.127811 0.813294 0.880111 0.970464 0.418404 0.418956 0.000000 0.375000 53.922775 0.977319 0.042322
0.140052 0.835520 0.904652 0.999413 0.571325 0.440310 0.125000 0.375000 50.951936 0.921999 0.167574
0.094123 0.863472 0.945927 1.016962 0.723035 0.624832 0.500000 0.375000 48.600267 0.878209 0.167574
0.558984 0.598436 0.666784 0.764531 0.494977 0.507041 0.375000 0.375000 28.017530 0.494938 0.167574
0.093757 0.848027 0.864770 1.006817 1.098729 0.738373 0.375000 0.000000 66.174170 1.205452 0.167695
0.081587 0.899068 0.887508 1.022044 1.105257 0.754235 0.500000 0.625000 65.846217 1.199345 0.167775
0.090742 0.870574 0.854580 0.976102 0.994165 0.736822 0.500000 0.500000 53.270680 0.965176 0.168178
0.107355 0.823306 0.807200 0.938361 0.780697 0.697197 0.000000 0.375000 41.596043 0.747783 0.168178
0.110840 0.836196 0.782459 0.925109 0.630393 0.708804 0.375000 0.375000 39.855238 0.715368 0.168523
0.124660 0.858198 0.792891 0.916834 0.620772 0.603017 0.375000 1.000000 40.813764 0.733217 0.316522
0.130866 0.818498 0.752276 0.869121 0.562749 0.497427 0.000000 0.375000 36.446646 0.651897 0.341246
0.079570 0.800764 0.730953 0.865754 0.432481 0.640674 0.750000 0.250000 29.499910 0.522542 0.168580
0.107207 0.739961 0.691635 0.829523 0.414465 0.419454 0.875000 0.625000 23.760533 0.415669 0.168580
0.065095 0.707042 0.655459 0.832568 0.340007 0.473716 0.000000 1.250000 23.384238 0.408662 0.242523
0.116715 0.671505 0.628275 0.843307 0.362773 0.406466 0.000000 0.500000 27.905513 0.492852 0.242868
0.122529 0.649038 0.612674 0.842054 0.407967 0.418959 0.750000 0.250000 32.222845 0.573245 0.316867
0.126068 0.587366 0.546763 0.829753 0.204159 0.342053 0.750000 0.375000 22.100992 0.384767 0.242868
0.151409 0.655122 0.617032 0.874338 0.251453 0.349280 0.375000 0.375000 23.045246 0.402350 0.298281
0.150317 0.669617 0.617396 0.916043 0.379819 0.373774 0.375000 0.250000 24.222102 0.424264 0.363074
0.167094 0.685105 0.619763 0.931876 0.452049 0.474774 0.250000 0.375000 24.958017 0.437967 0.316917
0.219376 0.665561 0.607234 0.963830 0.370209 0.570205 0.250000 0.375000 22.381956 0.389999 0.363074
0.282798 0.662167 0.590251 0.959659 0.319685 0.499604 0.125000 0.375000 21.870852 0.380481 0.462801
0.275472 0.665538 0.587223 0.968346 0.375243 0.381274 0.000000 0.250000 20.703498 0.358744 0.462801
0.290801 0.651001 0.559644 0.967163 0.365737 0.368965 1.125000 0.250000 21.269937 0.369292 0.398051
0.289110 0.637652 0.542218 0.921171 0.326253 0.374175 0.625000 0.125000 21.164437 0.367327 0.462844
0.300614 0.639486 0.536675 0.944461 0.271469 0.348890 0.125000 0.000000 20.057560 0.346716 0.592343
0.343353 0.645901 0.523635 0.967163 0.155912 0.388451 0.375000 0.000000 16.161911 0.274175 0.657093
0.375191 0.626496 0.505004 0.981983 0.254447 0.300256 0.375000 0.000000 15.033823 0.253169 0.652938
0.395931 0.581804 0.479059 0.969138 0.291721 0.248570 0.375000 0.125000 14.128087 0.236304 0.652544
0.353020 0.514265 0.457587 0.926407 0.210269 0.207747 0.375000 0.250000 10.973688 0.177566 0.850996
0.365693 0.538526 0.476802 0.929027 0.286530 0.248480 0.500000 0.125000 14.177197 0.237218 0.851342
0.384965 0.528160 0.471518 0.916917 0.284327 0.314113 1.000000 0.875000 16.511900 0.280692 0.881114
0.434968 0.472104 0.431195 0.856042 0.298608 0.309973 0.750000 0.500000 16.115931 0.273319 0.859454
0.457450 0.491035 0.440061 0.870014 0.246317 0.362467 0.625000 0.125000 15.865188 0.268650 0.945864
0.477255 0.440255 0.393446 0.839861 0.175832 0.142201 0.125000 0.625000 11.639102 0.189956 1.010268
0.511687 0.380715 0.338309 0.813728 0.148802 0.102438 0.125000 0.125000 11.547811 0.188256 0.881114
0.458839 0.422847 0.387160 0.820036 0.167478 0.165266 0.500000 0.625000 12.721544 0.210112 1.010614
0.451729 0.417128 0.388405 0.817334 0.161874 0.206525 0.375000 0.375000 12.969545 0.214730 1.010614
0.481999 0.441955 0.416119 0.823514 0.099812 0.250878 0.375000 0.250000 13.329080 0.221425 1.056962
0.550583 0.415966 0.368726 0.814517 0.061111 0.190902 0.375000 0.375000 9.072876 0.142171 0.686964
0.577241 0.435229 0.398166 0.838021 0.041398 0.239767 0.375000 1.000000 10.078130 0.160889 0.686635
0.534589 0.473141 0.450687 0.866458 0.094848 0.337920 0.125000 1.000000 15.199855 0.256261 0.600302
0.469158 0.527344 0.487663 0.907731 0.248932 0.287432 0.000000 0.250000 17.016650 0.290091 0.600763
0.454598 0.511838 0.480429 0.914609 0.385965 0.233621 0.000000 0.375000 20.257271 0.350435 0.600763
0.417330 0.520102 0.503882 0.935800 0.381870 0.239539 0.000000 0.750000 23.845183 0.417245 0.341764
0.382654 0.555986 0.580642 0.942813 0.273263 0.315751 0.375000 0.750000 25.938082 0.456217 0.254971
0.366210 0.565692 0.589237 0.956166 0.201134 0.391239 0.500000 0.375000 24.146310 0.422852 0.169098
0.341434 0.612114 0.607503 0.967514 0.188851 0.475598 0.625000 0.625000 23.927810 0.418784 0.316966
0.275502 0.658545 0.599271 0.983338 0.257481 0.455670 0.625000 1.625000 20.228191 0.349893 0.427867
0.234372 0.622236 0.563003 0.960256 0.349054 0.361655 0.750000 0.750000 19.706998 0.340188 0.622116
0.199122 0.680135 0.603251 0.962329 0.443573 0.435286 1.250000 0.000000 24.259059 0.424952 0.629540
0.200245 0.635315 0.590140 0.925678 0.474765 0.488781 1.000000 0.000000 24.986627 0.438500 0.687211
0.226657 0.645940 0.620770 0.907340 0.420353 0.447195 0.500000 0.125000 24.869303 0.436315 0.557625
0.251640 0.633908 0.640229 0.869485 0.403024 0.388778 0.875000 0.125000 25.461762 0.447347 0.557625
0.300665 0.608756 0.646027 0.845729 0.571842 0.252769 0.750000 0.500000 25.151992 0.441579 0.687260
0.333785 0.598123 0.622870 0.817730 0.506407 0.247036 0.625000 1.500000 25.057980 0.439829 0.773774
0.378731 0.578695 0.633888 0.788069 0.392006 0.280052 0.125000 0.625000 31.766168 0.564742 0.790741
0.470176 0.564427 0.652756 0.739072 0.452838 0.312515 0.250000 0.625000 37.634429 0.674014 0.687383
0.524999 0.530878 0.600601 0.657486 0.549497 0.357495 1.500000 0.500000 33.198911 0.591421 0.515121
0.565029 0.475589 0.546958 0.576185 0.333271 0.345346 0.125000 0.500000 20.542934 0.355754 0.170595
0.582947 0.435016 0.483417 0.551999 0.176485 0.320445 0.125000 0.500000 14.772019 0.248294 -0.348784
0.624710 0.402262 0.425396 0.524140 0.096639 0.183198 0.250000 0.000000 11.424001 0.185951 -0.348784
