1.003417 1.083010 1.741676 0.347182 0.999313 0.770014 0.815393 1.059280 1.468453 1.224336 0.680604 0.956505 0.575760 0.377570 0.629912 1.232823 0.514767 0.742279 0.661676 0.661690 0.016379
0.865624 0.539476 0.719271 0.756064 0.980178 0.900312 0.751331 0.748990 0.763427 0.361271 0.250190 0.553498 1.750310 0.516190 1.001600 0.078295 0.005750 0.221234 0.593256 0.593561 0.016794
0.365050 0.268532 0.232042 -0.091308 1.017827 -0.192612 0.416266 0.453138 0.295917 0.299672 0.233632 0.441498 0.005404 0.004193 0.007566 0.008374 0.006578 0.005839 0.592134 0.592489 0.034247
0.396526 0.311499 0.318384 0.062623 0.983674 0.082531 0.390886 0.533706 0.462211 0.643660 0.380601 0.752502 0.029660 0.015870 0.043006 0.434415 0.025243 0.082107 0.668832 0.671452 0.204764
0.357600 0.320584 0.445246 0.077242 0.926325 0.210611 0.377093 0.570275 0.602857 0.641473 0.539444 1.073742 0.114893 0.030472 0.059016 0.432573 0.159421 0.854675 0.705519 0.712637 0.080020
0.392800 0.293871 0.352939 0.163101 0.940593 0.192347 0.433043 0.536627 0.451891 0.676443 0.496788 0.891601 0.101081 0.040613 0.052635 0.302114 0.218584 0.663630 0.699417 0.699676 0.030092
0.354447 0.275922 0.323107 0.005081 0.926271 0.116553 0.378840 0.480660 0.438990 0.438531 0.382491 0.614197 0.023128 0.007070 0.012527 0.138609 0.052366 0.071465 0.688198 0.688751 0.062447
0.310422 0.263506 0.307582 0.106068 0.959946 0.138592 0.326284 0.506551 0.398196 0.342295 0.366451 0.682915 0.006607 0.011816 0.022683 0.004057 0.003963 0.027804 0.688510 0.689572 0.077815
0.382182 0.325828 0.378407 0.095491 0.936569 0.129373 0.390735 0.620044 0.489688 0.420422 0.401760 0.814900 0.029248 0.012819 0.021066 0.087186 0.050791 0.310441 0.688135 0.689163 0.063946
0.306218 0.298493 0.268655 0.106527 0.931943 0.132935 0.310203 0.531054 0.359437 0.335914 0.406174 0.717082 0.006914 0.006324 0.010818 0.006400 0.009452 0.023079 0.688762 0.689120 0.059078
0.291415 0.306211 0.312805 0.108935 0.963171 0.147360 0.299713 0.522500 0.400797 0.383873 0.373095 0.635708 0.020371 0.008477 0.011722 0.110949 0.027346 0.102221 0.688594 0.688761 0.010448
0.235333 0.302885 0.298027 0.103539 0.934397 0.133858 0.261695 0.515140 0.419716 0.304409 0.380047 0.601420 0.004805 0.005758 0.010045 0.002266 -0.001772 0.035093 0.688806 0.688959 0.006494
0.308763 0.315903 0.319125 0.100831 0.933435 0.126797 0.317845 0.578525 0.400653 0.389906 0.398922 0.677320 0.008748 0.006378 0.012197 0.023442 0.012516 0.098818 0.688518 0.689055 0.039695
0.242337 0.318942 0.331551 0.106694 0.947531 0.143903 0.242364 0.549676 0.448624 0.306232 0.372083 0.623157 0.005275 0.005768 0.009356 0.018689 0.008926 0.027150 0.688505 0.688887 0.027164
0.281047 0.323114 0.310110 0.102897 0.934209 0.133171 0.276807 0.589724 0.438136 0.318443 0.368311 0.664397 0.012240 0.010133 0.015144 0.021532 0.013392 0.061177 0.688636 0.689075 0.044793
0.297252 0.322527 0.303102 0.520316 0.937924 0.243232 0.307440 0.551971 0.395397 0.386338 0.381663 0.660848 0.109738 0.024599 0.029421 0.037437 0.010407 0.106311 0.688761 0.689081 0.029638
0.246249 0.278061 0.287511 0.121930 0.928635 0.120671 0.258508 0.504841 0.395900 0.290993 0.381039 0.604394 0.040435 0.018032 0.023508 0.054278 0.060153 0.165361 0.699719 0.700705 0.082807
0.443521 0.143754 0.508060 0.248448 0.008680 0.983967 0.560343 0.196848 0.678404 0.378361 0.618331 0.211513 0.006359 0.010337 0.003358 0.018776 0.045406 -0.000157 -0.000052 0.000018 0.019041
0.433152 0.160120 0.522910 0.245345 0.007665 0.988230 0.553833 0.219607 0.742322 0.361474 0.548197 0.217795 0.005992 0.009646 0.003568 0.025589 0.016785 0.008270 0.000035 0.000116 0.015252
0.456552 0.147848 0.551179 0.238320 0.007539 0.947064 0.526605 0.219760 0.750038 0.373912 0.518701 0.245062 0.007730 0.010450 0.003263 0.015974 0.015497 -0.001798 0.000064 -0.000027 0.004042
0.429374 0.134428 0.520152 0.248309 0.011904 0.986168 0.526635 0.204010 0.702742 0.342992 0.524963 0.220096 0.005647 0.008955 0.003335 0.004926 0.033537 0.023031 0.000228 0.000230 0.002075
0.440939 0.170660 0.569785 0.241877 0.012854 0.958366 0.522310 0.240699 0.689728 0.365752 0.528708 0.228918 0.009504 0.010178 0.003599 0.012677 0.004402 0.009522 0.000366 0.000381 0.005865
0.453640 0.159333 0.548573 0.236849 0.010683 0.946583 0.517814 0.244300 0.679830 0.379045 0.570735 0.226924 0.009116 0.009752 0.003950 0.019269 0.021177 0.014152 0.000352 0.000402 0.006510
0.431287 0.144410 0.504313 0.241773 0.009348 0.984613 0.513303 0.197446 0.687078 0.340440 0.536217 0.218022 0.005788 0.008367 0.002988 0.003688 0.026907 0.008641 0.000266 0.000318 0.020361
0.441243 0.162276 0.564202 0.240899 0.010912 0.962756 0.458945 0.212570 0.715607 0.331849 0.508117 0.227642 0.005778 0.008246 0.003189 0.020720 0.012528 0.010636 0.000396 0.000289 0.005721
0.426036 0.144835 0.532715 0.236078 0.009563 0.945690 0.521309 0.247623 0.754869 0.341603 0.571087 0.220091 0.005638 0.009001 0.003026 0.018793 0.011222 0.009161 0.000288 0.000275 0.006313
0.437652 0.142903 0.583549 0.245246 0.016863 0.987820 0.570053 0.204811 0.737875 0.345648 0.569349 0.234996 0.008500 0.009438 0.005393 0.007484 0.021035 0.027138 0.000242 0.000194 0.004488
0.430661 0.152274 0.507566 0.227782 -0.006493 0.985459 0.497758 0.242867 0.732043 0.381188 0.513796 0.228698 0.006226 0.009450 0.003239 0.005252 0.023685 0.000430 -0.003798 -0.003811 0.005807
0.449822 0.170526 0.525270 0.235779 0.000356 0.992303 0.527939 0.243979 0.713920 0.392865 0.512736 0.234651 0.007194 0.008765 0.003340 0.021937 0.032663 0.001903 -0.003579 -0.003599 0.007874
0.452829 0.187219 0.493556 0.228270 0.002948 0.967675 0.523461 0.314422 0.675198 0.402777 0.579003 0.224533 0.007451 0.009081 0.003586 0.021633 0.012841 0.008511 -0.002921 -0.002749 0.021390
0.435107 0.159950 0.514431 0.225379 0.000468 0.941918 0.490789 0.236789 0.723957 0.395805 0.556819 0.228587 0.007113 0.008730 0.003603 0.017556 0.010556 0.020823 -0.002955 -0.002942 0.012973
0.771348 0.203313 0.335478 0.272838 -0.110601 0.985120 0.933568 0.269926 0.415983 0.586815 0.652417 0.151626 0.015905 0.026879 0.002215 0.035571 0.032056 0.017236 -0.006656 -0.006064 0.007916
0.689737 0.215063 0.261459 0.321755 0.206869 0.919475 0.878273 0.287724 0.356858 0.561956 0.439420 0.147843 0.009598 0.007049 0.001834 0.025960 0.007664 0.004255 0.056976 0.057098 -0.000026
0.745798 0.238117 0.248209 0.316050 0.202618 0.923138 0.902071 0.320914 0.368400 0.584940 0.446775 0.144461 0.010798 0.010513 0.002028 0.015097 0.008319 0.024040 0.056547 0.056610 0.017489
0.718285 0.211243 0.267035 0.312230 0.202030 0.924373 0.907953 0.261514 0.368023 0.565401 0.492422 0.159116 0.010048 0.007793 0.002578 0.021928 0.010778 0.036217 0.056347 0.056372 0.010224
0.808645 0.230166 0.276864 0.318926 0.205705 0.923641 0.998419 0.354441 0.367095 0.622169 0.463077 0.160725 0.010896 0.007501 0.002209 -0.001282 0.015202 -0.004360 0.056416 0.056445 0.007011
0.753090 0.216685 0.289915 0.297147 0.194340 0.885761 0.911479 0.295206 0.373190 0.633299 0.466952 0.158796 0.010852 0.008113 0.002440 0.020483 0.003015 0.001072 0.056248 0.056225 0.004754
0.815423 0.224611 0.242562 0.306635 0.202570 0.916594 1.002372 0.322623 0.300680 0.640400 0.502761 0.142290 0.010663 0.008402 0.001837 0.001007 0.019907 0.001513 0.056136 0.056175 0.002496
0.772664 0.227108 0.273301 0.277661 0.176398 0.892115 0.938437 0.276917 0.368669 0.602240 0.484413 0.168037 0.010721 0.007656 0.002574 0.007854 0.000136 0.026123 0.048502 0.048464 0.005485
0.833561 0.242806 0.303773 0.291486 0.175798 0.909729 1.011148 0.295955 0.366191 0.666038 0.517372 0.177598 0.011682 0.008566 0.002495 0.016886 0.016342 0.006710 0.048367 0.048384 0.004678
0.791274 0.222302 0.297216 0.279018 0.177945 0.895344 0.935252 0.300717 0.397003 0.652656 0.480705 0.166152 0.011474 0.007521 0.002720 0.004173 0.005724 0.003090 0.048418 0.048464 0.014439
0.818363 0.201715 0.299981 0.290655 0.186536 0.922716 0.967840 0.271140 0.429466 0.651301 0.508571 0.174525 0.012204 0.010523 0.004053 0.019639 0.010002 0.019901 0.048240 0.048184 0.009334
0.798894 0.223974 0.304158 0.274656 0.176272 0.891490 1.004536 0.283322 0.364384 0.661421 0.498942 0.159070 0.011545 0.007805 0.002225 0.020032 0.007672 0.003828 0.048090 0.048180 0.019606
0.758693 0.223651 0.298977 0.294654 0.182970 0.931792 0.890169 0.292207 0.417366 0.590065 0.502390 0.166101 0.010748 0.008280 0.002517 0.003424 0.017244 0.013766 0.048018 0.047980 0.013807
0.779549 0.229133 0.275927 0.277395 0.175207 0.896158 0.874286 0.303587 0.352900 0.638927 0.495271 0.168371 0.011132 0.007836 0.002445 0.027142 0.004446 0.017997 0.047808 0.047769 0.012863
0.762510 0.234056 0.301071 0.282389 0.175971 0.911539 0.926198 0.325417 0.389554 0.627945 0.529697 0.167378 0.010673 0.008667 0.002454 0.028685 0.016028 0.006815 0.047677 0.047777 0.005931
0.802726 0.240137 0.298740 0.285429 0.181939 0.929948 0.881286 0.319721 0.392855 0.619924 0.519078 0.170284 0.011713 0.008408 0.002298 0.012006 0.033899 0.007331 0.047518 0.047581 0.014246
0.833083 0.223707 0.330699 0.285346 0.183882 0.922921 0.924963 0.324000 0.411676 0.619719 0.537150 0.186223 0.010356 0.009094 0.002886 0.008004 0.035890 0.018430 0.047523 0.047539 0.013471
0.789573 0.232402 0.281354 0.291013 0.183842 0.930689 0.903668 0.303334 0.372672 0.601477 0.492013 0.169219 0.010367 0.007962 0.002377 0.008497 0.017018 0.015366 0.047142 0.047100 0.008149
0.715295 0.206344 0.312861 0.271469 0.175798 0.892724 0.807203 0.268211 0.373439 0.584166 0.481600 0.172706 0.009729 0.008221 0.002318 0.000032 0.017030 0.003710 0.046826 0.047114 0.004418
0.798931 0.235842 0.355632 0.293721 0.187983 0.931408 0.926624 0.350305 0.461239 0.583155 0.412587 0.167917 0.015033 0.092327 0.026357 0.018628 0.006618 0.008801 0.048950 0.061173 0.004880
4.312566 4.496621 5.015426 0.904145 1.914668 1.597347 4.680758 7.671609 6.660368 13.035719 17.142004 10.243060 4.753432 2.707667 0.998934 15.857510 15.564778 19.146692 0.143104 0.529209 2.071512
0.567691 0.213291 0.608722 1.048109 0.709946 -0.376714 0.774744 0.301562 0.823641 0.631314 0.284386 1.072258 0.021818 0.009988 0.034896 0.100738 0.039119 0.332446 0.521866 0.527718 0.146133
0.478624 0.149508 0.477792 1.034539 0.720315 -0.360246 0.558747 0.253804 0.528342 0.479579 0.208416 0.806307 0.008607 0.003484 0.014160 0.044333 0.005017 0.078663 0.517573 0.518748 0.062897
0.442846 0.148843 0.505176 1.036429 0.770258 -0.372233 0.544010 0.204411 0.655165 0.376141 0.159834 0.551319 0.006421 0.002828 0.009530 0.014599 0.006397 0.029703 0.521765 0.521922 0.021345
2.585835 2.119857 1.386386 1.304954 2.463530 2.553664 1.901809 1.730075 1.707001 0.707580 0.655595 0.603934 2.131649 2.210879 1.217873 0.309970 0.263481 0.062214 0.378641 0.521694 8.830563
7.998256 7.817303 10.554900 0.976974 1.837484 1.395801 16.315028 17.943981 23.068619 12.644260 20.830646 16.853035 2.147424 2.291967 1.527136 16.029723 24.949410 36.230534 0.586284 0.849567 31.995312
0.065510 -0.031020 0.243678 0.383552 0.613543 0.596455 0.087768 -0.047367 0.335383 0.054897 -0.027927 0.109781 0.001859 0.000548 0.002290 0.025687 0.001946 0.007060 0.849723 0.850130 0.007855
0.073638 -0.051199 0.169916 0.380244 0.609171 0.603195 0.078198 -0.068323 0.200194 0.045815 -0.048200 0.048476 0.001006 -0.000665 0.000397 0.014191 0.004349 -0.001852 0.851477 0.851521 0.015163
0.124754 0.015384 0.296346 0.377537 0.606687 0.604798 0.152791 0.029537 0.375620 0.076764 0.033961 0.106826 0.013217 0.013050 0.016718 0.025700 0.043806 0.092025 0.852486 0.853009 0.052570
0.062658 -0.016372 0.255533 0.374391 0.595795 0.596397 0.053341 -0.036713 0.284400 0.021299 0.000951 0.099769 0.000261 -0.000167 0.001213 0.003137 0.001120 -0.001775 0.853434 0.853508 0.014443
0.083687 -0.021488 0.230249 0.367235 0.584858 0.580280 0.088761 -0.042881 0.300433 0.060783 -0.001426 0.091131 0.000608 -0.000210 0.001896 0.012578 0.002811 0.020169 0.853478 0.853315 0.006126
0.087082 -0.012215 0.233077 0.377814 0.604007 0.613414 0.083031 -0.027809 0.307505 0.071351 0.004157 0.095172 0.000770 -0.000047 0.001475 -0.000384 -0.000675 0.000247 0.853568 0.853498 0.003990
0.069266 -0.012725 0.261055 0.360465 0.585677 0.581506 0.095996 -0.028320 0.327808 0.065425 -0.004922 0.106111 0.001090 -0.000156 0.001388 0.009530 0.001676 0.002923 0.853592 0.853413 -0.001467
0.109814 0.005502 0.278078 0.365288 0.586449 0.582684 0.113445 0.007784 0.365846 0.099050 0.023076 0.111899 0.004464 0.001724 0.002933 0.028295 0.028228 0.027670 0.852926 0.853550 0.051038
0.068779 -0.033684 0.244196 0.376878 0.607855 0.605002 0.064398 -0.050450 0.286168 0.065281 -0.012531 0.083549 0.000905 -0.000269 0.001227 0.002296 -0.000390 0.023121 0.852983 0.852887 0.003081
0.040844 -0.017272 0.257965 0.363414 0.588224 0.581236 0.038211 -0.027644 0.265262 0.075748 -0.002032 0.094776 0.001033 0.001798 0.002194 0.006069 0.000814 0.015923 0.852995 0.853076 0.008527
0.063071 -0.008253 0.289855 0.377118 0.606094 0.607426 0.075984 -0.011676 0.347399 0.047905 0.005274 0.108413 0.000166 -0.000074 0.001392 -0.003045 0.003492 0.001510 0.853606 0.853588 0.003666
0.000789 0.053546 -0.003013 0.334868 0.190849 0.901676 0.026195 0.089044 -0.003243 0.028247 0.018981 0.024093 0.000416 0.000141 0.000267 0.009551 -0.000558 0.005874 1.004680 1.004557 0.004086
-0.002513 0.058753 0.025281 0.332635 0.188877 0.901670 -0.003814 0.073192 0.047036 0.021310 0.007888 0.031739 0.000172 0.000194 0.000649 0.006470 0.003574 0.001669 1.004726 1.004556 0.003249
0.026285 0.065948 0.024521 0.333983 0.191833 0.903379 0.029990 0.096597 0.031703 0.024559 0.025757 0.036662 0.000227 0.000367 0.000291 0.006739 0.006292 0.003211 1.004677 1.004548 0.000017
0.174214 0.179676 0.191297 0.343766 0.198921 0.941328 0.203318 0.249806 0.221001 1.705110 0.653471 0.332629 0.238068 0.056531 0.038370 2.247576 0.744845 0.671375 0.997732 1.004423 0.883836
0.023815 0.043815 0.033544 0.355666 0.222391 0.887953 0.023207 0.060920 0.051057 0.039531 0.024738 0.041741 0.000919 0.001312 0.000731 0.043659 0.009522 0.014109 0.994907 0.995113 0.060203
-0.019729 0.022907 0.028035 0.351525 0.216207 0.888865 -0.030146 0.020735 0.045962 -0.019024 0.011889 0.053278 -0.000291 0.000031 0.000552 0.002174 0.004429 0.004409 0.995765 0.995862 0.013405
-0.028383 0.049853 -0.007309 0.352670 0.202641 0.910709 -0.032710 0.057809 -0.000383 -0.036775 0.033490 -0.017300 -0.000894 0.000608 -0.000531 0.002203 0.002855 0.006856 0.999515 0.999276 -0.002153
-0.030795 0.074317 -0.015655 0.358358 0.210040 0.932661 -0.033105 0.097496 -0.044122 -0.029250 0.050190 -0.010459 -0.000820 0.001013 -0.000213 0.020314 0.003571 0.000188 0.999636 0.999396 -0.002267
-0.029332 0.072148 -0.005864 0.355453 0.214708 0.931460 -0.040071 0.111159 -0.029349 -0.039051 0.047530 -0.017626 -0.000328 0.003139 0.001710 0.020993 0.005038 0.005610 0.999510 0.999475 -0.002088
-0.041438 0.047909 -0.031632 0.355488 0.214339 0.932605 -0.044261 0.039856 -0.022351 -0.036283 0.033274 -0.018891 -0.000853 0.000466 -0.000494 -0.004193 0.007881 -0.000949 0.999394 0.999456 0.003304
0.027385 0.040254 0.004528 0.354388 0.212872 0.932542 0.038179 0.055584 0.007854 0.037276 -0.002311 0.004208 0.001964 0.011703 0.002475 0.017812 0.006121 0.016756 1.001381 1.001251 0.003528
0.021464 0.020590 -0.015978 0.354759 0.208275 0.933232 0.005592 0.018215 -0.026782 0.047419 -0.010458 -0.000890 0.000269 -0.000170 -0.000035 0.002370 -0.000205 0.003602 1.001397 1.001373 0.005208
0.025781 0.023884 0.021060 0.342918 0.203223 0.911115 0.027096 0.044898 0.029072 0.031126 -0.003515 0.005367 0.000197 -0.000048 -0.000088 0.008152 0.007585 -0.002075 1.001423 1.001240 -0.000605
0.466014 0.293008 0.498790 0.336425 0.200255 0.901432 0.594669 0.476023 0.637363 3.489624 2.647493 0.808825 0.182292 0.110947 0.049737 3.507103 2.219693 1.293634 0.994554 1.001249 0.510611
0.014303 0.049123 0.002008 0.342070 0.203667 0.900789 0.024775 0.065472 0.001706 0.011929 0.053624 -0.018915 0.002177 0.002184 -0.000550 0.009329 0.001137 0.006455 0.999916 0.999845 0.009294
0.006470 0.051275 -0.020433 0.342861 0.202725 0.898625 0.017560 0.059136 -0.023313 0.024889 0.041199 -0.013666 0.000322 0.000881 0.000023 -0.000048 0.010545 0.002955 1.000126 0.999974 0.003803
-0.001184 0.050468 -0.013948 0.339833 0.201460 0.898114 -0.003770 0.062911 -0.008541 0.009968 0.038821 -0.014138 0.000081 0.000591 -0.000461 -0.002450 -0.000675 -0.005043 1.000188 1.000039 0.001174
0.012037 0.102560 -0.009995 0.341617 0.203004 0.899284 0.022114 0.121936 -0.010866 0.043763 0.070333 -0.019758 0.007030 0.005275 0.001647 0.005806 0.005048 0.003044 1.000135 0.999958 0.004577
0.076437 0.082159 0.049630 0.357120 0.221006 0.889373 0.089849 0.138197 0.062005 0.158190 0.086386 0.007781 0.109082 0.035571 0.018212 0.037205 0.049019 0.010105 0.985752 0.986427 0.052772
-0.004856 0.038270 0.003394 0.402790 0.214953 0.879440 -0.000132 0.040397 0.000255 -0.019350 0.040441 0.004620 -0.000626 0.000718 -0.000059 0.002941 -0.001018 0.007895 0.986844 0.986886 0.014229
-0.016252 0.065061 0.010056 0.414786 0.221521 0.914404 -0.023716 0.079803 0.001520 -0.027770 0.057640 0.000594 -0.000916 0.001119 -0.000213 -0.001439 0.003936 -0.005283 0.987249 0.987090 -0.002106
0.113038 0.152874 0.195915 0.399122 0.212633 0.879682 0.133825 0.202324 0.222125 0.702734 0.137816 0.170843 0.114915 0.140379 0.056114 0.844785 0.093767 0.205511 0.977520 0.987213 1.174246
0.001759 0.066343 0.041092 0.407489 0.294736 0.884124 0.000088 0.061751 0.041188 0.011900 0.036610 0.051277 0.001658 0.000598 0.001031 -0.003408 0.003631 0.019780 0.968157 0.968150 0.011313
0.048468 0.056964 0.052422 0.403267 0.296373 0.885201 0.046905 0.073381 0.048230 0.063207 0.055183 0.057975 0.078042 0.059234 0.008823 0.022800 0.005309 0.023501 0.968650 0.971764 0.021502
0.752603 0.944660 1.558944 0.680731 0.944406 0.693116 0.899693 1.135171 1.990176 0.590001 1.736753 2.673922 1.430018 3.349010 1.122315 0.130482 1.070035 3.077191 0.368252 0.395112 2.641401
0.750759 0.428675 0.643465 1.281632 0.833559 0.924629 0.530897 0.278875 0.322337 0.253352 0.184643 0.207326 0.713321 0.333207 0.461474 0.106188 0.024000 0.051491 0.786831 0.800945 0.134484
0.113273 0.035038 0.100294 -0.018930 0.810262 0.423577 0.127308 0.035881 0.131511 0.116248 0.127982 0.141552 0.002923 0.003085 0.003346 0.015459 0.027695 0.051763 0.784183 0.784689 0.059402
0.154506 0.050883 0.108633 -0.021628 0.785794 0.400122 0.186342 0.076960 0.147163 0.164575 0.090912 0.178888 0.019528 0.001596 0.003483 0.031791 0.014060 0.027903 0.782284 0.782574 0.045865
0.222364 0.066080 0.186596 -0.020141 0.801123 0.404590 0.240543 0.103492 0.253443 0.375988 0.243400 0.323451 0.022439 0.015744 0.021209 0.292867 0.173358 0.306951 0.782721 0.783881 0.130633
0.130604 0.032968 0.101082 -0.019191 0.812620 0.415902 0.152296 0.044771 0.153461 0.128302 0.096552 0.178009 0.002098 0.001261 0.003589 0.013484 0.001452 0.021063 0.783196 0.783322 0.006621
0.372433 0.339366 0.438535 0.013826 0.786557 0.395096 0.388150 0.384311 0.447852 0.382385 0.939528 1.065243 0.095155 0.095232 0.103100 0.277938 0.953310 1.866357 0.785689 0.786919 0.173745
0.277990 0.100960 0.178581 0.008350 0.850455 0.471719 0.287609 0.157061 0.244507 0.130466 0.155207 0.236923 0.254506 0.375851 0.427570 0.010155 0.014310 0.023413 0.787814 0.789154 0.085911
0.194557 0.089281 0.135186 0.032157 0.801796 0.424727 0.196446 0.130028 0.181261 0.196554 0.243290 0.282399 0.003475 0.005366 0.007558 0.014936 0.047446 0.074859 0.786203 0.786659 0.022217
0.156520 0.074800 0.093486 0.032208 0.804165 0.423995 0.156072 0.101551 0.082546 0.141883 0.172442 0.180217 0.002623 0.002797 0.003145 0.009031 0.010350 0.044086 0.782509 0.783613 0.020545
0.165025 0.072595 0.110279 0.025923 0.810613 0.411806 0.189979 0.122788 0.146132 0.131098 0.171530 0.244977 0.002182 0.002562 0.005029 0.018990 0.004464 0.096342 0.782140 0.782224 0.019273
0.229049 0.127946 0.175463 0.059315 0.809724 0.412874 0.216814 0.170573 0.220995 0.130890 0.142864 0.257592 0.096388 0.048728 0.045185 0.038558 0.010257 0.093660 0.780887 0.781282 0.047975
0.129962 0.050757 0.049661 0.001258 0.812829 0.384137 0.127370 0.086172 0.050583 0.101047 0.101032 0.185565 0.001847 0.001662 0.003762 0.018581 0.005352 0.016819 0.774659 0.775022 0.041401
0.155570 0.056066 0.076539 -0.001887 0.813415 0.384220 0.158596 0.069452 0.096280 0.112710 0.155532 0.178156 0.001740 0.003143 0.007316 0.002439 0.011900 0.029549 0.773899 0.774009 0.017540
0.230848 0.100889 0.134818 0.006477 0.822341 0.394759 0.274247 0.145472 0.208779 0.185398 0.182618 0.238039 0.012391 0.007735 0.010903 0.006848 0.030096 0.056463 0.773770 0.774242 0.040475
1.004481 1.417785 2.387973 0.954852 1.260784 0.923356 0.821668 1.082729 3.481629 8.368289 8.353308 33.600088 0.548832 1.823986 2.766647 7.822929 7.326896 52.637947 0.751698 0.774544 1.535843
0.997722 1.114022 1.000854 1.042730 0.963409 1.386665 0.895297 1.302206 1.004162 0.705001 1.090708 0.770646 2.155751 3.357081 2.620448 0.605925 1.166593 1.217988 0.499449 0.665910 28.317653
0.422964 0.299825 0.267307 0.430729 0.019565 0.939120 0.489357 0.484000 0.361283 0.342596 0.324314 0.171719 0.005824 0.005397 0.002564 0.027428 0.001069 0.028609 0.039919 0.039802 0.004168
0.380045 0.236884 0.227418 0.431478 0.018007 0.942446 0.404026 0.362088 0.303329 0.270413 0.248800 0.151143 0.005006 0.004009 0.003516 0.011109 0.011879 0.019301 0.039466 0.039514 0.007375
0.166419 0.254963 0.179288 0.294991 0.948329 0.116871 0.178882 0.407296 0.221817 0.094246 0.172063 0.328283 0.001505 0.002981 0.006062 0.014462 0.013823 0.029476 0.678868 0.679220 0.021168
0.303526 0.249340 0.197252 0.295222 0.947168 0.110514 0.318597 0.370585 0.266561 0.274164 0.181409 0.416009 0.005985 0.002613 0.006826 0.024904 -0.002202 0.025221 0.677937 0.677931 0.010424
1.192105 0.457247 0.583527 0.288764 0.952431 0.113823 1.647459 0.738814 0.875780 0.850442 0.342077 0.544025 0.046987 0.016831 0.022604 0.473581 0.062812 0.048493 0.675940 0.676546 0.024323
0.351267 0.269503 0.194871 0.264965 0.929999 0.088707 0.315169 0.400415 0.259336 0.239865 0.223294 0.472599 0.004291 0.003254 0.009419 0.006055 0.000259 0.144034 0.675447 0.675826 0.020178
0.815428 0.398137 0.482268 0.275268 0.955751 0.103808 0.885324 0.657899 0.707074 0.661609 0.323971 0.459292 0.047256 0.015932 0.021640 0.275931 0.053663 0.018693 0.675848 0.676124 0.029453
0.391390 0.018353 0.393127 -0.055376 0.056749 1.011545 0.431091 0.044043 0.517033 0.294770 0.122277 0.207736 0.005591 0.002292 0.004196 0.040493 0.008805 0.057949 -0.032374 -0.032249 0.014054
0.592164 0.223235 0.593320 -0.073471 0.040117 0.974207 0.717804 0.384119 0.783481 0.556932 0.291271 0.265781 0.047261 0.019649 0.007942 0.235305 0.141978 0.060780 -0.037810 -0.037784 0.010250
0.284745 0.006944 0.425531 -0.066965 0.046938 1.014614 0.305422 0.028209 0.557829 0.233236 0.119133 0.205759 0.004029 0.002542 0.004305 0.013551 0.012287 0.046176 -0.037589 -0.037564 -0.000919
1.283034 1.198388 1.961164 1.138256 0.995096 2.515291 0.908009 0.960480 1.721598 1.374856 2.548221 0.484858 2.106931 1.725715 2.513842 1.510219 1.954844 0.445486 0.732463 0.995766 47.398295
0.105503 0.094207 0.185172 0.547945 0.066708 0.861486 0.121636 0.131330 0.232572 0.097116 0.096261 0.103314 0.002946 0.009165 0.001643 0.006430 0.025619 0.019747 0.983163 0.984816 0.049087
0.148245 0.140580 0.298655 0.552512 0.077015 0.857654 0.158372 0.215440 0.385992 0.107568 0.084210 0.258195 0.027624 0.077801 0.015047 0.010921 0.035172 0.067163 0.981991 0.982426 0.009579
0.147380 0.055826 0.209331 0.559239 0.109517 0.866843 0.154638 0.087621 0.277828 0.147789 0.032159 0.178344 0.002124 0.000354 0.004453 0.008720 0.002020 0.023762 0.977344 0.978078 0.023639
0.078380 0.076869 0.205069 0.560298 0.115849 0.865494 0.075613 0.103484 0.254007 0.086793 0.024493 0.134446 0.001270 0.000292 0.002536 0.008719 0.001950 0.036168 0.976975 0.977161 0.005906
0.052446 0.107293 0.275522 0.551220 0.111310 0.849884 0.050781 0.159223 0.337124 0.067164 0.063590 0.148063 0.004609 0.115849 0.020994 0.059552 0.021990 0.082928 0.971136 0.976567 0.530342
0.149295 0.118346 0.328526 0.562995 0.163907 0.846172 0.198955 0.170412 0.414313 0.052036 0.110219 0.116816 0.025522 0.033884 0.018322 0.042266 0.076701 0.052537 0.967452 0.969090 0.098370
0.053910 0.079417 0.228343 0.554727 0.158822 0.851160 0.054171 0.099649 0.295241 0.032262 0.024076 0.154893 0.000265 0.000340 0.003987 0.008898 0.010302 0.061090 0.969124 0.969131 0.015979
0.074573 0.123430 0.304551 0.554488 0.161802 0.848759 0.072400 0.180843 0.412868 0.043307 0.062045 0.181237 0.005638 0.010436 0.008717 0.017116 0.012996 0.044599 0.968352 0.968669 0.020723
0.141954 0.163247 0.358304 0.532776 0.156557 0.811271 0.175030 0.270422 0.514627 0.074855 0.087528 0.211365 0.033441 0.015606 0.014689 0.033626 0.023862 0.066497 0.968024 0.968082 0.022265
0.157051 0.149215 0.391684 0.560619 0.171712 0.840154 0.144436 0.212230 0.506796 0.132250 0.127620 0.225183 0.005613 0.014238 0.005719 0.018625 0.045096 0.064240 0.964623 0.964936 0.008144
0.114629 0.065995 0.302357 0.540780 0.169272 0.811210 0.141820 0.099167 0.395832 0.108300 0.043931 0.131228 0.001545 0.000544 0.002360 -0.001400 0.004976 0.023468 0.964586 0.964499 0.005563
0.117318 0.102415 0.312993 0.559179 0.176023 0.844870 0.121183 0.134039 0.411424 0.106770 0.031548 0.166706 0.010456 0.011855 0.010140 0.006859 0.001970 0.027469 0.964551 0.964544 0.011891
0.348874 0.241441 0.592214 0.539907 0.172332 0.813451 0.412919 0.353812 0.828982 0.209167 0.109013 0.301862 0.064910 0.045050 0.034530 0.109025 0.054401 0.154367 0.967794 0.968045 0.009484
0.044782 0.088457 0.232807 0.534005 0.170739 0.832438 0.046288 0.124866 0.313064 0.039008 0.035984 0.185697 0.000342 0.000401 0.003063 0.013680 0.000946 0.042702 0.967936 0.968246 0.018869
0.052660 0.074909 0.277611 0.534575 0.169519 0.832240 0.052274 0.107767 0.311549 0.018430 0.031970 0.164135 0.000279 0.000483 0.003400 0.005319 0.006729 0.024136 0.968081 0.968143 0.010049
0.029918 0.067867 0.256185 0.542854 0.175018 0.846823 0.028593 0.099829 0.313094 0.004210 0.012836 0.137025 -0.000149 0.000115 0.001985 0.004434 0.001997 0.027829 0.968287 0.968274 0.018020
0.052467 0.106146 0.315161 0.544677 0.174607 0.848964 0.059745 0.173680 0.405461 0.068762 0.091410 0.158023 0.003036 0.004958 0.003895 0.034581 0.035718 0.020282 0.968750 0.968766 0.027447
0.018225 0.102445 0.275375 0.529674 0.174278 0.834359 0.015476 0.138854 0.362878 -0.006315 0.034930 0.209650 -0.000121 0.001117 0.003463 0.005983 0.008843 0.035511 0.968853 0.968756 0.010466
0.024095 0.091708 0.307665 0.538697 0.175366 0.843324 0.033298 0.124533 0.361628 -0.014132 0.022399 0.205180 0.002051 0.014974 0.007164 0.011092 0.011288 0.079679 0.968565 0.968553 0.017382
0.263731 0.236819 0.446872 0.519542 0.189298 0.807577 0.311379 0.392961 0.713432 0.303168 0.850634 0.274338 0.046135 0.129312 0.033727 0.308723 0.875368 0.060878 0.984052 0.991295 0.170546
0.020569 0.077654 0.257820 0.513232 0.140407 0.873197 0.019108 0.106703 0.355327 0.023143 0.018401 0.179386 0.000424 0.000716 0.002694 0.008873 0.005263 0.013380 0.981615 0.981560 0.001989
0.086562 0.144170 0.335228 0.511314 0.141687 0.871823 0.092204 0.200432 0.465115 0.097737 0.089556 0.158734 0.008883 0.021811 0.008991 0.013933 0.027594 0.065365 0.980357 0.981250 0.020543
3.289722 2.851367 3.198372 2.957305 3.497251 3.170410 0.949423 1.325074 0.997225 1.976313 1.558154 1.413271 4.068066 2.735592 3.040558 2.326384 1.761080 2.384300 0.613468 0.616586 0.106873
0.202967 0.223938 0.191727 0.276903 0.973222 -0.123796 0.234313 0.355667 0.241877 0.265270 0.099895 0.294040 0.004971 0.001758 0.008698 0.013488 0.002316 0.112997 0.611769 0.613077 0.050711
0.211489 0.268412 0.165667 0.280023 0.978544 -0.134225 0.203457 0.383901 0.218069 0.180066 0.150357 0.237839 0.002620 0.002349 0.005099 0.001949 0.004673 0.020537 0.610010 0.609908 0.008630
0.613514 0.450039 0.561696 0.285059 1.001030 -0.125033 0.737435 0.717251 0.869610 0.455036 0.240785 0.435141 0.056324 0.016476 0.025208 0.171448 0.038409 0.209534 0.607901 0.609500 0.075546
0.283863 0.306204 0.221307 0.281886 1.016102 -0.136745 0.298988 0.452424 0.295484 0.237470 0.187085 0.386706 0.006068 0.003837 0.007505 0.067414 -0.001965 0.107102 0.605942 0.606873 0.084641
0.278123 0.304943 0.144889 0.270769 0.986728 -0.145681 0.280385 0.430581 0.225767 0.222483 0.189280 0.389996 0.003561 0.003344 0.010419 0.014660 0.015575 0.111115 0.605759 0.606050 0.054844
1.322131 1.430672 0.999431 1.168130 1.395517 2.123830 1.831080 1.904903 1.336841 3.102019 3.595692 1.232436 3.206714 1.927647 1.840440 3.686377 4.070371 1.842215 0.457664 0.605606 27.149950
0.745014 0.266355 0.530665 0.268468 0.016516 0.982320 0.972852 0.478950 0.648360 0.621596 0.412533 0.229826 0.027955 0.013048 0.004989 0.343860 0.160010 0.044034 0.005532 0.005480 0.010657
0.435099 0.176610 0.459531 0.323925 0.021564 0.962096 0.508771 0.245039 0.547401 0.277659 0.343163 0.197103 0.013768 0.040803 0.007608 0.012985 0.004704 0.034521 0.018866 0.018747 0.003950
0.380461 0.156296 0.452313 0.306271 -0.003818 0.931101 0.458756 0.262804 0.509323 0.299276 0.295626 0.190939 0.006796 0.007522 0.003084 0.020164 0.007193 0.024800 0.016568 0.016577 0.002999
0.421604 0.133792 0.426741 0.325089 0.005361 0.967197 0.496160 0.183036 0.498906 0.303333 0.267559 0.232172 0.004738 0.004513 0.004213 0.003894 0.007110 0.071032 0.016343 0.016370 0.013420
0.380518 0.164517 0.435874 0.311569 -0.000250 0.934930 0.465145 0.246975 0.522315 0.284144 0.304242 0.238523 0.004598 0.006843 0.004863 0.016778 0.004300 0.075887 0.016208 0.016380 0.004696
0.389393 0.203194 0.397920 0.330539 0.008146 0.969422 0.452658 0.279085 0.448016 0.300508 0.324123 0.246945 0.011186 0.018048 0.006147 0.002525 0.018743 0.045072 0.015261 0.015142 0.005422
0.436315 0.185093 0.429008 0.308630 -0.005689 0.932483 0.493782 0.276911 0.499604 0.341942 0.341380 0.230734 0.006589 0.005131 0.004400 0.032496 0.002885 0.054509 0.015246 0.015208 0.003161
0.397833 0.170738 0.477039 0.324800 0.003030 0.967799 0.445919 0.274065 0.543850 0.340108 0.334398 0.200858 0.005432 0.005432 0.002809 0.001523 0.019419 0.000104 0.015220 0.015247 0.005245
0.419088 0.134774 0.431234 0.325061 0.002153 0.969479 0.472994 0.177602 0.483264 0.361372 0.310585 0.189246 0.005977 0.005478 0.003641 0.008927 0.030282 0.029440 0.015247 0.015322 0.004594
0.438698 0.189647 0.436118 0.308522 -0.002563 0.944902 0.517800 0.248681 0.482953 0.350993 0.344392 0.284932 0.006563 0.005999 0.004218 0.025533 0.028438 0.021860 0.015177 0.015084 0.006555
0.462883 0.154940 0.434999 0.323952 0.005135 0.970254 0.572194 0.204027 0.523999 0.371031 0.338164 0.248413 0.006292 0.005438 0.003995 0.005382 0.013715 0.015976 0.015138 0.015071 0.002991
0.487878 0.217584 0.503437 0.325133 -0.000062 0.971848 0.548645 0.326166 0.576102 0.369717 0.334716 0.256264 0.014455 0.011281 0.005995 0.048170 0.011022 0.070156 0.015204 0.015517 0.016293
0.435353 0.188837 0.456443 0.317305 0.002787 0.942345 0.461653 0.270249 0.567012 0.323455 0.338045 0.248230 0.006455 0.006199 0.004501 0.024921 0.008242 0.048310 0.015554 0.015492 -0.000955
0.457211 0.167294 0.473556 0.313589 0.005604 0.946058 0.527122 0.238817 0.603177 0.370515 0.365356 0.199319 0.007610 0.007537 0.002897 0.007423 0.023343 0.018598 0.015376 0.015306 0.003527
0.421970 0.187576 0.492197 0.310472 0.000042 0.937669 0.458990 0.289012 0.545348 0.357414 0.344941 0.221217 0.006473 0.008456 0.005019 0.028262 0.017579 0.044956 0.015555 0.015721 0.023048
0.393626 0.206409 0.434656 0.315971 -0.004989 0.934317 0.434103 0.279201 0.538728 0.303906 0.355394 0.263493 0.005658 0.005625 0.004664 0.026456 0.011941 0.081267 0.015479 0.015378 0.004093
0.904128 0.420909 0.521892 0.325805 0.003575 0.967455 1.185337 0.645636 0.658242 0.784383 0.563523 0.266720 0.026483 0.014862 0.005465 0.389022 0.133877 0.018232 0.015863 0.016024 0.016734
0.397718 0.168639 0.424099 0.330913 0.004398 0.962489 0.469222 0.229305 0.507549 0.333243 0.332259 0.242130 0.005119 0.005672 0.003669 0.001629 0.021949 0.034969 0.016030 0.015974 0.007232
0.377534 0.145541 0.432579 0.325349 0.009134 0.970966 0.440971 0.234929 0.501077 0.282221 0.342214 0.206629 0.004809 0.005852 0.002962 0.008298 0.020557 0.018406 0.016036 0.016024 0.009668
0.458351 0.174207 0.460887 0.324274 0.005718 0.967259 0.504863 0.253812 0.618741 0.351735 0.413665 0.210283 0.006596 0.007307 0.003631 0.020586 0.014845 0.014133 0.015743 0.015799 0.010749
0.392185 0.148659 0.420767 0.329487 0.006693 0.963931 0.417654 0.227370 0.501184 0.304480 0.337132 0.222858 0.005518 0.005186 0.004383 0.008757 0.007927 0.060660 0.015689 0.015719 0.005600
0.422677 0.175271 0.449117 0.310016 -0.000588 0.939730 0.464385 0.245475 0.526891 0.329240 0.369193 0.237351 0.005555 0.005751 0.004660 0.021450 0.013543 0.051059 0.015528 0.015511 0.013298
0.418698 0.139664 0.404819 0.327331 0.007838 0.935402 0.510297 0.200621 0.510103 0.335163 0.242433 0.223103 0.005848 0.003587 0.004344 0.009883 0.000389 0.078390 0.019370 0.019414 0.015903
0.539652 0.172848 0.463331 0.334839 0.004909 0.950317 0.643636 0.245227 0.565552 0.394402 0.251411 0.242414 0.011083 0.004978 0.004670 0.004106 0.001089 0.043030 0.019281 0.019280 0.013147
