0.000000
0.001000
0.002000
0.036000
0.043000
0.044000
0.045000
0.048000
0.049000
0.050000
0.051000
0.052000
0.055000
0.056000
0.057000
0.058000
0.059000
0.103000
0.105000
0.106000
0.107000
0.108000
0.109000
0.110000
0.111000
0.113000
0.115000
0.124000
0.127000
0.138000
0.139000
0.161000
0.170000
0.171000
0.172000
0.173000
0.174000
0.175000
0.186000
0.187000
0.188000
0.189000
0.190000
0.191000
0.192000
0.193000
0.194000
0.195000
0.202000
0.204000
0.209000
0.226000
0.227000
0.228000
0.241000
0.243000
0.244000
0.245000
0.246000
0.247000
0.248000
0.249000
0.250000
0.251000
0.252000
0.253000
0.254000
0.255000
0.268000
0.269000
0.270000
0.271000
0.272000
0.273000
0.285000
0.286000
0.287000
0.288000
0.289000
0.290000
0.291000
0.292000
0.293000
0.294000
0.295000
0.296000
0.297000
0.298000
0.299000
0.300000
0.301000
0.302000
0.315000
0.316000
0.317000
0.318000
0.319000
0.320000
0.321000
0.322000
0.323000
0.324000
0.325000
0.326000
0.327000
0.328000
0.329000
0.330000
0.331000
0.334000
0.335000
0.339000
0.340000
0.342000
0.343000
0.344000
0.356000
0.362000
0.363000
0.375000
0.376000
0.377000
0.378000
0.379000
0.380000
0.381000
0.382000
0.383000
0.384000
0.385000
0.386000
0.387000
0.388000
0.389000
0.390000
0.391000
0.392000
0.393000
0.394000
0.395000
0.396000
0.397000
0.398000
0.399000
0.402000
0.403000
0.404000
0.405000
0.406000
0.408000
0.419000
0.420000
0.421000
0.422000
0.423000
0.424000
0.425000
0.426000
0.427000
0.428000
0.429000
0.430000
0.431000
0.432000
0.433000
0.434000
0.435000
0.436000
0.437000
0.438000
0.439000
0.451000
0.452000
