1.435454 0.196170 0.200391 0.423594 0.051933 0.050581 0.000000 0.714286 8.252484 0.075824 0.141035
1.389209 0.186540 0.189036 0.374126 0.074954 0.049063 0.000000 0.428571 8.664333 0.081211 0.239733
1.343206 0.192898 0.190845 0.381619 0.066772 0.061033 0.571429 0.571429 8.999527 0.085596 0.239109
0.196077 0.865670 0.937761 0.928195 0.801053 0.329275 0.571429 0.142857 80.291157 1.018185 0.947345
0.257874 0.784863 0.809775 0.901635 0.406447 0.428326 0.142857 0.285714 39.149578 0.479999 0.810965
0.294831 0.761819 0.798846 0.874760 0.390522 0.576952 0.285714 0.428571 40.998852 0.504189 0.676204
0.291258 0.805244 0.821833 0.917653 0.504764 0.683691 0.571429 0.571429 47.237571 0.585800 0.676204
0.296159 0.805252 0.846584 0.964905 0.504473 0.581212 0.428571 0.857143 51.128956 0.636705 0.803541
0.291812 0.843597 0.872050 0.987866 0.530819 0.697372 0.571429 0.142857 61.180639 0.768194 0.827680
0.284914 0.853368 0.883177 0.977302 0.382386 0.775070 0.714286 0.285714 62.461790 0.784953 0.827680
0.312081 0.858663 0.872544 0.959971 0.289177 0.786489 0.285714 0.285714 55.412048 0.692733 0.843572
0.269059 0.895724 0.912403 0.959971 0.354246 0.855128 1.000000 0.142857 54.588116 0.681955 0.884380
0.245357 0.899578 0.914150 0.982574 0.302717 1.027478 0.857143 0.428571 62.318584 0.783080 0.924248
0.230446 0.941576 0.947351 0.968323 0.475151 1.074468 0.857143 0.428571 65.521197 0.824974 0.922639
0.241288 0.917163 0.945042 0.955049 0.588653 0.981681 0.571429 0.428571 65.475741 0.824380 0.922639
0.233777 0.938503 0.951576 0.981300 0.621081 0.828217 0.571429 0.428571 61.917316 0.777831 0.921112
0.221792 0.939293 0.948848 0.974951 0.570895 0.803891 0.714286 0.428571 55.653516 0.695892 0.867552
0.988775 0.090801 0.078224 0.224726 0.048404 0.009166 0.571429 0.285714 5.136246 0.035059 0.830665
0.970729 0.122268 0.095647 0.310368 0.024343 0.024680 0.142857 0.285714 5.014607 0.033468 0.742856
0.951043 0.140702 0.112077 0.343464 0.016161 0.052017 0.142857 0.142857 5.608796 0.041241 0.742500
0.920663 0.134573 0.103230 0.343464 0.006473 0.048956 0.428571 0.142857 5.183240 0.035674 0.713887
0.922332 0.130452 0.098834 0.315252 0.003554 0.036910 0.285714 0.142857 4.789177 0.030519 0.714122
0.918095 0.137681 0.106812 0.357830 0.003986 0.020752 0.428571 0.000000 4.237081 0.023297 0.676263
0.910771 0.155735 0.112987 0.384682 0.006442 0.015933 0.428571 0.714286 4.240383 0.023340 0.651351
0.881849 0.187614 0.137761 0.417772 0.014303 0.039677 0.285714 0.714286 5.386151 0.038328 0.651233
0.877356 0.205450 0.153874 0.456655 0.027519 0.071230 0.571429 0.571429 6.664964 0.055057 0.764978
0.911705 0.247847 0.194150 0.473028 0.041259 0.082675 0.142857 1.285714 8.020575 0.072790 0.765765
0.977346 0.239250 0.194105 0.477213 0.040070 0.081602 0.285714 0.000000 8.214302 0.075324 1.016534
1.007711 0.257556 0.218029 0.545328 0.068574 0.068091 0.857143 0.000000 9.108450 0.087021 1.054255
1.026653 0.254711 0.235847 0.504389 0.062428 0.121102 0.142857 0.142857 10.165968 0.100855 0.756004
1.025878 0.262810 0.273105 0.556965 0.030368 0.134283 0.142857 0.142857 9.475029 0.091816 0.728565
0.896715 0.030534 0.014860 0.109632 0.004919 -0.002917 0.571429 0.142857 2.418525 -0.000492 0.741480
0.938320 -0.013654 -0.016198 -0.003325 0.001450 0.009667 0.428571 0.428571 2.370140 -0.001125 0.920772
0.961474 0.014983 0.001167 0.054101 -0.002645 0.007002 0.000000 0.428571 2.442417 -0.000180 1.001687
0.960932 0.008029 -0.001751 0.032296 -0.001822 0.008779 0.571429 0.571429 2.367835 -0.001155 1.002599
0.940518 0.033717 0.027203 0.105464 0.013619 0.022473 0.142857 0.714286 3.474491 0.013321 1.024444
0.951795 0.035843 0.026848 0.087025 0.011881 0.018007 0.142857 0.571429 3.314240 0.011225 1.015877
0.970344 0.057378 0.040830 0.166149 0.010245 0.005472 0.000000 0.428571 2.984543 0.006912 1.016730
0.981358 0.060736 0.048788 0.132035 0.011075 0.005342 0.857143 0.571429 4.200040 0.022812 0.996584
0.998172 0.048152 0.030927 0.106177 0.006091 0.014391 0.142857 0.000000 3.916296 0.019101 0.997198
1.014205 -0.001274 -0.007593 -0.019401 0.000894 0.011160 0.000000 0.000000 2.697795 0.003161 0.997688
1.008512 -0.005339 -0.012584 -0.037484 -0.000951 -0.001768 1.000000 1.000000 2.329658 -0.001655 0.998508
1.002742 -0.003216 -0.012094 -0.007680 -0.003101 -0.007158 0.571429 0.714286 2.080480 -0.004914 0.998876
0.964745 0.000849 -0.012126 0.008515 -0.004285 -0.005811 0.571429 0.571429 2.211868 -0.003196 0.981285
0.962283 -0.001880 -0.011943 0.008417 -0.002958 -0.001902 0.428571 0.000000 2.667699 0.002767 0.878947
0.945873 0.021177 0.004139 0.106846 0.000129 -0.003112 0.428571 0.571429 2.844649 0.005082 0.879192
0.941731 0.028934 0.008849 0.147998 -0.000416 -0.004219 0.714286 1.142857 2.548971 0.001214 0.905765
0.934936 0.025522 0.009323 0.135742 -0.002105 -0.004848 0.285714 0.000000 2.349679 -0.001393 0.906009
0.946443 -0.018883 -0.015848 -0.018138 0.000839 -0.001903 0.571429 0.000000 2.411411 -0.000585 1.029377
0.947083 -0.020604 -0.015944 -0.023553 0.006723 0.006938 0.285714 0.142857 2.467453 0.000148 1.003950
0.969912 0.035406 0.024839 0.105937 0.018329 0.001179 0.285714 0.714286 3.196748 0.009688 0.669323
0.660286 0.081909 0.158619 0.162047 0.026255 0.045559 0.000000 0.285714 6.662482 0.055024 0.885486
0.641253 0.072834 0.148033 0.132440 0.077041 0.037471 0.714286 0.285714 9.463053 0.091660 0.919648
0.641277 0.041454 0.098081 0.064024 0.123385 0.024899 1.571429 0.142857 10.451885 0.104595 0.925833
0.602415 0.124239 0.200086 0.197784 0.040554 0.037807 1.142857 0.142857 13.032835 0.138357 0.578510
0.573770 0.304666 0.379273 0.400322 0.041168 0.015968 0.571429 0.714286 8.540856 0.079596 0.163599
0.494446 0.409108 0.471643 0.501417 0.055957 0.027723 0.571429 0.571429 17.709658 0.199536 0.238667
0.440938 0.445184 0.490559 0.548903 0.223194 0.127039 0.000000 0.142857 36.238448 0.441917 0.105567
0.421103 0.554336 0.576608 0.705093 0.449764 0.271730 0.571429 0.000000 42.843635 0.528322 0.101432
0.281932 0.708791 0.699000 0.837579 0.617143 0.411550 0.571429 1.142857 48.580394 0.603366 0.027140
0.190682 0.802376 0.825448 0.893887 0.403795 0.528711 0.142857 0.571429 51.803988 0.645535 0.182629
0.200340 0.790362 0.807909 0.911238 0.457835 0.615714 0.000000 0.571429 52.522275 0.654931 0.128478
0.202664 0.809906 0.817240 0.942531 0.383462 0.490684 0.142857 0.714286 49.763278 0.618840 0.155826
0.177639 0.875220 0.836703 0.990142 0.451137 0.568200 0.285714 0.000000 52.155828 0.650137 0.299867
0.227977 0.863226 0.835009 0.995649 0.596499 0.791980 0.428571 0.000000 58.705240 0.735812 0.377332
0.190827 0.915005 0.863112 1.002749 0.647160 1.094679 0.428571 0.142857 67.173107 0.846583 0.371263
0.165728 0.954373 0.904197 0.993094 0.505731 1.065058 0.428571 0.428571 62.862053 0.790189 0.425363
0.160057 0.967366 0.916926 0.983839 0.439321 0.977651 0.428571 0.428571 59.476926 0.745907 0.506123
0.060617 1.021400 1.002616 0.978723 0.909105 0.714057 0.714286 0.285714 73.501660 0.929369 0.647642
0.030726 0.997400 0.998256 0.946749 0.954604 0.721068 1.000000 0.142857 76.131161 0.963767 0.646627
0.030100 1.047954 1.021049 0.988992 0.784967 0.719931 0.000000 0.857143 64.665043 0.813775 0.613270
-0.010349 1.042614 1.019942 0.997908 0.861610 0.591435 0.000000 0.428571 65.679090 0.827040 0.600237
-0.003863 0.939413 0.936551 0.998167 1.108690 0.469292 0.000000 0.857143 71.381017 0.901628 0.595831
-0.032249 0.995877 0.963672 1.019535 0.779954 0.855387 1.000000 0.142857 68.307098 0.861417 0.641758
0.003896 1.014099 1.039042 0.986586 0.497818 1.333747 0.428571 0.142857 71.670338 0.905413 0.618428
0.010058 1.015510 1.022165 0.983839 0.381971 1.244084 0.428571 0.142857 67.149375 0.846273 0.584814
0.040802 1.012209 1.018126 0.958115 0.498828 1.452475 0.428571 0.142857 76.763026 0.972032 0.541556
0.065948 0.982978 0.982111 0.936023 0.718263 1.281561 0.571429 0.000000 76.109513 0.963483 0.483686
0.073521 0.949883 0.968298 0.944618 0.801445 1.201451 0.000000 1.428571 75.538452 0.956013 0.483686
0.060922 0.925286 0.965642 0.909599 0.870538 0.896039 0.000000 0.857143 71.460958 0.902674 0.283448
0.045145 0.914939 0.950381 0.897308 0.952926 0.745761 0.285714 0.142857 72.200757 0.912352 0.460064
0.071610 0.930693 0.966004 0.909380 1.089495 0.747335 0.000000 0.142857 78.399035 0.993433 0.535110
0.097469 0.879099 0.936339 0.890440 1.151101 0.669784 1.428571 0.142857 83.878969 1.065118 0.268721
0.068592 0.882805 0.914722 0.910354 0.657560 0.682839 0.428571 0.285714 64.883350 0.816630 0.524929
0.079099 0.857695 0.979813 0.892171 0.711196 0.711728 0.285714 0.142857 72.213266 0.912515 0.373736
0.015300 0.906172 0.950436 0.902379 0.698976 0.814135 0.142857 0.571429 66.667397 0.839968 0.637950
0.031788 0.826357 0.937730 0.927360 0.701897 0.794202 0.571429 0.000000 74.874411 0.947327 0.266781
-0.009919 0.799734 0.903722 0.914928 0.874798 0.610059 0.571429 0.428571 85.014477 1.079972 0.266781
0.004960 0.823675 0.926357 0.925240 1.058638 0.673360 0.571429 0.571429 91.229745 1.161276 0.345500
0.076253 0.838775 0.887493 0.893887 0.862879 0.591000 0.000000 1.428571 69.600705 0.878340 0.704242
0.123940 0.880546 0.959226 0.885638 0.980399 0.602183 0.857143 0.142857 79.654002 1.009850 0.703338
0.069492 0.873628 0.931234 0.892171 0.844550 0.462584 0.285714 0.285714 69.844309 0.881526 0.703338
0.111988 0.549573 0.565927 0.682882 0.120842 0.225304 0.142857 0.428571 29.258336 0.350608 0.683847
0.258235 0.641667 0.632255 0.741749 0.480319 0.468732 0.000000 0.000000 42.772109 0.527386 0.633777
0.226470 0.682205 0.681395 0.774606 0.487088 0.522919 0.000000 0.000000 50.438153 0.627668 0.619142
0.216476 0.675278 0.691939 0.810190 0.396160 0.487502 0.428571 0.142857 48.323009 0.599999 0.535442
0.233132 0.769045 0.786919 0.897363 0.414770 0.559192 0.285714 0.285714 49.418613 0.614331 0.619537
0.248411 0.785575 0.803187 0.939378 0.587950 0.420673 0.285714 0.285714 56.190709 0.702919 0.681901
0.194966 0.777736 0.795867 0.956686 0.707126 0.333740 0.142857 0.142857 50.295053 0.625796 0.725047
0.136015 0.856423 0.845045 0.941589 0.672804 0.548717 0.142857 0.000000 56.053162 0.701120 0.726050
0.111504 0.862420 0.851323 0.953739 0.585938 0.699845 0.571429 0.000000 58.129661 0.728283 0.813060
0.209644 0.794573 0.819307 0.960042 0.679017 0.633193 1.000000 0.000000 56.863109 0.711715 0.837121
0.226314 0.769326 0.802795 0.946115 0.832231 0.688360 0.571429 0.857143 63.135111 0.793761 0.779317
0.289552 0.771130 0.816146 0.974444 0.714772 0.679766 0.428571 0.285714 57.603597 0.721402 0.812043
0.260497 0.798326 0.835372 0.981103 0.663225 0.592564 0.428571 0.428571 56.852491 0.711576 0.812043
0.270219 0.692493 0.720139 0.902485 0.614954 0.403414 0.142857 1.000000 46.369170 0.574440 0.756702
0.295740 0.660529 0.664225 0.808680 0.509670 0.324546 0.142857 0.571429 40.435849 0.496825 0.582556
0.353446 0.598338 0.600493 0.789085 0.514045 0.324685 0.142857 0.571429 39.781093 0.488260 0.391729
0.385329 0.486903 0.511803 0.759326 0.306389 0.233648 0.428571 0.285714 30.240428 0.363455 0.204884
0.318968 0.320104 0.417320 0.562726 0.236224 0.116922 0.285714 0.571429 26.273889 0.311568 0.242707
0.231861 0.471776 0.625340 0.591761 0.089821 0.143917 0.142857 0.142857 21.368028 0.247392 0.354100
0.002575 0.688627 0.856398 0.661993 0.671331 0.340964 0.857143 1.285714 73.360454 0.927522 0.574565
-0.087357 0.603351 0.873231 0.689422 0.727127 0.335683 0.000000 0.714286 56.945304 0.712790 0.600953
0.230799 0.555887 0.543990 0.794269 0.154419 0.364853 0.142857 0.714286 26.258469 0.311366 0.735002
0.227850 0.562885 0.521758 0.799961 0.113210 0.275090 0.714286 0.285714 22.950280 0.268090 0.819204
0.227835 0.595871 0.584751 0.806016 0.081081 0.315973 0.571429 0.714286 21.927938 0.254717 0.764640
0.328163 0.489789 0.517152 0.727574 0.248128 0.335312 0.714286 0.428571 31.429650 0.379012 0.398553
0.353235 0.413444 0.433137 0.650458 0.179426 0.231300 0.428571 0.285714 24.691521 0.290868 0.441670
0.398133 0.417578 0.456406 0.592426 0.208427 0.200126 0.428571 0.285714 19.682720 0.225346 0.442729
0.166521 0.753373 0.763597 0.868849 0.502344 0.461342 0.714286 0.571429 47.538038 0.589731 0.452525
0.120456 0.711475 0.736507 0.917237 0.400697 0.401343 0.000000 0.000000 37.855919 0.463076 0.570699
0.126894 0.655399 0.695513 0.909380 0.366296 0.502013 0.142857 0.428571 44.260169 0.546852 0.395759
0.093116 0.857457 0.888986 0.923169 0.489613 0.829660 0.142857 0.428571 66.886158 0.842830 0.574937
0.118232 0.846960 0.842999 0.939192 0.577470 0.609447 0.714286 1.142857 63.324833 0.796243 0.251714
0.069703 0.834215 0.837279 0.973671 0.525796 0.564125 0.714286 0.142857 53.920520 0.673222 0.251714
0.109864 0.882799 0.879554 0.954423 0.579801 0.710134 0.000000 0.142857 55.867323 0.698689 0.251714
0.046596 0.869541 0.877956 0.942934 0.788173 0.488135 0.000000 0.857143 54.506162 0.680883 0.149482
0.061734 0.861183 0.878847 0.939524 0.950263 0.513261 0.714286 0.857143 59.284047 0.743384 0.149482
0.058708 0.869951 0.927333 0.937797 1.052691 0.728393 0.714286 0.428571 73.305159 0.926799 0.136377
0.127358 0.912246 0.938413 0.979274 1.147486 0.753260 0.000000 0.285714 74.789118 0.946211 0.174171
0.102536 0.918819 0.951182 0.942934 1.136996 0.632587 0.714286 0.428571 69.832258 0.881369 0.013234
-0.007082 1.003900 1.032612 1.005901 1.286456 0.810013 0.714286 0.428571 88.915951 1.131009 -0.064847
0.020461 0.976497 0.938363 1.054132 1.029401 0.642019 0.571429 0.285714 82.759720 1.050477 -0.068996
-0.097258 1.108684 1.057063 1.038947 0.659262 0.860848 0.285714 0.000000 102.258658 1.305549 -0.069800
-0.050071 1.026747 1.017259 1.006370 0.752472 0.687561 0.428571 0.714286 84.200250 1.069321 -0.069800
0.006692 0.972905 0.990741 1.026671 0.817451 0.863112 0.714286 0.285714 75.165272 0.951131 -0.090012
0.049115 0.901176 0.896258 1.019286 0.648535 0.949154 0.000000 0.142857 67.164286 0.846468 -0.146084
0.063839 0.904253 0.892583 1.021921 0.450725 0.886365 0.857143 0.142857 52.195052 0.650651 -0.146084
0.080850 0.846202 0.835879 0.992277 0.299876 0.695114 0.857143 0.142857 39.712920 0.487368 -0.073887
0.072149 0.799340 0.772225 0.936957 0.362465 0.651165 0.000000 0.000000 43.804150 0.540886 -0.019851
-0.083547 0.862425 0.908971 0.930091 0.593217 0.785038 0.571429 0.142857 76.047582 0.962673 0.034761
0.156697 0.702493 0.731857 0.836527 0.450235 0.610653 0.428571 0.142857 58.665721 0.735295 0.120278
0.172877 0.632741 0.636992 0.822630 0.414453 0.494434 0.428571 0.000000 53.351841 0.665783 0.163112
0.196658 0.706882 0.675025 0.866604 0.463937 0.357574 0.000000 0.428571 51.693674 0.644092 0.414356
0.191394 0.684454 0.642321 0.845067 0.266472 0.375773 0.428571 0.000000 29.851299 0.358365 0.586690
0.197388 0.516938 0.472168 0.787732 0.216649 0.214605 0.428571 1.142857 20.438578 0.235234 0.628006
0.193458 0.492266 0.441265 0.770220 0.169714 0.239196 0.142857 0.000000 22.077679 0.256676 0.663051
0.216311 0.447699 0.407307 0.701445 0.163361 0.210716 0.000000 0.000000 20.335379 0.233884 0.663051
0.257785 0.368801 0.345766 0.600911 0.150245 0.156153 0.285714 0.285714 17.542898 0.197355 0.628331
0.244602 0.263000 0.278889 0.442345 0.097096 0.085289 0.714286 0.857143 12.996584 0.137883 0.457802
0.415984 0.020358 0.026612 0.022615 0.012941 0.020740 0.000000 0.000000 3.329344 0.011423 0.521873
0.432714 0.019781 0.030728 0.002216 0.010407 0.015557 0.142857 0.000000 3.047528 0.007736 0.651586
0.454121 -0.002871 0.012748 -0.038390 -0.000193 0.005516 0.571429 0.428571 2.465308 0.000120 0.725875
0.455577 -0.006469 0.010673 -0.060661 0.009391 0.003362 0.428571 0.714286 2.762882 0.004012 0.621957
0.465182 0.001187 0.011231 -0.029768 0.026327 0.006658 0.571429 0.285714 3.557770 0.014411 0.624069
0.494649 0.016257 0.024024 0.007730 0.027344 0.015884 0.571429 0.428571 3.948399 0.019521 0.657885
0.486219 0.036816 0.038830 0.058937 0.019837 0.014943 0.571429 1.000000 3.997832 0.020167 0.658787
0.517361 0.070862 0.067707 0.153330 0.013977 0.013308 1.142857 0.000000 4.037792 0.020690 0.689112
0.536357 0.084885 0.078299 0.190886 0.014615 0.019921 0.571429 0.000000 4.141453 0.022046 0.690040
0.540242 0.066587 0.067964 0.165307 0.007957 0.027042 1.285714 1.000000 4.090202 0.021376 0.726070
0.560838 0.088707 0.093019 0.246410 0.009179 0.042164 0.285714 0.428571 4.830742 0.031063 0.726070
0.552225 0.138577 0.132000 0.321724 0.015298 0.057110 0.285714 0.142857 5.843657 0.044313 0.699301
0.551123 0.129365 0.125047 0.319563 0.023768 0.066259 0.000000 0.857143 6.307774 0.050384 0.665228
0.554732 0.125082 0.132544 0.306421 0.035380 0.070483 0.571429 0.857143 7.458277 0.065434 0.702230
0.577047 0.107881 0.122617 0.292263 0.036355 0.060197 0.571429 1.000000 7.146376 0.061354 0.739750
0.551884 0.108972 0.121565 0.300763 0.039183 0.049446 0.714286 1.000000 6.618031 0.054443 0.704140
0.565156 0.107394 0.117980 0.287117 0.030853 0.044338 0.000000 0.857143 5.388857 0.038364 0.741892
0.565658 0.111186 0.115151 0.293203 0.023287 0.040832 0.000000 0.714286 4.999220 0.033267 0.742581
0.556709 0.099602 0.098037 0.275785 0.022143 0.050121 0.000000 0.714286 5.390189 0.038381 0.615814
0.555011 0.107601 0.108139 0.301106 0.021155 0.070146 0.000000 0.571429 5.956346 0.045787 0.558331
0.539330 0.086770 0.087889 0.254393 0.024222 0.057634 0.857143 0.714286 5.387606 0.038347 0.558331
0.532063 0.073599 0.076848 0.218658 0.027229 0.023651 0.142857 0.571429 4.792317 0.030560 0.631774
0.540018 0.069473 0.072276 0.197973 0.030890 0.033888 1.000000 0.428571 5.575788 0.040809 0.638506
