0.258819
0.260926
0.263031
0.333807
0.348163
0.350207
0.352250
0.358368
0.360404
0.362438
0.364470
0.366501
0.372583
0.374607
0.376629
0.378649
0.380667
0.467544
0.471397
0.473320
0.475240
0.477159
0.479075
0.480989
0.482900
0.486717
0.490524
0.507538
0.513167
0.533615
0.535458
0.575362
0.591310
0.593068
0.594823
0.596575
0.598325
0.600071
0.619094
0.620806
0.622515
0.624221
0.625923
0.627623
0.629320
0.631014
0.632705
0.634393
0.646124
0.649448
0.657704
0.685183
0.686770
0.688355
0.708648
0.711720
0.713250
0.714778
0.716302
0.717823
0.719340
0.720854
0.722364
0.723871
0.725374
0.726874
0.728371
0.729864
0.748956
0.750400
0.751840
0.753276
0.754710
0.756139
0.773010
0.774393
0.775771
0.777146
0.778517
0.779884
0.781248
0.782608
0.783964
0.785317
0.786666
0.788011
0.789352
0.790690
0.792023
0.793353
0.794680
0.796002
0.812847
0.814116
0.815380
0.816642
0.817899
0.819152
0.820401
0.821647
0.822889
0.824126
0.825360
0.826590
0.827816
0.829038
0.830256
0.831470
0.832680
0.836286
0.837480
0.842217
0.843391
0.845728
0.846890
0.848048
0.861629
0.868199
0.869279
0.881921
0.882948
0.883970
0.884988
0.886001
0.887011
0.888016
0.889017
0.890014
0.891007
0.891995
0.892979
0.893959
0.894934
0.895906
0.896873
0.897836
0.898794
0.899748
0.900698
0.901644
0.902585
0.903522
0.904455
0.905384
0.908143
0.909054
0.909961
0.910864
0.911762
0.913545
0.923042
0.923880
0.924712
0.925541
0.926364
0.927184
0.927999
0.928810
0.929616
0.930418
0.931215
0.932008
0.932796
0.933580
0.934360
0.935135
0.935906
0.936672
0.937434
0.938191
0.938944
0.947629
0.948324
