1.000000
0.997009
0.994026
0.897762
0.879131
0.876501
0.873879
0.866060
0.863469
0.860887
0.858311
0.855744
0.848087
0.845550
0.843021
0.840499
0.837985
0.734495
0.730107
0.727923
0.725745
0.723574
0.721410
0.719252
0.717100
0.712816
0.708558
0.689709
0.683538
0.661379
0.659401
0.617342
0.600919
0.599122
0.597329
0.595543
0.593761
0.591985
0.572794
0.571081
0.569373
0.567669
0.565971
0.564278
0.562590
0.560907
0.559230
0.557557
0.545986
0.542724
0.534655
0.508107
0.506587
0.505072
0.485780
0.482878
0.481433
0.479993
0.478557
0.477126
0.475698
0.474275
0.472857
0.471442
0.470032
0.468626
0.467224
0.465826
0.448033
0.446693
0.445357
0.444024
0.442696
0.441372
0.425786
0.424513
0.423243
0.421977
0.420714
0.419456
0.418201
0.416950
0.415703
0.414459
0.413219
0.411983
0.410751
0.409522
0.408297
0.407076
0.405858
0.404644
0.389188
0.388024
0.386863
0.385706
0.384552
0.383401
0.382255
0.381111
0.379971
0.378834
0.377701
0.376571
0.375445
0.374322
0.373202
0.372086
0.370973
0.367653
0.366554
0.362187
0.361104
0.358947
0.357873
0.356802
0.344203
0.338071
0.337060
0.325158
0.324185
0.323215
0.322249
0.321285
0.320324
0.319365
0.318410
0.317457
0.316508
0.315561
0.314617
0.313676
0.312738
0.311802
0.310869
0.309939
0.309012
0.308088
0.307166
0.306248
0.305331
0.304418
0.303507
0.302600
0.299892
0.298995
0.298101
0.297209
0.296320
0.294550
0.285001
0.284149
0.283299
0.282451
0.281606
0.280764
0.279924
0.279087
0.278252
0.277419
0.276590
0.275762
0.274937
0.274115
0.273295
0.272477
0.271662
0.270850
0.270039
0.269232
0.268426
0.258948
0.258173
