0.452812 1.134806 1.282510 0.993984 1.576164 0.994826 0.750000 0.250000 42.142529 2.445758 1.181845
0.420425 0.863701 0.912692 0.844201 0.535115 0.268119 0.000000 0.875000 22.118736 1.255422 0.939385
0.387863 0.659787 0.697926 0.773373 0.626188 0.080430 0.250000 0.500000 18.161909 1.020204 1.000000
0.432502 1.065015 1.071817 0.852005 1.514169 0.328019 0.250000 0.500000 30.198343 1.735723 1.000000
0.459042 0.446616 0.432452 0.651450 0.528429 0.163594 0.125000 0.125000 8.072901 0.420451 1.000000
0.379272 0.820255 0.809311 0.753781 0.547402 1.162068 0.250000 0.375000 17.002770 0.951297 0.890893
0.448668 0.237292 0.222670 0.511932 0.129492 0.110334 0.375000 0.375000 2.714685 0.101926 0.818155
0.406732 0.301434 0.277850 0.587050 0.098858 0.156683 0.500000 0.250000 3.066151 0.122820 0.818155
0.428460 0.234224 0.231520 0.512200 0.119869 0.095621 0.500000 0.250000 2.522189 0.090483 0.818155
0.399928 0.213382 0.206861 0.493281 0.110504 0.067924 0.500000 0.250000 2.520928 0.090408 0.818884
0.365548 0.273737 0.266743 0.586811 0.161851 0.075424 0.500000 0.500000 4.983195 0.236780 0.818884
0.349965 0.283796 0.286436 0.620743 0.110092 0.081740 0.500000 0.500000 4.634842 0.216072 0.891767
0.339190 0.346969 0.385676 0.654451 0.066546 0.122990 0.250000 0.375000 4.457170 0.205510 0.746291
0.313576 0.319763 0.356809 0.663855 0.129064 0.114833 0.250000 0.875000 4.096737 0.184084 0.879499
0.247101 0.365501 0.361156 0.734271 0.175878 0.096567 0.625000 0.875000 3.921522 0.173668 1.026602
0.225337 0.385362 0.350607 0.723918 0.257604 0.114762 0.500000 1.000000 4.463311 0.205875 1.130513
0.227994 0.397313 0.365162 0.704321 0.377798 0.168415 0.500000 0.125000 5.601174 0.273517 1.243188
0.043762 0.335834 0.333752 0.647959 0.086732 0.268056 0.125000 0.875000 3.646964 0.157347 0.456020
0.016694 0.327021 0.317675 0.644237 0.083727 0.222081 0.125000 1.500000 3.096458 0.124621 0.456020
-0.019189 0.314740 0.291611 0.674494 0.120882 0.148652 0.125000 0.125000 2.803456 0.107203 0.273916
-0.043812 0.310120 0.293549 0.654715 0.184554 0.143055 0.250000 0.125000 3.351684 0.139793 0.273916
-0.096477 0.247188 0.240868 0.548783 0.228201 0.097193 0.125000 1.000000 3.729898 0.162277 0.237806
-0.140108 0.258228 0.289385 0.587284 0.162109 0.086630 0.000000 0.500000 4.141355 0.186736 0.092719
-0.141545 0.272229 0.300544 0.598360 0.140248 0.079724 0.125000 0.750000 3.917825 0.173448 0.092719
-0.106638 0.348893 0.379493 0.706592 0.174334 0.251439 0.500000 0.375000 4.822128 0.227206 0.092719
-0.126333 0.352804 0.382160 0.723918 0.142620 0.304686 0.500000 0.375000 4.357397 0.199579 0.184612
-0.186052 0.259774 0.275120 0.601815 0.126236 0.125266 0.500000 0.375000 2.804358 0.107257 0.184612
-0.227893 0.301568 0.335751 0.624912 0.161696 0.237847 0.125000 0.375000 4.436513 0.204282 0.183641
-0.189000 0.258729 0.280808 0.564580 0.164100 0.118709 0.750000 0.250000 4.369958 0.200326 0.238583
-0.133086 0.338525 0.388068 0.652694 0.438757 0.213561 0.250000 0.250000 6.034096 0.299252 0.457379
-0.162160 0.361728 0.424402 0.701288 0.432693 0.249546 0.125000 0.250000 6.509674 0.327524 0.366396
-0.202049 0.233706 0.269090 0.493281 0.314483 0.064257 0.375000 0.500000 3.486856 0.147829 0.238535
-0.137450 0.297125 0.364203 0.554986 0.323975 0.143282 0.375000 0.625000 4.675581 0.218494 0.213908
-0.208874 0.215134 0.228757 0.462952 0.400115 0.066679 0.375000 0.125000 4.252592 0.193349 0.248274
-0.163024 0.257450 0.308701 0.528693 0.361040 0.130819 0.125000 0.125000 6.014580 0.298092 0.274533
-0.175296 0.234732 0.284877 0.471802 0.251222 0.183499 0.000000 0.000000 6.014933 0.298113 0.248274
-0.214139 0.179458 0.173444 0.387588 0.065563 0.127516 0.000000 0.250000 2.834717 0.109062 0.274533
-0.212942 0.154192 0.124544 0.336232 0.048548 0.095184 0.125000 1.125000 2.376956 0.081850 0.274533
-0.207471 0.139446 0.096183 0.290905 0.032326 0.066160 0.375000 0.000000 1.876692 0.052111 0.183125
-0.209842 0.115756 0.064716 0.261427 0.000601 0.045711 0.375000 0.000000 1.383694 0.022804 0.132832
-0.195269 0.081617 0.023754 0.206131 -0.009367 0.032184 0.375000 0.375000 1.153021 0.009091 0.172837
-0.173609 0.094605 0.058374 0.221060 -0.000982 0.022109 0.125000 0.375000 1.262781 0.015616 0.253657
-0.164261 0.087332 0.066137 0.203306 -0.010591 0.021347 0.000000 0.875000 1.196046 0.011649 0.294499
-0.152057 0.077561 0.064640 0.162802 -0.024443 0.022089 0.000000 0.000000 0.968166 -0.001897 0.294499
-0.147894 0.041306 0.013449 0.081342 -0.031763 0.005706 0.000000 0.000000 0.619448 -0.022627 0.294499
-0.131093 0.040003 0.016296 0.094889 -0.028063 0.017274 0.125000 0.000000 0.802635 -0.011738 0.310496
-0.120920 0.056375 0.034012 0.141578 -0.008351 0.017481 0.250000 0.750000 1.096647 0.005740 0.237369
-0.092718 0.020551 0.021954 0.087061 0.035733 0.000325 0.375000 0.125000 1.430091 0.025562 0.237758
-0.057512 0.051498 0.073310 0.145311 0.105327 0.005008 0.500000 0.750000 1.752143 0.044707 0.237758
-0.049328 0.057810 0.074835 0.141076 0.086404 0.014322 0.625000 0.500000 1.559328 0.033245 0.310544
-0.007155 0.213428 0.225923 0.485890 0.119960 0.148234 0.750000 0.000000 3.016492 0.119868 0.310544
-0.051670 0.123828 0.140648 0.341744 0.053678 0.078768 0.875000 0.250000 1.995346 0.059164 0.238146
-0.011381 0.090081 0.094139 0.265730 0.028144 0.057399 0.375000 0.250000 1.837415 0.049776 0.237758
0.058797 0.187454 0.163379 0.462722 0.024305 0.170829 0.250000 0.625000 2.505352 0.089482 0.165020
0.060768 0.186601 0.168826 0.467789 0.042026 0.134197 0.000000 0.125000 2.387175 0.082457 0.164631
0.077358 0.174999 0.168124 0.452368 0.075131 0.102748 0.625000 0.125000 2.598431 0.095015 0.165020
0.124503 0.205582 0.210073 0.504265 0.049560 0.167521 0.375000 0.375000 3.093816 0.124464 0.237758
0.098917 0.146522 0.143096 0.407022 0.107757 0.082392 0.875000 0.125000 2.432839 0.085172 0.164971
0.137573 0.188128 0.195922 0.463692 0.050861 0.180623 0.500000 0.125000 2.527077 0.090774 0.165311
0.127015 0.115582 0.097358 0.348471 0.055525 0.061553 0.000000 0.125000 1.581922 0.034588 0.164923
0.125091 0.122424 0.107211 0.346379 0.058473 0.047109 0.500000 0.125000 1.632092 0.037570 0.165311
0.168684 0.171830 0.158908 0.434103 0.077092 0.071004 0.125000 0.125000 2.088042 0.064675 0.164971
0.170266 0.178385 0.163812 0.452959 0.068039 0.117374 0.125000 0.125000 2.300299 0.077293 0.165360
0.173883 0.183380 0.166937 0.474452 0.044576 0.155397 0.750000 0.125000 2.289198 0.076633 0.238098
0.175977 0.187456 0.172857 0.484448 0.019034 0.172801 0.750000 0.250000 2.277767 0.075953 0.238486
0.126814 0.136662 0.109676 0.361676 0.020948 0.103274 0.250000 0.125000 1.761370 0.045255 0.165360
0.131345 0.132221 0.107899 0.331347 0.051085 0.114623 0.250000 0.125000 2.017400 0.060475 0.128991
0.128957 0.134358 0.107333 0.331347 0.086482 0.094605 0.125000 0.375000 2.031407 0.061308 0.128991
0.135650 0.138174 0.107632 0.337852 0.071572 0.077268 0.000000 0.500000 1.802199 0.047683 0.201389
0.138912 0.135578 0.105150 0.340145 0.036890 0.066575 0.000000 0.125000 1.548903 0.032625 0.201777
0.185932 0.163873 0.143186 0.418625 0.064010 0.110540 0.625000 1.125000 2.117450 0.066423 0.201389
0.223140 0.132787 0.104685 0.367544 0.016827 0.069349 0.500000 0.375000 1.535736 0.031842 0.274515
0.230080 0.132164 0.103004 0.385354 0.005322 0.084520 0.500000 0.375000 1.626186 0.037219 0.274127
0.225186 0.130512 0.107433 0.381434 0.004933 0.107948 0.625000 0.000000 1.828695 0.049258 0.201729
0.232302 0.123049 0.102427 0.355198 -0.000036 0.125616 0.500000 0.000000 1.850648 0.050563 0.201340
0.236201 0.120860 0.102223 0.353218 -0.009445 0.126762 0.000000 0.000000 1.726647 0.043191 0.201680
0.239624 0.120957 0.104701 0.357171 -0.012747 0.113911 0.125000 0.125000 1.679392 0.040382 0.238049
0.248456 0.115447 0.095707 0.335397 -0.005082 0.099363 0.250000 0.250000 1.656271 0.039008 0.310835
0.243003 0.113944 0.100365 0.335397 0.019702 0.088071 0.500000 0.250000 1.668327 0.039724 0.238098
0.242764 0.099520 0.092812 0.301534 0.039801 0.077664 0.625000 1.125000 1.665328 0.039546 0.237709
0.248715 0.105859 0.095955 0.305130 0.032604 0.063394 0.625000 0.125000 1.552408 0.032833 0.238098
0.239780 0.098037 0.089742 0.279383 0.017988 0.052079 0.250000 0.250000 1.455448 0.027070 0.237709
0.238496 0.099835 0.088131 0.281982 0.019831 0.051362 0.625000 0.375000 1.567875 0.033753 0.237709
0.260498 0.152943 0.170330 0.410734 0.068725 0.147046 0.625000 0.875000 2.842530 0.109526 0.294067
0.258025 0.166311 0.177217 0.425160 0.065956 0.141006 0.625000 0.375000 2.678775 0.099792 0.213247
0.245725 0.172317 0.182055 0.421541 0.043319 0.141303 0.000000 0.625000 2.371495 0.081525 0.212870
0.205351 0.197633 0.246898 0.435472 0.058423 0.135084 0.500000 0.000000 2.617026 0.096121 0.132427
0.190010 0.233825 0.264288 0.468650 0.093423 0.130969 0.375000 0.000000 3.282137 0.135659 0.051176
0.189108 0.239615 0.263711 0.501631 0.124475 0.122887 0.375000 0.000000 4.016872 0.179336 0.051176
0.195030 0.252477 0.283715 0.529428 0.130817 0.143618 0.375000 0.250000 4.595548 0.213736 0.051608
0.195416 0.254162 0.285290 0.542166 0.126484 0.202665 0.375000 0.250000 4.449146 0.205033 -0.029644
0.189541 0.257755 0.284865 0.532794 0.185333 0.243461 0.375000 0.125000 4.193148 0.189815 -0.110086
0.191302 0.259682 0.285881 0.560695 0.245187 0.262201 0.375000 0.000000 4.349843 0.199130 -0.190906
0.157510 0.224442 0.214472 0.514333 0.075561 0.167764 0.125000 0.125000 3.210744 0.131415 -0.125980
0.204389 0.263263 0.281246 0.580662 0.070312 0.270572 0.125000 0.750000 3.567053 0.152596 -0.109654
0.219136 0.259125 0.281832 0.571618 0.041543 0.249002 0.000000 0.250000 3.204747 0.131059 -0.109654
0.224683 0.255525 0.278964 0.583063 0.065934 0.216466 0.125000 0.125000 3.012400 0.119624 -0.109654
0.227852 0.242496 0.268959 0.573830 0.098516 0.202346 0.250000 0.750000 3.037067 0.121091 -0.109654
0.221633 0.254420 0.284493 0.570142 0.171646 0.191707 0.250000 0.250000 3.685590 0.159643 -0.109654
0.212479 0.253010 0.283688 0.575793 0.257758 0.148579 0.125000 0.375000 4.666575 0.217959 -0.190528
0.199170 0.251835 0.283846 0.571644 0.291558 0.140551 0.500000 0.375000 5.311776 0.256313 -0.109708
0.199064 0.254094 0.286663 0.565518 0.317866 0.175797 0.750000 0.250000 5.297878 0.255487 -0.028835
0.199117 0.256346 0.278680 0.542441 0.327430 0.203558 0.750000 0.250000 4.963524 0.235611 -0.028835
0.199970 0.245580 0.272040 0.505117 0.240346 0.246740 0.750000 0.250000 4.553828 0.211256 -0.110086
0.203957 0.242449 0.269263 0.521001 0.154337 0.283529 0.625000 0.875000 4.036334 0.180493 -0.162738
0.162415 0.205630 0.203309 0.447795 0.073134 0.177273 0.625000 0.625000 2.597896 0.094984 -0.089611
0.195740 0.159891 0.151992 0.373938 0.025618 0.114390 0.125000 1.250000 2.046310 0.062194 -0.017213
0.200462 0.158714 0.149471 0.381434 0.011773 0.122667 0.875000 0.000000 2.041517 0.061909 0.055525
0.208982 0.160914 0.150760 0.402364 0.015784 0.131017 0.375000 0.000000 2.081951 0.064313 0.128262
0.250919 0.118305 0.097092 0.311986 0.012459 0.095530 0.625000 0.125000 1.617187 0.036684 0.200660
0.248736 0.122143 0.101474 0.339053 0.027974 0.090472 0.250000 0.125000 1.612436 0.036402 0.128262
0.249635 0.117972 0.104150 0.311138 0.048043 0.073951 0.250000 0.125000 1.634825 0.037733 0.055136
0.253117 0.113156 0.102313 0.300917 0.065040 0.065141 0.875000 0.125000 1.715454 0.042526 0.055136
0.255504 0.114993 0.104094 0.304550 0.062872 0.076111 0.875000 0.125000 1.756917 0.044991 0.127874
0.255051 0.107566 0.095832 0.280238 0.037471 0.088148 1.000000 0.250000 1.695943 0.041366 0.237369
0.279233 0.140651 0.137889 0.359346 0.024712 0.116383 0.250000 0.375000 1.920691 0.054726 0.212816
0.280900 0.130871 0.134179 0.326894 0.029684 0.116143 0.875000 0.375000 2.155881 0.068708 0.182609
0.254433 0.164822 0.187912 0.380486 0.055938 0.148949 0.875000 0.500000 2.613254 0.095897 0.143773
0.259506 0.167850 0.184444 0.370190 0.072093 0.164845 0.875000 0.375000 2.786908 0.106220 0.143773
0.204532 0.164327 0.196454 0.413041 0.214811 0.109737 0.625000 0.125000 3.228558 0.132474 0.132859
0.200112 0.149049 0.191507 0.385705 0.157930 0.100912 0.750000 0.250000 2.734470 0.103102 0.051985
0.231793 0.120897 0.142347 0.336001 0.096586 0.081522 0.750000 0.375000 2.271771 0.075597 0.294445
0.241180 0.106098 0.138879 0.292732 0.097468 0.090668 0.000000 0.375000 2.517459 0.090202 0.294445
0.277335 0.109985 0.163490 0.295832 0.157177 0.117223 0.125000 0.500000 3.068342 0.122950 0.294445
0.283502 0.062531 0.082106 0.187373 0.052077 0.042665 0.250000 0.125000 1.642262 0.038175 0.294445
0.313760 0.068586 0.128700 0.197388 0.105948 0.065323 0.250000 0.500000 2.113459 0.066186 0.310835
0.315682 0.069339 0.132878 0.194205 0.111486 0.058872 0.125000 0.625000 2.116633 0.066374 0.383233
0.337163 0.053954 0.130683 0.147618 0.113319 0.051755 0.000000 0.250000 2.338555 0.079567 0.274127
0.345514 0.046135 0.126162 0.119847 0.081711 0.038714 0.500000 0.750000 2.321621 0.078560 0.274127
0.397337 0.022846 0.082188 0.062148 0.038813 0.009163 0.625000 0.625000 1.678533 0.040331 0.201389
0.412045 0.018236 0.073023 0.047000 0.057888 0.000887 0.625000 0.500000 1.700589 0.041642 0.201389
0.415590 0.014530 0.069033 0.032447 0.090747 0.001184 0.500000 0.375000 2.193537 0.070946 0.201389
0.421419 0.026651 0.070420 0.067195 0.114433 0.008287 0.625000 0.375000 2.687351 0.100301 0.128991
0.413864 0.027883 0.079411 0.077761 0.111934 0.012124 0.750000 0.375000 2.469639 0.087359 0.128602
0.413035 0.035706 0.088194 0.087852 0.079210 0.008541 0.000000 0.125000 2.016311 0.060411 0.128991
0.434740 0.048496 0.113988 0.121178 0.071516 0.007566 0.625000 0.000000 2.149726 0.068342 0.092395
0.416838 0.023128 0.075815 0.079627 0.078925 -0.010857 0.625000 0.750000 1.707089 0.042029 0.092827
0.441163 0.038936 0.111973 0.127291 0.178898 -0.004005 0.000000 0.000000 2.387714 0.082489 0.214057
0.448436 0.034416 0.113038 0.109511 0.227136 0.004953 0.375000 0.375000 2.711693 0.101748 0.213625
0.451461 0.034570 0.105261 0.109511 0.253157 0.009284 0.375000 1.125000 2.852488 0.110118 0.294876
0.456061 0.036370 0.102755 0.102427 0.213584 0.017476 0.375000 0.250000 2.577262 0.093757 0.375319
0.464890 0.033577 0.099902 0.085047 0.124249 0.032996 0.375000 0.375000 2.235041 0.073413 0.375750
0.466213 0.029268 0.102682 0.065270 0.086465 0.042886 0.250000 0.250000 2.132758 0.067333 0.375750
0.476197 0.026119 0.083555 0.054615 0.096217 0.033437 0.125000 0.125000 2.057790 0.062876 0.214111
0.470465 0.028009 0.076851 0.064266 0.074210 0.012532 0.125000 0.125000 1.726377 0.043175 0.214111
0.470852 -0.013052 -0.000913 -0.048431 0.000023 -0.006904 0.125000 0.000000 0.892020 -0.006424 0.238535
0.461126 -0.005580 0.002666 -0.032139 -0.013414 -0.013308 0.000000 0.000000 0.866958 -0.007914 0.238146
0.465723 -0.007597 0.001107 -0.032636 -0.001122 -0.018900 0.125000 0.125000 0.967507 -0.001937 0.238146
0.462651 -0.007685 0.003061 -0.020147 0.007727 -0.014227 0.250000 0.125000 1.065038 0.003861 0.238146
0.453414 -0.003531 0.010768 -0.009134 0.005087 -0.003911 0.375000 0.250000 0.964256 -0.002130 0.274539
0.459378 -0.003460 0.016382 -0.002564 0.022127 0.001202 0.875000 0.250000 1.002043 0.000116 0.254547
0.444781 0.012456 0.021658 0.040768 0.047922 -0.000283 1.250000 0.750000 1.144103 0.008561 0.229072
0.445081 0.017929 0.023148 0.067195 0.053487 -0.004868 0.625000 0.750000 1.304409 0.018091 0.320055
0.450201 0.025708 0.029760 0.088834 0.058767 -0.009053 0.125000 0.000000 1.365518 0.021724 0.501900
0.452214 0.058577 0.097729 0.147661 0.086732 0.009058 0.125000 0.000000 1.911272 0.054167 0.508121
0.454308 0.099323 0.166760 0.209224 0.165196 0.054177 0.125000 0.125000 3.037470 0.121115 0.516416
0.445888 0.126256 0.213105 0.258650 0.126750 0.042798 0.125000 0.250000 2.720848 0.102293 0.528806
0.426219 0.236296 0.298837 0.370190 0.117326 0.098589 0.250000 0.250000 3.046460 0.121649 0.547391
0.431409 0.247785 0.311548 0.386458 0.176225 0.148096 0.375000 0.375000 3.643825 0.157160 0.547391
0.377304 0.356443 0.452634 0.519985 0.317493 0.129000 0.500000 0.500000 5.071072 0.242004 0.455761
0.391922 0.366833 0.495182 0.559014 0.251188 0.066019 0.750000 0.625000 5.040103 0.240163 0.638374
0.512221 0.351139 0.467793 0.512613 0.272182 0.079847 0.125000 0.625000 6.063026 0.300972 0.601593
0.566408 0.384090 0.552705 0.528046 0.412105 0.216695 0.625000 0.500000 13.566527 0.747026 0.746291
0.699319 0.357407 0.466732 0.535040 0.411638 0.202873 0.250000 0.375000 7.961352 0.413820 0.892641
0.720042 0.336705 0.407152 0.511195 0.164169 0.219191 0.000000 0.125000 6.265306 0.312997 0.819612
0.770668 0.304057 0.344501 0.503445 0.149132 0.131320 0.000000 0.250000 5.944533 0.293928 0.768003
0.823936 0.273058 0.283357 0.486841 0.261613 0.075031 0.000000 0.375000 4.365273 0.200047 0.819733
0.820620 0.159798 0.176711 0.340850 0.053311 0.026760 0.125000 0.375000 2.568506 0.093236 0.819733
0.861663 0.207239 0.219078 0.381718 0.077845 0.081031 0.500000 0.000000 2.469667 0.087361 0.819733
0.857184 0.123307 0.135816 0.273575 0.078647 0.052446 0.250000 0.125000 2.083910 0.064429 0.779580
0.829180 0.155413 0.174083 0.339933 0.152531 0.072188 0.375000 0.125000 2.821834 0.108296 0.698274
0.820769 0.167137 0.177383 0.366605 0.158106 0.076288 0.375000 0.250000 3.070534 0.123080 0.698274
0.815597 0.164759 0.180312 0.351340 0.109651 0.072172 0.375000 0.375000 2.897981 0.112822 0.698760
0.810248 0.176998 0.190030 0.380276 0.091299 0.049081 0.375000 0.375000 2.732550 0.102988 0.698274
0.802927 0.175182 0.183283 0.384029 0.109587 0.052545 0.375000 0.125000 2.855673 0.110307 0.698274
0.803526 0.177234 0.175208 0.393084 0.120319 0.099841 0.000000 0.000000 2.918123 0.114020 0.698274
0.786500 0.173210 0.168398 0.379735 0.100235 0.141696 1.250000 0.000000 2.686470 0.100249 0.698274
0.797681 0.177151 0.168684 0.385747 0.076664 0.134860 0.000000 1.000000 2.376732 0.081836 0.673894
0.798829 0.190360 0.169090 0.421459 0.079384 0.102777 0.125000 1.000000 2.282815 0.076253 0.746631
0.840348 0.225486 0.212682 0.469341 0.074683 0.130400 0.375000 1.000000 2.825746 0.108528 0.746631
0.860273 0.208654 0.200961 0.437870 0.090305 0.089683 0.125000 0.000000 2.746166 0.103798 0.746631
0.864012 0.215164 0.206843 0.451060 0.082934 0.087328 0.000000 0.125000 2.741425 0.103516 0.819369
0.854579 0.208191 0.200978 0.453055 0.083414 0.111629 0.000000 0.250000 2.721752 0.102346 0.746194
0.880072 0.250806 0.233595 0.495895 0.090403 0.169188 0.125000 0.250000 3.170123 0.129000 0.746194
0.883603 0.256737 0.235165 0.500120 0.106277 0.130188 0.250000 0.000000 3.036294 0.121045 0.746583
0.901420 0.278195 0.246134 0.527890 0.082979 0.091691 0.375000 1.125000 2.833414 0.108984 0.818932
0.914677 0.273812 0.238408 0.532332 0.076724 0.083985 0.250000 1.000000 2.849644 0.109949 0.818932
0.911668 0.280885 0.244357 0.530672 0.093792 0.086247 0.000000 0.000000 2.876058 0.111519 0.818932
0.898582 0.267078 0.236281 0.527236 0.099788 0.106213 0.500000 0.000000 2.803502 0.107206 0.778609
0.882472 0.272106 0.241523 0.535404 0.091453 0.152954 0.750000 0.000000 2.975859 0.117452 0.778177
0.849236 0.238331 0.218326 0.513706 0.171016 0.071960 0.000000 0.250000 2.835251 0.109093 0.778609
0.844133 0.237376 0.217417 0.503566 0.132336 0.081931 1.000000 0.125000 2.863453 0.110770 0.697789
0.841778 0.313556 0.300160 0.612446 0.059534 0.195279 0.250000 0.500000 3.603465 0.154761 0.697789
0.847099 0.311034 0.300096 0.620189 0.123946 0.188849 0.250000 1.250000 3.703782 0.160724 0.617401
0.855258 0.304262 0.294766 0.599492 0.269612 0.146669 0.375000 0.250000 4.023521 0.179731 0.616969
0.811415 0.344155 0.331976 0.602224 0.357264 0.227304 0.250000 0.125000 5.182259 0.248614 0.536581
0.803336 0.335573 0.329972 0.617556 0.268069 0.244669 0.500000 1.000000 4.634271 0.216038 0.455761
0.852514 0.278861 0.277055 0.588601 0.151095 0.228114 0.000000 0.375000 3.850590 0.169451 0.456192
0.866542 0.297714 0.295344 0.583788 0.154143 0.222491 0.375000 0.000000 4.038995 0.180651 0.456020
0.879438 0.295599 0.287158 0.592167 0.145164 0.234135 1.125000 1.750000 4.151401 0.187333 0.456408
0.894172 0.297227 0.280988 0.581780 0.106326 0.218417 0.500000 0.875000 3.653159 0.157715 0.456020
0.893518 0.299864 0.285484 0.599373 0.097394 0.168079 0.625000 0.625000 3.088813 0.124167 0.456020
0.900172 0.266450 0.261496 0.560757 0.099320 0.140051 0.625000 0.125000 2.975110 0.117408 0.456408
0.908331 0.247950 0.253057 0.505877 0.166926 0.160402 0.625000 0.000000 3.559022 0.152119 0.456020
0.915382 0.249211 0.258021 0.509738 0.256531 0.182508 0.125000 0.500000 4.068163 0.182385 0.529195
0.923595 0.251726 0.262931 0.537243 0.247866 0.180567 0.000000 1.250000 3.892031 0.171915 0.601544
0.936750 0.259728 0.275680 0.534282 0.177746 0.173840 0.000000 0.250000 3.408643 0.143179 0.601933
0.941218 0.261319 0.281663 0.525911 0.194543 0.166628 0.000000 0.375000 3.521670 0.149898 0.601544
0.932410 0.263883 0.269213 0.542083 0.250183 0.134908 0.125000 0.625000 3.739144 0.162826 0.601544
0.935516 0.266434 0.276719 0.525911 0.230103 0.115923 0.250000 0.625000 3.556547 0.151972 0.601544
0.932106 0.275608 0.280375 0.550400 0.157172 0.169448 0.125000 1.125000 3.426226 0.144225 0.601544
0.965080 0.248663 0.246429 0.501972 0.111118 0.262281 0.000000 0.000000 3.713877 0.161324 0.601544
0.950950 0.264532 0.275879 0.527756 0.081969 0.343715 0.000000 0.000000 4.229843 0.191996 0.674331
0.987253 0.248938 0.257515 0.531888 0.099255 0.252473 0.250000 0.000000 3.706622 0.160893 0.674331
0.991450 0.245012 0.244940 0.524175 0.089406 0.167716 0.375000 0.250000 3.262014 0.134463 0.673894
1.027079 0.283678 0.278876 0.547881 0.031015 0.208899 0.000000 0.375000 3.272708 0.135099 0.601544
0.985904 0.292379 0.303548 0.562644 0.144036 0.223192 0.500000 0.250000 4.275761 0.194726 0.382942
0.961855 0.289170 0.309849 0.556191 0.264177 0.153095 0.625000 0.375000 4.619334 0.215150 0.382942
0.978658 0.276176 0.296597 0.514894 0.259104 0.109172 0.750000 0.375000 4.316677 0.197158 0.383331
0.979381 0.272908 0.284934 0.516250 0.145587 0.118760 0.250000 0.375000 3.517039 0.149623 0.455680
0.962591 0.268767 0.303608 0.514203 0.084386 0.182156 0.250000 0.250000 3.724514 0.161957 0.455680
0.945013 0.251350 0.292042 0.484605 0.155244 0.235835 0.250000 0.250000 4.723910 0.221367 0.528855
0.958905 0.227977 0.247316 0.455829 0.200641 0.231232 0.250000 0.125000 4.644601 0.216652 0.455680
0.937195 0.230495 0.235020 0.443857 0.198155 0.159131 0.000000 0.125000 3.785263 0.165568 0.456068
0.935313 0.212781 0.223918 0.420111 0.099253 0.115673 0.625000 0.125000 3.090331 0.124257 0.383331
0.898808 0.229028 0.250553 0.431901 0.077611 0.116747 0.125000 0.250000 3.455716 0.145978 0.383331
0.945021 0.134843 0.140305 0.292518 0.012857 0.044853 0.000000 0.625000 1.656771 0.039037 0.674282
0.963735 0.124657 0.127031 0.266879 0.015131 0.061118 0.000000 0.625000 1.782506 0.046512 0.674670
0.962939 0.139857 0.140379 0.289823 0.029738 0.103283 1.000000 0.000000 2.086251 0.064568 0.674282
0.959441 0.130984 0.136211 0.279501 0.043077 0.112963 1.000000 0.250000 2.316265 0.078242 0.601933
0.980862 0.117518 0.118527 0.293171 0.027602 0.083443 0.250000 0.375000 2.183670 0.070359 0.601933
0.997035 0.117619 0.117744 0.279533 0.011250 0.068205 0.250000 0.750000 2.154108 0.068602 0.528758
1.009137 0.109083 0.106599 0.249926 0.003586 0.063049 0.875000 0.750000 2.141122 0.067830 0.528758
1.050628 0.078296 0.063369 0.171117 0.011518 0.027129 0.375000 0.375000 1.626696 0.037250 0.528758
1.069446 0.070980 0.055005 0.164859 0.007349 0.032429 1.375000 1.250000 1.313743 0.018646 0.528758
1.077397 0.073377 0.059624 0.161613 0.011724 0.018969 0.250000 0.250000 1.130184 0.007734 0.528369
1.066594 0.076051 0.054276 0.165956 0.016620 0.012945 0.500000 0.000000 1.145137 0.008623 0.456020
1.068416 0.078540 0.053840 0.170004 0.029426 0.021110 0.500000 0.000000 1.333809 0.019839 0.455631
1.066224 0.069578 0.051616 0.155805 0.035157 0.027298 0.750000 0.000000 1.427248 0.025393 0.528369
1.068601 0.076233 0.056981 0.165184 0.028269 0.026799 0.125000 0.750000 1.410611 0.024404 0.601156
1.060199 0.075497 0.056679 0.162445 0.027900 0.025280 0.125000 0.000000 1.471491 0.028023 0.673894
1.059480 0.075399 0.054002 0.177880 0.025035 0.029392 0.000000 0.125000 1.484381 0.028789 0.673894
1.065147 0.069040 0.049519 0.157294 0.011005 0.027052 0.375000 0.625000 1.335999 0.019969 0.674282
1.063995 0.067283 0.051734 0.159572 0.012523 0.021249 0.000000 0.250000 1.236953 0.014081 0.746631
1.054594 0.072895 0.051311 0.177135 0.024822 0.028647 0.000000 0.250000 1.308174 0.018315 0.746631
1.059228 0.077830 0.055114 0.185934 0.025221 0.037725 0.000000 0.625000 1.368357 0.021892 0.747020
1.064672 0.070124 0.048901 0.170989 0.015988 0.035019 0.000000 0.750000 1.245463 0.014587 0.819369
1.119665 0.102662 0.103485 0.245007 0.051996 0.038176 0.875000 0.250000 1.518548 0.030821 0.892544
1.138147 0.095294 0.097562 0.231735 0.088459 0.038158 0.375000 0.125000 1.707066 0.042027 0.892544
1.146674 0.094075 0.093883 0.235407 0.105456 0.041782 0.250000 1.000000 1.825834 0.049088 0.892107
1.190125 0.076283 0.058047 0.190893 0.036537 0.035214 0.125000 0.000000 1.354666 0.021078 0.892544
1.199804 0.077422 0.052630 0.190138 0.028238 0.033834 0.250000 0.750000 1.274829 0.016332 0.965282
1.196295 0.087240 0.055748 0.234513 0.030515 0.022611 0.375000 0.250000 1.238933 0.014199 1.038068
1.161314 0.103244 0.095193 0.244462 0.042630 0.050601 0.375000 0.750000 1.842871 0.050100 1.022093
1.158162 0.098702 0.094620 0.251012 0.021051 0.036156 0.375000 0.125000 1.708835 0.042132 1.093047
1.175910 0.170883 0.179139 0.351382 0.066156 0.049346 0.375000 0.250000 2.013141 0.060222 1.183718
1.100464 0.212369 0.294079 0.375149 0.219601 0.082922 0.375000 0.000000 3.226288 0.132339 1.079252
1.041713 0.250002 0.342356 0.407022 0.188123 0.110649 0.000000 0.125000 3.775875 0.165010 1.061425
0.937284 0.274146 0.415951 0.426649 0.095533 0.122636 0.750000 0.250000 4.546762 0.210836 0.940843
0.764709 0.247281 0.492471 0.444133 0.161744 0.069648 0.625000 0.250000 7.076737 0.361233 0.819613
0.709762 0.273114 0.484653 0.474134 0.154708 0.030028 0.000000 0.500000 8.582624 0.450752 0.746293
0.600757 0.410871 0.635846 0.583336 0.513100 0.327812 0.250000 0.125000 17.152799 0.960216 0.637404
0.509573 0.540166 0.698457 0.636208 0.965825 0.335092 0.125000 0.125000 14.653998 0.811672 0.454468
0.535592 0.644275 0.800855 0.718649 1.247252 0.265759 0.250000 0.125000 15.696772 0.873661 0.454468
0.585323 0.403162 0.628753 0.642043 0.987781 0.181633 0.375000 0.000000 11.569208 0.628293 0.454467
0.645864 0.353268 0.519653 0.586351 0.475871 0.146790 0.250000 0.000000 9.966110 0.532995 0.599943
0.772003 0.358354 0.498083 0.591321 0.287481 0.067463 0.375000 0.000000 10.240705 0.549319 0.600719
0.771086 0.309725 0.389013 0.533825 0.188170 0.014632 0.375000 0.000000 7.500497 0.386424 0.697573
0.807196 0.304043 0.361349 0.544802 0.138641 0.063222 0.375000 0.125000 4.731234 0.221802 0.696926
0.910366 0.345230 0.377220 0.630459 0.237651 0.250966 0.375000 0.125000 4.763763 0.223736 0.575696
0.900678 0.350120 0.372029 0.623754 0.185578 0.366405 0.250000 0.625000 5.191029 0.249135 0.558377
0.840592 0.246656 0.253641 0.518397 0.161209 0.201360 0.625000 0.625000 3.478092 0.147308 0.545388
0.833597 0.253157 0.255296 0.524462 0.160561 0.199543 0.625000 0.625000 3.464442 0.146496 0.535717
0.826580 0.256358 0.250644 0.523329 0.146048 0.185780 0.625000 0.625000 3.371147 0.140950 0.600330
0.830433 0.251092 0.249484 0.516789 0.115711 0.193626 0.750000 0.750000 3.403655 0.142883 0.600330
0.815485 0.252453 0.249297 0.534996 0.091317 0.187363 0.750000 0.000000 3.410382 0.143283 0.527592
0.781575 0.269122 0.266997 0.577262 0.108351 0.173283 0.125000 0.500000 3.527515 0.150246 0.527592
0.782277 0.271865 0.264190 0.617556 0.121045 0.190463 0.250000 0.625000 3.663271 0.158316 0.454854
0.774756 0.277556 0.261482 0.647723 0.106610 0.209791 0.125000 0.125000 3.752645 0.163629 0.454854
0.761476 0.281369 0.257911 0.639573 0.102515 0.199600 0.125000 0.750000 3.783634 0.165471 0.527592
0.753164 0.284748 0.265868 0.642411 0.097490 0.185769 0.125000 0.750000 3.579733 0.153350 0.527592
0.756367 0.283256 0.259803 0.645270 0.078623 0.175672 0.250000 0.375000 3.131345 0.126695 0.527592
0.784322 0.298281 0.293534 0.666075 0.072212 0.159495 0.250000 0.250000 2.833217 0.108973 0.527204
0.791602 0.286162 0.285683 0.622911 0.090849 0.133804 0.000000 0.250000 2.761853 0.104730 0.454466
0.790320 0.295947 0.290787 0.620299 0.123638 0.151292 0.125000 0.375000 3.158656 0.128319 0.454466
0.801504 0.286917 0.286985 0.593214 0.181430 0.210295 0.125000 0.375000 3.940273 0.174783 0.454854
0.810398 0.293258 0.300873 0.579028 0.241780 0.218510 0.250000 0.000000 4.274889 0.194674 0.454854
0.833085 0.373892 0.372177 0.633729 0.243065 0.216924 0.625000 0.750000 4.318173 0.197247 0.454854
0.862125 0.361205 0.375838 0.625561 0.202863 0.237147 0.625000 0.750000 4.223368 0.191612 0.454854
0.894676 0.404483 0.420975 0.662307 0.241992 0.278309 0.375000 0.125000 4.806752 0.226292 0.454854
0.917462 0.413850 0.425057 0.692010 0.302511 0.288368 0.375000 0.125000 5.451069 0.264594 0.527592
0.929168 0.423825 0.439066 0.697328 0.394286 0.297573 0.375000 0.375000 6.113985 0.304001 0.527592
0.931591 0.427696 0.441782 0.711576 0.428610 0.304894 0.250000 0.875000 6.449118 0.323924 0.527981
0.889140 0.490939 0.511397 0.761145 0.456336 0.320702 0.875000 0.125000 7.191000 0.368026 0.527981
0.887776 0.503564 0.529114 0.748291 0.445982 0.305427 0.000000 0.500000 7.552364 0.389507 0.527981
0.874170 0.511111 0.534342 0.758402 0.555423 0.324676 0.875000 0.500000 7.939336 0.412511 0.527592
0.870840 0.524639 0.541582 0.794363 0.671519 0.367544 0.875000 0.750000 8.160403 0.425653 0.535717
0.869766 0.517157 0.544054 0.800067 0.569210 0.377026 0.875000 0.125000 7.820685 0.405458 0.454898
0.831308 0.526865 0.535436 0.809317 0.342506 0.354373 0.125000 0.000000 7.051814 0.359752 0.454898
0.773686 0.435485 0.458958 0.752835 0.334898 0.230335 0.125000 0.125000 5.635488 0.275557 0.374455
0.732960 0.521777 0.512479 0.822493 0.486463 0.321239 0.125000 0.125000 7.034097 0.358699 0.293636
0.707501 0.517677 0.517505 0.811298 0.467723 0.356865 0.000000 0.375000 7.266201 0.372496 0.293636
0.730397 0.601761 0.591494 0.862027 0.366134 0.415365 0.875000 0.500000 7.958572 0.413655 0.293204
0.683314 0.520252 0.519653 0.844657 0.353283 0.339368 0.750000 0.375000 7.061989 0.360357 0.212384
0.684547 0.531182 0.542111 0.855222 0.350271 0.329259 0.750000 0.375000 6.792039 0.344309 0.212816
0.619480 0.592089 0.597943 0.870015 0.398164 0.423368 0.625000 0.125000 7.472489 0.384759 0.212816
0.657677 0.652899 0.656401 0.881769 0.505150 0.464277 0.000000 0.875000 8.487143 0.445076 0.236981
0.663911 0.651748 0.650829 0.885497 0.514957 0.488439 0.500000 1.375000 8.894748 0.469307 0.236981
0.614715 0.607993 0.609043 0.865949 0.447598 0.374097 0.375000 0.000000 7.250070 0.371537 0.212816
0.672022 0.677526 0.694516 0.911596 0.498283 0.520548 0.375000 0.000000 9.477969 0.503977 0.273107
0.649092 0.600992 0.614406 0.829461 0.357567 0.527152 0.375000 0.625000 9.116557 0.482493 0.182185
0.809229 0.577943 0.635497 0.853679 0.516598 0.593363 0.250000 0.500000 11.726561 0.637647 0.143287
0.844064 0.555778 0.644010 0.824357 0.526431 0.451159 0.250000 0.500000 10.302011 0.552963 0.091424
0.894011 0.601114 0.657675 0.847920 0.525211 0.410533 0.000000 0.375000 9.102621 0.481664 0.164291
0.849893 0.611755 0.674429 0.798709 0.430084 0.459050 0.000000 0.500000 9.144149 0.484133 0.090777
0.960389 0.479358 0.547072 0.666749 0.490153 0.351263 0.500000 0.000000 8.925883 0.471158 -0.272913
1.017099 0.439603 0.523888 0.569121 0.388997 0.404407 0.375000 0.125000 8.895639 0.469360 -0.515372
1.024697 0.467825 0.553732 0.583063 0.243777 0.366669 0.500000 0.000000 8.288069 0.433242 -0.636602
1.068266 0.563233 0.615121 0.620743 0.317294 0.382225 1.125000 0.625000 8.014801 0.416998 -0.636602
1.071682 0.539826 0.610607 0.597024 0.578557 0.445045 1.250000 0.500000 10.445872 0.561515 -0.636602
0.746165 0.321165 0.688513 0.465433 0.377018 0.186129 1.250000 0.500000 17.859613 1.002233 0.455761
0.715858 0.268144 0.582029 0.461470 0.127227 0.148556 1.125000 0.375000 9.619054 0.512364 0.455761
0.717683 0.272967 0.508480 0.438048 0.089656 0.102180 0.875000 0.500000 9.162568 0.485228 0.455761
0.689955 0.308957 0.574954 0.486377 0.224854 0.126565 0.125000 0.000000 5.543082 0.270063 0.455761
0.515923 0.384540 0.488762 0.606675 0.448178 0.129621 0.250000 0.000000 5.147858 0.246569 0.456408
0.499478 0.424447 0.501447 0.614027 0.594674 0.215158 0.000000 0.750000 7.273014 0.372901 0.456408
0.538033 0.433728 0.541023 0.595894 0.553548 0.244792 0.125000 0.000000 8.315892 0.434896 0.455761
0.553424 0.557212 0.675942 0.717730 0.609673 0.269214 0.000000 0.625000 9.003403 0.475766 0.454466
0.551277 0.558326 0.672856 0.760979 0.952149 0.294080 0.000000 0.625000 10.974654 0.592949 0.212006
0.543714 0.466845 0.535883 0.753506 0.534902 0.244277 0.875000 1.000000 10.378970 0.557538 0.273592
0.631625 0.433667 0.511641 0.722968 0.574359 0.173003 0.250000 0.750000 9.464101 0.503153 0.091748
0.662399 0.374512 0.447382 0.630566 0.707977 0.170847 0.375000 0.750000 8.257232 0.431409 0.164291
0.704933 0.330002 0.407753 0.608149 0.768563 0.201266 0.625000 0.375000 7.395500 0.380183 0.333884
0.720289 0.276969 0.329866 0.512813 0.266846 0.221574 0.625000 0.750000 4.571380 0.212300 0.247198
0.744508 0.247934 0.289817 0.460141 0.068671 0.163341 0.375000 0.000000 2.969255 0.117059 0.273107
0.723861 0.213989 0.252679 0.401794 0.041120 0.166839 0.375000 1.250000 2.723226 0.102434 0.273107
0.736919 0.125610 0.141238 0.278300 0.058368 0.078007 0.250000 0.750000 1.972917 0.057831 0.247198
0.741689 0.218488 0.252291 0.420788 0.057252 0.197472 0.500000 0.250000 3.445478 0.145369 0.247198
0.264031 0.195099 0.199084 0.431633 0.036088 0.094864 0.500000 0.750000 2.268414 0.075397 -0.393576
0.245264 0.203218 0.199830 0.451698 0.025993 0.111379 0.500000 0.750000 2.184841 0.070429 -0.324383
0.238410 0.203362 0.190224 0.470915 0.017862 0.144574 0.750000 1.000000 2.375512 0.081764 -0.272427
0.243220 0.202160 0.192893 0.480415 0.026842 0.164984 0.750000 0.125000 2.497210 0.088998 -0.136104
0.232238 0.208699 0.199661 0.487410 0.069553 0.141823 0.000000 0.125000 2.400766 0.083265 -0.181990
0.199799 0.249254 0.258268 0.551967 0.160726 0.212931 0.625000 0.000000 3.579625 0.153344 -0.181990
0.218757 0.289374 0.289424 0.576464 0.163357 0.257809 0.750000 0.750000 4.187676 0.189490 -0.065090
0.181030 0.325429 0.348522 0.581928 0.107620 0.278974 0.125000 0.125000 4.097764 0.184145 0.030162
0.180986 0.316301 0.345690 0.601227 0.094798 0.250466 1.000000 0.375000 4.017274 0.179360 -0.013135
0.184846 0.317084 0.347036 0.627690 0.163984 0.248739 0.625000 0.625000 4.365101 0.200037 0.030162
0.193010 0.297369 0.334752 0.593706 0.219667 0.258735 0.000000 0.500000 4.919068 0.232968 0.030162
0.200680 0.283115 0.357340 0.550496 0.190979 0.193925 0.375000 0.375000 5.099625 0.243702 0.018039
0.189083 0.309179 0.367023 0.621184 0.481117 0.118245 0.250000 0.500000 6.199572 0.309089 0.018039
0.190983 0.404293 0.458221 0.692842 0.444402 0.248568 0.000000 0.625000 8.578317 0.450496 -0.199495
0.231457 0.437816 0.507883 0.712548 0.422258 0.293436 0.000000 0.000000 9.002873 0.475735 0.018719
0.300459 0.400561 0.468998 0.698978 0.295766 0.174658 0.625000 0.000000 5.681881 0.278315 0.164194
0.265101 0.356082 0.435969 0.672619 0.210382 0.128047 0.500000 0.125000 5.964736 0.295129 0.212573
0.364305 0.354029 0.381362 0.614470 0.237592 0.147145 0.750000 0.375000 6.455314 0.324292 0.364940
0.348752 0.259557 0.289582 0.484359 0.208201 0.127644 0.125000 0.125000 4.815670 0.226822 0.374887
0.381577 0.246974 0.262919 0.473259 0.175653 0.128160 0.375000 0.750000 3.816751 0.167440 0.455437
0.607579 0.596118 0.560502 0.814325 0.275723 0.286150 0.375000 0.375000 7.978278 0.414826 0.309767
0.571470 0.581330 0.546959 0.815192 0.254165 0.285511 0.375000 0.375000 6.519891 0.328131 0.309767
0.559132 0.610889 0.575844 0.832213 0.181003 0.351603 0.375000 0.125000 7.281977 0.373434 0.309767
0.528899 0.642050 0.624640 0.855965 0.120346 0.338838 0.375000 0.250000 8.134268 0.424099 0.309767
0.491092 0.768894 0.735358 0.962765 0.122752 0.557599 0.125000 0.375000 9.016142 0.476523 0.455437
0.458648 0.695962 0.654015 0.894097 0.226661 0.656216 0.000000 1.000000 9.320050 0.494590 0.272621
0.456572 0.665711 0.629918 0.844934 0.433493 0.732837 0.000000 0.875000 10.346584 0.555613 0.272621
0.464641 0.609626 0.602131 0.792844 0.887911 0.526739 0.625000 0.750000 12.256680 0.669161 0.163515
0.469423 0.485841 0.498974 0.729996 0.744064 0.338383 0.500000 0.125000 10.923557 0.589912 0.163515
0.464641 0.451826 0.479104 0.710356 0.523694 0.185625 0.375000 0.250000 11.613943 0.630953 0.090777
0.469912 0.395933 0.418555 0.665886 0.223850 0.124943 0.250000 0.125000 6.926992 0.352332 0.090777
0.462331 0.353925 0.370567 0.642043 0.126052 0.186569 0.250000 0.125000 4.698061 0.219830 0.090777
0.501113 0.302585 0.329124 0.620964 0.138064 0.220041 0.375000 0.125000 3.919651 0.173557 0.163515
0.470900 0.273094 0.295258 0.594504 0.238222 0.155301 0.500000 0.250000 4.840829 0.228317 0.163515
0.469954 0.284074 0.298630 0.614344 0.241370 0.155288 0.500000 0.250000 4.854020 0.229101 0.163515
0.473620 0.287570 0.301802 0.642946 0.224275 0.161102 0.375000 0.250000 4.389179 0.201468 0.272621
0.466868 0.293416 0.319742 0.646440 0.166754 0.148019 0.375000 0.375000 3.531353 0.150474 0.090777
0.469927 0.301328 0.330478 0.656732 0.169029 0.163863 0.375000 0.500000 3.570374 0.152794 0.272621
0.454551 0.298884 0.316126 0.631365 0.202203 0.222022 0.250000 0.500000 4.048699 0.181228 0.163515
0.399983 0.270407 0.257005 0.566542 0.139442 0.146393 0.750000 0.125000 2.945371 0.115640 0.091343
0.394937 0.269415 0.265593 0.558710 0.091393 0.079731 0.375000 0.250000 2.038615 0.061737 0.091343
0.384522 0.257655 0.260004 0.508142 0.138358 0.086635 0.625000 0.250000 2.417155 0.084239 0.039307
0.347746 0.297231 0.285915 0.558612 0.185136 0.167328 0.250000 0.000000 3.555710 0.151922 -0.029887
0.339108 0.297491 0.288453 0.540938 0.169463 0.170428 0.125000 0.125000 3.796113 0.166213 0.039307
0.343905 0.303623 0.301076 0.557012 0.129658 0.125934 0.125000 0.500000 3.473734 0.147049 0.091202
0.308808 0.243400 0.243174 0.486908 0.094469 0.113370 0.125000 0.625000 2.958189 0.116402 0.091202
0.322048 0.251964 0.255692 0.488990 0.098167 0.145607 0.125000 0.625000 3.026932 0.120488 0.091202
0.330941 0.322629 0.308953 0.574513 0.195742 0.179838 0.625000 0.125000 3.609468 0.155118 0.091202
0.310247 0.349606 0.348087 0.626964 0.189953 0.192268 0.625000 0.375000 3.820494 0.167662 0.143218
0.308776 0.357394 0.365469 0.645778 0.153643 0.243312 0.625000 0.500000 4.380685 0.200964 0.246089
0.304831 0.353257 0.368363 0.661988 0.177527 0.256869 0.750000 0.500000 4.807030 0.226308 0.246089
0.310818 0.362453 0.376972 0.675147 0.232583 0.236248 0.750000 0.500000 4.666170 0.217934 0.350001
0.341526 0.339500 0.336584 0.681546 0.225790 0.249814 0.625000 0.375000 4.296216 0.195942 0.363059
0.348975 0.337838 0.342042 0.686140 0.281465 0.274324 0.000000 0.250000 4.888113 0.231128 0.350001
0.309286 0.355647 0.377491 0.696580 0.323337 0.242437 0.000000 0.125000 5.318759 0.256728 0.350001
0.350656 0.325698 0.328190 0.669112 0.229642 0.214436 0.875000 0.000000 4.410505 0.202736 0.350001
0.399437 1.154642 1.143188 0.968930 1.061475 1.318168 0.875000 0.375000 29.227934 1.678036 0.090777
0.375106 1.155298 1.148764 0.958855 1.063329 1.378100 0.000000 0.625000 29.507654 1.694664 0.090777
0.367096 1.153340 1.135353 0.972247 1.314934 1.328284 0.375000 0.500000 27.150394 1.554534 0.090777
0.324290 1.107605 1.060032 0.992515 1.426544 0.986611 1.125000 0.500000 20.810108 1.177629 -0.000146
0.310497 1.060495 1.027809 0.940459 1.104528 0.855215 0.125000 0.500000 17.985717 1.009730 0.091554
0.314184 1.018674 0.999441 0.967368 0.808031 0.919572 0.125000 0.500000 15.984294 0.890753 0.152039
0.346387 0.950549 0.959067 0.960473 1.005237 0.835584 0.625000 0.375000 15.162955 0.841927 0.152039
0.314030 0.946566 0.922605 0.963343 0.979175 0.509189 0.375000 0.500000 12.241207 0.668241 0.333884
0.343401 0.906646 0.909495 0.939397 0.915899 0.414284 0.625000 0.250000 11.622661 0.631471 0.351110
0.338884 0.898041 0.902815 0.918783 0.675562 0.537340 0.625000 0.375000 11.840406 0.644415 0.247198
0.368983 0.832944 0.873690 0.912710 0.540337 0.639747 0.625000 0.875000 12.915310 0.708314 0.247198
0.367463 0.934316 0.948511 0.934926 0.536957 0.758424 0.875000 0.375000 13.991982 0.772318 0.364575
0.443055 1.001126 1.017105 0.949604 0.791491 0.834758 0.375000 0.375000 15.289216 0.849433 0.253334
0.519721 1.111339 1.109212 0.952219 0.802272 1.023433 0.000000 0.625000 17.734385 0.994789 0.414973
0.540187 1.134575 1.144911 0.972512 0.980980 0.889946 0.500000 0.875000 18.340763 1.030836 0.414542
0.572631 1.211544 1.229130 0.995841 1.109411 0.957333 0.000000 0.000000 20.142439 1.137938 0.495847
0.565367 1.226078 1.269529 1.012650 1.396697 1.161135 0.250000 0.375000 23.215063 1.320594 0.501020
0.637869 1.205458 1.254576 1.000206 1.693099 1.184651 0.500000 0.625000 26.443121 1.512489 0.546481
0.638115 1.271476 1.311076 1.014193 1.850454 0.783060 0.000000 0.625000 23.661001 1.347103 0.637403
0.666260 1.308084 1.333531 1.049376 2.009259 0.557196 0.500000 0.625000 20.815048 1.177922 0.819794
0.657631 1.305092 1.316530 1.037126 1.834697 0.885776 0.375000 0.500000 22.483264 1.277091 0.779202
0.698287 1.281554 1.284680 1.043251 1.461687 1.410202 0.250000 0.500000 24.910287 1.421368 0.697897
0.709733 1.294332 1.308063 1.050753 1.477539 1.721519 0.125000 0.250000 26.999138 1.545543 0.899946
0.705860 1.273718 1.270233 1.066883 1.562502 1.930324 0.125000 0.375000 29.717808 1.707157 1.061586
0.680034 1.250747 1.246450 1.071639 1.456366 2.048251 0.125000 0.500000 30.408721 1.748229 1.142406
0.738316 1.184317 1.158108 1.036340 1.039375 1.361390 0.625000 0.000000 21.175884 1.199373 1.141920
0.695643 1.092652 1.056352 1.012602 1.259943 1.007937 0.750000 0.500000 18.132032 1.018428 1.146350
0.711509 1.017536 1.007920 1.028715 1.487191 0.774554 0.375000 0.500000 18.069067 1.014685 1.182719
0.694190 0.937445 0.955237 1.015516 1.587611 0.828075 0.250000 0.375000 20.691770 1.170594 1.109981
0.664821 1.005760 1.006700 1.014053 1.385884 0.886349 0.125000 0.250000 19.918360 1.124618 1.218651
0.668715 0.942012 0.939573 1.028715 0.905005 1.013187 0.125000 0.125000 17.231715 0.964907 1.291825
0.690159 1.003628 0.976441 1.050303 0.640378 1.038481 0.125000 0.375000 16.004224 0.891938 1.364563
0.640925 0.934345 0.913332 1.055478 0.787540 0.952800 0.125000 0.500000 15.329565 0.851832 1.364563
0.713518 0.913445 0.926484 1.025670 0.748060 0.845667 0.000000 0.375000 16.527059 0.923018 1.146350
0.717452 0.920422 0.925442 1.008222 0.918191 0.761421 0.000000 0.375000 16.408012 0.915941 1.074000
0.667513 0.963554 0.953004 1.026836 1.107427 0.711069 0.625000 0.250000 16.425188 0.916962 1.074000
0.641371 0.972915 0.983611 1.009663 1.085967 0.734900 0.500000 0.375000 17.062905 0.954872 1.074000
0.582290 0.924948 0.952715 0.977446 0.811113 1.025992 0.500000 0.875000 16.551361 0.924463 1.000875
0.550688 0.915552 0.940481 0.972628 0.673211 1.007181 0.500000 0.875000 16.199369 0.903538 1.001263
0.517292 0.915876 0.926885 0.958146 0.782351 0.932972 0.625000 0.375000 17.005891 0.951483 0.892156
0.519853 0.931116 0.956850 0.954060 0.800812 0.930235 0.125000 0.875000 16.824747 0.940715 0.818981
0.504247 0.924423 0.952722 0.947620 0.867228 0.810645 0.125000 0.875000 16.098501 0.897542 0.818981
0.476715 0.883814 0.875947 0.912002 0.944441 0.623448 0.250000 0.125000 14.618337 0.809552 0.892205
0.468417 0.889918 0.867566 0.915906 0.895486 0.494004 0.250000 0.750000 12.545975 0.686358 1.037680
0.423922 0.834904 0.837455 0.883816 0.804251 0.391965 1.250000 0.250000 10.165734 0.544862 1.110030
0.451607 0.922959 0.900517 0.889891 0.583941 0.744423 0.000000 0.375000 12.416022 0.678633 1.102050
0.518202 0.886689 0.895245 0.895876 0.524195 1.102343 0.625000 0.000000 15.665192 0.871784 1.091530
0.597762 0.919226 0.948295 0.914896 0.499455 1.142724 0.375000 0.000000 16.091255 0.897111 1.092015
0.585143 0.933282 0.922580 0.922512 0.426101 0.773235 0.125000 0.500000 12.132182 0.661760 1.092015
0.644263 0.936455 0.940318 0.947434 0.816339 0.859673 0.000000 0.750000 17.036712 0.953315 0.910170
0.629879 0.922200 0.909836 0.935249 1.076661 1.025141 1.250000 0.750000 21.051817 1.191997 0.819248
0.628622 0.927608 0.909229 0.950771 1.058958 1.000866 0.750000 0.000000 21.686782 1.229744 0.728811
0.637221 0.962210 0.948859 0.973198 0.865220 0.909707 0.625000 0.000000 19.397652 1.093664 0.546359
0.611658 0.953675 0.936236 0.962261 0.828592 0.824627 0.625000 0.000000 17.589518 0.986177 0.364515
0.607534 0.970061 0.924268 0.968626 0.859436 0.680366 0.000000 0.000000 14.765437 0.818297 0.273592
0.628041 0.928948 0.889965 0.943905 0.646729 0.630108 0.250000 0.125000 12.210347 0.666406 0.213247
0.535558 0.839072 0.812354 0.922410 0.550956 0.675220 0.375000 0.250000 11.217654 0.607395 0.237369
0.440394 0.666575 0.657152 0.836346 0.598827 0.723579 0.125000 1.375000 10.427745 0.560438 0.237758
0.454921 0.662783 0.636745 0.839991 0.570239 0.630573 0.000000 0.125000 9.724682 0.518643 0.310107
0.450839 0.664227 0.638775 0.838834 0.399364 0.523986 0.000000 0.125000 8.803484 0.463882 0.310107
0.450508 0.672023 0.669490 0.862989 0.249823 0.599788 0.750000 0.125000 9.486333 0.504474 0.382845
0.440539 0.573609 0.597453 0.825900 0.252249 0.579535 0.375000 0.750000 9.165371 0.485394 0.382845
0.404915 0.625388 0.665690 0.849715 0.204924 0.520771 0.250000 0.625000 7.937861 0.412424 0.310107
0.395378 0.612405 0.645695 0.843662 0.232164 0.409627 0.625000 0.250000 6.513269 0.327737 0.382845
0.393856 0.646514 0.669564 0.876085 0.391408 0.414147 0.250000 0.125000 7.767309 0.402285 0.456020
0.358761 0.655627 0.687366 0.903236 0.593293 0.504247 0.625000 0.125000 10.809862 0.583153 0.528418
0.350145 0.673987 0.700639 0.913450 0.541305 0.593522 0.625000 0.250000 11.889078 0.647308 0.601156
0.373892 0.793514 0.808759 0.954039 0.495217 0.676475 0.500000 0.500000 13.005577 0.713680 0.600767
0.353075 0.801587 0.820613 0.968713 0.746502 0.601843 0.000000 0.125000 13.508831 0.743596 0.536203
0.337137 0.813623 0.820307 0.964352 0.881132 0.587636 0.125000 0.000000 13.977100 0.771433 0.617023
0.370411 0.862661 0.859992 0.963393 0.893864 0.661529 1.125000 0.000000 14.703016 0.814586 0.617023
0.363575 0.852836 0.856482 0.956559 0.940726 0.683507 0.000000 0.000000 15.437584 0.858253 0.616591
0.336298 0.778995 0.774759 0.932387 0.640562 0.773655 0.000000 1.000000 14.564485 0.806351 0.697843
0.369462 0.834542 0.840531 0.984057 0.590394 0.921717 0.750000 0.250000 15.855205 0.883079 0.617023
0.380451 0.810459 0.802989 0.989150 0.439343 0.837542 0.875000 0.125000 14.474000 0.800972 0.617023
0.400803 0.835260 0.802304 0.996732 0.567614 0.744984 0.125000 0.625000 13.110280 0.719904 0.697843
0.414477 0.821703 0.783325 0.955686 0.800277 0.663583 0.250000 0.500000 12.122421 0.661180 0.617023
0.432040 0.751442 0.730197 0.923327 0.809095 0.580963 0.250000 0.000000 11.236782 0.608532 0.617454
0.456397 0.741320 0.725830 0.898262 0.666706 0.608905 0.250000 0.000000 11.379579 0.617021 0.601156
0.460862 0.718811 0.704512 0.891447 0.529778 0.629038 0.875000 0.000000 10.855696 0.585878 0.617454
0.443421 0.750130 0.736865 0.905086 0.372651 0.596920 0.000000 0.125000 9.689737 0.516566 0.617454
0.478624 0.853286 0.816436 0.935249 0.262934 0.598174 0.250000 0.625000 9.062699 0.479291 0.698760
0.522547 0.934886 0.921422 0.968626 0.319094 0.646103 0.750000 0.625000 10.078112 0.539653 0.779148
0.480876 0.933155 0.887356 0.966407 0.426074 0.637714 0.875000 0.500000 10.207450 0.547342 0.698328
0.494524 0.980359 0.981040 0.976370 0.590661 0.677506 0.125000 0.375000 12.577702 0.688244 0.617454
0.498876 0.993912 1.003154 0.996519 0.901833 0.699330 0.000000 0.375000 15.407324 0.856454 0.536635
0.455025 1.020501 1.059212 1.024261 1.909770 1.088263 1.125000 0.375000 26.483394 1.514884 0.537066
0.465390 1.035351 1.058190 1.044995 1.890941 1.071528 1.000000 0.250000 24.720232 1.410070 0.536635
0.459258 1.067328 1.088188 1.025670 1.716485 1.089815 0.000000 0.250000 23.542754 1.340074 0.536635
0.475931 1.049337 1.058839 1.005472 0.892937 1.124942 0.000000 0.250000 18.178473 1.021188 0.528806
0.489459 1.032572 1.029144 0.988606 0.681289 1.148702 0.125000 0.125000 16.826442 0.940815 0.528806
0.484227 1.026654 1.017706 0.974289 0.585414 1.157695 0.250000 0.250000 16.832826 0.941195 0.455631
0.442325 0.979102 0.941102 0.958146 0.405091 1.132045 0.375000 0.125000 16.223312 0.904962 0.383282
0.469356 0.997372 1.000240 0.950004 0.475511 1.285197 0.500000 0.125000 17.708831 0.993270 0.456020
0.459560 1.017765 1.007528 0.944768 0.490428 1.322046 0.625000 0.000000 17.702760 0.992909 0.455761
0.499735 1.005090 1.022092 0.910781 0.470343 1.150652 0.500000 0.625000 16.035018 0.893768 0.455923
0.444485 0.955401 0.957078 0.882039 0.414138 0.859701 0.500000 0.625000 13.406323 0.737503 0.546359
0.389139 0.883288 0.907687 0.836905 0.520405 0.817247 0.625000 0.750000 14.279141 0.789388 0.546359
0.362908 0.783759 0.822541 0.827020 1.065515 0.638653 0.000000 0.000000 15.201679 0.844229 0.546359
0.314859 0.635047 0.696621 0.755696 0.873240 0.458831 0.000000 0.625000 14.983456 0.831257 0.545874
0.331918 0.564762 0.654791 0.677136 0.795608 0.276373 0.625000 0.000000 16.823842 0.940661 0.546359
0.374880 0.410626 0.541176 0.629855 0.676133 0.246381 0.625000 0.250000 20.007948 1.129943 0.546359
0.443181 0.339084 0.447879 0.570892 0.485781 0.256567 0.625000 0.125000 14.103726 0.778960 0.545874
0.515704 0.228870 0.291864 0.461391 0.186914 0.118806 0.375000 0.125000 6.752508 0.341959 0.546359
0.548332 0.181350 0.229579 0.411706 0.080864 0.060114 0.250000 1.000000 2.964710 0.116789 0.536149
0.551023 0.171752 0.215743 0.395561 0.085540 0.074560 0.125000 1.000000 2.715261 0.101961 0.527981
0.560860 0.116183 0.151001 0.303867 0.048244 0.093906 0.125000 1.000000 2.120861 0.066626 0.455631
0.608517 0.110530 0.115564 0.278638 0.034018 0.112021 0.250000 0.500000 1.929122 0.055228 0.455631
0.647958 0.073480 0.066182 0.187213 0.010522 0.061768 0.750000 0.375000 1.353298 0.020997 0.455631
0.690737 0.037763 0.015690 0.091826 0.019111 0.024931 0.500000 0.000000 1.074382 0.004417 0.456020
0.741941 0.096777 0.072517 0.237589 0.034799 0.023748 0.500000 0.250000 1.366818 0.021801 0.455631
0.740199 0.090435 0.076003 0.207846 0.037465 0.023992 0.625000 0.125000 1.382974 0.022761 0.528369
0.697283 0.035531 0.013738 0.093837 0.009113 0.018747 0.750000 0.250000 1.049909 0.002962 0.528758
0.750462 0.088063 0.075447 0.211763 -0.005323 0.069110 0.750000 0.000000 1.512531 0.030463 0.536581
0.744430 0.081667 0.072041 0.190287 -0.000371 0.075935 0.750000 0.125000 1.497405 0.029564 0.546845
0.704799 0.102955 0.121705 0.243894 0.029551 0.139844 0.625000 0.125000 2.156901 0.068768 0.456348
0.662502 0.057140 0.069212 0.153534 0.051750 0.054105 0.875000 0.500000 1.535457 0.031826 0.455862
0.647748 0.064036 0.068366 0.162528 0.060286 0.029621 1.375000 0.125000 1.494417 0.029386 0.365365
0.609687 0.083259 0.113972 0.212271 0.043473 0.008771 0.375000 0.000000 1.631238 0.037520 0.365365
0.603347 0.087139 0.124373 0.205572 0.039414 -0.001479 0.375000 0.000000 1.900365 0.053518 0.352081
0.588417 0.090266 0.117674 0.228612 0.058539 0.030094 0.750000 0.750000 2.128609 0.067086 0.352636
0.578665 0.100007 0.119709 0.257064 0.075254 0.072574 0.000000 0.000000 2.110085 0.065985 0.248725
0.584491 0.094754 0.115483 0.234109 0.107253 0.080795 0.000000 0.000000 2.143707 0.067984 0.248170
0.538299 0.052083 0.057460 0.136736 0.059076 0.005527 0.000000 0.500000 1.270092 0.016051 0.273957
0.547236 0.053199 0.058290 0.148849 0.058144 0.006748 1.000000 0.375000 1.383876 0.022815 0.294013
0.605678 0.090202 0.098804 0.241844 0.070685 0.046853 0.500000 0.250000 2.172060 0.069669 0.374455
0.634824 0.070247 0.058825 0.185934 0.039452 0.038128 0.375000 0.000000 1.483660 0.028747 0.374455
0.641028 0.064612 0.054525 0.172928 0.006880 0.048009 0.375000 0.250000 1.305057 0.018129 0.455329
0.651087 0.067481 0.057096 0.161595 0.001673 0.046078 0.250000 0.250000 1.212722 0.012640 0.455329
0.681734 0.028789 0.008475 0.091912 -0.000751 0.018863 0.500000 0.125000 0.913339 -0.005157 0.455243
0.688544 0.014697 -0.001892 0.046118 0.000828 0.009218 0.500000 0.250000 0.948190 -0.003085 0.454854
0.689144 0.016856 0.000511 0.049261 0.004106 0.003740 0.375000 0.375000 0.999247 -0.000050 0.455243
0.688814 0.018058 0.001803 0.049875 0.003956 0.005470 0.250000 0.500000 1.002156 0.000123 0.382505
0.688371 0.017243 -0.000561 0.049113 0.000766 0.014500 0.250000 0.375000 1.006413 0.000376 0.382505
0.691284 0.018777 -0.000219 0.054579 0.004832 0.021116 0.125000 0.375000 1.065681 0.003899 0.382505
0.639676 -0.031991 -0.044915 -0.071135 0.006376 -0.010417 0.125000 0.375000 0.762256 -0.014138 0.382893
0.643757 -0.029212 -0.041293 -0.058403 0.002517 -0.009303 0.250000 0.875000 0.690190 -0.018422 0.382893
0.675204 0.030592 0.012428 0.082784 0.016387 0.013609 0.375000 0.000000 0.943793 -0.003346 0.382505
0.634947 -0.036459 -0.043387 -0.087003 0.016748 -0.004806 0.625000 0.375000 0.723342 -0.016451 0.374509
0.636649 -0.033594 -0.043659 -0.079933 0.014568 -0.011133 0.000000 0.000000 0.690681 -0.018393 0.294067
0.609896 -0.005718 0.003338 -0.029188 0.037292 0.005530 0.750000 0.125000 1.219848 0.013064 0.213247
0.688378 0.025575 0.012348 0.055360 -0.000010 0.021289 0.875000 0.500000 1.203472 0.012091 0.212816
0.695822 0.023136 0.013618 0.057858 0.004951 0.036891 0.250000 0.625000 1.274768 0.016329 0.293636
0.697899 0.024383 0.015879 0.057858 0.005663 0.040228 0.125000 0.750000 1.130601 0.007759 0.293636
0.696426 0.025160 0.020376 0.053724 0.010359 0.027769 0.375000 0.125000 1.019011 0.001125 0.213193
0.704515 0.016773 0.012810 0.037753 0.020691 0.010387 0.875000 0.500000 0.994821 -0.000313 0.212762
0.698975 0.012890 0.008705 0.030827 0.034388 -0.004507 0.875000 1.000000 1.027085 0.001605 0.212762
0.697366 0.003041 0.004266 0.000185 0.044045 -0.008989 0.000000 0.125000 1.117030 0.006952 0.213193
0.689848 -0.005057 0.003143 -0.015526 0.032663 0.009574 0.000000 0.125000 1.199309 0.011843 0.237321
0.689889 -0.001848 0.006254 -0.010399 0.015817 0.035673 0.125000 0.250000 1.183111 0.010880 0.309719
0.690582 -0.003718 0.001796 -0.007638 0.013086 0.040067 0.125000 0.250000 1.112494 0.006682 0.382845
0.693714 -0.000057 -0.004676 0.005387 0.021826 0.021713 0.125000 0.250000 1.050073 0.002972 0.382845
0.688856 -0.001339 -0.008832 -0.000079 0.027386 0.007035 0.125000 0.250000 1.003901 0.000227 0.383233
0.698529 -0.006764 -0.001307 -0.007638 0.028612 0.002319 0.250000 0.250000 1.026654 0.001579 0.383233
0.700007 -0.002494 -0.002480 0.011678 0.024445 0.006382 0.750000 0.250000 1.065014 0.003860 0.455631
0.713114 -0.005052 -0.006021 -0.000256 0.011817 0.009473 0.250000 0.375000 1.032251 0.001912 0.456020
0.716214 -0.007416 -0.010239 -0.015943 -0.004221 -0.002604 0.250000 0.375000 0.821438 -0.010620 0.456020
0.715902 -0.004053 -0.006659 -0.002971 -0.001365 -0.017251 0.250000 0.250000 0.801987 -0.011776 0.383233
0.719820 0.002153 -0.009748 0.008382 0.034542 -0.023736 0.500000 0.250000 1.101249 0.006014 0.383622
0.725144 0.008500 -0.009149 0.019163 0.067934 -0.021107 0.375000 0.125000 1.362476 0.021543 0.347253
0.719820 0.011444 -0.007574 0.019163 0.053092 -0.009847 0.375000 0.125000 1.264826 0.015738 0.274127
0.717403 0.002153 -0.010385 -0.007791 0.010136 0.002219 0.375000 0.000000 0.989898 -0.000606 0.274515
0.724417 0.004018 -0.010364 -0.000666 -0.003645 0.006373 1.000000 0.000000 0.926780 -0.004358 0.274127
0.750925 -0.027677 -0.063298 -0.060760 -0.013266 -0.014525 1.000000 0.000000 0.586005 -0.024615 0.274127
0.748851 -0.029401 -0.063885 -0.066484 -0.021959 -0.008760 0.375000 0.125000 0.590694 -0.024337 0.274127
0.736573 -0.028505 -0.058699 -0.062998 -0.030547 -0.006707 0.375000 0.250000 0.571493 -0.025478 0.274127
0.741229 -0.022355 -0.053348 -0.039814 -0.029608 -0.016316 0.250000 0.375000 0.485590 -0.030585 0.274127
0.741752 -0.020485 -0.053815 -0.031637 -0.023274 -0.021680 0.250000 0.375000 0.463177 -0.031917 0.346913
0.749709 -0.027660 -0.054670 -0.049747 -0.019763 -0.016611 0.250000 0.375000 0.532776 -0.027780 0.346525
0.752810 -0.036159 -0.054788 -0.072561 -0.017978 -0.009818 0.250000 0.375000 0.627460 -0.022151 0.383282
0.757675 -0.039128 -0.055278 -0.083656 -0.009932 -0.005999 0.250000 0.375000 0.731668 -0.015956 0.456020
0.763460 -0.038558 -0.052413 -0.078593 -0.004194 -0.002864 0.125000 0.375000 0.805235 -0.011583 0.456020
0.763567 -0.035683 -0.046199 -0.071135 -0.009309 -0.000139 0.125000 0.125000 0.743873 -0.015231 0.456020
0.769892 -0.034561 -0.044027 -0.065347 -0.011051 -0.002137 0.125000 0.000000 0.666406 -0.019836 0.456408
0.775196 -0.035327 -0.041566 -0.064576 -0.005162 -0.002931 0.250000 0.750000 0.678119 -0.019140 0.456408
0.813903 0.000134 -0.010797 0.006572 -0.001464 0.016406 1.000000 0.750000 0.831074 -0.010047 0.456408
0.812092 -0.007393 -0.014498 -0.013773 -0.011108 0.016405 0.000000 0.250000 0.779774 -0.013097 0.456624
0.812957 0.086458 0.116437 0.161053 0.061557 0.041286 1.000000 0.750000 1.909665 0.054071 0.456408
0.781833 0.089368 0.162096 0.164563 0.107407 0.034618 0.625000 0.875000 2.123627 0.066790 0.456408
0.773929 0.173275 0.244535 0.252667 0.140689 0.051317 0.625000 0.250000 2.848563 0.109885 0.456131
0.725427 0.224331 0.351280 0.307684 0.148757 0.055349 0.625000 0.375000 3.405538 0.142995 0.352220
0.686956 0.300213 0.465762 0.412095 0.129875 0.070907 0.125000 0.000000 4.270428 0.194409 0.351665
0.610862 0.460407 0.609735 0.512401 0.122235 0.080771 0.500000 0.500000 5.859311 0.288862 0.351665
0.571517 0.555571 0.695415 0.666141 0.280825 0.169149 1.125000 0.625000 11.899873 0.647950 0.351665
0.505942 0.624905 0.732461 0.732819 0.396874 0.292426 0.000000 1.000000 15.385560 0.855160 0.351665
0.433044 0.716701 0.808677 0.859989 0.556797 0.349573 0.000000 1.000000 15.927777 0.887393 0.351110
0.362402 0.799651 0.886743 0.953968 0.726626 0.608111 0.375000 1.000000 15.693231 0.873450 0.273107
0.368983 0.702936 0.766085 0.929888 0.582600 0.390952 0.500000 0.000000 11.241060 0.608786 0.293258
0.421779 0.722712 0.784790 0.937774 0.574950 0.674049 0.375000 0.000000 13.434261 0.739163 0.293690
0.385913 0.687624 0.740787 0.922989 0.638398 0.650206 0.000000 0.375000 13.733829 0.756972 0.273398
0.403015 0.848213 0.860936 0.989471 0.566323 1.254017 0.000000 0.375000 16.744969 0.935972 0.346136
0.422171 0.838243 0.853516 0.937576 0.535643 1.034770 0.000000 0.375000 14.585261 0.807586 0.346136
0.432030 0.857985 0.860199 0.999520 0.536849 0.825264 0.125000 0.375000 12.318708 0.672848 0.346136
0.419688 0.853983 0.833291 1.002349 0.366771 0.817628 0.250000 0.500000 10.793591 0.582186 0.273010
0.403997 0.864011 0.833410 1.000854 0.258640 0.997980 0.000000 0.500000 11.800169 0.642023 0.273010
0.361227 0.831699 0.769512 0.986038 0.839954 0.807623 0.000000 0.500000 13.535457 0.745179 0.200272
0.339345 0.862242 0.802735 0.973198 1.247857 0.717053 1.000000 0.625000 14.853202 0.823514 0.273010
0.305453 0.878350 0.816730 0.945747 1.016962 0.686188 0.500000 0.625000 14.287462 0.789883 0.200272
0.319793 0.877695 0.827997 0.925285 0.547418 0.754518 0.500000 0.500000 13.096586 0.719090 0.127146
0.297908 0.852948 0.830000 0.911959 0.433225 0.727097 0.000000 0.375000 12.476587 0.682233 0.090777
0.277478 0.826858 0.773910 0.903498 0.360246 0.612116 0.500000 0.250000 9.906017 0.529423 0.090777
0.253408 0.855719 0.782782 0.950663 0.391873 0.669246 0.375000 0.250000 10.345159 0.555528 0.017699
0.249821 0.836032 0.769231 0.947237 0.589273 0.636147 0.375000 0.250000 11.824492 0.643469 0.018088
0.281106 0.784729 0.721997 0.923975 0.580805 0.601086 0.250000 0.125000 11.319547 0.613452 0.018088
0.282131 0.764491 0.711867 0.895876 0.643688 0.665842 0.500000 0.250000 11.769732 0.640214 0.018088
0.271881 0.788083 0.737253 0.924486 0.744055 0.694989 0.500000 0.125000 12.250245 0.668778 0.018088
0.297942 0.747320 0.700865 0.919817 0.767521 0.624104 0.000000 0.000000 11.821599 0.643297 0.018088
0.315582 0.735890 0.685433 0.944768 0.670914 0.606307 0.000000 0.625000 10.755211 0.579904 0.018088
0.339962 0.653889 0.622904 0.929417 0.357957 0.439224 1.500000 0.000000 8.816664 0.464665 0.018088
0.365234 0.631583 0.591956 0.911241 0.292547 0.513081 0.250000 0.000000 7.999816 0.416107 0.018428
0.371756 0.646732 0.620088 0.901135 0.312677 0.523702 0.250000 0.125000 8.628127 0.453457 0.018428
0.378104 0.646246 0.632202 0.868508 0.442050 0.455756 1.125000 0.125000 9.087772 0.480782 0.091505
0.415902 0.607154 0.604115 0.856594 0.502475 0.404819 0.250000 0.875000 8.187606 0.427270 0.091117
0.404657 0.695167 0.702340 0.915521 0.462023 0.513232 0.125000 0.375000 8.937431 0.471844 0.163854
0.446704 0.744905 0.743795 0.950873 0.273133 0.776004 0.000000 0.750000 9.963197 0.532822 0.163854
0.455819 0.747479 0.740289 0.963646 0.288032 0.877581 0.375000 0.500000 10.702294 0.576759 0.163854
0.464899 0.773163 0.747196 0.998400 0.374598 0.973075 0.500000 0.250000 12.378986 0.676431 0.091117
0.452395 0.814011 0.808836 1.023522 0.583720 1.052461 0.875000 0.250000 14.968128 0.830346 0.164243
0.473140 0.775030 0.778818 1.027960 0.756340 0.894909 0.125000 0.625000 15.020985 0.833488 0.164243
0.465253 0.809352 0.805497 1.051018 0.794535 0.773206 0.000000 0.500000 15.370091 0.854241 0.091165
0.458201 0.839215 0.826704 1.049560 0.477119 0.724361 1.000000 0.250000 13.689829 0.754356 0.050798
0.414440 0.816761 0.829916 1.038854 0.329042 0.603430 0.500000 0.125000 11.220407 0.607558 0.000340
0.356648 0.855848 0.893610 1.069157 0.408915 0.616792 0.000000 0.250000 9.952797 0.532204 0.000340
0.380976 0.814957 0.838451 1.029834 0.500271 0.682577 0.750000 0.250000 10.856754 0.585941 0.000340
0.349412 0.750386 0.773372 0.986498 0.555610 0.631358 0.000000 0.125000 10.867448 0.586576 0.000340
0.345637 0.760599 0.772389 0.986108 0.716560 0.568041 0.000000 0.125000 12.835490 0.703569 0.039376
0.348607 0.721397 0.734876 0.967368 0.641533 0.380903 0.250000 0.000000 13.400866 0.737178 0.039376
0.335069 0.626555 0.646791 0.903474 0.708394 0.327652 1.250000 0.000000 15.669372 0.872032 -0.065090
0.336627 0.627554 0.648922 0.863323 0.711926 0.483420 0.375000 0.000000 14.869847 0.824503 0.038821
0.399414 0.525069 0.540789 0.792816 0.439152 0.553404 0.500000 0.250000 9.259044 0.490963 0.246644
0.384536 0.415509 0.419096 0.739405 0.514922 0.260738 0.625000 0.250000 6.322296 0.316385 0.181699
0.398487 0.414118 0.417547 0.717840 0.522924 0.261048 0.750000 0.250000 6.187854 0.308393 0.212438
0.434541 0.385078 0.382283 0.661283 0.321874 0.248700 0.875000 0.625000 4.693236 0.219543 0.131618
0.443055 0.363731 0.359556 0.611407 0.206674 0.273076 0.625000 0.125000 4.470341 0.206293 0.131618
0.454813 0.358612 0.360935 0.599393 0.112860 0.277616 0.625000 0.125000 4.160145 0.187853 0.050798
0.454794 0.327653 0.340728 0.576131 0.124988 0.263080 0.250000 0.875000 4.024690 0.179801 0.091165
0.455421 0.327749 0.336226 0.576745 0.211886 0.267865 0.000000 0.500000 4.602912 0.214174 0.091165
0.471036 0.320224 0.338562 0.561125 0.319006 0.264186 0.500000 0.625000 5.114527 0.244588 0.131618
0.465400 0.331057 0.345435 0.566681 0.317698 0.280098 0.500000 0.000000 5.139418 0.246067 0.131618
0.470487 0.319442 0.341273 0.545458 0.221384 0.256478 0.625000 0.000000 4.405725 0.202452 0.131618
0.495430 0.311212 0.330685 0.551967 0.146891 0.204052 0.625000 0.125000 3.874752 0.170888 0.131618
0.507513 0.298244 0.329565 0.537965 0.153993 0.194601 0.250000 0.125000 4.203201 0.190413 0.131187
0.562748 0.234570 0.263849 0.469791 0.205244 0.190096 0.000000 0.250000 4.098855 0.184210 0.212006
0.586659 0.220331 0.251676 0.462572 0.218686 0.177384 0.125000 0.250000 4.189718 0.189611 0.212006
0.694060 0.263230 0.257399 0.491384 0.114691 0.162417 0.375000 0.250000 3.314483 0.137582 0.211629
0.717356 0.247110 0.245242 0.443633 0.086356 0.169946 0.625000 0.000000 3.378375 0.141380 0.211629
0.741608 0.228543 0.229135 0.411977 0.051529 0.164445 0.750000 0.125000 3.159888 0.128392 0.292449
0.775979 0.205202 0.207898 0.399731 0.053304 0.118166 0.375000 0.000000 2.652236 0.098214 0.308651
0.787942 0.174689 0.192376 0.353324 0.066573 0.102451 0.250000 1.250000 2.514492 0.090026 0.308651
0.823953 0.147479 0.144191 0.323154 0.093723 0.069198 0.125000 0.625000 2.155281 0.068672 0.308263
0.884215 0.205408 0.200101 0.429102 0.081957 0.102941 1.125000 0.250000 2.411220 0.083886 0.381001
0.909304 0.201772 0.210865 0.417360 0.088462 0.093684 0.000000 0.875000 2.360518 0.080872 0.454176
0.942580 0.182694 0.192583 0.371595 0.110528 0.105029 0.000000 0.750000 2.486822 0.088381 0.454176
0.936895 0.186048 0.197938 0.357085 0.120214 0.099007 0.750000 0.750000 2.459538 0.086759 0.526913
0.951001 0.188863 0.201448 0.351463 0.122769 0.096364 0.750000 0.875000 2.621109 0.096364 0.599991
0.947518 0.198981 0.209806 0.375379 0.144458 0.111654 1.125000 0.375000 3.014283 0.119736 0.672729
0.953313 0.189144 0.200630 0.366362 0.141455 0.120289 0.375000 0.000000 3.228605 0.132477 0.672729
0.989381 0.163782 0.169119 0.345445 0.099282 0.103730 0.125000 0.500000 2.764353 0.104879 0.818204
1.003672 0.163006 0.173708 0.349368 0.086468 0.073697 0.125000 0.500000 2.621881 0.096409 0.890942
1.006285 0.176222 0.175249 0.378012 0.114796 0.069978 0.000000 0.625000 2.687989 0.100339 0.963632
1.001271 0.178915 0.171862 0.374279 0.109909 0.093399 1.250000 0.875000 2.614626 0.095978 0.963632
0.951387 0.215832 0.217956 0.439299 0.073081 0.135874 0.125000 0.250000 2.866568 0.110955 0.963195
0.947758 0.218830 0.222921 0.441095 0.089491 0.113266 0.000000 0.250000 2.862416 0.110708 0.890457
0.940357 0.231187 0.232736 0.473682 0.159352 0.105548 0.750000 0.000000 3.334642 0.138780 0.890457
0.929123 0.239552 0.238536 0.505935 0.193825 0.121396 1.125000 0.000000 3.552023 0.151703 0.744981
0.951605 0.296724 0.327248 0.625454 0.129720 0.219386 0.125000 0.125000 3.975781 0.176894 0.744981
0.837151 0.321926 0.360933 0.633619 0.095273 0.215486 0.125000 0.125000 4.142494 0.186804 0.818156
0.826323 0.321070 0.357142 0.638829 0.153405 0.227755 0.125000 0.625000 5.111752 0.244423 0.672680
0.817079 0.313614 0.346196 0.590602 0.191724 0.221891 0.250000 0.125000 5.542131 0.270007 0.672680
0.833979 0.290233 0.342753 0.560364 0.186705 0.228178 0.250000 0.250000 5.520701 0.268733 0.527641
0.832501 0.297191 0.353855 0.563275 0.204307 0.232813 0.500000 0.625000 5.537933 0.269757 0.527641
0.934889 0.313197 0.338381 0.633619 0.098454 0.252251 0.375000 1.250000 4.310487 0.196791 0.527641
0.891444 0.318444 0.394233 0.642946 0.121242 0.359268 0.250000 0.875000 5.734542 0.281445 0.527641
