1.000000
0.997009
0.994026
0.991053
0.988088
0.985132
0.982185
0.979247
0.976318
0.973398
0.970486
0.967583
0.964688
0.961803
0.958925
0.956057
0.953197
0.916787
0.914045
0.911311
0.908585
0.905867
0.903157
0.900455
0.897762
0.895076
0.892399
0.889729
0.887068
0.884414
0.881768
0.879131
0.876501
0.873879
0.871265
0.868659
0.866060
0.863469
0.860887
0.858311
0.855744
0.853184
0.850632
0.848087
0.845550
0.843021
0.840499
0.837985
0.835478
0.832979
0.830487
0.828003
0.825526
0.823057
0.820594
0.818140
0.815692
0.813252
0.810820
0.808394
0.805976
0.803565
0.801161
0.798765
0.796375
0.793993
0.791618
0.789250
0.786889
0.784535
0.782188
0.779848
0.777516
0.775190
0.772871
0.770559
0.768254
0.765956
0.763665
0.761380
0.759103
0.756832
0.754568
0.752311
0.750060
0.747816
0.745580
0.743349
0.741126
0.738909
0.736698
0.734495
0.732297
0.730107
0.727923
0.725745
0.723574
0.721410
0.719252
0.717100
0.714955
0.712816
0.710684
0.708558
0.706439
0.704325
0.702219
0.700118
0.698024
0.695936
0.693854
0.691778
0.689709
0.687646
0.685589
0.683538
0.681493
0.679455
0.677422
0.653501
0.651546
0.649597
0.647654
0.645717
0.643785
0.641859
0.639939
0.638025
0.636116
0.634214
0.632316
0.630425
0.628539
0.626659
0.624784
0.622915
0.621052
0.619194
0.617342
0.615495
0.613654
0.611818
0.609988
0.608164
0.606344
0.604531
0.602722
0.600919
0.599122
0.597329
0.595543
0.593761
0.591985
0.590214
0.588449
0.586688
0.584933
0.583184
0.581439
0.579700
0.577966
0.576237
0.574513
0.572794
0.571081
0.569373
0.567669
0.565971
0.564278
0.562590
0.560907
0.559230
0.557557
0.555889
0.554226
0.552568
0.550915
0.549267
0.547624
0.545986
0.544353
0.542724
0.541101
0.539482
0.537868
0.536259
0.534655
0.533056
0.531461
0.529872
0.528287
0.526706
0.525131
0.523560
0.521994
0.520432
0.518875
0.517323
0.515776
0.514233
0.512695
0.511161
0.509632
0.508107
0.506587
0.505072
0.503561
0.502055
0.500553
0.499056
0.497563
0.496074
0.494590
0.493111
0.491636
0.490165
0.488699
0.487237
0.485780
0.484326
0.482878
0.481433
0.479993
0.478557
0.477126
0.475698
0.474275
0.472857
0.471442
0.470032
0.468626
0.467224
0.465826
0.464433
0.463044
0.461658
0.460278
0.458901
0.457528
0.456159
0.454795
0.453434
0.452078
0.450726
0.449377
0.448033
0.446693
0.445357
0.444024
0.442696
0.441372
0.440052
0.438735
0.437423
0.436114
0.434810
0.433509
0.432212
0.430919
0.429630
0.428345
0.427064
0.425786
0.424513
0.423243
0.421977
0.420714
0.419456
0.418201
0.416950
0.415703
0.414459
0.413219
0.411983
0.410751
0.409522
0.408297
0.407076
0.405858
0.404644
0.403434
0.402227
0.401024
0.399824
0.398628
0.397436
0.396247
0.395061
0.393880
0.392701
0.391527
0.390355
0.389188
0.388024
0.386863
0.385706
0.384552
0.383401
0.382255
0.381111
0.379971
0.378834
0.377701
0.376571
0.375445
0.374322
0.373202
0.372086
0.370973
0.369863
0.368756
0.367653
0.366554
0.365457
0.364364
0.363274
0.362187
0.361104
0.360024
0.358947
0.344203
0.343173
0.342147
0.341123
0.340103
0.339086
0.338071
0.337060
0.336052
0.335046
0.334044
0.333045
0.332049
0.331055
0.330065
0.329078
0.328093
0.327112
0.316508
0.315561
0.314617
0.313676
0.312738
0.311802
0.310869
0.309939
0.309012
0.308088
0.307166
0.306248
0.305331
0.304418
0.303507
0.302600
0.301694
0.291914
0.291041
0.290170
0.280764
0.279924
0.279087
0.278252
0.277419
0.276590
0.275762
0.274937
0.274115
0.273295
0.272477
0.271662
0.270850
0.270039
0.269232
0.268426
0.267623
0.266823
0.266025
0.265229
0.264435
0.263644
0.262856
0.262069
0.261285
0.260504
0.259725
0.258948
0.258173
0.257401
0.256631
0.255863
0.255098
0.254335
0.253574
0.252815
0.245354
0.244620
0.243888
0.243158
0.242431
0.241706
0.240983
0.240262
0.239543
0.238827
0.238112
0.237400
0.236690
0.235982
0.235276
0.234572
0.233870
0.233171
0.232473
0.231778
0.231085
0.230393
0.229704
0.229017
0.228332
0.227649
0.226968
0.226289
0.225612
0.224937
0.224264
0.223593
0.222925
0.222258
0.221593
0.220930
0.220269
0.219610
0.218953
0.218298
0.217645
0.216994
0.216345
0.215698
0.215053
0.214409
0.213768
0.213129
0.212491
0.211855
0.211222
0.210590
0.209960
0.209332
0.208706
0.208081
0.207459
0.206838
0.206220
0.205603
0.204988
0.204374
0.203763
0.203154
0.202546
0.201940
0.201336
0.200734
0.200133
0.199534
0.198938
0.198342
0.197749
0.197158
0.196568
0.195980
0.195394
0.194809
0.194226
0.193645
0.193066
0.192489
0.191913
0.191339
0.190766
0.190196
0.189627
0.189059
0.188494
0.187930
0.187368
0.186807
0.186249
0.185691
0.185136
0.184582
0.184030
0.183480
0.182931
0.182383
0.181838
0.181294
0.180752
0.180211
0.179672
0.179134
0.178599
0.178064
0.177532
0.177001
0.176471
0.175943
0.175417
0.174892
0.174369
0.173847
0.173327
0.172809
0.172292
0.171777
0.171263
0.170750
0.170240
0.169730
0.169223
0.168716
0.168212
0.167709
0.167207
0.166707
0.166208
0.165711
0.165215
0.164721
0.164228
0.163737
0.163247
0.162759
0.162272
0.161786
0.161302
0.160820
0.160339
0.159859
0.159381
0.158904
0.158429
0.157955
0.157483
0.157011
0.156542
0.156073
0.155607
0.155141
0.154677
0.154214
0.153753
0.153293
0.152835
0.152377
0.151922
0.151467
0.151014
0.150562
0.150112
0.149663
0.149215
0.148769
0.148324
0.147880
0.147438
0.146997
0.146557
0.146119
0.145681
0.145246
0.144811
0.144378
0.143946
0.143516
0.143086
0.142658
0.142231
0.141806
0.141382
0.140959
0.140537
0.140117
0.139698
0.139280
0.138863
0.138448
0.138034
0.137621
0.137209
0.136799
0.136389
0.135981
0.135575
0.135169
0.134765
0.134362
0.133960
0.133559
0.133159
0.132761
0.132364
0.131968
0.131573
0.131180
0.130787
0.130396
0.130006
0.129617
0.129229
0.128843
0.128457
0.128073
0.127690
0.127308
0.126927
0.126547
0.126169
0.125791
0.125415
0.125040
0.124666
0.124293
0.123921
0.123551
0.123181
0.122813
0.122445
0.122079
0.121714
0.121350
0.120987
0.120625
0.120264
0.119904
0.119545
0.119188
0.118831
0.118476
0.118121
0.117768
0.117416
0.117065
0.116714
0.116365
0.116017
0.115670
0.115324
0.114979
0.114635
0.114292
0.113950
0.113609
0.113270
0.112931
0.112593
0.112256
0.111920
0.111586
0.111252
0.110919
0.110587
0.110256
0.109927
0.109598
0.109270
0.108943
0.108617
