2.928730 1.925688 2.485380 1.254789 0.696108 0.716329 4.540989 2.414605 4.341660 5.562589 3.064060 4.596292 0.888294 0.595384 0.598639 4.393032 2.442208 3.180803 0.094792 0.130634 4.890504
1.529668 1.398965 1.166812 1.402527 0.349315 0.300048 2.031886 1.773192 1.687353 1.704338 1.051095 1.057609 0.406632 0.582354 0.284726 1.890375 1.043932 1.045699 0.087273 0.122365 0.601889
0.240068 0.512434 0.217780 1.032694 0.077301 0.608050 0.251767 0.583971 0.323528 0.106148 0.126770 0.064797 0.006147 0.009169 0.003889 0.005882 0.005096 0.004943 0.086277 0.086050 0.033816
0.282925 0.531458 0.223358 0.997115 0.075346 0.565599 0.313928 0.571108 0.300186 0.107590 0.127994 0.062665 0.005979 0.008919 0.003291 0.001678 0.003431 0.000773 0.086398 0.086303 0.033666
4.647908 4.739714 4.938419 2.314070 1.391667 0.568585 7.286028 7.641743 10.286438 13.125151 7.379742 7.983711 3.211398 1.265393 1.093875 12.535942 5.896728 5.694743 0.084978 0.179436 0.652688
3.254059 2.367793 2.258702 0.942745 1.122930 0.826309 4.123296 3.063409 3.554225 2.828054 1.893062 1.707542 2.575710 1.144410 0.808801 2.891725 1.767292 1.541497 0.075733 0.076507 0.403044
0.178936 0.418040 0.269031 0.944334 0.086583 0.563688 0.211704 0.499973 0.373460 0.076448 0.104996 0.073303 0.004315 0.007644 0.004564 0.007048 0.003319 0.002478 0.077392 0.077080 0.004093
0.162965 0.421196 0.235650 0.969332 0.092748 0.590679 0.176994 0.500742 0.314335 0.072338 0.105684 0.067082 0.003780 0.007186 0.003318 0.002287 0.000240 -0.000303 0.077665 0.077464 0.025211
0.207283 0.477562 0.259195 0.973696 0.090740 0.585897 0.238436 0.551182 0.415817 0.083536 0.114133 0.074385 0.005240 0.007897 0.003904 0.005244 0.001676 0.002796 0.077826 0.077546 0.014835
0.165763 0.450560 0.243428 0.970321 0.090797 0.589984 0.219348 0.560686 0.333916 0.068118 0.112148 0.067034 0.003760 0.007716 0.003948 0.001125 0.002326 -0.000308 0.077691 0.077615 0.005006
0.163341 0.469188 0.272032 0.943726 0.091028 0.561286 0.166454 0.534573 0.367011 0.070700 0.115762 0.075521 0.004749 0.008078 0.004454 0.006006 0.001652 0.003984 0.077778 0.077571 0.019523
0.212469 0.455848 0.267861 0.943106 0.090608 0.562334 0.224461 0.525692 0.355337 0.092733 0.109993 0.076923 0.005431 0.007660 0.004327 0.005348 0.001015 0.001412 0.077665 0.077435 0.016920
0.208223 0.440829 0.245580 0.970172 0.098261 0.589779 0.221750 0.487525 0.351154 0.085048 0.111197 0.073242 0.004630 0.007831 0.003946 0.003134 0.000456 0.001253 0.077687 0.077476 0.027869
0.156200 0.461834 0.252576 0.945751 0.083428 0.566848 0.149905 0.550182 0.339628 0.077335 0.111752 0.070987 0.004233 0.007611 0.003544 0.003365 0.001029 0.000625 0.077618 0.077435 0.032065
0.174823 0.430374 0.255299 0.942649 0.087223 0.566330 0.183449 0.524598 0.352081 0.079694 0.102743 0.069123 0.004943 0.007726 0.004381 0.007139 0.000749 0.003553 0.077704 0.077420 0.003445
0.199899 0.447171 0.254732 0.966539 0.095154 0.594213 0.223586 0.524457 0.373648 0.086350 0.110385 0.077168 0.004916 0.007692 0.003959 0.001132 0.000993 0.001806 0.077685 0.077584 0.018385
0.183660 0.456028 0.243926 0.941629 0.084632 0.562292 0.239238 0.569527 0.334432 0.081137 0.111053 0.066410 0.005394 0.007538 0.003953 0.007665 0.001220 0.001719 0.077626 0.077575 0.016754
0.196810 0.467802 0.262699 1.011852 0.100853 0.630856 0.226918 0.570466 0.347961 0.087645 0.110300 0.077449 0.005209 0.008601 0.004329 0.000896 0.000378 0.003644 0.077592 0.077434 0.015876
0.184762 0.441276 0.240436 0.949465 0.087336 0.560709 0.205368 0.504252 0.344103 0.076581 0.105493 0.068356 0.004367 0.007559 0.004315 0.002945 0.000355 0.001861 0.077577 0.077440 0.033383
0.179067 0.444132 0.227874 0.964498 0.096307 0.590089 0.206214 0.522436 0.363460 0.075302 0.110403 0.067661 0.004300 0.007597 0.003900 -0.000989 0.001220 0.000451 0.077469 0.077287 0.037460
0.221001 0.461979 0.267290 0.945401 0.083305 0.560215 0.229532 0.568042 0.365589 0.076648 0.110836 0.076608 0.005983 0.009441 0.005034 0.003450 0.003556 0.005363 0.077536 0.077286 0.021689
0.191211 0.451475 0.252902 0.967621 0.090483 0.599992 0.211490 0.564074 0.348661 0.077136 0.111082 0.069121 0.005163 0.008087 0.003752 -0.000275 0.002623 0.000891 0.077396 0.077164 0.033800
0.228630 0.473644 0.258882 0.972111 0.096738 0.590770 0.230828 0.571199 0.398926 0.088044 0.135913 0.068531 0.007580 0.051201 0.009902 0.001715 0.028384 0.004275 0.075556 0.076747 0.360693
4.963358 5.734891 5.873414 0.942816 1.283413 0.651250 7.845651 9.116459 11.894305 25.400044 20.388185 19.582223 3.445296 2.701350 1.940746 19.346879 8.030413 9.550377 0.105685 0.257326 12.616392
0.340642 0.641864 0.165923 1.001553 -0.051185 0.590669 0.385824 0.784835 0.221549 0.133633 0.159516 0.064951 0.008178 0.011749 0.004288 0.007769 0.008473 0.008750 0.077587 0.077490 0.030795
0.336348 0.597847 0.155715 0.987024 -0.063081 0.571476 0.407859 0.741371 0.205048 0.124504 0.157239 0.060930 0.007168 0.013618 0.003078 0.002118 0.006144 0.000971 0.077453 0.077326 0.014856
0.361058 0.637256 0.186550 1.002354 -0.028092 0.592269 0.388941 0.833669 0.249807 0.138474 0.178133 0.060542 0.009185 0.019169 0.003871 0.005536 0.019191 0.004471 0.076676 0.076522 0.016396
0.320596 0.631234 0.186147 0.972320 -0.070434 0.564687 0.368047 0.807391 0.214040 0.131512 0.156137 0.066097 0.008017 0.011331 0.004336 0.003142 0.002736 0.005320 0.076742 0.076661 0.055158
0.358271 0.643460 0.186315 1.002955 -0.016516 0.591818 0.383309 0.883657 0.234699 0.119539 0.160993 0.054380 0.036128 0.043259 0.018458 0.001722 0.009633 0.007130 0.076442 0.076206 0.015976
2.367777 2.347065 2.390489 2.579327 1.180108 1.042974 2.657499 2.794893 3.922049 13.492298 6.894529 2.392483 3.645211 2.098688 1.641100 15.587217 7.510960 2.365197 0.077315 0.253151 1.616603
0.281300 0.602633 0.199305 0.968064 -0.025085 0.568835 0.302927 0.743717 0.272867 0.114247 0.154751 0.072091 0.007765 0.012138 0.007629 0.005542 0.003327 0.014025 0.075803 0.075750 0.069292
0.297279 0.595046 0.196173 0.968483 -0.020648 0.569228 0.322168 0.790579 0.226923 0.112348 0.152215 0.059139 0.006590 0.011056 0.003942 0.004422 0.005043 0.005423 0.075277 0.075171 0.004269
0.325408 0.575972 0.210491 0.995290 -0.025611 0.600110 0.355689 0.734541 0.254134 0.124541 0.150274 0.060544 0.008507 0.011071 0.004835 0.008346 0.005864 0.005466 0.074968 0.074887 0.031150
0.291175 0.539096 0.192954 0.963991 -0.023741 0.569063 0.339944 0.700615 0.240941 0.113189 0.140120 0.058491 0.006336 0.010991 0.003223 0.002118 0.001228 0.002688 0.074989 0.074826 0.024754
0.356142 0.669467 0.204668 0.961062 -0.018838 0.570997 0.390101 0.788727 0.273006 0.124522 0.167980 0.063049 0.006927 0.011345 0.003644 0.003038 0.001785 0.005702 0.074845 0.074959 0.032696
0.289988 0.568108 0.209984 0.967499 -0.020745 0.568559 0.277081 0.716105 0.272663 0.113149 0.146338 0.059771 0.007342 0.014198 0.006198 -0.000372 0.005164 0.004990 0.074717 0.074644 0.049879
0.358264 0.567056 0.282527 0.961634 -0.025087 0.571188 0.453355 0.722209 0.345044 0.119871 0.141609 0.068618 0.012844 0.010911 0.008479 0.006114 0.005957 0.008864 0.074559 0.074375 0.022691
0.292036 0.581866 0.217291 0.964251 -0.023194 0.571961 0.352343 0.704315 0.316032 0.123315 0.148839 0.064418 0.007086 0.010230 0.003754 0.004143 0.003867 0.004855 0.074441 0.074092 0.013640
0.288316 0.571875 0.209511 0.970364 -0.027059 0.572990 0.330316 0.726672 0.292868 0.121184 0.143846 0.064578 0.006868 0.009959 0.003260 0.007038 0.000934 0.000894 0.074240 0.074201 0.022444
0.300781 0.584993 0.211388 0.963893 -0.033305 0.568704 0.353169 0.771244 0.312769 0.108122 0.144406 0.065185 0.032437 0.016205 0.013938 0.001269 0.001797 0.000247 0.076717 0.076429 0.018740
0.333323 0.581491 0.254850 1.043679 -0.000229 0.628678 0.382132 0.746650 0.361538 0.130854 0.137497 0.081875 0.027366 0.022126 0.019289 0.004684 0.004686 0.006611 0.073733 0.076090 0.294950
0.301310 0.536847 0.244413 0.959420 -0.027148 0.575938 0.337743 0.668086 0.260998 0.130440 0.138561 0.085255 0.007144 0.011345 0.004795 0.002583 0.002175 0.001908 0.072729 0.072808 0.030262
0.314175 0.549351 0.269819 0.986358 -0.012365 0.588270 0.358498 0.738389 0.331458 0.119724 0.136020 0.083584 0.008240 0.013045 0.007194 0.002799 0.001631 0.001347 0.072463 0.072325 0.047615
1.026323 1.056209 0.743530 1.103173 1.446341 0.634620 1.042371 1.313760 0.921183 0.147403 0.147927 0.094541 3.506895 1.191401 0.957292 0.015718 0.004266 0.013480 0.071401 0.072463 0.282290
0.303759 0.566552 0.246745 0.975018 0.029784 0.604295 0.354641 0.684650 0.345669 0.099173 0.139024 0.055706 0.013276 0.014697 0.009294 0.002626 0.007644 0.000733 0.069935 0.069841 0.025910
0.659698 0.677038 0.387070 0.986128 0.030338 0.599434 0.847768 0.883875 0.622438 0.216270 0.158242 0.129449 0.043674 0.028510 0.022849 0.095937 0.035174 0.054405 0.067531 0.069868 0.246038
0.364260 0.567468 0.277400 0.964355 0.034579 0.615591 0.481420 0.664624 0.368608 0.090086 0.137969 0.053694 0.041677 0.019996 0.020078 0.004415 0.015829 0.005569 0.066767 0.067685 0.147016
0.243597 0.471130 0.198828 0.964332 0.029063 0.614640 0.281001 0.582356 0.258942 0.097109 0.117407 0.054279 0.006978 0.010167 0.003731 0.002357 0.000482 0.001879 0.067788 0.068007 0.087926
0.308907 0.542536 0.243648 1.003418 0.033987 0.651629 0.373252 0.688394 0.363163 0.108663 0.135149 0.075907 0.013336 0.013987 0.009944 0.007499 0.019355 0.027116 0.067358 0.067546 0.027756
0.297650 0.523282 0.165746 0.962898 0.029052 0.612933 0.347039 0.664994 0.218842 0.100069 0.122420 0.049555 0.005666 0.009906 0.002909 0.005009 0.003850 0.003692 0.067050 0.066749 0.023599
0.322976 0.507379 0.276702 0.966828 0.115330 0.607962 0.347375 0.645411 0.365088 0.144127 0.140545 0.103535 0.016455 0.035397 0.026329 0.052432 0.038430 0.046338 0.064568 0.066173 0.061586
0.284835 0.477448 0.258987 0.952237 0.042395 0.619011 0.333282 0.606729 0.325721 0.093420 0.114447 0.059789 0.006130 0.009619 0.006418 0.000514 0.003759 0.005843 0.064198 0.063996 0.018240
0.265131 0.473515 0.236328 0.950506 0.040791 0.613488 0.291151 0.569279 0.301220 0.124966 0.122896 0.071751 0.007435 0.008872 0.005060 0.005341 0.005483 0.008308 0.064345 0.064490 0.080407
0.353576 0.525613 0.337472 0.955661 0.041539 0.616436 0.426643 0.684711 0.428772 0.123269 0.135512 0.099401 0.011269 0.012286 0.010573 0.021790 0.015624 0.027694 0.063869 0.063699 0.037845
0.241188 0.471094 0.221474 0.951604 0.042298 0.622134 0.287315 0.584973 0.319631 0.097047 0.117770 0.064858 0.005468 0.008560 0.003435 0.004636 0.001143 0.001948 0.063800 0.063701 0.021741
0.373148 0.544941 0.335867 0.926466 0.038277 0.594403 0.456471 0.673792 0.461210 0.135698 0.128087 0.082420 0.015526 0.015908 0.013766 0.041679 0.012946 0.017509 0.063741 0.063508 0.017477
0.328234 0.489901 0.297563 0.955855 0.042820 0.620029 0.423471 0.601717 0.417562 0.107749 0.117912 0.066696 0.013962 0.013279 0.012356 0.007329 0.003546 0.003795 0.063663 0.063694 0.036808
0.286936 0.516377 0.282647 0.989416 0.048213 0.665451 0.374787 0.681089 0.409021 0.107973 0.122355 0.077775 0.008217 0.010916 0.007377 0.011141 0.009629 0.011836 0.063328 0.063128 0.034931
0.396590 0.524384 0.327998 0.994598 0.047975 0.662824 0.482620 0.608964 0.447088 0.119964 0.120167 0.081775 0.016374 0.013948 0.013648 0.005738 0.005387 0.003024 0.063389 0.063315 0.031475
0.310463 0.473849 0.225114 0.949770 0.044443 0.621684 0.403287 0.560120 0.294803 0.112683 0.112967 0.063034 0.007239 0.008653 0.003590 0.002934 0.004337 0.004147 0.063053 0.062823 0.037461
0.351485 0.491555 0.295337 0.986828 0.063707 0.656341 0.432320 0.619411 0.411720 0.108741 0.115718 0.114755 0.011164 0.013162 0.012643 0.010639 0.014054 0.041770 0.062752 0.062572 0.020308
0.353706 0.477735 0.287618 0.927046 0.035691 0.597613 0.430437 0.573159 0.380560 0.105081 0.106523 0.065160 0.015704 0.014397 0.014280 0.009169 0.005713 0.003211 0.062797 0.062868 0.052557
0.332572 0.513901 0.305730 0.924016 0.036214 0.596119 0.405045 0.619140 0.407094 0.099667 0.122667 0.076576 0.006132 0.008875 0.004681 0.007608 0.004246 0.006709 0.062587 0.062365 0.016053
0.455733 0.720342 0.572884 0.953156 0.044188 0.621657 0.522700 0.863786 0.796608 0.135493 0.150715 0.138938 0.020178 0.019700 0.016833 0.013489 0.007184 0.020812 0.062429 0.063271 0.094320
2.231490 1.823578 2.369412 4.950226 0.829795 0.855687 2.160880 1.919741 3.043999 10.291438 1.886689 3.574335 2.964907 0.833670 0.791295 11.862737 1.958040 3.654339 0.063910 0.064553 0.207347
0.263114 0.446780 0.241657 0.995749 0.034765 0.656322 0.298906 0.561005 0.275841 0.118462 0.122875 0.072483 0.006937 0.009751 0.003756 0.006187 0.005359 0.001226 0.064279 0.063921 0.009768
0.283293 0.475690 0.256801 0.958102 0.019803 0.617027 0.305051 0.587615 0.343336 0.102487 0.123469 0.073128 0.011196 0.010472 0.007125 0.001032 0.003509 0.003946 0.064289 0.064175 0.035221
0.327133 0.501318 0.298231 0.933149 0.009974 0.594122 0.403486 0.625294 0.359342 0.105019 0.126995 0.080193 0.011083 0.009964 0.008026 0.013851 0.004562 0.008940 0.064091 0.063867 0.019969
0.206076 0.443018 0.204596 0.963287 0.015123 0.615735 0.263210 0.541420 0.270495 0.086798 0.112144 0.061825 0.004950 0.007993 0.003520 0.006279 0.003199 0.001803 0.063983 0.063868 0.000174
0.286846 0.510024 0.311301 0.932092 0.008107 0.594169 0.346411 0.597757 0.356685 0.086904 0.117415 0.082548 0.010823 0.011317 0.008156 0.010586 0.002610 0.002614 0.063999 0.063890 0.018451
1.007976 0.993293 0.923241 0.928990 0.347513 0.593987 1.040572 1.051033 0.826827 0.554066 1.017937 1.821608 0.958775 0.295080 0.559352 0.544648 1.021533 1.844257 0.063868 0.573184 0.021079
0.987115 1.141536 1.172810 0.433487 0.908335 0.265519 0.881688 1.018307 1.202723 10.832283 7.601635 16.124865 2.870606 1.463322 2.907605 10.610579 6.612513 13.242508 0.087522 0.092263 1.334376
0.345373 0.431813 0.242139 0.971301 0.080365 0.591651 0.395769 0.503082 0.317175 0.120619 0.107932 0.065638 0.007128 0.007578 0.004047 0.002473 0.003529 0.001756 0.077501 0.077399 0.059992
0.314816 0.432076 0.236221 0.944976 0.064175 0.564006 0.372316 0.549117 0.299731 0.122244 0.104257 0.065034 0.008021 0.007391 0.003658 0.004348 0.002650 0.008528 0.076802 0.076543 0.004326
0.304936 0.454616 0.235894 1.017072 0.079121 0.630397 0.343542 0.544406 0.334154 0.112025 0.108982 0.069683 0.006471 0.007786 0.003483 0.003757 0.002389 -0.000222 0.076601 0.076341 0.017056
0.337431 0.480889 0.243345 0.971850 0.066824 0.597550 0.386803 0.565888 0.328633 0.110683 0.105815 0.065310 0.009747 0.008802 0.005187 0.006331 0.004094 0.004513 0.076297 0.076171 0.006420
0.285847 0.425060 0.246833 0.941929 0.073805 0.573316 0.294051 0.524523 0.315040 0.103682 0.098135 0.060269 0.006447 0.006679 0.004015 0.004842 0.000720 0.000244 0.076272 0.076004 0.030289
1.437755 1.390620 1.563350 0.973941 0.343369 0.593862 1.590630 1.406794 2.172660 9.972154 2.544130 2.977261 2.232432 0.814853 0.798629 11.516085 2.728417 3.047742 0.069074 0.075978 2.262773
0.281255 0.395482 0.287044 0.888039 0.119447 0.599327 0.315328 0.475886 0.399329 0.099961 0.093021 0.069302 0.006048 0.007400 0.003651 0.006120 0.002544 0.001589 0.060871 0.061111 0.037037
0.310266 0.432552 0.304850 0.907144 0.119997 0.631570 0.337182 0.538983 0.417428 0.105051 0.104322 0.075587 0.005635 0.007381 0.004269 0.001015 0.001294 0.003498 0.060252 0.060118 0.030860
0.304488 0.447398 0.297841 0.922122 0.121776 0.634043 0.345017 0.546599 0.392678 0.101058 0.109631 0.073192 0.006485 0.007704 0.004620 0.010694 0.002511 0.005125 0.059785 0.059393 -0.001049
0.292721 0.444363 0.321848 0.911933 0.121813 0.633260 0.340179 0.600216 0.468022 0.094209 0.106901 0.077388 0.007820 0.007407 0.004732 0.003652 0.001190 0.000968 0.059475 0.059281 0.003794
0.308999 0.459938 0.324004 0.884982 0.121811 0.603031 0.332163 0.559130 0.442849 0.099075 0.108831 0.080094 0.006127 0.008138 0.004381 0.004665 0.000283 -0.000229 0.059264 0.059042 0.021966
0.344874 0.473338 0.323513 0.908564 0.127302 0.633397 0.386435 0.565556 0.426872 0.114684 0.110252 0.084357 0.006763 0.007953 0.004337 0.008264 0.001817 0.002917 0.059049 0.058886 0.038751
0.362204 0.514491 0.434194 0.913698 0.124706 0.630755 0.431487 0.593732 0.529912 0.115881 0.118514 0.101172 0.007054 0.008763 0.005952 0.002571 0.002472 0.000786 0.058671 0.058425 0.017536
0.390870 0.506832 0.342061 0.907819 0.128336 0.631546 0.420002 0.584274 0.483911 0.138069 0.125391 0.088542 0.007735 0.009077 0.005390 0.002528 0.002892 0.003363 0.058436 0.058157 0.025155
0.416142 0.499624 0.357227 0.947928 0.136151 0.675726 0.430868 0.543282 0.543520 0.143582 0.123557 0.089660 0.008246 0.008767 0.005530 0.006998 0.001968 0.005682 0.058126 0.057795 0.007412
0.389814 0.472021 0.346549 0.882727 0.121460 0.609442 0.421002 0.557296 0.491426 0.131585 0.116831 0.084442 0.008213 0.008075 0.004689 0.003005 0.000204 0.004972 0.058068 0.057719 0.012348
0.414314 0.485352 0.308908 0.906800 0.131940 0.634098 0.460770 0.558207 0.441262 0.125746 0.118116 0.075680 0.007755 0.008396 0.004358 0.004689 0.001466 0.003695 0.057915 0.057565 0.016585
0.375695 0.491971 0.326874 0.908902 0.124186 0.631921 0.363548 0.595211 0.476068 0.125812 0.120060 0.083666 0.008400 0.008531 0.005424 0.008794 0.003631 0.004600 0.057732 0.057512 0.018232
0.377208 0.477158 0.295217 0.881689 0.119124 0.607912 0.394741 0.561131 0.378439 0.128766 0.113513 0.093324 0.007371 0.007887 0.008360 0.004152 0.002478 0.022965 0.057615 0.057460 0.032299
0.371571 0.468688 0.302853 0.881847 0.121524 0.609316 0.408918 0.555407 0.410151 0.130760 0.114884 0.080605 0.007423 0.007812 0.004733 0.003510 0.000167 0.004038 0.057530 0.057359 0.026104
0.352048 0.511769 0.302492 0.911748 0.129071 0.631469 0.391427 0.555787 0.386825 0.129630 0.122800 0.077612 0.007019 0.008555 0.004906 0.003382 0.002596 0.004970 0.057383 0.057163 0.010241
0.383469 0.469973 0.316280 0.908671 0.130749 0.636322 0.406011 0.600428 0.428609 0.118726 0.114219 0.076912 0.006914 0.008147 0.004357 0.007346 0.005025 0.004573 0.057392 0.057169 0.035381
0.360765 0.502383 0.343594 0.906133 0.116334 0.640301 0.441119 0.570649 0.490999 0.115727 0.117446 0.080966 0.007156 0.008165 0.004734 0.007245 0.003268 0.005098 0.057391 0.057066 0.010605
0.358974 0.463832 0.318626 0.913473 0.125627 0.635229 0.403255 0.584909 0.430930 0.115521 0.110889 0.072647 0.007252 0.007737 0.003959 0.004978 0.001258 0.003032 0.057289 0.057021 0.026939
0.362391 0.482728 0.315524 0.908639 0.123153 0.635911 0.412059 0.574443 0.458283 0.113243 0.113405 0.075198 0.006827 0.007915 0.004025 0.005968 0.000697 0.003174 0.057303 0.056926 0.002949
0.386665 0.475547 0.320714 0.948875 0.135804 0.679552 0.437591 0.559446 0.537006 0.123057 0.108993 0.079014 0.006844 0.008028 0.004118 0.003080 0.003946 0.000405 0.057263 0.056920 0.014819
0.394437 0.497633 0.377102 0.945866 0.129957 0.681870 0.422016 0.584933 0.508172 0.134727 0.117553 0.090765 0.008415 0.009121 0.005233 0.005300 0.003947 0.006613 0.057204 0.057029 0.035338
0.351854 0.479150 0.292274 0.935967 0.129193 0.674964 0.394621 0.558245 0.427791 0.117502 0.117166 0.072891 0.007129 0.008068 0.003809 0.004927 0.003377 0.000008 0.056991 0.056770 0.016485
0.328089 0.454300 0.281631 0.908394 0.126295 0.634845 0.360747 0.544879 0.423006 0.113549 0.112276 0.072007 0.006379 0.008363 0.003576 0.002483 0.003945 0.000650 0.056986 0.056765 0.004057
0.316958 0.461639 0.298652 0.914233 0.134495 0.625198 0.346644 0.563858 0.393807 0.106876 0.111717 0.071842 0.006203 0.007622 0.003784 0.005941 0.001191 0.003837 0.056751 0.056563 0.018112
0.346470 0.483072 0.292670 0.882828 0.119162 0.610917 0.376792 0.562974 0.459909 0.107204 0.113123 0.064813 0.006116 0.007957 0.003564 0.006987 0.001427 -0.000112 0.056720 0.056571 0.015879
2.580909 2.361756 2.922332 1.282751 1.410022 0.991243 3.161849 2.304171 4.157520 14.107843 1.491971 4.038287 3.672806 2.119461 2.006217 16.308568 1.517758 4.112219 0.134366 0.256945 24.691166
0.542558 0.561920 0.392646 0.594692 0.750666 0.218387 0.662254 0.643479 0.516890 0.226405 0.130807 0.138779 0.014563 0.011888 0.010948 0.005417 0.007073 0.002749 0.210919 0.211229 0.146305
0.503030 0.518258 0.386437 0.595444 0.780831 0.244673 0.530409 0.592341 0.530454 0.206382 0.122818 0.133226 0.011926 0.009063 0.007606 0.008484 0.006984 0.004682 0.212218 0.212394 0.054448
0.518934 0.508134 0.411806 0.611275 0.809079 0.247461 0.606092 0.587965 0.520689 0.208543 0.117240 0.135879 0.012463 0.011865 0.007660 0.007292 0.000228 0.002123 0.212991 0.212987 0.003315
0.523950 0.484539 0.381565 0.571984 0.761044 0.228942 0.578461 0.563511 0.516983 0.198580 0.114070 0.127807 0.011178 0.007822 0.006956 0.004040 0.002355 0.002011 0.213272 0.213350 0.049462
0.554761 0.520742 0.393500 0.595680 0.781099 0.235673 0.633662 0.612297 0.557117 0.202359 0.121769 0.127964 0.012152 0.008789 0.006863 0.007782 0.000001 0.000380 0.213673 0.213588 0.034004
0.561378 0.502313 0.395373 0.594135 0.785993 0.242387 0.608570 0.585467 0.494750 0.209270 0.122020 0.130981 0.012726 0.009013 0.007073 0.009844 0.002114 0.003551 0.214039 0.213923 0.031441
0.571437 0.539729 0.377535 0.588741 0.786420 0.235390 0.619979 0.606987 0.544217 0.202932 0.131717 0.125233 0.012045 0.010018 0.006838 0.005243 0.001946 0.002224 0.214074 0.214087 0.027957
0.647190 0.582819 0.434479 0.586915 0.789522 0.234409 0.757756 0.651328 0.520909 0.232530 0.136742 0.154312 0.014181 0.010195 0.011434 0.009527 0.002941 0.010530 0.214331 0.215848 0.226984
0.640105 0.521455 0.429438 0.610051 0.829147 0.253363 0.696002 0.597141 0.550989 0.258633 0.129775 0.151316 0.015279 0.008968 0.008488 0.008162 0.002568 0.004713 0.215534 0.215481 0.047987
0.594134 0.504208 0.404054 0.589779 0.787433 0.229140 0.697668 0.587768 0.483502 0.239650 0.120986 0.151867 0.014352 0.008636 0.008150 0.002656 0.003672 0.002455 0.215536 0.215544 0.039574
0.530335 0.499385 0.421714 0.581999 0.796402 0.227755 0.611201 0.551653 0.525096 0.225752 0.115990 0.146505 0.012796 0.007885 0.008259 0.003807 0.001431 0.004286 0.215678 0.215508 0.034254
0.546067 0.511977 0.409214 0.581536 0.795901 0.229508 0.602454 0.604388 0.512714 0.219610 0.118802 0.135686 0.013508 0.008595 0.009084 0.009681 0.001618 0.005186 0.215853 0.215570 0.023129
0.509537 0.499916 0.402569 0.580608 0.793420 0.231246 0.598171 0.533190 0.555793 0.199401 0.114801 0.139578 0.012117 0.007956 0.007268 0.005182 0.002539 0.000708 0.216023 0.215754 0.024860
0.534465 0.514552 0.430850 0.574385 0.781721 0.221025 0.604951 0.566271 0.496989 0.207601 0.118838 0.137955 0.011793 0.008257 0.008012 0.009344 0.001880 0.001229 0.216165 0.215979 0.012218
0.569572 0.501701 0.406895 0.584809 0.799888 0.225227 0.635532 0.543029 0.493964 0.218057 0.116634 0.127392 0.013050 0.008078 0.007250 0.001545 0.000222 0.007130 0.216293 0.216020 0.022275
0.570787 0.488101 0.385941 0.581432 0.796677 0.227782 0.641823 0.577812 0.505041 0.194319 0.119107 0.131455 0.011663 0.008114 0.007267 0.004416 0.001695 0.004925 0.216356 0.216239 0.036093
0.568762 0.492335 0.407711 0.558526 0.763027 0.204973 0.657433 0.535829 0.493719 0.191319 0.116656 0.144322 0.011071 0.008638 0.012304 0.002717 0.003726 0.014311 0.216336 0.216288 0.057227
0.639763 0.476747 0.441935 0.577969 0.800755 0.228365 0.721667 0.584181 0.582401 0.248672 0.119417 0.178018 0.016603 0.009357 0.012190 0.025732 0.007547 0.009322 0.216850 0.217397 0.191976
0.589413 0.485040 0.417104 0.571686 0.760999 0.196406 0.674941 0.575349 0.558783 0.265840 0.120215 0.163461 0.015042 0.008928 0.009503 0.003680 0.001668 0.001704 0.217149 0.217138 0.031087
0.549181 0.451680 0.418995 0.555489 0.774298 0.211030 0.648269 0.515353 0.545847 0.242509 0.109427 0.154396 0.014055 0.007990 0.008385 0.010601 0.001909 0.003779 0.217088 0.216917 0.029747
0.509465 0.457618 0.403953 0.559833 0.776025 0.208420 0.652443 0.540435 0.501721 0.234247 0.112664 0.148654 0.013607 0.007626 0.008182 0.005064 0.001311 0.004911 0.217100 0.216880 0.025909
0.557589 0.460807 0.372582 0.598133 0.817267 0.237730 0.618066 0.523928 0.489910 0.228720 0.110224 0.139800 0.013107 0.008335 0.007411 0.003843 0.003832 0.002190 0.217149 0.217063 0.036598
0.555166 0.462977 0.436212 0.584467 0.794983 0.226905 0.605098 0.539445 0.543161 0.221084 0.111683 0.146016 0.013289 0.008269 0.008274 0.006596 0.002764 0.004767 0.217178 0.216962 0.036996
0.557256 0.462804 0.397095 0.594130 0.822201 0.235437 0.593311 0.520170 0.502116 0.220177 0.114184 0.140915 0.013662 0.008045 0.007389 0.007485 0.001362 0.001874 0.217249 0.217110 0.012721
0.587892 0.460578 0.412380 0.560373 0.776893 0.209101 0.653296 0.536361 0.535219 0.223419 0.109015 0.134401 0.015548 0.009955 0.013410 0.003008 0.001663 0.002377 0.217369 0.217341 0.050999
0.560509 0.472863 0.431060 0.589226 0.822984 0.240356 0.613288 0.539054 0.497698 0.221092 0.118726 0.141344 0.012853 0.008643 0.007703 0.008318 0.002172 0.003814 0.217464 0.217193 0.018301
0.610581 0.499282 0.421774 0.558695 0.784169 0.203368 0.673340 0.521135 0.551902 0.205038 0.121196 0.134905 0.012598 0.008262 0.008234 0.004508 0.001825 0.004267 0.217382 0.217151 0.020700
0.724133 0.559522 0.501660 0.547727 0.777048 0.206893 0.800432 0.591866 0.584271 0.243526 0.135261 0.179749 0.017346 0.009466 0.012032 0.026493 0.000325 0.003844 0.217703 0.218782 0.165936
0.628219 0.463567 0.438540 0.574224 0.806635 0.219508 0.663282 0.540702 0.482885 0.257480 0.115929 0.168136 0.016941 0.008273 0.009254 0.004421 0.004036 0.001906 0.218784 0.218780 0.045107
0.557047 0.466456 0.442141 0.570313 0.799692 0.216909 0.594644 0.539318 0.518855 0.238337 0.115520 0.158694 0.013347 0.007811 0.008540 0.004167 0.001363 0.001350 0.218353 0.218083 0.018226
0.538252 0.460271 0.414861 0.575783 0.801816 0.221644 0.641191 0.524201 0.511447 0.223565 0.112550 0.149808 0.013907 0.007949 0.007976 0.008636 -0.000000 0.003144 0.218434 0.218507 0.085437
0.516622 0.435420 0.399570 0.577091 0.805764 0.219598 0.569450 0.510674 0.487938 0.211544 0.108246 0.144851 0.012300 0.007289 0.007926 0.002490 0.000583 0.003635 0.218440 0.218313 0.006558
0.533594 0.434579 0.415516 0.568494 0.771600 0.214646 0.575183 0.540168 0.551988 0.216514 0.103852 0.145128 0.013943 0.007992 0.009067 0.011440 0.003073 0.002610 0.218538 0.218505 0.037141
0.523227 0.470507 0.434212 0.556750 0.785647 0.200245 0.568217 0.557266 0.545519 0.197062 0.109999 0.140226 0.011258 0.007758 0.007321 0.001509 0.000585 0.001081 0.218510 0.218355 0.027581
0.544799 0.434145 0.427471 0.569318 0.804202 0.217771 0.605107 0.510033 0.518361 0.196305 0.107158 0.136562 0.011906 0.008238 0.007611 0.001187 0.005958 0.001962 0.218600 0.218503 0.043959
0.566065 0.474546 0.468105 0.575946 0.804609 0.223414 0.621791 0.518607 0.602423 0.195858 0.115458 0.159103 0.013825 0.008378 0.011427 0.010171 0.003022 0.001242 0.218425 0.218491 0.006602
0.605699 0.461440 0.448346 0.575711 0.808014 0.203503 0.682619 0.555279 0.577739 0.246376 0.114975 0.167255 0.015568 0.008222 0.009851 0.012580 0.005417 0.004014 0.219435 0.219321 0.066570
0.671906 0.518636 0.488338 0.572861 0.803734 0.220194 0.743783 0.586365 0.589769 0.244216 0.120578 0.157155 0.020804 0.016661 0.014991 0.010698 0.006368 0.006641 0.218929 0.219286 0.015256
0.613910 0.486148 0.432505 0.548928 0.784153 0.201568 0.662779 0.562162 0.553673 0.239935 0.118410 0.147832 0.014693 0.010231 0.009017 0.004825 0.004282 0.004707 0.220192 0.220460 0.032187
0.592141 0.487221 0.421364 0.543163 0.786761 0.196938 0.650203 0.531639 0.536823 0.220483 0.120188 0.136400 0.013133 0.008352 0.007674 0.010993 0.000380 0.003602 0.220137 0.219954 0.020384
0.544875 0.496840 0.425911 0.565412 0.805782 0.221744 0.621409 0.574954 0.537970 0.202020 0.122253 0.139340 0.012420 0.008367 0.007614 0.011050 0.000166 0.002974 0.220033 0.219905 0.012752
7.183724 7.492302 8.073796 2.198759 1.098301 1.138724 11.566300 14.147398 17.025916 15.983172 12.134380 8.460104 2.153833 2.306900 1.632299 12.652107 9.596738 6.169372 0.179731 0.220843 13.876945
0.582556 0.173878 0.275504 0.526665 0.358112 0.718621 0.639689 0.164021 0.364387 0.157875 0.049667 0.074997 0.019617 0.007131 0.006767 0.003579 0.001169 0.002727 -0.002409 -0.002616 0.054344
0.459510 0.182828 0.201853 0.510285 0.369228 0.728985 0.524180 0.184311 0.255626 0.125186 0.055299 0.057621 0.007708 0.003640 0.003029 0.003015 0.000319 0.002494 -0.001692 -0.001602 0.030037
0.480285 0.177391 0.188426 0.528077 0.390702 0.758005 0.545652 0.160972 0.201004 0.125258 0.049097 0.054220 0.007692 0.003454 0.003188 0.002239 0.000884 0.001584 -0.001239 -0.001195 0.048092
0.422945 0.164557 0.175603 0.522955 0.388406 0.758595 0.472225 0.154600 0.205814 0.112494 0.042216 0.053020 0.006316 0.003495 0.003054 0.003972 0.000855 0.001855 -0.000516 -0.000690 0.044851
0.225223 0.067951 0.114268 0.558022 0.413996 0.817378 0.280551 0.084330 0.167260 0.129404 0.046875 0.076903 0.007226 0.003374 0.011298 0.003810 0.000532 0.017738 -0.000189 -0.000455 0.011547
0.435945 0.159529 0.154863 0.512471 0.378237 0.725213 0.511477 0.171397 0.164019 0.118263 0.044147 0.053403 0.006332 0.003041 0.002836 0.000732 0.000673 0.001980 -0.000339 -0.000564 0.045898
0.430026 0.139991 0.173592 0.510874 0.376022 0.728572 0.501834 0.136916 0.217842 0.102663 0.038658 0.052228 0.007122 0.002656 0.003068 0.005629 0.002393 0.003666 -0.000205 -0.000430 0.018324
0.468170 0.140125 0.179770 0.527585 0.389864 0.759632 0.543207 0.152133 0.223474 0.121849 0.044553 0.058281 0.006391 0.003262 0.003337 0.000309 0.002456 0.002607 -0.000061 -0.000286 0.017435
0.470031 0.157108 0.185251 0.527941 0.387454 0.755099 0.507861 0.158012 0.208725 0.122134 0.046051 0.055124 0.007263 0.003266 0.003598 0.006923 0.001082 0.004359 0.000114 -0.000153 -0.000112
0.426975 0.161807 0.175466 0.507967 0.375435 0.725355 0.514700 0.159133 0.201475 0.113538 0.047588 0.054475 0.006544 0.003274 0.002806 0.006798 0.001163 0.002449 0.000153 -0.000054 0.012672
0.473624 0.168206 0.175191 0.524716 0.387476 0.757736 0.532161 0.157533 0.215639 0.114275 0.047444 0.055150 0.008233 0.003633 0.002806 0.004765 0.003220 0.002086 0.000191 0.000206 0.027006
0.440328 0.162582 0.157136 0.549720 0.409996 0.802071 0.492296 0.167881 0.173643 0.118979 0.048725 0.049806 0.007551 0.003921 0.002738 0.007555 0.002683 0.000386 0.000401 0.000195 0.031932
0.443749 0.152388 0.162966 0.545308 0.407924 0.803989 0.536580 0.146606 0.152925 0.109770 0.047085 0.053464 0.006468 0.003445 0.002866 0.003408 0.001823 0.001628 0.000346 0.000100 0.029951
0.485702 0.181193 0.197867 0.523132 0.387947 0.755341 0.586562 0.176410 0.221580 0.118405 0.050777 0.051627 0.007552 0.003681 0.002898 0.002429 0.001185 0.001439 0.000451 0.000214 0.017577
0.440473 0.198775 0.169830 0.549625 0.410966 0.800703 0.458707 0.208726 0.203482 0.107406 0.057729 0.050971 0.006860 0.003944 0.002715 0.009424 -0.000067 0.001378 0.000672 0.000600 0.031410
0.480391 0.200176 0.202112 0.548560 0.413002 0.801656 0.564302 0.211320 0.219627 0.120052 0.059944 0.056504 0.006818 0.004910 0.003826 0.003271 0.002978 0.002638 0.000622 0.000477 0.035704
0.451563 0.174533 0.208419 0.513259 0.373558 0.725787 0.476592 0.177318 0.223617 0.117599 0.056369 0.058921 0.006801 0.003924 0.002954 0.004704 0.002228 0.000733 0.000438 0.000210 0.027590
0.460939 0.190226 0.215154 0.524871 0.391424 0.759383 0.471475 0.194726 0.200390 0.109304 0.054157 0.056608 0.006109 0.003897 0.003078 0.002044 0.001831 0.002335 0.000454 0.000224 0.020741
0.422225 0.183743 0.198477 0.529542 0.386323 0.751842 0.515919 0.186820 0.211446 0.114963 0.055833 0.056008 0.007191 0.003702 0.002898 0.007496 0.000467 0.000909 0.000325 0.000110 0.028875
0.502391 0.226314 0.212453 0.506433 0.372365 0.723879 0.534416 0.236495 0.215369 0.119575 0.055190 0.059185 0.009137 0.010564 0.006454 0.011460 0.001650 0.008430 0.000483 0.001531 0.013882
0.473753 0.190306 0.175516 0.547734 0.414040 0.797198 0.557187 0.203102 0.196407 0.119702 0.056402 0.045339 0.009086 0.005314 0.003886 0.004811 0.003130 0.002859 0.002227 0.002035 0.011560
0.461366 0.199129 0.143485 0.507463 0.378957 0.723214 0.559428 0.209056 0.174148 0.112398 0.056678 0.040889 0.009797 0.015537 0.006956 0.002353 0.005128 0.001026 0.003635 0.004100 0.308048
0.499183 0.196951 0.182585 0.511399 0.385547 0.714068 0.610038 0.203826 0.194557 0.136185 0.058639 0.056337 0.008110 0.004666 0.004568 0.011056 0.005928 0.003712 0.004605 0.004240 0.006890
0.467988 0.198763 0.169172 0.521891 0.386583 0.717178 0.546776 0.197954 0.192904 0.124803 0.061978 0.047963 0.007730 0.004334 0.002552 0.007078 0.001103 0.001313 0.004657 0.004396 0.014261
0.489404 0.223416 0.172421 0.513693 0.383774 0.713952 0.526390 0.242414 0.246527 0.110848 0.056651 0.044312 0.011733 0.007146 0.005298 0.006445 0.004412 0.004138 0.004462 0.004204 0.031704
0.542202 0.212221 0.207228 0.525146 0.396390 0.747121 0.613185 0.213072 0.210740 0.136889 0.069536 0.059421 0.069052 0.119858 0.096571 0.017994 0.021322 0.017669 0.006136 0.007186 0.095345
2.192086 2.329903 1.999130 1.676291 0.445711 0.710253 2.399061 3.439179 3.253966 6.684666 4.613144 4.179715 1.635988 1.844464 1.290493 7.320280 4.814018 3.953492 0.204759 0.284032 29.959958
0.314934 0.085663 0.062508 0.266753 0.939726 0.097574 0.353789 0.101698 0.097787 0.088899 0.015585 0.011559 0.005126 0.001132 0.000406 0.004930 0.000471 0.001401 0.261642 0.261429 0.032958
0.327646 0.114361 0.076130 0.260258 0.915816 0.082483 0.378391 0.121911 0.090819 0.083718 0.019381 0.011708 0.004905 0.001522 0.000532 0.006766 0.001567 0.001882 0.262028 0.261869 0.021706
0.336902 0.118170 0.099899 0.274346 0.945506 0.092683 0.376006 0.117727 0.117351 0.082917 0.020594 0.018331 0.009976 0.003708 0.006762 0.007988 0.001136 0.001391 0.262094 0.261869 0.030878
0.353046 0.119485 0.088583 0.271371 0.946882 0.091831 0.399823 0.126238 0.099094 0.082559 0.020270 0.015325 0.005247 0.001520 0.000702 0.002190 0.000674 0.002234 0.262242 0.262057 0.014381
1.753115 2.324459 1.670924 1.986771 0.945722 0.219433 1.437093 2.271273 1.607085 10.637710 5.158912 3.636219 3.778976 3.040869 1.874663 12.354509 5.781401 3.792694 0.262149 0.262077 0.123698
0.606623 0.297262 0.211528 0.496819 0.387174 0.780100 0.729896 0.303697 0.245941 0.170909 0.077581 0.071936 0.013111 0.008156 0.004833 0.006400 0.005742 0.003729 -0.011236 -0.011106 0.096664
0.714858 0.375941 0.245300 0.487337 0.385207 0.778999 0.851168 0.380702 0.266635 0.174165 0.087211 0.068353 0.023166 0.022268 0.012047 0.001926 0.003773 0.001179 -0.010372 -0.010249 0.040539
0.333907 0.161415 0.183928 0.513531 0.417365 0.843400 0.367968 0.162728 0.236122 0.192313 0.090206 0.071630 0.012910 0.007364 0.008911 0.005275 0.003489 0.001015 -0.009775 -0.009639 0.059705
1.619588 1.119726 1.360001 2.648757 1.128744 0.784589 1.836159 0.966001 1.252161 0.607400 0.479535 0.494037 2.257033 1.726760 1.269534 0.455257 0.418327 0.377593 -0.013064 0.018168 1.716167
0.332348 0.268330 0.117313 0.645807 0.350858 0.718338 0.371847 0.268326 0.123746 0.101596 0.138939 0.110148 0.005497 0.010305 0.006677 0.002460 0.005768 0.006528 0.016708 0.017159 0.040053
0.400995 0.335950 0.118114 0.638884 0.350980 0.717637 0.440336 0.331602 0.148811 0.121500 0.147880 0.108591 0.013206 0.016670 0.011705 0.009480 0.012872 0.012110 0.015424 0.017019 0.080494
0.487512 0.354288 0.176135 0.637492 0.345862 0.721502 0.549604 0.377569 0.225417 0.133220 0.167151 0.128085 0.019345 0.017140 0.011654 0.003562 0.009773 0.014580 0.015200 0.015299 0.095645
0.360843 0.275224 0.066402 0.629332 0.346806 0.727634 0.371577 0.290262 0.072960 0.123910 0.168950 0.116494 0.007089 0.012697 0.007008 0.001353 0.009302 0.011264 0.013907 0.014399 0.065352
0.350857 0.283870 0.083033 0.654889 0.373865 0.766742 0.392021 0.272021 0.110754 0.108376 0.153734 0.113321 0.006317 0.011255 0.006416 0.005645 0.004260 0.006234 0.013767 0.013657 0.089010
0.380618 0.286059 0.068428 0.628172 0.348470 0.732137 0.392681 0.250623 0.081623 0.124004 0.146433 0.096801 0.007179 0.011832 0.006296 0.007384 0.007283 0.010134 0.013628 0.014009 0.092931
0.329032 0.278825 0.067983 0.653223 0.369729 0.776699 0.360964 0.262906 0.104387 0.113886 0.141805 0.096195 0.006717 0.010889 0.005597 0.003384 0.003756 0.005963 0.013111 0.013147 0.089062
0.420653 0.300929 0.105047 0.610344 0.332932 0.702268 0.434383 0.310295 0.160971 0.133596 0.155079 0.108023 0.008810 0.013316 0.008947 0.013587 0.019902 0.018095 0.013163 0.013743 0.155656
0.364108 0.273852 0.079147 0.607855 0.341086 0.696290 0.373660 0.255729 0.097005 0.124090 0.146823 0.102608 0.007411 0.010568 0.005875 0.009397 0.002747 0.005661 0.013042 0.013057 0.056510
1.006938 0.867510 0.845193 0.610156 1.624319 0.714179 1.161169 0.668206 0.816866 2.534651 8.548964 2.940544 1.188483 3.135729 1.008647 2.799150 9.452514 2.988873 0.030492 0.050550 5.756432
0.358788 0.224839 0.155206 0.549465 0.512299 0.655774 0.444892 0.237663 0.176585 0.089305 0.058254 0.051217 0.006352 0.011504 0.006494 0.010992 0.012397 0.007634 0.053248 0.053665 0.249138
0.334967 0.254356 0.156688 0.551498 0.514446 0.644794 0.404901 0.258534 0.162295 0.091985 0.049889 0.047129 0.006738 0.004425 0.002644 0.006967 -0.000355 0.003326 0.054725 0.054673 0.111057
0.315405 0.245035 0.107613 0.536656 0.498597 0.616854 0.353392 0.249924 0.131154 0.082217 0.052794 0.029631 0.004958 0.004801 0.001305 -0.000220 0.004680 0.000484 0.055244 0.054942 0.017293
0.554520 0.551070 0.462713 0.553256 0.515732 0.640931 0.624542 0.636239 0.637949 0.555927 0.171314 0.604665 0.538317 0.759633 1.429975 0.442866 0.064830 0.524937 0.056478 0.428363 0.377383
0.181143 0.117583 0.087905 0.289642 0.982785 -0.083168 0.189589 0.124513 0.111901 0.024133 0.011630 0.009159 0.684827 1.028575 2.311795 0.012168 0.004070 0.010140 0.823898 0.824084 0.069144
0.052071 0.031788 -0.015107 0.051252 0.558142 0.765258 0.069773 0.029421 -0.022809 0.011024 0.000740 -0.004627 0.000560 0.000104 -0.000639 0.002568 0.000313 0.000073 0.823040 0.823023 0.027901
0.019274 0.042355 -0.014680 0.051297 0.536571 0.737753 0.028045 0.049931 -0.020847 -0.000896 0.006463 -0.007035 -0.000354 0.000287 -0.000521 -0.000812 0.000126 0.002268 0.823397 0.823360 0.039228
3.440306 2.003657 3.336122 3.381638 0.828721 1.445545 4.906297 3.127229 6.737956 5.323692 2.794949 7.239328 1.022198 2.142277 1.325263 4.776799 2.570709 6.357375 0.179524 0.220379 19.031260
0.520064 0.335932 0.226408 0.536477 0.827269 0.219434 0.614328 0.384284 0.280727 0.121981 0.057314 0.041074 0.028346 0.020396 0.027057 0.003798 0.002674 0.003870 0.219819 0.220881 0.602621
1.304984 1.003612 0.971659 0.523909 0.824642 0.228328 1.439187 1.156259 1.042440 1.107272 0.789714 0.748251 0.555129 0.597644 0.486795 1.051863 0.726436 0.600688 0.161417 0.215518 14.336406
0.330057 0.323513 0.111397 0.611398 0.672648 0.524955 0.343901 0.367073 0.125447 0.082355 0.095221 0.095397 0.005271 0.006758 0.005535 0.001638 0.002445 0.003976 0.118601 0.118607 0.049222
0.479558 0.459366 0.269193 0.561681 0.615441 0.469925 0.566153 0.579814 0.331574 0.227515 0.132882 0.167900 0.139158 0.047464 0.065233 0.168088 0.055054 0.092746 0.127949 0.132738 1.550333
0.357682 0.302850 0.086685 0.582042 0.659653 0.465436 0.376939 0.334730 0.099081 0.085420 0.083346 0.063541 0.005943 0.007964 0.004653 0.012925 0.002286 0.005117 0.129403 0.129985 0.169984
0.444618 0.393992 0.141617 0.572533 0.666682 0.467273 0.524821 0.459565 0.166976 0.128366 0.110132 0.090526 0.027237 0.013203 0.012301 0.038495 0.024466 0.028704 0.129902 0.130982 0.086424
0.429934 0.354389 0.155200 0.583403 0.712844 0.497365 0.542078 0.382283 0.219805 0.084950 0.087428 0.069003 0.062312 0.020107 0.024186 0.007881 0.002208 0.005690 0.130174 0.130461 0.068279
0.336874 0.303919 0.091065 0.564882 0.672937 0.459406 0.378517 0.333198 0.112269 0.077951 0.080319 0.070590 0.005746 0.005625 0.004792 0.004560 0.003688 0.000268 0.130784 0.131563 0.054820
0.607877 0.370680 0.244724 0.562543 0.671855 0.461137 0.677657 0.396900 0.289299 0.104969 0.072134 0.066456 0.138180 0.040808 0.111506 0.014604 0.005650 0.015713 0.124780 0.130339 0.930581
0.417900 0.323960 0.157746 0.533344 0.645287 0.452237 0.494605 0.360986 0.169330 0.146253 0.090654 0.098400 0.019039 0.012525 0.017990 0.079215 0.029325 0.035791 0.123979 0.126826 0.372340
0.404781 0.259917 0.156957 0.527108 0.650483 0.453844 0.453233 0.287636 0.186439 0.089754 0.062247 0.065925 0.012795 0.009104 0.010832 0.019201 0.005826 0.006516 0.126254 0.127051 0.055162
2.850123 2.739381 3.671155 0.544075 0.677939 0.607836 4.424036 4.336297 6.993183 2.991926 1.301486 6.176811 1.114692 3.279257 1.947592 2.892305 1.142146 5.558970 0.304372 0.496697 57.576785
-0.006101 0.145425 0.104363 0.012398 0.982417 -0.106528 -0.018374 0.149631 0.143215 -0.002451 0.028604 0.032381 -0.000202 0.002135 0.004491 0.004129 0.001145 0.001854 0.498333 0.498420 0.094299
0.019947 0.127067 0.066073 0.014154 1.013232 -0.092847 0.015409 0.129353 0.066355 0.014524 0.026400 0.033452 0.000615 0.001750 0.001586 0.000409 -0.000498 0.001354 0.499050 0.498870 0.028117
0.239511 0.328291 0.501076 0.053191 1.019466 -0.087536 0.250628 0.355050 0.707052 0.075221 0.056705 0.166873 0.046437 0.020952 0.076391 0.041321 0.014786 0.090361 0.499740 0.502030 0.072625
0.016423 0.148461 0.102183 0.016919 0.990354 -0.095568 0.023618 0.166933 0.120212 0.013247 0.033899 0.046586 0.000479 0.002314 0.002343 0.002054 0.001462 -0.000056 0.500011 0.499852 0.003477
0.038187 0.170694 0.123234 0.017567 1.014988 -0.092428 0.016718 0.172019 0.175315 0.021246 0.038552 0.051639 0.001424 0.002643 0.003055 0.002294 0.000853 0.002005 0.500179 0.499963 0.022511
0.032135 0.142848 0.128436 0.024387 1.013772 -0.087291 0.012618 0.171222 0.144874 0.022994 0.033699 0.055677 0.000986 0.002672 0.002883 0.000277 0.000293 0.001169 0.500298 0.500164 0.023720
0.061405 0.152593 0.110067 0.017915 0.984973 -0.094756 0.035385 0.147180 0.138162 0.026309 0.035383 0.049832 0.002081 0.002683 0.002263 0.001235 0.001176 -0.000171 0.500248 0.500366 -0.000622
-0.041211 0.089144 0.000553 0.012089 0.971880 -0.015429 -0.036066 0.090908 0.019878 -0.017079 0.013362 0.017965 -0.000944 0.001145 0.000873 0.001344 0.000543 0.001475 0.526662 0.526383 -0.000954
0.082773 0.145491 0.152078 0.024545 0.969547 -0.016048 0.060865 0.165791 0.174913 0.089809 0.022816 0.074925 0.026061 0.011683 0.026564 0.108639 0.012979 0.056037 0.526989 0.527257 0.103671
0.000875 0.101921 0.025560 0.009850 0.999452 -0.002114 0.008225 0.109933 0.037647 0.000097 0.016986 0.047600 0.000581 0.001416 0.005759 -0.000561 0.002518 0.023308 0.527496 0.527269 0.023222
-0.015208 0.094268 0.015908 0.008441 1.003962 -0.002717 -0.011971 0.108730 0.036092 0.005420 0.013413 0.025245 0.000604 0.001118 0.001187 0.001123 0.002243 0.000903 0.527250 0.527224 0.018784
-0.011014 0.083635 0.019375 0.008344 1.001991 -0.007004 -0.004486 0.096211 0.034079 0.007876 0.011781 0.017944 0.000510 0.001112 0.001171 0.002053 0.001374 0.001051 0.527113 0.527005 0.011888
-0.010627 0.083690 0.018632 0.007836 1.000993 -0.004123 -0.013120 0.090039 0.038456 -0.004740 0.013036 0.024117 0.000463 0.000904 0.000930 0.002590 0.000893 0.000177 0.527136 0.527000 0.022311
0.015741 0.095461 0.025365 0.006700 0.968540 -0.013595 0.017944 0.100932 0.032261 0.005935 0.015775 0.021935 0.000682 0.001096 0.000957 0.002695 0.000751 0.000275 0.527133 0.527058 0.022015
0.033154 0.128655 0.124949 0.007611 1.000972 -0.005342 0.036985 0.142701 0.156918 0.018279 0.025302 0.057071 0.020206 0.006786 0.015780 0.019918 0.011379 0.032602 0.527186 0.529222 0.031031
-0.029429 0.104168 0.004370 0.010616 0.999143 0.002724 -0.050788 0.113500 0.011136 -0.011171 0.019626 0.007675 -0.001092 0.001340 0.000508 -0.001036 0.000741 0.000918 0.529607 0.529431 0.030494
-0.014434 0.087912 0.011586 0.007911 0.966184 -0.005443 -0.031455 0.097271 0.000217 -0.007336 0.016259 0.013041 -0.000446 0.001178 0.000783 0.000762 0.000762 0.000316 0.529560 0.529426 0.021803
-0.010196 0.103490 0.011987 0.011482 0.997426 0.001730 -0.022502 0.108735 0.009137 -0.003119 0.016036 0.017335 0.000355 0.001386 0.000971 0.002635 0.001037 0.003102 0.529505 0.529232 -0.000596
-0.016067 0.085565 -0.005824 0.009518 0.997587 0.001470 -0.016495 0.097646 -0.005252 -0.007952 0.015029 0.014426 -0.000076 0.001561 0.000775 0.003256 0.002762 0.003526 0.529506 0.529418 -0.000953
-0.017176 0.086885 0.007029 0.010421 0.967515 -0.009973 -0.013355 0.096488 0.017344 -0.011993 0.012300 0.016382 -0.000961 0.000982 0.001071 0.001913 0.000957 0.000726 0.529505 0.529425 -0.001145
-0.011565 0.109558 0.016114 0.011943 0.995301 0.000852 -0.001693 0.125398 0.014438 -0.005257 0.018919 0.013396 -0.000009 0.001327 0.000600 0.004723 0.000547 0.001655 0.529507 0.529421 -0.000810
-0.020279 0.102957 0.000175 0.008310 0.999171 0.002615 -0.024506 0.117704 0.024980 -0.002352 0.017069 0.014122 -0.000166 0.001225 0.000643 0.001614 0.001602 0.000920 0.529554 0.529418 0.021641
-0.018386 0.098711 0.014743 0.010813 0.997231 0.003700 -0.018325 0.113701 0.023761 -0.004795 0.017871 0.011940 -0.000329 0.001551 0.000590 0.004066 0.001320 0.000246 0.529610 0.529426 0.028393
-0.010379 0.105820 0.005534 0.006954 0.967810 -0.008369 -0.027984 0.121743 0.019572 -0.005406 0.018473 0.014838 -0.000248 0.001482 0.000657 -0.000414 0.002517 0.002101 0.529610 0.529428 0.030045
-0.006918 0.105702 0.015487 0.005839 1.000295 0.006417 -0.003880 0.098036 0.021298 0.001237 0.018588 0.013811 0.000010 0.001251 0.001376 0.001309 0.001305 0.002094 0.529508 0.529426 -0.001268
-0.010293 0.107197 0.008755 0.014173 0.996766 0.006335 -0.021944 0.116142 0.017240 -0.004804 0.018893 0.015151 -0.000062 0.001879 0.001060 -0.000962 0.001585 0.000241 0.529660 0.529428 0.022499
-0.016504 0.109684 0.010617 0.007913 0.994974 0.002260 -0.024160 0.110694 0.023946 -0.006846 0.020656 0.019074 -0.000377 0.001317 0.001117 0.001271 0.000482 0.002829 0.529722 0.529482 0.005352
-0.036573 0.120875 0.012142 0.007702 0.995520 0.004034 -0.039740 0.125986 0.031655 -0.006510 0.019518 0.016361 -0.000686 0.001212 0.000848 0.000279 0.000108 0.001693 0.529605 0.529428 0.030666
0.011002 0.082443 -0.004380 0.011183 0.995034 0.002407 0.012012 0.096385 -0.013092 0.000092 0.015344 0.010746 0.000077 0.001003 0.000457 0.003578 0.000909 0.001790 0.529711 0.529428 -0.001737
0.005156 0.112683 0.000642 0.006469 0.968065 -0.006423 0.004190 0.124033 0.014187 0.002802 0.020939 0.013692 0.000019 0.001542 0.000444 0.000451 0.001239 -0.000252 0.529683 0.529477 0.010368
-0.030551 0.099100 -0.003403 0.007031 0.995197 0.001892 -0.037696 0.114408 -0.002667 -0.004149 0.018930 0.009861 -0.000683 0.001131 0.000589 0.000023 -0.000104 0.000510 0.529660 0.529428 0.022210
0.001720 0.093689 0.007685 0.006378 0.998910 0.004729 -0.008324 0.108109 0.023542 -0.006772 0.019781 0.016874 -0.000023 0.001404 0.000914 0.002494 0.000329 0.002323 0.529610 0.529431 0.030408
0.012478 0.088899 -0.003774 0.010843 0.996247 0.001318 -0.023135 0.119601 0.011287 -0.004839 0.017188 0.010560 -0.000150 0.001110 0.000753 0.001147 0.000735 0.001711 0.529574 0.529580 0.024463
0.010976 0.085800 0.015524 0.010271 0.999276 -0.000459 -0.000026 0.087940 0.036014 -0.001323 0.015826 0.021260 0.000286 0.001036 0.001339 0.000459 0.000911 0.001813 0.529658 0.529450 0.021721
0.011720 0.082975 0.012535 0.010948 0.967187 -0.007534 0.000048 0.090047 0.042309 -0.002986 0.015401 0.014944 0.000055 0.001279 0.001431 0.004914 0.001318 0.003211 0.529661 0.529484 0.022107
0.217124 0.271325 0.473197 0.037239 0.997355 0.001744 0.250484 0.321744 0.775166 0.336398 0.118385 0.456020 0.030734 0.013403 0.045512 0.165849 0.057120 0.237165 0.537367 0.539183 0.088459
0.947691 1.258214 1.753605 0.692941 1.227086 1.762343 0.756849 1.090586 2.116391 2.676986 0.478214 1.487378 0.866917 1.439500 1.550295 3.115790 0.533718 1.551612 1.000712 1.002067 0.418374
0.015990 0.000751 -0.010606 0.001972 0.124509 0.999733 0.049174 0.006855 -0.005584 0.006853 0.001014 0.000307 0.000162 0.000181 0.000072 0.001668 0.000589 0.000514 1.001238 1.001232 0.024670
0.009137 0.005131 -0.022572 0.002332 0.123354 1.004646 0.023713 0.005460 -0.029754 0.002571 0.001366 -0.000997 -0.000274 0.000071 -0.000227 -0.001453 0.000250 0.002224 1.000939 1.000821 0.005436
0.008618 0.006569 0.014336 0.002438 0.126945 1.000974 0.010478 0.016251 -0.000060 0.002967 0.002553 0.009051 -0.000040 0.000144 0.011144 0.001156 0.000788 0.000804 1.000724 1.000784 0.042080
0.021140 0.007607 0.024260 0.001843 0.125128 0.998897 0.043808 0.004868 0.019862 0.007453 0.004689 0.010427 0.000418 0.000291 0.000537 0.003042 -0.000020 0.002968 1.000591 1.000447 0.004702
0.026421 0.010611 0.004257 0.001571 0.126501 1.000230 0.031282 -0.000538 0.004723 0.007679 0.002607 0.005725 0.000355 0.000309 -0.000014 0.002331 0.000897 -0.000426 1.000602 1.000453 0.004236
0.021058 0.013433 0.024355 0.000692 0.127545 1.000095 0.054870 0.017519 0.021766 -0.000050 0.003338 0.009735 -0.000382 0.000195 0.000220 0.000477 0.000055 -0.000092 1.000585 1.000447 0.004382
-0.000471 0.015376 0.035192 0.002454 0.117536 0.960206 0.018589 0.024433 0.041351 0.000568 0.004636 0.009908 -0.000239 0.000216 0.000306 0.000599 0.000192 -0.000106 1.000582 1.000463 0.003822
0.016373 0.007408 0.026788 -0.001360 0.125980 1.000816 0.031713 0.010110 0.017793 0.003730 0.004526 0.008038 0.000796 0.000241 0.000393 0.003344 0.000187 0.000558 1.000491 1.000463 0.027891
0.035912 0.006413 0.021831 -0.000356 0.129104 1.002726 0.053226 0.010263 0.015154 0.006981 0.005841 0.010236 0.000320 0.000540 0.000801 -0.000535 0.001996 0.001547 1.000358 1.000396 0.048481
0.034837 0.005942 0.000823 -0.006943 0.128317 0.995100 0.053989 0.002654 0.018508 0.013108 0.000910 0.007898 0.001109 0.000024 0.000124 0.003168 0.001023 0.001713 1.000150 1.000056 0.020826
0.026795 -0.004546 0.027627 0.000456 0.128197 0.997971 0.058096 -0.002307 0.045017 0.019017 0.001686 0.010519 0.000688 0.000150 0.000445 0.000560 0.000006 0.002020 1.000054 1.000002 0.014086
0.046425 0.015358 0.017137 -0.000057 0.127420 0.997072 0.060404 0.012288 0.032199 0.013387 0.002773 0.012203 0.000549 0.000124 0.000493 0.001658 -0.000180 0.001116 1.000017 1.000048 0.001879
0.035545 0.006169 0.021017 0.000671 0.126924 0.999627 0.062825 0.004922 0.023014 0.014391 0.004421 0.007506 0.000678 0.000082 0.000551 0.000120 -0.000375 0.000783 1.000004 0.999997 0.003979
0.064829 -0.004775 0.025788 0.003666 0.129714 0.999504 0.062604 -0.005659 0.019204 0.020248 -0.000132 0.010093 0.000935 -0.000187 0.000322 0.000930 0.000323 0.001003 0.999993 1.000050 0.004207
0.058137 -0.000285 0.015516 -0.001515 0.128464 1.001539 0.080183 0.007914 0.000111 0.021010 -0.001892 0.007859 0.001055 -0.000037 0.000362 0.000389 0.001469 0.001843 1.000049 1.000004 0.006503
0.049273 0.001001 0.009307 -0.002790 0.127748 0.997929 0.043771 -0.004635 0.013971 0.015614 0.001733 0.008646 0.000728 -0.000001 0.000380 0.002030 0.000201 0.000891 0.999986 0.999849 0.003420
0.032651 0.002818 0.033059 0.000230 0.124467 1.001741 0.026447 0.006465 0.038289 0.010730 0.000352 0.016135 0.000756 0.000043 0.000725 0.003733 0.001656 0.000541 1.000113 1.000050 0.026078
0.038246 -0.004938 0.022352 0.002824 0.128369 0.999911 0.017332 -0.005706 0.012395 0.014446 0.000686 0.008891 0.000767 0.000392 0.000220 0.001562 0.001601 0.000327 1.000207 1.000048 0.000662
0.052106 -0.002191 0.024610 0.000982 0.126854 1.001363 0.037695 -0.000494 0.039958 0.019776 0.001628 0.011972 0.001404 0.000030 0.000703 0.002051 0.000142 0.002782 1.000116 1.000089 0.031424
0.023898 0.001282 0.024510 -0.002461 0.126471 0.996702 0.038205 -0.002976 0.019703 0.012501 0.000697 0.012920 0.000531 0.000078 0.000679 0.002812 0.000614 -0.000183 1.000053 1.000025 0.016127
0.061452 0.000968 0.015459 0.000185 0.127881 1.000048 0.063383 0.002716 -0.001128 0.020789 0.002791 0.011624 0.000907 0.000007 0.000699 0.001339 0.000331 0.003225 1.000099 1.000095 0.022994
0.055696 0.013363 0.027612 -0.003125 0.121827 0.961817 0.057096 0.004393 0.034481 0.019123 0.003712 0.013130 0.000910 0.000070 0.000627 0.002890 -0.000514 0.001857 1.000161 1.000072 0.021810
0.017986 0.006982 0.026302 0.003180 0.125051 1.001455 0.023654 0.009429 0.030023 0.003824 0.002170 0.008536 0.000007 0.000116 0.000623 0.001814 0.001474 0.001200 1.000096 1.000051 0.023663
0.027196 0.003004 -0.000094 -0.000696 0.120540 0.960986 0.037928 0.008228 -0.020080 0.010357 0.000394 0.005442 0.000909 0.000208 0.000050 0.002768 0.001650 0.000169 0.999793 0.999643 0.004950
0.043844 -0.002613 0.016283 -0.001303 0.122281 0.960428 0.047248 -0.007816 0.004733 0.013720 -0.000509 0.009727 0.000338 -0.000012 0.000435 0.000520 0.000736 0.000126 0.999816 0.999651 -0.001363
0.028239 -0.000877 0.012911 -0.000339 0.131063 0.996911 0.041137 -0.000661 0.022765 0.009863 -0.005103 0.005517 0.000289 -0.000180 0.000147 0.000681 -0.000361 0.000978 0.999789 0.999645 0.005984
0.014712 0.007168 0.008403 0.001981 0.126846 0.993798 0.012828 0.008649 0.006314 0.012331 -0.001573 0.008919 0.000551 -0.000108 0.000444 0.002487 -0.000285 0.000318 0.999806 0.999643 0.001764
0.037797 -0.001338 0.014073 0.000105 0.128829 0.999666 0.037378 0.005017 0.010121 0.013845 0.000245 0.009477 0.000733 -0.000131 0.000379 0.003879 0.000497 0.000583 0.999793 0.999645 0.005323
0.029991 0.003568 0.027247 -0.000191 0.123544 0.960541 0.052792 -0.004089 0.028628 0.006619 -0.001927 0.008558 0.000433 -0.000077 0.000151 0.002516 -0.000114 0.000912 0.999800 0.999841 0.005052
0.030348 -0.002329 0.038335 -0.003173 0.130901 0.996188 0.037681 0.000393 0.049064 0.009785 0.000619 0.012558 0.000997 0.000144 0.000380 0.001132 0.000786 0.001176 0.999794 0.999644 0.003944
0.028734 -0.003341 0.014009 0.001493 0.129220 1.003294 0.031054 0.005991 0.027609 0.013503 -0.000503 0.011272 0.000706 -0.000030 0.000367 0.002827 0.000990 0.001114 0.999805 0.999676 0.002244
0.030174 0.008569 0.005724 0.002851 0.122534 0.961506 0.026945 0.013659 -0.017210 0.014405 0.000690 0.007821 0.000906 -0.000107 0.000713 0.003006 -0.000214 0.000583 0.999827 0.999697 0.003299
0.051379 0.004906 0.019504 0.002256 0.126193 0.997637 0.070310 0.003766 0.027883 0.015650 0.000591 0.026290 0.001504 0.000308 0.004401 0.002244 0.000234 0.012534 0.999783 0.999697 0.008808
0.030937 0.001017 0.010850 0.000898 0.129664 0.996631 0.032329 -0.006921 0.008579 0.010392 -0.000488 0.009381 0.000806 0.000011 0.000416 0.000360 0.000528 -0.000004 0.999805 0.999651 0.001821
0.026987 -0.001425 0.019865 -0.000304 0.128435 1.000954 0.040571 0.003110 0.026069 0.008591 -0.002175 0.011007 0.000212 -0.000104 0.000378 0.000821 0.000398 0.001416 0.999784 0.999645 0.002355
0.039970 -0.001963 0.030602 0.000454 0.127248 0.997931 0.049601 0.001458 0.031207 0.019107 0.000386 0.010175 0.000763 -0.000121 0.000395 0.001390 0.000865 0.001363 0.999812 0.999864 0.003164
0.042232 0.008615 0.018166 0.002588 0.130180 0.999089 0.048849 0.008027 0.034983 0.011101 0.001195 0.010546 0.001151 0.000043 0.000561 -0.000674 0.000119 0.002212 0.999798 0.999690 0.001214
0.037478 -0.011516 0.032181 0.001349 0.128142 0.999729 0.059199 -0.004499 0.049344 0.013417 -0.000563 0.016797 0.000868 0.000002 0.000835 -0.000068 0.001700 0.000369 0.999818 0.999842 -0.001057
0.037416 -0.017944 0.027669 -0.001374 0.130127 0.996211 0.033008 -0.015659 0.044924 0.014000 -0.002242 0.012656 0.000601 -0.000161 0.000395 0.002263 0.001435 0.001067 0.999810 0.999689 0.000859
0.032384 0.007493 0.003108 -0.001007 0.128521 1.000113 0.032521 0.010795 0.018321 0.014717 0.000412 0.008618 0.000690 0.000052 0.000367 0.004044 0.000307 0.000483 0.999800 0.999696 0.001449
0.010907 0.001423 0.026118 -0.003262 0.127710 1.000056 0.027075 0.008963 0.028123 0.008590 0.000329 0.012041 0.000543 0.000066 0.000637 0.000458 -0.000076 0.000994 0.999815 0.999819 -0.000508
0.004879 -0.004187 0.010291 0.002776 0.128489 0.999294 0.022410 -0.010590 0.007806 0.010681 -0.000225 0.012024 0.000433 -0.000073 0.000532 0.001388 0.000115 0.002490 0.999805 0.999829 0.007849
-0.003676 0.000891 0.014925 0.000613 0.129295 0.999570 0.021221 0.003918 0.006799 0.009476 0.000983 0.009533 0.000313 0.000149 0.000323 0.000942 0.000703 0.000997 0.999800 0.999688 0.000949
0.018447 0.000529 0.017857 -0.001625 0.121033 0.957480 0.025514 -0.000212 0.036743 0.011525 0.002217 0.015249 0.000666 0.000012 0.000761 0.000284 -0.000069 0.000897 0.999798 0.999814 0.001029
0.038373 0.002614 0.012552 0.000577 0.128970 0.996948 0.033912 0.012934 0.010810 0.013010 0.000294 0.008201 0.000484 0.000096 0.000240 0.000451 0.000844 0.000076 0.999793 0.999644 -0.000386
0.032209 -0.002374 0.025347 0.002076 0.127008 0.998371 0.048591 -0.000952 0.030745 0.010780 -0.001479 0.016330 0.000682 -0.000247 0.000553 0.000260 0.000409 0.000670 0.999797 0.999642 0.001370
0.023459 0.004847 0.012271 -0.001112 0.129331 0.999537 0.041195 0.008446 0.003549 0.012082 -0.000795 0.008524 0.000350 -0.000218 0.000589 0.000408 0.000529 0.001829 0.999782 0.999638 0.003377
0.019539 -0.000679 0.017109 -0.000485 0.127986 1.001882 0.027035 0.002822 0.021822 0.009736 -0.004060 0.008514 0.000608 -0.000105 0.000763 0.003816 0.001592 0.002139 0.999797 0.999666 0.001959
0.059063 0.002475 0.028388 0.000575 0.129245 1.001745 0.058523 0.007120 0.051495 0.017652 -0.001188 0.010746 0.000746 0.000005 0.000764 0.002760 0.001049 0.002148 0.999781 0.999666 0.003754
0.034376 0.003737 -0.000207 -0.002764 0.119865 0.961116 0.034931 -0.002457 -0.014706 0.011437 -0.000317 0.005732 0.000648 0.000179 0.000015 0.002677 0.001212 0.000780 0.999803 0.999666 0.002778
0.024976 -0.004599 0.035931 -0.002033 0.127676 1.000503 0.054101 -0.005715 0.046818 0.012287 -0.000878 0.012652 0.000797 0.000158 0.000381 0.001337 0.001886 0.000599 0.999790 0.999659 -0.001142
0.009931 0.001055 0.018298 0.000668 0.129313 0.998289 0.023744 0.004051 0.020217 0.006404 0.000968 0.013901 -0.000004 -0.000047 0.000532 -0.000741 0.000185 0.000407 0.999789 0.999621 -0.000773
0.118678 0.048062 0.210008 0.030785 0.128895 0.997139 0.141270 0.046051 0.274956 0.420843 0.168891 0.112985 0.211460 0.236761 0.090974 0.480178 0.190960 0.103018 0.981605 0.999666 6.341230
0.060826 -0.027056 0.042025 0.008928 0.206177 0.973512 0.065574 -0.022126 0.050270 0.019162 -0.006524 0.012327 0.000958 -0.000528 0.000517 0.001258 0.000174 0.000056 0.970539 0.970538 0.030183
-0.002341 -0.020592 0.031723 0.011651 0.204820 0.975749 0.026288 -0.015078 0.017709 0.008660 -0.005996 0.007543 0.000082 -0.000424 0.000169 -0.001009 0.001356 -0.000062 0.970343 0.970199 0.005784
0.012447 -0.014412 0.009959 0.009621 0.204520 0.972635 0.009004 -0.017274 0.029219 0.010605 -0.005144 0.008707 0.000463 -0.000417 0.000604 0.000474 0.000865 0.001284 0.970348 0.970393 0.007893
0.043559 -0.020788 0.024359 0.006222 0.206291 0.970186 0.028214 -0.022229 0.027313 0.014933 -0.004905 0.010862 0.000502 -0.000444 0.000241 0.001369 -0.000264 -0.000097 0.970459 0.970396 0.028344
0.107247 0.025700 0.173457 0.010238 0.196392 0.936174 0.133087 0.028519 0.226458 0.025899 0.001250 0.035110 0.014340 0.010697 0.011381 0.008973 0.003742 0.026185 0.971534 0.973582 0.410444
0.697800 0.682099 1.192624 0.437267 0.194955 0.970952 0.684947 0.392172 0.756899 7.008995 1.479269 9.430351 2.180586 0.820527 4.276217 8.153291 1.616510 9.857614 0.921525 0.973582 1.037379
0.152880 0.063467 0.169253 0.060668 0.297444 0.893005 0.162014 0.074736 0.160103 0.036350 0.019838 0.028872 0.002717 0.001322 0.001698 0.002145 0.001631 0.005317 0.928902 0.930374 0.306625
0.174755 0.057990 0.187768 0.060465 0.287021 0.893895 0.202736 0.060850 0.250809 0.043678 0.013531 0.037940 0.003408 0.001082 0.002552 0.006008 0.001327 0.004216 0.932462 0.933323 0.177579
0.149765 0.064024 0.157595 0.052576 0.281811 0.902889 0.167895 0.075875 0.202330 0.039694 0.010178 0.027875 0.001978 0.000848 0.001583 -0.001257 0.001529 0.000389 0.935620 0.936203 0.091565
0.163767 0.100721 0.195000 0.049796 0.290432 0.939540 0.201478 0.100108 0.188527 0.039846 0.020949 0.045992 0.002438 0.001431 0.008353 0.002784 0.002487 0.009483 0.937252 0.937671 0.099617
0.108032 0.077816 0.181812 0.060487 0.280428 0.938814 0.129485 0.079888 0.224497 0.032800 0.012410 0.041945 0.001878 0.001039 0.002040 0.002390 0.002481 0.000401 0.938756 0.938981 0.088719
0.154940 0.067409 0.158556 0.059619 0.278425 0.940228 0.176941 0.076753 0.198396 0.036563 0.013602 0.038026 0.002258 0.000973 0.002060 0.004453 0.000475 -0.000318 0.939839 0.940189 0.052689
0.127202 0.072932 0.143731 0.063001 0.275289 0.940529 0.148176 0.075799 0.184092 0.032478 0.013070 0.023691 0.003648 0.005081 0.005587 0.001939 0.000655 0.006538 0.943100 0.943886 0.395380
0.188627 0.102650 0.184705 0.061090 0.264774 0.948445 0.251358 0.107938 0.217336 0.046554 0.030611 0.046303 0.006120 0.007320 0.008434 0.009628 0.013785 0.029779 0.945497 0.947883 0.436898
0.138152 0.078062 0.159239 0.062345 0.255994 0.953681 0.176369 0.091078 0.212173 0.038825 0.015618 0.033263 0.001852 0.001191 0.001729 0.000851 0.001888 0.002138 0.948642 0.948576 0.032206
0.118525 0.066332 0.170518 0.059818 0.255187 0.950972 0.141492 0.071751 0.194528 0.027578 0.012829 0.037318 0.001483 0.000863 0.001717 0.003936 0.000696 0.000385 0.949070 0.949299 0.049103
0.185517 0.072368 0.196726 0.059784 0.252748 0.955835 0.217146 0.071767 0.218299 0.041731 0.020513 0.046910 0.002338 0.004017 0.002481 0.001453 0.004763 0.001834 0.949438 0.950559 0.023139
0.139246 0.084531 0.152549 0.059931 0.248406 0.958998 0.175403 0.099534 0.203723 0.031769 0.012854 0.029362 0.002255 0.001394 0.002353 0.003756 -0.000096 0.002161 0.951224 0.951284 0.045414
0.135033 0.080593 0.144643 0.059326 0.247433 0.953633 0.185934 0.076221 0.207856 0.033431 0.015463 0.033058 0.002680 0.001060 0.001631 -0.000962 0.001820 0.002101 0.951667 0.951685 0.044380
0.225110 0.130300 0.260736 0.431113 0.576949 0.956941 0.243260 0.146385 0.345869 0.035171 0.047589 0.039551 1.352519 1.108916 3.052715 0.009371 0.031666 0.010202 0.952227 0.953297 0.099634
0.445795 0.159168 0.537237 0.486473 0.900756 0.060123 0.528915 0.151617 0.668160 0.113014 0.396696 2.690404 0.231623 0.734730 0.983941 0.064754 0.369695 2.687850 0.794040 0.802724 3.000326
0.211859 0.038626 0.508189 0.594820 0.392499 0.736777 0.282336 0.036728 0.610264 0.058874 0.020523 0.128934 0.003629 0.024433 0.017527 0.007486 0.006918 0.002517 0.811044 0.812116 0.180014
0.233392 0.024316 0.462651 0.599875 0.369304 0.748576 0.286586 0.026685 0.576269 0.056810 0.019267 0.103407 0.003264 0.001638 0.006512 0.002961 0.002098 0.006790 0.813970 0.814973 0.245848
0.199371 0.020690 0.492933 0.598926 0.359380 0.750252 0.224424 0.010083 0.640381 0.049433 0.012273 0.108844 0.002437 0.000982 0.005697 0.000248 0.000883 0.002225 0.815838 0.815916 0.056720
0.225070 0.010376 0.517343 0.581439 0.339933 0.718160 0.293197 0.006146 0.619768 0.053646 0.006205 0.117054 0.003593 0.000295 0.006459 0.003446 0.000150 0.006284 0.816563 0.816535 0.027637
0.175339 0.018009 0.493052 0.576506 0.338665 0.721712 0.253277 0.012566 0.614902 0.047854 0.007675 0.109806 0.003260 0.000559 0.007268 0.004047 0.001106 0.006040 0.817367 0.817349 0.028894
0.215999 0.029055 0.579870 0.595686 0.351079 0.751229 0.225699 0.029549 0.655536 0.053734 0.014340 0.129662 0.002744 0.000815 0.006984 0.001885 -0.000392 0.004124 0.817729 0.817602 0.039634
0.238448 0.026762 0.549254 0.597002 0.346782 0.756936 0.303575 0.030798 0.673113 0.057254 0.011521 0.123905 0.003283 0.000737 0.006675 0.003593 0.000991 0.003304 0.818196 0.818088 0.021443
0.242418 0.032101 0.604985 0.594882 0.349299 0.753039 0.307704 0.033602 0.731105 0.053444 0.012900 0.137844 0.003143 0.001136 0.007351 0.002452 0.001925 0.002658 0.818798 0.818804 0.045633
0.364869 0.100002 0.692361 0.576932 0.334686 0.725550 0.403427 0.111443 0.871623 0.087411 0.032103 0.156792 0.008848 0.004443 0.015311 0.030825 0.014235 0.018153 0.819683 0.820709 0.042176
0.191885 0.030958 0.505384 0.590871 0.337673 0.764522 0.256560 0.030254 0.650296 0.041751 0.011235 0.114899 0.002599 0.001123 0.007670 0.005189 0.000491 0.010161 0.822542 0.822458 0.000635
0.242165 0.034011 0.562417 0.593119 0.338415 0.766577 0.260432 0.042354 0.720865 0.055029 0.014997 0.128192 0.004070 0.003194 0.009504 0.008699 0.005454 0.008403 0.823039 0.823285 0.108109
0.213337 0.017096 0.586298 0.599490 0.335043 0.765333 0.269495 0.020950 0.762643 0.057493 0.006858 0.132334 0.003111 0.000514 0.007692 0.004364 0.000163 0.002850 0.823589 0.823529 0.051147
0.184641 0.001491 0.584609 0.595375 0.336812 0.771556 0.246033 0.006029 0.724235 0.043922 0.003800 0.130929 0.003622 0.001137 0.007872 0.002401 0.001553 0.003069 0.823862 0.823765 0.011416
0.225951 0.045415 0.586165 0.569643 0.323056 0.739345 0.305151 0.045721 0.732221 0.059524 0.011463 0.122480 0.009477 0.016638 0.020269 0.004386 0.000246 0.005399 0.824077 0.826629 0.034101
0.304390 0.088891 0.612336 0.579796 0.313471 0.783268 0.370367 0.094021 0.778663 0.098007 0.057325 0.181695 0.008237 0.011238 0.014079 0.024260 0.015806 0.031638 0.835866 0.838660 0.367692
0.176524 0.055854 0.469223 0.561436 0.280753 0.757393 0.211110 0.064502 0.630954 0.039547 0.017566 0.101970 0.004370 0.005318 0.009495 0.004521 0.005396 0.019358 0.839646 0.839960 0.075853
0.228223 0.056206 0.534936 0.564703 0.280841 0.768121 0.287043 0.058332 0.725057 0.059214 0.021922 0.128342 0.006867 0.004578 0.010203 0.024152 0.008691 0.010189 0.841276 0.842318 0.339718
0.206886 0.058304 0.523232 0.580110 0.283227 0.792734 0.247192 0.060083 0.700529 0.042695 0.016099 0.107215 0.012920 0.016079 0.017729 0.006919 0.002726 0.010954 0.844434 0.844602 0.123802
0.225696 0.043406 0.623809 0.578441 0.278199 0.802490 0.264086 0.042480 0.791537 0.049293 0.014125 0.153429 0.009606 0.003111 0.012583 -0.000012 0.001511 0.018453 0.844931 0.845082 0.041511
0.252473 0.066915 0.716709 0.592076 0.268216 0.823568 0.323004 0.076742 0.907520 0.036043 0.012630 0.129912 0.028107 0.007735 0.035682 0.004791 0.002033 0.009096 0.845912 0.845842 0.028584
0.269764 0.060263 0.513093 0.580008 0.270217 0.810981 0.317869 0.056271 0.632234 0.067860 0.020584 0.122527 0.010469 0.013753 0.018247 0.011907 0.009878 0.010864 0.847830 0.847762 0.022857
1.739621 1.008270 2.068879 0.629290 1.029440 0.812525 2.087629 1.426634 2.842122 1.592768 0.966689 0.893011 0.623204 1.043163 2.117314 1.669724 0.960010 0.680190 0.816984 0.850116 14.763186
0.826343 0.582363 0.468064 0.604631 -0.021897 0.863916 0.924652 0.647353 0.628858 0.365788 0.159925 0.147332 0.046538 0.063284 0.014934 0.032896 0.043538 0.009683 -0.065618 -0.062704 0.432601
0.608093 0.503351 0.488524 0.618412 0.035645 0.819553 0.647692 0.617160 0.696773 0.323316 0.212842 0.150319 0.072313 0.119457 0.033393 0.055946 0.024144 0.016361 -0.064424 -0.060807 0.369873
0.306578 0.317367 0.235741 0.639763 -0.005782 0.929956 0.329925 0.335041 0.277255 0.278338 0.143005 0.117878 0.030982 0.014778 0.010377 0.051004 0.025378 0.015148 -0.064844 -0.063764 0.087870
0.359007 0.297374 0.216690 0.609192 -0.006670 0.865797 0.385054 0.297138 0.265542 0.263347 0.121258 0.118158 0.016891 0.010510 0.006953 0.022053 0.009792 0.009912 -0.064447 -0.064616 0.055792
0.478549 0.374134 0.313728 0.598539 0.000426 0.827980 0.501200 0.408574 0.395732 0.340866 0.159465 0.155032 0.080682 0.025926 0.022241 0.063457 0.023254 0.022059 -0.063412 -0.062557 0.109643
0.397445 0.262665 0.222853 0.610191 -0.002055 0.824230 0.443636 0.265325 0.259138 0.227046 0.106858 0.100632 0.013686 0.008886 0.005632 0.003409 0.007341 0.004182 -0.064131 -0.063985 0.056512
0.443327 0.344673 0.255754 0.647771 0.005556 0.911545 0.444778 0.371346 0.377435 0.257699 0.103469 0.115524 0.025075 0.017868 0.011449 0.019831 0.005094 0.007597 -0.064177 -0.064178 0.081848
0.123250 0.060125 0.018524 0.109011 0.660693 0.596336 0.158222 0.060045 0.025524 0.022677 0.012912 0.002082 0.001869 0.001013 0.000449 0.000282 0.002267 0.000794 0.064607 0.064364 0.033568
0.104207 0.053063 -0.020813 0.120596 0.716232 0.661548 0.091766 0.053110 -0.020683 0.021769 0.011597 -0.001137 0.001443 0.000772 -0.000143 0.003092 0.001708 0.001119 0.064798 0.064655 0.015936
0.102027 0.033525 0.002396 0.116756 0.714772 0.659393 0.117454 0.034163 0.005882 0.023851 0.009437 0.007647 0.002078 0.001084 0.006910 0.002045 -0.000199 0.014548 0.064849 0.064587 0.030465
0.105578 0.051554 -0.014819 0.112229 0.681365 0.622052 0.102853 0.056899 -0.018508 0.021570 0.010493 -0.004568 0.001351 0.000702 -0.000123 0.005806 0.000276 0.002139 0.064798 0.064412 -0.000742
0.135458 0.052711 -0.003020 0.108883 0.659603 0.592768 0.159346 0.058424 0.019402 0.030640 0.010480 -0.000366 0.001568 0.001006 -0.000064 -0.000807 0.000779 0.000291 0.064797 0.064554 0.031315
0.093932 0.053019 0.020031 0.109287 0.682488 0.622953 0.113925 0.063057 0.008452 0.022259 0.011972 0.001762 0.001147 0.000751 0.000075 0.000255 0.000926 0.001579 0.064937 0.064687 0.032884
0.117711 0.060726 -0.014608 0.113296 0.680752 0.621097 0.110090 0.068502 -0.012218 0.024988 0.013739 -0.005061 0.001474 0.000976 -0.000664 0.003698 0.000805 -0.000335 0.065011 0.064687 0.020487
0.112762 0.056741 0.001062 0.110857 0.683162 0.622837 0.111650 0.055880 0.004119 0.019108 0.010994 -0.001136 0.002276 0.000983 -0.000264 0.000887 0.000994 0.001317 0.065043 0.064687 0.015501
0.118051 0.054184 -0.003220 0.106418 0.681013 0.622209 0.139225 0.048652 -0.010436 0.020609 0.007830 -0.003385 0.001817 0.000583 -0.000384 0.002447 0.000728 0.001148 0.064965 0.064832 0.016128
0.119444 0.052690 0.022911 0.110769 0.683687 0.618284 0.133124 0.053233 0.014797 0.028832 0.006932 -0.000165 0.001260 0.000509 -0.000267 0.000941 0.001321 0.001004 0.065082 0.064696 -0.000795
0.092606 0.053085 -0.007920 0.109070 0.682009 0.621374 0.097583 0.056817 -0.027131 0.017803 0.007227 -0.005556 0.001888 0.000442 -0.000320 0.004623 0.000691 0.000730 0.065066 0.064696 0.002189
0.108358 0.050915 -0.027560 0.105003 0.660083 0.593390 0.121700 0.057504 -0.017972 0.025436 0.010351 -0.009517 0.001370 0.000640 -0.000640 0.003123 0.000161 0.001471 0.065072 0.064806 0.001170
0.096391 0.053527 0.003512 0.105821 0.680556 0.617860 0.068527 0.056454 0.004051 0.019100 0.010639 -0.003068 0.000860 0.000760 0.000376 0.000448 0.000521 0.002894 0.065022 0.064677 0.015648
0.115719 0.047990 0.009884 0.111427 0.683791 0.619982 0.109055 0.052288 0.013855 0.021581 0.009757 -0.004403 0.001598 0.000677 -0.000048 0.005705 0.001430 0.000989 0.065022 0.064670 0.016351
0.124309 0.058450 0.004012 0.103334 0.661473 0.589202 0.089806 0.042493 0.011819 0.024277 0.009139 -0.003569 0.000998 0.000639 -0.000304 0.001621 0.000520 0.001125 0.065059 0.064681 -0.000528
0.092221 0.038851 -0.004047 0.110801 0.682077 0.626075 0.092485 0.038697 0.008510 0.015835 0.008918 -0.006392 0.000694 0.000536 -0.000475 0.001041 0.000095 0.002438 0.064990 0.064816 0.021766
0.102971 0.046856 -0.001796 0.108704 0.681806 0.621278 0.103846 0.051134 -0.004380 0.020757 0.008581 -0.001512 0.001127 0.000617 -0.000324 -0.000060 0.000478 0.000327 0.065055 0.064820 0.001299
1.009864 1.699715 1.015260 0.261170 0.682654 0.621118 1.175421 2.730855 1.648438 0.800780 1.270041 0.486484 1.685643 2.247013 1.122312 0.903683 1.413017 0.513022 -0.003300 0.065447 32.846653
0.193229 0.128213 0.099655 1.032210 1.193258 0.985001 0.221850 0.132318 0.133337 0.033361 0.019920 0.016688 1.456438 0.946933 0.718930 0.007489 0.003418 0.003180 -0.024046 -0.023799 0.077311
0.077038 0.049051 -0.021611 0.298591 0.810690 0.858718 0.095068 0.051012 -0.031690 0.038127 0.024637 0.010215 0.953139 0.828920 0.669864 0.003331 0.000435 0.001276 -0.023086 -0.023373 0.020117
0.876351 0.854370 1.111980 1.287106 0.699671 0.907808 0.800458 0.603215 1.162371 0.633206 1.398823 2.600895 0.842152 1.528267 1.811426 0.683970 1.531098 2.713163 0.049152 0.050771 0.104482
0.139697 0.099288 0.012279 0.117257 0.630732 0.630361 0.141512 0.100338 0.017312 0.038523 0.021171 -0.000566 0.001802 0.001511 -0.000008 -0.001415 0.000289 0.000956 0.048333 0.048170 0.059618
0.109056 0.089303 0.016508 0.118594 0.648711 0.659237 0.120466 0.099178 0.024755 0.028168 0.019203 -0.002240 0.001817 0.001350 -0.000166 0.005181 0.001936 0.000638 0.047751 0.047553 0.020855
0.106439 0.092951 -0.009308 0.122248 0.649534 0.662201 0.163698 0.105436 -0.013659 0.026783 0.018604 -0.005793 0.001475 0.001311 -0.000471 -0.000055 0.001129 -0.000147 0.047562 0.047372 0.020163
0.086913 0.088430 -0.014823 0.115500 0.625531 0.631129 0.120370 0.097876 -0.008850 0.021415 0.016890 -0.005128 0.001526 0.001082 -0.000561 0.001279 0.001249 0.000469 0.047437 0.047081 0.015501
0.107498 0.089540 0.011260 0.122289 0.646228 0.661744 0.109260 0.097074 0.011689 0.023470 0.017255 -0.003137 0.002033 0.001212 -0.000113 0.003618 0.001160 0.000033 0.047271 0.047073 0.039855
0.172570 0.154760 0.105294 0.641984 0.887343 0.845463 0.207097 0.174012 0.125290 0.036220 0.031201 0.017029 0.208567 0.512083 2.144112 0.007772 0.012182 0.007858 0.205729 0.205718 0.059792
0.631064 0.679645 0.773357 0.492176 0.936602 0.670294 0.585735 0.389819 0.418069 0.070534 0.038616 0.017914 1.961196 3.673235 1.834528 0.039615 0.020962 0.013268 0.109480 0.325377 15.323294
0.109622 0.143482 0.024374 0.191766 0.691470 0.595775 0.145857 0.148246 0.036317 0.019312 0.021173 0.006484 0.001557 0.003539 0.001316 0.002033 0.002338 0.003092 0.077189 0.077105 0.049177
0.727992 0.867722 0.629628 0.451953 1.312402 0.594314 0.725713 0.609113 0.661803 3.653161 3.575891 0.878683 1.254971 1.769466 0.383448 4.240762 3.984947 0.915131 0.076656 0.076588 0.063748
2.944685 2.337798 2.280499 0.877742 0.431810 0.710409 3.225864 3.591770 3.693849 3.718930 2.606587 3.866255 0.610587 0.693774 0.643763 2.797584 1.898664 2.408996 0.082052 0.108201 4.246274
0.342989 0.148946 0.119181 0.382552 0.635265 0.605075 0.412577 0.151505 0.129324 0.077254 0.034705 0.033010 0.005863 0.002387 0.001454 0.005339 0.002432 -0.000210 0.072623 0.072622 0.043442
0.337692 0.168847 0.134006 0.382674 0.634467 0.603192 0.383743 0.173762 0.143815 0.080316 0.029683 0.058817 0.006256 0.005159 0.008107 0.008943 0.001961 0.019676 0.073084 0.072762 0.018446
0.334271 0.167397 0.092106 0.378998 0.633789 0.606896 0.406246 0.185788 0.101369 0.080262 0.035136 0.032841 0.005836 0.003555 0.002782 0.010265 0.007746 0.010278 0.073295 0.073007 0.009526
0.312041 0.163898 0.098720 0.381329 0.637409 0.600548 0.370637 0.176074 0.116317 0.075331 0.028981 0.028300 0.004685 0.003954 0.002695 0.005589 0.000788 0.003361 0.073183 0.072950 0.037188
0.330968 0.176628 0.132054 0.375957 0.636364 0.608874 0.344796 0.165667 0.153411 0.086532 0.030766 0.044977 0.007441 0.017726 0.012470 0.013669 0.003408 0.012164 0.070606 0.072659 1.135600
0.362242 0.149941 0.093002 0.372136 0.618007 0.624226 0.417676 0.160772 0.096243 0.086716 0.025964 0.023744 0.004593 0.001679 0.000921 0.003671 0.000432 -0.000418 0.063464 0.063194 -0.001057
0.360628 0.231238 0.100003 0.373705 0.616736 0.624675 0.346333 0.237397 0.113205 0.079838 0.057845 0.043130 0.008150 0.012326 0.005286 0.013613 0.019604 0.023158 0.064323 0.064405 0.111115
0.346788 0.179134 0.063095 0.370890 0.623690 0.620427 0.368618 0.197119 0.055698 0.075552 0.037014 0.012740 0.004671 0.002412 0.000548 0.001463 0.001117 0.001364 0.064903 0.064588 0.015305
0.298788 0.202141 0.066121 0.388212 0.651019 0.656105 0.342356 0.209918 0.058177 0.065325 0.042288 0.014111 0.004496 0.002738 0.000602 0.005936 -0.000232 0.000223 0.065034 0.064901 0.008352
0.332108 0.200680 0.082698 0.360973 0.604815 0.588523 0.396956 0.185603 0.100663 0.073557 0.038240 0.012071 0.007446 0.007529 0.006644 0.000315 0.000367 0.001029 0.065216 0.064912 0.023035
0.243229 0.166736 0.044025 0.373972 0.619844 0.622129 0.271362 0.168133 0.049428 0.055486 0.034967 0.010854 0.003639 0.003993 0.000785 0.004841 0.001062 0.002662 0.065483 0.065286 0.033820
0.315907 0.188210 0.064550 0.385638 0.654832 0.659030 0.364033 0.202924 0.074455 0.069100 0.039919 0.013979 0.003932 0.003106 0.000646 0.007229 0.002368 0.000686 0.065500 0.065210 0.015050
0.299098 0.227464 0.126151 0.357512 0.604061 0.592028 0.360801 0.239179 0.142158 0.064923 0.055699 0.024708 0.009623 0.009767 0.010259 0.015661 0.019841 0.012989 0.065493 0.065286 0.025147
0.288070 0.212072 0.070932 0.352507 0.606840 0.589830 0.331573 0.215582 0.098790 0.059909 0.040358 0.008199 0.005163 0.005741 0.004459 0.004801 0.002204 0.000476 0.065487 0.065214 0.028841
0.320568 0.216556 0.093512 0.358136 0.605060 0.593548 0.363324 0.222935 0.100216 0.078942 0.054736 0.027784 0.005180 0.006876 0.004923 0.007565 0.017281 0.014172 0.065485 0.065585 0.030789
0.268151 0.199829 0.054072 0.368815 0.625665 0.619733 0.302494 0.195608 0.048539 0.064033 0.040964 0.009834 0.004968 0.006876 0.005051 0.008793 0.002348 0.002100 0.065871 0.065666 0.038430
0.592516 0.489790 0.384631 0.371212 0.614362 0.625678 0.656220 0.517946 0.462375 0.130829 0.091047 0.079540 0.181646 0.270651 0.261194 0.048205 0.043406 0.051211 0.058356 0.063745 0.081117
0.420429 0.312376 0.161588 0.376213 0.583571 0.604286 0.446219 0.347845 0.215359 0.092735 0.071013 0.033965 0.014473 0.014060 0.008308 0.017714 0.021569 0.015906 0.058964 0.058797 0.037058
0.329618 0.219770 0.124398 0.389116 0.596699 0.634676 0.359570 0.234562 0.136325 0.058795 0.041703 0.029150 0.008906 0.010618 0.005543 0.003480 0.001703 0.001069 0.058476 0.058292 0.021220
0.343381 0.258717 0.131827 0.377481 0.582259 0.610923 0.415716 0.300288 0.169442 0.100596 0.077944 0.040937 0.018809 0.035735 0.022113 0.044848 0.040169 0.027270 0.059197 0.059143 0.118651
0.306477 0.223006 0.112337 0.380093 0.582776 0.604092 0.360375 0.239752 0.129910 0.054077 0.047556 0.023219 0.004215 0.004858 0.001833 0.000401 0.002489 0.002141 0.059497 0.059286 0.010083
0.312050 0.250296 0.094090 0.377982 0.582834 0.608150 0.346947 0.261000 0.099801 0.054079 0.050982 0.019831 0.020811 0.013386 0.007382 0.002654 0.006161 0.003622 0.059972 0.059795 0.015775
0.301475 0.216225 0.090979 0.379092 0.584260 0.601754 0.325959 0.220101 0.103038 0.059451 0.044248 0.019406 0.003633 0.003087 0.000695 0.003000 -0.000127 -0.000031 0.059903 0.059518 -0.000094
0.349676 0.282509 0.174535 0.388015 0.599974 0.630414 0.391747 0.308453 0.178198 0.074764 0.070492 0.052809 0.013979 0.015537 0.008667 0.019745 0.027475 0.028093 0.059921 0.059727 0.034956
0.318024 0.206273 0.052024 0.404251 0.633088 0.673267 0.355223 0.211091 0.067062 0.067802 0.045633 0.014977 0.003917 0.003329 0.000559 0.007527 0.001124 0.000322 0.059841 0.059581 -0.001111
0.284352 0.222199 0.102205 0.402952 0.632475 0.677624 0.351970 0.234202 0.098566 0.060715 0.048132 0.028123 0.003877 0.003767 0.001137 0.003274 0.003883 0.000249 0.059903 0.059660 0.017772
0.279047 0.233352 0.078834 0.377098 0.591926 0.606210 0.357198 0.237712 0.091300 0.059147 0.046685 0.019198 0.003437 0.004105 0.000881 0.004803 0.001539 0.001501 0.060008 0.059655 0.015513
0.360739 0.307818 0.166883 0.380905 0.583564 0.602404 0.421836 0.322356 0.203779 0.094809 0.092732 0.068702 0.013416 0.021971 0.019383 0.042778 0.047467 0.050397 0.059965 0.059719 0.036564
0.293391 0.181537 0.055084 0.375142 0.563083 0.632849 0.305845 0.174128 0.073468 0.061428 0.033979 0.014189 0.003609 0.002494 0.001004 0.004407 0.001853 0.002372 0.048660 0.048439 0.036453
0.390736 0.245375 0.144047 0.400972 0.609320 0.697251 0.431791 0.262923 0.160666 0.081028 0.032875 0.019037 0.022624 0.020274 0.013103 0.010319 0.002606 0.002633 0.048625 0.048369 0.021291
0.316708 0.188423 0.083113 0.373533 0.563588 0.631022 0.358250 0.189298 0.100699 0.075783 0.031751 0.032100 0.004456 0.002369 0.006999 0.003909 0.001836 0.008615 0.048594 0.048307 0.013299
0.310609 0.183634 0.085241 0.369956 0.559416 0.627909 0.341385 0.207963 0.081078 0.071832 0.032266 0.021030 0.004831 0.002333 0.000968 0.006868 0.002281 0.001635 0.048511 0.048156 0.007412
0.181629 0.015023 0.030811 0.407701 0.622394 0.711855 0.302850 0.014523 0.044977 0.075577 0.035139 0.016500 0.004277 0.002388 0.000515 0.002491 0.000632 -0.000248 0.048499 0.048289 0.019035
0.360778 0.266525 0.170588 0.385908 0.583993 0.655771 0.403369 0.298083 0.182807 0.096800 0.068883 0.054293 0.014317 0.015730 0.010368 0.034240 0.045251 0.036886 0.048490 0.048364 0.007496
0.326061 0.194509 0.073277 0.374522 0.565872 0.626183 0.345779 0.202194 0.090672 0.072341 0.034847 0.020946 0.003895 0.002600 0.001096 0.001188 -0.000041 0.002384 0.048351 0.048082 0.007666
0.340363 0.248408 0.121747 0.373878 0.560329 0.629542 0.377620 0.282961 0.155395 0.074085 0.036728 0.020101 0.014758 0.012877 0.005717 0.000892 0.002354 0.000371 0.048300 0.047939 0.012905
0.275348 0.189943 0.070922 0.383519 0.583804 0.654908 0.275386 0.203130 0.102678 0.059027 0.033775 0.017714 0.003857 0.002376 0.000582 0.003888 0.000118 0.000061 0.048381 0.048164 0.009163
0.333932 0.235088 0.118308 0.370119 0.557476 0.632189 0.414049 0.245456 0.143840 0.070641 0.038177 0.019242 0.017393 0.016674 0.010518 0.004020 0.002219 0.000327 0.048351 0.048459 0.027455
0.292759 0.175178 0.051862 0.370657 0.565026 0.629748 0.355911 0.164543 0.055846 0.061432 0.034381 0.013609 0.003800 0.002354 0.000526 0.002777 0.001862 0.001683 0.048482 0.048172 0.016991
0.353796 0.212185 0.098074 0.384345 0.582428 0.654727 0.430697 0.215035 0.126203 0.061925 0.031394 0.011852 0.018426 0.017528 0.013918 0.004631 0.003546 0.000326 0.048351 0.048380 0.019460
0.258634 0.195218 0.073915 0.371441 0.571168 0.618389 0.315896 0.210879 0.077667 0.059867 0.039131 0.019448 0.003441 0.006974 0.003441 0.000503 0.001596 0.002378 0.049482 0.049405 0.032700
0.289971 0.210011 0.085099 0.365368 0.568621 0.627084 0.344234 0.214096 0.084550 0.055682 0.042523 0.018964 0.002975 0.003116 0.001236 0.002261 0.000089 0.002961 0.049235 0.048977 0.000605
0.344392 0.268555 0.103404 0.372178 0.587989 0.657743 0.394208 0.287837 0.150995 0.074808 0.051096 0.023673 0.013871 0.012977 0.008427 0.004017 0.008154 0.005356 0.049222 0.049117 0.058466
0.272055 0.188287 0.055548 0.373914 0.585010 0.656828 0.304742 0.182331 0.067376 0.053698 0.038805 0.015832 0.003219 0.002684 0.000856 0.000523 0.000442 0.003592 0.048926 0.048612 0.006352
0.313363 0.225165 0.116600 0.398965 0.618468 0.698560 0.384450 0.242058 0.158653 0.054702 0.041288 0.020300 0.013607 0.015515 0.008594 0.003588 0.004005 0.006410 0.048858 0.048546 0.023489
