1.182647 1.062692 1.080523 0.947248 0.827332 0.853517 0.375000 0.111111 42.203489 1.149879 1.106384
1.013523 1.068750 1.023517 0.939166 0.719106 0.850754 1.000000 0.666667 39.843715 1.082708 1.106384
0.943322 0.921659 0.920056 0.882499 0.556525 0.740218 0.625000 0.777778 40.417376 1.099037 1.124962
0.891552 0.861201 0.854508 0.861030 0.720481 0.553009 0.500000 1.222222 30.261315 0.809945 1.091522
0.848265 0.802573 0.804234 0.855490 0.725924 0.564026 0.625000 0.666667 35.553605 0.960590 1.068836
0.681724 0.753040 0.713713 0.919023 0.515731 0.655184 0.375000 0.444444 20.983536 0.545853 1.011851
0.624651 0.656194 0.593052 0.833249 0.391888 0.433256 0.375000 1.000000 18.549010 0.476555 1.055217
0.669178 0.584114 0.519953 0.788434 0.277036 0.345282 0.250000 0.000000 14.997646 0.375465 1.096768
0.656656 0.546530 0.478500 0.782581 0.260338 0.428518 1.125000 0.222222 13.700249 0.338535 1.096768
0.559308 0.540060 0.451103 0.809588 0.279155 0.413267 1.000000 0.000000 12.144149 0.294241 1.055542
0.558753 0.525920 0.435266 0.805160 0.258630 0.310934 0.500000 0.000000 10.204087 0.239017 0.990385
0.553322 0.495180 0.413596 0.816037 0.190932 0.325772 0.375000 0.111111 9.218402 0.210959 0.983105
0.550795 0.458239 0.384185 0.814089 0.195937 0.291167 1.000000 0.222222 8.984589 0.204304 0.960799
0.539216 0.448062 0.364752 0.810305 0.204906 0.302137 0.250000 0.111111 9.104556 0.207719 1.005177
0.532629 0.439633 0.353121 0.811847 0.160653 0.298804 0.375000 0.111111 8.300801 0.184840 1.050050
0.557774 0.403783 0.333741 0.778500 0.133219 0.277520 0.125000 0.666667 8.115692 0.179571 1.094428
0.538949 0.364679 0.299811 0.759060 0.189468 0.208771 0.250000 0.111111 8.780220 0.198486 1.050310
0.599573 0.392916 0.320111 0.746345 0.177799 0.273883 0.125000 0.000000 8.816585 0.199522 1.091811
0.605634 0.375054 0.302363 0.723058 0.088065 0.228485 0.125000 0.000000 5.961638 0.118256 1.106968
0.620349 0.385703 0.321441 0.729879 0.082241 0.210530 0.125000 0.888889 5.930448 0.117368 1.069262
0.592994 0.365332 0.302732 0.715471 0.082516 0.243325 0.250000 0.111111 6.485676 0.133172 1.125881
0.555457 0.395936 0.328809 0.713651 0.062267 0.340158 0.125000 0.777778 7.829546 0.171425 1.154059
0.453009 0.346516 0.300196 0.670281 0.090521 0.173858 0.750000 0.333333 7.839430 0.171707 1.140039
0.437725 0.335048 0.300481 0.624512 0.091680 0.204123 0.875000 0.888889 8.485816 0.190106 1.076642
0.421207 0.330526 0.301788 0.611267 0.123836 0.219277 0.750000 0.666667 8.638195 0.194444 1.028753
0.395708 0.321960 0.297192 0.623500 0.115105 0.171755 0.500000 0.222222 9.124525 0.208287 0.962229
0.382616 0.298535 0.276864 0.644204 0.091673 0.182029 0.625000 0.000000 7.082491 0.150161 0.964106
0.429463 0.307008 0.268736 0.598707 0.083671 0.188696 0.625000 0.222222 6.147911 0.123558 0.914576
0.440753 0.292175 0.267341 0.566404 0.088020 0.186584 0.500000 0.333333 5.977781 0.118715 0.846633
0.450139 0.338416 0.304338 0.579426 0.097653 0.222405 0.625000 0.000000 6.790644 0.141853 0.862509
0.489573 0.377932 0.339961 0.605361 0.111743 0.224781 0.875000 0.444444 7.226508 0.154260 0.862171
0.490852 0.384034 0.365431 0.612758 0.118312 0.261301 0.125000 0.222222 7.737861 0.168816 0.765561
0.489477 0.422019 0.395620 0.654526 0.153509 0.297822 0.125000 0.000000 9.790912 0.227256 0.789587
0.422016 0.474913 0.437028 0.746453 0.177892 0.314459 0.750000 0.333333 11.247118 0.268707 0.695279
0.518725 0.536584 0.516889 0.707130 0.334310 0.417562 1.250000 0.222222 13.871177 0.343400 0.733231
0.455168 0.552726 0.512920 0.764166 0.326546 0.342005 0.125000 0.222222 12.845714 0.314211 0.695279
0.429684 0.581979 0.544792 0.718743 0.325572 0.400951 1.125000 0.333333 14.030346 0.347931 0.693813
0.473831 0.657458 0.616707 0.784511 0.414851 0.467485 1.125000 0.333333 16.098317 0.406796 0.694074
0.461685 0.639167 0.617208 0.788704 0.369235 0.450865 0.000000 0.333333 13.847315 0.342721 0.725912
0.405337 0.587847 0.561701 0.782127 0.351685 0.522807 0.250000 0.666667 14.455193 0.360024 0.662143
0.424850 0.550985 0.508755 0.752187 0.313054 0.497609 1.000000 0.444444 13.702640 0.338603 0.597507
0.359738 0.576731 0.531842 0.765417 0.276608 0.454394 1.000000 0.333333 13.235912 0.325318 0.649708
0.353975 0.555827 0.524134 0.716843 0.284217 0.431801 0.125000 0.333333 13.601578 0.335726 0.582738
0.354669 0.570388 0.531199 0.727349 0.326174 0.428989 0.875000 0.333333 14.304524 0.355736 0.619915
0.368123 0.603976 0.579661 0.743978 0.275568 0.412212 0.375000 0.222222 13.335831 0.328162 0.582738
0.383182 0.589778 0.532862 0.752084 0.286216 0.421553 0.250000 0.222222 13.822141 0.342005 0.507618
0.398184 0.565624 0.520206 0.768921 0.356665 0.417906 0.750000 0.222222 15.855849 0.399894 0.620155
0.389197 0.553196 0.528613 0.732844 0.413983 0.378508 0.875000 0.333333 14.147508 0.351266 0.657200
0.408111 0.578874 0.532897 0.716144 0.441265 0.404134 0.875000 0.222222 15.069920 0.377523 0.563273
0.432180 0.655414 0.625809 0.794513 0.594001 0.443087 0.125000 0.222222 19.377240 0.500130 0.582058
0.399645 0.639071 0.584197 0.795751 0.631920 0.513943 0.125000 0.444444 20.839148 0.541743 0.582058
0.427408 0.684472 0.632933 0.812970 0.692795 0.527407 0.125000 0.333333 20.252634 0.525048 0.582058
0.426934 0.748593 0.673842 0.854366 0.656767 0.474030 0.625000 0.222222 18.128859 0.464595 0.582058
0.419087 0.741984 0.663299 0.871513 0.612647 0.488614 0.375000 0.111111 18.314960 0.469893 0.675394
0.386707 0.734690 0.653791 0.893848 0.611665 0.591817 0.375000 0.000000 20.170283 0.522704 0.731553
0.375540 0.713811 0.643146 0.891983 0.612582 0.572958 0.500000 1.222222 18.931609 0.487445 0.731553
0.357699 0.658744 0.586573 0.862645 0.507497 0.494193 0.375000 0.000000 16.092935 0.406643 0.733922
0.362034 0.652989 0.587009 0.831914 0.462377 0.547251 0.375000 0.000000 17.153180 0.436822 0.733922
0.382173 0.676071 0.612550 0.863444 0.515886 0.528826 0.500000 1.000000 17.683780 0.451926 0.959346
0.447376 0.652694 0.600977 0.847743 0.472439 0.409499 0.000000 1.000000 15.657368 0.394244 0.959346
0.505414 0.680971 0.663982 0.870315 0.487094 0.458925 0.000000 0.000000 18.026954 0.461694 0.733527
0.661663 0.711918 0.774516 0.751887 0.494798 0.505456 0.625000 0.333333 20.911854 0.543813 0.733527
0.714575 0.549058 0.687616 0.682085 0.508230 0.296086 1.250000 0.555556 17.708021 0.452616 0.688205
0.716604 0.538341 0.703545 0.649793 0.554391 0.361625 0.125000 0.555556 18.655402 0.479583 0.621406
0.837778 0.605889 0.750737 0.723225 0.470687 0.440371 0.000000 0.444444 22.851875 0.599036 0.561474
0.418085 0.467269 0.452004 0.798500 0.353445 0.257023 0.375000 0.222222 16.116184 0.407304 0.598088
0.453770 0.622708 0.725298 0.809652 0.488811 0.421481 0.375000 0.222222 26.202756 0.694418 0.470686
1.141017 0.695932 0.789288 0.667680 0.868941 0.521310 0.000000 0.333333 26.350918 0.698636 0.506392
1.009981 0.671369 0.855185 0.614272 0.892010 0.618511 0.500000 0.444444 33.237689 0.894668 0.358571
0.384078 0.589537 0.609184 0.853368 0.443818 0.331635 1.000000 0.000000 17.274537 0.440277 0.381098
0.351893 0.584060 0.547921 0.870520 0.428307 0.364057 0.250000 0.000000 17.792734 0.455027 0.469959
0.439423 0.617076 0.574981 0.845555 0.511141 0.559767 0.250000 0.111111 19.892851 0.514807 0.430726
0.453322 0.676494 0.593892 0.872633 0.543256 0.432495 1.000000 0.111111 20.315240 0.526830 0.415487
0.456726 0.706504 0.636831 0.894247 0.540064 0.643090 0.875000 0.111111 21.292338 0.554643 0.415487
0.395831 0.551903 0.530133 0.858268 0.343512 0.454945 0.375000 0.000000 15.228152 0.382027 0.381098
0.490997 0.608118 0.531649 0.892436 0.357662 0.482612 0.375000 0.111111 15.871879 0.400350 0.431076
0.443499 0.519186 0.452243 0.852066 0.350325 0.325228 0.375000 0.000000 12.664797 0.309061 0.406843
0.432568 0.488875 0.417572 0.808831 0.252141 0.362005 0.500000 0.666667 10.558449 0.249104 0.414628
0.422016 0.442382 0.381679 0.761305 0.171828 0.357577 0.375000 0.555556 9.152127 0.209073 0.414888
0.441238 0.412992 0.359723 0.756450 0.141631 0.255799 0.375000 0.222222 7.312941 0.156720 0.470686
0.499365 0.392369 0.360276 0.684343 0.129554 0.252770 0.375000 0.111111 7.669625 0.166873 0.470946
0.510010 0.337074 0.320196 0.663823 0.108167 0.279181 0.500000 0.000000 7.535469 0.163055 0.527005
0.527131 0.313009 0.309386 0.638682 0.140142 0.247100 0.250000 0.222222 7.470581 0.161208 0.520805
0.609502 0.314384 0.301400 0.618612 0.154256 0.254083 0.500000 0.222222 8.106290 0.179303 0.552002
0.607035 0.324527 0.306901 0.587941 0.140489 0.248130 0.625000 0.333333 7.920075 0.174002 0.552002
0.633707 0.365688 0.323552 0.611432 0.180743 0.281363 0.375000 0.444444 8.818395 0.199573 0.597087
0.578587 0.356707 0.323755 0.607066 0.152239 0.268344 0.250000 0.222222 8.033363 0.177227 0.561109
0.606003 0.380893 0.342619 0.627147 0.120344 0.299080 0.375000 0.222222 7.866744 0.172484 0.561317
0.587097 0.363734 0.323508 0.627388 0.105989 0.221967 0.375000 0.000000 7.067771 0.149742 0.561317
0.572486 0.341455 0.308262 0.644763 0.097231 0.204061 0.375000 0.000000 7.233348 0.154455 0.516678
0.560344 0.340990 0.305358 0.677218 0.139567 0.188513 1.500000 1.111111 7.538300 0.163135 0.538998
0.540436 0.341322 0.298662 0.671109 0.141933 0.181172 1.375000 0.444444 7.328816 0.157172 0.583428
0.554189 0.370707 0.320306 0.722360 0.137502 0.199465 0.125000 0.444444 7.730765 0.168614 0.628066
0.551392 0.350400 0.313631 0.714160 0.165188 0.202938 1.125000 0.555556 7.685653 0.167330 0.650385
0.622637 0.344108 0.298774 0.671109 0.143438 0.250362 1.125000 0.666667 7.337743 0.157426 0.642803
0.626233 0.344095 0.305981 0.683706 0.096221 0.292636 0.375000 0.666667 7.225220 0.154223 0.597718
0.616755 0.367041 0.323607 0.708344 0.120274 0.252290 0.375000 0.666667 7.140644 0.151816 0.597297
0.622864 0.352759 0.305963 0.661137 0.135511 0.257014 0.125000 0.666667 7.349374 0.157757 0.597297
0.639647 0.343239 0.301040 0.660297 0.103375 0.315482 0.375000 0.222222 7.453363 0.160717 0.607339
0.624545 0.358367 0.317137 0.682940 0.123537 0.286599 0.375000 0.333333 7.724680 0.168441 0.619892
0.558724 0.332923 0.300874 0.658925 0.162244 0.278070 0.000000 0.222222 7.864248 0.172413 0.555164
0.631045 0.332023 0.293415 0.607867 0.104612 0.304028 0.375000 0.333333 7.236778 0.154552 0.535358
0.635838 0.239451 0.230221 0.493942 0.110666 0.194041 0.250000 0.333333 6.508848 0.133832 0.479002
0.638327 0.224683 0.227976 0.430810 0.109495 0.159369 0.125000 0.333333 6.087295 0.121832 0.451087
0.651996 0.176379 0.180554 0.350228 0.055933 0.139046 0.000000 0.222222 4.519742 0.077212 0.507443
0.652651 0.157580 0.163419 0.338940 0.034180 0.100385 0.000000 1.111111 4.242972 0.069334 0.563799
0.659464 0.079861 0.089925 0.259444 0.006042 0.047226 0.250000 0.333333 2.750928 0.026863 0.620188
0.687835 0.055813 0.055664 0.178400 -0.001953 0.038873 0.375000 0.000000 2.264846 0.013026 0.563832
0.706790 -0.018048 -0.020066 -0.083456 -0.010295 -0.013234 0.000000 0.222222 1.473438 -0.009501 0.557508
0.754980 -0.018164 -0.015589 -0.054422 -0.005635 -0.021007 0.875000 0.333333 1.593341 -0.006088 0.588610
0.695707 -0.007401 -0.010140 -0.025464 -0.000917 -0.019548 0.000000 0.111111 1.626393 -0.005147 0.552239
0.700055 -0.003378 -0.006676 0.005080 0.000620 -0.017344 0.000000 0.222222 1.508575 -0.008501 0.552239
0.699576 -0.001357 -0.006361 -0.002735 -0.001736 -0.013462 0.000000 0.777778 1.616001 -0.005443 0.552449
0.703939 -0.008179 -0.013129 -0.002735 -0.003666 -0.010706 0.000000 0.888889 1.599049 -0.005925 0.552239
0.698607 -0.011029 -0.016461 -0.033741 -0.006535 -0.005674 0.250000 0.000000 1.437934 -0.010512 0.552239
0.700401 -0.013250 -0.019591 -0.055545 -0.011860 0.003649 0.500000 0.000000 1.450600 -0.010151 0.552239
0.699863 -0.010667 -0.016909 -0.045865 -0.013759 0.002643 0.375000 0.888889 1.377142 -0.012242 0.372190
0.693489 -0.005769 -0.015284 -0.005884 -0.012083 -0.000389 0.250000 0.555556 1.303166 -0.014348 0.372190
0.688083 0.000323 -0.005921 0.010313 -0.011329 -0.000248 0.750000 1.111111 1.301897 -0.014384 0.372190
0.688056 -0.000174 -0.010323 0.022268 -0.006988 -0.010918 0.125000 1.111111 1.291881 -0.014669 0.372400
0.689728 0.001375 -0.005912 0.015630 -0.001004 -0.014561 0.125000 0.000000 1.356100 -0.012841 0.372610
0.682132 -0.010239 -0.006587 -0.036284 -0.000334 0.002181 0.625000 0.222222 1.515023 -0.008317 0.372610
0.683876 -0.011033 -0.003485 -0.019734 -0.001659 0.007646 0.250000 0.222222 1.611229 -0.005579 0.372400
0.742894 -0.009196 -0.003002 -0.016367 0.004640 0.004040 0.125000 0.111111 1.778481 -0.000818 0.406991
0.741780 -0.017052 -0.005917 -0.038295 0.006225 0.009281 0.625000 0.111111 1.817733 0.000299 0.391920
0.750588 -0.015889 -0.000783 -0.047831 -0.000593 0.012796 0.750000 0.333333 1.753595 -0.001526 0.391920
0.748497 0.024496 0.039339 0.054489 0.005051 0.039479 0.250000 0.555556 2.199107 0.011155 0.593955
0.722373 0.041800 0.082203 0.099845 0.016024 0.032087 0.250000 0.555556 2.560182 0.021433 0.607836
0.732985 0.040093 0.081474 0.093228 0.013676 0.026182 0.250000 0.444444 2.573644 0.021816 0.607836
0.746151 0.038734 0.075505 0.091067 0.001878 0.037555 0.250000 0.555556 2.948753 0.032494 0.607836
0.747768 0.040156 0.076458 0.104302 0.005513 0.039081 1.125000 0.555556 3.754662 0.055434 0.607836
0.747644 0.048557 0.086084 0.133997 0.005579 0.045915 0.125000 0.555556 3.578640 0.050424 0.608069
0.750217 0.057623 0.089771 0.159388 -0.002227 0.059064 0.250000 0.555556 3.198314 0.039598 0.608069
0.755398 0.066974 0.094123 0.207651 0.003677 0.060513 0.625000 0.666667 3.749106 0.055276 0.608069
0.757126 0.076553 0.096732 0.257581 0.019100 0.066936 0.500000 0.555556 3.780357 0.056165 0.620720
0.763524 0.087404 0.108288 0.286741 0.024417 0.072082 0.375000 0.555556 3.273843 0.041748 0.598178
0.749285 0.078918 0.092707 0.262811 0.015231 0.054927 0.375000 0.111111 2.746991 0.026751 0.552856
0.746455 0.046105 0.037879 0.211257 0.002007 0.013169 0.500000 0.777778 2.123345 0.008999 0.557961
0.743555 0.041503 0.031654 0.185166 0.001802 0.000461 0.500000 0.222222 2.296590 0.013930 0.557961
0.747478 0.044048 0.038990 0.197579 0.001706 -0.000876 0.375000 0.111111 2.316776 0.014505 0.557727
0.761776 0.040250 0.036410 0.157096 0.007391 0.003822 0.500000 0.111111 2.166186 0.010218 0.564078
0.787370 0.090507 0.107152 0.264336 0.015543 0.072193 0.500000 0.111111 3.581052 0.050492 0.571944
0.802957 0.104024 0.128875 0.277775 0.026387 0.086463 0.000000 0.000000 3.850108 0.058151 0.572244
0.823256 0.095764 0.142810 0.254654 0.029068 0.056861 0.000000 0.888889 3.887776 0.059223 0.571944
0.822140 0.091028 0.144098 0.229384 0.027316 0.032955 0.000000 0.666667 5.083691 0.093265 0.539421
0.761014 0.078782 0.132034 0.177393 0.042682 0.036178 0.125000 0.555556 5.844500 0.114921 0.503704
0.821431 0.091823 0.140754 0.184416 0.070544 0.045198 0.250000 0.888889 5.869957 0.115646 0.540643
0.755101 0.092135 0.149743 0.160071 0.067198 0.023628 0.250000 0.666667 6.038595 0.120446 0.500424
0.724926 0.102211 0.185094 0.209758 0.053584 0.070107 0.125000 0.555556 6.929616 0.145809 0.556222
0.728491 0.104492 0.184032 0.230753 0.072588 0.096719 0.000000 0.555556 6.223472 0.125709 0.612020
0.739484 0.113001 0.188319 0.255297 0.080483 0.095560 0.875000 0.000000 5.782028 0.113143 0.596374
0.779731 0.071473 0.107119 0.254654 0.042505 0.041591 0.000000 0.111111 3.940119 0.060713 0.620694
0.830913 0.053814 0.065151 0.186103 0.033212 0.017577 0.000000 0.000000 3.037284 0.035014 0.665569
0.837107 0.052696 0.064754 0.172278 0.026533 0.017698 0.500000 0.000000 2.940685 0.032264 0.665569
0.782370 0.056640 0.063517 0.150062 0.024565 0.014716 0.500000 0.111111 3.104752 0.036934 0.672926
0.792740 0.045407 0.055859 0.116596 0.009673 0.021251 0.625000 0.222222 2.887687 0.030756 0.695024
0.880307 0.029997 0.065672 0.086282 0.003880 0.027430 0.500000 0.333333 2.367231 0.015941 0.694398
0.972604 0.014164 0.055373 0.064140 0.007309 0.023296 0.625000 0.222222 2.255449 0.012759 0.754883
0.993240 -0.037107 -0.004672 -0.175366 -0.002488 -0.024942 0.000000 0.888889 1.519933 -0.008177 0.716718
1.017946 -0.039710 -0.007459 -0.178113 -0.000914 -0.028294 0.625000 0.777778 1.557349 -0.007112 0.672079
1.034094 -0.035908 -0.008427 -0.176744 -0.005251 -0.026835 0.125000 0.111111 1.546396 -0.007424 0.672079
1.132565 -0.028850 0.001453 -0.123710 0.001681 -0.014435 0.125000 0.000000 1.801551 -0.000161 0.694398
1.109454 0.003797 0.029649 -0.034684 0.003168 -0.010000 0.000000 0.222222 1.942128 0.003840 0.496006
1.111343 0.010926 0.035753 -0.022466 -0.001267 -0.007426 0.000000 0.222222 1.857779 0.001439 0.496006
1.154323 -0.030614 -0.009111 -0.141648 -0.002021 -0.023670 0.000000 0.333333 1.650024 -0.004474 0.443307
1.165190 -0.000681 0.032089 -0.068344 0.012781 -0.009264 1.000000 0.333333 2.355441 0.015605 0.410307
1.133366 0.053765 0.123776 0.124181 0.029865 0.028253 0.000000 0.444444 4.110744 0.065570 0.345900
1.115700 0.066328 0.134085 0.146314 0.033514 0.023550 0.000000 0.222222 4.366431 0.072848 0.281493
1.064754 0.077339 0.172738 0.166787 0.066720 0.027960 0.500000 0.888889 4.685525 0.081931 0.146239
0.918050 0.118841 0.221801 0.255390 0.086759 0.063514 0.000000 0.777778 5.358878 0.101098 0.114099
0.930857 0.118458 0.205496 0.245281 0.078694 0.047631 0.000000 0.777778 5.124765 0.094434 0.056069
0.891018 0.127285 0.182586 0.315365 0.106089 0.044714 0.500000 0.777778 6.096702 0.122100 0.056069
0.915631 0.125484 0.193115 0.296869 0.117262 0.085331 0.250000 0.888889 6.679712 0.138696 0.236041
0.844014 0.126187 0.208018 0.307074 0.112194 0.088637 0.625000 0.666667 6.308567 0.128131 0.135964
0.847286 0.130594 0.211759 0.330655 0.120028 0.056597 0.375000 0.555556 6.455066 0.132301 0.203429
0.866646 0.127252 0.219727 0.322434 0.098183 0.067759 0.375000 0.666667 6.745386 0.140565 0.203429
0.945272 0.080562 0.119078 0.231306 0.070195 0.000551 0.375000 0.111111 3.844818 0.058000 0.293956
1.001315 0.064706 0.112848 0.174600 0.054449 0.010109 0.375000 0.222222 3.944405 0.060835 0.327894
0.992488 0.062793 0.114965 0.179289 0.037966 0.021287 0.375000 0.222222 4.029259 0.063250 0.327894
0.966252 0.051042 0.085257 0.172773 0.029881 -0.004852 0.500000 0.333333 3.076482 0.036130 0.327894
1.001653 0.061837 0.110881 0.176515 0.036895 0.007954 0.250000 0.333333 3.393211 0.045145 0.327894
0.997559 0.051610 0.110217 0.120107 0.026981 0.017462 0.250000 0.222222 3.650711 0.052475 0.417644
0.955655 0.053263 0.080437 0.131336 0.021349 0.011903 0.375000 0.333333 3.211524 0.039974 0.508181
0.956798 0.048530 0.077581 0.090281 0.039519 -0.002887 0.375000 0.333333 3.540992 0.049352 0.507270
0.921972 0.056380 0.077893 0.125049 0.041153 0.009994 0.250000 0.333333 3.261826 0.041405 0.506570
0.833622 0.065141 0.070355 0.120716 0.023561 0.014527 0.375000 0.444444 2.942979 0.032330 0.506619
0.820516 0.065023 0.072814 0.131336 0.022554 0.025547 0.250000 0.444444 3.023505 0.034622 0.505517
0.725210 0.084235 0.109338 0.175546 0.029695 0.035211 0.875000 0.444444 3.487394 0.047826 0.469820
0.746113 0.112694 0.132671 0.244171 0.039020 0.041277 0.125000 0.444444 4.080430 0.064707 0.406249
0.739487 0.091508 0.126361 0.220647 0.048333 0.035887 0.250000 0.333333 4.749608 0.083755 0.441010
0.743293 0.086706 0.115872 0.205623 0.046206 0.026864 0.875000 0.444444 4.987977 0.090540 0.449249
0.771260 0.112796 0.158541 0.243907 0.075090 0.024813 1.000000 0.444444 5.608158 0.108194 0.441310
0.752351 0.164525 0.221136 0.310790 0.069776 0.052760 0.375000 0.555556 7.106908 0.150856 0.280500
0.733007 0.175301 0.221575 0.324341 0.075046 0.039602 0.000000 0.444444 7.012017 0.148155 0.281100
0.685138 0.244483 0.248860 0.403766 0.093176 0.086253 0.750000 0.111111 9.419786 0.216692 0.243814
0.672592 0.212517 0.211890 0.399860 0.078453 0.097681 0.250000 0.111111 6.046301 0.120665 0.191193
0.662388 0.224740 0.205404 0.427558 0.061920 0.125649 0.375000 0.111111 5.378220 0.101649 0.243814
0.686822 0.260067 0.245058 0.450352 0.072150 0.118424 0.875000 0.111111 8.807190 0.199254 0.243814
0.657505 0.261035 0.225780 0.492769 0.078384 0.090111 0.125000 0.111111 6.270787 0.127055 0.281362
0.839430 0.448702 0.499906 0.603333 0.232555 0.392129 0.000000 0.444444 19.163347 0.494042 -0.225973
0.831146 0.335315 0.405781 0.524356 0.184410 0.160261 0.000000 0.555556 12.974550 0.317878 0.010775
0.798826 0.287765 0.375030 0.487060 0.125426 0.063849 0.000000 0.666667 12.473974 0.303629 0.010775
0.797766 0.198443 0.292029 0.393009 0.178950 0.066842 0.750000 0.111111 8.086792 0.178748 0.224875
0.824014 0.163645 0.257407 0.315897 0.195857 0.056756 0.750000 0.000000 7.754193 0.169281 -0.018634
0.703269 0.112112 0.153286 0.313442 0.064173 0.018850 0.125000 0.555556 4.553004 0.078159 0.080946
0.671560 0.126334 0.175015 0.314327 0.080623 0.031587 0.750000 0.555556 5.255154 0.098146 0.396809
0.664111 0.123645 0.172379 0.293171 0.087855 0.052945 0.625000 0.000000 4.920341 0.088615 0.396809
0.646953 0.169805 0.229439 0.396551 0.155507 0.073364 0.000000 0.555556 7.855527 0.172165 0.396809
0.661784 0.242926 0.354363 0.442162 0.222733 0.092694 0.125000 0.555556 11.803268 0.284537 0.303358
0.668541 0.353563 0.464647 0.529484 0.278502 0.094487 0.125000 0.111111 13.810836 0.341683 0.470600
0.790301 0.453350 0.570581 0.634587 0.276076 0.133619 0.125000 1.222222 16.363559 0.414346 0.280574
0.827507 0.530508 0.596692 0.678602 0.444443 0.164425 0.125000 0.111111 18.583760 0.477544 0.356022
0.898560 0.609228 0.646529 0.733884 0.570549 0.256084 0.750000 0.888889 21.948867 0.573332 0.393746
1.057152 0.796134 0.797419 0.848402 0.702833 0.351870 0.250000 1.000000 23.659657 0.622029 0.551135
1.118312 0.832815 0.828564 0.869932 0.918646 0.601415 0.750000 1.000000 30.307338 0.811255 0.562190
1.096647 0.831391 0.829966 0.915723 0.885276 0.716703 0.750000 1.000000 31.465224 0.844214 0.551135
1.126358 0.868983 0.846131 0.941356 0.805249 0.708778 0.750000 1.000000 30.257315 0.809831 0.505867
1.161372 0.894747 0.880608 0.959390 0.738638 0.729787 0.250000 1.000000 29.436970 0.786480 0.506017
1.083508 0.879852 0.852403 0.966265 0.539399 0.678217 0.875000 0.222222 25.221280 0.666481 0.377466
0.887895 0.945208 0.927822 1.010873 0.921318 0.945737 0.500000 0.000000 35.719983 0.965326 0.365551
0.844294 0.970670 0.976469 1.028638 0.897815 1.006639 0.375000 0.000000 35.122422 0.948316 0.562518
0.810503 0.993135 1.006067 1.024025 1.094605 1.008056 0.500000 0.111111 36.962414 1.000692 0.647265
0.840115 1.014194 1.048588 1.003390 1.136803 1.128815 0.500000 0.222222 41.709904 1.135829 0.667315
0.871617 1.036874 1.082191 1.021212 0.891737 1.378434 0.375000 0.111111 39.943511 1.085549 0.667315
0.988509 1.174952 1.189481 1.039419 1.172340 1.563930 0.250000 0.666667 44.628796 1.218915 0.602908
0.905413 1.073497 1.093126 1.031935 1.185061 1.137795 0.250000 0.333333 41.122272 1.119102 0.534554
0.898484 1.057639 1.069709 1.015455 1.213321 1.346556 0.500000 0.333333 43.743892 1.193726 0.581577
0.795732 1.064485 1.090584 1.020878 1.341020 1.401491 0.000000 0.222222 44.834232 1.224763 0.606624
0.785298 1.052291 1.079724 1.000486 1.303109 1.268663 0.125000 0.000000 42.271633 1.151819 0.481389
0.816219 1.065539 1.086812 1.015005 1.528621 1.234879 0.375000 0.777778 42.878956 1.169106 0.481389
0.878032 1.103357 1.118941 1.036172 1.672500 1.360158 0.500000 0.888889 44.455273 1.213976 0.506684
0.993438 1.028334 1.053631 1.028638 1.517955 1.156441 0.750000 0.666667 39.990956 1.086899 0.556778
0.902980 1.006271 1.026952 1.016408 1.591322 0.987671 0.875000 0.777778 38.149622 1.034486 0.461622
0.821865 1.027408 1.045513 1.033543 1.674079 0.959437 0.875000 0.888889 39.501627 1.072970 0.471206
0.901761 0.992409 1.040912 0.999098 1.303801 1.015028 0.875000 0.333333 36.579329 0.989787 0.552002
0.900176 1.019924 1.054643 1.023272 1.203369 1.070785 0.000000 0.444444 36.052758 0.974798 0.552002
0.878512 1.003696 1.036940 1.000590 1.174978 1.068745 0.125000 0.333333 36.028874 0.974119 0.551766
0.819423 0.988673 0.984985 0.987768 1.019140 1.052448 0.000000 0.777778 33.825558 0.911401 0.596850
0.812925 1.004971 0.975517 1.007745 1.018131 1.089637 0.500000 0.777778 35.409440 0.956486 0.731868
0.789414 1.017562 0.988732 0.984792 1.059503 1.069696 0.625000 0.333333 35.809321 0.967869 0.731868
0.774569 1.017263 1.007971 1.001969 1.179893 1.191420 0.625000 0.666667 36.877348 0.998270 0.641699
0.708532 1.075872 1.059104 1.058978 1.256250 1.327398 0.625000 0.666667 40.075362 1.089302 0.596614
0.758856 1.087246 1.076553 1.064599 1.240836 1.262811 0.625000 0.666667 40.482859 1.100901 0.706769
0.788859 1.077614 1.094422 1.037360 1.271655 1.321974 0.625000 0.222222 41.211711 1.121648 0.675394
0.665083 0.927003 0.983258 0.981245 0.960925 0.976315 0.750000 0.222222 32.578860 0.875914 0.646937
0.593428 0.842825 0.946936 0.958368 0.966328 0.923500 0.750000 0.777778 34.156828 0.920831 0.703293
0.565395 0.838473 0.973184 0.966407 0.953747 0.787715 0.750000 1.333333 39.091997 1.061310 0.535113
0.452619 0.877895 0.965267 0.957518 0.766698 0.739409 0.125000 0.777778 45.389242 1.240561 0.450579
0.348662 0.779692 0.848061 0.850294 0.554165 0.664087 0.250000 0.666667 38.671241 1.049333 0.450874
0.297606 0.739066 0.777819 0.826373 0.471951 0.493552 0.250000 0.666667 36.892979 0.998715 0.394518
0.249930 0.678541 0.682475 0.807249 0.257345 0.367600 0.250000 0.333333 33.559718 0.903834 0.479052
0.214796 0.498138 0.496904 0.749338 0.232774 0.264109 0.250000 0.333333 16.557400 0.419864 0.450874
0.199273 0.501306 0.470497 0.756595 0.177391 0.327990 0.250000 0.777778 11.217313 0.267858 0.457101
0.172771 0.511845 0.447576 0.811969 0.154020 0.370174 0.250000 0.555556 10.339789 0.242879 0.371913
0.173282 0.543486 0.432400 0.828138 0.137330 0.335759 0.125000 0.444444 9.559447 0.220667 0.281967
0.201998 0.493278 0.381388 0.773125 0.111641 0.300253 0.125000 0.555556 8.347281 0.186163 0.304509
0.221385 0.433647 0.349552 0.722360 0.092695 0.332657 0.000000 0.666667 8.229186 0.182801 0.439290
0.252115 0.495031 0.383991 0.757925 0.101669 0.329003 0.500000 0.111111 8.532718 0.191441 0.461832
0.264433 0.529447 0.397136 0.804632 0.110421 0.299307 0.000000 0.555556 8.196290 0.181865 0.416958
0.284885 0.504193 0.381113 0.786273 0.138393 0.284407 0.500000 0.444444 8.548796 0.191899 0.394416
0.299861 0.497809 0.373721 0.727648 0.129581 0.282114 0.500000 0.444444 8.655272 0.194930 0.281704
0.303765 0.525732 0.397812 0.729879 0.107330 0.300392 0.500000 0.444444 8.219372 0.182522 0.304246
0.311894 0.514385 0.393825 0.715781 0.111952 0.287273 0.000000 0.555556 7.725178 0.168455 0.259345
0.333149 0.507121 0.380959 0.718224 0.103726 0.310451 0.000000 0.111111 7.686133 0.167343 0.304430
0.346227 0.497676 0.385220 0.704603 0.106694 0.382621 0.125000 0.555556 8.624129 0.194043 0.349712
0.361342 0.487176 0.388977 0.669860 0.119985 0.349346 0.125000 0.555556 8.633314 0.194305 0.282085
0.379270 0.514666 0.410205 0.704603 0.123279 0.328566 0.125000 0.000000 8.692863 0.196000 0.282085
0.362223 0.526831 0.415847 0.692655 0.137353 0.390045 0.000000 0.666667 9.617308 0.222314 0.146830
0.374973 0.512733 0.437438 0.670065 0.227808 0.373653 0.125000 0.666667 11.498464 0.275861 0.191705
0.354105 0.543255 0.422862 0.739244 0.218815 0.300107 0.125000 0.666667 10.696183 0.253024 0.214458
0.368329 0.536196 0.446624 0.751265 0.280633 0.368908 0.125000 0.333333 12.447223 0.302868 0.259542
0.382545 0.561221 0.474220 0.775088 0.384652 0.407841 0.250000 0.000000 14.666170 0.366030 0.417339
0.349034 0.532536 0.407116 0.736437 0.235301 0.333604 0.000000 1.222222 11.261580 0.269118 0.417339
0.339455 0.560864 0.430323 0.756450 0.199339 0.337274 0.125000 0.333333 9.997040 0.233123 0.417339
0.333847 0.567523 0.433817 0.754111 0.178263 0.317958 0.250000 0.444444 8.789121 0.198740 0.462450
0.327179 0.569215 0.427504 0.761305 0.124671 0.284858 0.125000 0.000000 7.588169 0.164555 0.530077
0.309348 0.543314 0.417226 0.776530 0.109380 0.313889 0.000000 0.444444 7.589782 0.164601 0.350265
0.310956 0.531414 0.422980 0.800054 0.112937 0.380045 0.250000 0.444444 8.267023 0.183878 0.553146
0.314174 0.550846 0.458792 0.821996 0.194322 0.400121 0.500000 0.666667 10.220778 0.239492 0.553146
0.333537 0.587329 0.511694 0.849552 0.338022 0.471094 0.625000 0.333333 13.995368 0.346935 0.620813
0.320621 0.521949 0.464319 0.807368 0.323756 0.450889 0.500000 1.222222 13.275976 0.326458 0.665898
0.312826 0.561524 0.481609 0.826254 0.331825 0.370615 0.500000 1.111111 12.413401 0.301905 0.372847
0.278050 0.602933 0.508770 0.876632 0.401875 0.391936 0.000000 0.111111 13.644198 0.336939 0.407840
0.313403 0.600941 0.524993 0.861212 0.460439 0.413503 0.500000 0.222222 15.577129 0.391960 0.307651
0.300282 0.567257 0.493206 0.844137 0.363398 0.431569 0.000000 1.111111 14.058311 0.348727 0.132073
0.309822 0.598624 0.543674 0.894799 0.367920 0.429845 0.250000 1.111111 13.275241 0.326437 0.157121
0.323339 0.665684 0.591206 0.944110 0.502384 0.375227 0.250000 0.222222 15.772293 0.397516 0.356912
0.283379 0.596796 0.514076 0.885292 0.392218 0.382524 0.125000 0.444444 13.528090 0.333634 0.231677
0.262183 0.604440 0.512952 0.904203 0.385560 0.420523 0.125000 1.111111 13.281398 0.326612 0.031300
0.271271 0.632400 0.560919 0.919462 0.482761 0.524513 0.375000 0.222222 15.543506 0.391003 -0.068947
0.248547 0.691929 0.583890 0.968566 0.360358 0.454589 0.625000 0.444444 14.514073 0.361700 -0.043900
0.294531 0.742320 0.669412 0.998847 0.515487 0.550607 0.750000 0.333333 20.176450 0.522880 0.156477
0.309649 0.701955 0.634732 0.955899 0.623508 0.604783 0.750000 0.333333 23.852139 0.627508 0.236606
0.261704 0.648072 0.555377 0.930337 0.389155 0.474640 0.750000 0.444444 15.446624 0.388245 0.372070
0.248722 0.663305 0.554348 0.962668 0.274572 0.450709 0.250000 0.444444 14.077993 0.349287 0.552409
0.254409 0.653540 0.542238 0.932504 0.290266 0.458711 0.000000 0.444444 15.130920 0.379259 0.552409
0.257257 0.663839 0.551447 0.902340 0.346403 0.420897 0.875000 0.444444 15.075559 0.377683 0.462424
0.306508 0.733700 0.637093 0.932504 0.348514 0.497488 0.000000 1.222222 15.094875 0.378233 0.507574
0.320199 0.675364 0.598650 0.864635 0.254953 0.468494 0.000000 0.000000 13.769681 0.340511 0.682904
0.319648 0.573692 0.522247 0.803405 0.233631 0.335156 0.000000 0.222222 13.734108 0.339499 0.557449
0.310657 0.558508 0.508342 0.757213 0.227250 0.268716 0.750000 0.222222 12.363089 0.300473 0.482308
0.375080 0.644077 0.597390 0.771736 0.397468 0.308375 0.125000 0.222222 16.411482 0.415710 0.407167
0.417835 0.615228 0.619278 0.754610 0.500880 0.315539 0.250000 0.222222 17.216762 0.438632 0.338342
0.457397 0.630123 0.640502 0.746669 0.517714 0.439233 0.250000 0.111111 19.282095 0.497422 0.281723
0.439423 0.603764 0.600826 0.727765 0.601158 0.464771 0.250000 0.222222 20.031974 0.518767 0.056299
0.420316 0.541195 0.546727 0.697063 0.588020 0.402219 0.125000 0.222222 18.661327 0.479752 -0.072481
0.380810 0.483226 0.495557 0.676140 0.401978 0.314172 0.125000 0.555556 15.243229 0.382456 -0.136474
0.361398 0.426190 0.416353 0.607867 0.237187 0.279840 0.125000 0.333333 11.527926 0.276700 -0.083982
0.371450 0.421571 0.390711 0.607996 0.178134 0.254770 0.250000 0.333333 10.942139 0.260025 -0.055804
0.411298 0.369333 0.326697 0.548638 0.131848 0.220411 0.250000 1.000000 9.935238 0.231364 0.085086
0.400295 0.323212 0.284079 0.573708 0.070359 0.193373 0.750000 0.000000 7.969979 0.175423 0.197503
0.392452 0.233981 0.229801 0.480992 0.085738 0.085613 0.125000 0.555556 5.369979 0.101414 0.185504
0.385401 0.190441 0.188115 0.427434 0.074401 0.070207 0.000000 0.222222 4.846778 0.086521 0.112772
0.448561 0.182590 0.208927 0.454319 0.075548 0.069003 0.000000 0.777778 4.741665 0.083529 0.169128
0.485091 0.165014 0.205094 0.438938 0.063660 0.059816 0.000000 0.555556 5.626647 0.108720 0.314092
0.527201 0.194948 0.238169 0.440709 0.044159 0.061991 1.000000 0.666667 5.547190 0.106458 0.169128
0.543790 0.190194 0.216946 0.426712 0.030329 0.062258 0.500000 0.777778 5.836876 0.114704 0.253069
0.559610 0.203048 0.218316 0.437530 0.041609 0.060453 1.000000 0.111111 7.279025 0.155755 0.248727
0.572621 0.198968 0.214045 0.434342 0.036361 0.070265 1.000000 0.111111 6.279416 0.127301 0.055507
0.588338 0.184996 0.207012 0.448752 0.031137 0.080913 0.250000 0.111111 5.506375 0.105297 0.216524
0.620780 0.147793 0.176993 0.379333 0.003869 0.050491 1.000000 0.111111 4.885100 0.087612 -0.040766
0.622398 0.155085 0.167506 0.380516 0.018557 0.053226 0.000000 0.111111 4.356222 0.072557 -0.000483
0.656545 0.179587 0.197230 0.409178 0.030679 0.063460 0.250000 0.333333 4.523778 0.077327 -0.028465
0.617969 0.222231 0.211615 0.475301 0.061026 0.054375 0.125000 0.000000 4.801869 0.085243 -0.084820
0.616909 0.206465 0.192857 0.426564 0.059843 0.049602 0.250000 0.000000 4.897845 0.087975 -0.019305
0.648017 0.143455 0.158967 0.373727 0.044597 0.048086 0.500000 0.000000 4.025922 0.063155 0.105930
0.677563 0.172982 0.182574 0.391516 0.082065 0.056493 1.000000 0.000000 5.036123 0.091911 0.083985
0.688105 0.195725 0.199330 0.405716 0.083322 0.064598 0.500000 0.111111 4.887485 0.087680 0.083985
0.688563 0.160592 0.172353 0.357176 0.079785 0.057339 0.500000 0.000000 5.151679 0.095200 0.196697
0.673559 0.249088 0.246631 0.443606 0.145536 0.074400 0.000000 0.111111 6.236937 0.126092 0.083722
0.654578 0.246236 0.250462 0.436780 0.197560 0.069907 0.000000 0.111111 6.455980 0.132327 0.252528
0.658846 0.235998 0.253169 0.440559 0.215960 0.083497 0.375000 0.222222 6.786071 0.141723 0.224350
0.632397 0.249944 0.282999 0.419713 0.219139 0.110463 0.125000 0.222222 8.037516 0.177345 0.345000
0.625985 0.261348 0.296571 0.431069 0.230242 0.114595 0.000000 0.111111 7.903738 0.173537 0.393155
0.555961 0.293145 0.332335 0.454047 0.177728 0.177167 0.375000 0.222222 7.979551 0.175695 0.370823
0.495564 0.316726 0.385739 0.493942 0.215889 0.183608 0.375000 0.444444 9.995883 0.233090 0.393155
0.392885 0.329090 0.426947 0.542270 0.203155 0.173552 0.375000 0.111111 11.386424 0.272672 0.416328
0.374106 0.312331 0.399015 0.520081 0.251201 0.182300 0.375000 0.111111 11.475950 0.275220 0.416328
0.353944 0.337216 0.439527 0.522529 0.389813 0.188852 0.250000 0.000000 15.953065 0.402661 0.393681
0.341319 0.365446 0.442626 0.567834 0.442236 0.159089 0.125000 0.666667 15.972428 0.403212 0.225138
0.332866 0.391551 0.477939 0.582579 0.356083 0.161658 0.250000 0.666667 13.596188 0.335573 0.131912
0.319811 0.513761 0.574592 0.667500 0.604815 0.227176 0.250000 0.666667 20.157969 0.522354 0.169833
0.312913 0.501435 0.544586 0.669860 0.535044 0.250487 0.250000 0.000000 17.754487 0.453939 0.169833
0.345268 0.513786 0.521998 0.653904 0.361781 0.204208 0.250000 0.000000 19.685819 0.508914 0.169833
0.387611 0.552863 0.541340 0.737742 0.298315 0.195539 0.375000 0.666667 16.381094 0.414845 0.169833
0.431919 0.592118 0.581308 0.749928 0.295703 0.273502 0.375000 0.666667 15.915439 0.401590 0.169833
0.522636 0.613193 0.615999 0.764613 0.215293 0.347901 0.375000 0.444444 18.230295 0.467483 -0.169354
0.520300 0.610380 0.618399 0.732699 0.272472 0.395513 0.250000 0.000000 19.237070 0.496140 -0.056642
0.531361 0.631942 0.612427 0.757718 0.433445 0.386807 0.000000 0.000000 16.519431 0.418783 -0.056642
0.553887 0.580532 0.584303 0.683522 0.372610 0.440092 0.750000 0.000000 15.571516 0.391800 0.505736
0.482139 0.613002 0.540786 0.735769 0.419273 0.409251 0.875000 0.000000 15.716675 0.395932 0.505736
0.445092 0.665505 0.597424 0.755017 0.448842 0.381052 0.500000 0.222222 17.125101 0.436023 0.470426
0.611270 0.351285 0.333688 0.663796 0.150387 0.147809 0.625000 0.333333 6.940838 0.146128 0.309016
0.611408 0.372015 0.340652 0.696116 0.142535 0.169058 0.500000 0.333333 7.173016 0.152737 0.331005
0.639706 0.357004 0.331010 0.655010 0.178300 0.216352 0.250000 0.000000 7.996902 0.176189 0.331005
0.645073 0.382413 0.342687 0.672711 0.194380 0.256695 0.000000 0.000000 8.827319 0.199827 0.280911
0.632801 0.428560 0.389015 0.723280 0.285497 0.274765 1.000000 0.000000 11.255835 0.268955 0.325831
0.628126 0.458938 0.412322 0.778845 0.277888 0.287470 0.125000 0.111111 11.204420 0.267491 0.371100
0.600878 0.454060 0.402925 0.769639 0.202118 0.306395 0.125000 0.111111 10.145589 0.237352 0.371100
0.586382 0.463037 0.411407 0.770205 0.286388 0.259543 0.125000 0.000000 10.630243 0.251147 0.370890
0.545319 0.520689 0.455304 0.849393 0.219583 0.387259 0.000000 0.222222 11.949463 0.288699 0.460585
0.597425 0.444574 0.386899 0.774748 0.209567 0.329205 0.125000 0.111111 10.563910 0.249259 0.460375
0.580848 0.418044 0.371295 0.725248 0.239564 0.306539 0.000000 0.777778 10.829080 0.256807 0.460572
0.539610 0.377561 0.325939 0.690938 0.187785 0.227571 0.000000 0.777778 8.686284 0.195813 0.460572
0.517021 0.382466 0.331366 0.704068 0.154569 0.237709 0.125000 0.111111 8.055622 0.177861 0.325396
0.519277 0.357771 0.321384 0.635469 0.130995 0.212758 0.000000 0.222222 7.360855 0.158084 0.355322
0.514818 0.343563 0.305572 0.597935 0.156799 0.206170 1.125000 0.333333 7.456978 0.160820 0.355570
0.558009 0.321795 0.298010 0.586367 0.187109 0.185897 0.125000 0.333333 7.745214 0.169025 0.336651
0.547325 0.347592 0.329883 0.591383 0.150863 0.159174 1.125000 0.111111 7.674211 0.167004 0.336651
0.557376 0.296983 0.287470 0.550963 0.161359 0.170935 0.125000 0.222222 7.293005 0.156153 0.336914
0.479040 0.282750 0.291730 0.471331 0.194906 0.138889 0.000000 0.333333 7.785250 0.170165 0.280558
0.435611 0.275120 0.297314 0.475529 0.162186 0.100625 1.125000 0.888889 7.888263 0.173097 0.280558
0.382313 0.347841 0.352711 0.577891 0.136204 0.131511 0.250000 0.111111 8.869112 0.201017 0.224448
0.373062 0.315662 0.336460 0.559828 0.130590 0.172920 0.375000 0.111111 9.339025 0.214393 0.184095
0.278265 0.301801 0.329021 0.520347 0.078248 0.188354 0.250000 0.222222 8.502107 0.190570 0.582109
0.238452 0.287758 0.304891 0.556318 0.047422 0.159687 0.250000 0.000000 7.010238 0.148104 0.502497
0.233651 0.289476 0.268808 0.590379 0.102278 0.170728 0.125000 0.333333 6.899504 0.144952 0.243222
0.227694 0.300194 0.265343 0.623116 0.120458 0.139331 1.000000 0.333333 7.147280 0.152005 0.243222
0.218447 0.280217 0.259519 0.605223 0.103052 0.102876 0.375000 0.222222 6.624848 0.137134 0.190904
0.210361 0.279736 0.289985 0.619602 0.136664 0.099939 0.875000 0.333333 8.185585 0.181560 0.100734
0.186034 0.306927 0.328709 0.648860 0.163985 0.082685 0.875000 0.333333 11.292838 0.270008 0.011512
0.190143 0.325092 0.369510 0.635401 0.156719 0.090584 0.375000 0.333333 12.693697 0.309883 -0.078237
0.203846 0.317005 0.377381 0.666154 0.188282 0.171524 0.750000 0.333333 12.233910 0.296796 0.011932
0.186531 0.326253 0.369982 0.718378 0.174865 0.215868 0.375000 0.333333 12.688229 0.309728 0.011932
0.162703 0.352562 0.462671 0.728160 0.241208 0.241912 0.375000 0.222222 17.427629 0.444635 0.011932
0.140911 0.375666 0.482954 0.762583 0.264626 0.289963 0.500000 0.333333 15.706040 0.395630 0.000898
0.118845 0.356425 0.442214 0.736069 0.235466 0.361272 1.000000 0.222222 12.654676 0.308773 0.102102
0.082865 0.319286 0.372948 0.724175 0.287616 0.268271 0.375000 0.222222 11.901319 0.287328 0.131672
0.060282 0.331507 0.360424 0.709716 0.278259 0.227917 0.375000 0.444444 11.222478 0.268005 0.185279
0.068275 0.329226 0.382958 0.719319 0.165859 0.259226 0.250000 0.666667 8.775743 0.198359 0.056465
0.051649 0.337565 0.369515 0.751348 0.183363 0.259582 0.250000 0.333333 7.875955 0.172747 0.120195
0.017297 0.349918 0.382054 0.789224 0.247984 0.246834 0.250000 0.555556 10.220479 0.239483 0.093312
0.007465 0.370809 0.398196 0.771416 0.219808 0.245935 0.375000 0.222222 10.877419 0.258183 0.152398
0.006667 0.372676 0.406976 0.773795 0.230101 0.245654 0.375000 0.333333 11.874223 0.286557 0.152398
0.030643 0.367998 0.434092 0.693898 0.345864 0.272722 0.375000 0.333333 13.629869 0.336532 0.152398
0.026289 0.373023 0.438538 0.728896 0.319489 0.332154 0.500000 0.333333 14.702299 0.367058 0.087992
0.038674 0.386432 0.477625 0.705375 0.407771 0.340499 0.375000 0.333333 17.052581 0.433959 -0.072932
0.047461 0.397608 0.489847 0.712723 0.470611 0.288250 0.125000 0.333333 20.504813 0.532227 -0.169573
0.016579 0.401810 0.441104 0.699878 0.244614 0.337973 0.125000 0.333333 13.927188 0.344995 0.055501
0.046392 0.409337 0.475563 0.701625 0.319531 0.383714 0.250000 0.333333 19.157762 0.493883 0.055387
0.030119 0.395509 0.439048 0.723225 0.412376 0.281955 0.125000 0.222222 20.830301 0.541492 -0.019641
0.037666 0.396906 0.453236 0.715096 0.344491 0.265891 1.500000 0.222222 19.368193 0.499873 -0.034783
0.041233 0.366544 0.431595 0.703945 0.224726 0.331264 0.250000 0.222222 15.791035 0.398049 -0.034783
0.049813 0.374429 0.405530 0.681469 0.240354 0.322870 0.625000 0.222222 13.816621 0.341847 0.055150
0.044505 0.373670 0.360008 0.699878 0.238497 0.248951 0.000000 0.222222 10.510947 0.247752 0.055150
-0.012087 0.378883 0.361898 0.614272 0.177965 0.249523 0.375000 0.111111 9.762958 0.226460 0.098310
-0.028487 0.389579 0.367425 0.634587 0.132179 0.290648 0.500000 0.111111 8.671886 0.195403 0.291821
-0.046571 0.372639 0.333998 0.595135 0.179023 0.252454 0.000000 0.111111 7.897827 0.173369 0.358549
-0.058000 0.368774 0.380107 0.606490 0.216364 0.256169 0.000000 0.111111 9.537027 0.220029 0.336433
-0.051635 0.353111 0.327937 0.589566 0.158434 0.219552 0.000000 1.000000 7.978233 0.175658 0.173619
-0.048615 0.359193 0.329754 0.651331 0.177209 0.234928 0.375000 1.111111 8.659704 0.195056 0.322067
-0.017832 0.344608 0.297808 0.634187 0.191143 0.202879 0.250000 0.333333 8.565559 0.192376 0.322067
-0.034569 0.367851 0.342883 0.660051 0.227034 0.232965 0.250000 0.333333 10.053817 0.234739 0.321720
-0.048474 0.382761 0.358783 0.700911 0.186205 0.244942 0.375000 0.222222 9.485408 0.218560 0.284543
-0.061844 0.415725 0.419853 0.716434 0.218914 0.278586 0.250000 0.333333 12.550000 0.305793 0.183671
-0.061471 0.412634 0.424736 0.721355 0.269517 0.329865 0.125000 0.444444 13.671636 0.337720 0.215240
-0.057336 0.406926 0.414952 0.710785 0.231774 0.393930 0.250000 0.444444 12.099536 0.292971 0.215240
-0.061815 0.405664 0.411298 0.741425 0.254168 0.352862 0.250000 0.555556 12.359876 0.300381 0.247440
-0.006840 0.378440 0.354995 0.743978 0.172737 0.272238 0.125000 0.000000 10.354139 0.243288 0.345433
-0.016579 0.372144 0.349264 0.725448 0.147167 0.252509 0.250000 0.444444 9.691210 0.224418 0.537920
-0.074223 0.404019 0.390492 0.687135 0.206131 0.289560 0.250000 0.555556 11.068072 0.263610 0.533768
-0.033649 0.403748 0.392118 0.733390 0.188478 0.241871 0.375000 0.777778 10.277742 0.241113 0.570105
-0.048220 0.396338 0.349176 0.741230 0.131323 0.172947 0.000000 0.555556 8.072395 0.178338 0.376997
-0.033105 0.410467 0.372291 0.779854 0.113913 0.259579 0.000000 0.222222 9.789771 0.227223 0.473551
-0.021458 0.391643 0.340520 0.778961 0.216119 0.284673 0.375000 0.333333 11.332428 0.271135 0.602364
-0.036423 0.421356 0.357715 0.811253 0.229512 0.266501 0.125000 0.333333 10.772221 0.255189 0.634549
-0.003590 0.444861 0.399074 0.806389 0.172490 0.330428 0.000000 0.333333 10.886975 0.258455 0.634549
0.040849 0.470138 0.455257 0.814529 0.170118 0.347934 0.625000 0.333333 11.175111 0.266657 0.376922
