0.409547 0.703344 0.923570 0.211420 0.364922 0.977691 0.310103 0.454303 0.416380 9.177582 11.750702 66.920414 10.263641 14.106415 55.657949 71.682710 152.524161 343.747689 0.274369 1.585003 258.172333
0.029984 0.033491 -0.041181 -0.023245 0.875799 0.208540 -0.017732 0.040989 -0.038362 -0.013166 -0.016480 0.125155 -0.000066 0.013890 0.032488 0.039151 0.020727 0.359146 0.506774 0.507594 0.558920
-0.017613 0.000255 0.006334 0.116811 0.005762 0.998202 0.010277 0.004691 0.007882 0.002030 0.030143 -0.065249 -0.002514 0.003057 -0.000392 0.010960 0.093925 0.225389 -0.000620 -0.000761 0.052962
0.080180 -0.007348 0.022514 0.115728 0.000445 0.975519 0.010505 -0.007944 0.023980 -0.006237 -0.000093 0.071157 -0.005636 -0.002458 0.011727 0.015123 0.024025 0.149323 -0.000666 -0.000873 -0.016849
0.080731 0.021550 -0.000580 0.114804 0.000124 0.991262 0.055234 0.018089 0.016173 0.042092 0.008856 0.244755 0.005446 -0.001743 0.032379 0.138339 0.024904 0.576370 -0.000658 -0.000690 0.032313
0.044643 -0.001288 -0.018527 0.111976 -0.001209 0.977494 0.026356 0.004464 -0.022516 -0.003963 0.002545 -0.027639 -0.002923 -0.002739 0.033995 0.133679 0.001675 0.046043 -0.000678 -0.000744 0.079066
0.046189 0.000841 -0.025654 0.119600 0.004526 1.003124 0.062768 0.008184 -0.036859 0.000145 0.015109 0.090724 -0.004464 0.003652 0.006007 0.084536 0.042021 0.187053 -0.000556 -0.000745 -0.010523
0.079034 0.035709 0.014373 0.115230 0.000041 0.976050 0.025023 0.034562 0.035159 0.050024 0.018948 0.151736 -0.001052 0.007523 0.013729 -0.036667 0.174711 0.215897 -0.000650 -0.000438 0.345286
0.011046 0.008748 -0.071295 0.119366 0.004087 1.003514 -0.015756 0.000003 -0.071940 -0.036285 0.055316 0.073468 -0.004539 0.006255 0.006204 0.124629 0.080646 0.197123 0.000089 0.000052 0.065934
0.107275 0.036098 0.037796 0.114050 0.003020 0.980887 0.072282 0.024178 0.043061 0.052514 0.033035 0.111113 0.004665 0.007321 -0.000085 0.087860 0.124754 0.030456 0.000109 0.000004 0.045924
0.056471 0.028261 0.020060 0.111418 0.004379 0.978469 0.035489 0.022872 0.009979 0.011136 0.043325 0.146269 0.000007 0.006420 0.022497 0.268657 0.017570 0.516167 0.000014 0.000031 0.093033
0.077015 0.037145 -0.026763 0.117508 0.006396 1.006344 0.083890 0.003544 -0.014170 0.089140 0.062363 0.114196 0.007454 0.011133 0.001450 0.172128 -0.005342 0.076930 0.000201 0.000054 0.041869
0.087251 0.046044 0.032554 0.113799 0.004295 0.994813 0.058471 0.037539 0.011691 0.063323 0.058593 0.081947 0.004729 0.011297 0.028969 0.209628 0.146719 0.264944 0.000062 0.000056 0.016058
0.102438 0.049524 0.091790 0.117275 0.005275 1.006391 0.077406 0.040286 0.059390 0.069233 0.048988 -0.009044 0.006853 0.008063 0.014201 0.162373 0.109664 0.143218 0.000047 -0.000048 0.011885
0.109568 0.043203 0.020989 0.114092 0.002569 0.980819 0.074824 0.041969 0.007566 0.064589 0.053285 0.008341 0.007153 0.006043 -0.001373 0.176833 0.074780 0.114628 0.000179 0.000057 0.051134
0.082555 0.028864 0.001041 0.117642 0.005757 1.004541 0.064099 0.025638 -0.003596 0.077484 0.037099 0.036382 0.005224 0.011800 0.004264 0.180466 0.005189 0.149021 0.000146 0.000119 0.028563
0.098524 0.035271 0.063075 0.113848 0.003495 0.978456 0.065185 0.033176 0.036600 0.049730 0.050566 0.157636 0.009558 0.004652 0.015467 -0.000126 0.008228 0.364882 0.000268 0.000255 0.091299
0.065761 0.046131 0.013730 0.115292 0.003548 0.979499 0.042233 0.041049 0.019621 0.045214 0.051252 0.087362 0.008848 0.006173 0.001533 0.151400 0.071447 0.148958 0.000178 0.000142 0.130431
0.087899 0.039456 0.024566 0.123399 0.006520 1.000969 0.039399 0.043437 -0.008940 0.025475 0.059095 0.157197 0.013949 0.011403 0.013805 0.006271 0.004030 0.274835 0.000210 0.000262 0.030605
0.109427 0.034236 0.016021 0.116062 0.003211 0.972294 0.063084 0.031181 0.011388 0.061544 0.039881 0.100480 0.002093 0.004649 0.001150 0.135264 0.053526 0.059817 0.000292 0.000075 0.032719
0.134638 0.018798 0.033152 0.115111 0.004115 0.993653 0.082020 0.022761 0.015190 0.049623 0.032396 0.120408 0.008466 0.007066 0.002131 -0.065150 0.018010 0.153429 0.000151 0.000008 0.034801
0.152719 0.050373 -0.008815 0.115253 0.009001 1.003610 0.091194 0.046609 0.007099 0.142312 0.057852 0.249627 0.012476 0.009476 0.014700 0.085298 0.123452 0.151377 0.000199 0.000010 -0.009371
0.119148 0.032485 0.013373 0.121695 0.006972 1.002270 0.136796 0.027795 0.024545 0.089382 0.049573 0.098390 0.004361 0.007282 0.011286 0.135699 0.148502 0.367414 0.000176 0.000201 0.021077
0.115442 0.040969 -0.004423 0.119429 0.006460 1.003130 0.079237 0.036860 0.018962 0.096295 0.064025 0.021378 0.011033 0.007726 0.017452 0.170045 -0.009361 0.397742 0.000261 0.000320 0.088133
0.159691 0.036513 0.040511 0.118244 0.006165 1.004040 0.118649 0.045331 -0.000182 0.165188 0.040307 0.098841 0.019189 0.005216 0.005735 0.271172 0.081380 0.118127 0.000291 0.000207 0.072154
0.086229 0.043546 0.049457 0.113146 0.002954 0.991284 0.032461 0.052207 0.028158 0.022041 0.031130 0.070035 -0.004003 0.012499 0.002801 0.038632 -0.013367 0.226255 -0.000108 -0.000087 0.084069
0.055892 0.059645 0.062406 0.115430 0.004419 0.985398 0.058396 0.053374 0.055761 0.024722 0.053986 0.107350 0.000532 0.012102 0.023358 0.042273 0.150822 0.072782 -0.000124 -0.000215 0.103754
0.061609 0.040485 0.045331 0.112665 0.005907 0.980710 0.020311 0.035266 0.024934 -0.040045 0.054653 0.101014 -0.005656 0.007409 0.018328 0.020747 0.000189 0.268425 -0.000138 -0.000271 0.047998
0.088999 0.032981 0.022890 0.107486 0.002962 0.976309 0.039169 0.022852 0.001226 0.005485 0.034333 0.113791 -0.002498 0.004127 0.051670 0.121093 0.099870 0.313463 -0.000103 -0.000274 -0.009100
0.097881 0.044042 0.062300 0.113378 0.002610 0.977275 0.052729 0.051694 0.042032 0.031084 0.047528 0.235064 0.001566 0.008730 0.021490 0.170153 0.040048 0.637948 -0.000135 -0.000037 0.108008
0.103640 0.047138 0.036907 0.114742 0.005913 0.992578 0.077541 0.044305 0.037989 0.030257 0.048902 0.046887 0.005657 0.005070 0.029285 0.023038 -0.037348 0.266763 0.000000 -0.000209 -0.011576
0.109226 0.037593 0.065380 0.113835 0.000580 0.988821 0.058161 0.030402 0.059894 0.047645 0.039174 0.003229 0.000640 0.004252 0.015045 0.135044 -0.008230 0.177010 -0.000000 -0.000207 -0.011135
0.141650 0.049919 -0.010663 0.114308 0.005074 0.999947 0.085435 0.037430 0.000579 0.067425 0.054930 0.042798 0.009027 0.006526 0.006006 0.045607 0.007501 0.235382 -0.000058 -0.000216 0.019976
0.110020 0.040306 0.021368 0.119107 0.004663 1.001757 0.096612 0.041908 0.011294 -0.001109 0.050215 0.132062 0.002372 0.006499 0.041811 0.060230 0.004146 0.020799 -0.000006 0.000032 0.068076
0.126825 0.042388 0.053794 0.115430 0.006378 1.004966 0.064302 0.045611 0.055355 0.059045 0.052611 0.110275 0.011794 0.007355 0.033071 0.332591 0.064251 0.118671 -0.000034 -0.000152 0.014205
0.099498 0.036165 -0.022734 0.118592 0.006987 0.999824 0.082811 0.024782 -0.012224 0.079339 0.057482 0.058299 0.001913 0.008169 -0.001539 0.033630 0.006057 0.016034 -0.000005 0.000039 0.014902
3.475964 3.226148 6.628904 0.717303 1.209396 0.985940 3.371498 3.257136 7.148074 68.851085 84.016988 49.250761 36.638158 40.521694 9.542178 422.404956 765.116758 188.474432 0.036330 0.367855 59.953043
0.227953 0.019802 0.085141 0.020751 0.371546 0.820173 0.145288 0.015299 0.073995 0.145520 0.022326 0.063372 0.280127 0.484499 0.234261 0.377266 0.227220 0.134630 0.153264 0.155706 0.447057
0.199821 -0.010877 0.021432 0.055304 0.341276 0.866586 0.137932 -0.000377 0.028737 0.133496 0.010931 0.247592 0.010430 0.001318 0.026213 0.106682 0.157528 0.436009 0.151829 0.151897 0.231431
0.184085 0.024970 0.066245 0.060630 0.339217 0.869234 0.140693 0.026236 0.048530 0.186117 0.062568 0.106346 0.020567 0.006117 0.004157 0.068459 -0.005837 0.240108 0.150988 0.150941 0.059300
0.260445 0.029777 0.076283 0.052102 0.329067 0.843522 0.237895 0.018885 0.059424 0.239131 0.060950 0.229508 0.029469 0.012199 0.010218 0.008926 0.016515 0.062418 0.150463 0.150263 0.066656
0.239057 0.016007 0.045132 0.060322 0.323975 0.851042 0.190659 -0.003043 0.056497 0.166129 -0.002494 -0.024020 0.013653 -0.002370 0.025903 0.180968 0.046447 -0.001805 0.148452 0.148286 0.129951
0.189444 -0.018613 0.055526 0.063496 0.333027 0.871827 0.170129 -0.015776 0.030942 0.137022 -0.008581 0.079646 0.020722 -0.001568 0.022465 0.403587 -0.011402 0.536105 0.148174 0.148004 0.069644
0.239193 0.009075 0.040560 0.057823 0.322875 0.847377 0.175450 -0.007397 0.015155 0.151523 -0.008412 0.054943 0.015930 -0.002699 0.011080 0.155798 -0.017008 0.171564 0.147914 0.147806 0.053489
0.229726 0.024375 0.100573 0.062592 0.327593 0.860488 0.205019 0.032196 0.056923 0.163739 -0.005178 0.000760 0.010218 0.000002 -0.003263 0.024309 0.079676 0.022539 0.148018 0.147786 0.010551
0.236661 -0.010101 0.032827 0.061449 0.331404 0.870355 0.191293 -0.010298 0.008602 0.169397 -0.008895 0.151377 0.016749 -0.005152 0.024041 0.093812 0.023026 0.325131 0.147989 0.147805 0.062650
0.247781 -0.022283 0.006021 0.058647 0.320597 0.838407 0.200597 -0.012726 0.003587 0.179504 -0.016600 0.111920 0.017238 -0.005412 0.012406 0.164819 -0.010429 0.331194 0.147887 0.147793 -0.014855
0.262758 -0.018061 0.033951 0.063137 0.334316 0.869218 0.194003 -0.020882 0.028664 0.201906 -0.012679 0.126140 0.017482 -0.004591 0.010666 0.108584 -0.026024 0.145142 0.147577 0.147418 0.079826
0.202433 -0.000352 0.067897 0.059992 0.324858 0.852356 0.191951 0.000581 0.032702 0.135685 -0.022484 0.014797 0.015451 -0.004991 0.001065 0.101942 0.037482 0.123495 0.147490 0.147541 0.085579
0.220848 0.000039 0.000413 0.059379 0.331571 0.874801 0.178913 0.002655 0.024364 0.160770 0.000010 0.049097 0.013337 -0.000923 0.014860 0.123539 -0.006898 0.195413 0.147404 0.147286 0.116409
0.219373 0.009881 0.058889 0.061968 0.321773 0.846093 0.161589 0.006581 0.032688 0.122244 -0.005720 0.147296 0.017359 -0.002974 0.010205 0.100935 0.111989 0.244060 0.147364 0.147200 0.079196
0.239786 0.029239 0.067338 0.059936 0.322742 0.853859 0.188055 0.037855 0.028259 0.130014 0.023496 0.224114 0.017964 0.005620 0.008051 0.181446 0.146734 0.111502 0.147476 0.147211 0.018147
0.208704 0.017678 0.019770 0.062286 0.329741 0.872711 0.176855 0.023972 0.042532 0.120919 0.019588 0.083730 0.009758 -0.000830 0.012202 0.038970 -0.019331 0.311964 0.147268 0.147077 -0.034046
0.286543 0.015896 0.015211 0.062317 0.321831 0.848798 0.249926 0.021585 0.011444 0.209350 0.000199 0.036637 0.021060 0.001851 0.012766 0.009285 0.038375 0.086943 0.147186 0.146996 0.100683
0.271028 0.014874 0.053628 0.060930 0.321117 0.855116 0.188162 0.018852 0.065601 0.191550 0.007587 0.039435 0.019017 0.002302 -0.003203 0.229690 0.094495 0.123016 0.146944 0.146860 0.083099
0.315939 0.023468 0.083829 0.057945 0.325664 0.859306 0.237889 0.024692 0.084861 0.192721 0.028278 0.063408 0.019575 0.011012 0.002277 0.125981 0.038698 0.021820 0.146820 0.146724 0.033039
0.216282 0.015537 0.024719 0.064859 0.328198 0.878251 0.216619 0.013281 0.018074 0.123179 0.046928 0.015339 0.007989 0.010748 0.001060 0.114657 0.050900 0.155341 0.146680 0.146491 0.039757
0.268542 -0.011639 0.009709 0.065684 0.326140 0.874631 0.246434 -0.003986 -0.012323 0.152168 0.037017 0.052295 0.012518 0.007880 0.009720 0.080015 0.097519 0.143353 0.146676 0.146733 0.136464
0.271918 0.033077 0.018967 0.062643 0.328370 0.875192 0.212115 0.029215 0.022707 0.172289 0.045607 0.019694 0.021383 0.005542 0.046475 0.224690 0.051839 0.144530 0.146396 0.146249 0.020102
0.250791 0.034206 0.018264 0.070549 0.330234 0.874030 0.268501 0.029672 0.035055 0.177725 0.090104 0.118189 0.024981 0.012532 0.010855 0.017974 0.087777 -0.007329 0.146200 0.145994 0.085969
0.214567 0.029546 0.015583 0.065219 0.327975 0.866690 0.214704 0.024248 0.013745 0.128550 0.050627 0.040720 0.013943 0.010731 0.043506 0.238801 0.008310 0.063637 0.146178 0.145975 -0.022098
0.252740 0.027350 0.058115 0.070392 0.319000 0.850870 0.193201 0.021095 0.042688 0.151753 0.048111 0.180809 0.012000 0.004940 0.014504 0.033938 0.026977 0.338115 0.146125 0.146018 0.046626
0.242074 0.047273 0.053395 0.069380 0.326279 0.877734 0.239651 0.037937 0.038411 0.179010 0.064924 0.121753 0.016714 0.013203 0.010418 0.206497 0.133911 0.300408 0.145923 0.145722 0.048357
0.300088 0.061940 0.072761 0.059778 0.319396 0.852749 0.277286 0.073523 0.052786 0.162060 0.079247 0.117871 0.030147 0.010479 0.018076 0.184733 0.083633 0.306005 0.145985 0.146014 0.079272
0.257838 0.053791 0.066605 0.064166 0.318875 0.849716 0.243389 0.059541 0.058829 0.174862 0.074867 0.120899 0.020488 0.012099 0.017107 0.073279 0.003786 0.397294 0.145590 0.145586 0.069618
0.267783 0.036571 0.054286 0.059265 0.322505 0.864630 0.201751 0.036017 0.049508 0.168004 0.068562 0.181648 0.017000 0.009952 0.037234 0.080227 0.088292 0.636336 0.145326 0.145261 0.013797
0.234989 0.036253 0.008768 0.064786 0.329295 0.873200 0.239113 0.030228 0.013990 0.142451 0.056060 0.156488 0.010766 0.011485 0.043041 0.056579 0.169216 0.143995 0.145310 0.145126 0.048700
0.220158 0.032833 0.068004 0.062566 0.329195 0.875910 0.224389 0.024695 0.063684 0.152301 0.070647 0.076599 0.011331 0.010581 0.010572 0.037762 0.118404 0.351694 0.145151 0.145246 0.021217
0.309975 0.050057 0.086361 0.067518 0.317447 0.852166 0.239162 0.037778 0.084006 0.198996 0.058679 0.133709 0.021280 0.006733 0.003143 0.297510 0.033182 0.151852 0.145238 0.145015 0.017317
0.238236 0.022491 0.030675 0.064297 0.327511 0.875085 0.222190 0.023954 0.022836 0.162140 0.048525 0.153244 0.021746 0.006106 0.004920 0.254267 0.052006 0.127934 0.145009 0.144988 0.130716
0.259829 0.021666 0.021955 0.065378 0.326148 0.874900 0.236311 0.008467 0.016039 0.183722 0.050821 0.123529 0.016586 0.010109 0.004164 0.051767 0.090178 0.104142 0.145084 0.145031 0.188387
0.332230 0.029141 0.073346 0.066991 0.322934 0.865865 0.272220 0.016326 0.031287 0.203424 0.034243 0.218246 0.015387 0.004477 0.020851 0.039879 0.000055 0.049565 0.144780 0.144513 0.014128
0.329612 0.039599 0.108902 0.060981 0.319813 0.865870 0.259136 0.030686 0.092975 0.242175 0.026577 0.078618 0.020735 0.002635 0.010364 0.097088 0.049389 0.132746 0.144740 0.144625 0.063716
0.305103 0.047115 0.060637 0.065867 0.317202 0.850453 0.249690 0.041178 0.034732 0.193872 0.067243 0.121294 0.025253 0.011785 0.017393 0.050916 -0.000492 0.327822 0.144906 0.144777 0.033064
0.230673 0.003694 0.065770 0.070221 0.316369 0.853362 0.201482 0.005234 0.079486 0.163469 0.029964 0.070856 0.010506 0.008833 0.001875 -0.007896 0.082366 0.036165 0.144776 0.144611 0.048295
0.446257 0.099447 0.201543 0.063498 0.316678 0.850915 0.406666 0.109379 0.162487 0.183509 0.060000 0.133047 1.241423 0.784192 0.312351 0.270996 0.130386 0.170570 0.144822 0.144782 0.149379
0.284950 0.020333 0.084931 0.103217 0.281850 0.865259 0.212652 0.012349 0.067912 0.287400 0.190122 0.140740 0.066622 0.077867 0.052403 0.387551 0.937319 0.405212 0.132260 0.133069 0.478166
0.217940 0.040078 0.024223 0.102048 0.294528 0.886207 0.234160 0.034067 0.052021 0.137100 0.112597 0.102179 0.016914 0.017382 0.016404 0.148916 0.005650 0.350475 0.132987 0.132858 0.052228
0.231847 0.028492 -0.015433 0.102433 0.300327 0.888334 0.209860 0.016407 -0.026786 0.132209 0.087063 0.174786 0.015700 0.012592 0.019936 0.209102 0.075817 0.420493 0.133153 0.133127 0.044106
0.212072 0.049973 0.078566 0.100649 0.288573 0.858736 0.164930 0.031841 0.044067 0.101377 0.079625 0.214401 0.008176 0.011175 0.029091 0.169003 0.011075 -0.037099 0.132914 0.132691 0.014547
0.220946 0.040360 -0.004045 0.093330 0.296260 0.885281 0.220430 0.042751 -0.028715 0.087472 0.104886 0.032682 0.008549 0.016250 0.001813 0.179689 0.015028 0.139640 0.132885 0.132928 0.126435
0.189089 0.021237 0.014032 0.094436 0.295345 0.887557 0.145718 0.024322 0.017329 0.085538 0.070593 0.136199 0.008520 0.016999 0.033832 0.126582 0.027191 0.000201 0.132739 0.132658 0.059422
0.221245 0.064611 0.106065 0.096759 0.289100 0.866909 0.191168 0.084400 0.071589 0.081899 0.104439 0.244990 0.009614 0.024789 0.032909 0.020119 0.129688 0.254863 0.132558 0.132544 0.032906
0.179197 0.055149 0.105556 0.093785 0.287125 0.865105 0.154839 0.047324 0.102384 0.097214 0.077923 0.337218 0.007405 0.010366 0.026083 0.021961 0.052545 0.023149 0.132409 0.132345 0.103262
0.194389 0.028541 0.009528 0.095264 0.295413 0.892514 0.154966 0.025935 0.012068 0.092226 0.080344 0.054496 0.004855 0.014424 0.015432 0.022841 0.170191 0.225924 0.132156 0.132001 0.063141
0.264252 0.051830 0.107338 0.092758 0.286055 0.865744 0.213624 0.042195 0.097372 0.144709 0.086271 0.139299 0.019023 0.065793 0.006568 0.364370 0.080655 0.330018 0.132198 0.132236 0.126521
0.243332 0.032686 0.039155 0.094918 0.296320 0.885664 0.185702 0.033173 0.059520 0.118858 0.083857 0.217136 0.010288 0.015514 0.026682 0.222111 0.021177 0.284294 0.132019 0.132032 0.105735
0.268379 0.021626 0.082746 0.093214 0.289068 0.869419 0.224669 0.016452 0.066442 0.145558 0.073601 0.359394 0.017390 0.015839 0.031996 0.065184 0.075976 0.599844 0.131873 0.131798 0.180364
0.392843 0.036794 0.109046 0.093012 0.289762 0.879155 0.287960 0.031448 0.075564 0.265550 0.092136 0.302612 0.027201 0.015463 0.026483 -0.004752 0.046912 0.084646 0.131797 0.131621 0.096431
0.325887 0.049029 0.088564 0.091071 0.287298 0.865269 0.306895 0.037924 0.075778 0.212216 0.087249 0.356584 0.021460 0.010451 0.026209 0.079001 0.016320 0.080887 0.131670 0.131487 0.060333
0.315387 0.018875 0.085264 0.091513 0.288415 0.867731 0.275924 0.013807 0.047700 0.208812 0.061332 0.211945 0.023324 0.009530 0.026508 -0.001026 0.119949 0.225536 0.131766 0.131601 0.012844
0.283037 0.014143 0.053641 0.096708 0.286338 0.866862 0.233982 0.012350 0.039092 0.208830 0.052788 0.339000 0.015376 0.004701 0.028029 0.099198 0.015898 0.116035 0.131718 0.131727 0.098643
0.395424 0.012049 0.057530 0.096544 0.294771 0.888998 0.298996 0.016615 0.075849 0.255850 0.054927 0.257691 0.028073 0.013116 0.016765 0.159627 0.186790 0.423859 0.131585 0.131517 0.014329
0.372815 0.016675 0.116352 0.099168 0.289767 0.878303 0.240643 0.012872 0.109846 0.267509 0.074437 0.320163 0.027412 0.015311 0.036815 0.184919 0.170194 0.339078 0.131438 0.131276 0.074976
0.433876 0.021290 0.116006 0.093140 0.287197 0.867549 0.342613 0.033312 0.079830 0.309661 0.077563 0.504456 0.027458 0.029651 0.055407 0.060005 0.194370 0.540600 0.131010 0.131396 0.225790
0.358363 0.021197 0.110678 0.092708 0.284686 0.872385 0.313623 0.029302 0.079727 0.225504 0.039980 0.330633 0.016706 0.004958 0.033425 0.010534 0.024975 0.265901 0.130866 0.130645 0.008522
0.388404 -0.007901 0.082940 0.098274 0.288196 0.875481 0.289619 -0.009054 0.067383 0.240061 0.012364 0.238284 0.030032 0.010721 0.023387 0.069917 0.261440 0.180104 0.130867 0.130756 0.075960
0.440806 -0.003642 0.120885 0.097437 0.285379 0.864361 0.348333 -0.000029 0.108222 0.342797 0.038765 0.246449 0.042835 0.012099 0.015904 0.175945 0.197792 -0.014520 0.130897 0.130940 0.063434
0.456903 0.005811 0.135741 0.094671 0.289553 0.880617 0.333866 0.010603 0.108547 0.370717 0.070471 0.268131 0.048191 0.013439 0.031487 0.392552 0.138139 0.412827 0.130651 0.130580 0.056972
0.500661 0.015282 0.130058 0.095727 0.285986 0.866773 0.385642 0.017039 0.127299 0.382457 0.012503 0.240997 0.037445 0.000045 0.013846 0.251660 0.041956 0.209739 0.130659 0.130468 0.040989
0.506441 0.015676 0.054780 0.099619 0.293607 0.898272 0.472472 0.006109 0.041626 0.404912 -0.003825 0.275490 0.047638 -0.000018 0.019488 0.234488 0.039989 0.120698 0.130536 0.130510 0.033469
0.578842 0.002071 0.104117 0.100189 0.293028 0.890007 0.571922 0.005137 0.047046 0.551377 0.082220 0.202851 0.071561 0.038599 0.005720 0.380814 0.848838 -0.028087 0.130173 0.130169 0.349955
0.671891 0.061758 0.151548 0.097015 0.284433 0.863448 0.588149 0.048194 0.155355 0.652032 0.138277 0.264662 0.065097 0.024889 0.014110 0.227124 -0.018804 0.185199 0.129962 0.129838 0.095825
0.570976 0.062861 0.082662 0.098928 0.284539 0.882805 0.510153 0.054054 0.083317 0.512189 0.105176 0.226340 0.055828 0.020109 0.006102 0.584185 0.146163 -0.004210 0.129841 0.129814 0.041686
0.550358 0.048337 0.115356 0.097373 0.283935 0.868938 0.436419 0.055829 0.079033 0.471441 0.043205 0.376068 0.050937 0.017746 0.032998 0.122778 0.231061 0.369679 0.130011 0.129889 0.128753
2.216691 2.083023 4.105163 0.385970 0.460937 0.898142 1.730896 2.037562 3.824627 10.088701 22.330772 17.879935 15.702066 37.696956 10.646643 73.736399 287.999528 89.040128 0.123525 0.129509 7.994671
0.320026 0.087508 0.008354 -0.024335 0.594656 0.667413 0.231700 0.073200 0.010077 0.276356 0.109784 0.144517 0.475432 0.540710 0.381275 0.665227 0.221173 0.897226 0.267412 0.272634 0.120688
0.332315 0.027546 -0.027073 -0.029953 0.553400 0.704460 0.257345 0.027060 -0.006340 0.245390 0.109283 0.063586 0.022561 0.019077 0.006632 0.129353 0.021855 0.290800 0.266602 0.266806 0.212810
0.370937 0.048006 0.008528 -0.021668 0.543015 0.683521 0.325181 0.032793 0.009903 0.295677 0.107262 0.275675 0.029859 0.016786 0.028841 0.134020 0.031634 0.588447 0.266454 0.266331 0.113472
0.345719 0.023157 -0.019381 -0.033188 0.554932 0.701647 0.278218 0.017728 -0.001096 0.283560 0.072608 0.261769 0.023669 0.012033 0.030969 0.020344 0.072637 0.265812 0.266238 0.266230 0.208472
0.430232 0.045102 0.026698 -0.034462 0.543950 0.684074 0.357641 0.038216 0.011684 0.352853 0.122316 0.178688 0.032111 0.019334 0.022226 0.088578 0.034365 0.246414 0.265491 0.265592 0.227485
0.383411 0.025770 0.050051 -0.034970 0.540407 0.687690 0.272573 0.023909 0.016290 0.257631 0.039852 0.201668 0.024365 0.010940 0.024658 0.229532 0.141882 0.470839 0.265958 0.265823 0.067614
0.488039 0.037658 0.020833 -0.024741 0.539317 0.684798 0.399921 0.043905 0.006931 0.335166 0.111278 0.150191 0.037178 0.017177 0.012007 0.245378 0.051767 0.213150 0.265868 0.265834 0.157406
0.373197 0.020941 0.030812 -0.024506 0.541934 0.688659 0.301432 0.022166 0.011393 0.284460 0.047658 0.216403 0.032270 0.008820 0.034139 0.256704 0.172812 0.876624 0.265698 0.265839 0.205717
0.593745 0.055180 0.005550 -0.032432 0.549306 0.699801 0.490718 0.053652 0.011637 0.465522 0.124903 0.320473 0.044779 0.022128 0.027450 0.067053 0.017367 0.434179 0.265510 0.265328 0.034366
0.412100 0.023081 0.000064 -0.029476 0.555451 0.708376 0.316877 -0.000503 0.015313 0.314908 0.084059 0.134429 0.043311 0.019848 0.017929 0.287606 0.263833 0.463756 0.265432 0.265474 0.030476
0.370084 0.013485 0.025863 -0.035234 0.552891 0.714565 0.296842 0.017457 0.029891 0.247449 0.012987 0.354863 0.024038 0.000145 0.047399 0.006072 0.041375 0.984889 0.265761 0.265639 0.139080
0.339303 0.016232 0.013973 -0.030139 0.555379 0.707056 0.305293 0.005815 0.033756 0.269884 0.080085 0.146672 0.026887 0.012887 0.013058 0.197907 0.143106 0.210514 0.265337 0.265146 0.082564
0.347572 0.051101 0.043159 -0.029539 0.550965 0.709572 0.292033 0.055096 0.000847 0.302238 0.171313 0.431098 0.035181 0.142585 0.089319 0.033870 0.203166 0.989137 0.264739 0.264849 0.406406
0.240965 0.015112 0.094597 0.050565 0.526797 0.710879 0.193351 0.025736 0.059503 0.217619 0.044102 0.191118 0.031399 0.010382 0.035820 0.000690 0.084646 0.219486 0.257389 0.257335 0.207027
0.282535 -0.010214 0.054095 0.052258 0.533499 0.727425 0.255431 -0.018787 0.045351 0.307972 0.019208 0.122455 0.028399 0.001247 0.019871 0.175449 0.102016 0.344194 0.256856 0.256892 0.129397
0.429330 0.010835 0.070649 0.056392 0.531473 0.718026 0.325694 0.015375 0.055819 0.387895 0.056299 0.331625 0.035031 0.006130 0.051199 0.058798 0.011898 0.481333 0.256126 0.256130 0.005295
0.364963 -0.009798 0.083946 0.053237 0.522708 0.701468 0.249142 -0.002321 0.065306 0.296167 -0.004637 0.095387 0.036628 0.000705 0.003404 0.320333 0.133212 0.030223 0.256173 0.255959 0.134858
0.328976 -0.005691 0.083697 0.053547 0.518191 0.700156 0.270485 -0.004809 0.053772 0.283097 -0.012440 0.164612 0.024067 0.007031 0.016151 0.065136 0.057318 0.468064 0.255918 0.255590 -0.013126
0.323175 0.008979 0.049253 0.059982 0.519676 0.701746 0.280090 0.025829 0.037565 0.270177 0.022876 0.177914 0.024361 0.001712 0.047731 0.136630 0.023552 0.638896 0.255611 0.255666 0.208799
0.314664 -0.002478 0.078510 0.061409 0.526839 0.711148 0.239170 0.003263 0.070277 0.185999 0.002400 0.306487 0.024666 0.001310 0.022420 0.030077 0.073548 0.274414 0.255856 0.255855 0.121375
0.455438 0.159855 0.327183 0.062184 0.518765 0.702148 0.403447 0.131434 0.236486 0.248655 0.071014 0.139298 0.635714 1.151415 0.747634 0.060777 0.213305 0.508135 0.246833 0.255443 11.801887
0.219215 0.016907 0.023099 0.086903 0.478448 0.751726 0.195706 0.014536 0.008509 0.221082 -0.014021 0.001747 0.023580 -0.002725 0.000680 0.259690 0.051637 0.437831 0.229638 0.229407 0.034665
0.348577 0.035823 -0.010253 0.077390 0.474503 0.743658 0.224533 0.037288 0.000020 0.302383 0.025204 -0.020421 0.032178 0.002366 0.020621 0.076601 -0.015510 0.167355 0.229671 0.229562 0.097091
0.281498 -0.008496 0.003081 0.091481 0.483688 0.760318 0.202654 -0.004486 -0.018445 0.216483 -0.005457 -0.035357 0.019590 -0.001002 0.001999 0.111747 0.018266 0.041602 0.229717 0.229638 0.047817
0.286238 0.017853 0.059205 0.092315 0.479518 0.752156 0.178863 0.010219 0.056075 0.189846 0.020366 0.084576 0.021581 0.005178 0.007173 0.343192 0.025669 0.508376 0.230045 0.229868 0.100325
0.275042 0.015188 0.012609 0.089350 0.485259 0.761555 0.234089 0.012631 0.018198 0.219372 0.012528 -0.017436 0.015188 0.002474 0.006614 -0.015463 0.127896 0.204845 0.229875 0.229885 0.112599
0.411175 0.040693 0.063965 0.085750 0.483706 0.763512 0.321109 0.047545 0.042291 0.328886 0.068456 0.064125 0.037488 0.011202 -0.002408 0.154927 0.192677 0.125331 0.229656 0.229560 0.147907
3.564003 2.441900 5.180392 1.455342 1.368143 1.249393 2.172107 2.238564 4.159177 3.226307 3.397831 2.052569 42.868286 46.682515 25.652113 15.981113 40.254785 8.173917 0.201426 0.229407 46.260027
0.378736 0.448712 0.260758 0.166249 -0.003929 0.998858 0.291601 0.503573 0.210467 0.501593 0.549551 0.161585 0.094757 0.181087 0.033139 0.340979 0.447198 0.186232 0.005074 0.005138 0.135937
0.383850 0.405291 0.302594 0.155444 -0.000370 0.996810 0.322929 0.459095 0.280638 0.455652 0.498576 0.249856 0.044554 0.083989 0.016254 -0.029260 0.228480 0.038440 0.005941 0.005777 0.057378
0.644628 0.631875 0.729109 0.159468 0.002341 0.984824 0.483727 0.641563 0.703628 0.625625 0.608171 0.524937 0.973175 0.740481 0.298803 0.692443 0.605400 0.601018 0.006211 0.013386 0.222544
0.292929 0.422644 0.434621 0.141285 0.026869 0.983427 0.248998 0.442118 0.401237 0.309803 0.490482 0.494972 0.033896 0.094134 0.034153 0.039317 0.153025 0.282955 0.012149 0.011993 0.040266
0.377925 0.530899 0.489639 0.144517 0.028775 0.998587 0.224401 0.524772 0.479440 0.409603 0.576517 0.459192 0.048946 0.096387 0.026763 0.049961 0.211732 0.124976 0.012133 0.012114 0.099984
0.501539 0.574069 0.632716 0.140909 0.024033 0.996656 0.364865 0.609793 0.561679 0.562377 0.733431 0.534441 0.051746 0.124508 0.041521 0.039324 0.373723 0.023222 0.012059 0.011948 0.049982
0.449488 0.496330 0.490525 0.138844 0.024034 0.998471 0.291598 0.532947 0.423099 0.523551 0.648734 0.354430 0.051883 0.109191 0.025970 0.194433 0.186411 0.173556 0.011882 0.011909 0.187407
0.529903 0.531113 0.522054 0.139240 0.019917 0.994913 0.344343 0.582946 0.449694 0.658452 0.707004 0.595415 0.075409 0.123680 0.056170 0.426267 0.268913 0.225258 0.011661 0.011742 0.166657
0.448886 0.516821 0.461632 0.139174 0.029213 1.000474 0.278621 0.566895 0.415683 0.503825 0.593737 0.507072 0.068521 0.127639 0.064087 0.204614 0.348976 0.320019 0.011734 0.011910 0.140423
0.378663 0.459754 0.465424 0.143730 0.024327 0.992988 0.257712 0.535900 0.421519 0.407018 0.551018 0.429647 0.061064 0.102185 0.034735 0.296322 0.131791 0.098593 0.012064 0.012114 0.035775
0.402303 0.468736 0.468230 0.138023 0.025835 0.996442 0.298940 0.518402 0.452104 0.513012 0.584127 0.548201 0.064333 0.113570 0.045462 0.307334 0.479034 0.548413 0.012063 0.011906 0.021316
0.621931 0.646896 0.695585 0.138041 0.022737 0.983568 0.469530 0.718026 0.649354 0.541922 0.602951 0.536193 0.343873 0.352519 0.129822 0.013220 0.456199 0.578799 0.011644 0.011906 0.710514
0.455816 0.473121 0.393692 0.129532 0.025651 0.984579 0.344241 0.496872 0.364503 0.669062 0.509727 0.268437 0.070911 0.082832 0.036821 0.392041 0.124977 0.356218 0.008891 0.008787 0.000066
0.577155 0.584288 0.602112 0.127489 0.016964 0.972604 0.477760 0.655376 0.562649 0.976475 0.702121 0.555624 0.213567 0.188564 0.090811 2.000618 2.166601 1.438343 0.008883 0.009413 0.075118
0.455854 0.524985 0.430541 0.128265 0.017652 0.971667 0.376958 0.559292 0.365378 0.701838 0.579750 0.324077 0.075942 0.100970 0.022538 0.286650 0.059379 0.236379 0.009758 0.009624 0.092721
0.932740 1.091599 1.913083 0.647641 0.213588 0.993445 0.660181 1.175280 1.428102 1.410795 0.740954 0.989083 10.297944 12.608252 5.737243 6.071959 2.682324 2.018697 0.177611 0.177938 0.363921
-0.048194 0.481095 0.614281 0.000218 0.386562 0.832682 -0.018927 0.586459 0.595594 0.077354 0.374550 0.468498 0.016380 0.063776 0.046366 0.207107 0.085067 0.192018 0.178366 0.178670 0.306199
0.028876 0.543117 0.599271 -0.001963 0.383755 0.817367 0.033729 0.628272 0.518038 0.244834 0.378556 0.424452 0.027026 0.078628 0.033940 0.178390 0.094855 0.186022 0.179326 0.179204 0.128718
0.057513 0.580885 0.649833 0.004039 0.388116 0.810008 0.037934 0.608872 0.573455 0.322239 0.462088 0.433243 0.026013 0.090496 0.043914 0.006794 0.521819 0.358255 0.179589 0.179924 0.022347
0.136137 0.591018 0.628808 0.007683 0.398141 0.820373 0.124007 0.633024 0.574880 0.407343 0.504200 0.439627 0.056638 0.093530 0.028202 0.121331 0.453124 0.044439 0.180274 0.180159 0.068386
0.208817 0.652519 0.648587 0.000272 0.398523 0.818063 0.220729 0.723852 0.642210 0.475762 0.553150 0.401192 0.209897 0.168197 0.068947 0.347936 0.812559 0.439341 0.181910 0.182522 0.611018
0.258654 0.715967 0.937655 0.567503 1.022633 0.822737 0.237779 0.850606 0.832570 1.040072 2.055629 2.395740 19.489400 10.400474 17.629384 5.430952 20.880402 9.749753 0.190548 0.199265 8.576969
0.815896 0.890321 0.861006 0.323935 1.123640 -0.139325 0.839829 0.868386 0.775188 0.949745 0.695244 0.917277 0.565861 0.983176 1.629689 0.149354 0.384716 0.513656 0.531777 0.533545 0.398370
0.868870 0.888851 0.994621 0.432087 0.847342 0.147287 0.858918 0.825207 0.997977 0.956245 0.675540 0.929578 0.107186 0.124167 0.073015 0.419068 0.224497 0.372217 0.532646 0.532332 0.106459
0.848937 0.794336 0.935681 0.434578 0.872360 0.152373 0.805758 0.711400 0.942902 0.952936 0.605635 1.059672 0.104831 0.108202 0.080416 0.183148 0.390138 0.025524 0.536120 0.536086 0.119875
0.769671 0.850206 0.989052 0.421264 0.872460 0.152069 0.808620 0.802655 0.924813 0.920587 0.630023 0.935715 0.094608 0.115846 0.063976 0.322507 0.106759 0.071497 0.536730 0.536448 0.090360
1.191609 1.001216 1.448032 0.425378 0.872305 0.158304 1.283410 0.999083 1.445429 0.996831 0.634210 1.051181 0.496835 0.441132 0.497071 0.564109 0.433272 0.246377 0.536026 0.536297 0.450617
0.777326 0.745849 0.759033 0.418111 0.870577 0.167421 0.925365 0.733069 0.731247 0.884539 0.549569 0.918618 0.099398 0.102386 0.061907 0.536721 0.159952 0.182250 0.531565 0.531250 0.102677
1.050700 0.809486 0.868559 0.412589 0.858271 0.159238 1.092558 0.835826 0.886459 1.033018 0.601721 0.782277 0.122452 0.098332 0.063336 0.353171 0.040904 -0.028422 0.531642 0.531688 0.162694
1.017898 0.837223 0.938723 0.414182 0.856349 0.159553 0.999651 0.848355 0.866292 1.079633 0.626147 0.987641 0.130625 0.116670 0.089747 0.540687 0.162002 0.347264 0.531826 0.531552 0.137687
0.888037 0.708087 0.811826 0.401435 0.845988 0.154771 0.935555 0.695036 0.777335 0.924534 0.552800 0.758769 0.088199 0.095579 0.062896 -0.043942 0.179371 0.148680 0.531585 0.531424 0.267018
0.894233 0.791539 0.815859 0.399951 0.851014 0.165204 0.946729 0.745566 0.746622 0.937185 0.606436 0.924151 0.097495 0.101327 0.072745 0.331946 0.203333 0.301756 0.531731 0.531370 0.032464
0.998011 0.703300 0.780991 0.398447 0.856261 0.157354 1.003140 0.734886 0.837252 1.043109 0.543658 0.965584 0.108411 0.094434 0.072193 0.265123 0.361905 0.456950 0.531560 0.531441 0.180030
0.964225 0.746181 0.811818 0.407553 0.859041 0.160187 1.072155 0.794836 0.835970 0.982125 0.559551 0.948966 0.111259 0.091806 0.065720 0.521005 0.042488 0.144564 0.531576 0.531458 0.107024
1.036207 0.772395 0.848522 0.401509 0.850162 0.152641 1.048753 0.839240 0.798946 1.007090 0.608511 0.932290 0.124519 0.106440 0.094456 0.192711 0.427095 0.311058 0.532042 0.531845 0.233130
0.832794 0.765702 0.842128 0.408662 0.870844 0.168038 0.844835 0.726553 0.863298 0.984319 0.581415 0.872777 0.100320 0.104627 0.065029 0.311933 0.158101 0.268583 0.531876 0.531825 0.162546
0.847706 0.859652 0.928561 0.400589 0.876444 0.160326 0.895756 0.856244 1.026127 0.999212 0.676370 0.989678 0.136229 0.182981 0.132461 0.896398 1.564132 0.611981 0.530671 0.531585 1.242814
6.562201 7.189523 9.961708 0.628213 1.330030 1.019888 7.214042 9.798276 12.176608 15.254717 10.521013 34.626332 20.182692 43.139302 27.082453 73.724490 58.602515 103.090340 0.805933 1.189032 311.694124
-0.017163 0.294810 0.786804 0.366076 0.946741 0.016020 -0.046017 0.358917 0.664569 -0.009546 0.346570 0.759502 0.230096 0.258985 0.274721 0.320839 0.222204 0.122527 1.001253 1.001150 0.185207
-0.119591 0.191479 0.558384 0.330809 0.952978 0.005490 -0.107716 0.247331 0.485374 0.000123 0.236403 0.580773 -0.004029 0.040323 0.048851 0.020284 0.211504 0.108912 1.000108 0.999999 0.213141
-0.049567 0.223603 0.647190 0.327730 0.933463 -0.013478 -0.055075 0.214681 0.532240 0.040312 0.218929 0.540900 0.003276 0.035889 0.038785 0.124022 0.100253 0.230840 1.000328 0.999910 0.167998
-0.036963 0.213156 0.551142 0.328034 0.942776 -0.004258 -0.058251 0.236807 0.497416 0.056642 0.189107 0.389412 0.005172 0.034230 0.020336 0.112051 0.269319 0.011966 1.000443 1.000008 0.195980
-0.015306 0.160723 0.546907 0.329160 0.952099 0.002538 -0.033748 0.169788 0.516588 0.089273 0.213095 0.547052 0.011501 0.031368 0.046569 0.372289 0.035228 0.391116 0.999997 1.000027 0.335464
-0.034236 0.216669 0.599265 0.320610 0.932244 -0.007704 -0.054631 0.245403 0.527559 0.056574 0.198938 0.568171 0.001088 0.035170 0.046716 0.043900 0.081977 0.143749 1.000081 0.999791 0.241736
-0.082004 0.152447 0.512005 0.328976 0.949800 0.000291 -0.076921 0.180434 0.506673 0.041568 0.182338 0.503338 0.006245 0.033168 0.040824 0.096314 0.082129 0.113132 1.000023 0.999513 0.096088
-0.091662 0.156411 0.527612 0.324819 0.950163 -0.001759 -0.058778 0.190491 0.487236 -0.040989 0.189284 0.469376 -0.005739 0.033530 0.033736 0.189295 0.084574 0.022577 0.999853 0.999788 0.081896
-0.061528 0.187504 0.540540 0.323863 0.956083 -0.004562 -0.070705 0.196737 0.501329 -0.049093 0.188468 0.481166 -0.004678 0.033972 0.039966 0.091265 0.016946 0.051210 1.000235 1.000159 0.176373
-0.060033 0.184010 0.517979 0.321905 0.952464 0.000722 -0.070451 0.205668 0.482218 -0.027698 0.210076 0.439019 0.003276 0.036099 0.028025 0.252591 0.109835 0.209776 0.999985 0.999571 -0.003350
-0.108165 0.197561 0.588845 0.317258 0.943461 -0.002214 -0.117901 0.218862 0.596927 -0.106520 0.180063 0.429459 -0.014947 0.034226 0.032894 -0.033444 0.029818 0.240557 0.999854 0.999835 0.330993
-0.110909 0.153351 0.459205 0.322607 0.952782 0.000195 -0.110180 0.164629 0.495736 -0.075999 0.179640 0.413367 -0.011593 0.027685 0.022001 0.080695 0.144264 -0.008088 0.999643 0.999332 0.224148
2.029223 1.806480 3.159193 1.631138 1.779882 1.612779 1.340525 1.613990 2.034654 0.875390 0.757749 1.409382 34.723561 46.161703 15.021369 4.457743 4.507997 0.955404 0.802836 0.999053 323.281731
0.376492 0.906937 0.901781 0.715179 0.221679 0.769878 0.308073 0.978902 0.756902 0.551204 0.847149 0.941761 0.066502 0.141672 0.065939 0.073459 0.143212 0.011222 0.218849 0.218929 0.181495
0.532706 1.018791 0.997302 0.699687 0.228089 0.754253 0.431093 1.049554 0.866836 0.683539 0.918849 0.851681 0.068574 0.173214 0.067369 0.278972 0.469197 0.132285 0.218269 0.218335 0.117825
0.479954 0.947839 0.866242 0.699230 0.219789 0.760589 0.422069 1.057621 0.760608 0.643370 0.885665 0.846753 0.074550 0.155071 0.062273 0.037408 0.064175 0.211234 0.217583 0.217584 0.046752
0.530424 0.983501 0.897745 0.694212 0.231564 0.764661 0.405292 0.972735 0.783608 0.716215 0.933310 0.875086 0.077357 0.167959 0.079375 0.327522 0.283247 0.304433 0.217291 0.217201 0.122048
0.506941 0.976420 0.913490 0.700579 0.225498 0.773964 0.404758 0.982234 0.792603 0.655823 0.958963 0.952576 0.066317 0.164809 0.074896 0.056056 0.109163 0.073286 0.217055 0.216910 0.122177
0.481247 0.953846 0.906509 0.699076 0.230601 0.770832 0.466071 0.958000 0.729238 0.667854 0.924160 0.908537 0.066272 0.158404 0.088061 0.257982 0.371983 0.045974 0.216915 0.216736 0.097080
0.421436 0.837651 0.808275 0.710313 0.231845 0.785345 0.392803 0.855995 0.718736 0.560232 0.893323 0.663760 0.077179 0.147332 0.061442 0.503257 0.229872 0.095663 0.216736 0.216695 0.084994
0.431577 0.948015 0.889980 0.699807 0.228086 0.769315 0.345576 0.943672 0.854326 0.578256 0.928138 0.818613 0.076446 0.164088 0.073457 0.133931 0.377334 0.236018 0.216722 0.216542 0.089509
0.406503 0.872514 0.870165 0.704004 0.228528 0.779239 0.368485 0.857248 0.834371 0.595395 0.952552 0.842328 0.057881 0.160026 0.071202 0.169653 0.285219 0.358993 0.216835 0.216547 0.033706
0.427191 0.955880 0.893082 0.679276 0.233396 0.757075 0.428853 0.993085 0.760865 0.569764 0.972986 0.813701 0.060430 0.165297 0.096357 0.213866 0.107676 0.939338 0.216412 0.216202 0.123008
0.375311 0.999865 0.935557 0.698681 0.227939 0.769105 0.361255 1.008252 0.774544 0.560710 0.983800 0.718509 0.066023 0.176690 0.046323 0.255520 0.492557 0.108240 0.216326 0.216166 0.108068
0.387770 0.894639 0.874822 0.698661 0.232140 0.769453 0.369522 0.934712 0.803485 0.504809 0.955219 0.758443 0.049397 0.156716 0.058548 0.178185 0.186550 0.206517 0.216225 0.216043 0.094755
0.303193 0.867979 0.804419 0.702386 0.228851 0.782498 0.241107 0.842551 0.730517 0.456161 0.929778 0.730737 0.046376 0.158489 0.053076 0.240778 0.155988 0.122912 0.216036 0.215840 0.085340
0.383622 0.918007 0.910470 0.699540 0.234246 0.765328 0.277501 0.928542 0.792738 0.451056 0.971165 0.696207 0.046454 0.166860 0.043930 0.062296 0.367732 0.001761 0.216063 0.215994 0.028911
0.382499 0.889912 0.875131 0.693903 0.240791 0.777115 0.362349 0.856582 0.822062 0.544568 0.964039 0.655459 0.058768 0.164426 0.041587 0.362765 0.385715 0.008313 0.215756 0.215846 0.032394
0.318076 0.909476 0.873692 0.701253 0.226962 0.783936 0.305090 0.865301 0.779051 0.480582 0.969881 0.941604 0.043736 0.166755 0.066175 -0.006821 0.110054 0.235889 0.215820 0.215663 0.115225
0.354216 0.855524 0.830420 0.704349 0.234108 0.785975 0.314143 0.906794 0.799193 0.427490 0.977495 0.735923 0.048976 0.167055 0.064109 0.049453 0.302003 0.034157 0.215665 0.215356 0.016363
0.369305 0.913088 0.879131 0.689845 0.223191 0.760860 0.311815 0.947550 0.753111 0.450087 0.936414 0.737269 0.045030 0.164463 0.049683 0.203020 0.298752 0.007032 0.215661 0.215666 0.233805
0.398830 0.941087 0.942165 0.697404 0.225488 0.775723 0.391162 0.950032 0.792300 0.441454 1.025696 0.783821 0.043673 0.170356 0.064046 0.210051 0.291221 0.269225 0.215725 0.215805 0.238300
0.409958 0.919430 0.892051 0.693334 0.226557 0.769780 0.287924 0.977831 0.846372 0.535479 0.991320 0.687466 0.054711 0.164455 0.048191 0.236280 0.288866 0.040726 0.215627 0.215336 0.031516
0.382629 1.004575 0.986826 0.677922 0.228542 0.762561 0.320351 0.975831 0.860570 0.508240 1.029581 0.778615 0.049995 0.182059 0.046909 0.077449 0.356848 0.012585 0.215420 0.215315 0.059722
0.386546 0.949140 0.879655 0.689865 0.232479 0.770886 0.308175 0.979721 0.795908 0.500871 0.967394 0.828462 0.065934 0.176753 0.071458 0.446737 0.090160 -0.008981 0.215084 0.215009 0.115497
0.386132 0.878409 0.811897 0.714983 0.217016 0.793877 0.369007 0.823637 0.800720 0.523408 0.958316 0.799528 0.057252 0.172380 0.062248 0.304472 0.286230 0.383225 0.215144 0.214864 0.025982
0.393709 0.868878 0.888784 0.705063 0.233368 0.783292 0.307006 0.796155 0.858920 0.484990 0.995278 0.792739 0.042515 0.162653 0.052155 0.015254 0.102146 0.155372 0.214876 0.214688 0.090250
0.349685 0.896343 0.865753 0.681396 0.227462 0.749325 0.296218 0.877376 0.861717 0.455341 0.951200 0.697197 0.046575 0.169860 0.043942 0.325535 0.462584 -0.019243 0.214996 0.214677 0.000754
0.334452 0.878673 0.855257 0.703709 0.226051 0.788492 0.326912 0.849182 0.848916 0.479582 0.965384 0.781512 0.053021 0.177614 0.046711 0.223147 0.257437 0.038968 0.214786 0.214990 0.026535
0.367928 0.938469 0.950356 0.690705 0.221289 0.761248 0.357576 0.966439 0.766859 0.430745 0.937792 0.730533 0.042983 0.159534 0.052392 0.206765 0.037428 0.110895 0.214422 0.214348 0.025622
0.351380 0.872240 0.851838 0.696675 0.230820 0.788334 0.324769 0.842749 0.790168 0.481923 0.972051 0.742157 0.056357 0.161092 0.075948 0.170504 0.288773 0.172707 0.214450 0.214340 0.155467
0.392083 0.948972 1.024285 0.686386 0.220821 0.766620 0.385613 1.018445 0.812325 0.482157 1.018700 0.868293 0.051224 0.173184 0.058947 0.298802 0.416813 0.267114 0.213777 0.213680 0.161300
0.374778 0.919446 0.861432 0.703450 0.224230 0.785397 0.310871 0.935641 0.727765 0.528873 1.017584 0.878243 0.051531 0.170592 0.074856 0.173182 0.157754 0.214302 0.213440 0.213365 0.031540
0.409040 0.874286 0.923167 0.698888 0.229300 0.785569 0.355842 0.830121 0.779718 0.488876 0.982848 0.799215 0.049976 0.164967 0.051903 0.355339 0.189027 0.014774 0.213362 0.213224 0.153541
0.433680 0.924328 0.895218 0.701829 0.226223 0.785616 0.388102 0.872730 0.803741 0.579263 0.998046 0.729829 0.068093 0.173129 0.048569 0.169684 0.156257 0.083402 0.213382 0.213341 0.088136
0.378259 0.890256 0.795351 0.701408 0.218921 0.794353 0.360889 0.815990 0.732622 0.548286 1.035311 0.747429 0.055416 0.172635 0.053444 0.195802 0.352526 0.230289 0.212691 0.212932 0.166990
2.613897 1.998043 3.028291 0.961511 1.119712 0.787696 1.504947 1.644243 1.787759 0.580862 0.995380 0.750429 17.777517 13.541622 7.986648 0.467011 0.733717 0.213031 0.212842 0.212704 0.100578
1.783978 1.690111 2.321956 0.400025 0.659412 0.983591 1.679719 1.805858 2.105776 4.358948 2.806239 3.567534 40.217816 5.940638 10.962600 24.910550 22.151762 13.305315 0.256540 0.284265 4.334924
0.385700 0.687740 0.649342 1.054194 -0.185838 0.731114 0.279297 0.879407 0.650695 0.676757 0.646739 0.920390 0.073445 0.126012 0.080871 0.151233 0.207107 0.500511 0.252519 0.252311 0.034016
0.412060 0.723483 0.693638 1.060442 -0.183176 0.723464 0.317654 0.889226 0.638986 0.795507 0.758758 0.994272 0.087807 0.125731 0.077786 0.268402 0.230041 0.405548 0.252004 0.251883 0.012299
0.408813 0.690433 0.650414 1.054393 -0.187487 0.729089 0.295262 0.876154 0.674680 0.792031 0.647901 0.752323 0.087946 0.127746 0.064935 0.452736 0.361138 0.274215 0.251109 0.251569 0.317498
0.379779 0.677574 0.673072 0.997865 -0.187094 0.677392 0.240393 0.802761 0.695825 0.855305 0.686360 0.972582 0.108160 0.123409 0.069079 0.433778 0.354408 0.124256 0.250658 0.250477 0.059761
0.473414 0.775037 0.743918 1.035784 -0.189309 0.719042 0.402731 0.914977 0.743445 0.816580 0.709894 0.759319 0.079407 0.115074 0.047420 0.071709 0.105353 0.055341 0.250072 0.250048 0.156372
0.507355 0.751677 0.681063 1.027914 -0.185521 0.715626 0.418588 0.925538 0.738246 0.870543 0.727785 0.891536 0.094519 0.122880 0.072935 0.094174 0.125163 0.509054 0.250024 0.249938 0.087834
0.480141 0.721769 0.765041 1.020741 -0.187540 0.702235 0.399337 0.920365 0.712463 0.776654 0.706618 0.886541 0.091957 0.120408 0.076502 0.454960 0.170491 0.205307 0.249610 0.249766 0.123236
0.506438 0.806590 0.761654 1.037975 -0.189217 0.723071 0.406223 0.913115 0.722783 0.824581 0.738479 0.824846 0.083462 0.126057 0.053686 0.030199 0.223339 0.086670 0.249555 0.249525 0.270085
0.440778 0.703433 0.769596 1.026904 -0.188382 0.714570 0.352604 0.847052 0.767869 0.594476 0.639282 0.995924 0.076300 0.115275 0.084162 0.474556 0.498077 0.569725 0.247845 0.247624 0.123940
0.516188 0.731228 0.843018 1.023009 -0.186755 0.706355 0.449870 0.871996 0.774689 0.754367 0.686295 0.992349 0.079280 0.117253 0.081357 0.172518 0.147324 0.197116 0.247673 0.247436 0.058833
0.489901 0.705541 0.829380 1.022213 -0.191278 0.713717 0.358532 0.862594 0.701782 0.611501 0.650180 0.970189 0.057876 0.106185 0.074270 0.055575 0.030026 0.176840 0.247654 0.247637 0.190429
0.400263 0.654078 0.788168 1.026937 -0.190789 0.716600 0.352866 0.778521 0.701256 0.620566 0.629021 0.811131 0.069110 0.101501 0.075209 0.264219 0.063375 0.238678 0.247888 0.247815 0.216592
0.419656 0.732613 0.888547 1.019213 -0.190424 0.716625 0.297461 0.826337 0.756434 0.600265 0.670458 1.036685 0.067383 0.113843 0.067048 -0.034892 0.008906 0.043071 0.247597 0.247586 0.122562
1.753977 1.212573 2.238102 1.022683 0.875447 0.719119 0.800031 1.376960 1.632202 0.941319 0.695358 1.144482 24.780374 19.970442 7.408437 2.275842 0.655355 1.336905 0.247673 0.247698 0.071466
1.554918 1.116315 1.762727 0.696009 0.480756 0.751155 1.166730 0.870852 1.018203 8.855079 6.159808 10.330197 39.990692 14.588892 11.438980 65.079723 75.426604 51.945676 0.219256 0.224013 0.973021
0.456014 0.395809 0.256590 0.856163 0.051145 0.759256 0.304801 0.426264 0.224467 0.340545 0.319311 0.037985 0.033679 0.052542 -0.005357 0.336641 0.104419 0.041329 0.218751 0.218544 0.051567
0.427613 0.302626 0.197372 0.882766 0.056543 0.780251 0.373575 0.293201 0.170172 0.350596 0.301538 0.152978 0.030687 0.050150 0.006005 0.135682 0.207974 0.036530 0.218976 0.218701 0.075076
0.528746 0.361401 0.245575 0.860709 0.047309 0.757926 0.432107 0.401418 0.233220 0.428758 0.303136 0.099084 0.042579 0.056080 0.001529 0.161310 0.131539 0.096111 0.219037 0.218781 0.054843
0.498087 0.370731 0.240506 0.863511 0.049953 0.756529 0.423299 0.400270 0.268653 0.432442 0.289558 0.110763 0.038442 0.065861 0.013737 0.101602 0.093668 0.447694 0.218932 0.218869 0.074199
0.567551 0.378700 0.226804 0.870690 0.054121 0.769590 0.491225 0.366126 0.238192 0.482962 0.320292 0.004428 0.045408 0.053643 0.009769 0.083452 0.285050 0.069534 0.219043 0.218774 0.007582
0.539861 0.400921 0.206585 0.872928 0.051141 0.767845 0.423418 0.385296 0.223573 0.463391 0.343614 0.051539 0.045587 0.056871 0.003287 0.152208 0.041213 0.354215 0.218967 0.218748 0.078996
0.461955 0.343206 0.201999 0.878176 0.051680 0.777741 0.389912 0.356449 0.191651 0.464885 0.351582 0.050374 0.051009 0.059444 0.005838 0.459189 0.127423 0.111268 0.218850 0.218793 0.064248
0.477889 0.376374 0.176868 0.877631 0.055920 0.778704 0.430435 0.361966 0.177646 0.414859 0.374724 0.128648 0.042424 0.067888 0.031664 0.118880 0.072307 0.206395 0.218919 0.218842 0.100900
0.457943 0.353983 0.229749 0.877929 0.055351 0.774850 0.408993 0.354728 0.219954 0.447742 0.357640 0.088719 0.042907 0.060765 0.013834 0.012744 0.184908 0.046717 0.219101 0.218825 -0.000593
0.527788 0.338857 0.188456 0.882327 0.051515 0.775728 0.488135 0.374691 0.185761 0.465444 0.362193 -0.012451 0.052649 0.059922 -0.006359 0.023255 0.118122 0.221043 0.219006 0.218997 0.106097
0.504058 0.402508 0.201675 0.856785 0.052923 0.759746 0.390905 0.399468 0.224092 0.389174 0.377077 0.027293 0.032754 0.060922 0.004048 -0.000725 -0.011887 0.133338 0.218775 0.218639 0.044843
0.541859 0.432987 0.183601 0.867733 0.053151 0.767783 0.423732 0.419640 0.165931 0.422099 0.408226 0.094842 0.042800 0.066499 0.009352 0.306733 0.130335 0.229320 0.218946 0.218807 0.125438
0.447320 0.351829 0.179674 0.877255 0.054945 0.781507 0.419234 0.352138 0.220017 0.399726 0.424172 0.060647 0.048122 0.068168 -0.003215 0.055958 0.054918 0.070683 0.218989 0.218833 0.098045
0.526439 0.413352 0.199738 0.862524 0.053089 0.755170 0.403412 0.425364 0.191151 0.448323 0.367094 0.142181 0.052543 0.063341 0.010278 0.045975 0.235280 0.275203 0.219139 0.218929 0.062988
0.577963 0.411048 0.204532 0.857044 0.054706 0.757793 0.499414 0.398994 0.202939 0.480152 0.374092 0.084370 0.048134 0.067887 0.003540 0.221397 0.222124 0.209452 0.219117 0.218847 0.048113
0.500044 0.400192 0.167330 0.861542 0.047681 0.756633 0.471833 0.432363 0.161380 0.427055 0.353025 0.144841 0.045581 0.060220 0.011614 0.149291 0.155022 0.279785 0.219177 0.218998 0.011375
0.518282 0.402239 0.167216 0.864406 0.055149 0.758850 0.411976 0.414932 0.191042 0.422982 0.362621 0.156495 0.041050 0.060657 0.015880 0.141227 0.054201 0.237666 0.219157 0.219418 0.068477
0.480012 0.431102 0.217487 0.862605 0.055637 0.757338 0.445658 0.440775 0.221637 0.459063 0.389238 0.145159 0.039211 0.066627 0.008149 -0.014613 0.351044 0.232726 0.219292 0.219087 0.096896
0.489217 0.340307 0.194102 0.882424 0.065015 0.776031 0.415794 0.366190 0.165163 0.428462 0.372144 0.094903 0.043202 0.064939 0.003603 0.115527 0.121074 -0.028925 0.219346 0.219117 0.041601
0.479243 0.293881 0.194153 0.877978 0.061770 0.776369 0.432511 0.314883 0.202706 0.432395 0.324881 0.038273 0.044195 0.054671 -0.000490 0.090639 0.139238 0.151652 0.219454 0.219384 0.034294
0.470205 0.391117 0.171213 0.860318 0.058922 0.754700 0.405380 0.395269 0.159891 0.425332 0.339410 0.017531 0.039783 0.055836 0.022815 0.137398 0.076882 0.426680 0.219378 0.219082 0.006243
0.465167 0.389945 0.191896 0.872918 0.063453 0.770781 0.378917 0.396151 0.190419 0.358424 0.344215 0.169551 0.039658 0.057593 0.001243 0.154901 0.058553 -0.007288 0.219538 0.219283 -0.010139
0.461841 0.291328 0.180297 0.878162 0.056091 0.776082 0.372032 0.291277 0.149110 0.415586 0.324857 0.102682 0.039789 0.055597 0.007322 0.025096 0.289199 0.007591 0.219534 0.219321 0.085594
0.453054 0.379131 0.156760 0.862801 0.053443 0.751988 0.407720 0.359610 0.174430 0.377676 0.317280 0.011709 0.046468 0.057926 0.001162 0.091338 0.151158 0.060250 0.219599 0.219492 0.174179
0.468378 0.309900 0.178209 0.882236 0.059834 0.777594 0.456726 0.317168 0.178118 0.391862 0.325752 0.014468 0.050632 0.060353 -0.001891 0.067625 0.073362 0.017658 0.219579 0.219487 0.039697
0.468260 0.397333 0.195953 0.867156 0.058509 0.766075 0.414477 0.399317 0.229061 0.371086 0.334694 0.033783 0.036196 0.055952 -0.004960 0.124926 0.117428 0.021775 0.219371 0.219329 -0.003550
0.509312 0.383904 0.244363 0.862045 0.055988 0.754152 0.421598 0.355361 0.223944 0.403340 0.320455 0.177522 0.048383 0.054783 0.004289 0.217448 0.163904 -0.003797 0.219520 0.219486 0.072189
0.445365 0.380731 0.190245 0.856916 0.061440 0.762372 0.430997 0.365875 0.197062 0.363736 0.312917 0.064444 0.037292 0.054518 0.010621 0.260378 0.116103 0.230942 0.219559 0.219479 0.059391
0.512244 0.287150 0.133964 0.879074 0.062812 0.778534 0.453115 0.288122 0.148490 0.443024 0.316200 -0.062154 0.045141 0.052673 0.009063 0.324750 0.083218 0.248803 0.219510 0.219332 0.131488
0.493526 0.350540 0.184157 0.869877 0.063753 0.767779 0.398227 0.329782 0.183496 0.418097 0.302561 0.135218 0.048798 0.047783 0.016246 0.152333 0.112870 0.325784 0.219557 0.219326 0.028236
0.465149 0.357506 0.196270 0.865893 0.057721 0.767735 0.435563 0.319189 0.199209 0.389174 0.299131 0.055805 0.034697 0.050253 0.001244 0.050489 0.120441 0.020575 0.219576 0.219339 0.079226
0.486151 0.360337 0.207413 0.851985 0.059865 0.756658 0.431342 0.346067 0.197049 0.399620 0.312083 0.224031 0.044136 0.056640 0.025345 0.245484 0.128391 0.500660 0.219472 0.219334 0.106834
0.498259 0.371033 0.187736 0.865362 0.054684 0.757138 0.429912 0.379533 0.180274 0.438062 0.305406 0.173214 0.041584 0.055726 0.033455 0.092978 0.055814 0.330651 0.219567 0.219443 0.057175
0.436665 0.277365 0.156070 0.877704 0.060755 0.779943 0.366372 0.282386 0.168164 0.406224 0.293968 0.068655 0.038202 0.054449 0.009993 0.030796 0.165943 0.113492 0.219681 0.219423 0.018552
0.377937 0.266187 0.126395 0.873367 0.060020 0.781057 0.373382 0.271306 0.122641 0.356173 0.298124 -0.039381 0.036895 0.048128 0.003199 0.175564 0.131067 0.102002 0.219788 0.219575 0.001465
0.357241 0.292298 0.172177 0.874097 0.063174 0.778031 0.309066 0.321213 0.154743 0.337437 0.306855 0.132448 0.032132 0.050595 0.011381 0.046903 0.195376 0.200004 0.219719 0.219451 0.038792
0.493253 0.353457 0.152343 0.867970 0.057468 0.768361 0.347779 0.368385 0.170578 0.378063 0.305206 0.034995 0.037192 0.057745 0.001845 -0.023224 0.122958 0.125923 0.219568 0.219416 0.036880
0.396747 0.289061 0.155278 0.876151 0.058423 0.777682 0.332344 0.290747 0.139054 0.370754 0.301119 0.177794 0.041075 0.049219 0.014397 0.233912 0.228592 0.153708 0.219630 0.219429 0.015081
0.416750 0.248172 0.183270 0.876716 0.060769 0.778160 0.358935 0.271700 0.171622 0.391134 0.270548 0.208258 0.043851 0.046248 0.007686 0.015086 0.359092 0.125991 0.219728 0.219814 0.069355
0.407211 0.328614 0.174109 0.864636 0.061305 0.768549 0.368700 0.309663 0.167576 0.330299 0.264153 0.070983 0.027801 0.045196 0.004370 -0.049021 0.029914 -0.005692 0.219731 0.219507 0.083600
0.455052 0.369438 0.130579 0.859652 0.062104 0.770843 0.423432 0.361383 0.141155 0.351130 0.302287 -0.037625 0.032789 0.053445 -0.001289 0.135095 0.325239 0.031098 0.219800 0.219553 0.006885
0.359724 0.299345 0.155599 0.869398 0.062103 0.782654 0.317415 0.313506 0.133591 0.317070 0.317399 -0.023653 0.034789 0.054071 -0.003324 0.236970 0.195586 0.128214 0.219730 0.219548 0.025796
0.426559 0.325292 0.179062 0.858412 0.056634 0.756041 0.339233 0.321607 0.188135 0.321930 0.274312 0.015208 0.029138 0.047431 0.006907 0.094308 0.072630 0.177565 0.219601 0.219401 0.012471
0.431236 0.343857 0.142548 0.863826 0.057854 0.757156 0.349666 0.357261 0.128498 0.376864 0.290204 0.148457 0.075392 0.054720 0.012700 0.269843 0.115231 0.171759 0.219660 0.219500 0.178350
0.423534 0.312297 0.201832 0.860151 0.058690 0.758442 0.375585 0.336912 0.177210 0.366344 0.269035 0.035823 0.032663 0.050337 0.007292 0.165255 0.098940 0.399779 0.219389 0.219220 0.049194
0.392387 0.295369 0.158090 0.866660 0.057920 0.767505 0.389530 0.306528 0.119769 0.303788 0.249935 0.091508 0.038819 0.037727 0.006146 0.028417 0.011364 0.019723 0.219315 0.219133 0.088307
0.420797 0.310333 0.186683 0.862306 0.060318 0.754836 0.361060 0.299817 0.146806 0.375271 0.260828 0.071538 0.035188 0.044910 0.007724 0.038899 0.127120 0.198000 0.219363 0.219162 0.030477
0.387931 0.285950 0.186612 0.857642 0.060936 0.757017 0.317304 0.323164 0.176856 0.305108 0.238892 0.009356 0.034259 0.041632 0.000235 0.243241 0.225818 0.222894 0.219248 0.219057 0.050710
0.420740 0.294076 0.160862 0.866254 0.061141 0.765734 0.407484 0.289908 0.157340 0.340328 0.236368 0.171299 0.035095 0.042462 0.031775 0.148621 0.053994 0.210000 0.219098 0.219052 0.095246
0.347690 0.248509 0.085537 0.873478 0.064122 0.778144 0.327814 0.259326 0.078943 0.306227 0.238339 0.129926 0.036396 0.041082 0.015307 0.167530 0.125179 0.372327 0.219130 0.218907 0.110677
0.418511 0.332427 0.180508 0.866986 0.060593 0.770637 0.376729 0.335590 0.163992 0.362584 0.254670 -0.034274 0.040711 0.041927 0.014820 0.225496 0.080744 -0.033942 0.218999 0.218903 0.067772
0.422134 0.305224 0.177339 0.859517 0.057973 0.761453 0.390941 0.314407 0.132140 0.337187 0.261490 0.044508 0.033174 0.042445 0.000009 0.132579 0.006055 0.078184 0.219196 0.219042 0.085969
0.368818 0.313047 0.090427 0.857145 0.056003 0.757671 0.314077 0.319403 0.079272 0.294061 0.256008 -0.006838 0.033494 0.042594 0.009320 0.063870 0.007700 0.030157 0.219237 0.219002 -0.010380
0.386587 0.279619 0.154134 0.863103 0.057989 0.755721 0.345028 0.288755 0.148190 0.333977 0.232919 0.130456 0.034514 0.039119 0.033801 0.234236 0.165330 0.296975 0.219068 0.219057 0.147764
0.222337 0.088291 0.182918 0.564542 0.424749 0.695467 0.211645 0.087716 0.186433 0.272597 0.067859 0.178625 0.023736 0.021046 0.025081 0.003863 0.185634 0.525712 0.268583 0.269372 0.345126
0.329678 0.112299 0.184455 0.566383 0.430522 0.700583 0.278246 0.110952 0.166934 0.345087 0.112662 0.161301 0.031631 0.019501 0.016270 0.059601 0.220417 0.383215 0.267316 0.267609 0.162688
0.073176 0.056660 -0.094203 -0.043546 0.921409 0.158636 0.097677 0.055271 -0.073341 0.068925 0.041541 0.080610 0.014636 0.007284 0.001285 0.133557 0.126165 0.019388 0.535027 0.535123 0.069504
0.363726 0.226896 0.355490 0.534776 0.386824 0.709604 0.262383 0.273063 0.357927 0.458216 0.380314 0.503011 0.200615 0.176680 0.076020 1.932415 2.982512 0.542968 0.245995 0.249412 0.095235
3.448862 3.282189 5.517605 0.410112 1.004735 0.142138 4.176075 5.904403 8.539453 84.715234 64.207171 85.591883 33.041595 47.910067 59.754297 507.447179 735.985095 357.746557 0.804488 1.291849 264.533820
0.142980 0.209834 0.343788 0.832003 0.392668 0.617644 0.145133 0.233065 0.270554 0.106989 0.134709 0.245448 0.022886 0.032495 0.038230 0.133158 0.131621 0.111100 1.281768 1.281924 0.685427
0.177826 0.210070 0.423280 0.831474 0.396027 0.616788 0.143610 0.232164 0.346885 0.153328 0.130345 0.503508 0.019063 0.026498 0.037773 0.203392 0.090873 0.275797 1.280565 1.280141 0.072836
0.142103 0.197533 0.385349 0.791899 0.373534 0.568755 0.097217 0.219399 0.307004 0.088961 0.131293 0.275056 0.010306 0.018677 0.019427 0.038827 0.011680 -0.052099 1.280212 1.279669 0.063163
0.179430 0.254060 0.463929 0.789263 0.376707 0.566018 0.162749 0.259830 0.400441 0.082344 0.161852 0.449436 0.015980 0.030338 0.037739 0.117854 0.028842 0.247353 1.279041 1.279472 0.144012
0.142286 0.260153 0.455630 0.793191 0.375909 0.566366 0.130414 0.270883 0.392911 0.083422 0.197858 0.271924 0.002907 0.029078 0.022703 0.115552 0.036335 0.106967 1.278558 1.278288 0.281636
0.146929 0.206239 0.427120 0.831730 0.402322 0.606759 0.114575 0.248831 0.316774 0.127081 0.155658 0.458575 0.007602 0.022887 0.035385 0.059363 0.043076 0.150166 1.278522 1.277933 0.105921
0.165322 0.251591 0.528628 0.788944 0.376041 0.561471 0.113744 0.269894 0.449809 0.145913 0.171805 0.443263 0.018188 0.040276 0.054286 0.060365 0.193723 0.142720 1.278009 1.277417 0.106573
0.580218 0.422016 1.241587 0.834773 0.402041 0.601169 0.552757 0.417019 1.078206 0.385126 0.246015 0.987147 0.374728 0.944742 0.930035 0.806885 0.691896 1.454871 1.245283 1.276737 8.008092
4.566366 2.289864 5.100905 1.219489 0.782876 0.783235 3.474199 3.120741 4.792278 71.805545 23.754380 63.821293 33.888472 22.057246 30.534342 563.053503 307.875099 325.332365 1.140392 1.239153 164.020044
0.145269 0.299268 0.175630 0.258754 1.013789 -0.278486 0.101287 0.356869 0.172191 0.228788 0.238559 0.294267 0.126523 0.090409 0.175937 0.741737 0.301914 1.097769 0.723073 0.725197 2.432364
0.068298 0.360621 0.148793 0.285338 1.007136 -0.331432 0.030375 0.400967 0.125253 0.023684 0.259011 0.391435 0.061353 0.109321 0.206086 0.239964 0.288792 0.799620 0.729738 0.731296 1.779267
0.011516 0.338424 0.066066 0.286158 1.020807 -0.342414 0.044411 0.331565 0.027372 0.015123 0.281256 0.236661 0.004806 0.047450 0.025627 0.249358 0.060949 0.179856 0.732069 0.731875 0.243721
-0.001762 0.360010 0.115358 0.282466 1.020690 -0.349561 0.001751 0.330853 0.085037 -0.035476 0.290659 0.208757 0.000294 0.051118 0.018959 0.105162 0.089220 0.429097 0.732721 0.732772 -0.028669
0.000196 0.408224 0.066664 0.281015 1.011116 -0.352160 0.034884 0.417481 0.068282 -0.015663 0.298760 0.141778 0.005225 0.058049 0.018037 0.070202 0.128981 0.611978 0.733536 0.733636 0.093372
0.090260 0.392722 0.077150 0.282533 1.011572 -0.351985 0.045394 0.392712 0.054195 0.047711 0.293468 0.118234 0.007457 0.054159 0.003086 0.166785 0.163465 0.124691 0.734818 0.734478 0.231679
-0.008203 0.382223 0.062535 0.282932 1.008539 -0.354146 -0.028639 0.352667 0.040674 -0.046271 0.287724 0.122770 -0.005485 0.050137 0.019326 0.288399 0.072625 0.427844 0.734824 0.734483 0.093171
0.065822 0.421488 0.091949 0.279942 0.997605 -0.356769 0.054263 0.460190 0.062871 0.028818 0.306398 0.135524 0.003456 0.055939 0.007628 0.000014 0.170533 0.240381 0.734692 0.734759 0.081953
0.160509 0.459105 0.211726 0.281570 1.013348 -0.353945 0.138195 0.497345 0.177256 -0.006133 0.306222 0.282606 0.305859 0.240161 0.227159 0.145888 0.234606 0.699614 0.735410 0.735694 0.228095
3.736310 3.371004 4.153873 0.628488 0.999474 0.064832 4.152827 4.816895 5.337926 27.430662 5.637869 38.635989 12.703819 43.514807 31.339687 202.754646 59.682973 192.553593 0.316571 0.887261 237.832713
0.298898 0.051580 0.098891 0.621567 0.140156 0.824653 0.226963 0.065741 0.074764 0.207221 0.127599 0.192347 0.074087 0.020201 0.014421 0.249349 0.057889 0.241055 0.165554 0.165431 0.142795
0.314341 0.042286 0.055873 0.619515 0.137428 0.829101 0.273249 0.025774 0.040902 0.252733 0.133750 0.001346 0.024056 0.026146 0.001829 0.255949 0.253347 0.091460 0.165277 0.165279 0.169416
0.334215 0.075140 0.063398 0.629127 0.142141 0.851757 0.299304 0.072610 0.056190 0.225457 0.110240 -0.008899 0.037882 0.019170 0.006404 0.145840 0.084814 0.106849 0.164790 0.164726 0.151661
0.479938 0.090539 0.031772 0.608950 0.136079 0.824290 0.410818 0.096359 0.027457 0.368332 0.090771 0.090935 0.043819 0.019921 0.015300 0.366499 0.154813 0.063294 0.164530 0.164417 0.034506
0.549252 0.125626 0.113402 0.623863 0.136840 0.840637 0.416781 0.121943 0.073269 0.445610 0.179482 0.017037 0.059841 0.031793 -0.004833 0.199537 0.244257 0.072588 0.164002 0.164061 0.154966
0.407791 0.078509 0.059040 0.624362 0.140237 0.854447 0.301142 0.078014 0.045372 0.336102 0.143461 -0.018199 0.029192 0.024149 0.000401 0.187322 0.146223 0.326538 0.163357 0.163382 0.040195
