0.238507 0.911140 0.779273 0.949760 0.581021 0.659677 0.704225 0.625000 30.341461 0.504797 0.861323
0.154053 0.865709 0.716387 0.942896 0.264807 0.618850 0.000000 0.375000 24.772598 0.402521 0.864093
0.046521 0.865408 0.758607 0.910120 0.892959 0.581409 0.422535 0.750000 31.967162 0.534655 0.307261
0.044923 0.864912 0.748029 0.928318 0.961304 0.570888 0.422535 0.625000 32.958067 0.552853 0.180567
0.016657 0.839933 0.706285 0.902664 0.857796 0.625818 0.422535 0.250000 32.806158 0.550063 0.176361
0.032855 0.834623 0.708268 0.883461 0.731659 0.710533 0.281690 0.250000 31.674432 0.529278 0.196555
0.049407 0.787386 0.681256 0.869501 0.805436 0.592745 0.422535 0.500000 30.170583 0.501659 0.265850
0.020290 0.845040 0.718907 0.886331 0.721988 0.817203 0.281690 0.375000 32.761385 0.549241 0.311666
0.020620 0.880770 0.735773 0.900900 0.617230 0.834510 0.140845 0.375000 31.502932 0.526129 0.405447
0.002133 0.899474 0.723034 0.924803 0.467023 0.766544 1.126761 0.375000 26.783591 0.439455 0.449465
-0.019195 0.853477 0.661586 0.889987 0.467554 0.712212 0.422535 0.375000 25.727777 0.420064 0.340699
0.008291 0.755388 0.594774 0.845903 0.591131 0.585778 0.000000 0.375000 25.859487 0.422483 0.337091
0.025401 0.753343 0.602847 0.860691 0.482068 0.554823 0.000000 0.375000 23.392027 0.377166 0.421720
0.039438 0.767459 0.603586 0.879665 0.385410 0.480169 0.281690 0.375000 20.778236 0.329162 0.550106
0.042715 0.799228 0.619649 0.920688 0.445074 0.543058 0.000000 0.500000 23.035273 0.370614 0.590886
0.027233 0.831938 0.623588 0.981031 0.420121 0.595225 0.140845 0.500000 23.471376 0.378623 0.609463
0.038429 0.808435 0.612717 0.938617 0.307186 0.578214 0.281690 0.375000 21.558907 0.343499 0.562307
0.063977 0.765973 0.587350 0.905149 0.270893 0.605655 0.422535 0.500000 20.831806 0.330146 0.625114
0.048918 0.673276 0.538161 0.881262 0.374896 0.436575 0.140845 0.500000 19.666131 0.308737 0.635189
0.162972 0.648812 0.523768 0.790282 0.245567 0.460912 0.140845 0.125000 17.815823 0.274755 0.812965
0.163651 0.597041 0.486813 0.792760 0.295694 0.390800 0.140845 0.500000 16.810225 0.256286 0.659170
0.168970 0.606996 0.494580 0.795551 0.309305 0.374668 0.422535 0.125000 16.776915 0.255675 0.614816
0.174215 0.608696 0.488255 0.821032 0.280455 0.462162 0.422535 0.000000 18.041842 0.278906 0.657332
0.125423 0.577388 0.466314 0.765911 0.290465 0.463633 1.126761 1.500000 18.933463 0.295281 0.627868
0.161862 0.585639 0.476383 0.805322 0.241929 0.430763 0.704225 0.125000 17.423301 0.267546 0.585401
0.219207 0.573535 0.467299 0.808015 0.212938 0.479726 0.845070 0.125000 17.675879 0.272185 0.585011
0.233674 0.574385 0.460482 0.845302 0.175381 0.475406 0.704225 0.000000 17.770073 0.273915 0.455592
0.268855 0.561920 0.425209 0.879199 0.184559 0.330532 0.000000 0.625000 14.923879 0.221642 0.526568
0.239370 0.531416 0.396119 0.809432 0.113314 0.278434 0.704225 0.125000 11.444282 0.157737 0.455939
0.273231 0.589930 0.427228 0.912587 0.160390 0.285506 1.267606 0.375000 13.695641 0.199085 0.309237
0.323433 0.515277 0.376097 0.865387 0.160086 0.232514 0.704225 0.875000 12.216708 0.171923 0.461458
0.309394 0.530000 0.384426 0.889934 0.189190 0.232979 0.140845 1.375000 12.772568 0.182132 0.483613
0.324732 0.550223 0.415131 0.912379 0.200283 0.311493 0.140845 0.250000 14.755469 0.218549 0.391691
0.309113 0.560065 0.415522 0.930038 0.189874 0.292084 0.140845 0.250000 14.488305 0.213643 0.391908
0.282895 0.534499 0.414251 0.908185 0.184060 0.252637 0.140845 0.000000 13.675485 0.198715 0.536038
0.286978 0.557827 0.425497 0.884806 0.213026 0.249910 0.281690 0.125000 13.997400 0.204627 0.463937
0.270324 0.524991 0.402043 0.820596 0.213572 0.303189 0.000000 0.375000 13.926595 0.203327 0.560945
0.264944 0.515499 0.399431 0.766445 0.212899 0.286140 0.140845 1.000000 13.536931 0.196170 0.464567
0.233559 0.477108 0.383819 0.737615 0.266211 0.214231 0.000000 1.000000 12.277573 0.173041 0.512901
0.220958 0.477412 0.383983 0.705872 0.287388 0.256250 0.704225 0.000000 13.400203 0.193659 0.705827
0.201050 0.417988 0.354355 0.666578 0.304798 0.247121 0.704225 1.000000 13.741640 0.199930 0.754598
0.139344 0.270613 0.218624 0.514928 0.074343 0.191192 0.140845 0.125000 7.769915 0.090255 0.853130
0.174802 0.291424 0.249384 0.496562 0.074927 0.168262 0.140845 0.000000 8.833800 0.109794 0.831805
0.159346 0.271504 0.231921 0.496391 0.079355 0.168501 0.281690 0.000000 8.937798 0.111704 0.832198
0.179360 0.284341 0.246367 0.511187 0.111546 0.210123 0.563380 0.125000 9.799094 0.127522 0.745545
0.149162 0.251733 0.227788 0.470543 0.116926 0.140447 0.563380 0.000000 9.168140 0.115934 0.745153
0.133035 0.263018 0.242019 0.496304 0.138426 0.104909 0.422535 0.000000 9.483719 0.121730 0.679672
0.128025 0.295140 0.262627 0.518670 0.153639 0.118021 0.422535 0.500000 9.567561 0.123270 0.679868
0.132454 0.282176 0.258343 0.500075 0.156869 0.149985 0.563380 0.000000 10.029307 0.131750 0.744956
0.138994 0.309182 0.274846 0.551916 0.154306 0.191035 0.845070 0.625000 10.413351 0.138803 0.766881
0.150919 0.300545 0.260371 0.551916 0.137043 0.222979 0.563380 0.625000 10.134700 0.133686 0.767666
0.159163 0.306238 0.259927 0.597558 0.117817 0.229617 0.704225 0.750000 9.899553 0.129367 0.724952
0.154363 0.311262 0.260045 0.611962 0.115040 0.250606 0.845070 0.000000 10.034624 0.131848 0.768453
0.149170 0.312268 0.256776 0.594284 0.103355 0.281786 0.845070 0.125000 9.718754 0.126046 0.724036
0.175000 0.291758 0.240276 0.604450 0.083035 0.218396 0.704225 0.750000 8.114372 0.096581 0.810296
0.176646 0.271470 0.234972 0.533322 0.067792 0.194708 0.563380 0.750000 7.519531 0.085656 0.811082
0.177953 0.298446 0.248525 0.572596 0.092537 0.146061 0.563380 0.000000 7.977078 0.094059 0.758416
0.180499 0.279459 0.238354 0.555429 0.094295 0.117499 0.563380 0.000000 8.359018 0.101074 0.714909
0.180018 0.262860 0.225531 0.537121 0.133086 0.086113 1.267606 0.000000 9.293771 0.118241 0.671769
0.219435 0.251468 0.200219 0.518846 0.142838 0.071597 0.704225 0.625000 8.334076 0.100616 0.606833
0.199987 0.257894 0.229753 0.518758 0.180616 0.078421 0.563380 0.125000 8.866390 0.110392 0.606051
0.194230 0.254332 0.229769 0.492620 0.176869 0.077555 0.422535 0.625000 8.901296 0.111033 0.541494
0.237120 0.244246 0.224802 0.440433 0.187149 0.073644 0.000000 0.500000 9.470150 0.121481 0.657257
0.207888 0.256135 0.249948 0.459259 0.188821 0.121323 0.000000 0.375000 9.991810 0.131061 0.592430
0.200118 0.276825 0.259756 0.522441 0.131544 0.167067 0.422535 0.000000 9.441770 0.120959 0.592625
0.136337 0.298962 0.265799 0.448350 0.187474 0.194044 0.422535 0.750000 10.020655 0.131591 0.564251
0.111634 0.347048 0.289419 0.507531 0.115282 0.246591 0.281690 0.250000 10.172848 0.134386 0.543332
0.117515 0.298502 0.258894 0.466040 0.129962 0.234448 0.422535 0.250000 9.996574 0.131149 0.549943
0.066517 0.291402 0.266517 0.424220 0.130844 0.200444 0.281690 0.750000 9.279741 0.117984 0.478915
0.051831 0.308623 0.265153 0.457305 0.117564 0.192510 0.281690 0.125000 8.587554 0.105271 0.499728
0.091047 0.373930 0.326942 0.577536 0.148487 0.300978 0.422535 0.125000 10.983574 0.149276 0.484092
0.170067 0.399116 0.358441 0.594284 0.199709 0.292911 0.281690 0.000000 11.939381 0.166830 0.513241
0.262625 0.426061 0.430426 0.587054 0.207160 0.318020 0.000000 0.000000 14.412080 0.212243 0.513023
0.255830 0.424139 0.435241 0.628187 0.211245 0.262595 0.985915 0.125000 16.851367 0.257042 0.513459
0.291873 0.390589 0.396637 0.602959 0.166884 0.233895 0.985915 0.250000 19.540741 0.306434 0.465294
0.313587 0.383300 0.396651 0.611962 0.198507 0.219816 1.408451 0.500000 19.002073 0.296541 0.417664
0.355193 0.361510 0.369747 0.554701 0.193430 0.172789 1.408451 0.625000 15.551255 0.233165 0.490056
0.377769 0.343364 0.356915 0.558137 0.146342 0.169574 1.549296 0.250000 16.319238 0.247269 0.561976
0.378575 0.321460 0.334589 0.553308 0.160821 0.172927 0.985915 0.750000 15.919583 0.239929 0.416779
0.404673 0.271148 0.296681 0.463823 0.156210 0.134215 0.281690 0.625000 11.103171 0.151472 0.272575
0.376447 0.262086 0.263461 0.470543 0.113828 0.133555 0.281690 0.625000 8.565175 0.104860 0.296536
0.341260 0.236127 0.219597 0.496391 0.091587 0.123907 0.140845 0.000000 7.901662 0.092674 0.310449
0.299019 0.263484 0.251225 0.507531 0.192628 0.142134 0.563380 0.000000 9.675686 0.125256 0.310252
0.299177 0.276028 0.258152 0.503957 0.206318 0.133104 0.563380 0.625000 9.566694 0.123254 0.309664
0.223278 0.259029 0.259796 0.440433 0.168306 0.153819 0.563380 0.625000 9.498983 0.122010 0.352663
0.220482 0.285980 0.315821 0.496304 0.301616 0.146693 0.281690 1.250000 13.083958 0.187851 0.325146
0.289140 0.307910 0.353134 0.521990 0.231484 0.159256 0.422535 0.000000 17.173648 0.262961 0.433113
0.294617 0.353136 0.395606 0.598749 0.229950 0.193145 0.140845 0.125000 17.552807 0.269925 0.563443
0.398140 0.330204 0.377083 0.561142 0.237738 0.154566 1.126761 0.250000 16.169363 0.244517 0.570246
0.402576 0.329951 0.390337 0.546265 0.183889 0.150839 0.563380 0.250000 16.257714 0.246139 0.440157
0.482842 0.337245 0.381307 0.576184 0.121693 0.171045 0.140845 0.375000 16.280972 0.246566 0.440353
0.477364 0.321727 0.390775 0.556290 0.121723 0.218719 0.563380 0.375000 15.056318 0.224075 0.419006
0.608087 0.323043 0.367252 0.577846 0.186210 0.229592 0.563380 0.000000 15.173557 0.226228 0.419529
0.591796 0.314713 0.358358 0.548139 0.200505 0.193916 0.563380 0.000000 16.329291 0.247454 0.419355
0.587196 0.310581 0.358274 0.551367 0.221054 0.174150 0.563380 0.125000 17.836125 0.275128 0.354562
0.697515 0.261378 0.347300 0.530969 0.196373 0.127649 0.563380 0.875000 16.537433 0.251276 0.354955
0.840053 0.238016 0.369253 0.487787 0.152222 0.134068 0.563380 0.000000 16.634933 0.253067 0.442066
0.895037 0.215160 0.325103 0.462396 0.083594 0.095832 0.704225 1.000000 12.294568 0.173353 0.266859
0.999994 0.196279 0.307292 0.449889 0.063614 0.062506 0.704225 0.375000 13.630662 0.197892 0.266336
1.116711 0.181244 0.305368 0.439367 0.101575 0.045448 0.422535 0.500000 12.970259 0.185763 0.440449
1.278440 0.121664 0.218400 0.331498 0.052243 0.045083 0.140845 0.625000 8.757033 0.108384 0.513374
1.359815 0.146487 0.194783 0.383059 0.065184 0.065033 0.140845 0.500000 7.951108 0.093582 0.522653
1.359127 0.144306 0.197981 0.365678 0.077971 0.075756 0.140845 0.500000 8.282556 0.099670 0.604080
1.277175 0.166513 0.257435 0.402208 0.103196 0.077372 0.140845 0.000000 11.095777 0.151337 0.549212
1.179784 0.217660 0.312394 0.444333 0.088686 0.078859 0.140845 0.375000 14.643418 0.216492 0.549703
1.106952 0.226799 0.338808 0.450653 0.096432 0.101113 0.140845 0.375000 14.512608 0.214089 0.602687
1.014626 0.214322 0.330023 0.464899 0.124083 0.108631 0.140845 0.250000 13.488437 0.195279 0.603769
0.893503 0.256939 0.317144 0.527274 0.093510 0.126353 0.140845 0.000000 11.371772 0.156405 0.521408
0.936706 0.239158 0.305368 0.510766 0.108622 0.127008 0.845070 0.250000 11.807111 0.164401 0.440327
0.851160 0.203294 0.241932 0.437705 0.091020 0.093581 1.408451 0.125000 10.283466 0.136418 0.483492
0.989656 0.191459 0.259356 0.415590 0.100631 0.092009 0.704225 0.250000 11.306366 0.155204 0.570319
0.983800 0.191329 0.263097 0.404365 0.060674 0.095029 0.563380 0.500000 11.246770 0.154110 0.613405
0.994761 0.210170 0.263349 0.405057 0.053089 0.090417 0.563380 0.125000 11.079803 0.151043 0.722299
1.107215 0.183661 0.260660 0.344298 0.113461 0.107591 0.704225 1.250000 10.734963 0.144710 0.721427
1.053937 0.209410 0.291147 0.378085 0.131296 0.117078 0.704225 0.125000 12.169116 0.171049 0.721623
1.031084 0.204103 0.281264 0.373869 0.106072 0.094703 0.704225 0.125000 12.023614 0.168377 0.809192
1.037407 0.212095 0.274274 0.392519 0.108748 0.084606 0.563380 0.125000 11.640119 0.161334 0.853829
0.797805 0.238836 0.312859 0.421974 0.093644 0.149803 0.563380 0.750000 11.705336 0.162532 0.683031
0.730062 0.243807 0.341109 0.456590 0.153519 0.171131 0.000000 0.000000 13.725402 0.199631 0.683249
0.508649 0.233669 0.327897 0.431908 0.207763 0.155476 0.000000 0.000000 15.199084 0.226697 0.584967
0.476707 0.266126 0.364641 0.461413 0.227265 0.145815 0.000000 0.125000 16.517927 0.250918 0.682072
0.442475 0.290843 0.377271 0.471655 0.263483 0.143664 0.140845 1.375000 16.440475 0.249496 0.633980
0.469045 0.273546 0.378860 0.475839 0.294563 0.169925 0.140845 1.000000 16.717280 0.254579 0.682120
0.390379 0.325153 0.438954 0.546846 0.280769 0.273989 0.281690 0.000000 17.470966 0.268421 0.711837
0.373733 0.309750 0.404458 0.572055 0.265637 0.180094 0.281690 0.625000 17.608903 0.270955 0.532436
0.400016 0.265053 0.368091 0.532180 0.206148 0.159916 0.281690 0.750000 17.838633 0.275174 0.628301
0.409518 0.279514 0.378233 0.542106 0.202689 0.192825 0.422535 0.750000 16.830984 0.256668 0.580970
0.505590 0.300631 0.371089 0.566523 0.190726 0.160618 0.000000 1.500000 14.877442 0.220790 0.533013
0.643922 0.358888 0.462100 0.620751 0.268699 0.189785 0.000000 0.625000 19.822003 0.311600 0.533013
0.616657 0.340213 0.504151 0.603289 0.228751 0.205060 0.563380 0.750000 21.754926 0.347100 0.493487
0.633303 0.368624 0.489955 0.644814 0.224752 0.251276 0.704225 0.875000 20.808726 0.329722 0.439185
0.640334 0.403375 0.465506 0.721481 0.257885 0.247184 0.140845 0.000000 23.553973 0.380140 0.466573
0.720317 0.398248 0.442525 0.712967 0.296264 0.198901 0.000000 0.000000 21.581192 0.343909 0.439185
0.755924 0.440314 0.460931 0.781137 0.254187 0.196398 0.985915 0.875000 19.168669 0.299601 0.495015
0.821385 0.440804 0.446163 0.748578 0.191659 0.176644 0.000000 0.125000 18.904341 0.294746 0.439792
0.840896 0.436331 0.449916 0.738568 0.254404 0.143491 0.000000 0.125000 20.960891 0.332516 0.412863
0.849680 0.423037 0.451593 0.738568 0.336804 0.165220 0.000000 0.000000 22.089348 0.353241 0.441586
0.837588 0.431725 0.468871 0.690266 0.294700 0.193438 0.000000 0.000000 19.993663 0.314753 0.633410
0.790824 0.467602 0.473954 0.740953 0.260032 0.207762 0.000000 0.125000 18.595845 0.289081 0.584563
0.744165 0.482293 0.476588 0.747725 0.252533 0.255380 0.000000 1.000000 17.999798 0.278134 0.618797
0.800378 0.449743 0.453397 0.686663 0.327054 0.336687 0.704225 0.000000 20.083221 0.316397 0.672725
0.791029 0.464722 0.494868 0.697034 0.414031 0.387710 0.000000 0.000000 23.730862 0.383389 0.651151
0.750284 0.460687 0.502642 0.701057 0.341787 0.382755 0.140845 0.125000 22.111894 0.353655 0.651151
0.781303 0.397918 0.438555 0.659663 0.279307 0.342487 0.000000 0.375000 19.054634 0.297507 0.745196
0.745961 0.434021 0.479775 0.716835 0.347900 0.305706 0.000000 1.000000 21.370394 0.340037 0.851030
0.734687 0.502681 0.539607 0.737395 0.434988 0.327733 0.140845 0.250000 25.572444 0.417211 0.737707
0.661431 0.546449 0.578658 0.725551 0.379829 0.316742 0.140845 0.250000 25.180302 0.410009 0.687154
0.544489 0.549909 0.566218 0.743295 0.398023 0.284379 0.140845 0.125000 28.076299 0.463196 0.637433
0.554671 0.572016 0.563884 0.767125 0.420657 0.359381 0.140845 0.625000 29.150677 0.482928 0.646767
0.528554 0.638104 0.624632 0.803433 0.497823 0.404129 0.281690 0.000000 28.937848 0.479019 0.528932
0.449897 0.703044 0.682095 0.871615 0.597600 0.400748 0.140845 0.125000 32.377745 0.542195 0.535340
0.487948 0.709803 0.691029 0.895714 0.661540 0.536210 0.281690 0.125000 39.245709 0.668330 0.535340
0.500015 0.741172 0.717605 0.933151 0.574639 0.572398 0.281690 0.625000 32.545537 0.545277 0.474836
0.466542 0.752607 0.735512 0.898787 0.492279 0.455936 0.281690 0.500000 27.326121 0.449419 0.418699
0.455854 0.791916 0.731165 0.950020 0.543468 0.313899 0.281690 0.375000 31.017423 0.517212 0.418699
0.379266 0.668748 0.700271 0.909590 0.881946 0.357216 0.845070 0.375000 39.294532 0.669227 0.361386
0.313781 0.557964 0.622996 0.802172 1.058140 0.265170 0.704225 0.875000 33.893052 0.570025 0.435521
0.236151 0.500866 0.630902 0.717394 0.911929 0.322506 0.422535 0.375000 31.138917 0.519443 0.465437
0.125445 0.393396 0.520730 0.551452 0.611215 0.286328 0.281690 0.000000 28.436259 0.469807 0.339187
0.107468 0.339947 0.417472 0.524273 0.524889 0.262356 0.000000 0.375000 18.070210 0.279427 0.376715
0.128099 0.323267 0.413387 0.495552 0.409976 0.267706 0.845070 0.375000 15.482441 0.231901 0.406310
0.282092 0.237250 0.375896 0.351651 0.248930 0.135599 0.704225 0.125000 13.737027 0.199845 0.528623
0.306577 0.207962 0.321302 0.324464 0.220179 0.075976 0.563380 0.500000 15.180970 0.226364 0.309611
0.251990 0.185526 0.275839 0.253055 0.273720 0.084956 0.000000 0.375000 15.490931 0.232057 0.318818
0.382942 0.200210 0.283452 0.345918 0.236490 0.104186 0.422535 0.875000 11.939409 0.166830 0.288058
0.216917 0.297605 0.374361 0.526693 0.178110 0.254553 0.000000 0.125000 14.369655 0.211464 0.133147
0.243510 0.327548 0.383992 0.639156 0.207295 0.215687 0.000000 0.000000 15.584170 0.233769 0.327211
0.326740 0.417381 0.509118 0.674531 0.350583 0.303184 0.140845 0.750000 21.666996 0.345485 0.314029
0.308865 0.515715 0.574453 0.754938 0.312511 0.424759 1.267606 0.750000 25.999502 0.425054 0.251829
0.276030 0.577261 0.628811 0.775050 0.352791 0.451961 0.563380 0.000000 31.556548 0.527113 0.327688
0.382391 0.634554 0.677016 0.814843 0.482238 0.483680 0.140845 0.500000 35.987935 0.608499 0.620300
0.431775 0.777656 0.810718 0.931657 0.923215 0.561471 0.281690 0.500000 42.534663 0.728734 0.420115
0.464391 0.843005 0.869630 0.945764 0.937640 0.596060 0.140845 0.375000 62.536960 1.096091 0.389158
0.687767 0.949092 0.985779 0.976302 0.819087 0.675052 0.140845 0.375000 75.251168 1.329597 0.542637
0.917219 1.063915 1.048755 0.964321 0.796658 1.023414 0.140845 0.250000 51.766910 0.898291 0.572525
0.962108 1.195365 1.115602 1.031372 1.601459 1.063662 0.140845 0.000000 57.195127 0.997984 0.689376
0.942323 1.267848 1.157984 1.069942 1.777505 0.948263 0.140845 0.125000 59.748548 1.044880 0.757251
0.945773 1.221903 1.115579 1.041517 1.693562 1.078223 0.140845 0.000000 58.292556 1.018140 0.802937
1.024566 1.217534 1.128661 1.000403 1.797250 1.204948 0.140845 0.125000 61.836004 1.083218 0.915195
1.005455 1.286835 1.200494 0.999955 1.806908 1.810788 0.281690 0.250000 73.349340 1.294668 0.882404
1.082685 1.201469 1.136230 0.958782 1.251381 1.525453 0.281690 0.125000 60.415616 1.057131 0.852771
1.000053 1.296194 1.208824 0.992900 1.527036 1.523692 0.281690 0.000000 68.457607 1.204828 0.997903
0.935683 1.395901 1.294465 1.017742 1.176544 1.829038 0.281690 0.375000 71.114182 1.253618 0.864506
0.866438 1.356559 1.259570 1.034033 1.156721 1.914871 0.140845 0.500000 71.529658 1.261249 0.852085
0.729999 1.237376 1.138906 0.952864 1.261890 1.532523 0.140845 0.375000 72.080407 1.271363 0.826937
0.655036 0.794622 0.723497 0.696346 0.840843 0.955280 0.281690 0.500000 45.208998 0.777851 0.824793
0.533914 0.398941 0.457778 0.515618 0.471003 0.489871 1.549296 0.625000 38.527536 0.655141 0.694421
0.505180 0.224387 0.296562 0.429774 0.194092 0.121404 0.845070 0.750000 22.008424 0.351755 0.544302
0.513708 0.175094 0.213060 0.389510 0.083538 0.144953 0.000000 0.000000 9.651898 0.124819 0.499348
0.540395 0.071990 0.072410 0.179723 0.002459 0.082224 0.985915 0.125000 4.207989 0.024837 0.426042
0.571610 0.023130 0.033918 0.107811 0.013560 0.034836 0.000000 0.000000 3.682767 0.015191 0.537267
0.560409 0.000175 0.000002 0.045070 -0.007007 0.008958 0.563380 0.500000 2.532762 -0.005929 0.514079
0.572717 -0.001897 -0.000020 0.035873 0.005944 -0.007928 0.000000 0.875000 2.499473 -0.006541 0.676385
0.581449 -0.001572 -0.000551 0.000567 0.030674 -0.016968 0.563380 0.375000 2.885807 0.000554 0.499391
0.591473 0.001072 0.005442 -0.008600 0.017222 0.015879 0.704225 0.500000 3.119627 0.004849 0.553053
0.618689 -0.015555 -0.018189 -0.023483 -0.005461 -0.013938 0.704225 0.375000 2.086187 -0.014131 0.692794
0.627105 -0.020484 -0.020504 -0.037775 -0.005663 -0.016835 0.140845 1.000000 2.041800 -0.014946 0.787895
0.634095 -0.020366 -0.020017 -0.035678 -0.004934 -0.012990 0.000000 0.375000 2.122510 -0.013464 0.676287
0.679026 -0.023100 -0.022983 -0.024304 0.000249 0.000228 0.000000 0.000000 2.532185 -0.005940 0.388072
0.725106 0.017377 0.012600 0.086523 0.006994 0.027887 0.000000 0.000000 3.426357 0.010482 0.368889
0.726407 0.015928 0.013121 0.069267 -0.004474 0.018088 0.000000 0.000000 3.053837 0.003640 0.601917
0.722099 0.014503 0.015138 0.081448 -0.007710 0.006019 0.000000 1.000000 2.670497 -0.003400 0.765399
0.728608 0.016480 0.019118 0.097515 0.003751 0.007115 0.563380 1.000000 2.861608 0.000110 0.907209
0.779822 -0.023200 -0.027546 -0.045794 -0.015006 -0.002906 1.549296 0.000000 2.073390 -0.014366 0.679225
0.775032 -0.015052 -0.024000 -0.005102 -0.013817 -0.005958 0.000000 0.125000 2.134195 -0.013249 0.759116
0.690856 0.006646 0.014485 0.024862 0.008848 0.013232 0.422535 0.125000 3.150238 0.005411 0.502970
0.776669 -0.025758 -0.026254 -0.037190 -0.006980 -0.013164 0.140845 0.250000 2.231100 -0.011470 0.429670
0.760028 0.006568 0.008984 0.022815 0.020243 0.001841 0.140845 0.375000 2.987703 0.002426 0.711832
0.767965 0.007545 0.010186 0.012177 0.027902 -0.002055 0.281690 0.500000 3.007680 0.002793 0.610701
0.710528 -0.047698 -0.038964 -0.137898 -0.005591 -0.021777 0.281690 0.500000 2.152473 -0.012914 0.383179
0.771984 0.000748 0.003933 -0.022628 0.011732 -0.010226 0.422535 0.375000 2.888962 0.000612 0.360289
0.767298 -0.010825 -0.002001 -0.034279 -0.012101 -0.002110 0.422535 0.000000 3.190347 0.006148 0.416163
0.815200 -0.014089 -0.006185 -0.031235 -0.030438 0.019946 0.000000 0.000000 2.801695 -0.000990 0.676199
0.838879 -0.064068 -0.044143 -0.199763 -0.023077 -0.010049 0.000000 0.000000 1.925167 -0.017088 0.770488
0.840429 -0.059114 -0.040682 -0.187477 -0.014618 -0.014940 0.140845 0.000000 1.984376 -0.016001 0.633060
0.836582 -0.053197 -0.038950 -0.166732 -0.002238 -0.022511 0.281690 0.375000 2.033871 -0.015092 0.588477
0.841945 -0.051065 -0.039606 -0.143454 -0.016184 -0.013110 0.140845 0.500000 2.101036 -0.013858 0.731940
0.812618 0.221563 0.213877 0.426158 0.010608 0.122664 0.845070 0.000000 6.535623 0.067586 0.593275
0.792418 0.304073 0.278762 0.503759 0.053044 0.118349 0.845070 0.000000 7.637956 0.087831 0.697547
0.808945 0.398951 0.375229 0.621136 0.106980 0.123474 0.000000 0.000000 15.207864 0.226858 0.931020
0.813099 0.464094 0.432591 0.698388 0.163750 0.207270 0.000000 0.125000 24.888063 0.404642 0.963429
0.824867 0.627502 0.546883 0.828299 0.216438 0.456453 0.140845 0.000000 30.096776 0.500304 0.859709
0.860504 0.745903 0.698256 0.906453 0.556102 0.738529 0.281690 0.250000 36.012464 0.608950 0.862235
0.885108 0.788526 0.744684 0.941296 0.719242 0.630981 0.422535 0.125000 33.988931 0.571786 0.812101
0.798318 0.937884 0.816101 1.008080 0.773781 0.840530 0.704225 1.000000 36.138898 0.611272 0.637745
0.776806 0.947983 0.808533 1.037689 0.632197 0.728842 0.140845 0.375000 31.090916 0.518562 0.896569
0.805556 0.976352 0.815005 1.022484 0.642209 0.672653 0.563380 0.750000 30.415227 0.506152 0.780295
0.780970 0.952449 0.817442 1.013591 0.937739 0.743234 0.563380 0.000000 36.205603 0.612497 0.709164
0.948022 0.832514 0.778301 0.880021 0.582634 0.934417 0.704225 0.000000 33.670009 0.565929 1.488243
0.991340 0.852594 0.785972 0.875135 0.569390 0.966766 0.845070 0.625000 32.538082 0.545140 1.652832
0.979506 0.819395 0.764607 0.852541 0.668870 0.999751 0.845070 0.000000 35.058790 0.591435 1.340240
0.948656 0.793013 0.709509 0.854876 0.697960 0.968384 0.563380 0.125000 35.139062 0.592909 1.288395
0.878185 0.654137 0.627464 0.775334 0.905257 0.578345 0.281690 0.000000 31.856420 0.532621 1.028439
0.834175 0.630900 0.626917 0.782878 0.846056 0.515937 0.140845 0.000000 31.400927 0.524255 0.977357
0.737949 0.565803 0.551203 0.782365 0.635470 0.381109 0.140845 0.625000 29.319206 0.486023 0.873443
0.727084 0.547518 0.497757 0.777468 0.370695 0.318947 0.281690 0.500000 23.826694 0.385149 0.847127
0.686016 0.496524 0.449929 0.753557 0.221141 0.310231 0.422535 0.125000 18.879860 0.294297 0.768286
0.656813 0.445567 0.383556 0.714984 0.234707 0.314185 0.000000 0.625000 14.862025 0.220506 0.507793
0.604369 0.373155 0.290068 0.638200 0.166690 0.192842 0.422535 0.375000 10.130010 0.133600 0.352005
0.503866 0.336227 0.280628 0.589540 0.075650 0.120954 0.845070 1.125000 7.878835 0.092255 0.314876
0.513235 0.294326 0.235959 0.545399 0.106859 0.115536 0.422535 0.250000 8.178566 0.097760 0.670040
0.549110 0.361887 0.282682 0.660508 0.127343 0.161601 0.000000 0.250000 9.114287 0.114945 0.716344
0.519898 0.345954 0.270599 0.671548 0.105994 0.186764 0.140845 0.500000 8.814203 0.109434 0.762318
0.515076 0.351271 0.271478 0.664093 0.079481 0.226689 0.140845 0.750000 9.020313 0.113219 0.715123
0.515076 0.344670 0.278632 0.634272 0.080364 0.228396 0.140845 0.375000 9.603821 0.123936 0.739570
0.576756 0.274720 0.219329 0.564560 0.091032 0.144551 0.704225 0.625000 7.621213 0.087524 0.973125
0.609730 0.260579 0.201434 0.530252 0.090076 0.168825 0.704225 0.750000 7.639565 0.087861 0.949833
0.619226 0.250366 0.192813 0.567173 0.104958 0.149945 0.422535 0.750000 7.366190 0.082840 0.949072
0.554960 0.263179 0.203701 0.561402 0.125763 0.097429 0.422535 0.000000 6.857224 0.073492 0.638376
0.589858 0.235110 0.193021 0.548060 0.148858 0.074687 1.126761 0.625000 7.039961 0.076849 0.807822
0.583175 0.228694 0.191029 0.540949 0.115693 0.096479 1.126761 0.625000 6.830164 0.072995 0.549820
0.575738 0.252302 0.201652 0.581506 0.069081 0.103511 0.985915 0.500000 6.318668 0.063601 0.502829
0.574765 0.239531 0.186688 0.573597 0.050965 0.085552 0.000000 0.500000 6.110402 0.059776 0.408290
0.562323 0.243270 0.190068 0.555429 0.053225 0.099942 0.140845 0.375000 6.787053 0.072204 0.407807
0.461631 0.268018 0.194518 0.588013 0.042566 0.158597 0.281690 0.500000 7.351550 0.082571 0.666572
0.496042 0.282600 0.216210 0.608573 0.072720 0.200746 0.000000 0.625000 8.225761 0.098627 0.385746
0.493541 0.258157 0.208787 0.549352 0.053205 0.127612 0.704225 0.000000 7.411912 0.083680 0.940206
0.495085 0.256262 0.213622 0.565018 0.060506 0.136729 0.000000 0.000000 7.750745 0.089903 1.080328
0.507919 0.271978 0.219475 0.591508 0.096147 0.106658 0.140845 0.000000 7.374003 0.082983 1.103589
0.517238 0.267191 0.216385 0.601088 0.131086 0.081644 0.563380 0.000000 7.102229 0.077992 0.986779
0.542528 0.312786 0.245611 0.620875 0.121074 0.133451 0.563380 0.625000 8.053931 0.095471 0.986527
0.583104 0.254283 0.202836 0.574629 0.119299 0.120404 0.563380 0.500000 8.005582 0.094583 1.125666
0.588672 0.257439 0.208481 0.603699 0.113324 0.115706 0.563380 0.500000 8.549923 0.104580 1.195588
0.648691 0.257747 0.203314 0.628710 0.118883 0.090479 0.704225 0.125000 8.803546 0.109238 1.158232
0.621341 0.307814 0.240624 0.651226 0.089265 0.060591 0.000000 0.125000 7.953183 0.093620 1.205551
0.592142 0.287445 0.248752 0.626337 0.073266 0.051520 0.704225 0.000000 6.972902 0.075617 1.040947
0.503254 0.378217 0.295627 0.741460 0.085169 0.175956 0.704225 1.625000 9.304359 0.118436 0.946610
0.508866 0.386555 0.299765 0.738872 0.073131 0.198050 0.845070 0.000000 9.415401 0.120475 0.899670
0.496619 0.366506 0.297596 0.732952 0.078700 0.252188 0.985915 0.125000 10.392119 0.138413 0.641896
0.456160 0.412336 0.337178 0.781750 0.113515 0.285911 0.000000 0.125000 12.782525 0.182315 0.477684
0.459992 0.394724 0.327180 0.769777 0.090074 0.260219 0.845070 0.000000 13.862324 0.202146 0.312901
0.447662 0.406011 0.345414 0.801157 0.075506 0.237227 0.845070 0.000000 13.702110 0.199204 0.313154
0.420879 0.410645 0.342599 0.796035 0.108649 0.263645 0.845070 1.125000 12.805521 0.182737 0.524522
0.407750 0.381160 0.322917 0.747052 0.193931 0.245535 0.845070 1.125000 12.201717 0.171648 0.582031
0.401224 0.353686 0.313132 0.701491 0.285805 0.175223 1.126761 1.000000 11.711604 0.162647 0.321819
0.411129 0.357813 0.309893 0.721758 0.305324 0.156266 0.985915 0.000000 11.483979 0.158466 0.452868
0.411457 0.312987 0.287655 0.681388 0.279303 0.188182 0.000000 0.000000 12.133980 0.170404 0.583481
0.406753 0.304396 0.277448 0.685717 0.223307 0.209861 0.000000 0.000000 12.174313 0.171145 0.453094
0.400394 0.301680 0.281413 0.641604 0.156410 0.199078 0.140845 0.000000 10.430322 0.139115 0.687157
0.432175 0.420198 0.331758 0.740466 0.214179 0.189153 0.000000 0.125000 10.941911 0.148511 0.948780
0.460610 0.401675 0.324042 0.713357 0.234525 0.153388 0.140845 0.500000 10.412959 0.138796 1.079717
0.404698 0.282819 0.252471 0.559007 0.266741 0.038341 0.140845 0.250000 8.768837 0.108601 1.027873
0.408867 0.282657 0.259907 0.559437 0.230948 0.052949 0.140845 0.250000 9.177255 0.116101 0.974956
0.421964 0.280139 0.268318 0.585751 0.160453 0.121371 0.140845 0.250000 9.889832 0.129188 0.995314
0.412997 0.299405 0.276249 0.609217 0.111283 0.159866 0.140845 0.000000 10.375878 0.138115 1.112345
0.385324 0.345923 0.301878 0.625391 0.114377 0.187445 0.281690 0.625000 11.568196 0.160013 1.018873
0.380677 0.377923 0.322807 0.658207 0.137508 0.205693 0.140845 1.000000 11.543577 0.159561 0.831445
0.379701 0.384316 0.326445 0.659437 0.167238 0.256051 0.000000 0.250000 12.003079 0.168000 0.902313
0.363717 0.449129 0.366131 0.687868 0.142421 0.313599 0.845070 0.250000 13.171976 0.189467 0.832208
0.140246 0.999583 1.024664 0.914139 0.853970 0.657228 0.140845 0.000000 101.689598 1.815158 -0.374634
0.059967 1.003756 1.014127 0.948299 0.721055 1.002238 0.140845 0.000000 51.948098 0.901619 -0.284050
0.103145 1.121569 0.998430 1.110913 1.538566 1.122266 0.563380 0.125000 61.238861 1.072251 0.026210
-0.035049 0.958824 0.915793 1.039566 0.858001 0.848325 0.140845 0.250000 45.240070 0.778421 0.000402
0.278313 1.187739 1.194879 0.995091 1.111516 0.635974 0.000000 0.250000 48.711411 0.842175 0.015984
0.157389 1.112621 1.040568 0.982454 1.368369 0.385643 0.281690 0.500000 65.385389 1.148405 -0.541286
0.059953 1.074995 1.044058 0.945276 0.992150 0.725862 1.690141 0.000000 81.017957 1.435508 -0.317217
0.027814 0.991510 0.982390 0.948662 0.966789 1.268423 0.422535 0.000000 69.388040 1.221916 -0.325448
0.111282 0.846032 0.843685 0.923033 1.042486 1.151677 0.563380 0.125000 51.979543 0.902197 -0.281843
0.090583 0.833208 0.807039 0.894646 0.794515 1.006546 0.563380 0.125000 48.199481 0.832773 -0.281843
-0.100712 0.832256 0.798252 0.925305 1.073660 0.809683 0.422535 0.000000 41.162235 0.703529 -0.388108
-0.142313 0.865266 0.825286 0.928792 0.690929 0.666155 0.563380 0.125000 36.965571 0.626454 -0.131223
-0.151318 0.853184 0.789141 0.938226 0.400593 0.473668 0.281690 0.250000 34.707707 0.584987 -0.004048
-0.191336 0.879201 0.780366 0.995091 0.449576 0.438340 0.281690 0.250000 38.036525 0.646123 0.221272
-0.274409 0.761199 0.767587 0.948940 0.778163 0.560726 0.845070 0.500000 42.468731 0.727524 0.175619
-0.250770 0.823984 0.832779 0.967931 0.786078 0.723377 0.704225 0.375000 44.580494 0.766308 0.235922
-0.199438 0.826412 0.815667 0.973975 0.772521 0.631397 0.563380 0.500000 38.371011 0.652266 -0.003615
-0.253110 0.861156 0.858826 1.006166 0.854510 0.883004 0.422535 0.250000 40.615921 0.693495 -0.021817
-0.287677 0.826723 0.809078 0.991331 0.626464 1.029628 0.985915 0.375000 36.314852 0.614503 -0.032024
-0.296043 0.850436 0.813796 0.991092 0.995279 0.823144 0.563380 0.250000 40.954024 0.699705 -0.032024
-0.333189 0.946180 0.906933 1.018157 0.951176 0.683323 0.563380 0.125000 48.179223 0.832401 0.023626
-0.337214 0.887567 0.870605 1.022676 0.760502 0.691248 0.563380 0.125000 53.493932 0.930009 0.051807
-0.284205 0.866715 0.888507 0.999651 0.754830 0.750225 0.422535 0.250000 51.138529 0.886751 0.135369
-0.240719 0.825183 0.837333 1.014763 0.863244 0.665676 0.000000 0.125000 38.872069 0.661468 0.108805
0.123543 0.583468 0.743607 0.784315 0.604049 0.405836 0.140845 0.125000 32.860603 0.551063 0.229580
0.117994 0.585145 0.768780 0.773479 0.905729 0.329403 0.000000 0.250000 29.302196 0.485711 0.229580
0.180534 0.550987 0.697078 0.742058 0.419779 0.293390 0.985915 0.125000 35.779556 0.604672 0.229580
0.322576 0.487188 0.622361 0.649490 0.322842 0.278158 0.985915 0.125000 32.690482 0.547939 0.289788
0.377198 0.517607 0.626883 0.639424 0.302012 0.267973 0.704225 0.125000 30.907642 0.515196 -0.030715
0.376250 0.532268 0.626584 0.633415 0.167159 0.251611 0.563380 0.000000 27.168939 0.446532 -0.086199
