1.000000
0.997009
0.994026
0.991053
0.988088
0.985132
0.982185
0.979247
0.976318
0.973398
0.970486
0.967583
0.964688
0.961803
0.958925
0.956057
0.953197
0.950346
0.947503
0.944669
0.941843
0.939025
0.936216
0.933416
0.930624
0.927840
0.925064
0.922297
0.919538
0.916787
0.914045
0.911311
0.908585
0.905867
0.903157
0.900455
0.897762
0.895076
0.892399
0.889729
0.887068
0.884414
0.881768
0.879131
0.876501
0.873879
0.871265
0.868659
0.866060
0.863469
0.860887
0.858311
0.855744
0.853184
0.850632
0.848087
0.845550
0.843021
0.840499
0.837985
0.835478
0.832979
0.830487
0.828003
0.825526
0.823057
0.820594
0.818140
0.815692
0.813252
0.810820
0.808394
0.805976
0.803565
0.801161
0.798765
0.796375
0.793993
0.791618
0.789250
0.786889
0.784535
0.782188
0.779848
0.777516
0.775190
0.772871
0.770559
0.768254
0.765956
0.763665
0.761380
0.759103
0.756832
0.754568
0.752311
0.750060
0.747816
0.745580
0.743349
0.741126
0.738909
0.736698
0.734495
0.732297
0.730107
0.727923
0.725745
0.723574
0.721410
0.719252
0.717100
0.714955
