1.398290 0.675235 2.840693 2.151930 2.760882 1.581889 0.825962 0.323145 0.947458 6.729431 8.511465 21.562493 6.439167 1.301240 1.534970 19.067345 43.501139 33.139366 0.224424 0.256983 19.442701
0.214774 0.079409 0.213147 0.947060 0.314148 0.767521 0.210105 0.065720 0.239902 0.893316 0.146817 0.782943 0.060900 0.003150 0.014098 0.151778 0.031707 0.048535 0.255347 0.253572 0.061008
1.024904 0.546143 2.129668 0.934966 0.830433 0.768468 0.671201 0.315114 0.984800 3.295196 5.699164 8.111499 1.986610 0.778820 0.510027 9.562845 30.082319 12.408035 0.253780 0.252874 0.428006
0.385171 0.249392 0.785109 0.263500 0.630610 1.013123 0.384916 0.259658 0.775399 0.190341 0.200466 0.374572 0.313342 1.881714 1.941598 0.106904 0.433339 0.089738 0.439228 0.437534 0.090592
0.255796 0.217043 0.413827 -0.035379 0.793782 0.478690 0.202445 0.245662 0.402506 0.180924 0.119394 0.252417 0.012425 0.003967 0.004409 0.082549 0.006637 0.020215 0.438981 0.437150 0.055749
0.233968 0.238681 0.453939 -0.043485 0.792826 0.481798 0.217181 0.228155 0.507170 0.181845 0.126665 0.234293 0.011725 0.002743 0.002774 0.017607 0.022864 0.003893 0.438455 0.436720 0.053554
0.225000 0.234355 0.435292 -0.030409 0.793891 0.479588 0.229615 0.227164 0.480629 0.145438 0.113658 0.179771 0.008314 0.002087 0.002489 0.012856 0.015459 0.017683 0.438875 0.436766 -0.004313
0.937559 0.917098 2.131976 1.046555 1.039085 0.719918 0.689211 0.536062 1.494511 4.579739 9.165471 14.433274 1.582200 1.209460 1.744841 15.269587 48.487845 22.843954 0.311896 0.435534 0.082335
0.372056 0.211608 0.708020 0.019229 0.614609 0.690016 0.336456 0.216339 0.740696 0.182217 0.142534 0.312506 0.011157 0.002619 0.005307 0.018604 -0.004697 0.017257 0.312535 0.310934 0.042950
0.342524 0.205307 0.690566 0.011427 0.614084 0.687188 0.307373 0.215532 0.749813 0.165431 0.119132 0.332722 0.011041 0.002401 0.005237 0.056078 0.004995 0.008742 0.312912 0.311269 0.000728
0.285156 0.203173 0.708253 0.004878 0.613651 0.688295 0.314282 0.250215 0.718193 0.149593 0.137500 0.358844 0.011729 0.002727 0.005155 -0.012534 0.012432 0.005292 0.313295 0.311534 0.052578
0.314494 0.199135 0.675065 0.010297 0.615954 0.685161 0.327319 0.198966 0.754889 0.167012 0.129244 0.322007 0.010846 0.002109 0.004153 0.051809 0.006897 -0.001669 0.313858 0.312081 0.028873
0.319033 0.222704 0.625916 0.017687 0.619103 0.685837 0.261375 0.229146 0.678958 0.154021 0.137723 0.347821 0.009033 0.002681 0.004929 0.015818 0.024142 0.003072 0.314293 0.312871 0.103136
0.321278 0.231560 0.613811 0.007290 0.618003 0.685482 0.305150 0.250950 0.629371 0.112211 0.157981 0.305971 0.009813 0.003134 0.004774 0.002869 0.049129 0.061874 0.314790 0.313078 0.032736
0.313202 0.265432 0.651153 0.012282 0.617769 0.687645 0.286147 0.258486 0.721545 0.155004 0.163193 0.335292 0.007715 0.003681 0.004880 -0.001144 0.004193 0.016664 0.315169 0.313303 0.023324
0.277886 0.218917 0.641779 0.016806 0.622533 0.689518 0.250878 0.236665 0.692115 0.139866 0.140256 0.334152 0.007447 0.002675 0.004224 0.034911 0.032182 -0.001933 0.315160 0.313442 0.087895
0.312107 0.241354 0.644602 0.004104 0.622817 0.682974 0.320580 0.229850 0.663661 0.130947 0.150257 0.352979 0.009235 0.002850 0.005083 -0.001026 0.025572 0.018072 0.315404 0.313436 0.015387
0.325302 0.233536 0.632986 0.002232 0.620136 0.684829 0.316037 0.241061 0.700792 0.155295 0.149089 0.305175 0.009392 0.002577 0.004600 0.030641 0.017802 0.019814 0.315809 0.313851 0.020841
0.246940 0.271255 0.718013 0.005547 0.621427 0.683333 0.224295 0.268570 0.739580 0.152599 0.176390 0.364739 0.009122 0.005216 0.005240 0.004997 0.042504 0.015496 0.315457 0.313838 -0.001829
0.315678 0.257229 0.640955 0.004742 0.623042 0.684102 0.335888 0.267832 0.703273 0.152935 0.161324 0.298503 0.008675 0.003026 0.004386 0.013939 0.010971 0.000319 0.315755 0.313861 0.030443
0.304103 0.240676 0.532641 0.001706 0.621503 0.684500 0.297658 0.253954 0.611671 0.145522 0.154036 0.264476 0.011140 0.002972 0.003472 0.032411 0.014868 0.010040 0.316175 0.314454 0.037365
0.273716 0.220856 0.627539 -0.000868 0.621240 0.682801 0.251597 0.213210 0.688949 0.143302 0.144041 0.286446 0.010532 0.002400 0.004057 0.024584 0.004193 0.008463 0.316197 0.314662 0.130735
0.282567 0.252558 0.639351 0.000736 0.617253 0.677593 0.281176 0.241635 0.691686 0.135997 0.153709 0.288628 0.010793 0.003318 0.004019 0.054912 0.040737 -0.006599 0.316474 0.315011 -0.003268
0.287616 0.217088 0.614143 -0.001672 0.622857 0.679565 0.290731 0.214909 0.655629 0.168760 0.144941 0.299991 0.009799 0.003322 0.004557 0.040429 0.026825 0.010440 0.316523 0.315047 0.055951
0.359171 0.237510 0.643042 -0.004993 0.618581 0.680581 0.351891 0.242242 0.728435 0.200848 0.151771 0.302692 0.012133 0.002650 0.004254 0.001295 -0.002119 0.020890 0.316675 0.314827 0.020240
0.296406 0.210522 0.545780 0.000579 0.621676 0.679598 0.284841 0.218827 0.585831 0.158253 0.129099 0.227022 0.010831 0.003145 0.003251 -0.001370 -0.011696 0.002201 0.317577 0.316016 0.083695
0.430393 0.352840 0.868752 1.800579 1.182010 0.684277 0.456254 0.373004 0.857657 0.166362 0.156441 0.239945 1.513103 0.860360 4.340274 0.077987 0.088406 0.005627 0.476911 0.958881 95.342668
0.119921 0.190423 0.020159 0.097404 0.998491 -0.020213 0.152598 0.215399 0.031401 0.051836 0.080805 -0.018201 0.002464 0.000812 -0.001258 0.008865 0.016655 0.010371 0.966775 0.965280 0.331291
0.134477 0.168512 0.038815 0.087833 0.998400 -0.012843 0.091854 0.178607 0.069023 0.041981 0.077975 -0.002278 0.001147 0.000410 -0.000832 0.010290 0.003749 0.014431 0.968995 0.967034 0.147658
0.051116 0.165123 -0.014288 0.091111 0.996065 -0.005987 0.054288 0.187811 0.008754 0.042929 0.073444 0.000248 0.004347 0.000178 0.007557 0.044187 0.003404 0.072610 0.970248 0.967989 0.129325
0.048872 0.164968 -0.023006 0.082676 0.998982 -0.003905 0.040259 0.194523 -0.033852 0.016236 0.073884 -0.069699 0.000854 0.000617 -0.001242 0.012934 0.001559 0.027213 0.971562 0.969455 0.081074
0.072758 0.175281 -0.011900 0.086456 0.994926 0.000284 0.068574 0.201503 -0.015056 0.016005 0.084232 -0.088881 0.000625 0.001024 -0.001788 0.025125 0.026061 0.003572 0.972492 0.970308 0.120772
0.024930 0.153441 0.028633 0.089226 0.991842 0.000147 -0.001493 0.159568 0.043127 -0.002189 0.062529 -0.000372 -0.000020 0.000208 0.000440 0.010440 0.001698 0.035989 0.974124 0.972185 0.149013
0.063557 0.155465 0.032003 0.082217 0.993917 0.001978 0.038166 0.181352 -0.013131 0.025407 0.067405 -0.015811 0.000718 0.000076 -0.001199 0.065349 0.005372 -0.003274 0.975227 0.972751 0.034356
0.053449 0.170436 0.115479 0.089474 1.023651 0.014372 0.037545 0.184098 0.133765 0.028014 0.075458 0.214187 0.000013 0.001056 0.010612 0.001928 -0.003518 0.169117 0.975478 0.973057 0.047151
0.031469 0.170446 0.065987 0.077299 0.995126 0.008140 0.036748 0.193733 0.041216 0.051699 0.083276 0.493820 0.026395 0.005833 0.055165 0.062611 0.074144 0.651281 0.972106 0.973946 2.527430
0.026101 0.125456 0.037407 0.093434 1.001526 -0.027545 0.013369 0.150507 0.016095 0.042095 0.057438 0.176926 0.005735 0.002782 0.018893 0.015365 0.057422 0.225251 0.979226 0.978496 0.044728
0.061687 0.127290 0.100255 0.079793 0.988254 0.015374 0.047636 0.142922 0.086959 0.064655 0.065230 0.141289 0.058359 0.006388 0.049892 0.095959 0.114985 0.187672 0.983624 0.981480 0.132226
0.019920 0.132093 0.002891 0.091196 0.994530 0.006297 0.056759 0.146381 0.010044 0.041184 0.069597 0.200196 0.002045 0.001161 0.012246 0.037562 0.017882 0.056194 0.972986 0.971229 0.035054
0.067252 0.164349 0.081623 0.088191 0.994551 -0.000220 0.032655 0.162707 0.072990 0.039480 0.072407 0.104626 0.022461 0.006603 0.047828 0.077478 -0.007742 0.006802 0.973749 0.985224 0.048491
0.053531 0.144009 0.236263 0.098818 0.988887 0.034169 0.053455 0.168769 0.230066 0.207035 0.081103 0.664198 0.039239 0.011359 0.099621 0.464710 0.180849 0.816347 0.990062 0.991283 0.744821
0.059221 0.167464 0.080375 0.101383 0.983395 0.042186 0.056090 0.157088 0.087424 0.037852 0.083559 0.181357 0.000990 0.001414 0.003778 0.017682 0.033974 0.044059 0.992537 0.991032 0.164248
0.047288 0.160716 0.138436 0.099095 0.981548 0.043148 0.033393 0.194421 0.148875 0.144553 0.094839 0.267907 0.040272 0.005036 0.011643 0.410314 0.261203 0.243554 0.984841 0.991025 0.149337
0.047204 0.168330 0.169956 0.109883 0.987159 0.026267 0.105894 0.194062 0.164587 0.067119 0.077633 0.211193 0.018297 0.006828 0.051010 0.225598 0.068486 0.156663 0.988903 0.988889 1.103313
0.003203 0.138383 0.030025 0.097205 0.984352 0.041891 0.007659 0.150578 0.021935 0.016841 0.069166 0.056120 0.009607 0.007135 0.073903 0.020897 0.020662 0.003958 0.993812 0.995629 1.094129
0.035650 0.138691 -0.012598 0.087865 0.980969 0.056537 0.027353 0.137849 -0.014545 0.021460 0.053076 0.040853 -0.000795 0.000508 0.000404 -0.000359 0.003453 0.010154 0.998379 0.995876 0.045426
0.064122 0.156494 0.102313 0.086639 0.982580 0.058065 0.056176 0.189378 0.120294 0.031144 0.073036 0.161369 0.003547 0.004783 0.012041 0.044918 0.031871 0.046383 0.998317 1.000149 0.077179
-0.005044 0.132646 -0.004337 0.091588 0.973897 0.066855 -0.007804 0.153253 -0.037530 -0.023230 0.061965 0.065197 -0.002143 0.000153 0.000945 0.010016 0.018508 0.038935 1.002431 0.999901 0.052957
-0.009238 0.142114 0.061907 0.091184 0.981615 0.066138 0.025892 0.157140 0.045261 -0.017704 0.057719 0.063586 -0.001522 -0.000201 0.001082 0.013910 0.013082 0.022140 1.002687 1.000148 0.033145
-0.064674 0.151277 0.011808 0.082946 0.976919 0.066679 -0.065942 0.170551 0.032673 -0.037118 0.072163 0.074732 -0.001739 0.000272 0.001103 0.023954 0.008599 0.042212 1.002760 1.000447 0.045597
-0.011932 0.121055 0.008099 0.084368 0.981867 0.067667 -0.022833 0.135944 0.012252 -0.014964 0.053083 0.032985 -0.002764 0.000110 0.003460 0.005032 0.011622 0.024163 1.005188 1.002676 0.083572
0.003277 0.131672 -0.014580 0.090929 0.977032 0.072209 0.004458 0.141666 -0.042303 -0.031311 0.055239 0.027901 0.000941 -0.000114 -0.000606 0.011903 0.010927 -0.002695 1.005110 1.002591 0.031983
0.014957 0.140672 0.054790 0.078166 0.973126 0.069683 0.000995 0.144727 0.022751 0.001459 0.077536 0.080458 0.004968 0.032294 0.133206 0.052228 0.043079 0.059510 1.006249 1.003626 -0.001947
0.085560 -0.000896 0.808779 0.339622 0.883822 0.053868 0.071394 0.009963 0.890011 0.031937 -0.009470 0.330938 0.580405 1.242189 0.971909 0.068319 0.039756 0.024330 0.001520 0.000008 0.054644
0.059274 -0.026609 0.789309 0.196308 -0.002077 0.996004 0.029190 -0.016552 0.927599 0.059753 -0.017601 0.346450 0.006119 -0.001979 0.005573 0.045849 -0.001078 0.035365 0.000944 -0.000013 -0.000121
0.123197 -0.008396 0.812943 0.188591 0.000448 1.001876 0.092451 -0.001265 0.895775 0.090994 0.001265 0.340237 0.035039 0.038899 0.018848 0.100863 0.020364 0.003782 0.001699 0.002488 0.937247
0.047234 0.009549 0.875953 0.167797 0.017478 0.996407 0.062907 0.020236 0.996278 0.048025 0.022254 0.403873 0.096951 0.074860 0.019904 0.093467 0.060119 0.048108 0.004537 0.003761 0.220323
0.013037 -0.001716 0.758109 0.185680 -0.007617 1.004997 -0.027152 -0.002495 1.005582 0.035877 -0.001898 0.372314 0.001824 -0.001815 0.005960 -0.006212 0.003640 0.035331 -0.002993 -0.004500 0.029964
-0.004805 0.004147 0.805205 0.181889 -0.008228 0.998749 0.028247 0.000843 0.970102 0.034228 0.002130 0.359780 0.013411 0.003116 0.008833 0.036736 0.032121 0.009029 -0.003110 -0.004493 0.028233
-0.032462 0.000597 0.884186 0.183398 -0.007345 0.997702 -0.037935 -0.004282 1.016034 0.053903 -0.011380 0.507877 0.005075 0.009917 0.020435 0.084267 0.013542 0.209899 -0.001416 -0.002687 0.094515
0.035484 -0.026260 0.811238 0.175636 -0.002919 1.002519 0.021240 -0.020825 0.954926 0.026005 -0.019995 0.366171 0.000261 -0.002338 0.005325 0.003849 0.000719 0.017664 -0.001459 -0.003066 0.028218
0.047598 -0.004809 0.814791 0.178653 -0.000672 0.998383 0.043224 -0.011522 0.916368 0.033223 -0.011877 0.346968 0.006095 -0.001734 0.005405 0.031579 0.006314 0.020034 -0.001613 -0.003069 0.052892
2.210274 1.159794 5.876268 1.632873 1.759248 1.747982 0.656769 0.216887 2.732401 10.090151 1.779925 3.279171 13.883580 2.867409 2.645199 35.236629 9.568499 4.718230 -0.001959 0.275774 0.045001
0.948334 1.554315 0.896725 1.412579 0.413808 0.646782 0.947871 1.524386 0.884567 1.160026 1.048065 0.924334 0.517413 0.254450 0.195814 1.802935 0.631266 0.561851 0.281124 0.280621 0.491002
0.514805 0.903166 0.448621 0.954500 0.365841 0.726171 0.559227 0.972462 0.350442 0.435772 0.678923 0.382238 0.035082 0.021519 0.005407 0.096117 0.153359 0.025211 0.284096 0.282965 0.107794
0.489354 0.823529 0.422898 0.948287 0.364762 0.726244 0.524381 0.888958 0.398887 0.368786 0.621257 0.306526 0.031419 0.018148 0.005344 0.037751 0.147190 0.030097 0.285615 0.283893 0.042770
0.527925 0.848337 0.419771 0.953701 0.376091 0.720040 0.499609 0.917416 0.452735 0.392603 0.640890 0.322274 0.024575 0.016963 0.005256 0.052486 0.014829 0.017555 0.286555 0.284914 0.060385
0.546367 0.872857 0.486248 0.956572 0.381814 0.723168 0.496890 0.903115 0.463545 0.399811 0.629008 0.390325 0.024447 0.018598 0.005937 0.030114 0.026786 0.014807 0.287551 0.286025 0.051610
0.548405 0.855010 0.524090 0.959101 0.387937 0.714361 0.568245 0.892220 0.450301 0.385950 0.606708 0.422266 0.025979 0.016770 0.006171 0.030628 0.028439 0.012415 0.287910 0.286166 0.021210
0.585165 0.939652 0.506344 0.944094 0.396681 0.716643 0.641644 0.933035 0.465855 0.471989 0.682209 0.446843 0.030160 0.020157 0.009035 0.055231 0.028242 0.056848 0.287081 0.286288 0.090759
0.627280 0.945500 0.525367 0.968963 0.375287 0.722665 0.645128 0.853306 0.505187 0.460512 0.657351 0.354528 0.046444 0.028058 0.017757 0.018383 0.014939 0.015269 0.287263 0.285585 0.023349
0.544488 0.909098 0.486532 0.953142 0.367487 0.724828 0.587434 0.910726 0.477302 0.412092 0.637223 0.346729 0.026118 0.017082 0.004572 0.038935 0.000911 0.009363 0.284814 0.283058 0.022909
0.565629 0.926221 0.420856 0.962370 0.375738 0.724145 0.589545 0.887538 0.416701 0.426074 0.637912 0.335186 0.030171 0.018852 0.005572 0.077515 0.020857 0.015863 0.285034 0.283265 -0.002311
0.546874 0.851631 0.542089 0.955331 0.364262 0.722212 0.561245 0.906552 0.482708 0.405109 0.634858 0.377107 0.026848 0.017069 0.005642 0.047051 0.040997 0.000955 0.285314 0.283402 0.021502
0.653528 1.034272 0.558560 0.957643 0.368038 0.725824 0.588740 1.016896 0.575965 0.454925 0.967956 1.113500 0.033235 0.142477 0.157620 0.069698 1.553101 1.275479 0.285429 0.315152 0.052400
0.602835 0.867108 0.489509 0.948350 0.437408 0.675373 0.600625 0.833737 0.442293 0.427818 0.635507 0.426163 0.029160 0.017999 0.008537 0.067833 0.156368 0.101420 0.314001 0.313717 0.036929
0.605416 0.902719 0.457508 0.947416 0.434097 0.678298 0.587409 0.916501 0.420022 0.426248 0.660491 0.341649 0.027896 0.018912 0.004911 0.060321 0.060154 0.012972 0.314176 0.312394 0.028120
0.504693 0.869579 0.497588 0.959655 0.410967 0.685678 0.582589 0.849472 0.452191 0.369712 0.626978 0.352530 0.023844 0.016921 0.004723 0.019356 0.064127 0.018158 0.314450 0.312714 0.046009
0.568418 0.879581 0.505310 0.957671 0.448156 0.681770 0.574694 0.882972 0.470772 0.395377 0.636285 0.398247 0.029715 0.021865 0.005592 0.015714 0.100684 0.025416 0.314042 0.312524 0.069619
3.328135 2.374146 3.175156 1.342147 0.790974 0.681826 1.719607 2.293695 1.778411 4.561878 2.120849 4.791003 6.698128 2.745422 1.042137 14.228255 7.803092 7.146970 0.201152 0.312165 22.887432
0.614043 0.961842 0.754973 0.669403 0.222273 0.892233 0.729614 1.086835 0.714807 0.557801 0.720586 0.466016 0.041264 0.034447 0.012144 0.062332 0.133741 0.002878 0.159663 0.159292 0.097445
0.593501 0.885881 0.691778 0.666418 0.215261 0.875692 0.598909 0.892435 0.765409 0.548263 0.732768 0.413636 0.038125 0.020408 0.006095 0.079959 0.085745 0.008955 0.162342 0.160798 0.021149
0.662861 0.874638 0.685515 0.664906 0.212918 0.878369 0.681548 0.903414 0.718956 0.545176 0.719968 0.418913 0.038188 0.020216 0.007064 0.101160 0.066801 0.054429 0.162213 0.160514 0.043391
0.666720 0.868857 0.775625 0.662031 0.196353 0.881740 0.694626 0.899708 0.816815 0.570296 0.718026 0.442603 0.034615 0.020814 0.007193 0.000239 0.003760 0.029351 0.161959 0.160293 0.017764
0.708647 0.949916 0.729386 0.660932 0.213614 0.874248 0.733733 0.969259 0.773762 0.600814 0.762472 0.423624 0.040893 0.021498 0.006634 0.004480 0.081195 0.025703 0.161966 0.160391 0.044304
0.835599 0.977152 0.813588 0.661124 0.209842 0.882279 0.875154 0.937872 0.812023 0.679611 0.807172 0.505666 0.059061 0.026316 0.009625 0.038290 0.042744 0.029634 0.159254 0.159626 0.207096
0.713246 0.858300 0.679645 0.667966 0.199706 0.879230 0.694514 0.855223 0.751557 0.572219 0.742904 0.426814 0.036202 0.020600 0.006734 0.005734 0.072662 0.024646 0.158877 0.157098 0.012907
0.695013 0.915464 0.706324 0.659669 0.225272 0.873139 0.748330 0.859683 0.774277 0.594782 0.737099 0.406576 0.038972 0.020090 0.005611 0.093948 0.068441 0.018483 0.158684 0.156963 0.050248
0.778273 0.953644 0.877245 0.662542 0.203163 0.881059 0.840168 0.947437 0.877885 0.608426 0.760291 0.542537 0.073994 0.028762 0.013003 0.057693 0.138388 0.007805 0.156853 0.156543 0.313637
0.688288 0.943054 0.834188 0.667059 0.194072 0.883144 0.803484 0.938792 0.891838 0.580044 0.750560 0.562308 0.037225 0.021133 0.014631 0.030869 0.051181 0.071720 0.156187 0.154471 0.016685
0.709723 0.876685 0.794280 0.667091 0.199611 0.882354 0.769996 0.879804 0.825840 0.587918 0.716306 0.511813 0.041858 0.019282 0.007559 0.043948 0.031785 -0.000478 0.156260 0.154499 0.012055
0.726321 0.946898 0.795670 0.669178 0.203390 0.879801 0.768782 0.924201 0.740338 0.589223 0.752983 0.517138 0.037323 0.020757 0.007998 0.008491 0.050658 0.013865 0.156237 0.154621 0.017744
0.672387 0.911011 0.809032 0.662922 0.200459 0.889541 0.709988 0.895526 0.804711 0.560657 0.740780 0.516115 0.040363 0.019758 0.007708 0.045034 0.001130 0.009644 0.156320 0.154740 0.059707
0.703545 0.949710 0.834068 0.679281 0.215563 0.913394 0.661065 0.951971 0.893353 0.588442 0.768381 0.582547 0.064477 0.025717 0.010755 0.024064 0.070298 0.024762 0.156201 0.154500 0.050252
0.739728 0.952919 0.830304 0.671191 0.185482 0.883726 0.750407 0.931401 0.845891 0.592219 0.791178 0.587514 0.037475 0.022918 0.008673 0.030816 0.034645 0.013876 0.155335 0.153779 0.039411
0.739642 0.947855 0.789728 0.668337 0.187704 0.886878 0.832441 0.886902 0.777183 0.588894 0.768452 0.555347 0.038102 0.022041 0.009620 0.043884 0.027020 0.037241 0.155356 0.153588 0.013392
1.041708 1.161299 1.154912 0.672730 0.575793 0.883113 1.197184 1.092156 1.311849 0.609709 0.786797 0.557481 0.657932 0.426715 0.148061 0.013292 0.088938 0.020138 0.155290 0.153592 0.011058
1.062634 1.133031 0.776940 0.706740 0.271279 0.874905 1.327078 1.374616 0.848848 0.667065 0.887840 0.403490 0.480927 0.238358 0.204391 0.090263 0.289034 0.110953 0.114955 0.115629 0.271705
0.854090 0.779217 0.412403 0.712078 0.033637 0.923767 0.960940 0.904465 0.396078 0.614668 0.756911 0.281523 0.040268 0.021810 0.003719 0.083173 0.097488 0.005131 0.114114 0.112564 0.001871
0.800253 0.803463 0.464066 0.700481 0.050006 0.919214 0.837736 0.959507 0.592107 0.613394 0.733470 0.247038 0.063448 0.053404 0.034853 0.092233 0.196004 0.019486 0.117979 0.116463 0.045973
0.882674 0.797147 0.507295 0.706875 0.063099 0.919161 0.956870 0.931424 0.574342 0.706582 0.778332 0.275532 0.044489 0.026954 0.007322 0.018620 0.150639 0.004176 0.118189 0.116675 0.041392
0.816916 0.819445 0.401355 0.709104 0.085310 0.904436 0.867167 0.929318 0.435774 0.654905 0.816915 0.274442 0.043609 0.029639 0.005887 0.088510 0.134792 0.029442 0.119294 0.118339 0.027145
0.853168 0.818978 0.384111 0.713116 0.051527 0.919299 0.902895 0.855539 0.449015 0.674696 0.758244 0.253362 0.043366 0.021403 0.003207 0.027242 0.032437 0.001791 0.119254 0.117723 0.038880
0.879862 0.816782 0.422920 0.705179 0.073535 0.910720 0.906726 0.910418 0.447282 0.682236 0.785662 0.238508 0.041718 0.022100 0.003159 0.001434 0.024927 0.020062 0.119454 0.117858 0.022759
0.787857 0.819346 0.457877 0.717384 0.064627 0.916960 0.915116 0.916462 0.478529 0.641334 0.787639 0.233869 0.043686 0.022238 0.003502 0.054344 0.067136 0.003237 0.119514 0.117794 0.009365
0.838317 0.780155 0.478749 0.709861 0.067085 0.917046 0.909462 0.863400 0.462873 0.599900 0.739270 0.276918 0.040539 0.020856 0.003345 0.016553 0.043656 0.000523 0.119405 0.117830 0.018252
0.911811 0.843864 0.467721 0.709313 0.081154 0.917295 0.969343 0.942930 0.467275 0.669789 0.807187 0.258264 0.042443 0.022310 0.003443 0.067233 0.051133 0.006024 0.119455 0.117769 0.000081
0.807929 0.777689 0.487656 0.706649 0.065936 0.919060 0.912728 0.874286 0.542897 0.588895 0.785273 0.297968 0.037066 0.022355 0.003899 0.056848 0.082476 0.016112 0.119364 0.117705 0.010940
0.949973 0.892523 0.550486 0.700986 0.068372 0.917292 1.045985 0.978843 0.640020 0.663067 0.785331 0.293826 0.049051 0.028099 0.008040 0.053419 0.026702 0.021008 0.119494 0.117732 0.000152
0.868984 0.809384 0.442282 0.707070 0.067027 0.918661 0.946404 0.862113 0.413142 0.678568 0.787367 0.230430 0.043147 0.021701 0.003701 0.055730 0.062148 0.017528 0.118783 0.117082 0.021088
0.983397 0.896143 0.613496 0.698861 0.113607 0.916460 1.084633 0.988736 0.612492 0.728275 0.836688 0.406472 0.059134 0.035910 0.018593 0.086632 0.057871 0.005649 0.114634 0.116813 0.067695
0.886489 0.877518 0.487700 0.697326 0.055379 0.919103 0.894656 0.902798 0.523849 0.689212 0.809934 0.280314 0.046361 0.023113 0.003837 0.082085 0.095405 0.026620 0.115018 0.113363 0.022651
0.936689 0.854499 0.448713 0.704647 0.059327 0.922686 1.053844 0.979684 0.529610 0.716010 0.799880 0.272033 0.044994 0.028855 0.005466 0.011790 0.114701 0.014915 0.114997 0.113527 0.053155
