0.828495 0.825614 0.736714 0.840831 0.608632 0.411772 0.142857 0.333333 27.899401 0.602563 -0.185995
0.764511 0.945435 0.800467 0.975770 0.628526 0.377630 0.000000 0.333333 31.237523 0.697329 -0.340379
0.712993 0.840236 0.746201 0.858392 0.736412 0.359892 0.428571 0.333333 33.706571 0.767423 -0.340379
0.666955 0.834406 0.744343 0.896227 0.598238 0.576812 0.000000 0.333333 29.077352 0.636004 -0.154503
0.650491 0.767883 0.708392 0.904206 0.493884 0.554411 0.000000 0.500000 26.335706 0.558171 -0.030907
0.537103 0.687140 0.590930 0.830678 0.309393 0.533786 0.428571 0.833333 20.869548 0.402992 -0.119305
0.511514 0.671881 0.565697 0.876430 0.379295 0.508993 0.714286 0.500000 21.012199 0.407042 0.057376
0.515731 0.623208 0.546576 0.778522 0.366071 0.514388 0.571429 0.500000 20.846396 0.402335 0.020605
0.521000 0.582772 0.491880 0.802563 0.253959 0.511669 0.428571 0.666667 18.113471 0.324750 0.083760
0.531540 0.572872 0.468625 0.769468 0.232797 0.571090 1.000000 0.000000 17.998141 0.321476 0.175461
0.470684 0.553344 0.429188 0.748817 0.299267 0.484057 1.000000 1.000000 18.256123 0.328800 0.221339
0.508194 0.529625 0.417862 0.663131 0.279336 0.389968 0.428571 0.166667 17.171190 0.297999 0.358730
0.500744 0.522015 0.415907 0.652604 0.201094 0.416503 0.428571 0.000000 15.945238 0.263196 0.381757
0.549328 0.482903 0.365559 0.568188 0.190263 0.409516 0.571429 0.166667 14.859636 0.232377 0.340298
0.567244 0.411563 0.308653 0.523160 0.193496 0.277087 1.000000 0.500000 13.826982 0.203061 0.381564
0.528318 0.483862 0.380464 0.586309 0.176158 0.317431 0.142857 0.333333 14.195524 0.213523 0.505433
0.568216 0.508781 0.406645 0.571555 0.160861 0.388300 0.000000 0.000000 14.682697 0.227354 0.464336
0.522365 0.538522 0.395365 0.673277 0.169657 0.428587 0.571429 0.500000 15.497356 0.250481 0.505457
0.481761 0.623750 0.469332 0.743261 0.213204 0.549178 0.857143 0.166667 17.457427 0.306125 0.505264
0.434003 0.588014 0.457260 0.763956 0.236076 0.651079 0.857143 0.166667 18.785379 0.343825 0.463999
0.436681 0.579118 0.424973 0.728896 0.176503 0.610907 1.000000 0.666667 17.457328 0.306123 0.546578
0.424775 0.572142 0.450268 0.743261 0.222317 0.629168 0.857143 0.833333 18.865484 0.346099 0.505313
0.481410 0.607555 0.511308 0.820846 0.235308 0.715690 0.857143 0.666667 20.071288 0.380330 0.496014
0.463685 0.662636 0.534323 0.813114 0.167806 0.551459 0.857143 0.666667 16.880435 0.289745 0.587956
0.405322 0.670200 0.576327 0.791726 0.185485 0.492039 0.714286 1.000000 17.384081 0.304043 0.450404
0.402447 0.672710 0.569111 0.763303 0.311247 0.335531 1.000000 0.333333 21.448861 0.419438 0.450190
0.465688 0.647172 0.587186 0.738642 0.281086 0.300441 0.000000 2.000000 20.181136 0.383449 0.450190
0.579299 0.679583 0.633834 0.770463 0.454599 0.328484 1.000000 1.000000 23.672616 0.482569 0.473115
0.573320 0.603808 0.578968 0.780114 0.617040 0.329288 1.000000 0.000000 28.317989 0.614446 0.358636
0.650463 0.743110 0.652936 0.876430 0.503908 0.496842 0.000000 0.000000 27.367903 0.587474 0.404487
0.669314 0.953035 0.833084 0.937585 0.593760 0.592759 0.142857 0.666667 28.317008 0.614418 0.335470
0.745544 0.855715 0.762055 0.951004 0.609889 0.537512 0.142857 0.666667 26.913732 0.574581 0.335470
0.686980 0.944722 0.844142 0.994678 0.543849 0.795257 0.714286 0.333333 30.558359 0.678048 0.335470
0.844119 0.900508 0.869138 1.030269 0.818735 0.746304 0.142857 0.666667 34.494684 0.789796 0.252166
0.898109 0.907613 0.871839 1.034197 0.829943 0.814101 0.000000 0.500000 34.117819 0.779098 0.322224
0.997832 0.956203 0.955372 1.038071 0.686708 0.923707 0.857143 0.666667 33.812453 0.770429 0.278083
0.984123 0.933217 0.946473 1.052689 0.853500 0.880635 0.000000 0.666667 36.961293 0.859821 0.298478
0.965408 0.994133 0.973435 0.986797 0.991267 0.940878 0.000000 0.333333 38.453315 0.902178 0.277912
0.990463 1.034260 0.994653 1.003621 0.882425 0.999586 0.714286 0.500000 37.323123 0.870093 0.518296
0.992196 1.028629 0.993399 0.952418 0.825542 0.906666 1.000000 0.666667 36.178560 0.837600 0.655848
1.003252 0.997610 0.956734 0.940437 0.826966 0.927052 0.000000 0.333333 36.790575 0.854975 0.311968
1.041857 1.003585 0.974061 0.893696 0.814394 0.925456 1.142857 0.833333 37.935049 0.887465 0.174416
1.054584 0.995052 0.969801 0.815018 0.663476 0.990175 0.285714 0.000000 36.454338 0.845429 0.311968
0.935496 0.912158 0.894746 0.825091 0.443416 1.039595 0.285714 0.666667 32.894332 0.744364 0.381226
0.939730 0.913098 0.871127 0.909201 0.520509 0.950594 1.142857 0.833333 33.928303 0.773717 0.504927
1.031279 0.863565 0.864312 0.816692 0.616616 0.832415 1.571429 0.666667 35.146292 0.808295 0.504927
0.953235 0.947026 0.990176 0.879685 0.752526 1.057586 0.428571 0.666667 37.989551 0.889012 0.553006
0.986061 0.928285 0.983673 0.903674 0.805737 1.029236 0.285714 0.666667 37.041845 0.862108 0.587348
0.967005 0.976548 1.000791 0.855614 1.080840 0.828983 0.428571 0.666667 41.879638 0.999448 0.587348
0.785470 0.926020 0.992658 0.842615 0.991049 0.785927 0.428571 0.000000 40.776310 0.968126 0.439971
0.963380 0.918755 1.006767 0.870155 0.893932 0.867526 0.285714 0.166667 39.925383 0.943969 0.621782
0.901622 0.922764 1.012741 0.908503 0.859259 1.000620 0.571429 0.000000 41.345507 0.984285 0.528397
0.825121 1.026447 1.043518 1.022121 1.120730 0.946101 0.428571 0.000000 44.756861 1.081130 0.518618
0.884297 1.061878 1.081246 0.957309 1.147284 0.858898 0.142857 0.000000 43.484623 1.045012 0.518296
0.742263 0.958558 0.999473 0.891329 1.013100 0.821173 0.000000 0.000000 41.928245 1.000828 0.422010
0.670251 1.045074 1.054184 0.997586 1.174213 1.065275 0.714286 0.166667 50.356668 1.240103 0.518296
0.779829 0.980111 0.989462 0.928849 1.046930 0.929547 0.714286 0.833333 45.296309 1.096444 0.553046
0.786597 0.994430 0.984031 0.924043 0.877940 0.792293 0.000000 0.666667 40.729809 0.966806 0.587434
1.010878 0.913640 0.948862 0.857898 0.797078 0.744113 0.714286 0.333333 43.289999 1.039487 0.587434
1.016211 0.892009 0.922866 0.877062 0.622957 0.974854 0.285714 0.000000 41.530330 0.989532 0.621822
0.784886 0.864438 0.935962 0.806901 0.526518 1.034433 0.000000 0.333333 38.447270 0.902006 0.499163
0.653511 0.811496 0.881887 0.761731 0.423353 0.791348 0.428571 1.000000 35.144365 0.808240 0.587589
0.427939 0.600976 0.727603 0.552761 0.323501 0.568297 0.571429 0.000000 33.485537 0.761148 0.587765
0.309862 0.530975 0.700509 0.459659 0.306301 0.611411 0.000000 0.833333 33.788390 0.769745 0.587765
0.226663 0.437496 0.620967 0.446587 0.283360 0.356703 0.714286 0.833333 28.552590 0.621106 0.587903
0.031807 0.263242 0.403485 0.344059 0.136382 0.144669 0.714286 1.000000 19.432901 0.362207 0.588144
0.005489 0.097672 0.220244 0.191141 0.061083 0.090309 0.571429 0.833333 12.931123 0.177628 0.536425
0.030434 0.003921 0.091774 0.035917 0.009243 0.030478 0.142857 0.666667 7.690466 0.028851 0.484843
0.001477 -0.011969 0.041609 0.010648 -0.012437 -0.000816 0.142857 0.500000 6.193315 -0.013652 0.542293
0.009748 -0.015332 0.004701 0.018694 -0.006807 -0.016681 0.285714 0.500000 6.384983 -0.008210 0.633995
0.050031 -0.017653 -0.024306 0.001352 0.002980 -0.000801 0.428571 0.500000 7.081363 0.011559 0.742843
0.092015 -0.012189 -0.012541 -0.067478 -0.005039 -0.002345 0.285714 0.666667 6.953316 0.007924 0.794425
0.107461 -0.011251 -0.013612 -0.072711 -0.004471 -0.021116 0.571429 0.666667 6.158763 -0.014633 0.846037
0.148999 -0.003095 -0.009053 -0.057110 -0.010422 -0.006485 0.428571 0.500000 5.914369 -0.021571 0.897890
0.168453 0.002063 -0.020165 -0.088608 -0.017850 0.016173 0.285714 0.500000 6.065633 -0.017276 0.942017
0.184342 0.020653 -0.007051 -0.074943 0.009582 0.019145 0.285714 0.666667 6.460529 -0.006066 0.932037
0.164399 0.061241 0.023069 -0.002028 0.022695 0.052406 0.285714 0.833333 6.816633 0.004044 0.932037
0.136460 0.095490 0.044625 0.035917 0.023295 0.080638 0.142857 0.833333 7.332553 0.018690 1.000813
0.109572 0.140218 0.091065 0.081786 0.069203 0.049914 0.142857 0.500000 8.522645 0.052476 0.931675
0.084755 0.152896 0.088845 0.048390 0.073553 0.059774 0.142857 0.833333 8.522903 0.052483 0.932037
0.112608 0.189805 0.124943 0.165861 0.092413 0.138313 0.285714 1.166667 9.991559 0.094177 0.932037
0.074314 0.220724 0.145505 0.322707 0.114008 0.153462 0.142857 0.000000 10.845087 0.118408 0.932037
0.099228 0.234304 0.142588 0.399891 0.097780 0.141444 0.142857 1.500000 10.248755 0.101478 0.932037
0.053082 0.255379 0.139538 0.457303 0.052409 0.116834 0.285714 1.166667 9.032839 0.066960 0.918065
0.072556 0.357682 0.227544 0.618325 0.088350 0.189797 0.571429 0.000000 10.680712 0.113741 0.930593
0.070444 0.397437 0.248947 0.703990 0.076278 0.184628 0.571429 0.000000 10.079212 0.096665 0.940779
0.076021 0.399193 0.250657 0.735961 0.067321 0.186675 0.428571 0.166667 9.782241 0.088234 0.948419
0.074191 0.393463 0.247079 0.666343 0.081450 0.210238 0.285714 0.166667 10.800834 0.117151 0.948419
0.107925 0.347319 0.202222 0.556333 0.064472 0.211203 0.000000 0.666667 10.641479 0.112627 1.000001
0.127121 0.364924 0.224889 0.653702 0.085701 0.247478 0.000000 0.500000 11.107340 0.125853 0.999730
0.078707 0.363746 0.205838 0.621366 0.048123 0.186068 0.000000 0.500000 9.764278 0.087725 0.999730
0.153047 0.391653 0.236557 0.653308 0.067168 0.266881 0.000000 0.666667 11.283607 0.130857 0.999730
0.150461 0.404884 0.250470 0.634099 0.087777 0.275370 0.000000 0.500000 11.737653 0.143747 0.999420
0.138856 0.376332 0.239334 0.530532 0.072932 0.271184 0.857143 0.500000 11.644992 0.141116 0.999420
0.068644 0.324619 0.191355 0.511161 0.039828 0.207135 0.142857 0.666667 9.532267 0.081138 1.000451
-0.011064 0.397492 0.250409 0.558085 0.077720 0.191721 0.714286 0.833333 10.072654 0.096479 1.000451
-0.005171 0.420675 0.282595 0.566684 0.137016 0.228379 0.428571 0.166667 11.929990 0.149207 1.000090
0.000044 0.423794 0.288733 0.594028 0.124987 0.236992 0.428571 0.166667 11.950989 0.149803 1.000090
-0.000066 0.423119 0.284556 0.592099 0.102227 0.204745 0.714286 1.000000 10.863328 0.118925 0.931314
-0.034071 0.350366 0.227183 0.548832 0.107865 0.184325 0.428571 0.333333 10.381319 0.105242 0.941087
0.012785 0.385858 0.252366 0.555268 0.116208 0.230186 0.142857 0.166667 11.722164 0.143307 0.941087
-0.069158 0.382484 0.271674 0.498778 0.094380 0.391779 0.285714 0.000000 13.103490 0.182521 0.941087
-0.024284 0.335693 0.219350 0.476230 0.057936 0.272829 0.428571 0.333333 10.886304 0.119578 0.948417
0.016355 0.332205 0.220382 0.508195 0.067423 0.254572 0.000000 0.333333 10.958128 0.121617 0.954118
0.068864 0.270442 0.165795 0.388687 0.066964 0.173896 0.714286 0.333333 9.111495 0.069193 0.958679
0.086479 0.265383 0.163680 0.389127 0.032362 0.142848 1.285714 0.333333 8.553033 0.053338 0.953877
0.151296 0.198443 0.105906 0.320422 0.040969 0.000534 0.857143 0.500000 7.264902 0.016770 0.953877
0.151748 0.231991 0.125022 0.359252 0.068130 0.012188 0.857143 0.666667 8.348459 0.047531 0.954118
0.141852 0.236733 0.145755 0.363674 0.047736 0.046049 0.142857 0.666667 8.508605 0.052077 0.999969
0.135168 0.220144 0.133124 0.313649 0.045055 0.035114 0.857143 0.500000 8.197338 0.043241 0.999969
0.132734 0.208130 0.134186 0.342203 0.065871 0.058486 0.142857 0.500000 9.144059 0.070117 0.999969
0.146539 0.232045 0.137656 0.409229 0.065778 0.147226 0.142857 0.666667 10.018184 0.094933 0.999999
0.137242 0.252699 0.153661 0.438802 0.100297 0.117739 0.000000 0.500000 9.657232 0.084686 0.999999
