1.070681 0.347964 0.285955 0.624971 0.096660 0.109785 0.250000 0.285714 2.983349 0.075607 0.932458
1.089391 0.329481 0.274204 0.568448 0.168885 0.088171 0.125000 0.285714 3.522894 0.098746 0.954454
1.110210 0.331122 0.277753 0.599729 0.248235 0.107455 0.750000 0.857143 4.160582 0.126095 0.932997
1.148212 0.286454 0.245144 0.530881 0.204463 0.104780 0.375000 0.142857 3.355403 0.091563 0.832193
1.097525 0.226355 0.194546 0.414125 0.162736 0.140959 0.625000 0.285714 3.203522 0.085049 0.868512
1.105400 0.232908 0.192777 0.438773 0.139568 0.177426 0.500000 0.285714 3.283673 0.088487 0.971709
1.161843 0.201630 0.165463 0.375762 0.084895 0.184307 0.000000 0.285714 2.885727 0.071420 0.984455
1.089381 0.257699 0.210976 0.443510 0.103392 0.205543 0.500000 0.142857 3.457752 0.095952 1.018505
0.815349 0.303082 0.389148 0.575598 0.228377 0.127226 0.000000 0.285714 11.741266 0.451206 0.238863
0.857324 0.313646 0.364529 0.605143 0.222439 0.156282 0.000000 0.285714 12.725349 0.493411 0.221004
0.893033 0.316274 0.345994 0.585691 0.200550 0.254402 0.000000 0.571429 7.596464 0.273449 0.308217
0.842974 0.339921 0.363691 0.601839 0.213393 0.373590 0.250000 0.714286 6.546278 0.228410 0.380258
0.868275 0.345623 0.361348 0.612066 0.196659 0.295341 0.500000 0.000000 5.778430 0.195479 0.394735
0.922141 0.321159 0.297514 0.557607 0.172517 0.193048 0.500000 0.000000 5.154079 0.168703 0.405594
0.926532 0.320897 0.296984 0.552407 0.135473 0.195113 0.500000 0.428571 4.767388 0.152119 0.481601
0.945089 0.240307 0.212244 0.440070 0.119122 0.169443 0.125000 0.285714 3.593828 0.101788 0.481601
0.950150 0.236208 0.208630 0.436216 0.189621 0.177243 0.125000 0.142857 4.201358 0.127843 0.440054
0.958322 0.248237 0.214498 0.437504 0.201507 0.151379 0.000000 0.285714 4.483458 0.139942 0.440054
0.986642 0.347667 0.300837 0.539936 0.100092 0.208846 0.125000 0.285714 5.017724 0.162855 0.353188
0.927159 0.413848 0.383653 0.582311 0.083117 0.254542 0.125000 0.000000 4.984343 0.161423 0.266322
0.894256 0.454396 0.431831 0.633332 0.129271 0.293762 1.500000 0.000000 5.105203 0.166606 0.266322
0.910102 0.469546 0.437196 0.654614 0.146788 0.327230 0.000000 1.428571 5.506679 0.183824 0.266322
0.881198 0.480524 0.435322 0.667825 0.116533 0.303042 0.750000 0.285714 5.938021 0.202323 0.230443
0.822451 0.517902 0.488667 0.702179 0.152795 0.331559 0.250000 0.285714 8.111029 0.295517 0.230915
0.786805 0.523626 0.495511 0.726670 0.424102 0.378957 0.250000 0.142857 10.773795 0.409715 0.230915
0.859084 0.474937 0.421161 0.776460 0.219367 0.342000 0.750000 0.571429 6.603832 0.230878 0.025556
0.928213 0.530586 0.479369 0.844140 0.188379 0.378586 0.125000 0.571429 6.179380 0.212675 -0.005333
0.874790 0.535054 0.528911 0.853543 0.247776 0.473469 0.125000 0.714286 6.847970 0.241348 -0.005819
0.878771 0.549908 0.555107 0.827454 0.318797 0.480495 0.250000 0.571429 7.386715 0.264453 -0.005819
0.779680 0.546780 0.640599 0.790291 0.459648 0.513112 0.500000 0.571429 9.751470 0.365870 0.075418
0.700389 0.596526 0.729638 0.829595 0.905330 0.548598 0.625000 1.142857 16.830907 0.669485 0.090011
0.655997 0.713765 0.896149 0.869267 1.225310 0.513208 0.625000 0.428571 24.437854 0.995723 0.090358
0.695400 0.790054 0.978363 0.931313 0.875018 0.626935 0.625000 0.000000 24.313511 0.990391 0.090358
0.432069 0.944173 1.121544 0.965027 1.080995 0.585478 0.625000 0.285714 24.380035 0.993244 0.003145
0.396105 0.891666 1.083263 0.922044 0.874907 0.536071 0.625000 0.285714 21.709057 0.878694 0.003145
0.210023 0.863182 0.934951 0.927971 0.912306 0.666116 0.000000 0.285714 21.071949 0.851370 0.002798
0.159473 0.923089 1.000159 0.967241 1.534738 0.837923 0.500000 0.285714 24.542819 1.000225 0.024746
0.280416 1.101595 1.189292 1.070646 1.150473 1.513413 0.625000 0.142857 33.133363 1.368647 0.054987
0.297223 1.147569 1.177668 1.085432 0.636793 1.519362 0.625000 0.285714 30.444149 1.253315 0.126090
0.295541 1.190896 1.271720 1.114836 0.795746 1.663429 0.625000 0.142857 31.740940 1.308930 0.054987
0.387720 1.094868 1.124552 1.121489 1.002244 1.462770 1.125000 0.142857 27.888469 1.143710 0.115793
0.430830 1.056742 1.147373 1.127552 1.690585 1.383179 0.000000 0.142857 29.706918 1.221697 0.176357
0.289313 1.191293 1.242259 1.161676 2.478741 0.859460 0.125000 0.142857 43.814016 1.826707 0.115793
0.430383 1.067714 1.133866 1.058178 1.648915 0.726952 0.125000 0.857143 26.631153 1.089787 0.480388
0.270147 1.390785 1.416681 1.171761 1.470006 1.244094 0.250000 0.571429 46.335600 1.934849 0.480388
0.170797 1.222704 1.341771 1.080895 1.492565 1.822614 0.000000 0.000000 29.531241 1.214163 0.480388
0.260766 1.183486 1.292611 1.049171 1.759493 1.343048 0.500000 0.285714 31.144288 1.283341 0.429918
0.342043 1.111242 1.233364 1.063287 1.800241 1.235751 0.500000 0.285714 28.264364 1.159830 0.429918
0.441178 1.136265 1.264680 1.012353 1.952280 1.232381 0.625000 0.428571 27.081659 1.109108 0.328575
0.423806 1.168270 1.243365 0.987367 2.336676 1.509337 0.750000 0.285714 31.962472 1.318431 0.328575
0.467988 1.147483 1.233283 0.989351 2.365053 1.637813 0.875000 0.285714 39.159808 1.627102 0.328575
0.511955 1.153872 1.199308 0.978844 1.541688 1.231906 1.000000 0.428571 39.863345 1.657275 0.307003
0.574560 1.138754 1.147646 0.972110 1.215157 1.293267 0.875000 0.571429 32.156263 1.326742 0.524167
0.618152 1.141566 1.131346 1.031974 1.524132 1.304625 0.000000 0.142857 26.675109 1.091672 0.329181
0.699620 1.239938 1.176158 1.071265 2.116637 1.136553 0.000000 0.142857 28.274674 1.160273 0.264090
0.809180 1.240261 1.133355 1.102368 2.321990 1.108226 0.500000 0.000000 29.947401 1.232011 0.525034
0.742142 1.241572 1.160946 1.096384 2.409683 0.980532 0.500000 0.000000 30.393771 1.251154 0.582945
0.818110 1.252606 1.178240 1.097278 2.070502 1.001025 0.500000 0.000000 28.320033 1.162218 0.481601
0.755731 1.217535 1.119488 1.083429 1.543257 1.117696 0.375000 0.285714 24.740344 1.008696 0.582945
0.852727 1.245274 1.190807 1.134928 1.336674 1.379359 0.500000 0.285714 24.842683 1.013085 0.582945
0.740009 1.257431 1.176762 1.120313 1.456045 1.625045 0.125000 0.142857 27.397565 1.122656 0.380258
0.636537 1.181259 1.139400 1.059992 1.916372 1.483132 0.750000 0.285714 26.739855 1.094449 0.420795
0.520800 1.151092 1.184516 1.013480 2.063014 1.467756 0.000000 0.428571 27.146753 1.111900 0.177571
0.445051 1.113205 1.150699 0.994346 1.973633 1.563605 0.125000 0.571429 28.619585 1.175065 0.177571
0.439297 1.121048 1.167068 0.992164 2.012539 1.355768 0.125000 0.285714 28.804670 1.183003 0.278914
0.316943 1.063427 1.142418 0.965027 2.105350 1.182356 0.000000 0.142857 28.451798 1.167869 -0.127404
0.169438 0.985061 1.020818 0.946514 1.961753 1.336446 0.125000 0.142857 27.137814 1.111516 -0.127404
0.038816 0.880941 0.912043 0.920099 1.349671 1.484638 0.250000 0.142857 24.158735 0.983753 -0.127404
-0.088075 0.853347 0.832795 0.906767 0.839033 0.546020 1.250000 0.571429 17.539916 0.699892 -0.127168
0.443559 0.666028 0.559579 0.840720 0.269945 0.419702 0.125000 0.571429 8.306987 0.303921 0.109964
0.488058 0.645009 0.541351 0.846325 0.366691 0.419581 0.125000 0.571429 7.884901 0.285819 0.147127
0.524764 0.667887 0.551195 0.861691 0.515290 0.389124 0.250000 0.571429 9.039788 0.335349 0.207690
0.627832 0.643921 0.530323 0.847688 0.413223 0.380688 0.250000 0.571429 8.283434 0.302911 0.207690
0.616726 0.645289 0.503646 0.841319 0.334599 0.368806 0.375000 0.571429 7.406846 0.265317 0.177287
0.629553 0.675889 0.548250 0.851276 0.464545 0.512649 0.875000 0.428571 9.038303 0.335285 0.238377
0.674374 0.637073 0.516377 0.845334 0.456722 0.489948 1.000000 0.000000 8.966520 0.332206 0.211352
0.606472 0.680714 0.525701 0.835745 0.370020 0.410769 0.250000 0.142857 8.078141 0.294106 0.291583
0.656212 0.711369 0.563373 0.870904 0.674371 0.479000 0.125000 0.571429 10.724574 0.407604 0.405594
0.650764 0.685160 0.537058 0.854057 0.618253 0.535932 0.625000 0.285714 10.971926 0.418212 0.443598
0.648457 0.663282 0.521406 0.818293 0.446417 0.675473 1.500000 0.285714 10.683289 0.405833 0.329940
0.679331 0.626383 0.506298 0.830132 0.393351 0.572319 0.000000 0.142857 9.132306 0.339316 0.443952
0.655741 0.608640 0.475587 0.822210 0.362376 0.618340 0.125000 0.000000 9.069491 0.336622 0.443952
0.662849 0.632726 0.503789 0.833374 0.352654 0.592266 0.125000 1.285714 8.774732 0.323981 0.367944
0.679400 0.600670 0.489109 0.819764 0.345289 0.501141 0.125000 1.285714 8.111193 0.295524 0.443952
0.668637 0.580796 0.463146 0.825542 0.249783 0.384529 0.125000 0.142857 6.874515 0.242487 0.405265
0.704427 0.517434 0.424505 0.791637 0.154557 0.338189 1.000000 0.142857 6.428497 0.223358 0.379966
0.717862 0.475605 0.388824 0.769429 0.156327 0.347065 0.375000 0.571429 6.457674 0.224610 0.635588
0.703202 0.495021 0.408086 0.760684 0.205185 0.409271 0.500000 0.000000 6.895532 0.243388 0.635588
0.700115 0.607847 0.475771 0.813615 0.338721 0.528142 0.375000 0.000000 8.177724 0.298377 0.544379
0.710224 0.662208 0.530082 0.859079 0.336689 0.490982 0.250000 0.428571 8.033834 0.292206 0.513976
0.714350 0.616485 0.491586 0.837246 0.299043 0.431120 0.250000 1.428571 7.359192 0.263273 0.574782
0.743621 0.611215 0.488291 0.828345 0.282332 0.385215 0.250000 0.142857 7.044726 0.249786 0.544379
0.721858 0.565063 0.434359 0.796390 0.232164 0.420845 0.125000 0.428571 6.880358 0.242737 0.605468
0.771446 0.543886 0.450537 0.823824 0.239185 0.476258 0.000000 0.000000 6.997039 0.247741 0.514259
0.731575 0.592394 0.467378 0.821043 0.334549 0.514112 0.500000 0.000000 8.413117 0.308473 0.484119
0.711329 0.587621 0.487116 0.821541 0.403645 0.405453 0.000000 0.571429 8.029970 0.292041 0.518180
0.703068 0.637459 0.521455 0.859079 0.303273 0.388376 0.125000 0.571429 7.308568 0.261102 0.177886
0.673891 0.639308 0.549541 0.877788 0.328793 0.421621 0.250000 0.571429 8.210532 0.299784 0.076542
0.680494 0.589890 0.481118 0.859079 0.252977 0.390555 0.250000 0.571429 7.220344 0.257318 0.076542
0.717858 0.609506 0.495845 0.839483 0.445754 0.305227 0.250000 0.285714 7.768258 0.280817 0.076542
0.683952 0.586826 0.474820 0.830440 0.531805 0.281709 1.125000 0.142857 8.740256 0.322502 -0.227489
0.640624 0.711063 0.568235 0.891615 0.575783 0.576630 0.500000 0.142857 12.151053 0.468781 -0.193708
0.688986 0.826395 0.648391 0.901391 0.364478 0.748806 0.875000 0.142857 11.785926 0.453122 -0.126460
0.675682 0.803869 0.628413 0.856893 0.250209 0.668994 0.750000 0.142857 9.863706 0.370684 -0.058898
0.692934 0.846965 0.661142 0.899188 0.161333 0.669648 0.750000 0.142857 9.245213 0.344159 -0.058628
0.684146 0.787538 0.607710 0.869387 0.120304 0.759790 0.625000 0.571429 10.282956 0.388664 -0.004605
0.708503 0.782415 0.583927 0.866818 0.133153 0.739184 0.250000 0.857143 10.522572 0.398940 0.056201
0.682380 0.815180 0.608720 0.893310 0.291364 0.631222 0.250000 0.000000 10.537182 0.399567 0.177814
0.699471 0.775544 0.585366 0.860086 0.421839 0.565336 1.750000 0.714286 10.606848 0.402555 0.238620
0.682217 0.770319 0.581055 0.868977 0.328563 0.564316 1.250000 0.714286 9.625295 0.360459 0.238620
0.685524 0.741012 0.565893 0.861963 0.171707 0.535229 0.500000 0.000000 8.075065 0.293975 0.329829
0.694610 0.718399 0.563154 0.880165 0.114740 0.422667 0.250000 0.142857 6.619095 0.231533 0.312965
0.675712 0.677206 0.549457 0.873165 0.147987 0.370346 0.125000 0.714286 6.548034 0.228485 0.380528
0.673299 0.682136 0.545394 0.875411 0.251629 0.399401 0.250000 0.428571 8.129373 0.296304 0.312965
0.639183 0.658985 0.541903 0.869064 0.398921 0.442503 0.000000 0.428571 9.367058 0.349384 0.312965
0.614561 0.667393 0.534024 0.881757 0.284655 0.392268 0.000000 0.428571 8.168029 0.297961 0.245403
0.610320 0.637715 0.525328 0.886639 0.303146 0.423393 0.625000 0.428571 8.651177 0.318682 0.246983
0.631966 0.603479 0.498472 0.888551 0.468296 0.505560 0.625000 0.857143 10.038722 0.378190 0.246983
0.590410 0.635261 0.530558 0.921772 0.631448 0.514198 0.875000 1.000000 10.788563 0.410348 0.314545
0.618716 0.651706 0.528575 0.956887 0.567786 0.411537 0.000000 0.142857 9.177988 0.341275 0.449670
0.624644 0.642760 0.525600 0.966836 0.437142 0.408365 0.000000 0.285714 7.989922 0.290323 0.483451
0.623035 0.652336 0.528132 0.978448 0.364364 0.496282 0.500000 0.285714 7.738235 0.279529 0.452863
0.596271 0.638890 0.497870 0.955902 0.261336 0.529957 0.250000 0.428571 7.102286 0.252255 0.209638
0.613836 0.648138 0.504821 0.990719 0.277553 0.551099 0.250000 0.285714 7.766141 0.280726 0.270445
0.608952 0.668404 0.514442 0.998366 0.384958 0.562831 0.375000 0.285714 9.056601 0.336070 0.452620
0.592140 0.650662 0.496739 0.982279 0.377388 0.539438 0.375000 0.285714 9.174008 0.341105 0.513426
0.607806 0.682756 0.518265 0.986485 0.304048 0.452336 0.250000 1.285714 8.575462 0.315435 0.481865
0.642796 0.669279 0.511497 0.974153 0.306098 0.369477 0.250000 0.142857 8.192284 0.299002 0.481894
0.652251 0.662677 0.507677 0.942160 0.290443 0.329691 0.500000 0.142857 7.571726 0.272388 0.405923
0.663715 0.655702 0.508850 0.944838 0.261854 0.334049 0.375000 0.285714 6.945636 0.245537 0.395112
0.681855 0.659394 0.556744 0.919952 0.254818 0.407358 0.125000 0.285714 7.429099 0.266271 0.380697
0.630460 0.634243 0.524210 0.915793 0.236714 0.465390 0.000000 0.428571 7.740793 0.279639 0.431368
0.628546 0.638201 0.538658 0.924794 0.231302 0.579650 0.625000 0.142857 8.745884 0.322744 0.664547
0.579669 0.682012 0.592929 0.925153 0.304045 0.766174 0.625000 0.142857 10.616828 0.402983 0.710283
0.656738 0.708991 0.666538 0.922475 0.402386 0.651503 0.750000 0.285714 10.417733 0.394444 0.406252
0.648811 0.718329 0.681190 0.945590 0.372249 0.552673 0.500000 0.428571 10.782278 0.410078 0.558267
0.507458 0.723360 0.658282 1.002240 0.402056 0.566767 0.500000 0.428571 12.007863 0.462640 0.684289
0.514977 0.736757 0.659988 1.000086 0.544503 0.522146 0.000000 0.428571 12.127137 0.467755 0.862501
0.592847 0.678847 0.618961 0.959799 0.513744 0.615768 0.000000 0.571429 12.132099 0.467968 0.862501
0.563084 0.663471 0.593002 0.946844 0.467354 0.654577 0.875000 0.571429 12.173719 0.469753 0.907933
0.612425 0.618391 0.564454 0.907072 0.489733 0.507101 1.125000 0.714286 10.974768 0.418334 0.938222
0.663979 0.626907 0.567098 0.924620 0.301963 0.471107 0.000000 0.000000 9.521126 0.355992 1.039565
0.739984 0.644418 0.590196 0.905146 0.241529 0.416387 0.250000 0.285714 9.473122 0.353933 1.220454
0.841661 0.605014 0.556405 0.892456 0.269905 0.355926 0.000000 0.142857 9.954242 0.374567 1.204105
0.871480 0.588400 0.532784 0.852345 0.281474 0.326966 0.500000 0.000000 8.513376 0.312772 1.204105
0.899274 0.576809 0.517098 0.820214 0.200142 0.391683 0.625000 0.571429 7.991059 0.290372 1.128097
1.000113 0.548547 0.476266 0.814998 0.166818 0.442654 0.625000 0.571429 7.167559 0.255054 1.057844
1.036189 0.613362 0.538772 0.842384 0.218369 0.365251 0.500000 0.714286 7.227314 0.257617 0.922337
1.128954 0.665142 0.596602 0.877008 0.364972 0.517893 0.000000 0.000000 8.891859 0.329004 0.939069
1.176013 0.684934 0.595806 0.892129 0.368251 0.652463 0.125000 0.142857 10.261166 0.387730 0.817700
0.618622 0.287827 0.389267 0.406695 0.422427 0.087041 0.000000 0.285714 14.342370 0.562760 0.482310
0.614615 0.244169 0.368763 0.323314 0.647632 0.043123 0.625000 0.142857 18.018112 0.720401 0.308680
0.541690 0.129115 0.239701 0.179118 0.239257 0.028717 0.250000 0.285714 10.510680 0.398430 0.177976
0.553903 0.076862 0.167201 0.128843 0.091750 0.024425 0.250000 0.285714 5.951638 0.202907 0.330497
0.551033 0.063728 0.148475 0.122326 0.087009 0.024399 0.750000 0.428571 3.092382 0.080283 0.352084
0.534381 0.041469 0.082186 0.060704 0.066573 0.017539 0.625000 0.142857 2.010303 0.033876 0.330270
0.545133 -0.019103 -0.008161 -0.034993 0.028965 -0.005063 0.500000 0.428571 1.209384 -0.000473 0.330624
0.681994 -0.024590 -0.007428 -0.080874 0.002950 -0.002644 0.500000 1.142857 1.510811 0.012454 0.330321
0.640211 0.022822 0.044225 0.026037 -0.009619 -0.000099 0.375000 0.285714 2.372894 0.049426 0.330321
0.704741 -0.014525 0.002139 -0.042800 -0.000130 -0.015181 0.125000 0.142857 1.362215 0.006081 0.330321
0.721669 -0.011513 0.000263 -0.038379 0.021869 -0.010106 0.250000 0.000000 1.111271 -0.004681 0.330675
0.717488 -0.013722 -0.000014 -0.030278 0.032718 -0.007431 0.375000 1.285714 1.151295 -0.002964 0.347760
0.702315 -0.013073 0.004386 -0.030360 0.039583 -0.002104 0.750000 0.571429 1.429630 0.008973 0.300581
0.700309 -0.010455 0.005390 -0.010081 0.037313 -0.006136 0.000000 0.857143 1.701692 0.020640 0.270157
0.703612 0.000967 0.012096 0.021508 0.016995 -0.013915 0.625000 0.857143 1.768193 0.023492 0.271579
0.705467 -0.005042 0.013720 0.002960 0.002897 -0.010802 0.500000 0.714286 1.653163 0.018559 0.302266
0.700264 -0.020691 0.010115 -0.035677 0.004837 -0.004759 0.500000 0.714286 1.576652 0.015278 0.301982
0.639988 0.002533 0.041644 0.000960 0.028122 -0.001499 0.625000 1.571429 2.267802 0.044919 0.363315
0.614002 -0.007839 0.051318 -0.025178 0.044731 -0.000741 0.000000 0.857143 1.883052 0.028418 0.423878
0.589386 0.012106 0.045547 0.017404 0.063639 0.005327 0.125000 0.714286 1.529846 0.013271 0.417464
0.592346 0.007481 0.049205 -0.000028 0.070779 0.011390 0.125000 1.285714 1.648194 0.018346 0.485071
0.613031 0.012514 0.045698 0.006929 0.062292 0.009588 0.000000 1.285714 1.674351 0.019468 0.417194
0.623692 0.014663 0.049530 0.022898 0.061380 0.001875 0.625000 1.142857 1.801109 0.024904 0.484801
0.629695 0.009990 0.051005 0.005477 0.057313 -0.008943 0.750000 0.714286 2.294606 0.046069 0.484847
0.647813 0.023917 0.079441 0.032524 0.080099 -0.011150 0.750000 0.714286 3.435573 0.095001 0.483070
0.637919 0.071179 0.160110 0.143650 0.047484 0.016605 0.250000 0.285714 3.694516 0.106106 0.407012
0.612744 0.072624 0.180431 0.154375 0.023962 0.029794 0.750000 0.571429 2.792777 0.067434 0.254996
0.582348 0.064682 0.135338 0.143201 0.012210 0.023916 0.125000 1.285714 2.586184 0.058574 0.216638
0.608139 0.075803 0.120807 0.175706 0.017378 0.011700 0.000000 0.142857 2.249137 0.044119 0.216992
0.618763 0.076248 0.120401 0.152227 0.039555 0.005045 0.875000 0.142857 3.073764 0.079484 0.246393
0.608167 0.067834 0.103814 0.134883 0.036229 0.004451 1.250000 0.285714 4.769275 0.152200 0.178786
0.598484 0.067834 0.098406 0.141162 0.007710 0.008628 0.625000 0.285714 5.811583 0.196901 0.246034
0.615422 0.070165 0.099322 0.156981 -0.006901 0.023831 0.500000 0.285714 5.034860 0.163590 0.178426
0.663217 0.051440 0.057191 0.115208 -0.014198 0.030552 0.375000 0.142857 1.968839 0.032098 0.208744
0.657391 0.033401 0.028935 0.080939 -0.009673 0.032956 0.500000 0.142857 1.319836 0.004264 0.208744
0.704427 0.005405 -0.020871 -0.000759 -0.012326 0.022748 0.125000 0.142857 1.045729 -0.007492 0.269307
0.769901 -0.039041 -0.074642 -0.126078 -0.010519 -0.003540 0.125000 0.142857 0.684747 -0.022973 0.452049
0.782269 -0.041452 -0.073320 -0.125809 -0.016659 0.004849 0.250000 0.142857 0.690243 -0.022737 0.482452
0.784896 -0.040392 -0.075104 -0.128823 -0.018218 0.002262 0.375000 0.142857 0.654653 -0.024264 0.482169
0.795916 -0.039880 -0.074698 -0.124070 -0.020738 -0.007781 0.250000 0.428571 0.580023 -0.027464 0.542975
0.803360 -0.047414 -0.075194 -0.131238 -0.023116 -0.014008 0.125000 0.000000 0.513269 -0.030327 0.542692
0.798079 -0.051232 -0.075963 -0.143143 -0.021805 -0.011663 0.000000 0.714286 0.546529 -0.028901 0.603781
0.807360 -0.059459 -0.080883 -0.162448 -0.019735 -0.002575 0.000000 0.714286 0.639052 -0.024933 0.725474
0.809629 -0.052301 -0.076091 -0.143576 -0.018165 0.003568 1.000000 0.714286 0.695112 -0.022529 0.786280
0.813364 -0.051237 -0.071038 -0.142268 -0.017417 -0.000295 0.000000 0.571429 0.665440 -0.023801 0.726693
0.860098 -0.004560 -0.031360 -0.017287 -0.004597 0.015085 0.500000 0.000000 0.880390 -0.014583 0.726693
0.859295 -0.104101 -0.115505 -0.266955 -0.013466 -0.025345 0.250000 0.714286 0.494776 -0.031120 0.726369
0.811611 -0.054801 -0.072719 -0.158196 -0.012011 -0.014626 0.750000 0.714286 0.755447 -0.019941 0.665563
0.851203 -0.022764 -0.039814 -0.074584 -0.003034 -0.010191 0.000000 0.571429 0.951291 -0.011542 0.665563
0.862192 -0.109153 -0.120732 -0.266955 -0.009895 -0.029843 0.500000 0.714286 0.463894 -0.032445 0.574353
0.807216 -0.062258 -0.076604 -0.169276 -0.009842 -0.021268 0.500000 0.000000 0.698309 -0.022392 0.604756
0.812444 -0.057768 -0.077860 -0.158567 -0.012802 -0.018179 0.375000 0.000000 0.638830 -0.024942 0.543950
0.800656 -0.052489 -0.072153 -0.145278 -0.010532 -0.010829 0.375000 0.000000 0.619600 -0.025767 0.482820
0.803012 -0.061697 -0.077708 -0.170280 -0.010553 -0.010190 0.125000 0.285714 0.618020 -0.025835 0.422014
0.795201 -0.058729 -0.079976 -0.171908 -0.017879 -0.017724 0.000000 0.285714 0.609886 -0.026184 0.481601
0.802290 -0.060969 -0.076624 -0.170938 -0.022994 -0.023480 0.125000 0.000000 0.644132 -0.024715 0.481601
0.805337 -0.063144 -0.077789 -0.182940 -0.022339 -0.020874 0.125000 0.428571 0.694971 -0.022535 0.420795
0.860085 -0.114377 -0.128949 -0.266955 -0.026000 -0.021384 0.125000 0.285714 0.434218 -0.033718 0.481601
0.813023 -0.061776 -0.080292 -0.181781 -0.008742 -0.013662 0.250000 0.142857 0.775333 -0.019088 0.542408
0.810606 -0.054786 -0.074397 -0.158567 -0.002869 -0.016162 0.250000 0.571429 0.719879 -0.021466 0.572811
0.869267 -0.107549 -0.128511 -0.266955 -0.022920 -0.028204 0.250000 0.571429 0.356741 -0.037040 0.542408
0.875203 -0.106068 -0.127202 -0.266955 -0.026212 -0.024213 0.250000 0.571429 0.377366 -0.036156 0.542408
0.878894 -0.105351 -0.126200 -0.266955 -0.026986 -0.020847 0.375000 0.428571 0.392489 -0.035507 0.603214
0.883479 -0.104188 -0.127144 -0.266955 -0.024996 -0.023630 0.375000 0.000000 0.362795 -0.036781 0.603497
0.877448 -0.104844 -0.125124 -0.266955 -0.023840 -0.026746 0.125000 0.428571 0.337246 -0.037876 0.603214
0.875978 -0.101780 -0.123133 -0.266955 -0.024259 -0.027295 0.000000 0.428571 0.358779 -0.036953 0.664020
0.898561 0.006727 -0.008963 0.000539 0.024160 0.018464 0.000000 0.142857 1.217601 -0.000121 0.684289
0.903942 -0.000051 0.001608 -0.016612 0.016208 0.010802 0.000000 0.142857 1.219315 -0.000047 0.650508
0.918422 0.031138 0.054450 0.047662 0.003022 0.026826 0.750000 0.714286 1.410691 0.008160 0.595613
0.932583 0.077853 0.144077 0.107106 -0.017660 0.028076 0.000000 0.142857 1.489468 0.011539 0.611901
0.915931 0.112860 0.188049 0.180518 -0.008022 0.015363 0.375000 0.285714 1.718788 0.021374 0.525035
0.843475 0.188933 0.284050 0.233375 0.040547 -0.000704 0.000000 0.142857 4.040212 0.120932 0.525035
0.775604 0.274735 0.359183 0.312173 0.102096 0.002937 0.000000 1.285714 9.380514 0.349961 0.438169
0.703778 0.299212 0.414623 0.341909 0.155875 0.022400 0.250000 0.142857 12.705437 0.492557 0.437764
0.667735 0.403242 0.590730 0.473134 0.256197 0.106890 0.125000 0.285714 13.452168 0.524582 0.353043
0.567817 0.486399 0.700321 0.568424 0.707521 0.214988 0.625000 0.714286 14.619901 0.574662 0.179311
0.403447 0.558607 0.650133 0.659828 0.662260 0.369041 0.750000 0.000000 13.106969 0.509777 0.179094
0.298104 0.673095 0.619485 0.760461 0.334551 0.578319 0.625000 0.428571 10.537116 0.399564 0.217452
0.280349 0.662602 0.591959 0.775896 0.237044 0.630308 0.250000 0.285714 8.839050 0.326739 0.213021
0.296530 0.648381 0.577389 0.755179 0.371239 0.493005 0.250000 0.142857 8.366727 0.306483 0.239879
0.264792 0.698834 0.584200 0.781025 0.580048 0.446276 0.000000 1.142857 10.130954 0.382145 0.300685
0.306394 0.683339 0.589413 0.799687 0.923203 0.647347 0.000000 1.000000 14.289178 0.560478 0.280583
0.333856 0.680148 0.588407 0.838320 0.823209 0.697063 0.750000 1.142857 14.356886 0.563382 0.347786
0.362230 0.714479 0.619042 0.874252 0.422824 0.669441 0.625000 0.285714 11.104378 0.423892 0.331059
0.389831 0.643846 0.556931 0.824231 0.380837 0.608000 1.000000 0.000000 9.441508 0.352577 0.394678
0.415814 0.744141 0.594733 0.895582 0.410299 0.552636 0.375000 0.000000 9.113462 0.338508 0.481544
0.487714 0.820914 0.655160 0.928230 0.485703 0.766949 0.375000 1.142857 11.826751 0.454873 0.532206
0.493566 0.860060 0.715294 0.925926 0.699195 0.744929 0.000000 0.428571 13.136221 0.511032 0.430390
0.513128 0.970644 0.851762 0.951772 0.736305 0.829140 0.000000 0.428571 15.008103 0.591311 0.481062
0.557197 1.006195 0.888365 0.986073 0.497803 0.843779 0.875000 0.428571 13.329793 0.519333 0.480954
0.567885 1.065709 0.994793 1.040470 0.318265 0.841608 0.250000 1.000000 13.901730 0.543862 0.481521
0.599656 1.100448 0.996977 1.052699 0.299478 0.669358 0.750000 0.857143 23.511573 0.955998 0.430863
0.573204 1.213295 1.138228 1.089150 1.481488 0.816597 0.875000 0.857143 38.709582 1.607793 0.228715
0.571219 1.195025 1.151452 1.116826 1.557111 0.910002 0.750000 0.428571 41.896112 1.744454 0.264842
0.566747 1.233019 1.194213 1.157005 1.620412 1.176729 0.000000 0.857143 33.980224 1.404966 0.291937
0.619684 1.246826 1.240411 1.177199 1.844256 1.348304 0.000000 0.000000 29.702920 1.221526 0.291937
0.529665 1.221442 1.162680 1.186015 2.063841 1.375263 0.125000 0.142857 29.434845 1.210029 0.313326
0.572709 1.234733 1.174198 1.182543 2.238185 1.301501 0.375000 0.000000 29.975420 1.233212 0.368299
0.683636 1.151399 1.096988 1.118814 1.998068 1.172998 0.375000 0.142857 27.300026 1.118473 0.352113
0.743422 1.078631 1.028724 1.087399 1.239841 1.143189 0.375000 0.000000 23.229788 0.943913 0.352113
0.718447 1.041760 0.990928 1.032689 0.957362 1.222766 0.375000 0.857143 23.086602 0.937772 0.351708
0.588872 1.000786 1.018191 1.007677 1.201654 1.303451 1.000000 0.428571 22.832131 0.926859 0.395141
0.533856 1.007020 1.001186 1.008457 1.354205 1.280068 0.875000 0.428571 22.813486 0.926059 0.351708
0.490311 0.965777 0.967587 0.979271 1.019787 1.079437 0.000000 0.000000 23.340791 0.948674 0.351303
0.424494 0.886963 0.872085 0.971670 0.435690 0.537205 0.250000 0.285714 32.737460 1.351668 0.265829
0.400813 0.857830 0.821403 0.951772 0.238921 0.286035 0.375000 0.428571 44.025221 1.835764 0.265829
0.416112 0.759062 0.739661 0.897207 0.306721 0.244221 0.250000 0.285714 15.683059 0.620258 0.351827
0.358578 0.580231 0.552232 0.797721 0.335538 0.438399 0.625000 0.142857 13.267211 0.516649 0.367695
0.350225 0.466890 0.424782 0.760953 0.356423 0.349038 0.000000 0.857143 6.916920 0.244305 0.380351
0.353818 0.499926 0.454016 0.797025 0.274916 0.364734 0.000000 0.571429 6.603416 0.230860 0.390193
0.331265 0.459669 0.384202 0.808178 0.160760 0.302308 0.125000 0.000000 5.415509 0.179915 0.389910
0.408988 0.410972 0.323003 0.774967 0.149187 0.204959 0.250000 0.000000 4.283464 0.131365 0.389627
0.423943 0.392820 0.319108 0.736543 0.227182 0.209581 0.375000 0.000000 4.696081 0.149060 0.480553
0.484794 0.458669 0.363319 0.791637 0.233493 0.366021 0.375000 0.000000 5.820213 0.197271 0.541318
0.501205 0.401238 0.335456 0.735081 0.193967 0.315969 0.375000 0.000000 5.362157 0.177626 0.600867
0.447373 0.429305 0.358896 0.764776 0.396495 0.295992 1.000000 0.285714 6.374232 0.221031 0.356673
0.467750 0.424326 0.353814 0.758671 0.311796 0.236352 1.000000 1.714286 5.817694 0.197163 0.417438
0.476666 0.425218 0.358041 0.743854 0.241213 0.239102 0.875000 0.571429 5.739780 0.193821 0.478204
0.484246 0.436218 0.366952 0.752566 0.170586 0.234162 0.375000 1.142857 5.670983 0.190871 0.416913
0.301734 0.911125 0.859783 0.885387 0.375690 0.846731 0.750000 0.714286 31.445976 1.296280 -0.180738
0.285280 0.942996 0.861316 0.922328 0.611413 1.390077 0.750000 0.714286 29.041192 1.193146 -0.086523
0.394756 0.889598 0.783541 0.922475 0.675772 1.124169 0.125000 0.714286 19.503888 0.784121 -0.015861
0.385269 0.958151 0.856467 0.954498 0.839841 1.058905 0.125000 0.571429 18.358841 0.735014 0.060046
0.359006 0.963464 0.831150 0.968706 0.763191 0.788454 0.375000 0.571429 15.456459 0.610539 0.106570
0.413349 0.799476 0.693957 0.937470 0.267923 0.697809 0.250000 0.571429 11.324652 0.433339 0.174088
0.423390 0.808833 0.684917 0.955968 0.161443 0.756733 0.250000 0.857143 10.791290 0.410465 0.241875
0.456804 0.710332 0.606680 0.894124 0.219293 0.831109 0.375000 0.857143 10.606082 0.402522 0.275342
0.472471 0.684841 0.595713 0.874664 0.312000 0.830858 1.000000 0.142857 10.857677 0.413312 0.208094
0.475681 0.680204 0.597063 0.883408 0.428146 0.667564 0.875000 0.714286 10.422514 0.394649 0.241538
0.505385 0.668245 0.593430 0.917844 0.463110 0.571015 0.250000 0.571429 9.897856 0.372148 0.265261
0.500747 0.683593 0.603912 0.902866 0.445921 0.654835 0.250000 0.285714 10.040067 0.378247 0.264978
0.530270 0.695681 0.596117 0.915721 0.432231 0.602198 0.125000 0.285714 9.750044 0.365809 0.264978
0.551273 0.668587 0.599712 0.911429 0.546629 0.538809 0.000000 0.428571 10.560017 0.400546 0.264978
0.570342 0.708589 0.638301 0.941221 0.699134 0.502227 1.000000 0.571429 11.669163 0.448114 0.204213
0.549091 0.776457 0.719372 0.911337 0.807856 0.540013 1.000000 0.571429 12.614301 0.488648 0.295361
0.527225 0.777494 0.725795 0.949598 0.562021 0.613015 0.500000 0.000000 11.178200 0.427058 0.295361
0.537467 0.789111 0.715205 0.955968 0.497948 0.772027 0.375000 0.428571 12.049030 0.464405 0.326007
0.596671 0.864611 0.787662 0.969953 0.583323 0.824244 0.250000 0.428571 14.560072 0.572096 0.447255
0.626999 0.837632 0.791221 0.951117 0.783123 0.746553 0.625000 0.571429 17.398594 0.693832 0.447255
0.622397 0.858316 0.807076 0.928028 0.877646 0.758429 0.875000 0.571429 19.659321 0.790787 0.446972
0.620580 0.832311 0.788919 0.884233 0.642741 0.785679 0.625000 0.428571 17.272628 0.688429 0.478245
0.593547 0.801370 0.774953 0.919613 0.430265 0.925267 0.500000 0.142857 14.301540 0.561009 0.417722
0.585180 0.836256 0.775432 0.937947 0.388824 1.147159 0.000000 0.142857 14.476757 0.568523 0.418005
0.579979 0.833808 0.747660 0.911359 0.468198 1.077623 0.500000 0.428571 17.045586 0.678692 0.387400
0.625937 0.870568 0.763687 0.950675 0.725105 0.783002 0.500000 0.857143 20.562956 0.829541 0.356735
0.685343 0.816292 0.710907 0.909259 0.531652 0.599861 0.750000 0.857143 17.072511 0.679847 0.295969
0.646413 0.894357 0.769028 0.962537 0.640663 0.409786 0.625000 0.285714 16.166519 0.640992 0.295686
0.660953 0.842055 0.720295 0.946015 0.380972 0.412531 0.250000 0.285714 10.571575 0.401042 0.295686
0.604533 0.829402 0.669711 0.944838 0.711472 0.458715 1.000000 0.428571 11.777889 0.452777 0.275658
0.588270 0.800286 0.646740 0.964261 0.880816 0.608139 0.625000 0.285714 13.706059 0.535470 0.275658
0.515767 0.783781 0.637933 1.011538 0.603980 0.714665 0.375000 0.285714 11.956856 0.460452 0.173707
0.578772 0.852005 0.698365 1.037382 0.777519 0.702600 1.250000 0.571429 13.653175 0.533202 0.240640
0.629677 0.937346 0.744771 1.046901 0.526764 0.798928 0.750000 1.142857 13.090970 0.509091 0.240326
0.623533 0.786117 0.651185 1.031974 0.516105 0.401344 0.750000 0.857143 10.174102 0.383996 0.324734
0.531766 0.801991 0.704369 1.018082 0.548811 0.498797 0.250000 0.000000 11.326349 0.433412 0.324734
0.455435 0.746818 0.670042 0.976746 0.589238 0.437998 0.750000 0.000000 11.215936 0.428677 0.400691
0.377973 0.707578 0.649142 1.004189 0.465755 0.559019 0.625000 0.714286 11.326222 0.433407 0.400691
0.379746 0.672399 0.640767 0.973583 0.340605 0.628208 0.625000 0.571429 11.737919 0.451063 0.324785
0.282466 0.635558 0.602097 0.939478 0.242344 0.472057 0.625000 0.428571 12.868119 0.499534 0.274376
0.280458 0.619740 0.587120 0.906997 0.267962 0.304542 0.625000 0.428571 12.744203 0.494219 0.274376
0.350676 0.573991 0.572250 0.845924 0.253964 0.239220 0.000000 0.428571 11.083444 0.422995 0.341894
0.335087 0.552906 0.546574 0.831455 0.161712 0.325539 0.125000 0.285714 9.241770 0.344011 0.325138
0.290197 0.502170 0.500201 0.783236 0.090781 0.385836 0.250000 0.142857 7.978041 0.289813 0.303595
0.299194 0.453281 0.434660 0.745136 0.124611 0.260632 0.125000 1.000000 6.547676 0.228470 0.438998
0.360485 0.468574 0.432876 0.753782 0.114644 0.232153 0.125000 0.285714 7.316107 0.261425 0.667223
0.537309 0.442734 0.437141 0.748866 0.129794 0.269907 0.000000 0.857143 7.264451 0.259210 0.818683
0.683857 0.448378 0.446004 0.758348 0.140584 0.247453 0.875000 0.285714 5.728357 0.193332 0.894589
0.718525 0.458076 0.448690 0.779787 0.205523 0.246367 1.625000 0.714286 5.367862 0.177871 1.041147
0.802643 0.451545 0.391209 0.761689 0.224532 0.251777 0.000000 0.571429 6.190580 0.213155 1.214301
0.897048 0.407764 0.342425 0.733503 0.102266 0.243843 0.000000 0.428571 5.878716 0.199780 1.300591
1.006084 0.458750 0.420038 0.820214 0.239840 0.378431 0.500000 0.714286 7.625376 0.274689 1.300187
1.008400 0.451594 0.413750 0.794022 0.249915 0.478961 0.500000 0.857143 7.584824 0.272950 1.160848
0.991634 0.386108 0.321952 0.705353 0.235364 0.305857 0.125000 1.428571 5.381665 0.178463 1.152220
1.178732 0.360970 0.316961 0.700379 0.146127 0.306330 0.250000 0.142857 5.305446 0.175194 1.085084
1.169422 0.361002 0.316987 0.678003 0.103220 0.326439 0.250000 0.571429 4.732998 0.150644 1.016759
1.167070 0.350951 0.306318 0.639047 0.096081 0.305360 0.125000 0.714286 4.365040 0.134863 0.949646
1.130638 0.347703 0.299335 0.618301 0.084460 0.275538 0.000000 0.857143 4.259604 0.130341 1.017118
1.083507 0.303492 0.258597 0.569464 0.061169 0.271145 0.125000 0.714286 4.009409 0.119611 1.023726
1.073403 0.292960 0.264287 0.576570 0.054983 0.282370 0.000000 0.428571 3.899809 0.114911 1.084815
1.086727 0.300469 0.269558 0.570131 0.054548 0.293150 0.500000 0.428571 3.901359 0.114977 0.933324
1.077761 0.281571 0.253008 0.527315 0.067946 0.281969 0.500000 0.428571 3.788449 0.110135 0.963687
1.077003 0.277752 0.249775 0.537368 0.123071 0.238439 0.375000 0.571429 3.944544 0.116829 1.023399
1.123990 0.306762 0.274581 0.586951 0.202667 0.188503 0.250000 1.000000 4.858281 0.156017 1.016755
1.024353 0.378876 0.334008 0.648552 0.144624 0.371431 0.125000 0.428571 6.004798 0.205187 1.046024
1.009986 0.356523 0.325071 0.608904 0.064031 0.399485 0.000000 0.428571 5.022759 0.163071 0.894665
0.905401 0.344055 0.333942 0.599508 0.051686 0.396032 0.625000 0.714286 4.934066 0.159267 0.867271
0.873487 0.328893 0.341120 0.618322 0.057931 0.417135 0.750000 0.714286 5.209527 0.171081 0.694174
0.857849 0.324492 0.347276 0.608904 0.120218 0.358175 0.000000 0.714286 5.194984 0.170457 0.520673
0.782768 0.359005 0.375561 0.627457 0.179613 0.255309 0.375000 0.571429 6.320262 0.218717 0.259902
0.710734 0.330437 0.324818 0.599508 0.227615 0.172589 0.000000 0.428571 6.591698 0.230358 0.259902
0.677589 0.318129 0.309242 0.592912 0.283190 0.203999 0.125000 0.714286 6.736617 0.236573 0.303277
0.633785 0.332409 0.332536 0.602420 0.314128 0.240629 0.125000 0.000000 7.292265 0.260403 0.223390
0.566588 0.277097 0.262150 0.549372 0.215763 0.238902 0.500000 0.857143 6.146495 0.211264 0.302844
0.578605 0.274207 0.245498 0.566377 0.127489 0.195050 0.000000 0.857143 4.176932 0.126796 0.302844
0.576888 0.235752 0.214838 0.497372 0.083078 0.157522 0.625000 1.142857 3.271260 0.087954 0.302844
0.601791 0.200261 0.169739 0.474862 0.078049 0.067876 0.500000 0.571429 2.627866 0.060361 0.514728
0.689358 0.318861 0.289041 0.572910 0.203262 0.200215 0.125000 0.571429 4.626255 0.146066 0.362309
0.760634 0.289526 0.278971 0.540128 0.230480 0.182215 0.750000 0.000000 4.601151 0.144989 0.627982
0.763936 0.301647 0.282237 0.553081 0.157689 0.214821 0.750000 0.000000 4.312476 0.132609 0.779795
0.769931 0.322579 0.286229 0.574966 0.111878 0.211016 0.375000 0.285714 3.873388 0.113778 0.779795
0.772880 0.321444 0.278771 0.615205 0.101898 0.206275 1.375000 0.285714 3.881073 0.114107 0.780199
0.785588 0.300894 0.254848 0.594553 0.129695 0.228560 0.875000 0.142857 4.623838 0.145962 0.780199
0.801326 0.290235 0.254360 0.582311 0.186573 0.212938 0.875000 0.857143 5.493978 0.183280 0.894514
0.799946 0.298313 0.267517 0.578952 0.194563 0.171376 0.625000 0.714286 5.568544 0.186478 0.780533
0.843116 0.319437 0.333248 0.618117 0.113378 0.213363 0.375000 0.285714 5.641625 0.189612 0.713061
0.730981 0.286743 0.293161 0.559294 0.044612 0.233131 0.250000 0.142857 3.946074 0.116895 0.476480
0.746617 0.253352 0.261533 0.519318 0.013690 0.194245 0.375000 0.000000 2.929682 0.073305 0.628613
0.644005 0.249609 0.250907 0.481742 0.049614 0.190582 0.375000 0.714286 3.759854 0.108909 0.362940
0.595100 0.288845 0.298891 0.528593 0.141871 0.136354 0.375000 0.571429 5.465775 0.182070 0.211430
0.599771 0.273998 0.313392 0.506985 0.243359 0.098139 0.375000 0.428571 6.881502 0.242786 0.303768
0.598775 0.278934 0.321008 0.516456 0.164192 0.099653 0.375000 1.000000 6.479473 0.225545 0.043055
0.534649 0.359523 0.379953 0.585691 0.097494 0.133390 0.375000 0.285714 6.402338 0.222236 0.043055
0.507281 0.371968 0.363306 0.618509 0.101434 0.127485 0.375000 0.142857 7.068143 0.250791 -0.130966
0.560290 0.320013 0.316442 0.591726 0.129512 0.091397 0.125000 0.571429 5.813560 0.196986 -0.130966
0.624117 0.352736 0.345570 0.645393 0.172656 0.100163 0.125000 1.142857 5.500970 0.183580 -0.000407
0.663072 0.359554 0.354273 0.655002 0.239283 0.144738 0.125000 0.142857 5.356312 0.177376 0.086343
0.671139 0.358144 0.354622 0.656907 0.266486 0.226453 0.000000 0.285714 5.550934 0.185722 0.135043
0.752684 0.340411 0.308153 0.641538 0.249258 0.233567 1.125000 0.142857 4.957861 0.160287 0.173094
0.745385 0.346695 0.326194 0.667097 0.244369 0.275165 1.250000 0.428571 5.432096 0.180626 0.172748
0.735621 0.349989 0.326335 0.662976 0.179033 0.268396 0.000000 0.142857 5.094702 0.166156 0.058833
0.712381 0.347551 0.328184 0.650750 0.116390 0.232460 0.125000 0.000000 4.689866 0.148794 0.172748
0.714356 0.344584 0.325091 0.655729 0.094096 0.221814 0.125000 0.571429 5.079153 0.165489 0.210647
0.653343 0.280412 0.262103 0.568776 0.085267 0.173816 0.125000 0.428571 4.344556 0.133985 0.210647
0.614343 0.261229 0.258908 0.512782 0.182391 0.165010 0.000000 0.285714 5.097733 0.166286 0.210647
0.538259 0.221944 0.217939 0.470476 0.209378 0.110706 0.875000 1.142857 4.058374 0.121711 0.172315
0.538699 0.233806 0.229042 0.510428 0.123732 0.165522 0.250000 0.857143 3.599903 0.102049 0.128939
0.464540 0.288652 0.269230 0.579132 0.103524 0.254091 0.250000 0.714286 4.094305 0.123252 0.129343
0.423121 0.272845 0.241459 0.582533 0.134321 0.190432 0.375000 0.142857 3.861180 0.113254 0.134715
0.435676 0.269394 0.229055 0.562539 0.124409 0.162706 0.750000 0.142857 3.720781 0.107233 0.172719
0.425304 0.241878 0.220250 0.517933 0.107223 0.147631 0.875000 0.000000 3.537220 0.099361 0.346624
0.426679 0.246925 0.216586 0.531983 0.090201 0.171127 0.375000 0.000000 3.413204 0.094042 0.286882
0.398498 0.243524 0.212494 0.509081 0.102875 0.202829 0.875000 0.142857 3.490425 0.097354 0.250574
0.400048 0.251031 0.210158 0.523039 0.159877 0.182613 0.125000 0.285714 3.600880 0.102091 0.250928
0.414412 0.260325 0.220909 0.574801 0.202631 0.125128 0.250000 0.142857 3.455056 0.095837 0.305533
0.429872 0.243850 0.203450 0.561333 0.185752 0.092030 0.625000 1.000000 3.109655 0.081024 0.305937
0.435873 0.217366 0.182415 0.518667 0.142596 0.110150 0.500000 0.000000 3.018746 0.077125 0.327188
0.475820 0.182087 0.148676 0.463109 0.088293 0.100805 0.125000 0.142857 2.645215 0.061105 0.327188
0.492009 0.169657 0.140485 0.448129 0.060294 0.128042 0.125000 0.285714 2.600162 0.059173 0.365141
0.532317 0.200843 0.183257 0.540561 0.058371 0.169338 0.375000 0.571429 2.959570 0.074587 0.365141
0.597207 0.295993 0.300362 0.686036 0.097026 0.277822 0.250000 0.428571 4.189101 0.127318 0.348908
0.562078 0.345565 0.350759 0.702085 0.088437 0.306395 0.125000 0.428571 4.212186 0.128308 0.349255
0.517583 0.374962 0.415693 0.757708 0.113081 0.330860 0.000000 0.428571 4.737957 0.150856 0.304345
0.429000 0.394558 0.464126 0.765138 0.105342 0.374340 1.125000 0.000000 5.670515 0.190851 0.275274
0.343984 0.400452 0.447649 0.705222 0.091567 0.261344 0.375000 0.428571 7.437637 0.266637 0.217191
0.286179 0.428159 0.455089 0.727744 0.274197 0.160426 0.375000 0.142857 11.916450 0.458720 0.130382
0.172095 0.426525 0.434026 0.762863 0.160084 0.079446 1.000000 0.285714 5.643328 0.189685 0.087007
0.146487 0.451801 0.436370 0.781082 0.220784 0.143927 0.375000 0.285714 6.656613 0.233142 -0.000147
0.113907 0.465858 0.423988 0.781082 0.233338 0.235669 0.375000 0.142857 7.366418 0.263583 -0.000147
0.100297 0.443562 0.398456 0.762804 0.176055 0.317415 0.750000 0.142857 6.189677 0.213116 0.059717
0.079419 0.390879 0.327670 0.706222 0.123095 0.234949 1.250000 0.571429 4.535413 0.142170 0.038492
0.153059 0.325001 0.299147 0.667924 0.105870 0.226251 0.375000 0.428571 3.995215 0.119003 0.105695
0.178913 0.337521 0.303019 0.649665 0.107338 0.279906 0.250000 0.571429 4.445568 0.138317 0.172898
0.302944 0.313083 0.290527 0.605065 0.151410 0.406508 0.250000 1.142857 5.385959 0.178647 0.203485
0.341609 0.342941 0.297240 0.665904 0.115898 0.346869 0.250000 0.857143 4.719349 0.150058 0.264211
0.415278 0.276330 0.238839 0.565406 0.149358 0.173543 0.750000 0.428571 3.924640 0.115976 0.324976
0.479010 0.323087 0.273349 0.628372 0.122247 0.226695 0.750000 0.428571 4.388369 0.135864 0.294614
0.473916 0.315261 0.270585 0.615205 0.097721 0.252528 0.000000 0.428571 3.922576 0.115887 0.324976
0.489318 0.315473 0.264908 0.618509 0.086878 0.284571 0.125000 0.000000 3.768304 0.109271 0.325259
0.546247 0.276941 0.213676 0.601313 0.082915 0.257797 0.000000 0.000000 3.642793 0.103888 0.324976
0.548398 0.258036 0.203608 0.567704 0.098028 0.226918 0.000000 0.000000 3.730815 0.107663 0.324976
0.544342 0.266856 0.218304 0.598434 0.097442 0.205223 0.125000 0.000000 3.567938 0.100678 0.325259
0.555179 0.255587 0.211934 0.598434 0.100502 0.192378 0.125000 0.000000 3.297771 0.089091 0.308517
0.626549 0.316381 0.274802 0.660611 0.051780 0.322357 0.375000 0.857143 3.766842 0.109208 0.287235
0.562160 0.348080 0.321465 0.710402 0.049415 0.338427 0.250000 0.428571 3.795060 0.110418 0.287589
0.515454 0.323990 0.321883 0.677514 0.041316 0.311557 0.250000 0.428571 3.717973 0.107112 0.211329
0.377005 0.328967 0.303496 0.740262 0.074407 0.325611 0.250000 0.142857 4.540076 0.142370 0.287589
0.364147 0.328796 0.297814 0.737351 0.090019 0.350265 0.375000 0.142857 4.852779 0.155781 0.325542
0.339082 0.315845 0.285100 0.703421 0.164573 0.254749 0.375000 0.142857 4.893986 0.157548 0.325542
0.323725 0.313172 0.288344 0.700356 0.229846 0.166931 0.250000 0.857143 4.940765 0.159554 0.325542
0.280242 0.285715 0.234112 0.671664 0.188969 0.152464 0.500000 0.571429 4.750611 0.151399 0.401802
0.276114 0.296482 0.238163 0.691016 0.111084 0.163614 0.500000 0.571429 4.223149 0.128778 0.325542
0.227715 0.369433 0.282849 0.747691 0.087792 0.207215 0.000000 0.571429 3.851451 0.112837 0.410085
0.249851 0.290003 0.217586 0.672664 0.084275 0.175588 0.000000 1.142857 3.062344 0.078995 0.416670
0.310830 0.294302 0.250254 0.627990 0.124771 0.168777 0.375000 0.571429 3.285946 0.088584 0.416388
0.377928 0.257617 0.214538 0.578862 0.147586 0.132797 0.375000 0.142857 3.235092 0.086403 0.477396
0.400250 0.263420 0.215636 0.592419 0.112903 0.149948 0.000000 0.285714 3.197602 0.084795 0.477113
0.466712 0.215757 0.165210 0.515662 0.074366 0.141613 0.000000 0.285714 2.691630 0.063096 0.416388
0.540149 0.265574 0.220377 0.611950 0.072852 0.202151 0.375000 0.428571 3.537310 0.099364 0.476830
0.557537 0.252370 0.202371 0.596028 0.092753 0.194818 1.375000 0.285714 3.597846 0.101961 0.537555
0.621723 0.299541 0.244453 0.652480 0.105261 0.211206 1.125000 0.428571 3.639589 0.103751 0.416024
0.624391 0.297338 0.247941 0.640591 0.074444 0.221387 0.250000 0.428571 3.558341 0.100266 0.476749
0.577318 0.330059 0.293741 0.665977 0.052958 0.257936 0.250000 0.857143 3.790929 0.110241 0.354975
0.511437 0.331852 0.333921 0.640962 0.075233 0.312657 0.250000 0.000000 4.619520 0.145777 0.354975
0.475555 0.332566 0.341159 0.655002 0.107327 0.315542 0.250000 0.000000 5.134652 0.167869 0.355258
0.359027 0.408196 0.406772 0.729442 0.220618 0.423818 0.250000 1.000000 7.099058 0.252117 0.354975
0.306151 0.392263 0.373944 0.680550 0.359640 0.253029 0.125000 0.142857 6.773937 0.238173 0.341535
0.252973 0.396763 0.373985 0.684589 0.357627 0.211402 0.750000 0.142857 6.792948 0.238989 0.409322
0.199795 0.350130 0.315560 0.652672 0.241102 0.178577 0.625000 0.857143 5.133437 0.167817 0.341849
0.144541 0.414222 0.337489 0.717628 0.097773 0.280888 0.500000 0.714286 5.053524 0.164390 0.274376
0.156346 0.330732 0.260852 0.668670 0.146275 0.203989 0.375000 0.857143 3.842996 0.112474 0.409411
0.217167 0.287000 0.212012 0.604661 0.112143 0.171115 0.375000 0.000000 3.133279 0.082037 0.401095
0.245543 0.278739 0.213612 0.594690 0.082816 0.173133 0.375000 0.000000 2.900219 0.072042 0.441025
0.292902 0.234174 0.177174 0.513974 0.108980 0.135978 0.500000 0.000000 2.739039 0.065129 0.289211
0.373230 0.263679 0.223668 0.521643 0.122936 0.151405 0.375000 0.142857 3.137048 0.082198 0.289211
0.460128 0.206401 0.172391 0.470589 0.063984 0.123827 0.250000 0.142857 2.547233 0.056903 0.289211
0.447779 0.305182 0.256417 0.602327 0.087905 0.203889 0.250000 0.857143 3.720552 0.107223 0.310273
0.531009 0.239307 0.181422 0.547865 0.028742 0.170823 0.750000 0.714286 2.753275 0.065740 0.242487
0.543645 0.258215 0.184801 0.575107 0.009700 0.145150 0.125000 0.571429 2.572935 0.058005 0.213305
0.555501 0.264973 0.192921 0.555510 0.018323 0.118363 0.625000 0.428571 2.413785 0.051180 0.289211
0.555815 0.260448 0.189913 0.559455 0.066712 0.107937 0.250000 0.428571 2.457297 0.053046 0.364765
0.557358 0.262881 0.190697 0.543854 0.097385 0.130184 0.250000 0.428571 2.671029 0.062212 0.309914
0.548721 0.251711 0.179799 0.543854 0.081634 0.146623 0.250000 0.571429 2.685908 0.062850 0.375630
0.538753 0.238086 0.177378 0.502930 0.068755 0.144711 0.250000 0.714286 2.661010 0.061783 0.477131
0.522434 0.264988 0.190146 0.558087 0.067093 0.173591 0.125000 0.571429 2.873901 0.070913 0.476817
0.510540 0.263887 0.187613 0.529835 0.081004 0.181980 0.125000 0.000000 3.009441 0.076726 0.477131
0.476555 0.201038 0.145587 0.417707 0.147460 0.094792 0.125000 0.428571 2.744335 0.065356 0.544289
0.516808 0.280914 0.207614 0.550657 0.174172 0.082218 0.250000 0.000000 2.906811 0.072324 0.612076
0.484748 0.222558 0.162241 0.478263 0.139353 0.085678 0.250000 0.571429 2.457381 0.053050 0.598463
0.484153 0.216619 0.158699 0.478263 0.079745 0.117921 0.125000 0.571429 2.367953 0.049214 0.568100
0.529551 0.276225 0.208349 0.554367 0.086756 0.165655 0.750000 0.571429 3.098092 0.080528 0.507375
0.489970 0.226909 0.157261 0.512926 0.091847 0.097878 0.750000 0.714286 2.879224 0.071141 0.628906
0.542477 0.277591 0.211005 0.562585 0.145455 0.167869 1.125000 0.714286 3.952565 0.117173 0.659592
0.612422 0.200500 0.159227 0.488252 0.111682 0.127842 0.750000 0.000000 2.908659 0.072404 0.750417
0.617794 0.183471 0.148615 0.445308 0.073359 0.141458 0.000000 0.428571 2.682536 0.062706 0.750700
0.564468 0.253294 0.199159 0.541692 0.081968 0.227449 0.500000 0.428571 3.369795 0.092180 0.750417
0.560733 0.256992 0.202159 0.566534 0.063950 0.229582 0.250000 0.714286 3.294109 0.088934 0.750740
0.573197 0.238677 0.195435 0.524572 0.041520 0.179123 0.125000 0.142857 2.911578 0.072529 0.811506
0.579288 0.244844 0.194574 0.538362 0.026000 0.183506 0.000000 0.142857 2.794374 0.067502 0.932957
0.574093 0.244421 0.191805 0.536115 0.029305 0.211034 0.000000 0.714286 2.900129 0.072038 0.963643
0.579558 0.231965 0.185102 0.500404 0.068400 0.197221 0.375000 0.571429 2.951431 0.074238 0.994005
0.577712 0.246663 0.193871 0.513876 0.140061 0.168240 0.000000 0.571429 3.305205 0.089410 0.994005
0.568182 0.238659 0.183030 0.506042 0.165905 0.151409 0.125000 0.571429 3.555965 0.100164 1.056230
0.558690 0.239463 0.181301 0.508845 0.119900 0.154342 0.125000 0.571429 3.386545 0.092899 1.053234
0.572743 0.294857 0.239670 0.602603 0.083398 0.185487 0.375000 0.571429 3.644159 0.103947 1.125042
0.569272 0.302554 0.290560 0.631245 0.099054 0.212370 0.625000 0.142857 3.688063 0.105830 1.125042
0.502132 0.355837 0.358455 0.678670 0.124513 0.246380 0.625000 0.428571 3.843129 0.112480 1.048732
0.435070 0.362685 0.417758 0.720538 0.102180 0.264789 0.000000 0.714286 4.262534 0.130467 0.820860
0.379728 0.402286 0.488455 0.717628 0.126429 0.293622 0.375000 0.000000 8.034493 0.292235 0.696634
0.305726 0.391130 0.519646 0.683064 0.325667 0.269105 0.500000 0.000000 16.279715 0.645846 0.522671
0.226759 0.418273 0.586021 0.689280 0.731147 0.331450 0.000000 0.000000 19.874723 0.800025 0.479700
0.139420 0.426826 0.620327 0.663074 0.828402 0.327082 0.000000 0.142857 15.867548 0.628170 0.306084
0.025953 0.429604 0.542774 0.661635 0.463354 0.313854 0.875000 0.142857 10.190557 0.384701 0.043228
-0.031578 0.473783 0.546085 0.691770 0.402092 0.297701 0.500000 0.142857 11.772790 0.452558 0.021713
-0.015103 0.429475 0.487207 0.674900 0.490609 0.283410 0.125000 0.142857 11.160219 0.426287 0.140015
-0.007252 0.452585 0.501105 0.711744 0.638866 0.268659 0.375000 0.714286 10.593553 0.401985 0.072542
-0.029119 0.439653 0.460338 0.706463 0.613291 0.264219 0.250000 0.714286 8.827516 0.326245 0.005339
0.091347 0.429508 0.472011 0.715451 0.342271 0.321906 0.000000 0.142857 7.890186 0.286046 0.072857
0.131015 0.345314 0.385487 0.618611 0.186656 0.372019 0.000000 0.571429 6.366903 0.220717 0.022077
0.182284 0.383431 0.406226 0.689850 0.210970 0.384347 0.250000 0.285714 6.306366 0.218121 0.083085
0.198733 0.383426 0.383735 0.702748 0.259745 0.317668 0.000000 0.285714 6.201306 0.213615 0.039120
0.202806 0.414211 0.394558 0.763354 0.261895 0.322720 0.625000 0.000000 6.295646 0.217661 0.060121
0.220407 0.426339 0.394783 0.771280 0.193999 0.352954 0.625000 0.000000 6.299817 0.217840 0.087469
0.295817 0.378984 0.357743 0.686732 0.124860 0.333016 0.625000 0.571429 5.719447 0.192949 0.217248
0.296340 0.403381 0.376942 0.692944 0.127418 0.298465 0.750000 0.714286 5.635212 0.189337 0.130440
0.349356 0.377879 0.331989 0.657890 0.116985 0.280753 1.250000 1.285714 5.045810 0.164059 0.174065
0.353798 0.381112 0.325327 0.654492 0.095063 0.257745 0.375000 0.000000 4.689782 0.148790 0.224704
0.311306 0.309492 0.278505 0.551928 0.192425 0.148875 0.750000 0.285714 4.577172 0.143961 0.295422
0.368031 0.381586 0.325978 0.651359 0.142089 0.181440 0.250000 0.285714 5.112638 0.166925 0.478012
0.385655 0.375247 0.326199 0.647611 0.139906 0.195756 0.375000 0.714286 5.172041 0.169473 0.629926
0.406553 0.382201 0.332287 0.637445 0.208217 0.220261 0.375000 0.857143 5.783402 0.195692 0.629926
0.414871 0.378272 0.370422 0.615205 0.277217 0.234962 0.500000 0.000000 6.434224 0.223604 0.477679
0.408466 0.366804 0.365711 0.615205 0.255854 0.221355 0.375000 0.000000 5.814306 0.197018 0.478332
0.401556 0.367498 0.360864 0.644129 0.215424 0.280345 0.500000 0.285714 5.784761 0.195751 0.418085
0.420398 0.334994 0.344751 0.600126 0.179343 0.313693 0.625000 0.285714 5.852373 0.198650 0.402914
0.404361 0.397691 0.434905 0.676920 0.194855 0.318409 0.500000 0.000000 7.413783 0.265614 0.402914
0.376319 0.398013 0.455312 0.679021 0.291186 0.226293 0.250000 0.285714 10.444511 0.395593 0.175043
0.264277 0.457021 0.564834 0.689336 0.343891 0.288060 0.125000 0.571429 13.751606 0.537424 0.113772
0.180664 0.440586 0.553043 0.690604 0.299191 0.310602 0.125000 1.428571 10.831009 0.412168 0.072925
0.079734 0.435652 0.539385 0.683064 0.201947 0.317072 0.000000 0.000000 11.842606 0.455553 -0.028352
-0.003220 0.420383 0.466324 0.626007 0.155471 0.162721 1.250000 1.000000 16.153941 0.640452 0.043690
0.006295 0.426096 0.474551 0.618720 0.141651 0.142732 0.250000 0.857143 14.529382 0.570780 0.044037
-0.001171 0.406809 0.465321 0.618720 0.181722 0.174985 0.875000 0.857143 11.972889 0.461140 -0.043523
0.005626 0.402241 0.471325 0.642773 0.227145 0.212723 0.875000 1.000000 10.405119 0.393903 0.021410
0.020311 0.352922 0.420283 0.628989 0.180728 0.205577 0.500000 0.285714 7.095010 0.251943 0.021410
-0.000091 0.333271 0.373104 0.598434 0.190262 0.195165 0.000000 0.428571 5.736935 0.193699 0.072228
0.062395 0.309926 0.343675 0.588062 0.129773 0.205594 0.125000 0.428571 5.390588 0.178846 0.139476
0.124094 0.267118 0.309002 0.584551 0.108977 0.236931 0.125000 0.571429 5.949705 0.202825 0.274781
0.252221 0.279701 0.303587 0.571266 0.155389 0.145940 0.125000 0.714286 5.050670 0.164268 0.410085
0.292368 0.270385 0.280358 0.595156 0.226763 0.145873 0.125000 0.714286 5.477860 0.182589 0.410085
0.305424 0.301560 0.283270 0.634665 0.253017 0.186418 0.250000 0.285714 5.504293 0.183722 0.410085
0.387980 0.237816 0.206856 0.570232 0.125193 0.197124 0.250000 0.428571 3.853783 0.112937 0.477602
0.414796 0.240188 0.215233 0.554133 0.096028 0.199741 0.125000 0.857143 3.372269 0.092286 0.612907
0.408246 0.246892 0.218598 0.527663 0.091353 0.193910 0.125000 1.000000 3.139108 0.082287 0.545434
0.395098 0.227355 0.211068 0.488228 0.098108 0.169466 0.250000 0.142857 3.017138 0.077056 0.478245
0.388402 0.244938 0.225526 0.474862 0.130789 0.134536 0.500000 0.285714 3.046055 0.078296 0.417479
0.322467 0.183510 0.179452 0.394665 0.096452 0.086816 0.375000 0.142857 2.744419 0.065360 0.417721
0.278273 0.255829 0.228949 0.522527 0.084626 0.170998 0.250000 0.000000 3.634408 0.103529 0.356956
0.282201 0.236227 0.222752 0.504935 0.135251 0.139562 0.750000 0.142857 3.944668 0.116835 0.296473
0.372776 0.264664 0.248149 0.502806 0.170960 0.144159 0.750000 0.857143 4.296134 0.131908 0.418004
0.396430 0.274004 0.252945 0.512628 0.238265 0.098127 0.750000 0.857143 4.562528 0.143333 0.539819
0.463694 0.299047 0.297670 0.503289 0.243143 0.113680 0.625000 0.571429 5.730564 0.193426 0.539819
0.446633 0.312305 0.298013 0.494911 0.214486 0.131817 0.000000 0.714286 5.160715 0.168987 0.478770
0.426156 0.312853 0.301583 0.500726 0.182693 0.162907 0.125000 0.857143 4.441988 0.138163 0.480229
0.447850 0.316803 0.293546 0.515713 0.097689 0.253710 0.000000 0.714286 4.439425 0.138053 0.540470
0.524294 0.333583 0.331514 0.587151 0.042054 0.332024 0.250000 0.571429 5.628051 0.189030 0.600953
0.585433 0.295873 0.293656 0.573804 0.064482 0.268529 0.375000 0.000000 5.837760 0.198024 0.600710
0.594368 0.302633 0.298825 0.558087 0.057267 0.170621 0.375000 0.142857 6.035825 0.206518 0.600710
0.604136 0.281362 0.282186 0.525998 0.081977 0.110268 0.125000 0.142857 5.708897 0.192497 0.613944
0.526601 0.328491 0.316204 0.615205 0.117303 0.236271 0.125000 0.000000 5.603695 0.187985 0.478927
0.459063 0.279855 0.269660 0.522527 0.137866 0.184257 0.000000 0.000000 4.175770 0.126746 0.251056
0.443517 0.299162 0.262227 0.540561 0.124772 0.220995 0.125000 0.000000 4.286355 0.131489 0.326609
0.415173 0.358923 0.316551 0.640962 0.120112 0.295631 0.625000 0.285714 5.147236 0.168409 0.326609
0.426725 0.367251 0.323405 0.647878 0.145815 0.242672 0.125000 0.428571 4.756085 0.151634 0.400691
0.420538 0.399308 0.346734 0.713955 0.205272 0.165551 0.000000 0.285714 4.230270 0.129083 0.477002
0.420374 0.404841 0.353585 0.712478 0.221297 0.156160 0.000000 0.142857 4.353569 0.134371 0.552908
0.481040 0.440021 0.408249 0.722950 0.116065 0.353309 0.000000 0.142857 5.636464 0.189391 0.650654
0.461480 0.436983 0.402174 0.747182 0.119192 0.347987 0.000000 0.857143 5.696713 0.191974 0.563500
0.457153 0.445982 0.410019 0.762804 0.169496 0.305364 0.500000 0.857143 6.466031 0.224968 0.590887
0.413111 0.466154 0.463200 0.782455 0.170792 0.390150 0.125000 0.857143 8.573284 0.315342 0.578115
0.407303 0.466949 0.470005 0.835745 0.150164 0.421702 0.000000 0.000000 8.788993 0.324593 0.578115
0.391546 0.451733 0.468308 0.819813 0.162548 0.361536 0.750000 0.142857 9.342980 0.348351 0.514980
0.309223 0.395532 0.412891 0.807289 0.196934 0.250243 0.875000 0.285714 10.084260 0.380143 0.439377
0.345267 0.458554 0.470842 0.876715 0.217452 0.284707 0.375000 0.142857 9.549580 0.357212 0.434153
0.230530 0.514923 0.469936 0.888255 0.312593 0.424308 0.750000 0.285714 8.976490 0.332634 0.325441
0.221893 0.504738 0.464137 0.858320 0.379583 0.496557 0.375000 0.285714 8.420230 0.308778 0.224704
0.193040 0.522262 0.456011 0.889210 0.400792 0.428209 0.375000 0.142857 8.119437 0.295877 0.173844
0.189300 0.525223 0.458692 0.898287 0.365965 0.308307 0.500000 0.000000 7.000629 0.247895 0.173844
0.175093 0.508515 0.446877 0.886897 0.292305 0.261915 0.500000 0.000000 5.772673 0.195232 0.130440
0.188783 0.507991 0.450313 0.902499 0.262534 0.295861 0.875000 0.000000 5.975348 0.203924 0.130844
0.198845 0.508683 0.441517 0.898162 0.240153 0.344037 0.750000 1.000000 6.734968 0.236502 0.217248
0.268020 0.552970 0.502144 0.952030 0.279104 0.415228 0.875000 0.000000 8.536865 0.313780 0.217248
0.247741 0.547289 0.500861 0.913536 0.258664 0.399352 1.125000 0.714286 8.911881 0.329863 0.303652
0.206943 0.483219 0.429216 0.865856 0.233313 0.367438 1.125000 0.571429 7.813449 0.282755 0.326961
0.206379 0.451545 0.425940 0.826794 0.219358 0.378468 0.500000 0.571429 7.740357 0.279620 0.343828
0.166666 0.410116 0.352607 0.790264 0.120125 0.309651 0.000000 0.428571 5.934910 0.202190 0.276042
0.150918 0.380226 0.334269 0.730565 0.089501 0.296790 0.375000 0.571429 6.133581 0.210710 0.276311
0.179142 0.363640 0.325158 0.704105 0.122094 0.255578 0.500000 0.571429 5.532678 0.184940 0.276311
0.179142 0.381312 0.329621 0.745136 0.156957 0.248335 0.375000 0.142857 5.280348 0.174118 0.251004
0.121275 0.337520 0.263996 0.663828 0.139236 0.258836 0.375000 0.285714 4.418435 0.137153 0.250650
0.126563 0.321892 0.266709 0.629098 0.149252 0.230733 0.375000 0.571429 4.327213 0.133241 0.250650
0.122703 0.297908 0.253098 0.597771 0.138619 0.165874 0.250000 0.571429 3.967527 0.117815 0.250650
0.133916 0.285529 0.238609 0.563313 0.110988 0.140665 0.250000 0.428571 3.693112 0.106046 0.250650
0.146120 0.304516 0.242066 0.608204 0.090157 0.172455 0.375000 1.000000 3.674032 0.105228 0.248878
0.146826 0.310456 0.244862 0.594033 0.119746 0.197395 0.375000 0.571429 3.945971 0.116891 0.248878
0.167914 0.323079 0.240424 0.615205 0.218370 0.164384 0.375000 0.714286 4.213189 0.128351 0.325138
0.231176 0.247643 0.182124 0.555900 0.175770 0.090708 0.250000 0.571429 2.947321 0.074062 0.400742
0.238820 0.247020 0.187700 0.557359 0.133100 0.070843 0.125000 0.285714 2.645413 0.061114 0.476648
0.250994 0.272219 0.201230 0.566582 0.126463 0.074052 0.125000 0.142857 2.863374 0.070461 0.476884
0.264799 0.283318 0.205547 0.604827 0.167072 0.089485 0.250000 0.142857 3.391808 0.093124 0.476884
0.301502 0.203919 0.156864 0.510786 0.142083 0.079729 0.750000 1.571429 2.635803 0.060702 0.409411
0.295511 0.198514 0.162368 0.499224 0.131806 0.075822 0.500000 0.714286 2.423413 0.051593 0.416347
0.314894 0.208136 0.167305 0.527341 0.111149 0.090269 0.500000 1.285714 2.524469 0.055927 0.416347
0.306489 0.199862 0.163473 0.485275 0.112858 0.107575 0.500000 0.285714 3.014900 0.076960 0.416347
0.301026 0.209556 0.177304 0.491099 0.136487 0.117073 0.625000 0.428571 3.397197 0.093355 0.416064
0.310575 0.225209 0.186646 0.497807 0.141550 0.124497 0.750000 0.428571 3.274850 0.088108 0.416064
0.364170 0.273619 0.238020 0.582533 0.113202 0.214262 0.750000 0.571429 3.872821 0.113753 0.409411
0.360002 0.277000 0.239809 0.582289 0.129314 0.201208 0.125000 0.571429 3.762735 0.109032 0.409726
0.301752 0.233048 0.193401 0.541399 0.124785 0.116367 0.750000 0.714286 2.898586 0.071972 0.409411
0.365367 0.283200 0.241541 0.591726 0.099093 0.164503 0.750000 0.714286 3.658740 0.104572 0.476884
0.381428 0.279528 0.233013 0.577739 0.076977 0.194782 0.375000 1.142857 3.806833 0.110923 0.544357
0.403447 0.283663 0.239358 0.591178 0.126867 0.182137 0.625000 0.428571 3.636658 0.103625 0.552555
0.394683 0.438869 0.365767 0.728303 0.335773 0.361127 0.125000 0.142857 6.324959 0.218918 0.563500
0.335818 0.489776 0.440932 0.769337 0.245317 0.483766 0.125000 0.714286 6.811274 0.239774 0.565525
0.248491 0.485454 0.516572 0.734595 0.088452 0.567977 0.375000 0.000000 6.870596 0.242319 0.565929
0.197442 0.475102 0.526407 0.720792 0.049499 0.570596 0.375000 0.142857 7.623649 0.274615 0.478775
0.141611 0.438324 0.491236 0.682546 0.059974 0.484007 0.500000 0.000000 9.064174 0.336394 0.478774
0.065653 0.406355 0.491528 0.651823 0.133806 0.269020 0.375000 0.571429 12.627155 0.489199 0.478421
0.042956 0.393785 0.473094 0.628571 0.192649 0.128240 0.375000 0.428571 14.888918 0.586199 0.554731
0.015829 0.330480 0.423334 0.578309 0.247744 0.096681 0.875000 1.285714 13.186363 0.513182 0.478825
-0.022062 0.288048 0.370365 0.516431 0.222233 0.124650 0.375000 0.571429 9.571677 0.358160 0.478825
-0.077039 0.302596 0.312748 0.555058 0.218907 0.183595 0.250000 0.714286 5.252487 0.172923 0.478819
-0.048646 0.300723 0.257869 0.575706 0.115286 0.139849 0.250000 0.000000 3.669276 0.105024 0.478531
-0.039791 0.232302 0.202026 0.513544 0.050589 0.124695 0.250000 0.571429 2.851919 0.069970 0.477113
0.045966 0.234079 0.176500 0.500426 0.051387 0.158757 0.375000 0.571429 2.980993 0.075506 0.477113
0.070659 0.151037 0.108942 0.370161 0.061903 0.114700 0.500000 0.714286 2.334647 0.047786 0.537838
0.123415 0.172676 0.146695 0.374616 0.100680 0.135614 0.000000 1.571429 2.651213 0.061362 0.537838
0.136119 0.184763 0.151016 0.393839 0.113701 0.094354 0.000000 0.428571 2.512990 0.055435 0.507476
0.135849 0.179937 0.148803 0.376425 0.092617 0.060375 0.125000 0.142857 2.106856 0.038017 0.385944
0.130437 0.162232 0.135224 0.346129 0.106692 0.053095 0.125000 0.142857 2.059183 0.035972 0.375944
0.138527 0.154640 0.134705 0.318881 0.169129 0.054237 0.000000 0.142857 2.703456 0.063603 0.375944
0.155004 0.165415 0.145617 0.316680 0.189934 0.052028 0.000000 0.000000 3.354253 0.091514 0.308158
0.158431 0.159884 0.149526 0.283985 0.173534 0.049067 0.000000 0.000000 3.440478 0.095212 0.308472
0.172595 0.171239 0.159057 0.288479 0.153594 0.053934 0.000000 0.000000 3.074362 0.079510 0.308472
0.223101 0.088770 0.105656 0.128975 0.106223 0.036496 0.125000 0.857143 2.310273 0.046741 0.240954
0.226262 0.085667 0.100158 0.125116 0.080906 0.028770 0.125000 0.142857 2.129713 0.038997 0.240954
0.213788 0.230372 0.213130 0.380623 0.108915 0.116866 0.000000 0.142857 3.172857 0.083734 0.211228
0.190841 0.254463 0.244812 0.412686 0.127629 0.133618 0.000000 0.000000 3.476766 0.096768 0.173274
0.211041 0.307800 0.337386 0.483229 0.091064 0.255103 0.000000 0.571429 4.299275 0.132043 0.173274
0.209857 0.327388 0.347285 0.530518 0.079112 0.333398 0.000000 0.000000 4.500578 0.140676 0.071959
0.175863 0.388696 0.424400 0.608033 0.128357 0.314571 0.000000 0.142857 5.479482 0.182658 0.004756
0.116653 0.451568 0.502070 0.658237 0.202119 0.221798 1.125000 0.285714 8.058199 0.293251 0.021764
0.136761 0.467537 0.554893 0.707014 0.331153 0.219313 0.000000 0.285714 11.965832 0.460837 -0.043523
0.128844 0.501757 0.645939 0.738873 0.710697 0.326737 0.125000 0.000000 15.887143 0.629010 -0.130100
0.110067 0.558677 0.698368 0.786620 0.861100 0.394888 0.000000 0.000000 16.523034 0.656282 -0.231713
0.066622 0.592266 0.696824 0.839906 0.752769 0.518866 0.750000 0.428571 14.176777 0.555658 -0.332517
-0.065487 0.561711 0.562032 0.857286 0.597676 0.580305 0.875000 0.428571 11.119392 0.424536 -0.260399
0.088436 0.555073 0.587527 0.775598 0.523460 0.480603 0.000000 0.142857 9.198911 0.342173 -0.173648
0.073177 0.551141 0.571621 0.793185 0.528609 0.298845 0.250000 0.142857 9.497992 0.354999 -0.173648
-0.002945 0.497375 0.544796 0.744589 0.468173 0.194484 0.250000 0.714286 8.795196 0.324859 -0.000147
-0.005293 0.474391 0.509153 0.731279 0.423677 0.302872 0.000000 0.714286 9.722259 0.364618 0.021309
-0.013793 0.516558 0.512498 0.747719 0.208783 0.380448 0.500000 0.142857 8.751458 0.322983 -0.000147
-0.018429 0.438017 0.401103 0.676044 0.163903 0.248735 0.375000 0.000000 8.267792 0.302240 0.059364
-0.091105 0.399769 0.338482 0.667984 0.207660 0.145164 0.500000 0.714286 6.120940 0.210168 0.038178
-0.097528 0.400683 0.343869 0.663594 0.249456 0.130983 0.500000 0.428571 5.510327 0.183981 0.173123
-0.129652 0.390827 0.344395 0.638020 0.298763 0.177603 0.625000 0.428571 5.035368 0.163611 0.240326
-0.183478 0.468962 0.398126 0.662014 0.380532 0.280477 0.750000 0.142857 7.535461 0.270833 0.274062
-0.170671 0.340838 0.294832 0.561971 0.206597 0.154018 0.125000 0.142857 4.477974 0.139707 0.274376
-0.159603 0.356976 0.307845 0.581705 0.200282 0.150157 0.000000 0.142857 4.493542 0.140374 0.341580
-0.158405 0.360145 0.303262 0.574604 0.195836 0.153965 0.875000 0.571429 4.405091 0.136581 0.341580
-0.159379 0.369996 0.303836 0.590205 0.193959 0.203496 1.000000 0.714286 4.682641 0.148484 0.341580
-0.135939 0.370316 0.299346 0.611746 0.201326 0.246246 0.125000 0.857143 5.188551 0.170181 0.408783
-0.102300 0.412837 0.333566 0.676278 0.172980 0.281375 0.125000 0.142857 5.314771 0.175594 0.408783
-0.110459 0.415174 0.331375 0.679920 0.141941 0.304188 0.250000 0.285714 4.762416 0.151905 0.408783
-0.095383 0.429531 0.324860 0.731459 0.112709 0.349999 0.125000 0.285714 4.765256 0.152027 0.400388
-0.088390 0.427064 0.315698 0.751190 0.098712 0.327694 0.125000 0.428571 4.728450 0.150449 0.389595
-0.078759 0.441502 0.348308 0.798839 0.106252 0.249573 0.750000 0.428571 4.824172 0.154554 0.303191
-0.089225 0.428180 0.351855 0.807946 0.137648 0.209008 0.750000 0.428571 5.082090 0.165615 0.273928
-0.149379 0.469679 0.397846 0.845488 0.214976 0.215201 0.000000 0.571429 6.269232 0.216528 0.273928
-0.140170 0.493399 0.420009 0.849974 0.207397 0.193144 0.000000 0.571429 5.699271 0.192084 0.122485
-0.152148 0.506671 0.430962 0.845488 0.171209 0.202029 0.625000 0.571429 5.571749 0.186615 0.172978
-0.162475 0.500937 0.437463 0.808850 0.241874 0.205702 0.625000 0.428571 7.882143 0.285701 0.086228
-0.178616 0.478669 0.399973 0.760461 0.418538 0.209966 0.000000 0.428571 9.886032 0.371641 0.173440
-0.158900 0.479635 0.423142 0.742265 0.567533 0.262095 0.250000 0.571429 9.590944 0.358986 0.224232
-0.163670 0.484391 0.430016 0.752591 0.558712 0.317962 0.375000 0.714286 8.351461 0.305828 0.224232
-0.139625 0.469453 0.432745 0.730270 0.418922 0.332091 0.500000 0.857143 7.019028 0.248684 0.260595
-0.082707 0.346193 0.320084 0.581420 0.357654 0.182316 0.500000 0.285714 5.235966 0.172214 0.433749
0.001732 0.391381 0.334386 0.648149 0.278577 0.210783 0.375000 1.000000 4.984165 0.161415 0.515334
0.045173 0.397162 0.342971 0.626096 0.247825 0.167546 0.250000 0.285714 4.449603 0.138490 0.520961
0.033361 0.373198 0.338237 0.618896 0.286344 0.150347 0.250000 0.714286 4.521775 0.141585 0.564019
0.178847 0.371896 0.374705 0.588928 0.247862 0.217488 0.375000 0.571429 5.067003 0.164968 0.578699
0.133644 0.408793 0.413001 0.622377 0.256944 0.289758 0.625000 0.000000 6.530775 0.227745 0.679908
0.203480 0.389240 0.366760 0.626372 0.130633 0.222064 0.625000 0.000000 6.036948 0.206566 0.679369
0.247348 0.356119 0.355075 0.572862 0.132316 0.113091 0.500000 0.142857 5.185921 0.170068 0.737520
0.330643 0.270066 0.290419 0.425650 0.195772 0.084248 1.000000 0.285714 4.842330 0.155333 0.737520
0.408641 0.262553 0.306123 0.415341 0.203862 0.107344 0.000000 0.285714 7.000791 0.247902 0.910617
0.433859 0.253042 0.294498 0.409030 0.141900 0.107639 0.125000 0.285714 7.574393 0.272502 0.997367
0.535772 0.210296 0.262518 0.335154 0.114027 0.050575 0.000000 0.285714 5.508422 0.183899 1.083656
0.601744 0.222997 0.293560 0.364555 0.118641 0.071186 0.375000 0.285714 5.785645 0.195788 1.159505
0.690839 0.170761 0.240451 0.287546 0.147180 0.070672 1.500000 0.285714 5.559149 0.186075 1.387225
0.669016 0.160208 0.181505 0.300395 0.052337 0.089067 0.125000 1.285714 3.085432 0.079985 1.387225
1.213873 0.235906 0.326712 0.437548 0.326076 0.137734 0.500000 0.142857 6.137505 0.210879 1.692006
1.208139 0.287022 0.374642 0.485569 0.153212 0.148721 0.000000 0.000000 5.082020 0.165612 1.344427
1.086393 0.330998 0.469832 0.507315 0.131261 0.160655 0.625000 0.000000 6.029476 0.206246 1.258080
1.114109 0.312081 0.443622 0.473319 0.162779 0.243890 0.375000 0.142857 8.647305 0.318516 1.236220
1.143782 0.321237 0.450012 0.471446 0.211622 0.293278 0.250000 0.285714 10.796072 0.410670 1.431581
1.129595 0.411732 0.601339 0.572573 0.298039 0.353722 0.250000 0.285714 15.356132 0.606237 1.257561
0.913101 0.473734 0.758357 0.678217 0.440907 0.272186 0.250000 0.142857 18.730406 0.750949 0.910559
0.579028 0.433666 0.712640 0.637633 0.469210 0.218946 0.250000 0.142857 13.755809 0.537604 0.563557
0.420525 0.442653 0.670605 0.676416 0.380613 0.263467 0.125000 0.285714 15.432436 0.609509 0.552959
0.414534 0.454868 0.691386 0.688111 0.317796 0.206924 0.250000 0.285714 22.823989 0.926510 0.476749
0.327008 0.423018 0.635813 0.673498 0.215317 0.098234 0.625000 0.142857 19.914625 0.801736 0.476749
0.342798 0.452916 0.661804 0.682417 0.354932 0.112900 0.750000 0.571429 22.195845 0.899571 0.578093
0.224792 0.462956 0.751483 0.712324 0.633725 0.275350 0.000000 0.571429 24.647742 1.004725 0.597957
-0.035794 0.519370 0.661397 0.768976 0.634561 0.448036 0.125000 0.428571 16.162560 0.640822 0.355056
-0.043733 0.447479 0.509945 0.662890 0.497958 0.266384 0.250000 0.428571 9.094326 0.337687 0.375675
0.092164 0.432735 0.452366 0.678784 0.452821 0.233034 0.125000 0.571429 8.410051 0.308341 0.355622
0.128485 0.354433 0.372453 0.607534 0.502498 0.106275 0.125000 0.571429 8.757303 0.323234 0.234656
0.092438 0.332614 0.351634 0.557422 0.257816 0.114880 0.000000 0.571429 6.010244 0.205421 0.234656
0.086154 0.350329 0.357369 0.596275 0.176267 0.274656 0.000000 0.714286 6.113705 0.209858 0.113125
0.085341 0.353456 0.360133 0.595944 0.167172 0.397935 0.000000 0.857143 6.446299 0.224122 0.275342
0.092192 0.344500 0.356602 0.600744 0.164432 0.315922 0.375000 0.428571 5.255818 0.173066 0.275342
0.526559 0.153101 0.375507 0.222761 0.145553 0.029004 0.375000 0.714286 13.205270 0.513993 0.365140
0.602722 0.124035 0.295698 0.216053 0.147053 0.022472 0.250000 0.714286 10.058366 0.379032 0.289536
0.597663 0.112111 0.273992 0.225723 0.216526 0.072964 0.375000 0.714286 8.086878 0.294481 0.289536
0.595469 0.110874 0.274579 0.225265 0.270428 0.088069 0.500000 0.714286 6.552428 0.228673 0.310562
0.598775 0.099837 0.182900 0.220208 0.130438 0.038277 0.875000 0.428571 3.117015 0.081339 0.344321
0.640002 0.094073 0.146731 0.225265 0.087111 0.020144 1.000000 0.428571 3.166474 0.083460 0.545614
0.713522 0.104709 0.198519 0.206399 0.102234 0.036005 1.125000 0.142857 4.870011 0.156520 0.545614
0.686131 0.113882 0.201155 0.201885 0.092630 0.049705 0.125000 0.142857 4.199370 0.127758 0.545614
0.660774 0.141254 0.242978 0.252331 0.187430 0.069290 0.250000 0.142857 3.805618 0.110871 0.545344
0.636537 0.145949 0.239905 0.268642 0.300920 0.068779 0.375000 0.142857 4.399515 0.136342 0.477827
0.625043 0.117957 0.150955 0.247638 0.203358 0.047873 0.375000 0.428571 3.519710 0.098610 0.410623
0.631381 0.138619 0.152397 0.310097 0.123029 0.040909 0.000000 0.285714 3.541475 0.099543 0.410623
0.648164 0.140034 0.148004 0.310097 0.079143 0.030499 0.500000 0.571429 4.062339 0.121881 0.410309
0.655277 0.141905 0.140630 0.286810 0.071521 0.031607 0.500000 0.000000 3.951288 0.117119 0.410309
0.717945 0.099307 0.101651 0.228641 0.064145 0.033486 1.000000 0.142857 2.690885 0.063064 0.401752
0.763148 0.108236 0.123342 0.246074 0.085410 0.051815 0.875000 0.428571 2.968974 0.074990 0.326199
0.712704 0.101630 0.093469 0.251591 0.044557 0.039859 0.875000 0.428571 1.857813 0.027336 0.174284
0.731888 0.088478 0.086446 0.258716 0.015858 0.050362 0.500000 0.285714 1.706799 0.020860 0.208116
0.792639 0.058411 0.037016 0.183251 0.016612 0.024150 0.375000 0.000000 1.338324 0.005057 0.275903
0.814071 0.064497 0.037404 0.192252 0.027399 0.038290 0.375000 0.000000 1.409606 0.008114 0.275589
0.882104 0.015366 -0.010381 0.071586 0.032443 0.028514 0.375000 0.714286 1.241313 0.000896 0.343106
0.886682 0.008502 -0.013020 0.040999 0.023794 0.016145 0.250000 0.428571 1.165544 -0.002353 0.410309
0.890207 0.018359 -0.008172 0.084607 0.008224 0.009070 0.250000 0.285714 1.030593 -0.008141 0.410623
0.896893 0.022016 -0.006641 0.102009 -0.000722 0.014857 0.250000 0.428571 1.016550 -0.008743 0.402105
0.896970 0.022799 -0.010122 0.089949 -0.003778 0.032140 0.250000 0.571429 1.096291 -0.005323 0.410623
0.962136 0.057276 0.036396 0.138278 0.015404 0.072313 0.250000 0.571429 1.497484 0.011883 0.412201
0.957319 0.053192 0.033544 0.115520 0.021381 0.067467 0.125000 0.285714 1.518584 0.012788 0.411932
0.964250 0.063122 0.037590 0.115011 0.010877 0.060263 0.375000 0.142857 1.474384 0.010892 0.411932
0.972621 0.061483 0.041274 0.099340 0.008929 0.058114 0.250000 0.142857 1.504252 0.012173 0.411932
0.978286 0.066494 0.043794 0.136851 0.020079 0.056965 0.250000 0.428571 1.554752 0.014339 0.411932
0.974406 0.058257 0.038585 0.111114 0.020726 0.059761 0.875000 0.428571 1.543905 0.013874 0.344414
0.972723 0.052488 0.034263 0.097211 0.010018 0.063255 0.375000 0.428571 1.540876 0.013744 0.344414
0.980555 0.048830 0.032995 0.079718 0.002505 0.057666 0.125000 0.428571 1.541566 0.013773 0.344414
0.991187 0.047790 0.033887 0.076107 0.002463 0.052571 0.125000 0.428571 1.627352 0.017452 0.297084
0.987795 0.040379 0.031425 0.054956 0.008429 0.050456 0.375000 0.285714 1.707080 0.020872 0.297084
0.972355 0.040969 0.031603 0.056090 0.019997 0.039614 0.375000 0.571429 1.622581 0.017248 0.295664
0.980345 0.047588 0.041066 0.083406 0.033074 0.020599 0.500000 0.714286 1.320108 0.004276 0.356390
0.977688 0.040589 0.033601 0.095919 0.041570 0.015407 0.500000 0.714286 1.245823 0.001090 0.356390
0.972123 0.047051 0.037499 0.124403 0.039388 0.035871 0.625000 0.571429 1.454557 0.010042 0.342792
0.963291 0.036124 0.031849 0.079493 0.028020 0.052914 0.250000 0.142857 1.619090 0.017098 0.275319
0.963650 0.043578 0.036355 0.084631 0.022117 0.057358 0.250000 0.000000 1.595099 0.016069 0.342837
0.971773 0.048947 0.039166 0.103808 0.024429 0.074465 0.500000 0.000000 1.625242 0.017362 0.343151
0.976153 0.048951 0.040170 0.102469 0.020770 0.082477 0.500000 0.142857 1.604038 0.016452 0.275633
0.955453 0.044943 0.037160 0.097211 0.017665 0.064210 0.500000 0.285714 1.461944 0.010358 0.342837
0.964492 0.053640 0.044425 0.134027 0.020749 0.045938 0.625000 0.428571 1.380732 0.006875 0.275319
0.976858 0.040328 0.037487 0.112864 0.020590 0.041714 0.625000 0.571429 1.359198 0.005952 0.207802
0.977449 0.040396 0.034839 0.116328 0.013074 0.051992 0.500000 0.714286 1.412510 0.008238 0.207802
0.976611 0.042396 0.038008 0.110671 0.006101 0.070652 0.500000 0.571429 1.523475 0.012997 0.173931
0.972932 0.045404 0.037601 0.116328 0.006811 0.074649 1.125000 0.428571 1.550152 0.014141 0.140015
0.978033 0.052396 0.041629 0.137872 0.017940 0.071031 0.250000 0.571429 1.603495 0.016429 0.207802
0.976405 0.051510 0.041164 0.124447 0.026776 0.077430 0.250000 1.428571 1.699704 0.020555 0.275319
0.978158 0.056711 0.050439 0.149621 0.018851 0.088550 0.375000 0.142857 1.649719 0.018412 0.275005
0.979099 0.057711 0.053404 0.160389 0.007315 0.086881 0.375000 0.285714 1.524794 0.013054 0.342522
0.997489 0.068754 0.055583 0.187957 0.003101 0.074447 0.625000 0.142857 1.521734 0.012923 0.409995
0.991591 0.067613 0.051124 0.163367 0.008526 0.066652 0.625000 0.000000 1.560986 0.014606 0.477512
0.984887 0.076492 0.057416 0.174125 0.030319 0.064745 0.000000 0.142857 1.597595 0.016176 0.478593
0.985587 0.075772 0.060540 0.172599 0.061116 0.049842 0.000000 0.285714 1.677999 0.019624 0.478908
1.002274 0.073389 0.055240 0.175641 0.082250 0.036941 0.500000 0.571429 1.835443 0.026377 0.478894
1.003100 0.068674 0.047430 0.181601 0.075224 0.046572 0.375000 0.000000 1.860620 0.027456 0.539619
1.008951 0.071563 0.050345 0.181501 0.043444 0.066773 0.500000 0.000000 1.708111 0.020916 0.539619
1.008319 0.063332 0.043999 0.163799 0.024845 0.079822 0.625000 0.000000 1.725531 0.021663 0.478853
1.002398 0.065838 0.042317 0.174125 0.026665 0.080109 0.750000 0.000000 1.840629 0.026599 0.478853
0.997846 0.060547 0.031338 0.140644 0.017015 0.066872 0.375000 0.000000 1.676924 0.019578 0.539296
1.039681 0.012107 -0.013022 0.023936 -0.004609 0.031570 0.375000 0.571429 1.015961 -0.008768 0.478853
1.037144 0.016671 -0.009923 0.053260 -0.006672 0.029238 0.375000 0.428571 0.985612 -0.010070 0.418088
1.046319 -0.000349 -0.012713 0.014313 -0.007374 0.043921 0.375000 0.285714 1.055736 -0.007063 0.477598
1.064250 0.051328 0.069127 0.137491 0.036035 0.080238 0.250000 0.571429 1.704415 0.020757 0.477468
1.014117 0.095450 0.111005 0.240589 0.041248 0.131713 0.250000 0.571429 2.269316 0.044984 0.409950
0.971081 0.112834 0.176084 0.259803 0.037247 0.130395 0.125000 0.428571 2.230153 0.043305 0.342747
0.905007 0.121650 0.220849 0.278009 0.045804 0.141769 0.125000 0.285714 3.178546 0.083978 0.274960
0.826062 0.127924 0.330106 0.272328 0.065519 0.145618 0.000000 1.000000 4.745244 0.151169 0.274960
0.827736 0.124979 0.335982 0.256304 0.107744 0.105335 0.125000 0.142857 5.952639 0.202950 0.207757
0.876048 0.168030 0.390443 0.310459 0.209709 0.072592 0.125000 0.285714 9.060840 0.336251 0.073081
0.842925 0.156349 0.378563 0.297103 0.205145 0.060971 0.125000 0.428571 11.235638 0.429522 0.073081
0.648250 0.169812 0.448298 0.350222 0.115608 0.075915 0.250000 0.857143 10.843941 0.412723 0.073081
0.461738 0.180728 0.458702 0.343771 0.162688 0.086371 0.250000 0.285714 9.603560 0.359527 0.073395
0.446579 0.175501 0.439963 0.340329 0.311408 0.076531 0.375000 0.285714 10.357530 0.391862 0.053167
0.564641 0.157381 0.391035 0.301764 0.355749 0.098775 0.000000 1.000000 9.216085 0.342909 0.052925
0.616693 0.148544 0.366105 0.295857 0.277239 0.122277 0.000000 1.142857 7.460475 0.267617 0.113690
0.721921 0.130841 0.276619 0.280371 0.204093 0.100032 0.000000 0.571429 5.994904 0.204763 0.174416
0.745167 0.138172 0.257711 0.312659 0.186074 0.081008 0.250000 0.428571 8.385317 0.307280 0.140599
0.757521 0.153185 0.292663 0.334221 0.166253 0.093046 0.250000 0.285714 11.721771 0.450370 0.174284
0.620774 0.162374 0.320337 0.380881 0.102549 0.156366 0.125000 0.428571 9.651864 0.361599 0.173981
0.558873 0.156086 0.340134 0.373323 0.123237 0.168680 0.000000 0.571429 7.594085 0.273347 0.098024
0.576818 0.144916 0.320534 0.339971 0.184554 0.141006 0.125000 0.571429 5.849936 0.198546 0.098024
0.653945 0.133042 0.243911 0.330413 0.214444 0.097317 0.000000 0.857143 4.473699 0.139523 0.061363
0.669695 0.131791 0.233958 0.334990 0.204693 0.077079 0.750000 1.285714 6.230997 0.214888 0.061363
0.637494 0.155468 0.270758 0.367098 0.248838 0.081467 1.500000 0.571429 10.023833 0.377551 0.061969
0.595648 0.163728 0.283368 0.387551 0.221041 0.073184 0.625000 0.000000 10.750622 0.408721 -0.013988
0.583579 0.177243 0.278491 0.403487 0.194454 0.067499 0.500000 0.000000 8.960496 0.331948 -0.089894
0.589674 0.174212 0.284295 0.389372 0.236942 0.085274 0.125000 0.571429 5.215540 0.171338 -0.026709
0.613792 0.165463 0.294534 0.360669 0.223962 0.091038 0.125000 0.571429 4.766813 0.152094 0.023838
0.719208 0.166491 0.298280 0.340329 0.133477 0.098033 0.500000 0.000000 4.189727 0.127345 0.084564
0.734614 0.166160 0.276086 0.342538 0.149771 0.095154 0.500000 0.142857 5.323900 0.175986 0.206095
0.808361 0.143041 0.221441 0.285188 0.297991 0.043079 0.250000 0.428571 5.613637 0.188412 0.327627
0.801646 0.139409 0.239554 0.280812 0.345692 0.041142 0.250000 0.428571 5.585597 0.187209 0.417721
0.810164 0.128810 0.243105 0.238990 0.260368 0.069303 0.250000 0.571429 5.909744 0.201111 0.539253
0.797123 0.118400 0.238693 0.204380 0.134623 0.099793 0.250000 0.571429 6.211934 0.214071 0.660541
0.813723 0.123417 0.230649 0.225265 0.072788 0.091347 0.250000 0.142857 5.455470 0.181628 0.748256
0.802763 0.119335 0.227518 0.179044 0.051704 0.060611 0.125000 0.142857 4.544273 0.142550 0.858202
0.756652 0.153743 0.290356 0.217118 0.084852 0.080896 0.125000 0.571429 5.508318 0.183895 0.858202
0.792082 0.122033 0.214669 0.156221 0.084219 0.077464 0.125000 0.571429 4.924167 0.158842 1.010571
0.890427 0.119010 0.299597 0.155222 0.199059 0.090945 0.250000 0.571429 6.205452 0.213793 1.086882
0.950686 0.151297 0.337657 0.219972 0.219492 0.075828 0.250000 0.571429 5.731342 0.193460 1.086947
0.871964 0.224815 0.464483 0.270868 0.304772 0.110588 0.250000 0.714286 7.340317 0.262464 1.173755
0.823095 0.218015 0.510007 0.234194 0.611562 0.172951 0.250000 0.571429 8.790486 0.324657 1.086947
0.604733 0.230807 0.572088 0.254006 0.753008 0.203571 0.250000 0.714286 10.459694 0.396244 1.000139
0.485116 0.248555 0.610875 0.262341 0.530604 0.126187 0.375000 0.285714 15.105785 0.595500 1.000139
0.483431 0.243917 0.584807 0.265670 0.397238 0.058306 0.000000 0.142857 20.262917 0.816673 0.934967
0.437191 0.186533 0.508473 0.239090 0.533176 0.021472 0.375000 1.142857 16.784273 0.667485 0.951796
0.415029 0.141138 0.473822 0.197694 0.798131 0.045031 1.250000 0.571429 17.087494 0.680489 0.884279
0.360452 0.134937 0.443521 0.203076 0.655800 0.059475 0.750000 0.571429 14.363953 0.563685 0.681322
0.238967 0.095940 0.331621 0.157029 0.153703 0.074937 0.500000 0.142857 6.531123 0.227760 0.630684
0.174837 0.082534 0.259761 0.145396 0.093941 0.067691 0.000000 0.000000 5.281734 0.174177 0.546287
0.259359 0.092874 0.231709 0.183927 0.071805 0.060958 0.500000 0.285714 4.579054 0.144042 0.343735
0.291731 0.090451 0.231790 0.170809 0.095833 0.056488 0.500000 0.428571 4.036128 0.120757 0.326855
0.356181 0.090448 0.161945 0.194483 0.105403 0.052283 0.500000 0.857143 3.851498 0.112839 0.305153
0.371622 0.077571 0.154003 0.160341 0.087270 0.043373 0.500000 0.000000 4.896896 0.157673 0.174941
0.371122 0.074269 0.163213 0.140737 0.046843 0.036988 0.500000 0.285714 5.621130 0.188733 0.276217
0.301859 0.082477 0.201168 0.167442 0.089150 0.042700 0.375000 0.142857 5.633037 0.189244 0.276217
0.358976 0.065683 0.151759 0.124326 0.099608 0.045159 0.000000 0.714286 3.633466 0.103488 0.357238
0.372457 0.059944 0.152395 0.122754 0.127461 0.050003 0.000000 0.000000 3.337597 0.090799 0.600301
0.408469 0.058330 0.151432 0.110623 0.161640 0.048594 0.750000 0.285714 3.380134 0.092624 0.681322
0.512873 0.060381 0.163101 0.122914 0.211982 0.028932 0.875000 0.142857 4.152375 0.125743 0.681322
0.548331 0.046498 0.175512 0.093780 0.158330 0.034199 0.500000 0.142857 4.317926 0.132843 0.843364
0.590458 0.021659 0.133434 0.041633 0.083834 0.028692 0.375000 0.142857 3.096750 0.080470 0.580046
0.544094 0.017858 0.171701 0.010578 0.114392 0.034006 0.125000 0.857143 3.152497 0.082861 0.580046
0.539403 0.017163 0.170487 0.016366 0.172467 0.031277 0.125000 0.857143 3.661371 0.104685 0.652386
0.603626 -0.003806 0.139178 -0.019560 0.081021 0.021066 0.125000 0.285714 3.482224 0.097002 0.652386
0.699554 0.029664 0.176494 0.068203 0.077263 0.045739 0.000000 0.285714 3.345908 0.091156 0.739194
0.733080 0.071324 0.280915 0.147055 0.103070 0.086752 0.000000 0.285714 4.910615 0.158261 0.739194
0.709346 0.068951 0.303347 0.158434 0.209914 0.050487 0.375000 0.142857 6.109760 0.209689 0.565578
0.593065 0.074686 0.336249 0.177654 0.301351 0.034218 0.375000 0.714286 6.530797 0.227746 0.391961
0.531861 0.085272 0.355614 0.159897 0.196620 0.029961 0.500000 0.571429 6.042369 0.206799 0.478769
0.419592 0.104413 0.382395 0.203530 0.067300 0.022804 0.250000 0.571429 8.799017 0.325023 0.478769
0.371676 0.119284 0.403545 0.254006 0.058172 0.011535 0.000000 0.142857 14.557864 0.572002 0.652386
0.345104 0.128888 0.405734 0.271197 0.107277 0.011013 0.875000 0.000000 19.854245 0.799147 0.554727
0.418744 0.164148 0.504300 0.318855 0.202027 0.062331 0.875000 1.000000 19.518014 0.784727 0.478769
0.396549 0.164968 0.500876 0.300148 0.227936 0.129125 0.875000 1.000000 11.058971 0.421945 0.377493
0.250610 0.205381 0.516886 0.303855 0.258212 0.178459 0.250000 0.142857 5.682913 0.191383 0.114175
0.237696 0.171484 0.372776 0.292653 0.213112 0.147812 0.250000 0.142857 5.397478 0.179141 0.123865
0.325600 0.153562 0.320213 0.251079 0.206463 0.136974 1.000000 0.285714 6.940934 0.245335 0.022589
0.517824 0.168057 0.404553 0.247954 0.180749 0.073017 1.125000 0.857143 9.859664 0.370510 0.022589
0.577385 0.208434 0.413709 0.306263 0.200927 0.042469 0.625000 0.428571 10.213822 0.385699 -0.078687
0.654417 0.221832 0.470855 0.328596 0.263128 0.027492 0.250000 0.428571 10.099732 0.380806 -0.078687
0.876711 0.210410 0.444843 0.280871 0.319629 -0.005086 0.375000 0.285714 7.533178 0.270735 -0.190179
1.062767 0.217615 0.406380 0.334163 0.232438 0.009566 0.625000 0.285714 11.242904 0.429833 -0.205501
0.973237 0.204862 0.346829 0.363159 0.159214 0.060297 0.875000 0.857143 8.340281 0.305349 -0.068647
0.905390 0.234309 0.405208 0.446444 0.168633 0.087791 0.000000 0.571429 8.226669 0.300476 -0.078687
0.909500 0.206891 0.303458 0.421560 0.096112 0.118845 0.000000 0.000000 6.310873 0.218314 -0.129263
0.978998 0.172657 0.253991 0.349776 0.059168 0.057406 0.875000 0.142857 6.161616 0.211913 -0.179526
