0.549862 0.778649 0.854960 0.704009 1.309039 0.341725 1.375000 0.571429 19.064290 1.176148 -0.642428
0.564271 0.656286 0.750275 0.689591 0.662579 0.565911 0.125000 1.285714 11.890205 0.710460 -0.642428
0.549549 0.656624 0.709473 0.684878 0.357042 0.582473 0.000000 0.428571 8.412288 0.484699 -0.642428
0.355033 0.585097 0.616671 0.750258 0.332894 0.419278 0.000000 0.142857 6.595758 0.366784 -0.642428
0.410455 0.518386 0.578238 0.706256 0.286707 0.408432 0.000000 0.142857 6.201917 0.341218 -0.642428
0.314807 0.703020 0.732663 0.842849 0.573429 0.482120 1.000000 0.000000 8.308861 0.477986 -0.642428
0.330458 0.930089 0.924465 0.959757 0.474811 1.236982 0.250000 0.142857 22.243723 1.382533 -0.642428
0.346205 1.105518 1.098041 0.927122 0.865269 1.072432 0.375000 0.142857 31.041361 1.953610 -0.213142
0.449850 1.507302 1.581454 1.139168 1.727320 2.254810 0.750000 0.428571 40.811037 2.587785 -0.426284
0.308135 1.724707 1.763968 1.150798 1.633862 3.950647 0.875000 0.428571 39.973389 2.533411 -0.426284
0.373043 1.148736 1.144432 0.972535 1.154174 1.221959 0.750000 0.714286 30.568729 1.922930 0.001001
0.136645 1.463542 1.475176 1.059542 2.199000 1.085260 0.000000 0.000000 33.681873 2.125012 0.001001
0.411312 1.100107 1.196621 0.923564 1.148321 0.719407 0.000000 0.714286 22.618953 1.406890 0.001001
0.113729 1.677039 1.587592 1.145822 2.847657 2.892915 0.375000 0.285714 42.974525 2.728222 0.001001
0.555666 0.805532 0.906993 0.752029 1.234187 1.027736 0.000000 0.428571 13.756196 0.831586 0.001001
0.133944 1.426342 1.271744 1.139168 0.980069 2.386141 0.000000 0.428571 21.334743 1.323529 0.143429
0.159084 1.139122 1.118948 1.000000 1.166691 1.631684 0.000000 0.428571 22.560415 1.403090 0.143429
0.182981 1.040201 1.054853 1.020440 1.464233 1.302797 0.375000 1.857143 29.867419 1.877407 0.428286
0.117967 0.905166 0.885511 0.969107 1.450358 1.095632 0.375000 0.285714 32.996425 2.080518 0.428286
0.117967 0.873255 0.858177 0.914155 1.084670 0.739692 0.375000 0.428571 26.849060 1.681477 0.321214
0.123430 0.822808 0.826572 0.923314 0.703376 0.751410 0.375000 0.000000 17.077412 1.047175 0.285524
0.089496 0.777594 0.798519 0.896816 0.832370 0.873553 0.250000 0.000000 14.002776 0.847592 0.285524
0.074215 0.756329 0.762951 0.872689 0.420521 0.600427 0.250000 0.285714 7.723458 0.439986 0.285524
0.039092 0.785336 0.813146 0.891148 0.360508 0.673143 0.250000 0.142857 7.788697 0.444220 0.285524
0.025494 1.000000 1.016278 0.975458 0.441030 0.955699 0.375000 0.714286 9.828020 0.576598 0.285524
-0.007934 0.969773 0.973493 0.966315 0.334459 0.737375 0.500000 0.714286 11.402245 0.678785 0.214143
-0.017014 1.082373 1.072403 0.999032 0.511394 0.625122 0.500000 0.714286 16.000826 0.977291 0.214143
-0.028012 1.204036 1.206663 1.032675 1.294634 0.945117 1.500000 0.714286 25.667259 1.604763 0.214143
-0.039839 1.392436 1.351186 1.095261 1.856478 1.374458 0.500000 0.857143 28.110805 1.763380 0.000000
-0.001686 1.532014 1.557676 1.177523 1.788295 1.629425 0.500000 1.000000 24.867686 1.552861 -0.002284
0.065405 1.558297 1.591253 1.182652 1.637486 1.282293 0.625000 0.285714 26.327373 1.647613 -0.002284
0.169298 1.556629 1.499500 1.236537 1.971691 0.607061 0.500000 0.142857 32.871498 2.072409 -0.002284
0.202881 1.492473 1.391431 1.231695 2.164648 0.537061 0.375000 0.000000 38.856775 2.460929 -0.002284
0.209153 1.462624 1.353277 1.193306 2.422730 0.517194 0.500000 0.142857 44.082424 2.800139 -0.002284
0.191567 1.203655 1.066365 1.080247 0.568914 0.229469 0.125000 0.000000 10.977320 0.651202 -0.002284
0.191877 1.113991 0.983338 1.053144 1.040466 0.863315 1.250000 0.285714 17.447726 1.071213 -0.002284
0.150627 0.960361 0.850635 1.062158 1.255906 0.870330 0.250000 0.142857 15.329257 0.933697 -0.002284
0.173300 0.873055 0.780066 1.022023 0.855812 0.851188 0.250000 0.000000 11.909173 0.711691 -0.002284
0.137058 0.640240 0.601594 0.913816 0.446847 0.255500 0.500000 0.428571 8.031930 0.460009 -0.002284
0.141455 0.626013 0.566162 0.906662 0.416429 0.360964 0.500000 0.857143 7.243116 0.408805 -0.002284
0.099197 0.575465 0.474513 0.835318 0.292793 0.419366 0.250000 1.000000 5.285370 0.281723 -0.002284
0.132559 0.486602 0.420259 0.748363 0.271578 0.266046 0.625000 0.428571 4.206671 0.211702 -0.002284
0.116930 0.450832 0.373641 0.666479 0.312412 0.198504 0.000000 0.571429 4.110222 0.205441 -0.002284
0.118021 0.450008 0.373100 0.687250 0.229430 0.267140 0.375000 0.000000 4.193905 0.210873 0.000000
0.117933 0.463827 0.391881 0.682849 0.137376 0.347635 0.375000 0.142857 4.191856 0.210740 0.000000
0.123368 0.562003 0.466391 0.781356 0.266905 0.427602 0.750000 0.142857 5.617222 0.303264 0.000000
0.118416 0.532639 0.439912 0.748479 0.227726 0.314231 0.125000 0.000000 4.915445 0.257710 0.000000
0.123695 0.487083 0.406334 0.689043 0.124761 0.333203 0.500000 0.285714 3.951734 0.195153 0.000000
0.133285 0.489058 0.397659 0.678036 0.124672 0.458233 0.500000 0.000000 4.100326 0.204799 0.000000
0.124770 0.519240 0.436984 0.696649 0.175275 0.661205 0.750000 0.000000 5.162205 0.273728 0.142762
0.133084 0.538259 0.452375 0.727661 0.237845 0.598047 0.125000 0.142857 5.774901 0.313500 0.142762
0.132367 0.550735 0.448466 0.755581 0.225199 0.394614 0.750000 0.285714 5.369033 0.287154 0.142762
0.123296 0.566136 0.471726 0.776335 0.143847 0.275759 0.250000 0.285714 4.238265 0.213753 0.214143
0.118097 0.551712 0.436304 0.756424 0.136534 0.290528 0.125000 0.285714 4.109233 0.205377 0.285524
0.120406 0.466027 0.378715 0.710050 0.197932 0.298398 0.375000 0.714286 4.603903 0.237487 0.107071
0.121375 0.432693 0.358764 0.649246 0.179261 0.382671 0.500000 0.428571 4.810373 0.250890 0.142762
0.152830 0.363855 0.320103 0.578611 0.190629 0.303082 0.250000 1.000000 3.911458 0.192539 0.142762
0.140755 0.462730 0.375368 0.660819 0.104637 0.363358 0.125000 0.000000 4.038721 0.200800 0.142762
0.156705 0.350425 0.307142 0.531222 0.154674 0.294724 0.250000 0.000000 3.674391 0.177150 0.214143
0.158980 0.346496 0.300334 0.526711 0.172653 0.259967 0.375000 0.000000 3.682967 0.177707 0.214786
0.155883 0.338102 0.293989 0.538325 0.257893 0.168503 0.375000 0.571429 3.965144 0.196024 0.257486
0.152148 0.336377 0.291392 0.541006 0.338137 0.132573 0.375000 0.571429 4.558274 0.234525 0.249858
0.157852 0.341419 0.277960 0.553930 0.268961 0.163697 0.250000 0.000000 4.311923 0.218534 0.214172
0.154254 0.326910 0.267378 0.530918 0.133704 0.207906 0.125000 0.857143 3.523882 0.167380 0.214172
0.168956 0.351577 0.288960 0.553140 0.076632 0.268660 0.625000 0.857143 3.238256 0.148840 0.374786
0.153391 0.429518 0.338271 0.646147 0.094267 0.313712 0.750000 1.714286 3.594350 0.171955 0.374786
0.165073 0.453614 0.355924 0.684471 0.056515 0.359750 0.000000 0.714286 3.394481 0.158981 0.299829
0.161470 0.450879 0.359863 0.716041 0.108218 0.326890 0.125000 0.714286 3.396718 0.159126 0.321239
0.167519 0.453162 0.362697 0.754865 0.081824 0.373667 0.125000 0.571429 3.449200 0.162533 0.321239
0.158231 0.462015 0.376598 0.768897 0.049243 0.433912 0.125000 0.428571 3.417309 0.160462 0.320810
0.179641 0.424914 0.344864 0.763548 0.055304 0.415028 0.250000 0.285714 3.242221 0.149097 0.320810
0.173444 0.500658 0.405508 0.827872 0.067655 0.475822 0.125000 0.142857 3.784697 0.184311 0.428286
0.195593 0.456059 0.371648 0.846071 0.073592 0.404890 0.375000 0.142857 3.434014 0.161547 0.428286
0.210285 0.475335 0.397362 0.871864 0.076776 0.418702 0.500000 0.428571 3.559825 0.169713 0.428286
0.234848 0.425752 0.352142 0.836238 0.113804 0.316930 0.500000 0.571429 3.516962 0.166931 0.374750
0.212928 0.386443 0.311872 0.769335 0.086207 0.291282 0.500000 0.285714 3.136867 0.142258 0.333111
0.254615 0.292924 0.245855 0.653136 0.022683 0.298313 0.500000 0.142857 3.047279 0.136443 0.333111
0.256796 0.296071 0.252347 0.660756 0.051517 0.297657 0.625000 0.000000 3.181066 0.145127 0.333111
0.256130 0.289641 0.248495 0.626576 0.138374 0.272682 1.250000 0.571429 3.237144 0.148767 0.285524
0.269093 0.284918 0.232693 0.638262 0.167912 0.238199 0.500000 1.142857 2.918634 0.128092 0.237936
0.293727 0.224396 0.186068 0.558601 0.135549 0.133973 0.000000 0.571429 2.240296 0.084059 0.214143
0.293152 0.214782 0.178986 0.541902 0.100059 0.129251 0.750000 0.571429 2.125965 0.076638 0.122367
0.293269 0.187408 0.166374 0.495577 0.093048 0.176158 0.625000 0.285714 2.233311 0.083606 0.160607
0.293610 0.187277 0.156080 0.476436 0.093841 0.197942 0.625000 0.142857 2.225112 0.083074 0.160607
0.297746 0.192290 0.157791 0.474805 0.075368 0.172996 0.375000 0.142857 2.016988 0.069564 0.214143
0.324393 0.298835 0.245307 0.618706 0.028182 0.271883 0.875000 0.857143 2.802129 0.120529 0.244735
0.327457 0.308938 0.247256 0.628765 0.057194 0.254977 0.000000 0.571429 2.947403 0.129960 0.305918
0.330027 0.280890 0.223619 0.585464 0.076955 0.246001 0.125000 0.000000 2.889131 0.126177 0.285524
0.349185 0.239892 0.194758 0.530359 0.099206 0.200351 0.000000 0.428571 2.454539 0.097967 0.428286
0.363867 0.237748 0.202432 0.512069 0.080666 0.182296 1.000000 0.000000 2.323263 0.089445 0.513943
0.378770 0.225598 0.189500 0.471491 0.054194 0.185641 0.375000 0.000000 2.208225 0.081978 0.499666
0.383414 0.225729 0.189977 0.468609 0.046176 0.203075 0.000000 0.285714 2.197699 0.081294 0.499666
0.397355 0.212058 0.182638 0.438080 0.047744 0.219569 0.000000 0.285714 2.253393 0.084910 0.428286
0.399739 0.203189 0.176714 0.429474 0.043608 0.214842 0.000000 0.000000 2.135617 0.077265 0.428286
0.413744 0.223976 0.188432 0.457432 0.053699 0.177408 0.250000 0.000000 2.056326 0.072118 0.428286
0.435670 0.149984 0.132190 0.357356 0.066662 0.115394 0.250000 0.571429 1.885049 0.060999 0.428653
0.455023 0.096450 0.089067 0.231913 0.061307 0.062156 0.125000 0.000000 1.594232 0.042122 0.428714
0.463489 0.093216 0.087650 0.216508 0.045006 0.091138 0.000000 0.000000 1.621289 0.043878 0.428653
0.468545 0.088663 0.084786 0.186584 0.037994 0.107937 0.000000 0.571429 1.611154 0.043220 0.357333
0.399942 0.260759 0.263574 0.511450 0.221380 0.141467 0.000000 0.571429 2.979810 0.132063 0.305918
0.377295 0.232258 0.222640 0.483132 0.093420 0.128422 0.000000 1.285714 2.149123 0.078141 0.367102
0.373210 0.248842 0.231876 0.492379 0.049724 0.114724 0.000000 1.428571 1.892479 0.061482 0.336510
0.361510 0.257730 0.227965 0.514390 0.060118 0.118302 0.000000 0.857143 2.183658 0.080383 0.336510
0.357113 0.249189 0.217783 0.509312 0.094926 0.160440 0.125000 0.714286 2.673311 0.112168 0.336510
0.358285 0.235616 0.210376 0.455731 0.130783 0.209682 0.250000 1.000000 2.936111 0.129227 0.275326
0.358115 0.236710 0.214965 0.433155 0.157229 0.250917 0.500000 1.142857 3.150925 0.143171 0.214143
0.354194 0.232918 0.219877 0.408126 0.135468 0.292299 0.375000 1.142857 3.374499 0.157683 0.214143
0.357234 0.225185 0.212602 0.410011 0.079086 0.296431 0.250000 0.285714 3.211218 0.147084 0.241232
0.320649 0.155028 0.163549 0.270802 0.059118 0.167956 0.500000 0.000000 2.125554 0.076611 0.262016
0.320000 0.121333 0.138928 0.217849 0.029730 0.145684 0.375000 0.714286 1.774915 0.053850 0.166841
0.323022 0.124799 0.139273 0.247559 0.060382 0.086911 0.375000 0.285714 1.688106 0.048215 0.119254
0.333604 0.131092 0.158760 0.267866 0.157552 0.043842 0.375000 0.142857 2.110801 0.075654 0.095460
0.336753 0.124989 0.155055 0.243544 0.191200 0.060065 0.375000 0.142857 2.473305 0.099185 0.095460
0.333604 0.135966 0.168222 0.253728 0.213545 0.089757 0.375000 0.285714 2.634928 0.109676 0.000286
0.336571 0.143956 0.178214 0.267526 0.228677 0.096147 0.500000 0.000000 2.645019 0.110331 0.095460
0.311284 0.110519 0.130961 0.210126 0.109313 0.061701 0.375000 0.428571 1.834632 0.057727 0.143048
0.343094 0.179484 0.189883 0.322840 0.113160 0.123629 0.000000 0.000000 2.152410 0.078355 0.143048
0.339509 0.166570 0.187299 0.289381 0.179904 0.107949 0.625000 0.142857 2.608781 0.107979 0.118968
0.354068 0.180967 0.185496 0.318482 0.241112 0.091723 0.750000 0.000000 2.921056 0.128249 0.080304
0.351505 0.181427 0.188326 0.313542 0.227178 0.123094 0.750000 0.428571 2.838548 0.122894 0.187375
0.365306 0.180100 0.198119 0.316616 0.176779 0.174992 0.625000 0.428571 2.661446 0.111397 0.187375
0.337595 0.134723 0.142445 0.272037 0.141103 0.118194 0.500000 0.000000 2.217726 0.082594 0.187375
0.336414 0.147945 0.148623 0.308059 0.162369 0.109358 0.500000 0.142857 2.307839 0.088444 0.187375
0.365032 0.092873 0.087117 0.258987 0.125616 0.054560 0.625000 0.142857 1.853344 0.058941 0.294446
0.373397 0.093163 0.083929 0.254738 0.081065 0.038332 0.750000 0.142857 1.669425 0.047003 0.267982
0.359075 0.083893 0.078957 0.230592 0.037619 0.043607 0.750000 0.142857 1.420237 0.030827 0.214161
0.356161 0.078053 0.070541 0.214367 0.032089 0.050324 0.000000 0.142857 1.442059 0.032244 0.214161
0.363471 0.082572 0.074561 0.234633 0.052790 0.052858 0.125000 0.142857 1.605659 0.042864 0.214164
0.367781 0.170831 0.174155 0.386088 0.113587 0.160633 0.125000 0.142857 2.543327 0.103730 0.214164
0.395339 0.129481 0.123622 0.319343 0.025848 0.109980 0.125000 0.285714 1.849281 0.058678 0.178477
0.375882 0.169992 0.173590 0.371124 0.076611 0.118105 0.250000 0.428571 2.184657 0.080448 0.178477
0.387539 0.127647 0.128004 0.297808 0.112715 0.099688 1.250000 0.428571 2.068482 0.072907 0.178477
0.390023 0.133872 0.130063 0.289685 0.101548 0.088236 0.500000 0.428571 1.911031 0.062686 0.214531
0.380344 0.159998 0.164003 0.297194 0.071889 0.135033 0.125000 0.428571 2.116865 0.076047 0.214531
0.407863 0.227385 0.228419 0.443227 0.117284 0.200518 0.125000 0.714286 2.854319 0.123917 0.244776
0.418003 0.230282 0.235467 0.456360 0.103652 0.174685 0.500000 0.857143 2.985996 0.132465 0.306286
0.450305 0.267477 0.291710 0.503201 0.066672 0.171967 0.500000 1.142857 3.164678 0.144063 0.245102
0.461380 0.305311 0.319838 0.560836 0.039440 0.235031 0.500000 0.571429 2.992481 0.132886 0.160929
0.422559 0.252434 0.242531 0.497072 0.033207 0.246114 0.625000 0.428571 2.488358 0.100162 0.190635
0.451248 0.245859 0.245742 0.499318 0.050215 0.235525 0.125000 0.285714 2.529409 0.102827 0.171572
0.434717 0.251959 0.247933 0.523192 0.090822 0.258650 0.750000 0.285714 3.162482 0.143921 0.190635
0.456635 0.239910 0.234828 0.509595 0.113586 0.325744 0.750000 0.285714 3.669520 0.176834 0.214464
0.460869 0.227697 0.229500 0.509595 0.116437 0.346567 0.000000 0.285714 3.534455 0.168067 0.187375
0.484122 0.215466 0.212078 0.541006 0.148157 0.208195 0.000000 0.142857 2.841418 0.123080 0.152959
0.486656 0.208829 0.208385 0.522412 0.127980 0.175107 0.125000 0.571429 2.861197 0.124364 0.152959
0.536544 0.269979 0.259141 0.594388 0.103935 0.161538 0.000000 0.857143 2.993703 0.132965 0.107071
0.533463 0.254366 0.256197 0.539938 0.046952 0.152350 0.000000 0.000000 2.419390 0.095685 0.178452
0.528050 0.211799 0.232735 0.479941 0.016568 0.156831 0.500000 0.000000 2.138153 0.077429 0.321214
0.525289 0.209719 0.228982 0.464367 0.026907 0.170081 0.500000 0.000000 2.281307 0.086722 0.321214
0.513395 0.219336 0.240043 0.470088 0.071664 0.181122 0.250000 0.857143 2.801703 0.120502 0.385457
0.518905 0.231634 0.242453 0.481518 0.097566 0.167677 0.125000 1.000000 3.298382 0.152743 0.392595
0.522258 0.228441 0.236057 0.491161 0.116158 0.129008 0.750000 0.285714 3.574842 0.170688 0.392595
0.562450 0.273407 0.290269 0.531279 0.212344 0.143981 0.500000 0.714286 4.192253 0.210766 0.428286
0.559874 0.264418 0.284631 0.501020 0.256352 0.162980 0.500000 0.000000 4.512471 0.231552 0.427918
0.527090 0.281048 0.343659 0.506006 0.302669 0.243972 0.500000 0.000000 5.327543 0.284461 0.427918
0.487265 0.246432 0.309863 0.468559 0.165666 0.205031 0.375000 0.571429 3.488399 0.165077 0.427964
0.479871 0.253211 0.309196 0.507057 0.119122 0.178168 0.250000 0.571429 3.024117 0.134939 0.374429
0.514653 0.245127 0.251814 0.498203 0.080868 0.127953 0.125000 0.285714 2.749510 0.117114 0.320893
0.528809 0.242552 0.237433 0.489874 0.122267 0.148222 0.125000 0.285714 3.506994 0.166284 0.320893
0.530588 0.240187 0.224482 0.490619 0.178405 0.157258 0.125000 0.285714 3.870332 0.189869 0.332825
0.537644 0.235931 0.232969 0.486787 0.193989 0.160374 0.000000 0.428571 3.739390 0.181369 0.320893
0.536811 0.233579 0.245829 0.486787 0.168737 0.158587 0.500000 0.571429 3.475146 0.164217 0.332540
0.531778 0.235650 0.239725 0.496537 0.118914 0.179496 1.000000 0.428571 3.031076 0.135391 0.332540
0.566754 0.309257 0.301152 0.571016 0.073379 0.239289 0.500000 0.428571 2.865884 0.124668 0.142476
0.581046 0.323160 0.310150 0.579154 0.017568 0.246577 0.125000 0.428571 2.555114 0.104495 0.094889
0.606379 0.309318 0.302552 0.540256 0.063661 0.235698 0.375000 0.428571 3.102672 0.140039 0.053214
0.639849 0.323542 0.358115 0.576826 0.149993 0.257203 0.500000 0.571429 4.088304 0.204018 0.060817
0.615169 0.315437 0.406561 0.549050 0.203789 0.285241 0.500000 0.571429 4.374908 0.222623 0.122000
0.570015 0.293307 0.486685 0.479068 0.259386 0.301002 0.375000 0.714286 6.027522 0.329898 0.122000
0.517688 0.306491 0.587254 0.467217 0.349257 0.330166 0.250000 0.714286 8.052315 0.461332 0.122000
0.456655 0.356026 0.667739 0.479941 0.398346 0.388819 0.125000 0.571429 12.569235 0.754537 0.160286
0.409569 0.360316 0.683063 0.467217 0.387718 0.308358 0.125000 0.571429 13.160702 0.792931 0.214500
0.315239 0.311122 0.562671 0.402293 0.232360 0.151232 0.125000 0.428571 9.690026 0.567640 0.214500
0.246779 0.270983 0.462575 0.386449 0.250662 0.172909 0.500000 0.857143 6.737674 0.375996 0.428694
0.175005 0.321662 0.422081 0.430033 0.282057 0.168325 0.750000 1.000000 4.339719 0.220338 0.551061
0.136555 0.181444 0.197549 0.303608 0.160791 0.114490 0.000000 0.428571 2.571471 0.105557 0.535714
0.121474 0.138099 0.149893 0.266996 0.204205 0.078930 0.625000 0.857143 2.459838 0.098311 0.476190
0.127080 0.120411 0.147829 0.255752 0.215693 0.102424 0.625000 0.714286 2.688116 0.113129 0.476190
0.131453 0.154566 0.163953 0.307654 0.191692 0.093982 0.250000 0.571429 2.935295 0.129174 0.476190
0.146487 0.148576 0.173359 0.296674 0.165715 0.061973 1.250000 0.714286 2.961691 0.130887 0.523778
0.151117 0.154544 0.165371 0.291232 0.136903 0.040587 1.000000 0.142857 2.529956 0.102862 0.523778
0.152015 0.149195 0.160860 0.297194 0.097557 0.049130 0.000000 0.857143 2.184052 0.080409 0.475873
0.173363 0.184542 0.192214 0.324840 0.074941 0.097085 0.000000 0.428571 2.757815 0.117653 0.475873
0.181319 0.198562 0.208299 0.363701 0.076637 0.110056 0.500000 0.428571 2.932538 0.128995 0.475873
0.202305 0.205880 0.218424 0.369591 0.050166 0.098550 0.000000 0.285714 2.656454 0.111073 0.380698
0.267701 0.270708 0.349357 0.465803 0.050267 0.105466 0.500000 0.428571 2.728836 0.115772 0.428286
0.337714 0.246187 0.362382 0.445765 0.125329 0.145537 0.375000 0.428571 3.433704 0.161527 0.476159
0.359262 0.253467 0.382126 0.430033 0.175327 0.181910 0.000000 0.428571 4.461429 0.228239 0.482143
0.377059 0.285632 0.475987 0.492861 0.156356 0.238160 0.250000 1.571429 5.058398 0.266990 0.535679
0.444060 0.265870 0.516678 0.451363 0.145679 0.268765 0.125000 1.571429 6.033039 0.330256 0.535679
0.566448 0.325916 0.645389 0.526217 0.158981 0.405747 0.750000 0.285714 7.163285 0.403623 0.589214
0.672561 0.297539 0.565483 0.487875 0.226575 0.358733 0.750000 0.285714 5.323142 0.284175 0.589214
0.734239 0.330155 0.503216 0.582174 0.324960 0.257491 0.500000 0.428571 6.031910 0.330183 0.589214
0.806714 0.309921 0.411720 0.584411 0.126346 0.060725 1.125000 0.142857 7.408167 0.419519 0.618921
0.817390 0.404903 0.553264 0.639465 0.198125 0.123657 0.625000 0.714286 14.112157 0.854692 0.696286
0.822039 0.403853 0.562709 0.625592 0.154061 0.226181 0.750000 0.714286 12.095338 0.723775 0.749821
0.886060 0.438448 0.597541 0.653136 0.262454 0.400156 0.625000 0.428571 10.032621 0.589879 0.803393
0.923063 0.404404 0.515319 0.629644 0.380529 0.502066 0.500000 0.000000 7.233676 0.408193 0.803393
0.938580 0.371201 0.430372 0.620633 0.356054 0.402644 0.375000 0.000000 6.081476 0.333400 0.803393
0.903029 0.444847 0.501196 0.663132 0.407443 0.509037 0.375000 0.714286 6.426875 0.355821 0.795796
0.867048 0.451657 0.493954 0.695838 0.440157 0.450326 0.500000 0.571429 6.509330 0.361173 0.734245
0.856802 0.445589 0.475690 0.656468 0.433819 0.344028 0.125000 0.571429 6.477360 0.359098 0.795429
0.939327 0.473762 0.547672 0.659460 0.481947 0.323339 0.125000 0.142857 6.568110 0.364989 0.856612
1.009946 0.458653 0.537758 0.646635 0.448213 0.272151 0.500000 0.142857 6.142160 0.337339 0.795429
1.027591 0.445015 0.533614 0.631517 0.364550 0.284378 0.500000 0.857143 6.244312 0.343970 0.795429
1.083885 0.433418 0.474480 0.628946 0.242491 0.410836 0.625000 0.428571 6.214054 0.342006 0.713857
1.048722 0.414422 0.475790 0.573654 0.195566 0.439880 0.000000 0.000000 5.541967 0.298379 0.684743
1.073043 0.406191 0.480505 0.553659 0.193681 0.356854 0.000000 0.142857 6.007764 0.328615 0.684743
1.033139 0.425570 0.554958 0.555626 0.270745 0.306484 0.375000 0.571429 8.634400 0.499117 0.599086
1.087064 0.388141 0.464385 0.552820 0.277533 0.252955 0.250000 0.428571 7.755151 0.442043 0.642000
1.143876 0.353075 0.441257 0.529856 0.299808 0.207904 0.250000 0.285714 5.834636 0.317377 0.642428
1.245204 0.364680 0.432956 0.627133 0.375037 0.168897 0.125000 0.285714 7.257322 0.409727 0.642428
1.230886 0.362349 0.432883 0.626191 0.399673 0.100823 0.125000 0.285714 7.395980 0.418728 0.571047
1.129299 0.357990 0.418099 0.600517 0.374179 0.174136 0.000000 0.000000 6.466745 0.358409 0.599600
1.102173 0.354712 0.414480 0.613348 0.303061 0.206511 0.750000 0.142857 5.850519 0.318408 0.571047
1.087144 0.355842 0.418341 0.615680 0.229379 0.207064 0.625000 1.000000 5.665808 0.306418 0.551020
1.086715 0.362901 0.443690 0.628012 0.194998 0.194307 0.125000 1.000000 6.063597 0.332240 0.551020
0.976363 0.383118 0.558995 0.632630 0.267046 0.367219 0.375000 0.714286 9.082934 0.528233 0.535679
0.900881 0.313529 0.498940 0.523343 0.370889 0.330042 0.375000 0.428571 6.699246 0.373501 0.535679
0.825291 0.313651 0.575235 0.471333 0.398397 0.335911 0.000000 0.142857 7.576125 0.430422 0.489837
0.728120 0.269444 0.463494 0.388042 0.222688 0.227543 1.000000 0.142857 5.358770 0.286488 0.489837
0.681024 0.217092 0.389670 0.312165 0.147882 0.121087 0.375000 0.142857 3.870626 0.189888 0.428653
0.619200 0.194401 0.362829 0.294473 0.196969 0.089441 1.250000 0.428571 4.670781 0.241828 0.428714
0.552115 0.140975 0.314183 0.210828 0.171642 0.072038 0.500000 0.285714 3.690739 0.178211 0.367469
0.536162 0.115014 0.300625 0.177694 0.112370 0.066820 1.000000 0.142857 4.323330 0.219275 0.367469
0.502881 0.102110 0.246360 0.149309 0.079224 0.036735 0.750000 0.142857 4.215046 0.212246 0.306245
0.537657 0.110525 0.274469 0.181792 0.142314 0.086929 0.125000 0.571429 4.757139 0.247434 0.267964
0.567547 0.098914 0.269280 0.131655 0.211108 0.113132 0.250000 0.571429 4.814291 0.251144 0.267964
0.547282 0.091484 0.257048 0.129420 0.270938 0.119807 0.125000 1.000000 4.889322 0.256014 0.245061
0.561284 0.105286 0.238576 0.157568 0.272244 0.105879 0.750000 0.142857 4.960545 0.260638 0.267964
0.558143 0.096768 0.240229 0.178009 0.225702 0.087181 0.750000 0.142857 4.285144 0.216796 0.245061
0.528463 0.226600 0.429288 0.347650 0.197060 0.093600 0.750000 0.285714 3.699994 0.178812 0.214524
0.527583 0.272278 0.464391 0.338860 0.146997 0.088728 0.750000 0.428571 2.999303 0.133329 0.214470
0.580916 0.367769 0.470744 0.427572 0.183379 0.107136 0.125000 0.714286 3.142928 0.142652 0.214470
0.633619 0.250791 0.281430 0.419840 0.201259 0.073295 0.250000 0.571429 3.085235 0.138907 0.178834
0.632711 0.401153 0.423407 0.565438 0.398101 0.148547 0.250000 0.285714 5.395730 0.288887 0.250262
0.666265 0.364627 0.342364 0.591163 0.127503 0.061737 1.125000 0.285714 4.291547 0.217211 0.250262
0.655561 0.381822 0.358782 0.668009 0.170873 0.152262 1.125000 0.285714 4.238472 0.213766 0.250262
0.614705 0.756222 0.764533 0.871010 0.979966 0.685328 0.000000 0.428571 15.996981 0.977041 0.214510
0.699126 0.393321 0.347704 0.732404 0.371489 0.190342 0.250000 0.000000 5.565532 0.299909 0.214878
0.719125 0.368192 0.322216 0.700634 0.511179 0.144424 0.375000 0.571429 6.379607 0.352753 0.241554
0.717296 0.351471 0.302212 0.653136 0.475035 0.149499 0.375000 1.142857 6.168792 0.339068 0.262302
0.724598 0.337204 0.289388 0.596606 0.313069 0.167066 0.375000 1.142857 5.226329 0.277891 0.286095
0.733573 0.193230 0.156276 0.394729 0.150686 0.127643 0.500000 0.571429 2.864819 0.124599 0.286095
0.742903 0.181655 0.133426 0.356049 0.090073 0.147365 0.500000 0.142857 2.379028 0.093065 0.300572
0.772486 0.093556 0.089557 0.197955 0.076233 0.120710 0.375000 0.142857 2.100140 0.074962 0.257486
0.767101 0.087753 0.082593 0.178980 0.055714 0.062198 0.125000 0.000000 1.685339 0.048036 0.214657
0.777471 0.094555 0.087743 0.183611 0.051127 0.009047 0.125000 0.000000 1.314973 0.023994 0.190921
0.767190 0.092958 0.088108 0.170768 0.042019 -0.010341 0.625000 0.142857 1.058762 0.007363 0.190921
0.755520 0.115956 0.122193 0.208547 -0.010505 0.060034 0.375000 0.285714 1.243348 0.019345 0.095460
0.762210 0.122896 0.136813 0.232306 -0.003345 0.061384 0.500000 0.285714 1.406563 0.029940 0.047873
0.795893 0.159326 0.189137 0.318968 0.071197 0.119393 0.500000 0.142857 2.236442 0.083809 0.095460
0.831396 0.122010 0.151411 0.282554 0.098501 0.113522 0.375000 0.142857 2.930803 0.128882 0.047873
0.841186 0.137205 0.171460 0.343271 0.080782 0.076856 0.375000 0.000000 3.952075 0.195175 0.095746
0.865961 0.140425 0.187935 0.370489 0.061517 0.070865 0.375000 0.000000 4.159175 0.208619 0.047873
0.865503 0.148015 0.187806 0.395459 0.052576 0.092073 0.375000 0.285714 2.792350 0.119895 0.053857
0.909705 0.226180 0.263849 0.519448 0.072598 0.159534 0.250000 0.285714 2.811318 0.121126 0.160929
0.884482 0.165205 0.185621 0.435571 0.048166 0.089607 0.125000 0.428571 1.852757 0.058903 0.143048
0.943291 0.207493 0.231331 0.507317 0.112044 0.116466 0.000000 0.428571 3.478368 0.164426 0.160929
0.953430 0.223769 0.242245 0.499768 0.112421 0.063280 0.125000 0.428571 3.307785 0.153353 0.245102
0.946743 0.222066 0.240662 0.490619 0.129255 0.063129 0.250000 0.142857 2.939489 0.129446 0.245102
0.948787 0.237164 0.244531 0.519405 0.200799 0.113058 0.250000 0.142857 3.137137 0.142276 0.122735
0.925740 0.321957 0.306169 0.613857 0.236234 0.183250 0.125000 0.142857 3.799408 0.185265 0.123062
0.910002 0.374475 0.370679 0.649919 0.231384 0.251345 0.125000 0.714286 3.839973 0.187899 0.061510
0.925400 0.451933 0.420643 0.694381 0.198143 0.327921 0.250000 0.714286 4.141320 0.207460 0.122694
0.933460 0.469576 0.440696 0.707442 0.147764 0.396703 0.250000 0.571429 5.095049 0.269369 0.122694
0.947317 0.490314 0.454361 0.702759 0.123663 0.439644 0.750000 0.285714 5.801974 0.315257 0.071762
0.928480 0.588524 0.545072 0.785935 0.233271 0.531257 1.250000 0.428571 6.447646 0.357169 0.143143
0.930694 0.615853 0.560894 0.819822 0.284163 0.540798 1.250000 0.571429 6.187542 0.340285 0.183878
0.954215 0.642170 0.598982 0.881725 0.265685 0.531146 0.000000 0.714286 5.929766 0.323552 0.214429
0.964920 0.622609 0.582229 0.884016 0.243830 0.496802 0.125000 0.857143 5.762825 0.312716 0.267964
0.978701 0.620719 0.581525 0.895506 0.403082 0.599103 0.250000 0.142857 7.362141 0.416532 0.321822
1.000000 0.557462 0.529929 0.810642 0.353170 0.567068 0.250000 0.142857 7.075759 0.397942 0.321536
0.972175 0.517715 0.490541 0.779612 0.368402 0.356414 1.000000 0.142857 6.654443 0.370593 0.367469
0.991634 0.570177 0.533112 0.798289 0.430348 0.419726 1.000000 0.142857 7.173581 0.404292 0.367469
0.958824 0.530098 0.487917 0.786845 0.369712 0.322112 0.625000 0.142857 6.351941 0.350957 0.367469
0.960401 0.560451 0.526163 0.809603 0.299427 0.360907 0.500000 0.571429 6.027394 0.329890 0.321536
0.963003 0.483152 0.464469 0.767405 0.296482 0.382884 0.500000 0.285714 5.607790 0.302652 0.268000
0.977242 0.523300 0.482628 0.786824 0.290068 0.458073 0.000000 0.285714 5.676942 0.307141 0.245102
0.977334 0.527081 0.466741 0.775538 0.202012 0.335696 0.125000 0.142857 4.796798 0.250009 0.214572
0.993699 0.561148 0.521925 0.762880 0.102372 0.360238 0.250000 0.142857 4.490667 0.230137 0.143191
0.943582 0.515937 0.459933 0.731693 0.174602 0.436177 0.375000 0.285714 4.646351 0.240243 0.071381
0.955556 0.503911 0.456836 0.734679 0.248440 0.573053 0.250000 0.285714 5.326206 0.284374 0.142762
0.944870 0.502174 0.464064 0.742457 0.230366 0.656660 0.125000 0.000000 5.502819 0.295838 0.142762
0.937958 0.494888 0.465863 0.733970 0.229183 0.603942 0.125000 0.571429 5.499554 0.295626 0.085657
0.953903 0.348079 0.366291 0.610559 0.343928 0.328372 0.250000 0.714286 5.643982 0.305001 0.142762
0.940579 0.367860 0.375551 0.624966 0.314053 0.360783 0.625000 0.571429 5.693800 0.308235 0.171314
0.942795 0.349968 0.367071 0.620067 0.192491 0.383688 0.875000 0.428571 4.742259 0.246468 0.214143
0.988448 0.433809 0.454554 0.677326 0.232694 0.354094 0.000000 0.285714 4.857736 0.253964 0.171314
0.983774 0.448460 0.453101 0.703114 0.263554 0.314089 0.000000 0.142857 4.825009 0.251840 0.142762
0.995609 0.431714 0.452503 0.689269 0.284530 0.377914 0.000000 0.000000 4.935658 0.259022 0.214143
0.989002 0.411645 0.448429 0.659776 0.284637 0.434080 0.125000 0.285714 5.018807 0.264420 0.285953
0.993207 0.420251 0.445820 0.643211 0.239462 0.428590 0.000000 0.285714 5.305175 0.283009 0.285953
0.994390 0.425225 0.448971 0.649919 0.178571 0.434942 0.375000 0.285714 5.851056 0.318443 0.285953
1.027264 0.444921 0.481188 0.665870 0.192859 0.480908 1.000000 0.285714 6.413401 0.354946 0.285953
0.967568 0.455413 0.494839 0.709665 0.275663 0.397447 0.000000 0.285714 6.210348 0.341766 0.285953
0.956119 0.434362 0.487707 0.674754 0.455233 0.233277 0.125000 0.285714 6.144138 0.337468 0.245102
0.927751 0.404798 0.472345 0.662340 0.456807 0.164851 0.250000 0.428571 5.791571 0.314582 0.268000
0.915614 0.405639 0.464128 0.668681 0.345715 0.250004 0.250000 0.285714 5.111819 0.270457 0.321536
0.916051 0.377003 0.456295 0.613252 0.326566 0.396593 0.375000 0.000000 5.094303 0.269320 0.321536
0.904365 0.364875 0.425970 0.622355 0.396928 0.327455 0.375000 1.428571 5.025298 0.264841 0.321857
0.931126 0.408096 0.455175 0.662463 0.502108 0.374636 0.375000 1.000000 6.551802 0.363930 0.306286
0.928535 0.429679 0.500589 0.680081 0.590917 0.299748 0.375000 0.142857 7.322364 0.413950 0.285953
0.910779 0.514252 0.600928 0.710187 0.768202 0.494075 0.125000 1.428571 10.490489 0.619601 0.275694
0.857350 0.758910 0.834258 0.790730 1.133494 1.119717 0.375000 1.571429 16.193333 0.989787 0.294768
0.844223 0.594376 0.706736 0.783916 0.339161 0.756062 0.000000 0.714286 7.632474 0.434080 0.275694
0.745247 0.778598 1.000000 0.829196 0.457323 0.700380 0.250000 0.285714 14.276482 0.865359 0.275694
0.733567 0.668442 0.786323 0.811130 0.406116 0.441622 1.250000 0.714286 11.461958 0.682661 0.275694
0.595268 1.001270 1.196877 0.938012 1.021517 0.499966 0.625000 0.285714 27.920969 1.751058 0.214510
0.542547 1.276143 1.390418 1.070889 0.862561 1.085254 0.375000 0.285714 29.513159 1.854411 0.214510
0.424256 0.807380 0.773139 0.944619 0.609281 0.661844 0.250000 0.571429 10.418972 0.614958 0.214143
0.354268 0.738354 0.685416 0.963001 0.395312 0.559519 0.250000 0.000000 7.364481 0.416683 0.187661
0.334334 0.715146 0.640543 0.958376 0.516578 0.493632 0.250000 0.142857 7.702966 0.438655 0.214397
0.302161 0.651513 0.564877 0.983891 0.760141 0.512158 0.750000 0.285714 8.350480 0.480687 0.238191
0.286222 0.565282 0.476827 0.895182 0.546395 0.495230 0.125000 0.285714 7.123794 0.401060 0.214397
0.282311 0.581480 0.473490 0.910404 0.341673 0.485000 0.125000 0.428571 6.081534 0.333404 0.235786
0.271747 0.575526 0.478388 0.906041 0.137327 0.454603 0.750000 0.428571 4.839832 0.252802 0.278872
0.299174 0.535086 0.414448 0.873117 0.096578 0.379575 0.375000 0.142857 3.938131 0.194270 0.262270
0.268271 0.452627 0.352168 0.774388 0.074167 0.318481 0.500000 0.285714 3.563101 0.169926 0.309857
0.293163 0.383428 0.298592 0.706914 0.142650 0.272603 1.000000 0.142857 3.540288 0.168445 0.348590
0.290280 0.379548 0.303217 0.695921 0.145655 0.290873 0.000000 0.142857 3.413824 0.160236 0.295054
0.296847 0.383940 0.313923 0.692862 0.138201 0.304615 0.000000 0.285714 3.373565 0.157623 0.294768
0.301037 0.393079 0.311575 0.688737 0.149598 0.263114 0.875000 0.285714 3.300713 0.152894 0.295090
0.302899 0.393622 0.315374 0.700404 0.166830 0.162426 1.125000 0.142857 2.959212 0.130726 0.295090
0.336343 0.447956 0.382294 0.736271 0.274693 0.218157 0.125000 0.285714 4.408636 0.224812 0.214786
0.347366 0.429187 0.368591 0.709589 0.346792 0.289578 0.625000 0.857143 4.908080 0.257232 0.214786
0.355921 0.431502 0.375737 0.715109 0.282185 0.313080 0.125000 0.000000 4.478399 0.229340 0.183919
0.365906 0.440509 0.378381 0.704126 0.186206 0.268384 0.750000 0.142857 3.946331 0.194803 0.183919
0.371264 0.435768 0.377053 0.692195 0.205932 0.251862 0.500000 0.285714 4.100343 0.204800 0.183919
0.439171 0.528553 0.469662 0.829836 0.352587 0.353176 0.500000 0.857143 5.429198 0.291059 0.183919
0.433771 0.492956 0.446725 0.778124 0.434348 0.318072 0.250000 0.714286 5.352769 0.286098 0.214572
0.419415 0.466196 0.433885 0.780425 0.444924 0.319417 0.250000 0.428571 5.116872 0.270785 0.285953
0.372606 0.497533 0.476026 0.780728 0.584574 0.496600 0.000000 0.285714 6.806511 0.380464 0.285524
0.411843 0.427055 0.396958 0.711479 0.288328 0.350629 0.750000 0.285714 4.899944 0.256704 0.256971
0.379700 0.464547 0.469750 0.723442 0.310331 0.487350 0.375000 0.142857 6.801809 0.380159 0.428286
0.359260 0.442126 0.463214 0.722145 0.261749 0.314343 0.875000 0.000000 6.927775 0.388336 0.321214
0.318546 0.377396 0.364463 0.657231 0.159635 0.200157 0.000000 0.142857 5.698329 0.308529 0.342628
0.302846 0.325556 0.316044 0.609249 0.091518 0.197359 0.000000 0.285714 4.096401 0.204544 0.356905
0.283220 0.283058 0.259630 0.590113 0.071772 0.165050 0.250000 0.285714 3.055873 0.137001 0.356905
0.294859 0.282014 0.235016 0.609899 0.103804 0.072277 0.000000 0.000000 3.424470 0.160927 0.367102
0.262607 0.200583 0.165635 0.439181 0.191415 0.049933 0.500000 0.000000 3.562343 0.169877 0.374750
0.273453 0.188696 0.153872 0.418024 0.238057 0.071873 1.000000 0.000000 3.315957 0.153883 0.374750
0.265542 0.189739 0.150706 0.425258 0.131354 0.081821 0.000000 0.285714 2.325440 0.089586 0.374750
0.264683 0.183933 0.141519 0.412903 0.027314 0.058356 0.500000 0.428571 1.687030 0.048146 0.374750
0.275507 0.069480 0.058947 0.190079 0.025017 0.043866 0.375000 0.571429 1.526208 0.037706 0.380698
0.301592 0.016570 0.008194 0.060923 0.048518 0.011559 0.875000 0.285714 1.138339 0.012529 0.428286
0.315757 0.062101 0.040847 0.156405 0.049084 0.013530 0.875000 0.285714 1.395406 0.029216 0.475873
0.320806 0.066327 0.042963 0.179434 0.029090 0.026484 0.250000 0.142857 1.299439 0.022986 0.475873
0.316104 0.068674 0.047390 0.195381 0.035699 0.030471 0.375000 0.000000 1.203807 0.016778 0.523460
0.300285 0.018640 0.008999 0.078016 0.023854 0.011007 0.500000 0.285714 0.991792 0.003016 0.475873
0.328288 0.075037 0.051342 0.202009 0.011120 0.011798 0.250000 1.000000 0.988165 0.002780 0.475873
0.330931 0.064846 0.044810 0.178160 0.008474 0.003877 0.000000 0.428571 1.019625 0.004823 0.475873
0.331463 0.066211 0.043869 0.186660 0.041895 0.006168 1.000000 0.428571 1.204604 0.016830 0.523460
0.332105 0.074731 0.050387 0.209689 0.070521 0.036115 0.125000 0.428571 1.433920 0.031716 0.513943
0.326968 0.062574 0.048813 0.176677 0.066464 0.080037 0.375000 0.857143 1.564061 0.040163 0.513943
0.331200 0.064167 0.051171 0.168418 0.070168 0.093397 0.375000 0.142857 1.643209 0.045301 0.513943
0.310701 0.017675 0.003800 0.057777 -0.008527 0.010186 0.375000 0.571429 0.943804 -0.000099 0.385457
0.312196 0.018562 0.004114 0.049238 -0.016880 0.023173 0.250000 0.428571 0.866763 -0.005100 0.385714
0.316272 0.007137 -0.004593 0.011681 -0.017498 0.035825 0.875000 0.571429 0.888029 -0.003720 0.300057
0.317762 0.014436 -0.005935 0.035667 -0.013369 0.021109 0.750000 0.000000 0.944268 -0.000069 0.342886
0.313078 0.025168 0.003292 0.067835 0.001597 0.000557 0.750000 0.000000 1.046353 0.006558 0.342886
0.308647 0.022088 0.002358 0.047177 0.013421 -0.004497 0.375000 0.714286 1.107531 0.010529 0.342886
0.316674 0.016434 0.000000 0.025402 0.011785 0.004471 0.375000 0.000000 1.049805 0.006782 0.300057
0.316638 0.001318 -0.001481 -0.009884 0.006341 0.015614 0.250000 0.142857 1.008474 0.004099 0.300057
0.319990 -0.000250 -0.001970 -0.006911 0.000695 0.020058 0.250000 0.285714 0.969719 0.001583 0.300057
0.318284 0.000000 -0.006280 0.004820 0.002138 0.020057 0.250000 0.285714 0.950979 0.000367 0.300057
0.342618 0.048748 0.036481 0.111933 0.046471 0.027978 0.375000 0.285714 1.281249 0.021805 0.385714
0.338849 0.035188 0.027221 0.067363 0.034853 0.011145 0.375000 0.000000 1.150035 0.013288 0.342628
0.341625 0.039347 0.027860 0.077672 0.017782 0.013668 0.000000 0.857143 1.105037 0.010367 0.385457
0.346838 0.034681 0.025647 0.061575 0.023712 0.020440 0.625000 0.285714 1.236299 0.018887 0.385457
0.351807 0.038203 0.023154 0.081790 0.040294 0.015193 0.750000 0.285714 1.366112 0.027314 0.385457
0.354649 0.046103 0.032126 0.105394 0.057175 0.001235 0.500000 0.857143 1.354454 0.026557 0.385457
0.349811 0.047157 0.030617 0.124174 0.056274 -0.013992 0.375000 0.714286 1.247980 0.019646 0.342628
0.349584 0.060447 0.037449 0.138090 0.023241 -0.017334 0.375000 0.857143 1.092497 0.009553 0.342628
0.354488 0.061782 0.040583 0.147785 -0.009393 0.002177 0.250000 0.857143 1.006061 0.003942 0.385457
0.351891 0.064971 0.039516 0.166502 -0.003935 0.034404 0.250000 0.571429 1.112656 0.010861 0.385457
0.357857 -0.038189 -0.045852 -0.097001 0.013974 -0.020454 0.125000 0.000000 0.765807 -0.011653 0.385457
0.362357 -0.027966 -0.044289 -0.073111 0.019502 -0.020263 0.250000 1.000000 0.789474 -0.010117 0.471114
0.360828 -0.045396 -0.050178 -0.129488 0.020560 -0.010425 0.375000 1.000000 0.804260 -0.009157 0.471371
0.358169 -0.040432 -0.046231 -0.106096 0.028730 -0.003296 0.625000 1.000000 0.854508 -0.005896 0.514200
0.384448 0.029157 0.000932 0.092741 0.019000 0.038565 1.000000 0.857143 1.080138 0.008751 0.557028
0.360011 -0.043240 -0.057950 -0.112623 0.017321 0.009109 1.000000 0.142857 0.860382 -0.005514 0.557028
0.363003 -0.040622 -0.060465 -0.102839 -0.006484 0.013964 0.125000 0.142857 0.784675 -0.010429 0.599857
0.366061 -0.037853 -0.063046 -0.086895 -0.013755 -0.004248 0.250000 0.571429 0.681794 -0.017107 0.599857
0.358557 -0.039848 -0.063992 -0.088282 0.004992 -0.015885 0.250000 0.571429 0.676191 -0.017471 0.557286
0.353035 -0.036237 -0.060709 -0.092836 0.012671 -0.012753 0.250000 0.000000 0.702850 -0.015740 0.557286
0.345715 -0.049093 -0.070845 -0.124198 -0.003161 -0.018281 0.375000 0.142857 0.648938 -0.019240 0.557286
0.344310 -0.066414 -0.073670 -0.153062 -0.018984 -0.026930 0.375000 0.142857 0.566233 -0.024608 0.514457
0.314026 -0.026842 -0.021439 -0.067394 -0.004913 0.000118 0.125000 0.285714 0.816617 -0.008355 0.514200
0.306162 -0.013031 -0.013509 -0.036564 -0.000188 -0.007604 0.125000 0.285714 0.852209 -0.006045 0.514200
0.303508 -0.003550 -0.006540 0.003175 0.001771 -0.006720 0.000000 0.285714 0.890193 -0.003579 0.428543
0.297304 -0.014000 -0.006656 -0.048804 0.004408 0.001410 0.000000 0.285714 0.922832 -0.001460 0.385714
0.294706 -0.009192 -0.008879 -0.034614 0.008298 -0.003785 0.000000 0.142857 0.945331 0.000000 0.385714
0.322891 0.073102 0.070460 0.153652 0.020379 0.041859 0.000000 0.428571 1.288520 0.022277 0.385714
0.326300 0.070264 0.066794 0.149896 0.036333 0.042561 0.000000 0.000000 1.359023 0.026854 0.471114
0.353725 0.114676 0.143231 0.226931 0.038843 0.089479 0.625000 0.142857 1.928737 0.063835 0.556771
0.378243 0.100270 0.157772 0.184843 0.025078 0.083997 0.125000 0.142857 2.167589 0.079340 0.571047
0.416775 0.109997 0.206207 0.226931 0.019230 0.055208 0.000000 0.142857 2.191656 0.080902 0.571047
0.444035 0.120962 0.217059 0.238822 0.054399 0.051261 0.000000 0.428571 2.382305 0.093278 0.666571
0.494845 0.185678 0.277975 0.292397 0.105948 0.084018 0.250000 0.571429 3.227799 0.148161 0.642821
0.526862 0.229446 0.335079 0.366309 0.204150 0.101464 0.500000 0.428571 4.025388 0.199934 0.696357
0.588539 0.272857 0.383661 0.457786 0.335793 0.110478 0.500000 0.285714 5.165957 0.273972 0.803428
0.637485 0.325143 0.411787 0.503426 0.340262 0.099392 0.500000 0.142857 5.488888 0.294934 0.857020
0.705744 0.364822 0.490954 0.546008 0.400703 0.151147 0.375000 0.142857 8.184084 0.469886 0.918204
0.743258 0.372527 0.482543 0.573058 0.256477 0.234643 0.375000 0.714286 7.705039 0.438790 0.857020
0.730543 0.388362 0.499809 0.588280 0.272059 0.281439 0.375000 0.428571 7.826734 0.446689 0.785714
0.718482 0.434379 0.526450 0.605745 0.348336 0.249059 0.250000 0.428571 7.703660 0.438700 0.785714
0.802561 0.457178 0.529251 0.674754 0.509160 0.312992 0.250000 0.428571 7.493309 0.425046 0.928476
0.820763 0.476500 0.553101 0.702809 0.501251 0.341911 0.375000 0.428571 7.527788 0.427284 0.857048
0.838172 0.509465 0.580453 0.735767 0.447092 0.373917 0.500000 0.428571 8.300502 0.477443 0.979347
0.886616 0.516274 0.580390 0.733818 0.294305 0.353859 0.625000 0.428571 8.998241 0.522735 1.040530
0.976874 0.598856 0.632514 0.858194 0.289887 0.545958 0.750000 0.428571 14.269452 0.864903 1.071190
0.976124 0.628108 0.632725 0.883887 0.289527 0.460417 0.375000 0.142857 13.562450 0.819009 1.224612
0.973314 0.600814 0.633277 0.861157 0.129469 0.450251 1.500000 0.142857 8.276997 0.475917 1.285953
0.935742 0.505565 0.535197 0.756424 0.126735 0.512266 0.125000 0.142857 5.500004 0.295655 1.500095
1.003493 0.572071 0.562969 0.817554 0.451058 0.569060 0.625000 0.000000 7.743351 0.441277 1.469347
1.029307 0.567415 0.528908 0.805478 0.530569 0.526039 0.625000 0.428571 7.708099 0.438989 1.469347
0.949516 0.512419 0.567735 0.741825 0.424188 0.470748 0.000000 0.428571 7.408421 0.419536 1.500095
0.919063 0.486119 0.585829 0.689526 0.344204 0.355034 0.000000 0.285714 7.431455 0.421031 1.628228
0.831893 0.416267 0.555554 0.633216 0.313015 0.214936 0.000000 0.000000 7.229701 0.407934 1.285600
0.768638 0.334412 0.473113 0.578497 0.241597 0.254205 0.000000 0.857143 6.132097 0.336686 1.199943
0.720103 0.272246 0.392597 0.472767 0.131666 0.294154 0.000000 0.857143 5.407448 0.289647 1.199943
0.699965 0.159767 0.286034 0.333587 0.176751 0.058472 0.500000 0.571429 4.346519 0.220780 0.599600
0.668706 0.115266 0.227480 0.270361 0.128546 0.029608 0.000000 0.285714 3.699891 0.178806 0.599600
0.611131 0.192033 0.291275 0.359765 0.230222 0.101743 0.625000 0.142857 5.171416 0.274326 0.256971
0.566703 0.148245 0.237055 0.278415 0.206845 0.151636 0.500000 1.714286 3.421477 0.160733 0.085657
0.539696 0.151990 0.229448 0.296674 0.185068 0.139967 0.500000 0.000000 2.748461 0.117046 0.142762
0.555045 0.146736 0.221823 0.301955 0.158970 0.095532 0.625000 0.142857 2.685977 0.112990 0.142762
0.568028 0.219848 0.306681 0.383688 0.187154 0.112686 1.250000 0.142857 3.340475 0.155475 0.142762
0.580684 0.303898 0.401407 0.484419 0.354618 0.192666 0.375000 0.142857 5.343123 0.285472 0.171314
0.600589 0.250537 0.353829 0.408152 0.304776 0.256250 0.375000 0.000000 5.305222 0.283012 0.171314
0.573254 0.302279 0.409143 0.483210 0.361639 0.250004 0.625000 0.571429 5.635002 0.304419 0.171314
0.581627 0.289570 0.418208 0.472567 0.355218 0.180393 0.500000 0.571429 6.193570 0.340677 0.599600
0.561170 0.299500 0.420528 0.511213 0.396676 0.200968 0.375000 0.000000 7.829970 0.446899 0.599600
0.537091 0.354027 0.496707 0.560176 0.608021 0.280937 0.375000 0.000000 8.618281 0.498071 0.642428
0.522367 0.354272 0.518728 0.570001 0.638153 0.305745 0.375000 0.714286 7.161220 0.403489 0.713809
0.517660 0.347786 0.498100 0.575670 0.510631 0.254963 0.375000 0.714286 5.757014 0.312339 0.856571
0.468728 0.347937 0.478801 0.570001 0.400344 0.191253 0.250000 0.571429 6.169030 0.339084 0.713809
0.475790 0.291871 0.378289 0.531222 0.312154 0.145141 0.125000 0.428571 5.846385 0.318140 0.713809
0.420815 0.305006 0.414547 0.491801 0.530209 0.123223 0.125000 0.428571 6.849379 0.383247 0.713809
0.420827 0.321442 0.421298 0.525847 0.686444 0.101597 0.125000 0.000000 6.844022 0.382899 0.713809
0.428111 0.318908 0.372044 0.527089 0.366902 0.038914 0.000000 0.714286 3.872180 0.189989 0.642428
0.349335 0.342635 0.409875 0.521476 0.178653 0.149557 1.250000 0.428571 3.639816 0.174906 0.428286
0.338058 0.360831 0.413221 0.527089 0.203611 0.195036 0.375000 0.000000 4.006266 0.198693 0.321214
0.375466 0.295847 0.334566 0.451050 0.243250 0.167430 0.375000 0.142857 3.771323 0.183442 0.321214
0.383133 0.283320 0.320828 0.454770 0.244370 0.161000 0.500000 0.285714 3.778962 0.183938 0.321214
0.326947 0.207070 0.279150 0.378299 0.205776 0.117200 0.875000 0.285714 4.031932 0.200359 0.342628
0.324296 0.189414 0.266878 0.320837 0.297590 0.129697 0.250000 0.714286 4.526349 0.232453 0.321214
0.316266 0.190427 0.248598 0.304538 0.341998 0.117710 0.375000 0.714286 4.604636 0.237535 0.342628
0.331183 0.186093 0.240550 0.332722 0.312409 0.087296 0.375000 0.000000 4.203112 0.211471 0.356905
0.313434 0.192240 0.217255 0.340667 0.205154 0.056259 0.375000 0.000000 3.247886 0.149465 0.342628
0.328190 0.172774 0.205368 0.308544 0.085848 0.060513 0.000000 0.000000 2.689194 0.113199 0.321214
0.347127 0.211564 0.227906 0.373875 0.033249 0.059244 0.500000 0.000000 3.048075 0.136494 0.342628
0.333358 0.164200 0.204535 0.304078 0.076469 0.060684 0.375000 0.142857 2.715309 0.114894 0.428286
0.328681 0.163964 0.198115 0.309511 0.109502 0.056562 0.250000 0.142857 2.502967 0.101110 0.428286
0.304127 0.123319 0.158415 0.229297 0.109718 0.059486 0.250000 0.142857 2.393483 0.094003 0.356905
0.318715 0.107148 0.148748 0.186557 0.106369 0.066847 0.125000 0.000000 2.686419 0.113018 0.285905
0.327946 0.114541 0.154342 0.184843 0.140897 0.099535 0.000000 1.000000 3.937436 0.194225 0.306245
0.327323 0.106463 0.152272 0.170323 0.148096 0.086322 0.750000 1.142857 4.435992 0.226588 0.285905
0.304513 0.074433 0.118727 0.105467 0.043879 0.047283 0.625000 1.142857 2.727366 0.115676 0.250214
0.301613 0.070164 0.121017 0.102529 0.025427 0.019617 0.250000 0.000000 1.857907 0.059238 0.275653
0.282797 0.058988 0.093964 0.099480 0.017507 0.014182 0.625000 0.285714 1.476693 0.034492 0.294732
0.290838 0.058796 0.062159 0.103521 0.011697 0.034913 0.500000 0.142857 1.571923 0.040674 0.294732
0.279415 0.025590 0.024321 0.057059 0.024889 0.032488 0.875000 0.285714 1.401479 0.029610 0.275653
0.267426 0.021082 0.039490 0.039529 0.039606 0.011316 0.375000 0.285714 1.215242 0.017521 0.275653
0.291153 0.063309 0.082382 0.103993 0.015705 0.053031 0.875000 0.285714 1.410487 0.030194 0.321595
0.291691 0.062821 0.079513 0.096843 0.007012 0.053713 0.500000 0.428571 1.419898 0.030805 0.385457
0.279135 0.031841 0.039393 0.048899 0.011714 0.036509 0.125000 0.285714 1.108135 0.010568 0.374750
0.285945 0.033078 0.041922 0.047549 0.029260 0.036999 0.125000 0.285714 1.262658 0.020599 0.385457
0.282372 0.044135 0.055485 0.093836 0.065265 0.019238 0.250000 0.285714 1.765100 0.053213 0.428286
0.289377 0.031273 0.054780 0.073597 0.074307 0.000000 0.375000 0.428571 2.195035 0.081121 0.428800
0.286500 0.025724 0.055574 0.060862 0.029921 -0.004005 0.375000 0.428571 1.769206 0.053480 0.343143
0.285036 0.019054 0.053563 0.037430 0.009080 -0.007277 0.250000 0.000000 1.315764 0.024046 0.343143
0.279478 0.012248 0.044646 0.029580 0.029323 0.001085 0.125000 0.142857 1.462259 0.033555 0.357333
0.304278 -0.009502 -0.006140 -0.016488 0.000393 -0.011097 0.250000 0.285714 0.994511 0.003192 0.367469
0.300315 -0.016277 -0.011280 -0.015251 0.023658 -0.002012 0.250000 0.000000 1.067165 0.007909 0.375393
0.270231 0.016163 0.022962 0.059539 0.047651 0.002402 0.125000 0.285714 1.322403 0.024477 0.381270
0.269786 0.031182 0.032786 0.093867 0.025959 -0.018014 0.125000 0.285714 1.150954 0.013348 0.364557
0.267930 0.031496 0.020069 0.100085 0.001079 -0.011752 0.125000 1.000000 0.930620 -0.000955 0.364557
0.272656 0.035609 0.015653 0.116119 -0.001682 0.017780 0.125000 0.857143 0.970346 0.001624 0.357476
0.271383 0.033280 0.011038 0.095379 0.022307 0.003985 0.625000 0.571429 0.998147 0.003428 0.348304
0.280464 0.031845 0.005142 0.083384 0.037690 -0.005507 0.500000 0.571429 1.076438 0.008511 0.401839
0.280030 0.029084 0.004888 0.086664 0.042066 0.006855 0.625000 0.285714 1.224720 0.018136 0.401839
0.296074 0.048268 0.045427 0.106953 0.081837 0.017255 0.875000 1.142857 1.652895 0.045930 0.348304
0.304942 0.047743 0.046063 0.103993 0.062600 0.005236 0.875000 0.857143 1.327309 0.024795 0.348304
0.304909 0.045326 0.066062 0.095379 0.008471 -0.022075 0.750000 0.857143 0.856515 -0.005765 0.347982
0.318179 0.043829 0.075999 0.096843 -0.002081 -0.027056 0.625000 0.714286 0.778869 -0.010805 0.347982
0.313078 0.025984 0.062081 0.026520 0.016821 -0.007956 0.625000 0.714286 1.036338 0.005908 0.367102
0.308804 -0.021795 0.002885 -0.049729 0.066074 -0.023044 0.250000 0.428571 1.126441 0.011756 0.367102
0.309255 -0.026323 0.002198 -0.063981 0.094583 -0.019540 0.250000 0.428571 1.279265 0.021677 0.367102
0.313696 -0.022939 0.005511 -0.056392 0.100924 -0.010083 0.500000 0.000000 1.331624 0.025075 0.374750
0.329446 0.019672 0.058068 0.033406 0.137186 0.021301 0.500000 0.142857 1.912194 0.062762 0.374750
0.323652 0.104955 0.167748 0.158670 0.109935 0.074067 0.375000 0.428571 2.589467 0.106725 0.374750
0.327845 0.123671 0.192735 0.196550 0.122059 0.046881 0.125000 0.428571 2.438266 0.096910 0.428286
0.323953 0.121687 0.188125 0.200084 0.120724 0.033469 0.500000 0.285714 2.100179 0.074964 0.428286
0.323238 0.123454 0.179974 0.214256 0.080831 0.076617 0.500000 0.142857 1.874347 0.060305 0.374750
0.325688 0.121857 0.185759 0.197175 0.118869 0.138370 0.500000 0.142857 2.369405 0.092440 0.367102
0.326605 0.126546 0.174458 0.220687 0.242354 0.169749 0.375000 1.714286 3.443412 0.162157 0.374429
0.337629 0.108882 0.144931 0.190028 0.202528 0.146770 0.250000 0.428571 3.197270 0.146179 0.428322
0.345947 0.117369 0.154909 0.212439 0.135584 0.121581 0.000000 0.428571 2.733581 0.116080 0.428322
0.348692 0.097301 0.145678 0.154657 0.052431 0.063195 0.000000 0.142857 1.898348 0.061863 0.428322
0.347132 0.064871 0.094488 0.125344 0.013960 0.017452 0.000000 0.571429 1.612561 0.043312 0.428327
0.348807 0.052573 0.080877 0.095379 0.017983 0.005636 0.125000 0.428571 1.831637 0.057532 0.428327
0.348749 -0.077283 -0.074323 -0.163781 -0.009184 -0.038365 0.125000 0.000000 0.731571 -0.013876 0.428327
0.346494 -0.075176 -0.074729 -0.164749 -0.011593 -0.029281 0.125000 0.428571 0.641257 -0.019738 0.428334
0.351773 -0.067276 -0.073722 -0.152514 -0.003769 -0.025531 0.125000 0.285714 0.615122 -0.021435 0.514000
0.353572 -0.066357 -0.070191 -0.158416 -0.003656 -0.021619 0.125000 0.142857 0.645776 -0.019445 0.499715
0.351474 -0.057450 -0.063726 -0.142060 -0.011859 -0.020363 0.500000 0.285714 0.611764 -0.021653 0.500143
0.347750 -0.047274 -0.054835 -0.122807 -0.010651 -0.021695 0.375000 0.714286 0.632708 -0.020293 0.428714
0.346919 -0.048647 -0.056346 -0.125918 -0.011520 -0.024109 0.000000 0.714286 0.681109 -0.017151 0.489837
0.352058 0.032151 0.029711 0.088618 0.026441 0.004054 0.625000 0.000000 1.081531 0.008841 0.520429
0.357321 0.020227 0.025357 0.065846 0.037689 0.000146 0.750000 0.714286 1.160838 0.013989 0.508911
0.356958 0.010768 0.020325 0.036737 0.044702 0.012680 0.625000 0.000000 1.386285 0.028623 0.508911
0.361327 0.018102 0.022851 0.050065 0.029704 0.043382 0.500000 0.000000 1.414450 0.030452 0.508911
0.364096 0.021589 0.032987 0.080823 0.012516 0.073453 0.500000 0.000000 1.279739 0.021707 0.499952
0.359321 0.012884 0.025482 0.065846 0.016048 0.079532 0.500000 0.000000 1.350018 0.026269 0.499952
0.362722 0.026949 0.031042 0.104741 0.035402 0.054257 0.625000 0.000000 1.600660 0.042539 0.499952
0.366534 0.017796 0.030700 0.085982 0.043191 0.026518 0.125000 0.857143 1.658209 0.046275 0.499952
0.370719 0.007681 0.031145 0.044552 0.042175 0.026701 0.125000 0.000000 1.521439 0.037397 0.547254
0.374374 0.009331 0.034264 0.042655 0.055760 0.052240 0.250000 0.142857 1.427280 0.031285 0.499666
0.395692 -0.011716 -0.000120 -0.026608 -0.006061 0.019465 0.625000 0.000000 0.812769 -0.008605 0.523460
0.405039 0.002984 0.010360 0.017484 -0.010243 -0.006347 0.000000 0.000000 0.813604 -0.008551 0.571047
0.438928 0.056562 0.074167 0.119986 0.000439 0.033737 0.000000 0.285714 1.369425 0.027529 0.618635
0.432214 0.059916 0.073800 0.106315 0.052914 0.044587 0.000000 0.285714 1.671913 0.047164 0.618635
0.424309 0.065316 0.082406 0.129808 0.100950 0.047928 0.000000 0.285714 1.790683 0.054874 0.642428
0.420944 0.072449 0.088742 0.143580 0.116115 0.058690 0.000000 0.428571 1.846933 0.058525 0.618635
0.398708 0.101382 0.119587 0.193300 0.096648 0.100711 0.000000 0.857143 2.272662 0.086160 0.618635
0.358538 0.051814 0.062096 0.106732 0.016430 0.048745 0.000000 0.428571 1.849237 0.058675 0.618635
0.348687 0.059446 0.062735 0.124542 0.004793 0.023880 0.250000 0.000000 1.709270 0.049589 0.588893
0.337362 0.047507 0.054417 0.091137 0.014800 -0.002543 0.625000 0.285714 1.329437 0.024933 0.589214
0.322838 0.035763 0.038958 0.064156 0.018767 0.001611 0.500000 0.714286 1.111271 0.010772 0.535679
0.289289 -0.033984 -0.036404 -0.105414 0.000000 0.006916 0.250000 0.000000 0.844103 -0.006571 0.482143
0.286334 -0.039501 -0.043460 -0.109423 0.003403 0.010431 0.125000 0.571429 0.900427 -0.002915 0.428653
0.283404 -0.031295 -0.040774 -0.088282 0.007207 -0.008237 0.875000 0.571429 0.946598 0.000082 0.428653
0.265356 -0.065988 -0.071167 -0.155208 -0.001565 -0.015680 0.875000 0.571429 0.819292 -0.008181 0.428653
0.264709 -0.062834 -0.070519 -0.146560 -0.006545 -0.024640 0.375000 0.857143 0.687342 -0.016747 0.428653
0.268335 -0.071632 -0.079277 -0.175049 -0.014168 -0.032509 0.875000 0.857143 0.545969 -0.025924 0.428653
0.271580 -0.064609 -0.074853 -0.149118 -0.019166 -0.038125 0.750000 0.857143 0.448072 -0.032278 0.428714
0.269686 0.029706 0.003401 0.067564 0.003118 0.015718 0.375000 0.142857 0.908576 -0.002386 0.428714
0.297783 0.044210 0.063615 0.101425 0.039828 0.047885 0.500000 0.142857 1.473490 0.034284 0.356905
0.298399 0.181008 0.180432 0.301297 0.027992 0.084535 0.500000 0.142857 1.893751 0.061564 0.285524
0.292931 0.253271 0.259940 0.403161 0.033901 0.067146 0.500000 0.142857 1.783054 0.054379 0.214143
0.319546 0.326582 0.330211 0.506774 0.044527 0.066335 0.500000 0.142857 2.087030 0.074111 0.244735
0.336354 0.366234 0.358723 0.544482 0.127203 0.070921 0.500000 0.000000 2.502026 0.101049 0.183551
0.380173 0.463678 0.477212 0.680137 0.615095 0.073400 0.375000 1.000000 5.347098 0.285730 0.267678
0.411479 0.543309 0.552081 0.787028 0.694994 0.322725 0.125000 1.000000 7.100316 0.399536 0.214429
0.418948 0.591755 0.590218 0.823562 0.659116 0.375495 0.000000 0.285714 7.366072 0.416787 0.214429
0.422312 0.624985 0.610387 0.868865 0.658538 0.355254 0.375000 0.142857 7.281420 0.411292 0.190603
0.383648 0.731149 0.680954 0.958216 0.580734 0.718757 0.375000 0.857143 8.613187 0.497740 0.171543
0.341676 0.786012 0.706318 0.965367 0.357885 1.058885 0.000000 0.714286 9.588467 0.561048 0.214371
0.368422 0.716511 0.667225 0.944292 0.459165 0.899065 0.125000 0.571429 9.083597 0.528276 0.214371
0.369453 0.718684 0.684600 0.956191 0.447971 0.859222 0.125000 0.857143 8.801094 0.509938 0.171543
0.354297 0.727621 0.683550 0.963001 0.357872 0.800366 0.125000 0.285714 7.780999 0.443721 0.128714
0.355632 0.742940 0.697564 0.956191 0.260620 0.847427 0.000000 0.285714 7.669707 0.436496 0.171543
0.333302 0.690180 0.647621 0.855830 0.336094 0.851646 0.125000 0.142857 8.472001 0.488575 0.128714
0.337018 0.703111 0.649778 0.876798 0.468985 0.854395 0.250000 0.142857 9.480735 0.554055 0.128486
0.338737 0.711638 0.659635 0.880213 0.479094 0.966444 0.250000 0.142857 10.119118 0.595494 0.085657
0.388027 0.742536 0.752751 0.928185 0.557465 0.985632 0.250000 0.142857 11.082096 0.658003 0.128486
0.380482 0.714263 0.676271 0.884644 0.360813 1.000000 0.250000 0.285714 9.260025 0.539728 0.128714
0.394220 0.706682 0.659668 0.891768 0.383304 0.719569 0.125000 0.428571 8.230761 0.472916 0.085886
0.380198 0.699738 0.662419 0.880213 0.443813 0.466924 0.125000 0.000000 6.966318 0.390838 0.128714
0.384210 0.654874 0.619665 0.839055 0.489634 0.431858 0.125000 0.000000 6.699544 0.373521 0.171543
0.393546 0.661346 0.618528 0.819261 0.539465 0.516985 0.250000 0.714286 7.824542 0.446547 0.171543
0.404622 0.643235 0.603066 0.802155 0.569930 0.553514 0.375000 0.857143 8.411878 0.484673 0.128714
0.405868 0.669861 0.629798 0.849028 0.476051 0.615866 0.000000 1.000000 7.885140 0.450481 0.128714
0.405342 0.711103 0.642103 0.847380 0.367106 0.662636 0.000000 0.428571 7.119600 0.400788 0.128714
0.372347 0.599777 0.580003 0.805648 0.345712 0.744477 0.000000 0.142857 7.336749 0.414883 0.143016
0.365997 0.588606 0.563994 0.778757 0.310754 0.807720 0.000000 0.285714 7.444270 0.421863 0.143016
0.366659 0.580702 0.554827 0.782847 0.240465 0.857032 0.500000 0.000000 7.127581 0.401306 0.142762
0.399978 0.680801 0.638243 0.786969 0.230510 0.993706 0.250000 0.000000 7.751297 0.441793 0.160607
0.391667 0.688924 0.635024 0.830374 0.334538 0.766974 1.125000 0.285714 7.582427 0.430831 0.053536
0.394104 0.698238 0.637382 0.853637 0.410164 0.555759 0.000000 0.285714 7.099105 0.399457 -0.000250
0.413388 0.816829 0.771446 0.935458 0.410779 0.772634 0.000000 0.428571 8.736889 0.505770 0.053286
0.413353 0.813750 0.756416 0.958376 0.378019 0.819008 0.000000 0.857143 9.991213 0.587191 0.106822
0.407907 0.838193 0.769999 1.002166 0.427245 0.773257 0.625000 0.714286 13.768415 0.832379 0.053286
0.406605 0.779419 0.735193 0.993063 0.617798 0.813175 0.750000 0.571429 17.740584 1.090223 0.053286
0.412087 0.712405 0.703317 0.958376 0.657015 0.833432 1.000000 0.571429 15.478412 0.943379 0.094952
0.410600 0.691609 0.692154 0.932015 0.465745 0.741762 1.000000 0.000000 10.208343 0.601286 0.053286
0.429895 0.675152 0.705053 0.934176 0.324993 0.711082 0.250000 0.000000 8.464375 0.488080 0.060898
0.394331 0.662380 0.639983 0.949075 0.369368 0.761818 0.375000 0.714286 8.283169 0.476318 0.053286
0.392303 0.570740 0.555045 0.864897 0.419092 0.532279 0.875000 0.000000 6.959059 0.390366 0.133589
0.374922 0.554828 0.563721 0.849028 0.356077 0.423750 0.625000 0.000000 6.130132 0.336559 0.187375
0.362777 0.554204 0.553207 0.824754 0.481455 0.351003 0.500000 1.000000 7.642838 0.434752 0.133839
0.373043 0.543369 0.575594 0.789000 0.692399 0.341022 0.500000 0.857143 9.580599 0.560537 0.133839
0.388032 0.553372 0.584883 0.771180 0.670734 0.427611 0.500000 0.857143 9.472426 0.553516 0.152959
0.374687 0.625102 0.636635 0.836007 0.428209 0.521804 0.250000 0.857143 8.150615 0.467713 0.214143
0.359632 0.647711 0.652378 0.845201 0.312847 0.528073 0.250000 0.000000 7.197834 0.405866 0.214143
0.380643 0.735596 0.730440 0.925604 0.503642 0.571542 0.000000 0.142857 8.828995 0.511749 0.214143
0.339782 0.629075 0.653424 0.790418 0.601986 0.557545 0.125000 0.142857 9.600664 0.561840 0.187375
0.333735 0.633958 0.675645 0.787095 0.564233 0.545363 0.375000 0.285714 10.066520 0.592080 0.214143
0.312126 0.595348 0.654095 0.807409 0.578840 0.529209 0.500000 0.857143 9.976146 0.586213 0.183551
0.276972 0.543234 0.599630 0.743350 0.424851 0.499837 0.125000 1.000000 8.759802 0.507257 0.183551
0.235795 0.503599 0.551483 0.711479 0.449764 0.392088 0.125000 0.428571 8.503008 0.490588 0.183551
0.213001 0.476615 0.504407 0.698482 0.584372 0.346975 0.125000 1.000000 8.904206 0.516631 0.122367
0.187350 0.305932 0.380424 0.582203 0.599283 0.192051 0.250000 0.714286 8.259424 0.474776 0.107071
0.148973 0.293913 0.382976 0.498802 0.456045 0.295450 0.500000 0.142857 6.603571 0.367291 0.053536
0.113011 0.243120 0.354590 0.439181 0.153207 0.339825 0.125000 0.142857 4.100006 0.204778 0.000000
0.064481 0.171076 0.243939 0.300531 0.079117 0.220874 0.000000 0.571429 3.053043 0.136817 0.000000
0.043766 0.133030 0.207275 0.285460 0.124436 0.212864 0.125000 0.000000 3.367346 0.157219 0.000000
0.021194 0.091542 0.131503 0.221168 0.072917 0.098435 0.500000 0.428571 2.332337 0.090034 0.000000
0.004371 0.084716 0.133516 0.197042 0.018683 0.057703 0.500000 0.285714 1.759131 0.052826 0.047587
-0.007478 0.055771 0.107900 0.134373 -0.009782 0.033501 0.000000 0.285714 1.419626 0.030788 0.047587
-0.031471 0.045028 0.102012 0.096761 -0.005790 0.041596 0.125000 0.000000 1.543430 0.038824 0.047587
-0.045170 0.030552 0.086874 0.080286 -0.008789 0.073319 0.000000 0.857143 1.725618 0.050650 0.071381
-0.059463 0.040522 0.088702 0.103672 0.014949 0.108162 0.375000 0.714286 1.970650 0.066556 0.071381
-0.054530 0.037317 0.090974 0.107727 0.133282 0.099529 0.625000 0.571429 2.321443 0.089327 0.023794
-0.053597 -0.007072 0.011468 -0.047636 0.024817 0.001130 0.625000 0.571429 1.045529 0.006504 0.021414
-0.051793 -0.014597 0.002264 -0.069088 0.012613 0.010020 0.625000 0.285714 1.106536 0.010464 0.064243
-0.048366 -0.018272 0.005740 -0.061109 0.022307 0.020332 0.750000 0.285714 1.241266 0.019210 0.064243
-0.047921 0.031759 0.068404 0.072558 0.115465 0.047886 0.875000 1.428571 2.085064 0.073983 0.064243
-0.043085 -0.006841 0.010573 -0.029482 0.037519 0.021845 0.625000 0.428571 1.305185 0.023359 0.064243
-0.046907 0.001070 0.023983 0.000000 0.000700 0.026525 0.625000 0.142857 1.027464 0.005331 0.064243
-0.043984 0.015472 0.020179 0.035667 -0.007984 0.030404 0.000000 0.000000 0.882819 -0.004058 0.064243
-0.042110 0.031757 0.026451 0.081857 0.011517 0.036592 0.000000 0.857143 1.012549 0.004363 0.047587
-0.040440 -0.031559 -0.052270 -0.050647 0.010356 0.012662 0.375000 0.714286 0.800538 -0.009399 0.047587
-0.040656 -0.028011 -0.051612 -0.044061 0.003925 0.023514 0.500000 0.428571 0.820793 -0.008084 0.142762
-0.038975 -0.025042 -0.051351 -0.037527 -0.017125 0.015791 0.000000 0.142857 0.697591 -0.016081 0.142762
-0.035285 -0.023170 -0.049554 -0.039279 -0.025937 0.005460 0.375000 0.000000 0.654407 -0.018885 0.095175
-0.030177 0.068517 0.063103 0.132840 0.009529 0.076065 0.125000 0.000000 1.355387 0.026618 0.107071
-0.030881 0.134127 0.126237 0.206079 0.000339 0.070781 0.250000 0.142857 1.366167 0.027318 0.160607
-0.041836 0.162773 0.168535 0.244114 -0.009399 0.059680 0.375000 0.142857 1.134894 0.012305 0.160607
-0.046933 0.159871 0.185085 0.229873 -0.017729 0.062491 0.375000 0.142857 1.096008 0.009781 0.214143
-0.089889 0.229726 0.311724 0.389177 0.003282 0.087950 0.375000 0.285714 2.182600 0.080314 0.267678
-0.091689 0.244804 0.353124 0.416660 0.097781 0.085365 0.000000 0.285714 4.112718 0.205603 0.261730
-0.109551 0.317087 0.439131 0.540943 0.239122 0.161918 0.000000 0.285714 6.610554 0.367744 0.261730
-0.093307 0.388899 0.513682 0.669163 0.525737 0.432468 0.250000 0.000000 9.408362 0.549357 0.214143
-0.066022 0.399099 0.470155 0.707818 0.608154 0.297818 0.125000 0.000000 8.567340 0.494764 0.262016
-0.069557 0.412686 0.461471 0.729962 0.669507 0.182983 0.125000 0.000000 7.070646 0.397610 0.294768
-0.086173 0.353557 0.402664 0.668251 0.592451 0.178576 0.250000 0.000000 6.352226 0.350975 0.309603
-0.036769 0.322121 0.304737 0.607790 0.252462 0.192199 0.250000 0.142857 3.937051 0.194200 0.262016
-0.049007 0.278268 0.257396 0.555678 0.124716 0.233188 0.500000 0.571429 3.159913 0.143754 0.214429
-0.007901 0.286599 0.258279 0.551407 0.068220 0.287477 0.250000 0.142857 2.936976 0.129283 0.214429
0.000000 0.186378 0.156241 0.413240 0.068467 0.172899 0.125000 0.285714 2.139420 0.077511 0.166841
-0.039708 0.098334 0.070737 0.220956 0.055829 0.024815 0.000000 0.000000 1.398445 0.029413 0.143048
-0.039888 0.112879 0.079681 0.255873 0.049022 0.028529 0.000000 1.142857 1.464253 0.033685 0.143302
-0.021354 0.182443 0.141058 0.383948 0.078911 0.103166 0.000000 0.000000 2.149367 0.078157 0.143302
-0.025901 0.181252 0.140454 0.382309 0.059985 0.115776 1.000000 0.571429 2.042526 0.071222 0.143016
-0.030388 0.177848 0.136757 0.389087 0.041254 0.132301 0.250000 0.857143 1.799667 0.055457 0.128943
-0.031123 0.178274 0.133104 0.388559 0.018960 0.115320 0.375000 1.571429 1.546022 0.038992 0.128943
-0.036645 0.190036 0.134441 0.403556 -0.000605 0.099916 0.375000 1.000000 1.414023 0.030424 0.128943
-0.044406 0.220531 0.182431 0.458734 0.023199 0.151205 0.375000 0.428571 1.817568 0.056619 0.129172
-0.037520 0.202768 0.175547 0.408506 0.040932 0.176396 0.000000 0.571429 2.132211 0.077043 0.129172
-0.033383 0.206472 0.181941 0.439154 0.037232 0.182486 0.000000 0.428571 2.195489 0.081151 0.129172
-0.028627 0.208910 0.186505 0.415495 0.032628 0.170913 0.000000 0.142857 2.092486 0.074465 0.129401
0.016106 0.231668 0.220965 0.425901 0.018774 0.244371 0.500000 0.714286 2.651483 0.110751 0.172000
0.001545 0.167979 0.161535 0.365671 0.037974 0.116392 0.375000 0.428571 2.435434 0.096726 0.214572
0.025252 0.222874 0.212504 0.455949 0.080690 0.199569 0.750000 0.571429 3.218595 0.147563 0.257686
0.030512 0.206043 0.210344 0.423388 0.104853 0.187313 0.750000 0.142857 2.819491 0.121656 0.300286
0.039393 0.196218 0.202963 0.393714 0.103811 0.190316 0.250000 0.857143 2.538012 0.103385 0.286064
0.040905 0.181667 0.187276 0.393714 0.142561 0.168862 0.625000 0.428571 2.563762 0.105056 0.333937
0.009931 0.162984 0.142572 0.409670 0.158661 0.117892 0.375000 0.571429 2.373236 0.092689 0.333683
0.009371 0.163651 0.153170 0.418848 0.151386 0.113801 0.125000 0.571429 2.228908 0.083320 0.333683
0.006264 0.172498 0.152629 0.414097 0.091310 0.100732 0.000000 0.428571 1.825990 0.057166 0.381270
0.005557 0.160103 0.146267 0.394701 0.053178 0.081159 1.500000 0.428571 1.619468 0.043760 0.428604
0.007075 0.179033 0.139064 0.432167 0.035097 0.083523 0.250000 1.000000 1.583908 0.041452 0.428889
0.000391 0.188394 0.143963 0.442033 0.035978 0.102234 0.125000 0.142857 1.724791 0.050597 0.429175
0.005259 0.188248 0.144012 0.425258 0.074278 0.136726 1.375000 0.428571 2.181382 0.080235 0.381270
0.010467 0.204841 0.151927 0.465717 0.100144 0.170999 1.375000 0.714286 2.544995 0.103838 0.375393
0.029736 0.228487 0.192612 0.517272 0.066998 0.204254 0.500000 0.714286 2.704712 0.114206 0.333937
0.032730 0.239203 0.203301 0.522356 0.029418 0.193432 0.000000 0.714286 2.196263 0.081201 0.333651
0.044896 0.217233 0.187278 0.462910 0.014323 0.188936 0.125000 0.857143 2.118210 0.076135 0.381238
0.066405 0.173395 0.146473 0.373137 0.043909 0.142090 0.250000 0.285714 1.830227 0.057441 0.381238
0.070092 0.179672 0.153747 0.389087 0.034808 0.149272 0.125000 1.000000 1.900970 0.062033 0.381524
0.067962 0.165852 0.154066 0.335893 0.097809 0.119365 0.125000 1.000000 2.170012 0.079497 0.375679
0.084629 0.195715 0.189926 0.357853 0.156098 0.146016 0.250000 0.571429 2.812599 0.121209 0.375357
0.083252 0.178042 0.184148 0.350477 0.190014 0.153241 0.375000 0.428571 2.992695 0.132900 0.375357
0.083733 0.173483 0.180686 0.348170 0.174225 0.133831 0.500000 0.571429 2.818507 0.121593 0.375357
0.074532 0.126088 0.149466 0.279076 0.155995 0.080508 0.500000 0.857143 2.390994 0.093842 0.375357
0.066649 0.160967 0.188834 0.367670 0.182224 0.098243 0.500000 0.571429 2.620302 0.108727 0.482500
0.081172 0.180511 0.214098 0.385412 0.196344 0.088852 0.500000 0.285714 2.911269 0.127614 0.482500
0.056244 0.231932 0.253026 0.441375 0.170655 0.070126 0.500000 0.285714 2.990369 0.132749 0.482500
0.082162 0.287201 0.323170 0.534693 0.033601 0.201012 0.250000 0.285714 3.164480 0.144051 0.536036
0.146487 0.312751 0.469278 0.541305 0.228147 0.242108 0.250000 0.142857 5.110993 0.270404 0.589250
0.158715 0.413765 0.580326 0.622490 0.466434 0.386145 0.750000 0.285714 6.414485 0.355017 0.589250
0.176782 0.363923 0.541602 0.588439 0.631811 0.286202 0.750000 0.857143 7.131318 0.401548 0.696321
0.240147 0.353808 0.579634 0.537785 0.624892 0.281509 0.875000 0.714286 7.528949 0.427359 0.669857
0.342973 0.365527 0.701935 0.526977 0.574910 0.275678 0.875000 0.285714 10.280224 0.605952 0.776929
0.431118 0.348676 0.759524 0.490619 0.334664 0.273127 0.250000 0.714286 10.539142 0.622759 0.833365
0.517429 0.462723 0.858626 0.539308 0.432022 0.374875 0.000000 0.571429 11.052288 0.656068 0.857175
0.617610 0.386343 0.769779 0.438614 0.370628 0.310836 0.625000 0.000000 12.237014 0.732972 1.047524
0.712355 0.376964 0.669964 0.452635 0.243163 0.230098 0.125000 0.142857 13.753017 0.831380 1.047810
0.787330 0.322231 0.571477 0.469624 0.196709 0.193667 0.125000 0.285714 11.631753 0.693683 1.024016
0.877971 0.258270 0.482979 0.379372 0.148527 0.217373 0.625000 0.142857 6.964638 0.390729 1.044947
0.927134 0.215227 0.406410 0.331578 0.244902 0.265905 0.875000 0.142857 5.049348 0.266402 0.786080
1.002114 0.226883 0.298930 0.343271 0.285787 0.193949 0.750000 0.000000 4.021868 0.199706 0.833667
1.040959 0.272708 0.301424 0.360328 0.321954 0.168405 0.000000 0.000000 4.918981 0.257940 0.910804
1.017479 0.280414 0.333060 0.396499 0.271574 0.084201 0.000000 0.142857 4.548811 0.233911 0.857268
0.967922 0.307355 0.393754 0.444334 0.204394 0.101799 0.000000 0.285714 3.864126 0.189466 0.536054
0.953129 0.242434 0.330717 0.419238 0.165850 0.099627 1.375000 0.285714 3.620340 0.173642 0.459245
0.948795 0.278036 0.354792 0.461121 0.162925 0.100655 0.375000 0.142857 3.716584 0.179889 0.178881
1.000540 0.309756 0.389302 0.444573 0.198982 0.184029 0.375000 0.428571 3.820722 0.186649 0.321738
1.041777 0.277842 0.384409 0.357086 0.319302 0.255134 0.500000 0.285714 5.345106 0.285601 0.357429
1.040644 0.333990 0.460449 0.416058 0.437350 0.313112 0.500000 1.000000 9.570415 0.559876 0.357429
1.022200 0.337578 0.523067 0.418256 0.358554 0.330087 0.500000 0.142857 9.116900 0.530437 0.685886
0.941099 0.326657 0.656287 0.413695 0.343245 0.432655 0.500000 0.142857 7.731788 0.440526 0.429072
0.842979 0.342960 0.737474 0.470034 0.312911 0.353602 0.000000 0.142857 8.527549 0.492181 0.514572
0.829585 0.367540 0.749311 0.492379 0.157477 0.198113 0.125000 0.714286 10.808652 0.640253 0.600858
0.864661 0.383563 0.743836 0.470034 0.083938 0.042871 0.125000 0.285714 16.043470 0.980059 1.072286
0.862909 0.387935 0.732327 0.479704 0.188390 -0.015357 0.125000 1.142857 26.683259 1.670715 1.072286
0.873047 0.383021 0.724809 0.476893 0.299764 0.023692 1.250000 0.142857 31.988976 2.015122 1.286858
0.841020 0.451459 0.735342 0.597220 0.351354 0.157123 0.500000 0.285714 25.709973 1.607536 1.329057
0.756136 0.505334 0.739424 0.696711 0.363336 0.318701 0.000000 0.285714 14.078376 0.852499 1.329057
0.726807 0.475927 0.661443 0.676972 0.247358 0.434080 1.125000 0.142857 7.893752 0.451040 1.322215
0.779106 0.456613 0.559488 0.679507 0.145734 0.415976 0.875000 0.000000 5.604493 0.302438 1.322215
0.869727 0.456756 0.535786 0.710050 0.235164 0.334407 0.750000 0.142857 5.843314 0.317941 1.378062
0.931637 0.414287 0.483863 0.691602 0.176709 0.391794 0.000000 0.142857 5.727126 0.310398 1.464977
0.970020 0.428262 0.479023 0.702408 0.210593 0.377070 0.125000 0.142857 6.214476 0.342034 1.500372
1.060897 0.446106 0.561034 0.688275 0.338984 0.289475 0.125000 0.857143 8.027614 0.459729 1.393072
1.160014 0.386531 0.501486 0.602199 0.285153 0.172369 0.000000 0.142857 8.520292 0.491710 1.255245
1.201331 0.373712 0.499771 0.624582 0.262186 0.243128 0.000000 0.857143 7.307906 0.413011 1.194021
1.221149 0.378593 0.496310 0.634293 0.329153 0.287647 0.250000 1.142857 6.716529 0.374623 1.143191
1.233015 0.383355 0.472936 0.656287 0.420547 0.205785 0.500000 0.285714 7.933126 0.453596 1.200515
1.286798 0.443352 0.476370 0.738197 0.305691 0.253175 0.500000 0.571429 8.194118 0.470537 1.200515
1.291643 0.446770 0.475846 0.741524 0.181380 0.269457 0.500000 1.000000 6.768638 0.378006 1.071810
1.283824 0.425789 0.475940 0.708178 0.090886 0.259482 0.375000 0.000000 5.117336 0.270815 0.929048
1.286272 0.427470 0.470250 0.699771 0.074719 0.264881 0.250000 0.571429 4.179610 0.209945 0.929048
1.239286 0.382219 0.461037 0.640823 0.191444 0.228684 0.250000 0.714286 5.098994 0.269625 0.918694
1.136728 0.333842 0.391903 0.623985 0.248992 0.229774 0.625000 0.285714 5.587826 0.301356 1.041061
1.045492 0.410574 0.449924 0.672775 0.284193 0.309907 0.000000 0.285714 5.747833 0.311743 1.143191
0.927755 0.450252 0.488684 0.725658 0.413277 0.393315 0.250000 0.142857 6.686298 0.372661 1.028514
0.878377 0.456736 0.475421 0.709778 0.501605 0.405302 0.000000 0.000000 7.472375 0.423687 0.714333
0.934688 0.381996 0.399721 0.586736 0.520376 0.326155 0.000000 0.000000 6.749233 0.376746 0.734653
0.888006 0.431268 0.446073 0.656353 0.479185 0.389199 0.125000 0.142857 7.495927 0.425216 0.611836
0.837609 0.379448 0.409370 0.604575 0.187556 0.206058 0.000000 0.428571 5.006220 0.263603 0.642428
0.784243 0.432308 0.468885 0.649731 0.133076 0.184556 0.625000 0.428571 5.111057 0.270408 0.571476
0.781390 0.418982 0.468543 0.642921 0.138799 0.272323 0.375000 0.428571 4.948770 0.259873 0.571476
0.779951 0.418060 0.467051 0.670287 0.157260 0.415961 0.500000 0.285714 4.937477 0.259140 0.535786
0.723203 0.518814 0.541517 0.733213 0.232822 0.602924 0.125000 0.000000 6.974220 0.391351 0.300314
0.765578 0.577459 0.583491 0.766828 0.231434 0.484869 0.750000 0.142857 7.489549 0.424802 0.300314
0.757614 0.518455 0.556972 0.703475 0.266758 0.481858 1.125000 0.142857 8.230709 0.472912 0.393024
0.748078 0.473540 0.542895 0.656566 0.284320 0.471113 0.875000 0.285714 7.688396 0.437710 0.642943
0.650860 0.435155 0.562601 0.656644 0.311192 0.416620 0.000000 0.285714 7.343004 0.415289 0.557286
0.586448 0.411276 0.479317 0.664072 0.277413 0.344503 0.375000 0.142857 6.399718 0.354058 0.589536
0.569726 0.429337 0.492314 0.670809 0.312254 0.257108 0.750000 1.000000 6.378179 0.352660 0.589536
0.563797 0.439917 0.536565 0.684947 0.419139 0.182376 0.500000 1.000000 8.656436 0.500547 0.642428
0.551575 0.406365 0.477660 0.670415 0.517567 0.161261 0.375000 0.857143 6.175570 0.339508 0.588893
0.533019 0.370798 0.454013 0.608211 0.488843 0.136233 0.250000 0.000000 5.592254 0.301644 0.641714
0.541398 0.357172 0.443604 0.615123 0.380012 0.125544 0.125000 1.428571 5.368146 0.287096 0.641714
0.524837 0.295009 0.387608 0.549848 0.285243 0.160675 0.250000 2.000000 5.142603 0.272456 0.641714
0.485666 0.311307 0.409184 0.530631 0.276862 0.255126 0.375000 0.000000 5.682053 0.307473 0.535286
0.478802 0.348833 0.409208 0.597220 0.344817 0.228523 0.125000 0.142857 6.123932 0.336156 0.599543
0.512812 0.363204 0.397928 0.670809 0.305401 0.234188 0.125000 0.142857 5.564908 0.299869 0.642358
0.497295 0.351634 0.384826 0.660022 0.278826 0.233379 0.500000 0.000000 5.266603 0.280505 0.600058
0.512797 0.345315 0.366634 0.653136 0.265169 0.175915 0.500000 1.000000 5.447070 0.292219 0.535739
0.513507 0.329376 0.313364 0.605289 0.168060 0.096254 0.375000 0.714286 4.290981 0.217175 0.459531
0.523028 0.343289 0.346524 0.628204 0.178556 0.160389 0.500000 0.714286 5.130839 0.271692 0.464739
0.500969 0.357384 0.375932 0.628204 0.107739 0.247230 1.125000 0.000000 4.655887 0.240862 0.393834
0.491371 0.367456 0.408797 0.606114 0.057557 0.270735 0.250000 0.000000 3.974958 0.196661 0.399123
0.447248 0.483601 0.496311 0.684238 0.056522 0.254173 0.125000 0.857143 4.372238 0.222449 0.402769
0.479360 0.569056 0.570777 0.768435 0.121052 0.317611 0.000000 1.000000 4.880793 0.255461 0.398756
0.469390 0.562156 0.576066 0.733652 0.228878 0.324552 0.250000 0.000000 6.894585 0.386181 0.337572
0.446160 0.586696 0.599129 0.730911 0.562717 0.337879 0.500000 0.000000 7.311868 0.413268 0.402447
0.421785 0.667994 0.687974 0.784829 1.322418 0.422935 1.500000 0.571429 14.307211 0.867354 0.402125
0.375400 0.758837 0.752186 0.861988 1.660204 0.612462 1.000000 1.142857 16.656091 1.019826 0.428980
0.362598 0.751983 0.756581 0.837550 1.244528 0.707688 0.500000 0.000000 13.884200 0.839895 0.551020
0.358115 0.786219 0.762265 0.894405 1.139609 0.730842 0.500000 0.000000 12.750923 0.766331 0.482143
0.400048 0.714008 0.701870 0.854909 0.847634 0.761499 0.750000 0.285714 10.035180 0.590045 0.489837
0.393604 0.637049 0.577957 0.850540 0.472736 0.613749 0.125000 0.428571 7.562893 0.429563 0.489469
0.434756 0.617186 0.527829 0.833290 0.330710 0.388046 0.500000 0.428571 5.581342 0.300935 0.428286
0.407638 0.554317 0.482752 0.787963 0.205876 0.248037 0.000000 0.571429 4.054966 0.201854 0.428286
0.415378 0.568493 0.493795 0.807470 0.331029 0.308694 0.250000 0.571429 5.545181 0.298588 0.375036
0.408607 0.578007 0.498217 0.796960 0.354151 0.411887 0.125000 0.571429 6.376337 0.352540 0.321500
0.399461 0.593349 0.524519 0.830540 0.259442 0.431497 0.125000 0.285714 5.709992 0.309286 0.375036
0.394289 0.612598 0.542193 0.808671 0.285210 0.442374 0.000000 0.142857 5.823571 0.316659 0.333619
0.396496 0.616623 0.548562 0.808069 0.424715 0.520159 0.875000 1.000000 7.302763 0.412677 0.286032
0.392639 0.598615 0.540865 0.782847 0.553145 0.555140 0.875000 0.428571 8.176400 0.469387 0.333619
0.402352 0.571463 0.529805 0.746096 0.584766 0.547144 0.375000 1.142857 7.803050 0.445152 0.343343
0.409856 0.563265 0.532868 0.751729 0.516109 0.480907 0.375000 1.285714 6.977413 0.391558 0.343343
0.406377 0.534178 0.509888 0.744993 0.459425 0.430859 1.000000 0.285714 6.251319 0.344425 0.381492
0.382867 0.579398 0.531533 0.764687 0.456936 0.531996 0.125000 0.857143 6.332319 0.349683 0.333905
0.371628 0.588063 0.526122 0.741669 0.396218 0.658136 0.125000 0.857143 6.234615 0.343341 0.381524
0.384974 0.547167 0.512732 0.731536 0.316372 0.689965 0.375000 0.857143 5.852921 0.318564 0.286350
0.398359 0.615301 0.572697 0.781736 0.245401 0.642917 0.250000 0.714286 5.401831 0.289283 0.239048
0.411209 0.578157 0.547043 0.794434 0.182940 0.534789 0.000000 0.428571 4.957914 0.260467 0.268643
0.409602 0.630103 0.576619 0.827435 0.236551 0.450657 0.000000 0.428571 5.734995 0.310909 0.268965
0.409400 0.644364 0.575319 0.831618 0.378691 0.525864 0.750000 0.428571 7.694046 0.438076 0.246205
0.400515 0.714018 0.627557 0.881846 0.348122 0.792064 0.375000 0.571429 8.759421 0.507233 0.184980
0.400376 0.702668 0.624922 0.839055 0.492603 0.801992 0.250000 0.571429 8.381477 0.482699 0.184980
0.411445 0.752175 0.653893 0.879254 0.633761 0.693359 0.250000 0.571429 8.270684 0.475507 0.161858
0.402588 0.806752 0.718893 0.871450 0.664473 0.676373 0.125000 0.285714 9.039108 0.525388 0.215394
0.425370 0.868354 0.789136 0.951174 0.681963 0.780578 0.375000 0.857143 11.661419 0.695609 0.215394
0.406819 0.974641 0.848718 0.974783 0.769915 0.848630 0.250000 0.857143 12.473670 0.748334 0.307348
0.381349 0.900408 0.801252 0.963001 0.718704 0.857950 1.125000 0.428571 11.425845 0.680317 0.306980
0.388314 0.950534 0.832274 0.972463 0.646510 0.857755 0.375000 0.142857 10.879812 0.644873 0.322465
0.377332 0.954744 0.837995 0.967768 0.747657 0.871114 0.375000 0.000000 11.845962 0.707588 0.322143
0.380337 0.945040 0.848430 0.989527 0.905319 0.801707 0.250000 1.000000 12.590246 0.755901 0.334223
0.385625 0.970379 0.859127 1.027111 0.872983 0.646820 0.125000 0.857143 11.790285 0.703974 0.381556
0.367999 0.986471 0.883786 1.038047 0.703733 0.619678 0.000000 0.000000 10.413997 0.614635 0.375715
0.374523 0.986652 0.881698 1.038047 0.620521 0.897906 0.125000 0.857143 10.852829 0.643121 0.376001
0.388267 0.912854 0.810364 1.026438 0.702133 1.202018 0.125000 0.571429 12.262707 0.734640 0.368531
0.345095 0.837204 0.733786 0.972799 0.670610 0.989459 0.375000 0.571429 10.894014 0.645794 0.306980
0.373220 0.780970 0.663813 0.930904 0.406304 0.559268 0.250000 0.285714 7.520068 0.426783 0.322465
0.397108 0.791991 0.690346 0.880045 0.299230 0.599303 0.250000 0.285714 6.761604 0.377549 0.307348
0.385872 0.753604 0.656669 0.885535 0.463752 0.770041 0.875000 0.142857 8.163707 0.468563 0.245797
0.398453 0.726131 0.639185 0.853357 0.550163 0.798351 1.000000 0.142857 8.663625 0.501014 0.184613
0.403659 0.730456 0.645854 0.826568 0.449075 0.745255 0.000000 0.142857 8.074900 0.462799 0.123388
0.440516 0.765704 0.743431 0.826331 0.368455 0.896225 0.000000 0.000000 9.588246 0.561034 0.072572
0.445529 0.750467 0.717645 0.839055 0.299037 0.933230 0.500000 0.285714 10.461662 0.617729 0.062205
0.446287 0.751208 0.714946 0.841851 0.314952 1.003917 0.500000 0.285714 10.927179 0.647947 0.123429
0.457229 0.773223 0.756306 0.853087 0.270586 1.122508 0.250000 0.000000 9.949981 0.584515 0.123429
0.493538 0.871391 0.789268 0.889004 0.265739 1.037393 0.875000 0.142857 8.866122 0.514159 0.184980
0.467365 0.966544 0.859694 0.894405 0.650085 0.790517 0.000000 0.285714 10.398185 0.613609 0.144001
0.460759 0.966365 0.862594 0.936982 0.934665 0.696690 0.125000 0.428571 11.928275 0.712931 0.123429
0.575913 1.060952 1.025672 0.949229 1.338378 0.908722 0.125000 0.428571 15.240809 0.927956 0.123756
0.562108 1.120155 1.056635 0.981640 0.926212 1.200977 0.000000 0.142857 14.816557 0.900417 0.123756
0.571600 1.170925 1.094248 1.036724 0.818662 1.468631 0.000000 0.000000 16.095275 0.983422 0.123756
0.525040 1.093921 1.030663 1.004781 0.958517 1.466415 0.000000 1.571429 16.413977 1.004109 0.123756
0.546124 1.171566 1.092885 1.001734 0.914197 1.517761 0.625000 1.000000 18.027631 1.108856 0.184940
0.562803 1.162604 1.100674 1.008570 0.660228 1.607645 0.250000 0.857143 18.796579 1.158770 0.184940
0.566965 1.134964 1.052753 1.012761 0.547978 1.584972 0.875000 0.857143 19.277862 1.190011 0.161822
0.622527 1.105346 1.037921 1.014450 0.767577 1.400202 0.500000 0.857143 17.319638 1.062898 0.123388
0.643221 1.034663 0.965308 1.055605 0.589064 1.356128 0.375000 0.428571 13.483942 0.813913 0.123388
0.611369 1.052377 1.001801 1.052572 0.802955 1.316106 0.375000 0.285714 14.540454 0.882494 0.184572
0.547605 1.181139 1.071300 1.110783 1.331034 1.354008 0.125000 0.857143 16.649787 1.019416 0.184245
0.573999 1.149592 1.076311 1.125196 1.362355 1.202578 0.125000 1.142857 16.525151 1.011326 0.214953
0.616464 1.183432 1.136573 1.094238 1.087458 1.166557 0.125000 0.142857 16.353162 1.000162 0.257486
0.625603 1.173531 1.134382 1.116082 0.920850 1.080553 0.125000 0.285714 15.286296 0.930909 0.285953
0.615195 1.152371 1.120359 1.112422 1.111894 1.302199 0.125000 0.428571 17.163756 1.052779 0.214953
0.608359 1.165928 1.106349 1.129458 1.406621 1.633714 0.000000 0.428571 19.622722 1.212397 0.171772
0.551453 1.023308 1.017904 1.025759 1.629017 1.648303 0.000000 0.000000 19.461232 1.201914 0.172229
0.535875 1.084405 1.047200 1.055961 1.850096 1.434581 0.000000 0.000000 19.353706 1.194935 0.172229
0.584017 1.186437 1.123991 1.119862 2.070270 1.310238 0.500000 0.714286 18.863988 1.163146 0.172229
0.538820 1.062524 1.032581 1.042718 1.176296 0.895603 0.000000 0.285714 15.268997 0.929786 0.108215
0.496646 0.873591 0.878357 0.963001 0.522116 0.726828 0.000000 0.428571 11.271659 0.670308 0.108215
0.530964 0.873323 0.846017 0.952758 0.389704 0.706141 0.125000 0.571429 10.285481 0.606293 0.108215
0.524690 0.904762 0.869274 0.973161 0.563885 0.824346 0.000000 0.857143 12.715189 0.764011 0.108215
0.482333 0.819428 0.802430 0.960502 0.785260 0.925884 0.125000 0.857143 14.254045 0.863903 0.108215
0.553719 0.866288 0.837782 0.911357 0.721260 0.872935 0.125000 0.857143 15.699092 0.957704 0.215358
0.510125 0.816551 0.795083 0.921359 0.640784 0.843915 0.250000 0.428571 13.833463 0.836602 0.215358
0.557700 0.918536 0.867020 0.984874 0.583517 0.789845 0.250000 1.285714 13.126275 0.790696 0.321857
0.501495 0.856751 0.804847 0.984620 0.862131 0.832640 0.750000 1.142857 11.969336 0.715596 0.172229
0.519865 0.797427 0.742528 0.955878 0.568683 0.502246 0.750000 0.142857 9.267936 0.540242 0.214905
0.532523 0.817199 0.738629 0.970207 0.569103 0.552149 0.625000 0.285714 8.729288 0.505277 0.214905
0.544692 0.838709 0.767519 0.950754 0.533562 0.715359 0.625000 0.428571 8.560436 0.494316 0.257886
0.537104 0.872281 0.784486 0.972572 0.423532 0.826088 0.625000 0.571429 8.184339 0.469902 0.286715
0.533448 0.904968 0.813870 0.979559 0.292939 0.881802 0.500000 0.857143 8.343328 0.480223 0.286715
0.537465 0.877488 0.836187 0.960671 0.334785 0.850263 0.375000 0.142857 8.863294 0.513975 0.144287
0.529399 0.925583 0.851522 0.988921 0.720690 0.755133 0.375000 0.285714 10.453047 0.617170 0.143858
0.541063 0.932847 0.850926 0.979371 1.136359 0.809080 0.375000 0.285714 12.830839 0.771519 0.184858
0.540640 0.927193 0.857597 0.948916 1.108098 0.948354 0.250000 0.142857 13.335280 0.804263 0.144287
0.570085 0.859626 0.810606 0.893369 0.955348 0.850375 0.125000 0.000000 11.786710 0.703742 0.258401
0.583239 0.871622 0.826217 0.870848 0.825187 1.023907 0.125000 0.000000 12.488571 0.749301 0.258915
0.583239 0.869368 0.819390 0.870848 1.000000 0.921449 0.250000 0.000000 12.817594 0.770659 0.287144
0.585232 0.863408 0.817471 0.867658 0.893239 0.782147 0.250000 1.000000 11.875682 0.709517 0.287144
0.627161 0.890539 0.883413 0.809981 0.829101 0.791323 0.125000 1.000000 10.937890 0.648643 0.143953
0.598652 0.699693 0.858874 0.734940 0.691765 0.736391 0.250000 1.142857 9.340967 0.544982 0.143953
0.576584 0.761162 0.893796 0.806202 0.641246 0.801295 0.500000 1.000000 9.161102 0.533307 0.258001
0.550392 0.667340 0.897143 0.740404 0.580999 0.895487 0.500000 0.000000 10.178550 0.599352 0.258001
0.520137 0.640618 0.938378 0.724069 0.492720 0.914515 0.500000 0.000000 14.735908 0.895182 0.257486
0.445247 0.946996 1.198903 0.804982 0.571002 1.151876 0.500000 0.714286 22.434363 1.394908 0.214572
0.476234 0.680652 0.850503 0.667891 1.018957 0.483039 0.625000 0.428571 16.350672 1.000000 0.183919
0.398480 0.577101 0.855444 0.718169 1.353883 0.322403 0.375000 0.000000 19.365208 1.195681 0.142762
0.399482 0.441995 0.654965 0.622657 1.835429 0.301237 0.625000 0.428571 14.908297 0.906372 0.142762
0.285664 0.406242 0.562692 0.649462 1.497253 0.209438 0.500000 0.571429 13.384619 0.807466 0.142762
0.285409 0.379227 0.449975 0.653136 1.176895 0.144736 0.625000 0.428571 9.807104 0.575240 0.285524
0.298314 0.386796 0.433997 0.678068 0.662888 0.213752 0.625000 1.000000 7.068896 0.397496 0.305918
0.282002 0.332328 0.336821 0.620833 0.250899 0.215492 0.000000 0.142857 4.341043 0.220424 0.267678
0.287874 0.341489 0.327016 0.622264 0.134243 0.191272 0.750000 0.142857 3.112443 0.140673 0.267678
0.274375 0.322940 0.272142 0.585464 0.103794 0.134369 0.000000 0.000000 2.609727 0.108040 0.244735
0.260606 0.230787 0.191539 0.458221 0.166957 0.166207 0.000000 0.714286 2.596239 0.107165 0.244735
0.269307 0.218392 0.193710 0.428484 0.134651 0.212394 0.000000 0.571429 2.692909 0.113440 0.306286
0.265298 0.233918 0.203523 0.474963 0.086992 0.234519 1.000000 0.428571 2.520314 0.102236 0.321536
0.308749 0.302824 0.275851 0.594579 0.094751 0.289828 0.500000 0.428571 2.771359 0.118532 0.321536
0.311745 0.334152 0.293330 0.623857 0.074540 0.257829 0.250000 0.428571 2.769285 0.118398 0.333397
0.312371 0.478780 0.406688 0.803976 0.047650 0.408773 0.500000 0.571429 4.282377 0.216616 0.321536
0.340774 0.465961 0.393541 0.776598 0.101623 0.391131 0.375000 0.571429 3.971106 0.196411 0.482143
0.378217 0.535526 0.475733 0.812192 0.224264 0.434910 0.250000 0.142857 4.777232 0.248738 0.551020
0.424115 0.576348 0.527750 0.853357 0.226321 0.455770 0.125000 0.142857 5.353963 0.286176 0.612204
0.506733 0.603729 0.633508 0.891582 0.194793 0.553144 0.000000 1.000000 6.955471 0.390134 0.749821
0.553871 0.594347 0.690330 0.837636 0.155939 0.655760 0.875000 1.571429 8.124080 0.465991 0.856939
0.601636 0.609429 0.733577 0.841799 0.154256 0.627960 0.125000 0.142857 7.556051 0.429119 0.927952
0.655527 0.568129 0.687906 0.805756 0.270490 0.451819 0.125000 0.142857 6.769690 0.378074 1.027885
0.693103 0.607331 0.677066 0.794822 0.285226 0.484639 1.000000 1.000000 7.833761 0.447146 1.199199
0.803968 0.614051 0.666405 0.790730 0.342027 0.565149 0.500000 1.142857 8.855183 0.513449 1.284857
0.909672 0.537226 0.558839 0.749538 0.423573 0.427166 0.500000 0.428571 8.286613 0.476541 1.284857
0.932323 0.503351 0.535957 0.690869 0.389020 0.451440 1.125000 0.428571 9.094493 0.528983 1.142095
0.946451 0.534980 0.544759 0.726176 0.316789 0.513756 1.125000 0.285714 8.794737 0.509525 1.142095
0.974543 0.497366 0.508983 0.711450 0.369859 0.430475 0.125000 0.000000 7.232807 0.408136 1.070714
0.908963 0.592466 0.568847 0.797158 0.425993 0.408006 0.750000 0.000000 7.005373 0.393373 0.999857
0.872225 0.573876 0.521003 0.770148 0.334391 0.334355 0.250000 0.142857 6.138955 0.337131 0.999857
0.915659 0.577053 0.544442 0.819485 0.279002 0.497961 0.750000 0.571429 6.365947 0.351866 0.999857
0.937857 0.595493 0.550080 0.849348 0.318230 0.546002 0.625000 0.428571 6.621740 0.368470 1.040571
0.995622 0.616377 0.591739 0.919620 0.377219 0.545173 0.500000 0.285714 7.436462 0.421356 0.918204
1.003392 0.616569 0.598665 0.904966 0.375281 0.578194 0.375000 0.000000 8.135046 0.466703 0.918612
1.001166 0.623450 0.596303 0.900402 0.280204 0.735523 0.250000 0.571429 8.504682 0.490697 0.918612
1.114427 0.684089 0.622674 0.929502 0.293936 0.740470 0.750000 0.428571 8.804257 0.510143 0.918612
1.118740 0.696634 0.625554 0.958883 0.414649 0.595973 0.625000 0.285714 9.570254 0.559866 1.017929
1.087000 0.731830 0.697395 0.999102 0.508118 0.590301 0.875000 0.285714 10.887384 0.645364 1.102163
1.140632 0.699697 0.620366 0.971237 0.362806 0.346618 0.875000 0.142857 7.168942 0.403991 0.979347
1.134611 0.708484 0.622060 1.007412 0.200771 0.442330 0.250000 0.142857 6.602215 0.367203 1.017929
1.117890 0.697625 0.613251 0.990632 0.153598 0.506263 0.250000 0.285714 6.714399 0.374485 1.000000
1.112715 0.696137 0.605661 0.965020 0.233010 0.515115 0.250000 0.285714 6.761268 0.377527 0.964393
1.028408 0.677028 0.613012 0.925058 0.491447 0.613694 0.375000 0.857143 8.340466 0.480037 0.964393
1.003150 0.690400 0.633924 0.958756 0.598813 0.562889 0.625000 0.571429 8.676331 0.501839 0.910500
0.954111 0.764439 0.673581 1.000898 0.503455 0.555743 0.625000 0.428571 8.003452 0.458161 0.857020
0.834152 0.606724 0.611365 0.925299 0.163951 0.477039 0.375000 0.285714 6.860195 0.383949 0.734653
0.739276 0.627082 0.657068 0.910562 0.202584 0.561669 0.750000 1.142857 8.639994 0.499480 0.571572
0.749235 0.617994 0.635409 0.906662 0.392331 0.474511 0.750000 0.428571 8.930531 0.518340 0.571572
0.665652 0.678569 0.689694 0.876527 0.437218 0.511712 1.250000 0.000000 10.160698 0.598193 0.607262
0.642027 0.683668 0.681736 0.856485 0.538638 0.470429 1.125000 0.285714 9.048321 0.525986 0.571047
0.590357 0.728085 0.693990 0.894982 0.450202 0.465226 0.500000 0.428571 7.751318 0.441794 0.513943
0.585023 0.850918 0.764057 0.945509 0.538078 0.412691 0.625000 0.428571 7.511736 0.426242 0.499666
0.577109 0.835232 0.737426 0.917655 0.961332 0.502087 0.000000 0.428571 9.665417 0.566043 0.499666
0.537819 0.928156 0.801635 0.922027 1.047537 0.791120 0.250000 0.428571 11.946031 0.714084 0.571524
0.513437 0.867923 0.753447 0.893032 0.820523 0.750257 0.250000 0.571429 10.268828 0.605212 0.571524
0.564290 0.974231 0.846489 0.935402 0.538494 0.649036 0.250000 0.285714 8.800395 0.509892 0.642905
0.582111 0.985415 0.850770 0.963001 0.539908 0.537571 0.000000 0.285714 8.473543 0.488675 0.642905
0.588074 0.954840 0.820276 0.963001 0.557080 0.596603 0.750000 0.285714 9.201548 0.535932 0.642905
0.598771 1.103747 0.981661 1.049357 0.542535 1.333502 0.250000 0.142857 14.325032 0.868511 0.643000
0.532401 1.196176 1.085968 1.080672 0.819632 1.526351 0.625000 0.142857 16.196138 0.989969 0.343200
0.528906 1.196793 1.085102 1.064982 0.858858 1.578564 0.875000 0.142857 16.658922 1.020009 0.343200
0.457784 1.085736 1.048504 1.010034 0.757284 1.349293 0.500000 0.142857 14.327480 0.868669 0.321929
0.410229 1.039262 1.057473 0.928424 0.933946 1.032090 0.375000 0.000000 14.998998 0.912259 0.321929
0.421456 0.981017 1.009902 0.903723 0.839121 0.767255 0.125000 0.142857 11.634898 0.693887 0.142762
0.443155 0.826228 0.893707 0.850323 0.875681 0.902224 0.250000 0.142857 11.335739 0.674468 0.214143
0.380986 0.720764 0.781089 0.795506 1.015058 0.961340 0.250000 0.142857 14.001766 0.847526 0.142762
0.397654 0.598891 0.754050 0.728509 1.184971 0.570654 0.250000 1.000000 17.729175 1.089482 0.142762
0.331505 0.612336 0.696280 0.707328 0.679735 0.391332 0.250000 0.142857 15.693920 0.957369 0.107071
0.347141 0.567824 0.611270 0.661150 0.402739 0.276060 0.250000 0.000000 10.141988 0.596978 0.171314
0.351986 0.504362 0.533190 0.692862 0.193137 0.342936 0.000000 1.285714 5.729770 0.310570 0.256971
0.339023 0.427759 0.478844 0.653136 0.151437 0.356923 0.750000 0.285714 4.117896 0.205939 0.142762
0.368953 0.500433 0.499020 0.694873 0.240092 0.342891 0.000000 0.571429 5.209864 0.276822 0.142762
0.418003 0.448537 0.431595 0.656900 0.351139 0.370764 0.000000 1.142857 6.092773 0.334134 0.000334
0.408646 0.359770 0.362128 0.579939 0.492015 0.410284 0.125000 1.142857 6.217246 0.342213 0.000286
0.456071 0.395213 0.393705 0.549848 0.279705 0.564026 0.375000 0.000000 6.084341 0.333586 -0.060571
0.502553 0.323299 0.307394 0.451665 0.211624 0.341540 0.750000 0.714286 4.443164 0.227053 -0.053000
0.499027 0.224929 0.221003 0.308841 0.225926 0.267935 1.000000 0.142857 4.665592 0.241492 -0.047111
0.543535 0.146590 0.161625 0.238077 0.190090 0.103890 0.125000 0.000000 2.872169 0.125076 -0.053000
0.547387 0.096359 0.119496 0.186636 0.172320 0.048486 0.000000 0.428571 2.881583 0.125687 -0.106535
0.525360 0.056222 0.075022 0.112829 0.060796 0.061406 0.125000 0.000000 2.074014 0.073266 -0.106535
0.522038 0.040301 0.057241 0.083799 0.012508 0.041246 0.125000 0.428571 1.378172 0.028097 -0.053000
0.537579 -0.010516 -0.015372 -0.026430 -0.004537 -0.002608 0.875000 0.142857 0.889543 -0.003621 -0.047111
0.534690 0.007019 -0.008548 0.014814 -0.022322 -0.007774 0.125000 0.000000 0.968766 0.001521 0.000508
0.575990 -0.050589 -0.066256 -0.126870 -0.029725 -0.017855 0.125000 0.571429 0.695184 -0.016238 -0.047079
0.536286 0.014933 -0.005887 0.035485 -0.034848 0.007985 0.250000 0.571429 1.090677 0.009435 -0.047333
0.531837 0.014361 -0.001354 0.040963 -0.033979 0.016897 0.250000 0.571429 0.884515 -0.003948 -0.053250
0.516375 0.068666 0.053092 0.176841 -0.036485 0.035971 0.500000 0.571429 0.927419 -0.001163 -0.060857
0.478581 0.116957 0.097727 0.247256 -0.027954 0.072640 0.750000 0.857143 1.205378 0.016880 -0.213678
0.461293 0.116308 0.136474 0.236185 -0.021511 0.100926 0.500000 0.142857 1.761818 0.053000 -0.213678
0.433529 0.137293 0.183542 0.265519 -0.001782 0.106976 0.500000 0.714286 2.467031 0.098777 -0.213678
0.423910 0.139094 0.186438 0.276460 0.010564 0.099475 0.500000 0.000000 2.426528 0.096148 -0.160142
