0.230044 0.546233 0.522925 0.834776 0.271617 0.279947 0.428571 0.500000 10.697626 0.254037 0.833307
0.232175 0.561935 0.541386 0.852551 0.266910 0.355671 0.285714 0.500000 11.676503 0.280393 0.833677
0.224081 0.577775 0.538395 0.869921 0.251715 0.457274 0.857143 0.625000 13.059667 0.317633 0.833900
0.202467 0.572030 0.539600 0.852456 0.295476 0.393134 0.000000 0.250000 14.633818 0.360016 0.973021
0.224378 0.613291 0.589677 0.867863 0.318940 0.360332 0.142857 0.000000 16.110432 0.399772 1.111345
0.249241 0.606153 0.566857 0.858983 0.302390 0.277803 0.142857 0.375000 14.948898 0.368499 1.111345
0.216377 0.675621 0.620799 0.901960 0.320996 0.381910 0.142857 0.625000 16.304228 0.404990 0.952718
0.207186 0.673655 0.623010 0.896049 0.360699 0.509237 0.142857 0.250000 17.016995 0.424181 0.834233
0.180003 0.741049 0.685288 0.915402 0.538915 0.652473 0.285714 0.500000 21.854405 0.554424 0.834233
0.129715 0.794344 0.757170 0.933043 0.556746 0.642308 0.285714 1.125000 21.513075 0.545234 0.625496
0.121957 1.031013 0.977209 0.992636 0.577279 0.861999 0.000000 1.000000 28.069345 0.721756 0.595597
0.206816 0.868414 0.848265 0.959777 0.648705 0.616851 0.285714 0.875000 21.905423 0.555797 0.555732
0.165830 1.154407 1.082013 1.004592 1.515066 1.005310 1.285714 0.125000 50.141395 1.316026 0.555732
0.301738 0.815678 0.858287 0.924604 1.121805 0.624217 0.000000 0.000000 37.792162 0.983534 0.416759
0.019157 1.131825 1.028451 1.008047 1.470987 1.506993 1.000000 0.500000 52.807036 1.387796 0.333932
0.252906 0.876776 0.861010 0.959777 0.770235 0.937071 0.428571 0.625000 34.581335 0.897085 0.417408
0.097776 1.212321 1.102307 1.050867 0.737866 0.993636 0.714286 0.625000 34.825441 0.903658 0.417408
0.170611 0.899363 0.858567 0.964911 0.550307 0.761437 0.571429 0.500000 26.514484 0.679892 0.416759
0.396851 0.737231 0.719076 0.910952 0.622905 0.375751 0.428571 0.500000 19.968985 0.503661 0.357358
0.342838 0.702441 0.672712 0.877934 0.628811 0.393422 0.428571 0.375000 20.015792 0.504921 0.556195
0.288009 0.696189 0.677474 0.878377 0.553491 0.514166 0.285714 1.125000 20.891341 0.528494 0.476875
0.313494 0.708044 0.696110 0.889952 0.420262 0.542283 0.142857 1.125000 20.049777 0.505836 0.469048
0.271006 0.706343 0.699308 0.888397 0.303079 0.598327 0.000000 0.375000 20.277597 0.511970 0.469048
0.238827 0.686936 0.666101 0.889467 0.384805 0.532704 0.000000 0.875000 21.547317 0.546156 0.469048
0.319990 0.725244 0.717029 0.925382 0.594694 0.598599 0.142857 0.375000 25.596512 0.655177 0.417037
0.362936 0.806081 0.801031 0.941835 0.970419 0.508789 0.714286 0.875000 32.646819 0.845000 0.324389
0.369372 0.810353 0.805624 0.953215 0.881067 0.394551 0.285714 0.000000 28.881968 0.743635 0.324018
0.388100 0.813510 0.797872 0.931248 0.786239 0.441845 0.142857 0.000000 25.458478 0.651460 0.260658
0.425013 0.835677 0.825991 0.938978 0.783611 0.563304 1.000000 0.625000 26.402035 0.676865 0.260658
0.397060 0.845711 0.851423 0.953953 0.693963 0.775518 0.285714 0.375000 28.418397 0.731154 0.324451
0.426546 0.870356 0.871035 0.979381 0.633521 0.957975 0.142857 0.375000 29.474066 0.759577 0.324451
0.420366 0.894136 0.891349 0.987355 0.647363 1.035478 1.000000 0.250000 29.817081 0.768812 0.278157
0.454349 0.892340 0.881379 0.998736 0.547456 0.758784 0.428571 0.625000 26.124675 0.669397 0.185509
0.447216 0.881435 0.885398 0.998736 0.723111 0.490713 0.571429 0.125000 27.862426 0.716185 0.185509
0.371062 0.953276 0.934783 1.013780 1.042277 0.372186 0.857143 0.125000 32.426784 0.839076 0.278157
0.382976 0.927127 0.932211 1.018510 1.019764 0.569632 1.000000 0.125000 34.340025 0.890588 0.370806
0.411295 0.898221 0.956673 1.017802 0.727660 0.976040 0.285714 0.000000 33.502424 0.868037 0.463825
0.471925 0.866305 0.940990 0.995994 0.524366 1.020690 0.000000 0.875000 30.338733 0.782857 0.417204
0.415216 0.907677 0.951573 1.016141 0.444754 1.166072 0.000000 0.000000 32.222892 0.833586 0.458896
0.426743 0.960573 0.961780 1.018788 0.608886 1.194823 0.714286 0.000000 36.294377 0.943207 0.458896
0.469468 0.921781 0.936087 0.999801 0.616482 1.094337 0.571429 0.000000 36.650042 0.952783 0.541890
0.464874 0.903404 0.956578 0.954451 0.614080 1.041376 0.428571 0.125000 36.196278 0.940566 0.625608
0.507582 0.888496 0.984307 0.964889 0.777232 1.058290 0.428571 0.250000 38.131138 0.992661 0.625608
0.478661 0.922108 1.015574 0.961677 1.031839 0.894716 0.285714 0.500000 38.810582 1.010954 0.541890
0.518609 0.832754 0.947468 0.923136 0.816933 0.705259 0.428571 0.125000 31.054183 0.802120 0.458507
0.474606 0.820185 0.921331 0.923136 0.656666 0.711974 0.571429 0.250000 28.779239 0.740869 0.458507
0.350723 0.882272 0.924742 0.931378 0.865320 0.865717 0.000000 0.125000 34.383108 0.891748 0.374790
0.311462 0.878530 0.931034 0.937115 1.104923 0.880361 0.000000 0.250000 38.342725 0.998357 0.416698
0.389608 0.833094 0.906244 0.887649 1.033221 0.896442 0.428571 0.500000 37.496576 0.975576 0.277725
0.367727 0.828667 0.905351 0.900565 0.863240 0.787281 0.428571 0.500000 32.314027 0.836040 0.277725
0.289963 0.833903 0.850827 0.920920 0.503504 0.652734 1.142857 0.375000 23.344993 0.594557 0.185138
0.223385 0.902076 0.862819 0.950139 0.390480 0.649164 0.428571 0.750000 22.979133 0.584706 0.185138
0.207322 0.863119 0.831057 0.927107 0.536636 0.614035 0.857143 0.125000 35.990487 0.935025 0.184768
0.207250 0.847528 0.803044 0.912327 0.549010 0.530234 0.857143 0.125000 48.502747 1.271907 0.185138
0.196910 0.855442 0.839671 0.928498 0.580275 0.434179 0.571429 0.125000 46.095100 1.207083 0.185138
0.146309 0.825950 0.816662 0.916861 0.618490 0.499186 0.285714 0.750000 31.982134 0.827104 0.185138
0.191188 0.790161 0.797725 0.916861 0.704195 0.595527 0.285714 0.750000 28.598638 0.736006 0.277725
0.166620 0.804795 0.789154 0.950715 0.736733 0.652806 0.428571 0.500000 28.881363 0.743619 0.333431
0.108468 0.765396 0.725351 0.960581 0.794473 0.652522 0.428571 0.500000 27.191164 0.698111 0.416815
0.111463 0.808784 0.757856 0.953953 0.928402 0.570416 0.428571 0.000000 26.578110 0.681605 0.333098
0.120828 0.790701 0.756559 0.952148 0.789184 0.464443 0.571429 0.125000 22.928949 0.583355 0.370373
0.222583 0.741240 0.739383 0.926739 0.431985 0.501249 0.571429 0.125000 19.043878 0.478753 0.312321
0.243137 0.699659 0.724483 0.888397 0.302135 0.644966 0.428571 0.125000 19.816487 0.499555 0.357279
0.289846 0.815282 0.791419 0.925605 0.338410 0.681615 0.571429 0.125000 23.257842 0.592210 0.357279
0.360310 0.805061 0.818238 0.904849 0.430976 0.708228 0.571429 1.250000 23.952775 0.610921 0.357279
0.493863 0.879463 0.869286 0.937282 0.617701 0.709320 0.857143 1.250000 36.439143 0.947105 0.238160
0.575219 0.887308 0.895039 0.924927 0.479919 0.537604 1.000000 0.000000 40.506811 1.056624 0.238160
0.642864 0.912355 0.904601 0.937282 0.329219 0.436168 0.000000 0.125000 36.222112 0.941262 0.138721
0.745843 0.919833 0.925248 0.940664 0.345410 0.619891 0.000000 0.125000 34.826960 0.903699 0.277694
0.697598 0.971192 0.959570 0.949638 0.548521 0.981437 0.142857 0.875000 34.520085 0.895436 0.278250
0.705978 0.997848 0.971902 0.956785 0.568419 1.140403 0.142857 0.750000 32.091135 0.830039 0.238636
0.701413 1.027534 1.000000 0.965788 0.525790 1.075082 0.142857 0.000000 34.066660 0.883228 0.104349
0.723713 1.047805 1.004696 0.990292 0.536831 1.099490 0.000000 0.625000 35.413443 0.919489 0.092860
0.668763 1.007924 1.000197 0.982713 0.732550 1.206199 0.285714 0.625000 38.305325 0.997350 0.092860
0.610593 1.025042 1.035981 1.001518 1.029307 1.072790 1.000000 0.625000 39.246776 1.022698 0.138783
0.587354 1.027179 1.044834 1.011575 1.108472 0.821599 1.000000 0.250000 37.389602 0.972695 0.138783
0.447725 0.997454 0.981719 1.015806 0.908662 0.698014 0.000000 0.250000 31.090848 0.803107 0.139215
0.471130 0.993558 0.965700 1.017500 0.797240 0.740038 0.142857 1.250000 28.723709 0.739374 0.125056
0.493693 0.951859 0.935578 0.991950 0.731666 1.000000 0.285714 1.125000 32.933772 0.852726 0.041672
0.540832 0.950192 0.956312 0.983916 0.781950 1.382509 0.428571 1.000000 42.395536 1.107476 0.125056
0.475622 0.906552 0.910861 0.990655 0.794677 1.461388 0.428571 0.125000 42.734540 1.116603 0.208050
0.464558 0.918780 0.914564 1.003560 0.757274 1.154943 0.428571 0.250000 34.621481 0.898166 0.375095
0.461520 0.897805 0.902230 0.978181 0.716544 0.833821 1.000000 0.375000 27.334684 0.701976 0.416667
0.495320 0.820411 0.826731 0.951420 0.637041 0.680636 1.428571 0.625000 25.208948 0.644742 0.416296
0.522683 0.759954 0.754241 0.912211 0.485519 0.697537 0.571429 0.625000 25.379214 0.649326 0.416551
0.545927 0.745728 0.759490 0.892236 0.459542 0.755391 0.142857 0.750000 26.438487 0.677846 0.475922
0.570513 0.725493 0.736585 0.862805 0.565850 0.619277 0.142857 0.375000 24.891150 0.636186 0.416111
0.467816 0.604101 0.672286 0.776525 0.556325 0.414494 0.142857 0.375000 22.628633 0.575269 0.277694
0.342740 0.539833 0.591973 0.699533 0.415652 0.286825 0.285714 0.250000 17.978579 0.450071 0.555639
0.243132 0.377872 0.424518 0.550213 0.174220 0.213015 0.571429 0.375000 12.134853 0.292733 0.555639
0.232257 0.410288 0.427901 0.529821 0.160851 0.194631 0.714286 0.375000 12.111386 0.292102 0.555639
0.208575 0.222919 0.268061 0.377804 0.199002 0.080403 0.000000 0.000000 7.287728 0.162229 0.555639
0.173343 0.127606 0.155050 0.308286 0.025449 0.004166 1.000000 0.000000 5.894113 0.124707 0.595518
0.105940 0.143951 0.182863 0.337262 0.076974 0.048097 1.000000 0.250000 5.086243 0.102956 0.595994
0.064913 0.109413 0.161870 0.284931 0.068256 0.029550 0.000000 0.375000 3.940420 0.072106 0.625844
0.028443 0.069339 0.122033 0.157605 0.053376 0.021058 0.714286 0.250000 2.916376 0.044534 1.019654
0.013399 0.070273 0.130611 0.165055 0.058063 0.019960 0.000000 0.125000 2.818787 0.041907 1.001167
0.003799 0.071344 0.136819 0.185285 0.073881 0.018005 0.142857 0.375000 2.670794 0.037922 1.204951
-0.017868 0.069642 0.130711 0.185905 0.096296 0.023264 0.000000 0.375000 3.361375 0.056515 1.065577
-0.030831 0.068921 0.122726 0.176684 0.097103 0.030157 0.000000 0.000000 4.266090 0.080874 1.094425
-0.094501 0.069050 0.104766 0.184260 0.081639 0.027497 0.285714 0.000000 3.337354 0.055868 0.990682
-0.107949 0.080388 0.108414 0.223078 0.050353 0.040846 0.142857 1.000000 3.263159 0.053871 0.886035
-0.152058 0.055753 0.079633 0.220225 0.024049 0.030409 0.142857 0.875000 2.737159 0.039709 0.886035
-0.103310 0.089931 0.113934 0.287133 0.026732 0.034433 0.285714 0.750000 2.690238 0.038445 0.886035
-0.102168 0.075286 0.110975 0.244267 0.035931 0.023108 0.571429 0.625000 2.415458 0.031047 0.781806
-0.092184 0.082702 0.112300 0.248651 0.039245 0.023833 0.428571 0.625000 2.353344 0.029375 0.260241
-0.020467 0.070755 0.097023 0.172015 0.021651 0.025509 0.000000 0.000000 2.234063 0.026163 0.156012
0.008444 0.058309 0.094551 0.112251 0.030276 0.035989 0.000000 0.125000 2.968928 0.045949 0.324080
0.109355 0.060354 0.106164 0.125087 0.033000 0.013067 0.000000 0.125000 2.587060 0.035667 0.370806
0.138682 0.060477 0.118501 0.132684 0.041992 0.019663 0.142857 1.250000 2.889014 0.043797 0.333820
0.230302 0.070232 0.125998 0.156475 0.027757 0.040947 0.428571 0.375000 2.624625 0.036679 0.333820
0.292936 0.052380 0.077581 0.143683 0.031560 0.016661 0.000000 0.375000 2.085283 0.022158 0.542613
0.312785 0.052526 0.069019 0.132707 0.015498 0.006834 0.142857 0.375000 2.068286 0.021700 0.459229
0.360212 0.019954 0.039151 0.046969 0.005166 0.002902 1.000000 0.000000 1.753040 0.013212 0.542613
0.369149 0.017536 0.041760 0.043345 -0.002328 0.000491 0.714286 0.125000 1.487301 0.006057 0.602797
0.427717 -0.010807 -0.000496 -0.021763 -0.009156 -0.005473 0.285714 0.500000 0.948888 -0.008439 0.695817
0.455676 0.018284 0.020613 0.061766 0.011409 0.001741 0.285714 0.375000 1.215562 -0.001259 0.695817
0.441272 -0.014179 -0.012545 -0.033393 0.003007 -0.001399 0.000000 0.375000 1.101537 -0.004329 0.510520
0.442252 -0.015570 -0.012503 -0.047555 0.007744 -0.001273 0.142857 0.250000 1.193095 -0.001864 0.469986
0.441170 0.098315 0.091413 0.229881 0.003314 0.034647 0.714286 0.375000 2.150546 0.023915 0.536991
0.443791 0.206604 0.178494 0.321993 0.001426 0.046696 0.428571 0.250000 2.493220 0.033141 0.656110
0.415042 0.174508 0.173801 0.301033 0.003128 0.042295 0.142857 1.125000 2.411747 0.030947 0.477431
0.358277 0.204090 0.239168 0.330255 0.017076 0.050155 0.142857 0.125000 4.026062 0.074411 0.556844
0.375121 0.215643 0.224785 0.331697 0.036614 0.052301 0.857143 0.750000 3.833495 0.069227 0.556844
0.337824 0.308742 0.299946 0.475247 0.067814 0.053255 1.000000 0.750000 4.340983 0.082890 0.596550
0.308888 0.383449 0.361520 0.581130 0.211632 0.130083 0.428571 0.500000 8.397989 0.192122 0.596550
0.273098 0.429480 0.395441 0.662442 0.310311 0.231426 0.857143 1.000000 11.703669 0.281124 0.715114
0.205978 0.461552 0.417599 0.700638 0.119688 0.364741 0.285714 0.125000 12.312596 0.297519 0.834233
0.132691 0.507731 0.460880 0.774867 0.058347 0.328471 0.428571 0.250000 11.268123 0.269397 0.834303
0.179027 0.434501 0.393773 0.696804 0.076646 0.239757 0.142857 0.875000 9.003545 0.208426 0.834357
0.167404 0.332744 0.326593 0.625661 0.124877 0.203810 0.142857 0.375000 8.152043 0.185500 0.741708
0.183822 0.336684 0.322173 0.623481 0.120055 0.204757 0.142857 0.375000 7.777905 0.175426 0.741276
0.157208 0.311264 0.289488 0.630652 0.116106 0.169629 0.571429 0.500000 6.868133 0.150932 0.750627
0.164797 0.302682 0.284124 0.622775 0.112822 0.157757 0.428571 0.625000 6.632269 0.144581 0.750627
0.156315 0.288487 0.272824 0.622080 0.139947 0.166014 0.285714 0.750000 6.862513 0.150780 0.741276
0.151005 0.273502 0.268697 0.586781 0.169794 0.154220 0.142857 0.375000 6.774669 0.148415 0.729587
0.158554 0.294517 0.274053 0.606264 0.151500 0.140773 0.000000 0.375000 5.996943 0.127476 0.730073
0.127258 0.327801 0.297154 0.647651 0.145311 0.183013 0.285714 0.875000 6.600876 0.143736 0.730073
0.160805 0.302044 0.269383 0.620365 0.080605 0.151004 0.285714 0.250000 5.210932 0.106313 0.625844
0.157641 0.291418 0.270332 0.600223 0.071654 0.122473 0.285714 0.000000 5.055120 0.102118 0.573277
0.178669 0.288128 0.258155 0.622775 0.055970 0.091349 0.714286 0.000000 5.319097 0.109225 0.573277
0.177158 0.313136 0.278301 0.643936 0.078577 0.124492 1.571429 0.375000 6.880567 0.151266 0.573764
0.201138 0.277972 0.254730 0.616150 0.061928 0.164217 0.571429 0.875000 6.678361 0.145822 0.573764
0.208923 0.273124 0.257787 0.611172 0.075321 0.170742 0.285714 0.000000 6.021231 0.128130 0.469534
0.213336 0.291391 0.268762 0.619993 0.099468 0.146111 0.285714 0.125000 5.504723 0.114223 0.510118
0.250449 0.321508 0.282905 0.677814 0.108455 0.126413 0.285714 0.125000 5.378665 0.110829 0.542196
0.312927 0.264784 0.241725 0.628879 0.084189 0.089525 0.285714 0.500000 4.775829 0.094598 0.542196
0.328457 0.264689 0.242284 0.624924 0.100566 0.080285 0.285714 0.125000 5.136331 0.104304 0.542196
0.339718 0.273179 0.252649 0.618889 0.127881 0.080549 0.142857 0.250000 5.370007 0.110596 0.602334
0.368675 0.250905 0.247960 0.597005 0.113112 0.091836 0.428571 0.500000 4.948305 0.099242 0.625844
0.440156 0.315128 0.290553 0.657633 0.100534 0.145703 0.571429 0.375000 5.419530 0.111929 0.730073
0.452785 0.283115 0.280600 0.636669 0.107925 0.185966 0.571429 0.375000 5.925740 0.125559 0.730073
0.454796 0.260659 0.284871 0.526458 0.112448 0.197287 0.571429 0.500000 7.013239 0.154838 0.715114
0.375136 0.180478 0.246281 0.411615 0.075877 0.133066 0.714286 0.500000 7.099408 0.157158 0.834233
0.364874 0.155306 0.254542 0.323275 0.093923 0.069561 0.000000 0.500000 9.445104 0.220314 0.595994
0.334663 0.136675 0.253706 0.248273 0.191113 0.025011 0.714286 0.375000 11.343255 0.271420 0.477431
0.267656 0.086544 0.190954 0.151143 0.246229 0.026561 1.142857 0.000000 9.088181 0.210704 0.477431
0.230040 0.057200 0.215668 0.094010 0.255134 0.050442 1.285714 0.000000 7.530776 0.168773 0.417871
0.244015 0.039993 0.156931 0.054225 0.124651 0.025169 0.857143 1.250000 5.267092 0.107825 0.417871
0.200275 0.010265 0.103466 -0.009597 0.064746 0.005396 1.571429 0.625000 3.087355 0.049137 0.476875
0.238452 0.033614 0.136963 0.044869 0.078145 -0.000690 0.285714 0.375000 3.653528 0.064381 0.357755
0.205428 -0.000073 0.095230 -0.026457 0.062179 -0.011992 0.000000 0.125000 3.229858 0.052974 0.357755
0.198432 0.000000 0.102844 -0.018426 0.063401 -0.012548 0.428571 0.625000 2.980021 0.046248 0.208926
0.166620 0.018867 0.137560 0.016203 0.121422 -0.008398 0.428571 0.625000 3.611760 0.063257 0.208926
0.182462 -0.002545 0.082814 -0.037361 0.124141 -0.010414 0.285714 1.000000 3.079430 0.048924 0.417385
0.218993 0.002738 0.092767 -0.028900 0.112728 -0.006164 0.285714 0.625000 3.268963 0.054027 0.476875
0.212113 0.007359 0.101878 -0.011496 0.069531 -0.004857 0.285714 0.750000 3.121189 0.050048 0.476875
0.166998 0.023168 0.145552 0.035731 0.074953 0.000957 0.428571 0.375000 4.282277 0.081310 0.521614
0.158271 0.023074 0.135652 0.034405 0.087922 0.006332 0.571429 0.125000 4.351423 0.083171 0.556411
0.129819 0.021311 0.115309 0.048032 0.072163 0.017092 0.142857 1.000000 3.789878 0.068052 0.556844
0.141294 0.030528 0.142484 0.075789 0.066884 0.021831 0.285714 0.125000 3.625170 0.063618 0.626330
0.128624 0.037823 0.148285 0.114975 0.074832 0.020491 0.285714 0.375000 4.380223 0.083947 0.596550
0.094048 0.036180 0.126845 0.102659 0.085054 0.000999 0.285714 0.875000 4.858660 0.096828 0.715670
0.074327 0.029062 0.113929 0.089272 0.099052 -0.005156 0.428571 0.125000 4.547432 0.088449 0.715670
0.109536 0.032106 0.161790 0.117551 0.102516 0.007996 0.000000 0.000000 4.222361 0.079697 0.695817
0.000000 0.035832 0.150130 0.151046 0.091240 0.029954 0.000000 0.375000 3.595267 0.062813 0.715670
0.054132 0.039673 0.184619 0.145178 0.186767 0.030288 0.285714 0.500000 6.522111 0.141615 0.715114
0.068581 0.045349 0.170486 0.168286 0.179834 0.015115 0.142857 0.625000 6.480007 0.140482 0.595994
0.060896 0.045037 0.178063 0.168286 0.121673 0.012234 0.142857 0.750000 5.393500 0.111228 0.595994
0.063154 0.037108 0.176326 0.127847 0.063901 0.016416 0.285714 0.875000 5.979660 0.127010 0.476875
0.072085 0.031947 0.160427 0.111081 0.051332 0.012477 0.142857 0.625000 7.340036 0.163637 0.521614
0.068706 0.033310 0.165337 0.091590 0.100934 0.005043 0.000000 0.375000 6.830682 0.149923 0.556411
0.117446 0.027796 0.139479 0.070077 0.138417 0.002178 0.285714 0.375000 4.613262 0.090221 0.648628
0.126569 0.022002 0.138496 0.042233 0.149211 0.006458 0.428571 0.375000 4.213930 0.079470 0.625357
0.103466 0.018174 0.102485 0.036433 0.082540 0.007397 0.142857 0.250000 3.404084 0.057665 0.602303
0.121134 0.027685 0.103921 0.052746 0.070484 0.008687 0.000000 0.125000 3.376047 0.056910 0.601871
0.140138 0.019571 0.067959 0.043785 0.067692 0.013004 0.142857 0.500000 2.727345 0.039445 0.509655
0.145927 0.018771 0.071186 0.024904 0.071656 0.023129 0.285714 1.500000 2.720358 0.039256 0.509655
0.201775 0.034774 0.106944 0.084767 0.070594 0.025875 0.285714 0.000000 2.797044 0.041321 0.469013
0.231489 0.047867 0.133956 0.110676 0.096541 0.012521 0.714286 0.000000 3.416044 0.057987 0.535879
0.248876 0.052060 0.143834 0.115999 0.116593 0.007472 0.000000 0.000000 3.850539 0.069686 0.486060
0.349319 0.067729 0.239342 0.118480 0.142207 0.014677 0.000000 0.750000 6.466369 0.140114 0.416315
0.504973 0.098718 0.361091 0.159533 0.154949 0.018583 0.285714 0.750000 11.070413 0.264074 0.417093
0.651372 0.072002 0.344163 0.139128 0.112445 0.031476 0.000000 0.625000 11.516800 0.276093 0.486709
0.771385 0.062183 0.351632 0.119828 0.094200 0.053912 0.285714 0.375000 11.266894 0.269364 0.694427
0.913383 0.054078 0.307396 0.089205 0.045905 0.005665 0.285714 0.125000 7.014966 0.154885 0.834048
1.062180 0.046633 0.178911 0.070162 0.023693 0.006598 0.428571 0.250000 4.444678 0.085682 0.973021
1.135368 0.059138 0.114549 0.134256 0.031931 0.027487 0.428571 0.375000 3.823948 0.068970 1.111345
1.114223 0.066105 0.115323 0.142953 0.056321 0.046202 1.000000 0.375000 3.446433 0.058805 1.190956
1.126767 0.034642 0.069694 0.106581 0.003554 0.019566 0.714286 0.375000 2.779944 0.040861 1.146436
1.053761 0.041172 0.078042 0.090589 0.034230 0.021237 1.000000 0.250000 2.142118 0.023688 1.111808
1.020468 0.040657 0.080944 0.093330 0.015225 0.024239 0.285714 0.125000 2.188688 0.024942 1.083717
0.997027 0.039880 0.075783 0.091016 0.006514 0.022508 1.000000 0.750000 2.412308 0.030962 1.000334
0.934985 0.011569 0.038352 0.032026 0.010732 0.003544 1.857143 0.625000 1.804265 0.014591 1.000334
0.913383 0.014278 0.042037 0.047162 0.012145 0.012072 0.000000 0.500000 1.706464 0.011958 0.917005
0.887660 0.011431 0.040553 0.037380 0.006307 0.014613 0.000000 0.250000 1.753130 0.013215 0.833622
0.786731 0.019950 0.025152 0.083199 -0.004942 0.000736 1.000000 0.625000 1.214083 -0.001299 0.833492
0.784015 0.020602 0.026055 0.074490 -0.003013 0.004226 0.142857 0.750000 1.233345 -0.000780 0.833492
0.764908 0.007721 0.022315 0.047249 0.005044 0.006673 0.714286 0.000000 1.457466 0.005254 0.648195
0.760321 0.008049 0.027496 0.041604 0.015577 0.007445 0.571429 0.000000 1.636344 0.010070 0.648195
0.762854 0.012336 0.029761 0.064123 0.022547 0.008417 0.571429 0.000000 1.610014 0.009361 0.555176
0.759780 0.011908 0.033084 0.053791 0.021566 0.005820 0.000000 0.125000 1.621966 0.009683 0.462960
0.754152 0.013191 0.033989 0.048625 0.019041 0.000793 0.571429 1.000000 1.682294 0.011307 0.462960
0.740902 0.017932 0.035874 0.067169 0.015129 0.001307 0.714286 0.375000 1.628759 0.009866 0.462960
0.741614 0.016175 0.036367 0.050161 0.010213 0.009799 0.142857 0.375000 1.611727 0.009407 0.462960
0.737983 0.015021 0.038498 0.042012 0.014789 0.019425 0.142857 0.375000 1.739840 0.012857 0.462960
0.752914 0.014408 0.037228 0.047677 0.022422 0.021017 1.142857 0.125000 1.811689 0.014791 0.500143
0.746709 0.010037 0.038773 0.025489 0.022337 0.017957 0.285714 0.000000 1.749513 0.013117 0.500532
0.745050 0.016087 0.046608 0.051773 0.025432 0.018671 0.428571 0.000000 1.764551 0.013522 0.583527
0.743292 0.011840 0.043531 0.031953 0.037752 0.017252 0.428571 0.125000 1.829267 0.015265 0.583527
0.744711 0.015153 0.044009 0.047343 0.037958 0.008447 0.428571 0.375000 1.843521 0.015648 0.667244
0.726502 0.007332 0.045280 0.031010 0.024168 0.004187 0.428571 0.875000 1.879731 0.016623 0.667244
0.727304 -0.001864 0.037891 0.000000 0.017611 0.007113 0.428571 0.375000 2.012031 0.020185 0.750238
0.737444 0.000774 0.036990 0.002531 0.019521 0.009990 0.714286 0.375000 2.081204 0.022048 0.750238
0.745984 0.004824 0.040734 0.027962 0.022108 0.016983 0.000000 0.750000 2.092848 0.022361 0.750627
0.758143 0.006261 0.043046 0.032026 0.024202 0.025113 0.000000 0.000000 2.123696 0.023192 0.666910
0.761167 0.002428 0.038865 0.010242 0.018651 0.020439 0.142857 0.000000 2.176632 0.024617 0.583527
0.820279 -0.012276 -0.000541 -0.023435 -0.003426 -0.005062 0.428571 0.375000 1.366020 0.002792 0.583527
0.825076 -0.010317 0.000000 -0.023206 -0.000599 -0.001754 0.142857 0.250000 1.216782 -0.001226 0.500199
0.823760 -0.010190 0.000899 -0.021558 0.005453 0.011889 0.571429 0.875000 1.273633 0.000305 0.416815
0.820066 -0.012739 -0.001437 -0.031996 0.009260 0.022447 0.000000 0.000000 1.456122 0.005218 0.333431
0.838214 -0.014198 -0.005988 -0.039293 0.007835 0.019952 0.142857 0.000000 1.307325 0.001212 0.416426
0.835725 -0.008842 -0.001667 -0.009903 0.003752 0.012248 0.285714 0.000000 1.106605 -0.004192 0.416815
0.841691 -0.014660 -0.005078 -0.036278 0.001780 0.009816 0.428571 0.000000 1.036775 -0.006073 0.333431
0.832272 -0.020008 -0.011605 -0.064321 0.001937 0.011703 0.428571 0.000000 1.106644 -0.004191 0.249714
0.839224 -0.015120 -0.009909 -0.050832 0.002176 0.010143 0.000000 0.000000 1.148434 -0.003066 0.333431
0.835383 -0.017609 -0.007705 -0.054219 0.001797 0.002603 0.571429 0.125000 1.060881 -0.005424 0.333098
0.832028 -0.017561 -0.008358 -0.054771 -0.002262 -0.002690 0.428571 0.125000 0.980699 -0.007582 0.333098
0.827408 -0.023588 -0.009550 -0.065385 -0.007726 -0.000088 0.428571 0.250000 1.021137 -0.006494 0.370373
0.828736 0.011031 0.035097 0.057299 -0.007996 0.016684 0.428571 0.125000 1.572591 0.008354 0.416551
0.840219 0.026095 0.061783 0.060929 -0.008866 0.025791 0.428571 0.375000 1.797748 0.014416 0.475922
0.816261 0.043424 0.112432 0.105497 -0.003231 0.031723 1.285714 0.375000 1.952661 0.018587 0.476478
0.818030 0.048635 0.131135 0.126648 0.004510 0.031648 0.000000 0.125000 2.026296 0.020569 0.357358
0.795183 0.054400 0.138629 0.149252 0.014172 0.025263 0.000000 0.250000 2.970165 0.045982 0.476478
0.782658 0.065392 0.144648 0.174244 0.035641 0.021327 0.142857 0.375000 6.091925 0.130033 0.595518
0.740640 0.084368 0.161208 0.217081 0.094513 0.043226 0.142857 0.625000 9.764813 0.228922 0.595518
0.718455 0.091442 0.155877 0.199332 0.161650 0.044419 0.714286 0.500000 9.066995 0.210134 0.595994
0.710626 0.096362 0.161406 0.224228 0.192440 0.024295 0.714286 0.375000 6.685109 0.146004 0.476875
0.717489 0.099897 0.158673 0.245906 0.158604 0.002094 0.428571 0.375000 4.225036 0.079769 0.521614
0.711049 0.079328 0.114100 0.198826 0.086306 0.005486 0.285714 0.250000 2.996300 0.046686 0.510087
0.758769 0.050304 0.080491 0.143507 0.014525 0.009936 0.142857 0.125000 2.043848 0.021042 0.542168
0.776305 0.020075 0.031129 0.062623 -0.008975 -0.002303 0.142857 0.125000 1.464671 0.005448 0.500476
0.813176 -0.008625 -0.008755 -0.011817 -0.005588 -0.006733 0.428571 0.000000 0.995400 -0.007187 0.500476
0.825450 -0.001128 -0.006485 0.023664 -0.001962 -0.004320 0.714286 0.375000 1.039246 -0.006006 0.500087
0.844854 -0.002176 -0.006949 0.024484 -0.005011 -0.004840 0.428571 0.375000 0.989590 -0.007343 0.500476
0.851757 0.001266 -0.005432 0.035905 -0.007987 -0.005155 0.285714 0.250000 0.910888 -0.009462 0.500087
0.864978 0.002884 -0.006468 0.046192 -0.006682 -0.002370 1.714286 1.750000 0.941841 -0.008629 0.583471
0.904841 -0.023996 -0.034396 -0.048281 -0.006276 -0.005318 0.000000 0.250000 0.788331 -0.012762 0.666465
0.909121 -0.017893 -0.032178 -0.032241 -0.008222 -0.005773 0.142857 0.250000 0.733079 -0.014249 0.666465
0.912170 0.014974 0.003949 0.100911 -0.002960 -0.001136 0.857143 0.250000 0.999637 -0.007073 0.694087
0.917195 0.055073 0.044972 0.208055 -0.001006 0.002968 0.857143 0.375000 1.282625 0.000547 0.676986
0.905114 0.050041 0.049713 0.178245 0.005824 0.007065 0.714286 0.500000 1.467482 0.005524 0.729100
0.907740 0.042394 0.054038 0.140927 0.006291 0.015081 0.571429 0.500000 1.570909 0.008308 0.832844
0.884012 0.031538 0.063937 0.096413 0.001330 0.014494 0.571429 0.375000 1.427351 0.004443 0.832844
0.867789 0.031274 0.072248 0.082993 0.000000 0.005338 0.714286 0.375000 1.242274 -0.000540 0.832844
0.852494 0.026263 0.073858 0.049251 0.009380 0.000000 0.714286 0.000000 1.549532 0.007733 0.728684
0.820561 0.020521 0.084470 0.044009 0.042583 0.005025 0.428571 0.000000 2.747509 0.039987 0.728684
0.820623 0.027493 0.091772 0.043154 0.093459 0.012025 0.428571 0.500000 3.802982 0.068405 0.728684
0.795771 0.006292 0.070833 -0.003049 0.113972 0.011972 0.428571 0.375000 3.847833 0.069613 0.624454
0.814253 0.003493 0.059406 -0.012720 0.045176 0.015049 0.857143 0.500000 2.366171 0.029720 0.647825
0.820731 -0.027565 -0.003179 -0.095556 0.011304 -0.007074 0.571429 0.500000 1.293655 0.000844 0.666132
0.833041 -0.026781 -0.001325 -0.089528 0.007221 -0.007568 0.571429 0.500000 1.279308 0.000457 0.666132
0.834191 -0.021145 -0.003744 -0.072559 0.006475 -0.005374 1.285714 0.250000 1.262320 0.000000 0.666132
0.848635 -0.016666 -0.004918 -0.055121 0.002500 0.001727 0.285714 0.125000 1.210794 -0.001387 0.666521
0.900998 -0.041438 -0.035538 -0.122598 -0.009351 -0.005634 0.285714 0.125000 0.777496 -0.013053 0.666521
0.905331 -0.040546 -0.035316 -0.123736 -0.011768 -0.004104 0.285714 0.125000 0.758704 -0.013559 0.750238
0.914318 -0.040676 -0.036712 -0.121473 -0.012432 -0.005038 0.285714 0.125000 0.697660 -0.015203 0.749849
0.915441 -0.039412 -0.037077 -0.122944 -0.008965 -0.006548 0.285714 0.125000 0.723462 -0.014508 0.750238
0.921795 -0.035222 -0.038485 -0.114285 -0.003790 -0.006484 0.000000 0.250000 0.846808 -0.011187 0.833622
0.925483 -0.037919 -0.037570 -0.124376 -0.000219 -0.005386 1.142857 0.375000 0.900968 -0.009729 0.833233
0.932528 -0.043494 -0.041320 -0.148511 0.000472 -0.004055 0.571429 0.375000 0.845629 -0.011219 0.833622
0.926884 -0.044337 -0.038519 -0.148786 -0.002216 -0.003198 0.142857 0.375000 0.782341 -0.012923 0.833622
0.933514 -0.048937 -0.043967 -0.160391 -0.006824 -0.004202 0.000000 0.375000 0.718847 -0.014633 0.833622
0.958070 -0.031040 -0.025776 -0.106668 -0.008569 -0.000558 0.285714 0.250000 0.836992 -0.011452 0.833492
0.970862 -0.029984 -0.018621 -0.092728 -0.010302 0.003563 0.857143 0.250000 0.891238 -0.009991 0.926141
0.986523 0.005507 0.029448 0.027403 -0.010952 0.024309 0.857143 0.250000 1.309998 0.001284 0.937560
1.006459 0.032764 0.066182 0.096130 -0.012046 0.020090 0.000000 0.125000 1.837737 0.015493 0.952797
1.042388 0.054131 0.125130 0.146792 0.000408 0.024181 0.142857 0.250000 3.086116 0.049104 0.972465
1.149260 0.047047 0.158078 0.107756 0.012568 0.019837 0.142857 0.250000 3.671885 0.064875 1.000000
1.161517 0.061211 0.171639 0.163617 0.066324 0.045533 0.142857 0.375000 4.529073 0.087954 1.042275
1.262772 0.064689 0.172924 0.180133 0.067700 0.045528 0.000000 0.250000 3.845523 0.069550 1.250735
1.308144 0.061745 0.151223 0.178338 0.049475 0.025939 0.142857 0.375000 3.380269 0.057024 1.458082
1.333160 0.064619 0.138658 0.189277 0.024005 0.001875 0.000000 0.375000 3.127436 0.050217 1.459055
1.314637 0.056057 0.127630 0.159159 0.027867 -0.004622 0.571429 0.000000 3.419229 0.058073 1.333423
1.255858 0.059265 0.131340 0.163202 0.054544 0.000978 0.571429 0.375000 3.730544 0.066455 0.999889
1.228930 0.049902 0.132120 0.141943 0.060936 0.013197 0.571429 0.500000 3.038562 0.047824 0.832844
1.162154 0.011511 0.063242 0.048090 0.011603 0.005590 0.571429 0.625000 2.088405 0.022242 0.833122
1.145870 0.019765 0.062974 0.086578 0.008453 0.013030 0.428571 0.625000 2.177820 0.024649 0.729100
1.051702 0.028856 0.059940 0.089310 -0.004196 0.013234 0.428571 0.250000 1.745532 0.013010 0.647825
1.068518 0.020380 0.035069 0.058214 -0.002303 0.015218 0.285714 0.250000 1.454000 0.005161 0.647825
0.966757 0.012456 0.032552 0.037966 0.014948 0.010427 1.000000 0.125000 1.585279 0.008695 0.554744
0.954654 0.012724 0.029280 0.038532 0.009181 0.006708 1.428571 0.250000 1.395885 0.003596 0.462589
0.934561 0.019385 0.029004 0.054405 0.001039 0.007924 1.571429 0.250000 1.341497 0.002132 0.462589
0.935608 0.012154 0.025609 0.034424 0.005298 0.014376 0.285714 0.000000 1.545587 0.007627 0.462589
0.955423 0.008643 0.023569 0.015253 0.015633 0.015364 0.285714 0.500000 1.801173 0.014508 0.555238
0.956126 0.050123 0.087932 0.141102 0.045420 0.020976 0.285714 0.500000 2.662319 0.037694 0.555608
0.982286 0.074764 0.104249 0.180368 0.033545 0.027889 0.285714 1.125000 2.906095 0.044257 0.555608
0.984528 0.076702 0.104313 0.186725 0.016685 0.012675 0.142857 1.125000 2.362662 0.029626 0.740411
0.997063 0.096382 0.119412 0.246925 0.017229 0.012116 0.285714 0.500000 2.553477 0.034763 0.926079
1.041820 0.128081 0.141819 0.272738 0.016537 0.026825 0.285714 0.125000 3.428807 0.058331 0.916561
1.061965 0.112501 0.124492 0.243487 0.020836 0.039787 0.285714 0.125000 3.728714 0.066405 0.916950
1.070163 0.123624 0.131384 0.271289 0.023440 0.056720 0.428571 1.250000 4.038939 0.074758 0.916950
1.069561 0.134602 0.135701 0.312440 0.020981 0.061002 0.571429 1.375000 3.693077 0.065446 0.833233
1.057926 0.178422 0.174992 0.383161 0.019322 0.057850 1.142857 0.500000 3.258472 0.053745 0.750238
1.015950 0.189729 0.193695 0.420282 0.019920 0.043507 0.142857 0.625000 3.163457 0.051186 0.750238
1.021025 0.185951 0.184278 0.408141 0.014843 0.043746 0.142857 0.625000 2.846478 0.042652 0.749905
0.999982 0.180818 0.184026 0.430720 0.015140 0.048465 0.714286 0.000000 2.561268 0.034973 0.749905
1.015898 0.209926 0.203897 0.476906 0.025988 0.095265 0.571429 0.625000 3.563396 0.061954 0.583582
1.005287 0.214052 0.206346 0.483536 0.053697 0.124307 0.714286 0.750000 5.473958 0.113395 0.499809
0.984194 0.223238 0.218061 0.477200 0.063823 0.129270 0.000000 0.375000 6.729602 0.147202 0.416815
0.953313 0.245099 0.238479 0.526458 0.048902 0.102996 0.142857 0.375000 6.446808 0.139588 0.416815
0.937927 0.256622 0.250302 0.559567 0.037810 0.085334 0.000000 0.250000 5.503377 0.114187 0.416815
0.901126 0.280496 0.278844 0.585767 0.050868 0.119735 0.714286 0.125000 6.201655 0.132987 0.416815
0.850495 0.239370 0.246953 0.562495 0.069430 0.154899 0.142857 0.875000 6.220621 0.133498 0.500199
0.861235 0.248986 0.256549 0.564776 0.092453 0.128182 0.285714 1.000000 5.881205 0.124359 0.500199
0.844629 0.259999 0.265478 0.589121 0.126887 0.093975 0.428571 0.500000 5.910099 0.125137 0.583916
0.887723 0.282186 0.288292 0.564297 0.125713 0.106873 0.571429 0.500000 6.746884 0.147667 0.500532
0.888021 0.275324 0.287335 0.545496 0.087564 0.137608 0.428571 0.875000 7.091746 0.156952 0.583527
0.863983 0.286816 0.287719 0.560416 0.059722 0.140520 1.285714 0.875000 6.639234 0.144769 0.583916
0.877553 0.277776 0.272070 0.592159 0.047148 0.114439 0.571429 0.125000 5.747171 0.120751 0.667299
0.894141 0.286692 0.276808 0.605084 0.045725 0.135353 0.714286 0.250000 5.960268 0.126488 0.648689
0.865892 0.296200 0.290549 0.601410 0.097109 0.169269 0.714286 0.375000 8.027995 0.182160 0.556041
0.894299 0.294818 0.274406 0.599695 0.067364 0.150652 0.142857 0.250000 6.785035 0.148694 0.649060
0.910963 0.308639 0.292506 0.595256 0.099119 0.130083 0.142857 0.250000 6.005120 0.127696 0.648628
0.920922 0.292869 0.287643 0.572692 0.102860 0.123803 0.285714 0.250000 5.256948 0.107552 0.555979
0.885723 0.294993 0.297454 0.594812 0.078772 0.143579 0.285714 0.375000 5.115888 0.103754 0.555979
0.860519 0.264278 0.276472 0.576246 0.051626 0.166335 0.285714 0.375000 5.085568 0.102938 0.648628
0.907243 0.284397 0.305979 0.567825 0.061495 0.135889 0.285714 0.375000 5.521121 0.114664 0.648628
0.881381 0.309419 0.328210 0.587946 0.109391 0.132177 0.142857 0.500000 6.753733 0.147851 0.555979
0.883245 0.319117 0.341080 0.576591 0.122510 0.134290 0.000000 0.000000 7.673419 0.172613 0.463331
0.896487 0.299929 0.330154 0.566288 0.103306 0.144448 0.857143 0.250000 7.752306 0.174737 0.417093
0.875105 0.305855 0.337710 0.582516 0.087702 0.198581 0.714286 0.250000 7.465035 0.167003 0.583860
0.913772 0.291842 0.331162 0.540472 0.080920 0.259019 0.571429 0.625000 7.958716 0.180295 0.500476
1.001892 0.554912 0.523619 0.857550 0.083246 0.391253 0.285714 0.375000 10.817117 0.257255 0.463392
1.000581 0.537071 0.510036 0.830135 0.090276 0.384840 0.285714 0.375000 10.908035 0.259702 0.417148
0.950100 0.525370 0.513225 0.836378 0.135927 0.328360 0.142857 0.375000 11.134355 0.265796 0.417148
0.890422 0.515889 0.520846 0.832599 0.211806 0.357064 0.142857 0.125000 12.942372 0.314475 0.333820
0.884930 0.521414 0.523782 0.836614 0.255168 0.405250 0.285714 0.500000 14.523952 0.357058 0.417204
0.830190 0.550193 0.547850 0.844454 0.314568 0.484269 0.285714 0.375000 17.016196 0.424159 0.417204
0.847803 0.520793 0.523990 0.820209 0.251047 0.359893 0.428571 0.875000 14.834773 0.365426 0.417204
0.861794 0.460725 0.439071 0.813157 0.218271 0.282240 0.428571 0.000000 10.725997 0.254801 0.500199
0.853518 0.457995 0.431110 0.775366 0.213910 0.314812 0.428571 0.000000 11.381351 0.272446 0.500199
0.861335 0.447907 0.424614 0.790813 0.259175 0.315937 0.428571 0.875000 12.025475 0.289789 0.556041
0.858520 0.447702 0.424369 0.791067 0.291603 0.296943 0.571429 0.250000 11.351735 0.271649 0.625427
0.780452 0.497975 0.473710 0.806943 0.370167 0.338803 0.857143 0.375000 14.332918 0.351914 0.729656
0.793317 0.518817 0.498039 0.798056 0.291285 0.296948 1.000000 0.000000 12.803825 0.310745 0.729656
0.796181 0.514718 0.487826 0.784029 0.137177 0.263613 0.428571 0.125000 9.594510 0.224337 0.833816
0.791219 0.479578 0.456125 0.750295 0.060428 0.246949 0.428571 0.250000 8.514884 0.195269 0.833816
0.775102 0.464911 0.432928 0.736675 0.107429 0.218081 0.285714 0.375000 9.699614 0.227167 0.833816
0.769525 0.469155 0.432106 0.735671 0.196737 0.211663 1.428571 0.375000 11.882748 0.285946 0.833330
0.747003 0.443284 0.411692 0.694345 0.277943 0.264749 0.000000 0.500000 13.819738 0.338097 0.833816
0.691415 0.454591 0.450436 0.719568 0.359106 0.362747 0.000000 0.500000 16.436299 0.408546 0.833816
0.718314 0.435043 0.421391 0.720053 0.265563 0.232121 0.000000 0.500000 11.471716 0.274879 0.833492
0.683910 0.452950 0.441323 0.751576 0.217504 0.202753 1.142857 0.500000 10.471678 0.247954 0.833622
0.714636 0.389883 0.375743 0.736404 0.121844 0.208261 0.285714 0.500000 7.482713 0.167479 0.833233
0.747682 0.388135 0.375971 0.726362 0.088772 0.167978 0.571429 0.500000 6.545922 0.142256 0.833233
0.727421 0.362461 0.357524 0.725864 0.058939 0.178085 0.000000 0.375000 6.197007 0.132862 0.833233
0.738601 0.420070 0.398672 0.765946 0.122509 0.234211 0.142857 0.125000 9.273637 0.215698 0.833233
0.754821 0.416837 0.406909 0.756152 0.187554 0.297708 0.142857 0.125000 11.738895 0.282073 0.833233
0.765127 0.420714 0.414592 0.781932 0.192566 0.331326 0.000000 0.000000 11.740058 0.282104 0.833233
0.782590 0.435569 0.428229 0.802743 0.168445 0.300777 0.857143 0.125000 10.664307 0.253140 0.833233
0.792330 0.421764 0.421122 0.789790 0.179308 0.260314 1.000000 0.000000 10.452420 0.247435 0.833233
0.803642 0.431860 0.417843 0.788238 0.217219 0.257493 0.285714 0.000000 10.784843 0.256386 0.833622
0.799783 0.455673 0.439392 0.762651 0.234242 0.265505 0.571429 0.875000 10.854865 0.258271 0.833233
0.807051 0.457148 0.433548 0.781932 0.249615 0.234711 0.000000 0.500000 10.154219 0.239407 0.833622
0.814019 0.485762 0.449754 0.794684 0.206924 0.260376 0.285714 0.625000 10.007406 0.235454 0.833622
0.808404 0.495439 0.448726 0.794837 0.167358 0.281342 0.285714 0.250000 9.824197 0.230521 0.834011
0.805224 0.507302 0.461430 0.802743 0.231920 0.266433 0.428571 0.250000 10.591285 0.251174 0.750627
0.809468 0.505327 0.452459 0.813006 0.339798 0.261200 0.428571 0.375000 12.039162 0.290157 0.750238
0.796382 0.529710 0.474350 0.834594 0.313175 0.334989 0.571429 0.500000 12.902690 0.313407 0.750627
0.778024 0.552563 0.493624 0.825188 0.233421 0.370523 0.571429 0.500000 12.369358 0.299047 0.750627
0.834275 0.592710 0.523566 0.820897 0.234799 0.365049 0.571429 0.625000 12.353765 0.298627 0.750627
0.830850 0.598220 0.524140 0.817528 0.296717 0.339425 0.000000 0.125000 13.132480 0.319594 0.750627
0.865973 0.529330 0.465688 0.807826 0.224538 0.283455 0.000000 0.000000 10.629002 0.252190 0.751016
0.869549 0.539418 0.484052 0.777096 0.160533 0.371774 0.428571 0.000000 11.813590 0.284084 0.750627
0.892949 0.534482 0.483948 0.773867 0.083325 0.484170 0.428571 0.625000 13.158984 0.320307 0.750627
0.901992 0.536192 0.478604 0.769016 0.073973 0.491439 1.000000 0.750000 13.516053 0.329921 0.750627
0.960354 0.486978 0.431469 0.756366 0.111025 0.348404 1.000000 0.875000 10.211483 0.240948 0.833622
0.958582 0.484047 0.435290 0.759680 0.112324 0.219184 0.000000 0.875000 8.157939 0.185659 0.834011
0.981829 0.452020 0.404111 0.747087 0.111226 0.187315 0.714286 0.375000 7.995100 0.181274 0.834011
0.996518 0.449024 0.403405 0.753727 0.092498 0.234156 0.714286 0.125000 8.102360 0.184162 0.833622
0.974717 0.463124 0.417609 0.780271 0.066004 0.330063 0.857143 1.000000 8.720820 0.200814 0.833622
0.977091 0.410553 0.381865 0.732417 0.107896 0.331265 0.000000 1.000000 9.962377 0.234241 0.833622
0.993453 0.426107 0.389909 0.747087 0.139191 0.256625 0.000000 0.250000 9.164812 0.212768 0.833233
0.980043 0.428762 0.388182 0.767785 0.143868 0.223044 0.000000 0.125000 8.498880 0.194838 0.833622
0.978550 0.421201 0.377704 0.772471 0.123109 0.253232 0.000000 0.250000 8.722488 0.200858 0.833233
1.038820 0.457408 0.405512 0.781963 0.118829 0.355184 0.714286 0.375000 10.039261 0.236311 0.833060
1.110622 0.468192 0.461564 0.755016 0.122906 0.380603 0.571429 0.375000 10.645635 0.252638 0.833330
1.149876 0.470747 0.471600 0.742681 0.131371 0.334663 0.571429 0.375000 11.201134 0.267594 0.833122
1.240929 0.470570 0.493535 0.752441 0.069752 0.271024 0.571429 0.500000 10.091547 0.237719 0.832844
1.293922 0.400821 0.442934 0.656192 0.078441 0.252818 0.000000 0.375000 10.492258 0.248508 0.833233
1.319144 0.373235 0.417800 0.592379 0.115107 0.224558 0.714286 0.125000 18.514658 0.464504 1.000000
1.330308 0.315660 0.379483 0.542334 0.158075 0.160082 0.714286 0.000000 26.724162 0.685538 1.041303
1.345410 0.251359 0.350350 0.459604 0.181268 0.134177 0.142857 0.000000 25.313767 0.647564 1.041303
1.339070 0.170516 0.265338 0.357986 0.130328 0.076529 0.142857 0.000000 9.784551 0.229454 1.041303
1.274973 0.108655 0.205604 0.217734 0.102769 0.070409 1.000000 0.125000 6.177215 0.132329 1.042275
1.223749 0.105478 0.216453 0.192065 0.076217 0.047722 1.000000 0.125000 4.744881 0.093765 0.833344
1.111471 0.080026 0.130682 0.204949 0.044310 0.014087 1.000000 0.125000 2.738329 0.039740 0.833585
1.065006 0.072073 0.098481 0.183320 0.033800 0.011895 1.000000 0.250000 2.492510 0.033122 0.833201
1.000000 0.060837 0.068449 0.157295 0.001911 0.008423 0.285714 0.250000 1.709221 0.012032 0.833400
0.974679 0.050952 0.056723 0.136871 -0.000415 0.008571 0.857143 0.125000 1.717741 0.012262 0.833122
0.914953 0.035214 0.034933 0.123312 -0.003218 0.007392 0.857143 0.625000 1.474934 0.005724 0.740473
0.901946 0.025550 0.024958 0.095321 -0.003443 0.013162 0.142857 0.750000 1.472700 0.005664 0.749905
0.879787 0.029901 0.027575 0.123914 -0.002657 0.011647 0.142857 0.750000 1.437142 0.004707 0.750294
0.833668 -0.003856 -0.002381 0.002151 -0.001641 -0.002192 1.571429 0.625000 0.979910 -0.007604 0.749905
0.819846 -0.003520 -0.005280 0.009690 -0.004664 -0.001149 1.285714 0.625000 0.877973 -0.010348 0.749905
0.817339 -0.003306 -0.005770 0.010242 -0.009261 0.003854 0.142857 0.000000 0.854048 -0.010992 0.750238
0.804209 0.003188 -0.004091 0.025277 -0.008065 0.008071 0.714286 0.125000 1.012722 -0.006720 0.708185
0.799945 0.000220 -0.005921 0.013638 -0.000096 0.006243 0.714286 0.000000 1.210391 -0.001398 0.708574
0.770140 0.018083 0.014454 0.077193 0.002722 0.009164 0.428571 0.125000 1.448685 0.005018 0.708185
0.754473 0.022251 0.020280 0.089577 0.010217 0.009703 0.428571 0.000000 1.430214 0.004520 0.708185
0.744612 0.024852 0.026265 0.097453 0.009479 0.005961 0.428571 1.375000 1.270497 0.000220 0.624801
0.682771 -0.012316 -0.012849 -0.025363 0.002964 -0.002890 0.142857 0.000000 0.847921 -0.011157 0.624412
0.683878 -0.012550 -0.013226 -0.028171 0.007024 -0.005601 0.142857 0.000000 0.903722 -0.009655 0.624412
0.688421 -0.005491 -0.009680 -0.015563 0.009611 -0.008151 0.285714 0.000000 0.949601 -0.008420 0.624412
0.687431 0.002539 -0.005708 0.010004 0.007005 -0.007308 0.142857 0.750000 0.973745 -0.007770 0.541029
0.712668 0.026317 0.018169 0.092153 0.010373 0.003212 0.142857 0.000000 1.521900 0.006989 0.601037
0.700901 0.059952 0.059857 0.176381 0.019937 0.006683 0.285714 0.000000 2.244376 0.026441 0.624385
0.668781 0.082753 0.081093 0.233337 0.004509 0.012303 0.285714 0.125000 2.111613 0.022866 0.594327
0.660877 0.090073 0.083818 0.248229 0.001694 0.006048 0.000000 0.125000 1.560349 0.008024 0.475763
0.595940 0.213349 0.214879 0.415322 0.000020 0.008347 0.571429 0.375000 2.143063 0.023713 0.357200
0.627850 0.122930 0.133018 0.308209 0.002875 0.012343 0.857143 0.250000 2.716218 0.039145 0.356723
0.566082 0.229853 0.242800 0.459128 0.062150 0.047924 0.142857 0.125000 4.348806 0.083101 0.277694
0.451957 0.259293 0.321479 0.529313 0.265270 0.123254 0.142857 0.125000 8.679598 0.199704 0.138721
0.389880 0.248052 0.268249 0.523558 0.090870 0.125736 1.000000 0.125000 5.657495 0.118336 0.139370
0.278502 0.613340 0.655165 0.714855 0.290323 0.440605 0.000000 0.125000 18.190319 0.455772 0.167053
0.306045 0.269960 0.278113 0.543788 0.075132 0.115540 0.428571 0.000000 4.882227 0.097463 0.277694
0.256564 0.257544 0.261668 0.534835 0.103957 0.088207 0.571429 0.000000 5.741329 0.120593 0.238160
0.235098 0.218781 0.235621 0.498219 0.107622 0.063954 0.571429 0.000000 5.243435 0.107188 0.238160
0.193945 0.243481 0.257591 0.520893 0.106864 0.067828 0.142857 1.125000 4.786296 0.094880 0.238160
0.170050 0.233628 0.237954 0.478631 0.116306 0.067802 1.142857 0.125000 5.575740 0.116135 0.237683
0.135102 0.254356 0.245655 0.499955 0.127074 0.068370 1.142857 0.750000 7.242711 0.161017 0.238160
0.129436 0.263952 0.239237 0.529402 0.115833 0.075863 0.142857 0.625000 4.791930 0.095032 0.208509
0.116111 0.285979 0.253611 0.597406 0.085491 0.098091 0.000000 0.625000 4.906147 0.098107 0.238160
0.110695 0.285603 0.254985 0.590053 0.079485 0.097110 0.000000 0.000000 5.176653 0.105390 0.138721
0.090165 0.273550 0.237874 0.562495 0.038941 0.085313 0.000000 0.250000 3.784886 0.067918 0.138721
0.083785 0.263431 0.229972 0.563130 0.044396 0.112392 0.000000 0.125000 4.728028 0.093311 -0.000159
0.087110 0.306865 0.272014 0.607541 0.073325 0.145008 0.714286 1.000000 6.357158 0.137174 -0.000381
0.078372 0.290652 0.257450 0.578770 0.061403 0.116418 0.142857 0.375000 5.808119 0.122392 -0.000381
0.080001 0.304897 0.270156 0.608071 0.067454 0.083121 0.285714 0.000000 5.468467 0.113247 -0.000715
0.043817 0.330870 0.289892 0.657736 0.095719 0.074716 0.714286 0.375000 7.691604 0.173103 -0.000715
0.057157 0.330879 0.296037 0.646767 0.107576 0.107619 0.714286 0.375000 9.758887 0.228763 -0.001271
-0.015588 0.324837 0.300989 0.679343 0.127468 0.146961 0.571429 0.375000 8.984711 0.207919 -0.001271
0.027598 0.266443 0.266742 0.557665 0.105262 0.106581 0.000000 0.500000 5.840188 0.123255 -0.000715
0.023362 0.365003 0.331837 0.674985 0.160128 0.070643 0.571429 0.500000 6.669892 0.145594 -0.000381
0.031144 0.357332 0.321309 0.662815 0.236567 0.094789 0.714286 0.500000 10.104848 0.238077 -0.000715
0.030691 0.362609 0.326389 0.687190 0.310765 0.176752 0.857143 0.750000 13.807126 0.337758 -0.000381
0.023970 0.384302 0.337764 0.720676 0.085361 0.308282 0.285714 0.250000 8.755756 0.201754 -0.000381
0.003834 0.384697 0.356033 0.744073 0.095175 0.264458 0.857143 0.625000 7.916080 0.179147 -0.000381
0.016078 0.394144 0.388744 0.717933 0.144511 0.186917 0.000000 0.625000 7.511841 0.168263 -0.000159
0.035301 0.404288 0.398037 0.688625 0.124404 0.156109 0.857143 0.875000 6.780983 0.148585 0.069281
0.038092 0.387367 0.393515 0.688625 0.110275 0.138209 0.142857 0.750000 7.538858 0.168990 0.059520
0.050100 0.383063 0.401777 0.669472 0.182352 0.121344 0.142857 0.750000 12.541794 0.303690 0.059520
0.036689 0.411655 0.420741 0.702941 0.236685 0.121530 1.000000 0.500000 16.275599 0.404219 0.059044
0.023050 0.398141 0.418678 0.685138 0.212810 0.169156 1.000000 0.375000 15.580648 0.385508 0.068725
0.039023 0.432821 0.464162 0.694632 0.175897 0.264190 0.857143 1.125000 13.249778 0.322752 0.082947
0.042597 0.432288 0.458134 0.653079 0.276739 0.324431 0.714286 0.250000 11.597772 0.278273 0.068725
0.012527 0.418073 0.428766 0.615491 0.256288 0.271319 0.285714 0.250000 10.331323 0.244175 0.059044
0.056836 0.405890 0.421439 0.595781 0.237071 0.237127 0.285714 0.750000 9.756084 0.228687 0.059044
0.073709 0.410367 0.405601 0.637922 0.166122 0.233921 0.428571 0.250000 10.642612 0.252556 0.058567
0.061865 0.403996 0.391114 0.664858 0.124667 0.238303 0.571429 0.250000 12.254637 0.295958 -0.000476
0.056920 0.417424 0.393116 0.651138 0.109618 0.220522 0.428571 0.750000 12.130513 0.292617 0.118643
0.048298 0.403787 0.377814 0.643116 0.091461 0.148941 0.428571 0.625000 9.768887 0.229032 0.237207
0.048245 0.401124 0.364640 0.663513 0.109419 0.126486 0.571429 0.250000 8.167374 0.185913 0.237683
0.050222 0.396472 0.353935 0.640576 0.124624 0.125600 0.571429 0.250000 7.524770 0.168611 0.207675
0.096585 0.310041 0.293237 0.609832 0.163408 0.110186 0.428571 0.375000 7.028172 0.155241 0.207675
0.095532 0.327451 0.309724 0.670309 0.174034 0.115290 0.000000 0.375000 6.727250 0.147138 0.312321
0.107814 0.293662 0.294554 0.647674 0.201707 0.109890 0.428571 0.250000 7.285031 0.162156 0.312321
0.077861 0.308705 0.292301 0.664333 0.182005 0.117734 0.428571 0.000000 6.824397 0.149754 0.277725
0.076833 0.301758 0.288293 0.643116 0.162327 0.106426 0.000000 0.750000 6.303173 0.135721 0.277725
0.075408 0.294311 0.289087 0.621055 0.173254 0.085415 0.000000 0.000000 6.892134 0.151578 0.277725
0.073371 0.315114 0.297354 0.648519 0.210483 0.086954 0.000000 0.125000 7.653920 0.172088 0.277725
0.060943 0.313209 0.278306 0.642416 0.221616 0.081912 0.000000 0.125000 6.926055 0.152491 0.185509
0.062343 0.296618 0.271468 0.619505 0.220541 0.086019 0.142857 0.125000 6.674177 0.145710 0.278157
0.049885 0.312647 0.274732 0.639037 0.150751 0.101570 0.000000 0.250000 6.021944 0.128149 0.371176
0.038158 0.306552 0.270676 0.596927 0.106778 0.115987 0.285714 0.250000 5.513572 0.114461 0.333820
0.024077 0.336183 0.289460 0.623326 0.131602 0.156514 0.857143 0.250000 7.148061 0.158468 0.333820
0.025951 0.338326 0.287680 0.619060 0.154520 0.190580 0.571429 0.125000 8.112728 0.184441 0.417204
0.039957 0.359496 0.321333 0.635514 0.179115 0.213950 0.428571 0.125000 8.746679 0.201510 0.463454
-0.032002 0.417818 0.344763 0.686341 0.114240 0.287700 0.142857 0.250000 7.888292 0.178398 0.463825
0.010369 0.467816 0.395797 0.744263 0.043433 0.269168 0.571429 0.625000 7.560640 0.169577 0.556473
0.007792 0.480130 0.390026 0.776118 0.086366 0.169329 0.571429 0.875000 7.061998 0.156151 0.463825
-0.000594 0.501805 0.425891 0.822590 0.131064 0.157442 0.857143 0.000000 8.383581 0.191734 0.521684
0.089705 0.532738 0.490036 0.835090 0.166640 0.233358 0.428571 0.125000 10.495680 0.248600 0.476954
0.139991 0.515196 0.514666 0.827451 0.158868 0.251911 0.571429 0.125000 12.967181 0.315143 0.417315
0.176018 0.537205 0.544285 0.853156 0.225980 0.218722 1.142857 0.000000 15.117960 0.373051 0.417871
0.146582 0.488456 0.517444 0.756783 0.373185 0.147345 0.000000 0.000000 16.813936 0.418714 0.417871
0.141139 0.521043 0.535456 0.742681 0.405645 0.118987 0.000000 0.875000 18.536678 0.465097 0.417223
0.146625 0.489762 0.523123 0.718721 0.325200 0.124280 0.714286 0.000000 17.885736 0.447571 0.476875
0.162714 0.489584 0.516426 0.701100 0.276287 0.125450 0.000000 0.000000 15.772924 0.390685 0.595994
0.132183 0.484661 0.507554 0.727535 0.393534 0.227545 0.142857 0.875000 14.760914 0.363438 0.476875
0.087406 0.485117 0.473017 0.718176 0.518822 0.201780 0.000000 0.375000 13.357222 0.325645 0.476875
0.084412 0.418611 0.396664 0.697344 0.341409 0.113312 0.000000 0.125000 9.015824 0.208756 0.469048
-0.001729 0.453716 0.417232 0.774254 0.288203 0.116810 1.142857 0.125000 9.198654 0.213679 0.417037
-0.005505 0.382282 0.339343 0.703722 0.176903 0.124679 0.857143 0.500000 7.484525 0.167527 0.375429
0.033790 0.438380 0.384857 0.756195 0.202018 0.210008 0.000000 0.375000 8.742647 0.201401 0.417037
0.016450 0.527489 0.468509 0.864595 0.139259 0.295564 0.428571 0.250000 9.654001 0.225939 0.364818
0.019386 0.513569 0.457702 0.839178 0.094059 0.305713 0.571429 0.250000 9.390247 0.218837 0.261075
0.008715 0.501008 0.453172 0.804954 0.097017 0.328057 0.428571 0.125000 9.220512 0.214267 0.260589
0.035310 0.450224 0.397842 0.774633 0.082342 0.253112 0.428571 0.125000 7.675363 0.172666 0.156359
0.032946 0.433418 0.400031 0.752272 0.150290 0.257832 0.571429 0.250000 10.035074 0.236199 0.156359
0.021740 0.365346 0.350354 0.724289 0.248560 0.186603 1.428571 0.250000 10.025351 0.235937 0.156359
0.023700 0.362897 0.364544 0.712650 0.315276 0.145501 0.571429 0.375000 11.515589 0.276060 0.104279
0.033020 0.357452 0.373001 0.696587 0.274647 0.104120 0.142857 0.375000 8.524191 0.195520 0.208509
-0.001705 0.404286 0.405649 0.755252 0.248961 0.157855 0.000000 0.250000 8.257363 0.188335 0.208509
-0.009588 0.359539 0.362070 0.716384 0.156145 0.242318 0.000000 0.000000 8.613884 0.197934 0.185447
-0.033001 0.333122 0.341448 0.674335 0.121410 0.226876 0.857143 0.000000 7.979010 0.180841 0.166664
-0.032309 0.284307 0.297683 0.636220 0.151119 0.144800 0.285714 0.625000 6.744913 0.147614 0.166664
-0.018782 0.300889 0.301847 0.652588 0.241540 0.111667 0.285714 0.375000 7.337463 0.163568 0.083670
-0.022461 0.280672 0.289200 0.623632 0.362432 0.129637 0.428571 0.500000 9.537184 0.222793 0.083670
-0.047414 0.364422 0.337031 0.668536 0.330949 0.167316 0.142857 0.375000 9.500198 0.221798 0.083336
-0.048600 0.353028 0.326693 0.654529 0.218018 0.165501 0.000000 0.375000 8.160443 0.185726 0.166720
-0.020272 0.418137 0.370969 0.697531 0.135107 0.155856 0.428571 0.500000 6.831699 0.149951 0.208745
-0.069066 0.413604 0.364651 0.701100 0.135407 0.215298 1.000000 0.375000 8.167436 0.185914 0.125028
-0.032492 0.389363 0.346147 0.696230 0.112950 0.172930 1.142857 0.375000 7.037028 0.155479 0.138814
-0.038728 0.406018 0.365229 0.744319 0.135579 0.224729 0.000000 1.000000 7.745816 0.174562 0.045857
-0.043055 0.419518 0.372209 0.801915 0.154251 0.270415 0.000000 1.000000 8.034198 0.182327 0.138876
-0.047786 0.451421 0.411664 0.858983 0.146246 0.321408 0.000000 0.375000 9.577482 0.223878 0.138876
-0.039999 0.435489 0.402271 0.854107 0.145914 0.234871 0.142857 0.375000 8.938812 0.206683 0.184798
-0.062484 0.459929 0.422502 0.856637 0.163185 0.163446 0.571429 0.375000 9.347745 0.217693 0.184798
-0.046414 0.462817 0.430118 0.864099 0.230361 0.163641 0.571429 0.500000 11.479224 0.275081 0.185169
-0.096384 0.447079 0.421665 0.860850 0.228239 0.198199 0.714286 0.375000 11.560304 0.277264 0.092150
-0.083425 0.436933 0.408300 0.842280 0.164414 0.204038 0.571429 0.375000 8.834674 0.203879 0.138474
-0.031958 0.404583 0.385596 0.780713 0.183897 0.184678 0.000000 0.500000 7.829280 0.176810 0.138845
-0.046566 0.376677 0.363160 0.770678 0.216405 0.180463 0.142857 0.500000 8.178679 0.186217 0.125056
-0.064409 0.426032 0.397746 0.809529 0.267999 0.286658 0.000000 0.375000 12.343346 0.298347 0.208717
-0.039948 0.402794 0.366630 0.760912 0.230403 0.266074 0.000000 0.375000 9.371848 0.218342 0.208717
-0.026476 0.403953 0.366692 0.729640 0.238975 0.242229 0.714286 0.500000 9.264041 0.215439 0.208717
0.033917 0.364904 0.350364 0.713427 0.205196 0.198702 0.571429 0.875000 8.662799 0.199251 0.250381
0.066288 0.354650 0.349805 0.719921 0.193274 0.148684 0.000000 0.875000 7.451847 0.166648 0.250381
0.105590 0.321418 0.315543 0.689237 0.172567 0.111208 0.000000 0.625000 6.146733 0.131509 0.166998
0.117957 0.311921 0.300458 0.709323 0.139132 0.173325 0.000000 0.500000 6.629822 0.144515 0.250715
0.137449 0.311027 0.298580 0.719144 0.095493 0.209464 0.000000 0.000000 7.129478 0.157968 0.250715
0.142662 0.320263 0.301866 0.744706 0.073088 0.167433 0.000000 0.250000 6.768432 0.148247 0.250381
0.126600 0.311448 0.303456 0.694632 0.074067 0.126041 1.857143 0.375000 6.663939 0.145434 0.166998
0.116064 0.284573 0.268059 0.618889 0.074352 0.134708 0.714286 0.500000 5.408581 0.111634 0.249992
0.120470 0.276584 0.261441 0.606722 0.076097 0.175681 0.571429 1.250000 6.018675 0.128061 0.249992
0.110539 0.281701 0.257558 0.606848 0.070741 0.165545 0.571429 1.125000 6.276952 0.135015 0.333376
0.115961 0.286510 0.271618 0.624394 0.080573 0.147621 0.714286 0.250000 6.996796 0.154396 0.278095
0.066634 0.311374 0.292598 0.652588 0.149273 0.184954 0.571429 0.625000 8.255945 0.188297 0.185138
0.052631 0.359529 0.325908 0.698317 0.141909 0.218588 0.571429 1.000000 9.200014 0.213715 0.277787
0.028750 0.396621 0.363209 0.677814 0.110083 0.208397 0.571429 0.000000 7.584544 0.170220 0.277787
0.056688 0.435982 0.384412 0.690976 0.093877 0.149899 0.285714 0.375000 5.658464 0.118362 0.277354
0.029262 0.458951 0.403574 0.688625 0.073895 0.076221 0.285714 0.375000 5.002200 0.100693 0.277725
0.034365 0.518343 0.466191 0.748326 0.098137 0.118815 0.857143 0.500000 8.727380 0.200990 0.463022
0.032406 0.529643 0.476822 0.768251 0.119912 0.224455 0.000000 0.500000 11.189345 0.267276 0.463454
0.069222 0.578780 0.522518 0.835477 0.119758 0.397881 0.285714 0.125000 13.631888 0.333040 0.277848
0.115282 0.622716 0.589010 0.872229 0.204419 0.479864 0.428571 0.500000 17.629009 0.440659 0.208231
0.103028 0.623249 0.594477 0.860422 0.294543 0.408694 0.428571 0.375000 18.011697 0.450962 0.231524
0.124135 0.641929 0.604861 0.880437 0.390067 0.333389 0.428571 0.750000 17.301909 0.431852 0.416698
0.122313 0.611064 0.580173 0.851661 0.401223 0.298144 0.571429 0.625000 16.234166 0.403104 0.416698
0.153541 0.590050 0.552198 0.834776 0.327826 0.347935 0.571429 0.000000 15.945358 0.395328 0.364436
0.131298 0.587204 0.539503 0.824774 0.268746 0.408658 0.428571 0.125000 16.322175 0.405473 0.297799
0.169555 0.575903 0.546255 0.804264 0.250004 0.457725 0.428571 0.125000 17.261729 0.430770 0.347273
0.146914 0.561007 0.528099 0.785025 0.242491 0.520990 0.428571 1.125000 18.596446 0.466706 0.277184
0.133572 0.550992 0.530914 0.768380 0.195067 0.465524 0.285714 1.250000 15.377824 0.380048 0.277184
0.102469 0.591379 0.568602 0.801651 0.141609 0.315836 0.285714 0.500000 10.866559 0.258586 0.555593
0.103842 0.586131 0.551338 0.806859 0.150670 0.238967 0.428571 0.625000 11.251330 0.268945 0.595478
0.149755 0.561797 0.531108 0.802461 0.240380 0.229456 0.428571 0.500000 15.221824 0.375847 0.655038
0.123298 0.578599 0.543015 0.840537 0.330583 0.221093 0.285714 0.500000 17.347236 0.433072 0.625728
0.090777 0.643445 0.583579 0.869375 0.357484 0.315244 0.000000 0.625000 18.555263 0.465597 0.625728
0.087151 0.629931 0.581216 0.846635 0.425537 0.317364 0.000000 0.125000 17.540983 0.438289 0.536474
0.077359 0.636646 0.591671 0.859906 0.513950 0.313076 0.857143 0.125000 18.889939 0.474608 0.677437
0.041603 0.618301 0.548930 0.846635 0.501112 0.300310 0.714286 0.500000 17.253530 0.430549 0.787569
0.103659 0.576935 0.539439 0.861522 0.363741 0.294756 0.571429 0.000000 14.805159 0.364629 0.926944
0.159611 0.609432 0.558427 0.884934 0.280801 0.383458 0.571429 0.875000 16.562530 0.411945 0.833925
0.236808 0.519407 0.495972 0.807714 0.241405 0.303373 0.714286 1.375000 11.888756 0.286107 0.741276
0.251210 0.502633 0.501394 0.765135 0.239699 0.244847 0.142857 0.375000 11.432078 0.273812 0.648257
0.230875 0.504317 0.487769 0.769306 0.214806 0.339982 0.428571 0.375000 12.882144 0.312854 0.648257
0.240345 0.488375 0.466536 0.754868 0.135134 0.437931 0.571429 0.000000 13.570578 0.331389 0.583527
0.263121 0.501790 0.473346 0.814091 0.137062 0.431896 0.571429 0.000000 13.485073 0.329087 0.583193
0.298578 0.543663 0.499319 0.857200 0.186806 0.402749 0.571429 0.000000 12.710039 0.308220 0.624885
0.292007 0.538264 0.491442 0.837077 0.209998 0.327093 0.571429 0.750000 12.345021 0.298392 0.541946
0.265672 0.555693 0.529435 0.870450 0.123855 0.330101 0.428571 0.375000 11.182118 0.267082 0.291795
0.236659 0.576504 0.558104 0.873553 0.068061 0.411853 0.285714 0.750000 10.960590 0.261117 0.208411
0.240559 0.583492 0.565552 0.876874 0.066757 0.459535 0.142857 0.875000 11.598914 0.278304 0.231833
0.181400 0.640927 0.620593 0.933467 0.191750 0.465215 0.000000 0.500000 14.320259 0.351574 0.260693
0.217767 0.569438 0.589471 0.893077 0.208631 0.375602 0.571429 0.875000 17.041592 0.424843 0.298275
0.200931 0.545216 0.588055 0.861317 0.235639 0.399855 0.285714 0.750000 21.400088 0.542192 0.208856
0.140195 0.497008 0.552017 0.796982 0.210355 0.399166 0.285714 0.750000 19.374539 0.487656 0.208856
0.136043 0.466343 0.541729 0.722410 0.219329 0.359232 0.428571 0.875000 20.636000 0.521619 0.208856
0.125160 0.473388 0.530938 0.680379 0.151496 0.220483 0.857143 0.750000 28.397395 0.730588 0.167053
0.269931 0.325161 0.398679 0.602772 0.051471 0.031499 0.000000 0.250000 22.570027 0.573691 0.000286
0.296745 0.251785 0.347526 0.529624 0.051142 0.039127 0.428571 0.000000 16.106926 0.399678 0.167053
0.237112 0.186852 0.268059 0.481564 0.059754 0.085891 0.857143 0.500000 10.342040 0.244464 -0.000381
0.227697 0.192815 0.248492 0.480868 0.063271 0.101997 0.285714 0.000000 5.475140 0.113426 -0.000159
0.218534 0.134393 0.175399 0.366982 0.060521 0.041935 0.285714 0.000000 3.448202 0.058853 0.000000
0.197640 0.121749 0.160294 0.338684 0.065734 0.034616 0.285714 0.000000 4.539759 0.088242 0.000000
0.203384 0.166660 0.216663 0.384561 0.092695 0.046776 0.000000 0.000000 6.989603 0.154202 0.000119
0.220189 0.148790 0.200154 0.350146 0.066103 0.042103 0.000000 0.500000 6.211964 0.133265 0.104349
0.181960 0.157697 0.233077 0.357679 0.064921 0.048643 0.000000 0.250000 4.706570 0.092733 0.119596
0.161726 0.166832 0.234814 0.390625 0.064744 0.063326 0.142857 0.125000 4.276991 0.081167 0.208995
0.082104 0.165849 0.208014 0.403130 0.044235 0.073599 0.285714 0.000000 4.286515 0.081424 0.208995
0.074472 0.176429 0.213339 0.416695 0.061072 0.071187 1.000000 0.000000 3.944607 0.072218 0.208995
0.087911 0.180569 0.222262 0.419990 0.102657 0.080991 1.000000 0.250000 4.636988 0.090860 0.313155
0.093113 0.168051 0.224201 0.425947 0.141846 0.075162 1.000000 0.250000 6.066906 0.129359 0.417385
0.045631 0.209411 0.253598 0.494563 0.174187 0.073289 1.000000 0.250000 7.159154 0.158767 0.365270
0.073280 0.241774 0.322662 0.540630 0.123212 0.100831 0.142857 0.125000 6.630041 0.144521 0.365270
0.092514 0.209020 0.300674 0.500585 0.080699 0.110864 0.571429 0.250000 5.604813 0.116918 0.417315
0.135640 0.340781 0.417853 0.616036 0.053193 0.203230 0.428571 0.125000 8.649587 0.198896 0.347736
0.205891 0.383916 0.456818 0.628210 0.052132 0.218919 0.428571 0.000000 10.245802 0.241872 0.417315
0.272579 0.455741 0.542915 0.695696 0.067541 0.143382 0.285714 0.125000 11.838432 0.284753 0.347736
0.380427 0.541992 0.609632 0.744514 0.072499 0.077122 0.285714 0.250000 16.814546 0.418730 0.486709
0.453437 0.620591 0.692594 0.772166 0.083334 0.048328 0.285714 0.250000 18.498502 0.464069 0.486709
0.461238 0.695444 0.736157 0.805626 0.239100 0.108707 0.285714 0.000000 15.808679 0.391648 0.348385
0.380401 0.856533 0.891790 0.915263 0.746198 0.416385 0.285714 0.750000 23.433972 0.596952 0.209412
0.550779 0.964657 0.939237 0.938041 0.896831 0.561075 0.142857 0.000000 27.234820 0.699287 0.278898
0.404758 0.970970 1.009591 0.969367 1.434895 0.970235 0.000000 0.375000 43.770453 1.144494 0.298752
0.579127 0.910868 0.900564 0.901773 0.636057 0.880924 1.857143 0.375000 29.755001 0.767140 0.298752
0.622405 0.940252 0.921023 0.922264 0.544700 1.059503 0.285714 0.375000 29.571788 0.762208 0.298752
0.631069 0.946073 0.908886 0.942688 0.437827 1.123398 0.571429 0.125000 27.433395 0.704633 0.209412
0.638400 0.970629 0.923797 0.935442 0.422876 1.252222 0.428571 0.125000 29.469949 0.759466 0.209412
0.593907 1.009504 0.925005 0.941684 0.692583 1.283623 0.285714 0.000000 33.993092 0.881247 0.084337
0.659261 0.849831 0.780863 0.926712 0.779281 1.012108 0.285714 0.125000 30.535830 0.788164 0.105182
0.626291 0.922415 0.868934 0.975285 0.837448 0.926552 0.000000 0.625000 33.169647 0.859077 0.139926
0.587354 0.962201 0.893015 0.997267 0.689851 0.781981 0.142857 0.625000 30.314192 0.782196 0.209412
0.612651 0.968204 0.906889 1.005522 0.653103 0.863632 0.571429 0.500000 26.789986 0.687310 0.417871
0.482431 0.983042 0.920568 1.003197 0.683601 0.867568 0.428571 0.500000 30.673641 0.791874 1.664178
0.472939 0.952415 0.869808 0.980527 0.578061 0.790132 0.571429 0.500000 27.846624 0.715759 1.664178
0.457628 0.991791 0.906163 0.987910 0.570475 0.618435 0.571429 0.375000 26.052159 0.667445 1.664178
0.428269 1.049334 0.989823 1.010174 0.684048 0.593222 0.285714 0.250000 28.011275 0.720192 1.664178
0.362017 1.046704 1.016016 1.028237 0.707253 0.724867 0.142857 0.000000 30.234790 0.780058 1.664178
0.335628 1.019196 0.993868 0.997825 0.862039 0.881185 0.142857 0.000000 35.093150 0.910865 1.664178
0.173255 1.118532 1.081017 1.006369 0.861373 0.673570 0.000000 0.000000 37.830196 0.984558 1.664178
0.292860 1.069693 1.024599 0.987910 0.721834 0.702242 0.000000 0.375000 36.843756 0.957999 1.664178
0.271021 0.951033 0.950635 0.914078 0.565259 0.903947 0.571429 0.125000 39.139276 1.019804 1.664178
0.157313 0.954367 0.966341 0.881333 0.592213 0.621350 0.428571 0.000000 27.087182 0.695312 0.834789
0.180782 1.053411 1.069148 0.960120 1.315739 0.189716 0.571429 0.500000 32.915466 0.852233 0.834789
0.110547 1.076877 1.097869 1.000000 0.791000 0.180305 0.714286 0.500000 27.054086 0.694421 0.834789
0.127195 1.163765 1.209018 1.011139 1.232709 0.613015 1.000000 0.375000 42.050896 1.098197 0.834789
0.205725 0.990762 0.993294 0.803329 1.266257 0.610569 0.000000 1.500000 45.723792 1.197086 0.833492
0.220783 0.930153 0.862584 0.949261 0.672453 1.033349 0.571429 0.000000 28.650637 0.737406 0.833816
0.201820 0.834925 0.806034 0.916517 0.402520 0.788800 0.857143 0.250000 23.059905 0.586881 0.833233
0.179666 0.787931 0.784936 0.893077 0.398556 0.789708 0.142857 0.750000 30.008429 0.773964 0.833233
0.191809 0.782893 0.787108 0.911487 0.302152 0.846992 1.571429 0.750000 35.662296 0.926189 0.833233
0.259471 0.786036 0.770110 0.924764 0.248246 0.797742 0.000000 0.500000 32.277486 0.835056 0.833492
0.284721 0.758142 0.735881 0.925120 0.228123 0.767259 0.142857 0.375000 22.598976 0.574471 0.833233
0.255502 0.757270 0.728868 0.935529 0.245756 0.746052 0.571429 0.375000 18.667047 0.468607 0.833233
0.133884 0.756725 0.710808 0.967366 0.348069 0.522808 0.857143 0.125000 16.871077 0.420252 0.693964
0.165112 0.787356 0.757868 0.983137 0.738790 0.449244 1.000000 0.750000 22.752795 0.578612 0.665798
0.175008 0.738120 0.728854 0.971233 0.863256 0.560537 1.000000 0.000000 26.819663 0.688109 0.665798
0.206820 0.789071 0.805542 0.983254 0.569611 0.812205 0.285714 0.125000 28.027630 0.720633 0.623551
0.137611 0.744833 0.746284 0.988936 0.442191 0.750297 0.142857 0.125000 22.320114 0.566963 0.623551
0.143859 0.751312 0.741746 1.004242 0.397912 0.626929 0.428571 0.000000 21.667948 0.549404 0.623551
0.148494 0.812578 0.793642 0.996890 0.430216 0.669788 0.571429 0.375000 21.095991 0.534004 0.623551
0.059901 0.741404 0.717322 0.981929 0.373508 0.791207 0.571429 0.375000 22.024043 0.558991 0.414258
0.031024 0.758768 0.706989 0.980527 0.409379 0.598903 0.000000 0.125000 19.955920 0.503309 0.498364
0.072736 0.698519 0.659625 0.961351 0.285798 0.445425 0.000000 0.875000 16.821923 0.418929 0.554435
0.121235 0.683310 0.647778 0.951500 0.239959 0.488697 0.714286 0.500000 18.041847 0.451774 0.665798
0.155670 0.668367 0.602473 0.970807 0.228258 0.422345 0.714286 0.500000 15.930849 0.394937 0.665798
0.183138 0.696580 0.636374 0.994607 0.319229 0.339494 0.714286 0.375000 15.163921 0.374288 0.624524
0.174727 0.692861 0.636621 0.965322 0.422275 0.349100 0.857143 0.375000 16.307366 0.405075 0.624524
0.125654 0.602347 0.567904 0.868565 0.287018 0.318752 0.285714 0.250000 14.098978 0.345616 0.624524
0.110516 0.584245 0.556431 0.827831 0.300531 0.360055 0.142857 0.250000 14.394885 0.353583 0.624524
0.076098 0.532238 0.491631 0.774254 0.230449 0.339092 0.000000 0.250000 12.234366 0.295413 0.624524
0.122570 0.495613 0.466315 0.735225 0.256204 0.308838 0.714286 0.375000 12.415453 0.300288 0.832844
0.207016 0.556023 0.517465 0.778718 0.285876 0.236422 0.714286 0.375000 13.208139 0.321631 0.832844
0.137201 0.473317 0.456200 0.751276 0.270082 0.165294 0.000000 0.375000 13.866111 0.339346 0.624385
0.108007 0.432156 0.433297 0.721059 0.150837 0.103041 0.142857 0.250000 11.464731 0.274691 0.499031
0.133249 0.392678 0.417038 0.680275 0.226023 0.108784 0.142857 0.125000 11.063120 0.263878 0.499031
0.146439 0.352102 0.402665 0.623803 0.275107 0.137444 1.142857 0.750000 11.136164 0.265845 0.499031
0.134568 0.405376 0.431537 0.675333 0.232602 0.218498 0.571429 0.875000 11.747552 0.282306 0.415462
0.211129 0.388035 0.398537 0.691805 0.215985 0.229324 0.571429 0.000000 11.655538 0.279828 0.416111
0.226643 0.401658 0.396789 0.712552 0.181917 0.225014 0.285714 0.000000 12.426661 0.300590 0.415846
0.233062 0.399506 0.397725 0.740066 0.092410 0.175147 0.142857 0.375000 9.826432 0.230581 0.468214
0.169383 0.483449 0.472209 0.807200 0.076411 0.153353 0.142857 0.375000 8.011413 0.181713 0.416402
0.163525 0.448533 0.450001 0.774369 0.179363 0.182056 0.142857 0.375000 8.961642 0.207297 0.346671
0.189948 0.507352 0.518226 0.794345 0.380157 0.277859 0.285714 0.500000 13.745259 0.336092 0.346671
0.170942 0.526862 0.543808 0.794993 0.395935 0.328906 0.571429 0.500000 13.806338 0.337737 0.485551
0.121870 0.589407 0.609910 0.843173 0.217910 0.395903 0.714286 0.500000 13.149199 0.320044 0.416323
0.131446 0.614476 0.627385 0.878753 0.180713 0.444553 0.428571 1.500000 16.446185 0.408812 0.468144
0.145234 0.634189 0.633585 0.879195 0.216050 0.417352 1.000000 1.000000 21.779817 0.552416 0.572791
0.107179 0.695743 0.697585 0.906473 0.444893 0.335432 0.857143 0.375000 28.007982 0.720104 0.535363
0.065084 0.669184 0.673460 0.915076 0.506912 0.344248 0.857143 0.500000 26.758143 0.686453 0.555547
-0.000940 0.712717 0.723268 0.943035 0.498974 0.537856 0.142857 0.625000 25.440763 0.650983 0.499698
0.027036 0.781103 0.808366 0.933439 0.339054 0.596729 0.142857 0.000000 24.214446 0.617966 0.554898
0.028470 0.771927 0.795554 0.884267 0.313209 0.535051 0.714286 0.000000 23.061929 0.586935 0.475763
0.020911 0.808362 0.816002 0.896798 0.463016 0.503619 0.571429 0.250000 23.902573 0.609569 0.594883
0.048330 0.781652 0.797145 0.871035 0.548694 0.489295 0.714286 0.375000 22.997439 0.585199 0.475843
0.110555 0.806083 0.833352 0.873316 0.649146 0.682432 0.714286 0.375000 25.837855 0.661675 0.475843
0.050468 0.833546 0.836577 0.886985 0.658240 0.875580 0.857143 0.375000 27.925039 0.717870 0.357279
-0.057231 0.873620 0.900344 0.908083 0.790413 1.070747 0.142857 0.375000 35.831840 0.930754 0.237683
-0.053615 0.901780 0.908477 0.885277 0.892298 1.065111 0.714286 0.500000 35.483473 0.921375 0.237683
-0.049168 0.893537 0.922020 0.871657 0.957809 0.958466 0.714286 0.625000 34.439551 0.893268 0.237683
-0.006113 0.904398 0.949535 0.842672 0.880773 0.877931 0.714286 0.625000 33.692770 0.873161 0.237683
0.116367 0.830368 0.868946 0.793133 0.654040 0.768244 0.000000 0.625000 29.664810 0.764712 0.138814
0.087406 1.016312 1.033686 0.904849 0.618944 1.303353 0.714286 0.750000 37.885462 0.986046 0.277787
0.222547 0.905522 0.916090 0.906625 0.600201 1.345684 0.714286 0.500000 35.783833 0.929461 0.277787
0.177140 0.978777 0.983353 0.947686 0.593297 1.483693 0.142857 0.375000 35.712436 0.927539 0.417315
0.167151 0.894542 0.890515 0.774003 0.511605 0.920262 0.285714 0.250000 26.772746 0.686846 0.500588
0.196946 1.095099 1.084377 1.026351 0.489671 0.589678 0.000000 0.000000 23.114834 0.588360 0.667355
0.302862 0.951707 0.976576 0.847923 0.335454 0.482294 0.428571 0.375000 18.232061 0.456895 0.834789
0.261050 0.732821 0.789623 0.705333 0.752159 0.590612 0.142857 0.625000 25.946625 0.664603 0.834789
0.234377 1.198826 1.164847 1.101052 0.911130 1.803974 0.142857 0.375000 48.825505 1.280597 0.834789
0.549616 1.110569 1.103527 1.037797 1.061540 0.819500 0.857143 0.500000 37.409570 0.973233 0.667355
0.498344 1.047297 1.074111 1.007435 1.119187 0.780059 0.571429 0.125000 39.895794 1.040172 0.667355
0.484971 1.068550 1.067380 1.052472 1.055372 0.812415 0.285714 0.500000 39.635234 1.033157 0.500588
0.523055 1.078856 1.075596 1.041853 1.040132 0.855122 0.285714 0.375000 40.778507 1.063939 0.333820
0.555156 1.100165 1.074505 1.048839 1.097305 0.835208 0.428571 0.250000 42.245779 1.103444 0.208578
0.503402 1.082590 1.069913 1.012253 1.501582 0.933014 0.714286 0.125000 47.819754 1.253518 0.208578
0.537413 0.974294 0.991492 0.981838 1.451258 0.699469 0.142857 0.125000 38.878568 1.012785 0.208578
0.534449 0.965983 1.012536 0.957041 1.161413 0.788971 0.000000 0.125000 36.555658 0.950242 0.208578
0.461643 0.993941 1.001163 0.972928 1.000000 0.971438 0.571429 0.500000 38.057270 0.990672 0.167053
0.398169 1.014671 1.001852 0.989283 1.235090 0.975464 0.571429 0.250000 47.982750 1.257907 0.139370
0.453902 0.989776 0.984127 1.016505 1.226070 0.809775 1.142857 0.500000 46.142493 1.208359 0.000953
0.499527 1.000000 1.000007 1.027007 1.035229 0.742111 0.714286 0.500000 38.225874 0.995211 0.000953
0.446450 1.004349 1.010577 1.002064 0.898103 0.768531 0.571429 0.125000 32.917781 0.852296 0.000953
0.366424 0.987851 0.997173 0.990292 0.887958 0.746772 0.285714 0.125000 31.599076 0.816791 0.000953
0.358965 0.982803 0.985156 0.978134 0.810113 0.674850 0.428571 0.625000 31.047805 0.801948 0.001430
0.347781 0.985940 0.994529 0.969885 0.593286 0.741599 0.428571 0.500000 30.413657 0.784874 0.000954
0.392672 1.019855 1.016359 0.976775 0.467353 1.168780 0.428571 0.000000 35.868371 0.931738 -0.118166
0.410297 1.036940 1.018902 0.984264 0.660139 1.357198 0.142857 0.250000 37.564231 0.977397 -0.118166
0.375439 1.056713 1.043696 0.985490 0.949927 1.170671 0.000000 0.375000 37.644752 0.979565 0.000954
0.354657 0.934830 0.965467 0.914388 1.003494 0.951817 1.428571 0.375000 37.014043 0.962584 0.000954
0.395419 0.958404 1.002933 0.914231 0.730617 0.893306 1.000000 0.500000 36.268227 0.942503 0.167721
0.247539 0.939042 1.006834 0.895310 0.629319 0.813624 0.714286 0.500000 32.199577 0.832959 0.278899
0.279581 0.905792 0.981675 0.898436 0.619548 0.607316 0.571429 0.500000 31.048853 0.801976 0.334488
0.296563 0.884180 0.953673 0.940424 0.792169 0.559025 0.571429 0.125000 33.999198 0.881412 0.334488
0.275710 0.842989 0.926578 0.949077 0.802198 0.578553 0.714286 0.125000 36.257602 0.942217 0.417037
0.291482 0.866738 0.940816 0.981867 1.020154 0.666585 0.428571 0.875000 42.009207 1.097074 0.556844
0.266985 0.896099 0.964009 0.990493 1.168355 0.711086 0.428571 0.875000 44.488010 1.163814 0.417871
0.289264 0.862792 0.930484 0.984343 1.204738 0.714072 1.285714 0.000000 41.632362 1.086928 0.167164
0.295602 0.848147 0.911554 0.999447 0.974175 0.695707 1.285714 0.000000 33.714058 0.873735 0.167164
0.378585 0.913270 0.954082 1.023591 0.755902 0.706738 0.000000 0.625000 26.945936 0.691509 0.139462
0.396631 0.984459 0.977166 1.035115 0.698710 0.851528 0.142857 0.750000 29.184172 0.751771 0.139462
0.418561 0.963534 0.934086 1.002950 0.658385 1.055818 0.285714 0.750000 35.516325 0.922259 0.000490
0.445659 0.981634 0.953009 1.009233 0.629953 1.132750 0.142857 0.750000 38.403733 1.000000 0.000490
0.427940 0.995981 0.965681 1.017703 0.573416 1.093071 0.142857 0.625000 36.555841 0.950247 0.000397
0.500994 1.004888 0.985858 1.005643 0.525941 0.949572 0.285714 0.500000 32.157546 0.831827 0.000397
0.500402 0.953633 0.946612 0.993409 0.514949 0.788683 0.142857 0.000000 30.255136 0.780606 0.000490
0.481511 0.963455 0.967199 0.991149 0.554643 0.663085 0.142857 0.000000 32.016034 0.828017 0.000397
0.350204 0.919805 0.968451 0.952768 0.541642 0.638454 0.000000 0.125000 31.755740 0.821009 0.209412
0.330375 0.937183 1.004201 0.962181 0.672546 0.483922 0.000000 0.000000 30.475456 0.786538 0.000953
0.345632 0.859833 0.986363 0.919720 1.142263 0.562506 0.000000 0.000000 37.316779 0.970735 0.000953
0.313646 0.821658 0.974682 0.895147 1.343618 0.734808 0.000000 0.250000 40.789077 1.064223 0.001788
0.330830 0.856225 0.978988 0.927488 0.871366 0.926216 0.142857 0.625000 36.909194 0.959761 0.002066
0.329283 0.863306 0.977711 0.942840 0.690176 0.878850 0.285714 0.625000 36.578632 0.950861 0.001788
0.315674 0.861911 0.952222 0.930274 1.036398 0.726443 0.142857 0.625000 38.561247 1.004241 -0.165146
0.285626 0.849600 0.940036 0.949541 1.324107 0.718999 0.857143 0.375000 42.099804 1.099513 -0.137463
0.232572 0.870740 0.923364 0.955301 1.089048 0.827480 0.714286 0.375000 40.015438 1.043394 -0.165146
0.255066 0.826123 0.889479 0.954474 0.805483 0.945445 0.714286 1.250000 34.835381 0.903925 -0.137463
0.279063 0.813418 0.887335 0.958467 0.693115 0.963710 0.714286 0.000000 32.060460 0.829213 -0.137463
0.301234 0.793546 0.857934 0.951150 0.628583 0.841464 0.000000 0.000000 30.644185 0.791081 0.001510
0.268230 0.781309 0.848926 0.956156 0.678921 0.654666 0.142857 0.125000 29.774160 0.767656 0.001430
0.279581 0.786672 0.864674 0.991926 0.705846 0.656685 0.285714 0.250000 32.692463 0.846229 0.000953
0.229668 0.723885 0.811733 1.014599 0.851624 0.650259 0.285714 0.500000 32.390361 0.838095 0.000953
0.148521 0.744697 0.820912 0.984600 0.919999 0.556588 0.428571 0.125000 28.060714 0.721523 0.000953
0.178557 0.731598 0.861870 0.987407 0.984309 0.455131 0.428571 0.125000 26.827518 0.688321 0.120072
0.183902 0.760806 0.874623 0.949165 1.020405 0.495464 0.428571 0.000000 28.497583 0.733286 0.120072
0.171155 0.754622 0.871597 0.946158 0.960789 0.636483 0.428571 0.375000 31.701848 0.819558 0.120072
0.161410 0.803478 0.887850 0.957041 0.830151 0.681810 0.571429 0.875000 32.184281 0.832547 0.120072
0.144505 0.845773 0.894125 0.988390 0.795778 0.709022 0.571429 0.875000 32.943031 0.852975 0.105182
0.211770 0.883310 0.949566 0.985490 0.974229 0.875348 0.285714 0.625000 39.769757 1.036779 0.000953
0.190967 0.802792 0.849308 0.967914 1.355417 0.737628 1.000000 0.125000 37.274146 0.969587 0.000476
0.257053 0.848596 0.907594 0.940664 1.231979 0.932564 1.000000 0.375000 38.537403 1.003599 0.000476
0.246386 0.831281 0.890835 0.900216 0.982998 0.882744 0.000000 0.250000 34.070130 0.883322 -0.118643
0.228502 0.868772 0.901389 0.910952 0.568490 0.838357 0.000000 0.250000 27.565267 0.708184 -0.119119
0.222300 0.829689 0.889576 0.897063 0.379631 0.772551 1.571429 0.625000 26.758558 0.686464 -0.139132
0.262660 0.813652 0.881411 0.912699 0.437844 0.681564 0.000000 0.250000 30.161619 0.778088 -0.139132
0.264831 0.869182 0.933807 0.920485 0.774263 0.677391 0.142857 0.125000 35.324655 0.917099 -0.119596
0.286541 0.872865 0.950412 0.890600 1.159224 0.641970 1.000000 0.625000 39.372810 1.026092 -0.119596
0.280651 0.884155 0.975577 0.896933 0.993217 0.551384 0.571429 0.375000 38.058182 0.990696 -0.120072
0.257738 0.915613 0.953158 0.941263 0.797984 0.619104 0.000000 0.500000 33.591449 0.870433 -0.120072
0.223035 1.005342 1.043409 0.922561 1.027305 0.792915 0.142857 0.125000 39.708797 1.035138 -0.139687
0.172307 1.074745 1.056928 0.971233 1.370534 1.317544 0.142857 0.000000 49.580603 1.300927 -0.139687
0.262958 1.059925 1.060394 1.013431 1.534459 1.143921 0.285714 0.250000 49.649995 1.302796 0.277231
0.336629 1.020786 1.020815 1.006204 1.435456 1.147072 0.428571 0.125000 45.068827 1.179452 0.333153
0.322701 1.013292 1.002295 1.012465 0.973762 1.117764 1.428571 0.125000 38.859015 1.012258 0.333153
0.313091 0.996665 0.986848 1.032175 0.640532 0.977887 0.571429 0.250000 39.787205 1.037249 0.416203
0.322707 1.015246 0.976509 1.011941 0.621686 0.781427 1.000000 0.250000 43.712602 1.142937 0.555732
0.321671 1.026046 1.003173 1.014000 0.595590 0.614019 0.285714 0.000000 38.179736 0.993969 0.277787
0.326039 1.018406 0.984601 0.984893 0.425252 0.505779 0.428571 0.125000 27.181480 0.697851 0.000026
0.324666 1.030550 1.016995 0.973647 0.406005 0.387960 0.285714 0.250000 21.895056 0.555518 0.000258
0.300104 0.994360 0.961924 0.960346 0.609841 0.477695 0.285714 0.375000 22.859345 0.581481 0.000397
0.324145 1.017990 0.974348 0.951150 0.827288 0.693407 0.428571 0.625000 28.158785 0.724164 0.069374
0.264114 1.030645 1.006045 0.953929 1.027189 0.811273 0.285714 0.250000 37.471494 0.974900 -0.250476
0.277495 0.965574 0.960055 0.918749 1.130450 0.980107 1.000000 0.250000 40.572848 1.058402 -0.348008
0.240943 0.981487 0.957447 0.918310 0.951602 1.096362 0.428571 0.375000 38.131768 0.992678 -0.238596
0.206777 0.987831 0.956893 0.899028 0.813866 1.208772 0.428571 0.375000 35.905704 0.932743 -0.208653
0.146712 0.944123 0.949565 0.911988 0.900426 1.269974 1.142857 0.375000 37.996469 0.989035 -0.185734
0.205167 0.888675 0.886833 0.887112 0.781474 1.169865 0.428571 0.375000 40.243768 1.049541 -0.185734
0.210745 0.889874 0.885829 0.897430 0.397427 0.936459 1.000000 0.500000 43.549848 1.138555 -0.093147
0.197395 0.861697 0.856088 0.916674 0.362895 0.914765 0.857143 0.500000 43.863886 1.147010 -0.104910
0.214901 0.827131 0.843680 0.919746 0.408353 1.054262 0.571429 0.750000 35.904187 0.932702 -0.000680
0.159464 0.821159 0.812062 0.912447 0.598022 0.887224 0.571429 0.500000 28.143995 0.723766 -0.052760
0.145893 0.814475 0.822990 0.919746 0.840544 0.602614 0.428571 0.500000 27.669629 0.710994 0.045857
0.140281 0.822993 0.816822 0.923158 0.756816 0.513619 0.428571 0.500000 26.909192 0.690520 0.231462
0.219428 0.821232 0.842637 0.957147 0.676109 0.646749 0.285714 1.000000 28.827215 0.742161 0.138474
0.292027 0.803866 0.832029 0.964595 0.613556 0.711437 0.285714 0.125000 27.071613 0.694893 0.155664
0.290941 0.790570 0.838422 0.959777 0.610847 0.833092 0.285714 0.250000 27.701361 0.711848 0.051852
0.241234 0.837995 0.869071 0.968172 0.556541 0.937451 0.428571 0.250000 28.484496 0.732933 0.103966
0.248563 0.798993 0.853495 0.938147 0.477771 0.925161 0.428571 0.875000 26.330111 0.674928 0.119159
0.265356 0.826250 0.899934 0.932994 0.497677 0.765806 0.428571 0.750000 25.539489 0.653642 0.364957
0.325778 0.751096 0.833440 0.903341 0.462235 0.488882 0.142857 0.125000 24.668074 0.630179 0.260728
0.359606 0.736793 0.817137 0.921432 0.405504 0.439418 0.142857 0.000000 30.643169 0.791054 0.261145
0.398121 0.733649 0.795235 0.922868 0.426255 0.453677 0.285714 0.125000 32.662041 0.845410 0.364818
0.394026 0.751348 0.813804 0.949541 0.594014 0.514374 0.285714 0.000000 32.761238 0.848081 0.364818
0.331881 0.697197 0.783042 0.913787 0.817257 0.548523 0.428571 0.500000 28.790369 0.741169 0.521545
0.231742 0.685191 0.707283 0.918100 0.908510 0.513148 0.714286 0.375000 27.130339 0.696474 0.556350
0.245069 0.718356 0.700747 0.913787 0.808227 0.646070 0.571429 1.375000 27.207989 0.698564 0.695322
0.297611 0.713570 0.716489 0.940323 0.594067 0.745127 0.428571 0.000000 25.799286 0.660636 0.834233
0.314743 0.739482 0.711342 0.969885 0.506016 0.629801 0.857143 0.000000 23.749257 0.605441 0.741276
0.363577 0.650134 0.642260 0.939248 0.513222 0.430045 0.714286 0.500000 20.497215 0.517883 0.602303
0.355117 0.663458 0.632563 0.950715 0.381119 0.384349 0.142857 0.750000 17.503776 0.437287 0.694952
0.377064 0.653116 0.624039 0.927782 0.301361 0.395448 0.142857 0.625000 17.789045 0.444968 0.880249
0.366895 0.649093 0.610730 0.930454 0.335801 0.459149 0.142857 0.500000 19.357008 0.487184 0.834419
0.389420 0.620415 0.574459 0.933087 0.320560 0.425230 0.000000 0.375000 17.107491 0.426617 0.833986
0.399879 0.661566 0.627126 0.906256 0.235205 0.450503 1.142857 0.375000 14.344517 0.352227 1.019283
0.396605 0.628377 0.594522 0.926430 0.230317 0.414739 0.142857 0.625000 13.113750 0.319089 1.019283
0.399504 0.667357 0.620915 0.927107 0.319478 0.469076 0.142857 0.500000 15.542552 0.384483 1.065607
0.372069 0.635247 0.599945 0.881112 0.389979 0.471307 0.142857 0.250000 16.963465 0.422740 1.042137
0.388263 0.632918 0.608615 0.899284 0.391357 0.467924 0.000000 0.125000 16.758193 0.417213 1.125854
0.377309 0.635157 0.619281 0.879623 0.402562 0.535167 0.571429 0.000000 17.572316 0.439132 1.125465
0.329012 0.647622 0.633099 0.879244 0.417598 0.624153 0.571429 0.625000 18.109982 0.453609 1.042081
0.307480 0.680428 0.649945 0.897763 0.363620 0.716952 0.142857 0.750000 18.266010 0.457809 0.958697
0.291049 0.698029 0.676861 0.910497 0.338639 0.710760 0.285714 0.875000 18.755022 0.470976 0.999944
0.291618 0.694652 0.659097 0.896314 0.401333 0.546662 0.142857 0.000000 19.721277 0.496991 1.000334
0.253939 0.670100 0.629153 0.886145 0.472510 0.388560 0.142857 0.250000 18.889841 0.474606 0.750183
0.258827 0.761398 0.714152 0.896440 0.454750 0.496367 0.857143 0.125000 20.679398 0.522788 0.750183
0.259725 0.755742 0.716849 0.903410 0.396162 0.563806 0.857143 0.125000 19.803173 0.499196 0.750183
0.281518 0.772437 0.741952 0.933515 0.351128 0.754445 1.285714 0.125000 21.875282 0.554986 0.750572
0.226944 0.761009 0.706910 0.928206 0.302519 0.811192 1.142857 0.000000 21.464719 0.543932 0.741214
0.181861 0.819420 0.763492 0.940664 0.309535 0.773724 0.428571 0.125000 20.776841 0.525411 0.648628
0.167666 0.785971 0.762106 0.946892 0.304566 0.741859 0.428571 0.375000 20.567634 0.519779 0.741276
0.100533 0.774836 0.734415 0.922868 0.420262 0.753585 0.857143 0.375000 25.353425 0.648632 0.833925
0.052074 0.781257 0.737849 0.906531 0.445439 0.770963 0.000000 0.500000 24.159603 0.616489 0.741770
0.051846 0.705443 0.712941 0.871657 0.421129 0.586552 0.142857 0.500000 24.854249 0.635192 0.741338
0.042071 0.686615 0.708963 0.869844 0.502857 0.402020 0.142857 0.500000 29.173062 0.751472 0.833986
-0.016015 0.677351 0.679355 0.888106 0.591933 0.269319 0.000000 0.000000 30.793573 0.795103 0.741338
0.183627 0.547667 0.562028 0.699167 0.583124 0.365147 0.000000 1.000000 22.016908 0.558799 0.741338
0.202027 0.470698 0.471362 0.706644 0.185904 0.317096 0.142857 0.000000 10.268847 0.242493 0.741338
0.108603 0.549183 0.505341 0.774425 0.288329 0.222564 0.142857 0.375000 11.661096 0.279978 0.741338
0.102091 0.486335 0.460280 0.772166 0.286475 0.232448 0.428571 0.375000 12.477435 0.301957 0.927005
0.118039 0.473634 0.442630 0.757065 0.295979 0.297873 0.571429 0.500000 12.858904 0.312228 0.927005
0.094819 0.473030 0.444651 0.757065 0.254464 0.292490 0.571429 0.500000 11.815988 0.284148 0.927005
0.116055 0.426355 0.404556 0.716432 0.195425 0.168371 0.000000 0.875000 8.780253 0.202414 0.926573
0.149640 0.357535 0.361880 0.663226 0.191552 0.091001 1.285714 0.250000 7.632974 0.171524 0.927005
0.154548 0.383428 0.368281 0.681389 0.224034 0.087038 0.571429 0.000000 8.259232 0.188386 0.880681
0.150772 0.359213 0.363015 0.698852 0.265320 0.106601 0.000000 0.750000 9.954996 0.234043 1.065484
0.154548 0.393074 0.385777 0.733390 0.313555 0.149489 0.285714 0.750000 11.261026 0.269206 1.094321
0.138449 0.398114 0.405265 0.756520 0.288984 0.175595 0.285714 0.875000 10.724303 0.254756 1.131397
0.105368 0.445014 0.440654 0.766561 0.192834 0.173203 0.285714 0.375000 10.146356 0.239195 1.131397
0.160510 0.530940 0.509117 0.790056 0.174054 0.206812 0.142857 0.125000 10.419079 0.246538 0.893158
0.222150 0.500331 0.481347 0.786165 0.156695 0.207615 0.000000 0.000000 10.009421 0.235508 0.774038
0.229938 0.458165 0.456253 0.774953 0.172255 0.225397 0.000000 0.125000 10.579773 0.250864 0.535323
0.239798 0.472348 0.466384 0.797544 0.207265 0.255986 0.142857 0.000000 12.805198 0.310782 0.535879
0.275308 0.512161 0.498183 0.821856 0.296607 0.271431 0.142857 0.500000 19.407986 0.488556 0.416759
0.281975 0.511121 0.504456 0.818400 0.312728 0.266437 0.857143 0.625000 21.655940 0.549080 0.476319
0.268754 0.508691 0.507933 0.802921 0.272251 0.233682 0.714286 0.500000 17.461848 0.436158 0.357835
0.234293 0.480825 0.476015 0.771132 0.269681 0.192232 0.714286 0.000000 12.480646 0.302044 0.312808
0.277215 0.486008 0.480907 0.773113 0.311632 0.283330 1.285714 0.500000 12.391101 0.299633 0.312808
0.253671 0.422518 0.418008 0.743861 0.227002 0.282696 0.571429 0.500000 10.549919 0.250060 0.370806
0.271545 0.339093 0.345991 0.700237 0.123698 0.182673 0.571429 0.375000 8.169047 0.185958 0.463454
0.248283 0.339890 0.340289 0.686987 0.098896 0.158847 0.285714 0.250000 7.719224 0.173846 0.555670
0.247805 0.323751 0.328187 0.648878 0.108148 0.179169 0.714286 0.125000 7.306891 0.162745 0.648689
0.233477 0.310958 0.323865 0.633783 0.155224 0.183381 0.142857 0.750000 7.489730 0.167668 0.648689
0.217080 0.303026 0.321926 0.631330 0.190448 0.132095 0.285714 0.125000 6.865611 0.150864 0.741338
0.215451 0.315099 0.332751 0.649785 0.167375 0.125344 0.142857 0.125000 7.041098 0.155589 0.648689
0.241770 0.317892 0.331240 0.665572 0.148099 0.139619 0.000000 0.250000 7.037641 0.155495 0.556041
0.295427 0.351827 0.354707 0.677814 0.149243 0.167009 1.142857 0.375000 7.279977 0.162020 0.556411
0.324940 0.361455 0.360833 0.686341 0.154062 0.187172 0.428571 0.000000 8.073714 0.183391 0.500866
0.345132 0.352614 0.351077 0.682108 0.194333 0.218235 0.428571 0.625000 9.321166 0.216977 0.463763
0.336173 0.365382 0.367426 0.695278 0.210894 0.242524 0.142857 0.625000 10.221831 0.241227 0.417385
0.356290 0.385787 0.374271 0.724585 0.160610 0.254305 0.000000 0.625000 9.988713 0.234950 0.358311
0.380552 0.561032 0.543423 0.842582 0.148051 0.426054 0.571429 0.000000 13.495792 0.329376 0.278898
0.346843 0.624126 0.587668 0.848854 0.126776 0.417009 0.714286 0.250000 12.036333 0.290081 0.167720
0.369916 0.615702 0.592275 0.822893 0.093420 0.409760 0.571429 0.250000 11.253651 0.269008 0.000953
0.383681 0.631662 0.549360 0.793133 0.094045 0.303789 0.428571 0.000000 13.071531 0.317953 0.209412
0.471583 0.709964 0.641573 0.841784 0.257184 0.181939 0.285714 0.125000 27.414576 0.704127 0.278898
0.519356 0.729050 0.662374 0.841784 0.575143 0.287124 0.142857 0.125000 35.923174 0.933213 0.417871
0.198574 0.934248 1.011419 0.904849 0.878315 0.505947 0.142857 0.625000 49.657318 1.302993 0.626330
