0.452620 0.435906 0.520886 0.583208 0.276961 0.130920 0.000000 0.125000 37.159306 1.378529 -0.747209
0.581660 0.354592 0.459120 0.539861 0.254141 0.271878 1.000000 0.125000 30.649841 1.129405 -0.747209
0.515952 0.470468 0.535684 0.554166 0.347714 0.529455 0.625000 0.000000 12.360653 0.429459 -0.746793
0.554320 0.298743 0.376107 0.481158 0.186783 0.263767 0.000000 0.250000 6.082175 0.189176 -0.746793
0.523577 0.308621 0.372562 0.503265 0.203321 0.228680 0.750000 0.250000 5.806540 0.178627 -0.747209
0.505694 0.270735 0.302243 0.467923 0.146391 0.206115 0.250000 0.375000 5.527697 0.167955 -0.746959
0.601990 0.209579 0.249239 0.403606 0.143159 0.162849 0.250000 0.375000 5.536886 0.168307 -0.596840
0.556245 0.276342 0.302895 0.478587 0.174213 0.176426 0.250000 0.375000 6.454161 0.203412 -0.497509
0.550860 0.259995 0.290216 0.454937 0.194846 0.179791 0.000000 0.500000 5.916785 0.182846 -0.212387
0.523871 0.294089 0.309420 0.521174 0.169871 0.159268 0.000000 0.500000 5.056910 0.149938 -0.123458
0.636211 0.330292 0.336247 0.562908 0.130163 0.162820 0.500000 0.000000 5.401561 0.163128 0.214458
0.553630 0.297263 0.290739 0.535762 0.123977 0.156254 0.125000 0.125000 4.621274 0.133266 0.374943
0.569341 0.254621 0.245518 0.517754 0.087637 0.153675 0.000000 0.375000 3.769239 0.100657 0.468456
0.576197 0.263533 0.253225 0.547913 0.112196 0.172112 0.500000 0.000000 4.252098 0.119137 0.499766
0.602124 0.271749 0.264058 0.553793 0.183270 0.159950 0.375000 0.125000 5.020810 0.148556 0.655794
0.571650 0.266650 0.267036 0.541425 0.224225 0.143946 0.375000 0.250000 5.219464 0.156159 0.856044
0.561616 0.283296 0.279250 0.569248 0.161305 0.190343 0.125000 0.250000 4.898000 0.143856 0.748816
0.569074 0.293696 0.288246 0.582273 0.058560 0.254496 0.750000 0.250000 4.691685 0.135960 0.873761
0.560704 0.330724 0.314041 0.639752 0.030269 0.256556 0.250000 0.250000 5.150044 0.153502 0.748844
0.615238 0.278053 0.268175 0.544831 0.073671 0.212524 1.000000 0.250000 5.542138 0.168508 0.499710
0.610680 0.273993 0.265021 0.547811 0.114658 0.136047 1.125000 0.250000 6.512509 0.205645 0.151262
0.562980 0.338507 0.335651 0.611588 0.133507 0.166081 0.625000 0.000000 8.592235 0.285238 -0.185508
0.613035 0.369837 0.364875 0.630441 0.182699 0.260065 1.250000 0.500000 8.300908 0.274089 -0.248058
0.668450 0.401561 0.414109 0.639448 0.218050 0.305259 0.375000 0.625000 8.864490 0.295658 -0.747209
0.565694 0.369248 0.388640 0.628759 0.233807 0.211896 0.250000 0.375000 7.712049 0.251553 -0.747209
0.632437 0.340287 0.355356 0.633309 0.153787 0.158147 0.250000 0.250000 5.762252 0.176932 -0.746793
0.597439 0.314891 0.324115 0.579015 0.155956 0.115046 0.125000 0.375000 4.989761 0.147368 -0.745960
0.559893 0.287700 0.309731 0.541354 0.142193 0.080976 0.250000 0.750000 7.245152 0.233684 -0.745960
0.481475 0.287845 0.310347 0.560257 0.172475 0.039571 0.250000 0.750000 12.110134 0.419872 -0.745960
0.458255 0.346276 0.360074 0.596625 0.354487 0.093373 0.875000 0.375000 12.163481 0.421913 -0.745960
0.377706 0.352856 0.370589 0.617333 0.435483 0.090569 0.875000 0.375000 9.964614 0.337761 -0.745960
0.370901 0.351844 0.374344 0.633309 0.211780 0.109241 0.000000 0.625000 5.564067 0.169347 -0.745960
0.365310 0.330063 0.369748 0.630201 0.159815 0.131505 0.000000 0.625000 5.857648 0.180583 -0.745960
0.356385 0.308862 0.357046 0.600152 0.197590 0.164908 0.000000 0.125000 6.689459 0.212417 -0.745960
0.407164 0.421855 0.419735 0.664490 0.303493 0.214019 0.125000 0.000000 8.626121 0.286535 -0.745960
0.325102 0.468188 0.489848 0.701174 0.420185 0.312857 0.125000 0.000000 11.337364 0.390297 -0.745960
0.229170 0.502829 0.528481 0.751541 0.394529 0.359824 0.000000 0.625000 10.975751 0.376458 -0.745960
0.142195 0.437514 0.467491 0.771123 0.207570 0.148999 0.000000 0.375000 9.363165 0.314743 -0.371910
0.113993 0.571298 0.585206 0.806422 0.170730 0.108369 0.250000 0.250000 15.018819 0.531190 -0.371910
0.041600 0.498732 0.519786 0.806677 0.243055 0.183483 0.625000 0.125000 16.174778 0.575430 -0.371910
0.060159 0.609303 0.649133 0.845293 0.554002 0.397161 0.500000 1.250000 18.833171 0.677169 -0.371910
0.040833 0.484574 0.495006 0.752837 0.519465 0.278039 0.125000 1.125000 10.907934 0.373862 -0.496593
0.074192 0.516789 0.543492 0.738209 0.315294 0.258152 0.125000 0.750000 7.902032 0.258824 0.189167
0.166538 0.264908 0.297425 0.633640 0.129118 0.161457 1.000000 0.125000 4.922428 0.144791 0.189167
0.110262 0.311563 0.324725 0.695731 0.203262 0.170343 0.750000 0.125000 5.549148 0.168776 0.151762
0.142395 0.288678 0.294218 0.666936 0.181276 0.130525 0.625000 0.125000 5.036558 0.149159 0.151762
0.188005 0.286662 0.287177 0.639096 0.173951 0.131951 0.500000 0.000000 5.508876 0.167235 0.376192
0.208579 0.277640 0.276006 0.578181 0.156293 0.147136 0.375000 0.000000 5.364591 0.161713 0.750243
0.232056 0.278402 0.272514 0.575046 0.162240 0.156191 0.250000 0.125000 5.186748 0.154907 0.750243
0.315124 0.248440 0.230634 0.525758 0.110579 0.084317 0.125000 0.250000 3.946129 0.107427 0.750943
0.334060 0.241794 0.225412 0.504399 0.085336 0.060257 0.500000 0.125000 3.420988 0.087330 0.750943
0.324661 0.243983 0.231737 0.503694 0.084278 0.060474 0.375000 0.125000 3.387127 0.086034 1.125169
0.314047 0.256084 0.228651 0.553981 0.060736 0.090484 0.500000 0.125000 3.041702 0.072814 0.751410
0.249802 0.301205 0.272975 0.594540 0.100676 0.111965 0.375000 0.000000 3.887744 0.105193 0.751993
0.250433 0.292550 0.268353 0.550769 0.084737 0.118509 0.375000 0.125000 4.244314 0.118839 1.001944
0.249841 0.272920 0.249731 0.528632 0.076113 0.138281 1.125000 0.125000 5.034047 0.149063 1.001944
0.190753 0.318621 0.293277 0.604122 0.097174 0.142656 0.625000 0.000000 6.024682 0.186976 1.001944
0.170475 0.349009 0.318034 0.654336 0.110849 0.116990 0.000000 0.000000 5.386063 0.162535 0.752576
0.149055 0.348815 0.318061 0.647325 0.121469 0.142470 0.125000 0.000000 4.761134 0.138618 0.752868
0.090945 0.341772 0.314385 0.620610 0.117694 0.168807 0.375000 0.250000 4.698700 0.136229 0.751993
0.069908 0.334316 0.313485 0.604946 0.122650 0.139224 0.250000 1.125000 4.815771 0.140709 0.751643
0.041525 0.329472 0.322019 0.610399 0.146513 0.117290 0.250000 0.500000 5.737675 0.175991 0.751410
-0.027765 0.291318 0.292930 0.547481 0.133055 0.191044 0.250000 0.375000 5.695266 0.174368 0.751410
-0.043287 0.288710 0.287845 0.570422 0.131112 0.219586 0.250000 0.500000 5.454149 0.165141 0.750826
-0.085877 0.295422 0.287974 0.608355 0.135337 0.207700 0.125000 0.500000 5.013941 0.148293 0.750743
-0.094179 0.306658 0.296615 0.646007 0.197390 0.183508 0.875000 0.625000 5.280567 0.158498 0.750680
-0.065990 0.302070 0.286558 0.653554 0.252330 0.173690 0.125000 0.125000 5.706936 0.174815 0.750632
-0.059781 0.281497 0.282424 0.632679 0.220991 0.174237 0.125000 0.000000 5.392892 0.162796 0.751021
0.023862 0.323489 0.329764 0.650542 0.208251 0.207596 0.875000 0.000000 5.842695 0.180011 0.750680
0.058156 0.317409 0.320306 0.649817 0.133562 0.185638 0.750000 0.125000 5.535707 0.168262 0.750743
0.116140 0.295206 0.283988 0.614261 0.090367 0.157086 0.250000 0.375000 4.816436 0.140735 0.750743
0.132230 0.300319 0.276182 0.608214 0.134691 0.195397 0.250000 0.250000 5.340080 0.160775 0.804714
0.125406 0.288438 0.272865 0.594211 0.205923 0.199816 0.875000 1.250000 5.748906 0.176421 0.797906
0.128074 0.298472 0.283260 0.587898 0.227168 0.195435 1.000000 1.250000 5.947859 0.184035 0.797906
0.226498 0.240093 0.231904 0.541765 0.135682 0.129198 0.250000 1.375000 4.118478 0.114023 0.891418
0.227051 0.226444 0.220398 0.512310 0.094958 0.113743 0.500000 0.875000 3.439607 0.088042 0.891856
0.227654 0.219068 0.222842 0.502921 0.087252 0.092406 0.500000 0.375000 3.153079 0.077076 0.798343
0.250383 0.224133 0.227246 0.509792 0.116491 0.074802 0.625000 0.000000 3.525754 0.091339 0.891418
0.237209 0.213602 0.225013 0.475734 0.151179 0.085602 0.625000 0.000000 4.012802 0.109979 0.876121
0.235219 0.218149 0.231476 0.474669 0.168810 0.120498 0.625000 0.125000 4.408684 0.125130 0.863533
0.258829 0.226154 0.240430 0.475205 0.171925 0.127861 0.250000 0.125000 4.427810 0.125862 0.863883
0.339423 0.201843 0.211919 0.458397 0.189638 0.080902 0.250000 0.000000 4.046594 0.111272 0.826103
0.366174 0.210937 0.202319 0.490958 0.218497 0.083817 0.250000 0.250000 4.476209 0.127714 0.826103
0.376122 0.217032 0.200547 0.507328 0.172268 0.089329 0.250000 0.500000 4.224837 0.118094 0.826453
0.373327 0.222715 0.201710 0.507630 0.104368 0.090819 0.250000 0.500000 3.764182 0.100464 0.789048
0.371138 0.237465 0.209454 0.524333 0.091699 0.101894 0.375000 0.500000 3.883941 0.105047 0.792971
0.359374 0.229195 0.205036 0.518687 0.089332 0.106518 1.000000 0.500000 3.942044 0.107271 0.918071
0.351340 0.242504 0.207175 0.574185 0.052815 0.103285 0.250000 0.500000 3.416814 0.087170 0.834949
0.361649 0.249452 0.206614 0.613385 0.023740 0.109589 0.250000 0.375000 2.926195 0.068393 0.834560
0.371146 0.256772 0.205304 0.631910 0.032974 0.119298 0.375000 0.250000 3.014510 0.071773 0.751437
0.355621 0.253823 0.200191 0.629378 0.055064 0.127829 0.000000 0.125000 3.379799 0.085753 0.751437
0.334776 0.243340 0.190644 0.642480 0.072137 0.121648 0.000000 0.000000 3.700171 0.098014 0.751437
0.350237 0.234038 0.197879 0.621195 0.078101 0.095019 0.000000 0.125000 3.750738 0.099949 0.751587
0.306514 0.258959 0.217009 0.651838 0.091624 0.084956 0.375000 0.500000 3.783592 0.101207 0.704393
0.354407 0.280501 0.260551 0.656311 0.061008 0.105445 0.375000 0.250000 3.747601 0.099829 0.564124
0.364567 0.263494 0.259209 0.636525 0.038873 0.124499 0.250000 0.250000 3.605978 0.094409 0.543604
0.384970 0.268461 0.251490 0.648967 0.043004 0.158935 0.000000 0.250000 3.681121 0.097285 0.470549
0.370128 0.256782 0.248694 0.615506 0.050262 0.197910 0.625000 0.250000 3.927772 0.106725 0.470549
0.366962 0.249783 0.257063 0.591098 0.089050 0.201866 0.375000 0.375000 4.445023 0.126520 0.470986
0.340775 0.240378 0.254504 0.572348 0.183407 0.158973 1.125000 0.375000 5.377011 0.162189 0.564936
0.342958 0.241230 0.251492 0.591098 0.243691 0.121359 0.500000 0.500000 5.953647 0.184257 0.564499
0.289927 0.204909 0.223157 0.530915 0.184968 0.093054 0.375000 0.375000 4.888441 0.143490 0.564499
0.284334 0.224262 0.226885 0.556462 0.126024 0.083427 0.375000 0.375000 3.791575 0.101512 0.585526
0.358430 0.181826 0.182135 0.469393 0.085642 0.063872 0.625000 1.125000 3.025817 0.072206 0.627087
0.349130 0.183870 0.181597 0.499182 0.069801 0.067451 0.750000 1.250000 2.922420 0.068249 0.710599
0.351808 0.204107 0.189226 0.542318 0.063862 0.053705 0.000000 0.000000 2.804609 0.063740 0.751799
0.348396 0.209179 0.193615 0.578654 0.093374 0.046641 0.375000 0.250000 3.080014 0.074280 0.751643
0.366926 0.211680 0.191189 0.581340 0.120685 0.074371 0.125000 0.250000 3.561492 0.092707 0.751993
0.387512 0.227644 0.200983 0.597698 0.103210 0.114625 0.000000 0.125000 3.756505 0.100170 0.751643
0.467850 0.199995 0.167503 0.530497 0.067556 0.103040 0.000000 0.250000 3.188862 0.078446 0.676483
0.477499 0.192443 0.159052 0.513382 0.048031 0.057153 1.125000 0.375000 2.831645 0.064775 0.676833
0.473219 0.204427 0.165735 0.531184 0.055833 0.042345 0.500000 0.500000 2.723475 0.060635 0.677183
0.486594 0.187472 0.155607 0.489005 0.068651 0.069191 1.375000 0.875000 2.753652 0.061790 0.677183
0.487033 0.188489 0.155009 0.490793 0.064507 0.101796 0.375000 0.375000 2.900415 0.067407 0.602373
0.488437 0.185855 0.151267 0.464791 0.055606 0.092366 0.500000 0.375000 2.890449 0.067025 0.527513
0.463217 0.180642 0.147898 0.452646 0.045796 0.059027 0.375000 0.625000 2.528417 0.053170 0.527513
0.488682 0.177285 0.144427 0.445400 0.033813 0.058288 0.000000 0.125000 2.237555 0.042038 0.527863
0.482236 0.185741 0.146356 0.442856 0.038293 0.087151 0.375000 0.125000 2.459623 0.050537 0.527513
0.475831 0.177380 0.141238 0.430338 0.054697 0.098375 0.500000 0.000000 2.686740 0.059229 0.527863
0.482813 0.164975 0.136203 0.416131 0.054573 0.080642 0.500000 0.125000 2.498122 0.052011 0.602673
0.488937 0.162250 0.136803 0.395261 0.046365 0.066430 0.375000 0.125000 2.335427 0.045784 0.602673
0.503530 0.146562 0.129462 0.389280 0.049611 0.062004 0.375000 0.000000 2.480650 0.051342 0.602323
0.497759 0.150838 0.132982 0.412693 0.063823 0.050685 0.375000 0.750000 2.643791 0.057585 0.602323
0.511110 0.149822 0.132838 0.403699 0.068127 0.041074 0.000000 0.125000 2.641512 0.057498 0.527513
0.523925 0.147334 0.135251 0.400965 0.060474 0.036574 0.875000 0.625000 2.555569 0.054209 0.602373
0.593330 0.186764 0.168653 0.456052 0.065903 0.059564 0.500000 0.000000 2.799885 0.063559 0.527563
0.580836 0.194072 0.171864 0.449979 0.048571 0.070690 0.500000 0.125000 2.722754 0.060607 0.452702
0.592658 0.183650 0.169842 0.447595 0.066169 0.081457 0.625000 0.250000 3.052653 0.073233 0.377892
0.595836 0.183952 0.170554 0.453026 0.085158 0.069362 0.625000 0.375000 3.300068 0.082702 0.377892
0.574661 0.180328 0.167503 0.457225 0.083050 0.053760 0.125000 0.250000 3.067849 0.073815 0.377892
0.572781 0.179768 0.168322 0.472289 0.109208 0.047917 0.125000 0.000000 2.992621 0.070936 0.377892
0.541832 0.184807 0.176074 0.470715 0.141481 0.053239 0.500000 1.250000 3.203385 0.079002 0.377892
0.511438 0.173247 0.154337 0.463441 0.112135 0.058616 0.625000 1.250000 2.919595 0.068141 0.377542
0.532717 0.200066 0.184210 0.504764 0.087602 0.117014 0.375000 0.625000 3.396926 0.086409 0.527513
0.495846 0.177089 0.158685 0.477276 0.043543 0.103660 0.750000 0.375000 2.801393 0.063617 0.527513
0.482944 0.186839 0.162490 0.490793 0.057599 0.092937 0.250000 0.375000 2.669444 0.058567 0.602323
0.497469 0.172762 0.150392 0.454662 0.090932 0.078134 0.625000 0.375000 2.707300 0.060016 0.676833
0.497682 0.182804 0.155988 0.445096 0.094981 0.081658 0.500000 0.375000 2.841872 0.065166 0.863858
0.497480 0.193782 0.159630 0.470523 0.068046 0.094394 0.375000 0.625000 2.898493 0.067333 0.788998
0.541487 0.211123 0.187255 0.488582 0.084773 0.105085 0.000000 0.750000 3.338816 0.084185 0.714488
0.498729 0.350158 0.317146 0.660437 0.204980 0.135244 0.500000 0.750000 6.203348 0.193813 0.705674
0.567156 0.288144 0.268801 0.620033 0.104860 0.113955 0.375000 0.875000 4.186873 0.116641 0.705674
0.585167 0.287017 0.264599 0.604661 0.092272 0.110299 0.250000 0.250000 4.070238 0.112177 0.705674
0.609174 0.300923 0.269288 0.623270 0.101999 0.108264 0.125000 0.750000 4.364346 0.123433 0.705237
0.643144 0.262715 0.243294 0.570355 0.151791 0.120654 0.750000 0.750000 5.421514 0.163892 0.658918
0.644343 0.271716 0.247334 0.589033 0.181280 0.146483 0.875000 0.750000 6.000235 0.186040 0.752868
0.644561 0.279215 0.252598 0.583351 0.188000 0.144502 0.125000 0.250000 5.504590 0.167071 0.752868
0.586202 0.257339 0.237024 0.536489 0.162990 0.099022 0.125000 0.375000 4.324311 0.121901 0.752743
0.578774 0.258623 0.241008 0.545038 0.155377 0.077487 0.125000 0.500000 4.221592 0.117969 0.753243
0.643556 0.201048 0.192659 0.470316 0.116667 0.062701 0.375000 0.375000 3.673472 0.096992 0.753243
0.632450 0.295423 0.266483 0.584007 0.092798 0.096367 0.250000 0.125000 3.771522 0.100745 0.659355
0.634138 0.289785 0.260091 0.577920 0.069163 0.132242 0.750000 0.125000 3.828333 0.102919 0.586665
0.694540 0.211890 0.203371 0.493846 0.094445 0.121687 1.125000 0.000000 3.894571 0.105454 0.503154
0.647483 0.285962 0.250478 0.564665 0.169021 0.129907 0.750000 0.000000 5.377066 0.162191 0.472268
0.616134 0.294729 0.261446 0.584459 0.183025 0.107715 0.000000 0.125000 5.264807 0.157894 0.471830
0.612834 0.288871 0.254479 0.567614 0.176572 0.106474 0.000000 0.125000 4.834550 0.141428 0.431557
0.596922 0.268230 0.245263 0.556462 0.182125 0.116146 0.125000 0.000000 4.623227 0.133340 0.431557
0.592505 0.269542 0.237459 0.573383 0.135504 0.111549 0.000000 0.625000 3.949628 0.107561 0.471392
0.542514 0.232830 0.213481 0.506393 0.056231 0.094227 0.250000 0.375000 3.072263 0.073984 0.471392
0.571150 0.248903 0.224491 0.510923 0.114856 0.100530 0.000000 0.250000 3.959844 0.107952 0.470955
0.552169 0.218444 0.199348 0.477776 0.129607 0.116256 0.250000 1.125000 4.371999 0.123726 0.564905
0.593205 0.188834 0.167644 0.452173 0.085518 0.041101 0.500000 0.625000 3.268510 0.081494 0.658043
0.590615 0.185535 0.171278 0.432856 0.079045 0.058889 0.625000 0.625000 3.146833 0.076837 0.751993
0.591069 0.176426 0.170833 0.431305 0.096163 0.075582 0.375000 0.625000 3.328191 0.083778 0.752188
0.588973 0.190859 0.180571 0.449701 0.096995 0.091718 0.625000 0.750000 3.288144 0.082245 0.752188
0.595146 0.176093 0.172239 0.431268 0.066958 0.105370 0.000000 1.250000 3.095482 0.074872 0.752343
0.622434 0.173809 0.168249 0.404462 0.042955 0.097885 0.625000 0.500000 2.867485 0.066146 0.751993
0.649256 0.165632 0.156779 0.386766 0.052253 0.091080 0.500000 0.875000 2.804523 0.063737 0.752343
0.699535 0.129268 0.117139 0.347895 0.078446 0.055766 0.000000 0.750000 2.672829 0.058697 0.751993
0.722498 0.116366 0.112587 0.310258 0.092793 0.056080 0.000000 0.500000 2.952954 0.069417 0.752343
0.739760 0.116259 0.111161 0.301490 0.088216 0.046668 1.125000 0.125000 2.773006 0.062531 0.751993
0.748465 0.117218 0.111489 0.319659 0.056279 0.043493 1.375000 0.500000 2.251707 0.042580 0.752343
0.775095 0.120456 0.107261 0.341670 0.025961 0.053629 0.250000 0.625000 1.994071 0.032720 0.751993
0.779736 0.096182 0.088178 0.290561 0.007241 0.060957 0.375000 0.625000 1.901483 0.029177 0.751993
0.784737 0.094142 0.083854 0.272065 0.001072 0.066394 0.375000 0.625000 1.930843 0.030300 0.751993
0.801039 0.104215 0.093551 0.288267 0.009842 0.065877 0.375000 0.000000 2.021109 0.033755 0.751643
0.809318 0.103129 0.095171 0.290119 0.026429 0.058860 0.375000 0.625000 2.066557 0.035494 0.751993
0.810976 0.110017 0.099145 0.306410 0.037768 0.054737 0.125000 0.750000 2.151434 0.038742 0.751643
0.835077 0.111016 0.098808 0.306410 0.049232 0.053672 0.125000 0.000000 2.313580 0.044948 0.751643
0.853119 0.113532 0.098576 0.322113 0.048506 0.049262 0.125000 0.500000 2.317647 0.045104 0.751643
0.856249 0.111264 0.091218 0.305687 0.045706 0.041514 0.125000 0.250000 2.112979 0.037271 0.751993
0.862207 0.110502 0.090098 0.295221 0.051094 0.044601 0.125000 0.250000 2.117690 0.037451 0.751799
0.864003 0.107495 0.084451 0.267693 0.041381 0.056095 0.000000 0.250000 2.257795 0.042813 0.751993
0.923385 0.112522 0.094058 0.271804 0.018022 0.047865 0.500000 0.500000 2.268723 0.043231 0.751993
0.887648 0.096152 0.072692 0.253866 0.004959 0.032597 0.250000 0.500000 1.974331 0.031965 0.751993
0.876889 0.097705 0.074884 0.261733 -0.000147 0.012220 0.250000 0.625000 1.601934 0.017713 0.752431
0.805409 0.133541 0.116806 0.318264 0.039712 0.028406 0.125000 0.000000 1.892156 0.028820 0.751993
0.931516 0.119146 0.099441 0.324594 0.028357 -0.006843 1.000000 0.125000 1.447762 0.011812 0.752431
0.939637 0.116845 0.101302 0.316184 0.021367 0.008699 1.250000 0.250000 1.502783 0.013918 0.752431
0.852241 0.078011 0.062074 0.209442 0.008678 0.035186 0.125000 0.125000 1.461599 0.012342 0.752431
0.836029 0.085801 0.074894 0.228059 0.018056 0.055733 0.500000 0.125000 1.700917 0.021501 0.751993
0.848910 0.080340 0.074483 0.219407 0.035769 0.041024 0.375000 0.250000 1.819280 0.026031 0.751799
0.855932 0.084696 0.074766 0.251714 0.033781 0.024092 0.250000 0.375000 1.801776 0.025361 0.751993
0.956482 0.136655 0.131269 0.410397 0.040357 0.070490 0.250000 0.375000 2.455454 0.050378 0.751799
0.923549 0.234430 0.229471 0.566343 0.025880 0.162074 0.125000 0.375000 3.816233 0.102456 0.751799
0.907778 0.222159 0.225161 0.534896 0.038710 0.163529 0.125000 0.000000 4.004104 0.109646 0.751410
0.941926 0.243926 0.255841 0.527187 0.069082 0.137018 0.000000 0.750000 3.987073 0.108994 0.751410
0.913905 0.247596 0.274750 0.495036 0.061755 0.099860 0.375000 0.250000 3.664131 0.096635 0.751118
0.910600 0.265373 0.278684 0.526883 0.036169 0.077935 0.375000 0.375000 4.183468 0.116510 0.657605
0.839705 0.317373 0.330958 0.598728 0.122834 0.137292 0.250000 0.375000 6.929322 0.221597 0.563655
0.823587 0.315344 0.335184 0.583785 0.263460 0.244322 0.750000 0.375000 8.932005 0.298242 0.564093
0.741130 0.279897 0.288686 0.527036 0.228005 0.209063 0.125000 0.500000 6.492933 0.204896 0.564093
0.723929 0.277858 0.285522 0.508711 0.207522 0.161341 0.125000 0.375000 5.522349 0.167751 0.563655
0.716379 0.274249 0.272557 0.489629 0.158926 0.132409 0.625000 1.125000 4.952501 0.145942 0.584776
0.801864 0.116638 0.140701 0.307349 0.075935 0.079844 0.125000 0.125000 3.149930 0.076956 0.584776
0.808669 0.113994 0.142320 0.288651 0.095771 0.067453 0.750000 0.125000 3.011590 0.071661 0.585165
0.836743 0.121741 0.140713 0.306410 0.121859 0.048695 0.750000 0.125000 2.916794 0.068034 0.502042
0.899686 0.106996 0.108882 0.288651 0.061123 0.035234 0.750000 0.375000 2.189247 0.040190 0.527213
0.852264 0.137650 0.142324 0.356075 0.044594 0.070269 0.500000 0.375000 2.507367 0.052364 0.602023
0.919989 0.118065 0.117350 0.300053 0.038509 0.049494 0.000000 0.500000 2.225227 0.041567 0.677183
0.927514 0.125254 0.116769 0.310258 0.061855 0.035695 0.500000 0.250000 2.430915 0.049438 0.677183
0.952523 0.123762 0.116710 0.304505 0.065281 0.036058 0.375000 0.250000 2.551859 0.054067 0.677183
1.049798 0.174772 0.147935 0.384653 0.042156 0.104404 0.375000 0.250000 3.011341 0.071652 0.677533
1.004573 0.212900 0.187839 0.474344 0.034766 0.129565 0.375000 0.000000 3.368665 0.085327 0.564968
1.028330 0.206141 0.176074 0.452328 0.038902 0.175911 0.500000 0.000000 4.025433 0.110462 0.564968
1.046204 0.203585 0.170963 0.478454 0.041664 0.178080 0.750000 0.375000 4.084022 0.112705 0.564968
1.054974 0.205764 0.175048 0.468480 0.034635 0.136916 0.750000 0.375000 3.368988 0.085339 0.639778
1.040218 0.187141 0.179149 0.433584 0.031403 0.085843 0.000000 0.500000 2.637080 0.057329 0.564918
1.026520 0.168952 0.174546 0.400929 0.037159 0.048752 0.500000 0.375000 2.368664 0.047056 0.564918
1.037495 0.159083 0.174313 0.373900 0.038812 0.040452 0.375000 0.375000 2.259112 0.042863 0.543937
1.077996 0.215719 0.237624 0.423578 0.061662 0.095347 0.375000 0.125000 3.265299 0.081371 0.517711
1.067726 0.294147 0.307189 0.520404 0.087198 0.141110 0.125000 0.125000 4.184200 0.116538 0.518149
0.985771 0.280876 0.310162 0.550769 0.192077 0.140018 0.125000 1.000000 5.457060 0.165252 0.517711
0.927007 0.291698 0.323913 0.553606 0.297329 0.108256 0.000000 0.375000 6.974325 0.223319 0.657980
0.885827 0.319828 0.347435 0.588157 0.306419 0.074548 0.500000 0.500000 7.234733 0.233285 0.657980
0.831926 0.313519 0.350540 0.571628 0.226861 0.064357 0.625000 0.375000 7.358976 0.238040 0.657980
0.801864 0.309786 0.342447 0.583312 0.166096 0.081164 0.625000 0.000000 8.751026 0.291315 0.657980
0.812582 0.301023 0.332915 0.609308 0.145653 0.119726 0.500000 0.000000 8.899262 0.296989 0.844631
0.832748 0.314278 0.325440 0.654665 0.134940 0.165841 0.500000 1.125000 7.367524 0.238367 0.844631
0.818835 0.320926 0.324397 0.659154 0.155842 0.197352 0.375000 0.125000 6.189646 0.193289 0.834532
0.802700 0.252169 0.247275 0.569965 0.135855 0.079269 0.000000 0.250000 4.096778 0.113193 0.826103
0.762418 0.243692 0.227811 0.569713 0.144705 0.081245 0.000000 0.875000 4.129590 0.114448 0.825753
0.885560 0.225741 0.205481 0.547990 0.087766 0.050780 0.375000 1.125000 3.417094 0.087181 0.825753
0.851293 0.262938 0.244396 0.587806 0.102580 0.072107 0.750000 1.000000 3.659901 0.096473 0.825753
0.866949 0.251805 0.240113 0.568881 0.103424 0.081334 0.875000 0.500000 3.726728 0.099031 0.834143
0.938561 0.207925 0.200996 0.523618 0.109860 0.107331 0.875000 0.125000 3.696494 0.097873 0.834143
0.858173 0.265580 0.264257 0.588045 0.085096 0.122258 0.625000 0.500000 4.203188 0.117265 0.844631
0.859935 0.280194 0.271676 0.640074 0.078308 0.131653 0.000000 0.375000 4.308875 0.121310 0.751555
0.867959 0.274400 0.272948 0.620718 0.069592 0.145578 1.125000 0.375000 4.402094 0.124877 0.751743
0.803570 0.300266 0.309027 0.682273 0.162404 0.161801 0.500000 0.375000 5.448335 0.164918 0.751410
0.794904 0.314094 0.318812 0.679291 0.252519 0.124593 0.500000 0.250000 6.574370 0.208013 0.751410
0.807258 0.357128 0.387725 0.698161 0.415868 0.110922 0.125000 0.000000 9.300341 0.312338 0.751643
0.722340 0.340395 0.371270 0.709734 0.351411 0.189920 0.125000 0.750000 8.533979 0.283009 0.751993
0.738455 0.389642 0.417382 0.709952 0.266712 0.236824 0.000000 0.750000 7.824297 0.255849 0.752868
0.659935 0.358508 0.375111 0.736559 0.275468 0.252585 0.500000 1.250000 7.430894 0.240793 0.752343
0.771164 0.424191 0.409254 0.798964 0.354239 0.241801 0.000000 0.375000 8.235355 0.271580 0.602023
0.827691 0.435282 0.408340 0.801486 0.294992 0.258605 0.000000 0.250000 8.395167 0.277696 0.627309
0.921643 0.380489 0.357592 0.730699 0.254857 0.194230 0.000000 0.250000 7.993693 0.262332 0.689068
0.940408 0.373100 0.356152 0.726853 0.278799 0.184281 0.625000 0.375000 8.424870 0.278833 0.591364
1.010872 0.350650 0.310495 0.712502 0.148651 0.177587 0.750000 0.125000 5.923129 0.183089 0.591364
1.070209 0.345894 0.313094 0.691955 0.089612 0.160810 0.250000 0.000000 5.118078 0.152279 0.564884
1.093983 0.293518 0.261011 0.635971 0.113925 0.103839 0.875000 0.250000 4.535881 0.129998 0.484921
1.110152 0.295169 0.264647 0.627735 0.123739 0.096182 1.500000 0.125000 4.436781 0.126205 0.484921
1.180822 0.221674 0.213118 0.542704 0.105160 0.111260 0.000000 0.125000 4.159859 0.115607 0.440117
1.213796 0.215712 0.212296 0.522885 0.090483 0.069418 0.000000 0.125000 3.557479 0.092553 0.378092
1.171591 0.284623 0.290439 0.586418 0.093041 0.155167 0.000000 0.750000 4.997826 0.147677 0.472080
1.078089 0.244369 0.274302 0.519353 0.095069 0.099588 0.000000 0.125000 4.081810 0.112620 0.284179
1.031386 0.245712 0.281423 0.504914 0.134762 0.140282 0.750000 0.375000 4.919943 0.144696 -0.182759
1.038473 0.237844 0.286941 0.478367 0.207841 0.159263 0.500000 0.250000 5.759507 0.176827 -0.370534
1.060672 0.226826 0.287509 0.445823 0.215409 0.150456 0.375000 0.250000 5.478881 0.166087 0.003241
0.938890 0.277489 0.328473 0.462046 0.268059 0.202492 0.625000 0.250000 7.036708 0.225707 -0.121209
1.048911 0.190278 0.277725 0.398128 0.141711 0.094753 0.000000 0.500000 6.413764 0.201866 0.002975
1.068495 0.199140 0.263080 0.411842 0.097417 0.096263 0.500000 0.375000 7.123518 0.229029 -0.050187
1.085125 0.240124 0.304792 0.488116 0.119694 0.139670 0.625000 0.375000 7.373048 0.238579 -0.050187
1.073042 0.225692 0.263599 0.470715 0.210620 0.116201 0.000000 0.625000 5.423755 0.163977 -0.043646
1.057915 0.156551 0.184665 0.354522 0.128242 0.046878 0.000000 0.375000 3.277718 0.081846 -0.043646
1.172528 0.204952 0.229733 0.443576 0.102196 0.068334 0.000000 0.500000 3.584463 0.093586 -0.050187
1.187720 0.206659 0.229431 0.443110 0.052767 0.095561 0.125000 0.625000 3.540698 0.091911 0.065358
1.142202 0.193668 0.216022 0.408275 0.069688 0.130947 0.250000 0.500000 3.863025 0.104247 0.065358
1.064261 0.157366 0.176048 0.343018 0.094652 0.107810 0.250000 0.250000 3.412879 0.087019 -0.221239
1.156532 0.192339 0.213971 0.432086 0.148689 0.119721 0.500000 0.000000 4.431395 0.125999 0.077501
1.074815 0.166927 0.175337 0.398941 0.130637 0.115017 0.000000 0.000000 4.092348 0.113023 0.078202
1.110013 0.152753 0.184342 0.366729 0.127311 0.161808 0.000000 0.000000 4.535732 0.129992 0.190042
1.095010 0.150565 0.189679 0.350591 0.142571 0.127943 0.500000 1.750000 4.422303 0.125651 0.377642
1.064156 0.146918 0.186799 0.350591 0.109203 0.055310 0.375000 0.250000 3.185853 0.078331 0.527263
1.064966 0.129566 0.177310 0.331567 0.055476 0.041764 0.250000 0.500000 2.452391 0.050260 0.527263
1.043926 0.120008 0.167761 0.308654 0.027033 0.059523 0.250000 0.500000 2.531509 0.053288 0.527263
1.006450 0.138999 0.190050 0.372306 0.026254 0.121680 0.375000 0.375000 3.722380 0.098864 0.527263
0.998560 0.153891 0.206881 0.432049 0.038201 0.116446 0.750000 0.250000 4.813251 0.140613 0.677483
1.012861 0.204656 0.266129 0.488116 0.098768 0.145161 0.875000 0.000000 6.149927 0.191769 0.627268
0.961882 0.233967 0.293646 0.503525 0.118937 0.147072 0.000000 0.750000 5.389802 0.162678 0.627268
0.868120 0.221408 0.263293 0.488643 0.090628 0.093527 0.000000 0.875000 3.795632 0.101668 0.502501
0.756560 0.267475 0.281993 0.527354 0.106029 0.074934 0.500000 0.125000 4.503741 0.128768 0.537893
0.694441 0.395614 0.411717 0.663950 0.233694 0.099348 1.500000 0.375000 7.938277 0.260211 0.590793
0.702193 0.389121 0.416160 0.654293 0.181748 0.225865 0.250000 1.125000 8.122772 0.267272 0.590793
0.736247 0.459361 0.461720 0.723526 0.149361 0.403448 0.250000 0.125000 8.902433 0.297110 0.590793
0.720879 0.484423 0.471412 0.741245 0.191952 0.426853 1.250000 0.000000 9.205856 0.308722 0.590793
0.719472 0.490648 0.459651 0.761792 0.256661 0.367074 0.000000 0.000000 8.885016 0.296443 0.590793
0.721075 0.523644 0.473526 0.777819 0.311294 0.401905 0.500000 0.125000 10.165669 0.345455 0.688401
0.769604 0.505670 0.464030 0.749819 0.278740 0.441324 0.375000 0.000000 11.331110 0.390058 0.751326
0.764543 0.492767 0.461830 0.735080 0.205112 0.415528 0.250000 0.875000 10.365191 0.353091 0.751910
0.800225 0.474799 0.455382 0.730904 0.216724 0.385303 0.125000 0.250000 9.356858 0.314501 0.876677
0.852762 0.450114 0.420863 0.754438 0.200897 0.249678 0.125000 0.000000 7.531912 0.244659 0.876677
0.943846 0.404215 0.374142 0.756450 0.127652 0.245122 0.375000 0.000000 6.734119 0.214126 0.752576
0.927419 0.327890 0.297470 0.689297 0.154947 0.189980 0.375000 0.625000 5.723979 0.175467 0.752576
0.918707 0.340409 0.302569 0.719217 0.177784 0.230679 0.375000 0.625000 6.049047 0.187908 0.752743
0.947303 0.349735 0.311170 0.715848 0.165660 0.215104 0.250000 0.500000 5.721404 0.175369 0.752431
0.994760 0.345848 0.316889 0.701099 0.120704 0.152766 0.250000 0.500000 5.072927 0.150551 0.752431
0.992249 0.351568 0.318662 0.707710 0.087536 0.108407 0.250000 0.125000 4.617763 0.133131 0.627504
0.941949 0.365065 0.333968 0.736773 0.101497 0.114202 0.000000 0.000000 4.649026 0.134328 0.611724
0.936864 0.357651 0.325455 0.703194 0.131437 0.159403 0.000000 0.000000 4.897847 0.143850 0.591436
0.893530 0.344260 0.325256 0.682603 0.132797 0.238121 0.250000 0.000000 5.439660 0.164586 0.591436
0.879664 0.328472 0.314294 0.658924 0.157214 0.261276 0.625000 0.125000 6.880420 0.219725 0.484992
0.802759 0.270026 0.258374 0.594830 0.168608 0.172955 0.625000 0.875000 8.354358 0.276135 0.431057
0.846150 0.268921 0.260116 0.598988 0.127112 0.199866 0.250000 0.500000 8.272233 0.272992 0.431557
0.828511 0.261705 0.253222 0.574020 0.111865 0.206882 0.375000 0.250000 5.799015 0.178339 0.377621
0.883785 0.225607 0.222096 0.530915 0.129394 0.138962 0.375000 0.250000 4.361122 0.123309 0.271178
0.882847 0.233914 0.221146 0.582720 0.102223 0.134038 0.250000 0.250000 4.008077 0.109798 0.144035
0.813772 0.105949 0.095722 0.331665 0.037384 0.045849 0.250000 0.250000 2.082141 0.036091 0.237548
0.906569 0.145834 0.120052 0.416403 0.012613 0.061273 0.125000 0.000000 2.129305 0.037896 0.294903
0.916679 0.131466 0.106701 0.384619 0.018469 0.055843 0.000000 0.500000 2.190588 0.040241 0.303357
0.928799 0.130596 0.106001 0.369454 0.034873 0.051576 0.000000 0.500000 2.344261 0.046122 0.253314
0.916597 0.134316 0.112316 0.367349 0.039126 0.048387 0.125000 0.625000 2.263470 0.043030 0.336492
0.918307 0.132403 0.110423 0.357711 0.053906 0.044008 0.125000 0.125000 2.298183 0.044359 0.331530
0.905239 0.136875 0.115078 0.374499 0.063946 0.046643 0.375000 0.750000 2.324910 0.045382 0.331530
0.921483 0.125606 0.108599 0.332026 0.048557 0.055232 0.500000 0.000000 2.183715 0.039978 0.325149
0.857461 0.168699 0.153998 0.402622 0.044082 0.085403 0.000000 0.750000 2.585696 0.055362 0.217849
0.844435 0.159904 0.151454 0.378435 0.047940 0.089760 0.750000 1.125000 2.791749 0.063248 0.432092
0.770284 0.175992 0.181516 0.437946 0.118137 0.087137 0.000000 1.125000 4.029032 0.110600 0.272142
0.802806 0.198481 0.214953 0.473485 0.152085 0.087823 0.250000 0.625000 5.321455 0.160062 0.191875
0.704339 0.214847 0.261757 0.482259 0.216602 0.073001 0.375000 0.625000 6.891816 0.220162 0.067108
0.559852 0.169810 0.232447 0.414238 0.184933 0.062815 0.500000 0.500000 6.608467 0.209318 0.164699
0.511754 0.158905 0.230026 0.364390 0.205283 0.096785 0.000000 0.375000 6.234731 0.195014 0.164199
0.495182 0.123155 0.185664 0.289346 0.120959 0.077483 0.500000 0.500000 3.981019 0.108763 0.237454
0.482554 0.112561 0.178783 0.248223 0.149559 0.040249 0.500000 0.625000 5.213211 0.155920 0.143504
0.445421 0.103899 0.156024 0.235929 0.121752 0.023702 0.250000 0.500000 6.587362 0.208510 0.210920
0.462523 0.084026 0.153571 0.213874 0.052233 0.047627 0.125000 0.000000 5.653932 0.172787 0.377553
0.447228 0.066844 0.148711 0.182963 0.040625 0.063987 0.000000 0.000000 3.944745 0.107374 0.330530
0.419698 0.046967 0.129230 0.082763 0.085747 0.038060 0.875000 0.875000 2.814480 0.064118 0.470486
0.468162 0.025292 0.107041 0.041821 0.087790 0.037118 0.875000 0.875000 2.763204 0.062155 0.501570
0.555491 0.054626 0.131109 0.125095 0.134450 0.056079 0.250000 0.625000 3.465276 0.089025 0.709071
0.563936 0.063489 0.131045 0.106327 0.119146 0.071915 0.250000 0.125000 3.477162 0.089479 0.625948
0.557788 0.061118 0.128792 0.112860 0.102047 0.081016 0.000000 0.875000 3.291755 0.082384 0.625948
0.562437 0.069764 0.123123 0.130085 0.117694 0.073663 0.000000 1.000000 3.433444 0.087806 0.625948
0.555479 0.068137 0.118861 0.152577 0.101791 0.052227 0.000000 0.500000 3.371197 0.085424 0.625948
0.573563 0.074527 0.119653 0.170416 0.075906 0.040317 0.000000 0.500000 3.186594 0.078359 0.667509
0.580355 0.073563 0.112994 0.160066 0.101278 0.043329 0.625000 0.625000 3.552874 0.092377 0.667120
0.570462 0.036270 0.058973 0.072910 0.007171 0.020022 0.125000 0.000000 1.884837 0.028540 0.712463
0.569627 0.042254 0.053353 0.093421 0.009793 0.039012 0.125000 0.875000 1.817978 0.025981 0.787273
0.562518 0.049062 0.056494 0.113797 0.021219 0.044023 0.750000 0.875000 1.743311 0.023123 0.787273
0.573839 0.047185 0.053226 0.109158 0.027939 0.041356 0.000000 0.375000 1.745286 0.023199 0.712114
0.589048 -0.021198 -0.011869 -0.066832 0.018015 -0.003748 0.375000 0.500000 1.143545 0.000170 0.786924
0.602305 0.057015 0.059470 0.149717 0.021174 0.049877 0.250000 0.750000 1.829765 0.026432 0.786924
0.629168 0.072102 0.077711 0.191670 0.034836 0.048037 0.375000 0.750000 1.982340 0.032271 0.790999
0.616954 0.078346 0.102958 0.196238 0.083164 0.042104 0.375000 0.000000 3.076485 0.074145 0.889607
0.584788 0.071788 0.107350 0.176671 0.034716 0.035127 0.375000 0.000000 2.114097 0.037314 0.856080
0.583953 0.105633 0.165805 0.247000 0.025287 0.056164 0.000000 0.250000 2.045641 0.034694 0.873720
0.527483 0.115801 0.184553 0.271501 0.057358 0.090220 0.375000 0.250000 2.834580 0.064887 0.749119
0.529776 0.121446 0.187826 0.292440 0.130898 0.101754 0.250000 0.250000 3.955177 0.107774 0.686777
0.481239 0.127600 0.196760 0.309896 0.206983 0.070812 0.125000 0.250000 5.581065 0.169998 0.811461
0.407509 0.167495 0.247088 0.391805 0.288058 0.071746 1.250000 0.125000 9.105609 0.304886 0.811461
0.377295 0.173703 0.252681 0.414287 0.173034 0.075992 0.125000 0.000000 9.717357 0.328298 0.823705
0.355990 0.165680 0.251814 0.380552 0.166867 0.086860 0.250000 0.375000 10.369885 0.353271 0.674084
0.307059 0.176687 0.223533 0.356372 0.149703 0.071996 1.000000 0.750000 5.368810 0.161875 0.686195
0.330756 0.168771 0.195898 0.327945 0.108090 0.054992 1.000000 0.375000 3.881043 0.104936 0.695344
0.352308 0.177397 0.201154 0.360294 0.072305 0.081072 0.125000 0.125000 3.413872 0.087057 0.695344
0.335065 0.169509 0.186543 0.356927 0.127256 0.047326 0.375000 0.000000 3.490156 0.089977 0.695344
0.399747 0.185753 0.199237 0.396575 0.133368 0.070544 0.250000 1.000000 5.282262 0.158562 0.749078
0.429232 0.186875 0.205726 0.406175 0.161433 0.110438 0.125000 0.625000 5.757769 0.176761 0.748495
0.476395 0.264452 0.270873 0.530353 0.145955 0.237390 0.000000 0.875000 6.535004 0.206506 0.498628
0.467754 0.276850 0.287371 0.574185 0.083482 0.217913 0.875000 0.875000 5.371105 0.161962 0.499211
0.487966 0.286723 0.291163 0.608489 0.074062 0.143450 0.875000 0.250000 4.799447 0.140085 0.748816
0.546265 0.314949 0.313400 0.665407 0.148209 0.100048 0.875000 0.125000 5.645285 0.172456 1.015389
0.606128 0.264277 0.262966 0.634757 0.179342 0.112133 0.750000 0.500000 5.275234 0.158293 1.069324
0.607288 0.300675 0.284985 0.671139 0.156666 0.149810 0.750000 0.125000 5.336303 0.160631 1.176196
0.630565 0.303153 0.290280 0.668683 0.159198 0.173993 0.875000 1.000000 5.751906 0.176536 1.176196
0.698398 0.301903 0.318367 0.658705 0.223378 0.187772 0.625000 0.250000 7.410050 0.239995 1.176196
0.673174 0.318486 0.324479 0.646134 0.233894 0.205823 0.625000 0.125000 7.667659 0.249854 1.176196
0.761089 0.360896 0.400977 0.688335 0.281266 0.247643 0.500000 0.125000 8.848325 0.295039 1.069823
0.796625 0.394204 0.424875 0.702091 0.167663 0.205165 0.250000 0.875000 6.255374 0.195804 1.248270
0.903911 0.552087 0.596399 0.752974 0.118340 0.164091 0.500000 0.000000 14.865106 0.525307 1.347875
0.871419 0.577289 0.615252 0.733438 0.190483 0.124361 1.000000 0.375000 25.442374 0.930110 0.898415
0.976711 0.631588 0.651067 0.798387 0.379348 0.219842 0.875000 1.250000 28.379010 1.042498 0.674833
1.015321 0.759820 0.750298 0.840193 0.489993 0.445466 0.625000 1.125000 15.497643 0.549515 0.562468
1.122745 0.848212 0.839240 0.963466 0.548546 0.649952 0.500000 1.000000 19.722579 0.711208 0.250510
1.068473 0.744966 0.744025 0.846280 0.747726 0.731928 0.375000 0.000000 21.036435 0.761490 0.000768
0.964226 0.660159 0.677272 0.774111 0.508003 0.621204 0.250000 0.000000 23.587363 0.859117 0.149964
0.888995 0.585474 0.593783 0.684701 0.516683 0.558154 0.125000 0.250000 17.070783 0.609721 0.249428
0.820888 0.538865 0.566120 0.659784 0.441648 0.501156 0.125000 0.250000 13.655080 0.478998 0.498795
0.787455 0.493162 0.520606 0.624729 0.323905 0.404073 0.250000 0.250000 12.503970 0.434944 0.534217
0.784299 0.406047 0.422001 0.585401 0.226217 0.244621 0.250000 0.125000 8.885733 0.296471 0.560783
0.741094 0.352032 0.354058 0.556582 0.076987 0.224345 0.375000 0.625000 5.566224 0.169430 0.654233
0.688590 0.263562 0.259692 0.476809 0.065211 0.122356 0.000000 0.125000 4.246070 0.118906 0.654233
0.731717 0.202623 0.192738 0.391483 0.097655 0.066214 0.625000 0.750000 3.481464 0.089644 0.664512
0.745803 0.203461 0.195510 0.400698 0.095813 0.070013 0.500000 0.875000 4.012754 0.109977 0.673085
0.759559 0.211220 0.202141 0.443576 0.119744 0.074021 0.875000 0.875000 4.174882 0.116182 0.822606
0.826325 0.190882 0.169580 0.426546 0.089110 0.066099 0.375000 1.000000 3.264764 0.081351 0.822955
0.823015 0.194554 0.176188 0.451058 0.075147 0.086223 0.375000 0.250000 3.098125 0.074973 0.822955
0.760966 0.135838 0.132323 0.384544 0.098212 0.068776 0.750000 0.125000 2.957140 0.069578 0.748145
0.734007 0.131081 0.128629 0.372076 0.095134 0.071901 0.375000 0.250000 2.976333 0.070312 0.748145
0.738908 0.137269 0.132365 0.389154 0.088621 0.061959 0.375000 0.500000 2.887268 0.066904 0.748301
0.736529 0.131450 0.126314 0.375338 0.069875 0.047942 0.375000 0.625000 2.644108 0.057598 0.665567
0.708582 0.163338 0.161640 0.435330 0.079349 0.044926 0.250000 0.000000 2.838281 0.065029 0.665178
0.662142 0.167357 0.169624 0.493050 0.101575 0.035106 0.125000 0.625000 2.853488 0.065611 0.665567
0.640302 0.151690 0.157178 0.464976 0.089358 0.046028 0.750000 0.625000 2.763188 0.062155 0.665178
0.627469 0.141408 0.150487 0.437946 0.069330 0.049779 0.125000 0.500000 2.669519 0.058570 0.748245
0.580876 0.168380 0.176610 0.507021 0.104341 0.038641 0.125000 0.875000 3.004687 0.071397 0.748245
0.590240 0.172525 0.168188 0.514883 0.185388 0.021415 0.750000 0.375000 3.550862 0.092300 0.748245
0.544522 0.240050 0.289022 0.620033 0.392362 0.085479 0.625000 0.500000 6.572520 0.207942 0.747996
0.548139 0.263066 0.317207 0.619035 0.319471 0.070655 0.750000 0.375000 5.597912 0.170643 0.748174
0.434631 0.270878 0.354318 0.579231 0.248422 0.090048 0.875000 0.875000 5.681660 0.173848 0.561407
0.366346 0.234887 0.305496 0.527566 0.196236 0.090408 0.875000 1.000000 5.203924 0.155564 0.467582
0.318392 0.232520 0.301198 0.517754 0.199810 0.086994 0.875000 0.250000 5.030200 0.148916 0.468019
0.279234 0.245688 0.309276 0.497944 0.285191 0.081494 0.250000 0.375000 5.829518 0.179506 0.467582
0.272494 0.256538 0.309336 0.510831 0.407728 0.069532 1.500000 0.750000 8.763598 0.291797 0.467582
0.240639 0.255270 0.308060 0.504175 0.511974 0.056481 1.000000 0.625000 11.955645 0.413959 0.374569
0.165495 0.221522 0.279369 0.452266 0.196878 0.040947 0.125000 0.500000 7.933870 0.260042 0.320901
0.177871 0.215454 0.268683 0.427128 0.181717 0.086175 0.375000 0.500000 5.782229 0.177697 0.107657
0.189060 0.188448 0.232751 0.384436 0.151205 0.128711 0.375000 0.000000 4.477883 0.127778 0.140818
0.170273 0.151352 0.192642 0.311525 0.153933 0.088034 0.000000 0.000000 4.150984 0.115267 0.208532
0.245563 0.104167 0.139131 0.221217 0.126376 0.063168 0.750000 0.750000 3.178890 0.078064 0.291322
0.327653 0.151298 0.171933 0.325662 0.125440 0.106838 1.000000 0.875000 3.725908 0.098999 0.374722
0.354616 0.132287 0.161098 0.266344 0.108717 0.103757 1.000000 0.750000 3.761437 0.100359 0.374333
0.363320 0.124108 0.148206 0.251390 0.084174 0.077888 0.250000 0.000000 3.340949 0.084266 0.374333
0.381095 0.113097 0.144541 0.252108 0.076399 0.062815 0.375000 0.000000 3.002498 0.071314 0.374722
0.449492 0.089019 0.120559 0.220612 0.090605 0.052445 0.375000 1.125000 2.907687 0.067685 0.374722
0.457454 0.091913 0.121840 0.229476 0.112304 0.035377 0.375000 1.250000 2.819806 0.064322 0.374722
0.461400 0.094833 0.121680 0.212857 0.108191 0.019227 0.500000 0.500000 2.445939 0.050013 0.415978
0.486959 0.088305 0.115159 0.216748 0.081019 0.019918 0.500000 0.250000 2.065433 0.035451 0.457899
0.491707 0.084641 0.113287 0.211227 0.064569 0.041164 0.375000 0.250000 2.155311 0.038891 0.374444
0.485612 0.084285 0.116104 0.215110 0.086712 0.075293 0.250000 0.125000 2.756508 0.061899 0.374444
0.468013 0.090464 0.121106 0.233311 0.126963 0.080256 0.250000 0.000000 3.284100 0.082091 0.457566
0.456665 0.096380 0.127711 0.251634 0.135655 0.046247 0.000000 0.000000 3.163688 0.077482 0.416033
0.439703 0.101097 0.134427 0.270190 0.099684 0.033579 0.000000 0.250000 2.754124 0.061808 0.416033
0.408198 0.098865 0.133780 0.264633 0.060252 0.058319 0.000000 0.500000 2.627908 0.056978 0.416033
0.378218 0.102764 0.126836 0.266437 0.053353 0.088006 0.125000 0.250000 2.733973 0.061037 0.332911
0.360452 0.104084 0.124522 0.266437 0.061511 0.087184 0.250000 0.000000 2.714670 0.060298 0.299534
0.361092 0.100289 0.120918 0.259131 0.055223 0.075388 0.500000 0.625000 2.509964 0.052464 0.374619
0.324301 0.127411 0.149440 0.304505 0.048685 0.091858 0.000000 0.125000 2.667961 0.058510 0.374269
0.301575 0.125785 0.151731 0.301232 0.032745 0.092789 0.125000 0.125000 2.599005 0.055871 0.374569
0.308345 0.187582 0.224901 0.402199 0.039707 0.108318 0.125000 0.625000 3.158026 0.077266 0.416283
0.282395 0.158391 0.186687 0.316955 0.032029 0.083011 0.250000 0.625000 2.768279 0.062350 0.457844
0.308113 0.187272 0.222083 0.385691 0.068166 0.111161 0.125000 1.250000 3.808970 0.102178 0.665511
0.296787 0.215501 0.261682 0.410824 0.089019 0.137198 0.625000 0.000000 4.734092 0.137583 0.582444
0.333340 0.224018 0.279788 0.440330 0.136128 0.143188 0.875000 0.000000 5.321534 0.160065 0.499322
0.309724 0.233916 0.287951 0.437946 0.224685 0.138526 1.125000 0.000000 5.940442 0.183752 0.561470
0.314756 0.226357 0.292279 0.445400 0.293845 0.125183 0.000000 0.625000 6.248515 0.195542 0.654920
0.262349 0.234212 0.303389 0.467636 0.309305 0.125481 0.125000 0.500000 6.038872 0.187519 0.607789
0.179498 0.217519 0.271174 0.447595 0.346120 0.154004 0.250000 0.500000 6.397993 0.201262 0.608226
0.180835 0.212295 0.264636 0.424464 0.433604 0.182123 0.500000 1.375000 7.414418 0.240162 0.561126
0.167548 0.216467 0.271336 0.408460 0.389694 0.181778 1.000000 0.125000 7.287089 0.235289 0.498684
0.179176 0.209550 0.265866 0.405454 0.210720 0.186018 0.375000 0.125000 5.994409 0.185817 0.332134
0.172643 0.202576 0.260755 0.423131 0.092643 0.187353 0.375000 0.125000 5.092608 0.151304 0.083266
0.161556 0.137316 0.153745 0.317056 0.022634 0.091249 0.625000 0.125000 2.798661 0.063512 0.041733
0.140405 0.127325 0.137719 0.292834 0.070480 0.067036 0.625000 0.125000 2.745235 0.061468 0.082933
0.073640 0.138214 0.175767 0.312569 0.212631 0.107979 0.500000 0.125000 4.476204 0.127714 -0.000206
0.073217 0.127722 0.169831 0.288785 0.305253 0.142323 0.500000 0.125000 5.795976 0.178223 -0.000206
0.103071 0.121781 0.179228 0.260300 0.213981 0.151122 0.125000 0.375000 5.120947 0.152389 0.037174
0.200402 0.141667 0.204883 0.277479 0.075697 0.138826 0.250000 0.500000 3.517041 0.091006 -0.037936
0.187134 0.136797 0.205051 0.301232 0.024125 0.087642 0.625000 0.500000 2.583015 0.055260 0.037149
0.164492 0.106727 0.162946 0.283228 0.033200 0.058498 0.500000 0.000000 2.632609 0.057158 0.111909
0.210121 0.121231 0.174379 0.292313 0.114584 0.071797 0.500000 0.375000 4.146532 0.115097 0.111909
0.204740 0.146884 0.203138 0.296583 0.181237 0.102364 0.375000 0.000000 5.325168 0.160204 0.261130
0.213247 0.152140 0.211576 0.319431 0.169699 0.090950 0.250000 0.125000 4.785457 0.139549 0.373620
0.267584 0.169820 0.258431 0.347328 0.155096 0.091623 0.125000 0.250000 4.667853 0.135048 0.298860
0.277323 0.171872 0.248817 0.356213 0.218801 0.099623 0.125000 0.375000 5.067559 0.150345 0.411000
0.238407 0.191969 0.291641 0.381008 0.498548 0.118501 0.125000 0.125000 8.187800 0.269760 0.336240
0.249618 0.185991 0.271917 0.370307 0.302474 0.118067 0.000000 0.000000 6.076214 0.188948 0.373970
0.205002 0.203982 0.302651 0.385691 0.236011 0.128216 0.625000 0.000000 6.159642 0.192141 0.448730
0.209796 0.198408 0.322543 0.396379 0.242233 0.122863 1.125000 0.750000 5.580660 0.169982 0.411025
0.187807 0.207370 0.318571 0.352557 0.409171 0.103087 0.000000 0.250000 6.744376 0.214519 0.448780
0.162349 0.219060 0.325360 0.388058 0.480052 0.120389 0.250000 0.500000 8.133444 0.267680 0.540273
0.115461 0.176305 0.259494 0.352797 0.326914 0.137664 0.250000 0.250000 6.814765 0.217213 0.374139
0.113088 0.165549 0.263149 0.324551 0.264290 0.150928 0.250000 0.250000 5.986885 0.185529 0.374139
0.093043 0.159220 0.244476 0.314943 0.311493 0.095154 0.250000 0.125000 5.722912 0.175426 0.415672
0.091434 0.166222 0.258103 0.325122 0.375966 0.042164 0.250000 0.125000 6.017252 0.186691 0.540273
0.230268 0.176737 0.286342 0.322973 0.340280 0.080423 0.375000 0.125000 7.439998 0.241141 0.607914
0.149941 0.151852 0.227383 0.296094 0.215830 0.102364 0.125000 0.375000 5.244477 0.157116 0.607477
0.125588 0.155928 0.231428 0.331665 0.212070 0.083349 0.125000 0.750000 4.452136 0.126793 0.607477
0.113349 0.156257 0.226488 0.332630 0.199726 0.063354 0.000000 0.750000 3.874762 0.104696 0.841633
0.110697 0.172660 0.250334 0.375338 0.195087 0.099377 0.125000 1.125000 5.484980 0.166321 0.700989
0.204619 0.142222 0.221358 0.324594 0.149284 0.075437 0.625000 0.625000 6.760778 0.215147 0.581473
0.179384 0.150343 0.241092 0.308346 0.166014 0.086811 0.250000 0.375000 9.277711 0.311472 0.581473
0.177493 0.152643 0.233878 0.311690 0.122380 0.120657 0.375000 0.500000 6.914179 0.221017 0.498018
0.180557 0.162323 0.249140 0.317383 0.144051 0.132158 0.500000 0.000000 5.023752 0.148669 0.498351
0.185049 0.149488 0.224080 0.290411 0.211208 0.100149 0.000000 0.125000 4.652453 0.134459 0.290684
0.183035 0.109894 0.166307 0.262447 0.134983 0.070316 0.500000 0.125000 3.925944 0.106655 0.224424
0.231244 0.110327 0.169021 0.270080 0.081242 0.068883 0.375000 0.125000 3.294483 0.082488 0.149964
0.290991 0.122516 0.187456 0.279295 0.085047 0.081423 0.125000 0.375000 3.461058 0.088863 0.149964
0.317523 0.129601 0.179913 0.291983 0.108627 0.102543 0.000000 1.000000 3.763221 0.100427 0.037399
0.256906 0.109377 0.158409 0.238078 0.126966 0.111529 1.125000 0.875000 3.831372 0.103035 0.075104
0.231861 0.115255 0.166603 0.245174 0.104942 0.120792 1.125000 0.125000 3.598421 0.094120 0.125077
0.235268 0.123004 0.172402 0.288921 0.067210 0.123369 0.750000 0.125000 3.228475 0.079962 0.042287
0.255229 0.126858 0.165126 0.302295 0.060832 0.111539 0.750000 0.125000 2.990816 0.070866 0.083821
0.284719 0.111640 0.150994 0.288785 0.088577 0.106825 0.000000 0.125000 3.159040 0.077305 0.000421
0.322848 0.097569 0.127661 0.254548 0.096039 0.047078 0.750000 0.250000 2.933530 0.068674 0.042287
0.378984 0.120483 0.167282 0.301753 0.201740 0.043909 0.875000 0.250000 4.505414 0.128832 0.094062
0.345448 0.146166 0.197310 0.354247 0.257479 0.063495 0.125000 0.125000 5.022168 0.148608 0.094062
0.371483 0.135201 0.176556 0.356394 0.127555 0.089007 0.000000 1.250000 3.579265 0.093387 -0.046113
0.405128 0.136189 0.187119 0.348750 0.037221 0.112889 0.375000 0.125000 2.883092 0.066744 -0.139564
0.453960 0.154154 0.222392 0.392361 0.060892 0.112349 0.500000 0.125000 3.383033 0.085877 -0.213243
0.506310 0.158893 0.210557 0.394466 0.123338 0.079438 0.500000 1.250000 3.901142 0.105706 0.000206
0.545179 0.153987 0.217452 0.357361 0.163382 0.067339 0.500000 0.375000 4.149816 0.115223 0.187231
0.567447 0.157298 0.221708 0.341670 0.137599 0.081519 0.375000 0.250000 4.036574 0.110889 0.233957
0.639719 0.167110 0.250485 0.338372 0.085993 0.101978 0.375000 0.750000 4.666872 0.135011 0.467582
0.726178 0.163735 0.217970 0.342337 0.054719 0.072522 0.000000 0.375000 4.149314 0.115203 0.467208
0.740172 0.170591 0.222306 0.341670 0.063540 0.093359 0.000000 0.625000 4.276659 0.120077 0.467208
0.857414 0.127775 0.178218 0.260767 0.052722 0.098500 0.000000 0.250000 3.647626 0.096003 0.654233
0.876098 0.141526 0.178517 0.281197 0.081907 0.091071 0.875000 0.375000 3.705058 0.098201 0.801217
0.896560 0.173268 0.203044 0.362809 0.126628 0.078774 1.500000 0.500000 4.196020 0.116991 0.934896
0.883407 0.164739 0.184936 0.341104 0.111766 0.073539 0.125000 0.500000 3.890875 0.105313 0.908517
0.950394 0.137653 0.143761 0.343731 0.074280 0.060726 0.000000 0.625000 2.868799 0.066197 0.855117
0.969178 0.148232 0.144208 0.384583 0.067275 0.068629 0.000000 0.125000 2.707609 0.060028 0.854617
1.001440 0.146014 0.142008 0.403183 0.043038 0.065768 0.625000 0.375000 2.452746 0.050274 0.872596
1.031146 0.170868 0.174688 0.458456 0.055235 0.054551 0.625000 0.125000 2.719561 0.060485 0.823005
1.043322 0.171342 0.171661 0.450640 0.080388 0.050506 0.875000 0.375000 3.059863 0.073509 0.972526
1.032698 0.175902 0.177952 0.463311 0.099218 0.050942 0.250000 0.250000 3.135473 0.076403 0.972526
0.869855 0.060762 0.086609 0.151922 0.035408 0.029675 0.250000 0.500000 2.189102 0.040184 0.872485
0.963908 0.087579 0.123790 0.199261 0.046049 0.028715 0.375000 0.500000 2.220824 0.041398 0.955219
0.973463 0.090949 0.119180 0.222165 0.039977 0.036727 0.625000 0.500000 2.153566 0.038824 0.955607
0.965383 0.097827 0.121916 0.238043 0.030393 0.075372 0.500000 0.375000 2.372243 0.047193 0.706407
0.954747 0.102650 0.123747 0.258389 0.034258 0.107961 0.375000 0.500000 2.790966 0.063218 0.747579
0.905871 0.109787 0.133358 0.286535 0.037769 0.115330 0.375000 0.500000 3.172261 0.077811 0.747683
0.871020 0.110744 0.143956 0.273828 0.053256 0.106197 0.375000 0.875000 3.265351 0.081373 0.654233
0.858831 0.114381 0.145005 0.299325 0.086030 0.077129 1.375000 0.375000 3.099886 0.075041 0.607883
0.779120 0.088975 0.112603 0.243045 0.070962 0.041841 0.375000 0.250000 2.321798 0.045262 0.561157
0.682064 0.106456 0.137598 0.257357 0.059886 0.051625 0.375000 0.750000 2.514055 0.052620 0.561157
0.669673 0.101889 0.135240 0.251390 0.042475 0.054782 0.375000 0.875000 2.756172 0.061886 0.415645
0.698880 0.073010 0.100209 0.192030 0.032652 0.048142 0.125000 0.875000 2.688158 0.059283 0.374257
0.684088 0.076481 0.100581 0.203696 0.029307 0.070261 0.125000 0.125000 2.608574 0.056238 0.374257
0.678003 0.070981 0.094863 0.191278 0.030735 0.076274 0.375000 1.250000 2.413439 0.048770 0.467707
0.668535 0.062956 0.091211 0.171378 0.040018 0.051345 0.750000 0.625000 2.339117 0.045925 0.701926
0.683780 0.072924 0.092790 0.220057 0.043001 0.022412 0.000000 0.625000 2.607138 0.056183 0.748439
0.697090 0.074134 0.089748 0.226305 0.046119 0.011132 0.000000 0.625000 2.827314 0.064609 0.831506
0.646466 0.094386 0.131968 0.281087 0.042706 0.033976 0.000000 0.500000 2.980089 0.070456 0.935177
0.648384 0.087217 0.126299 0.266528 0.024750 0.041408 0.125000 0.500000 2.414675 0.048817 1.075352
0.692066 0.089633 0.122613 0.275639 0.007923 0.045527 0.250000 0.500000 2.509884 0.052461 1.028596
0.669830 0.098193 0.121090 0.290263 0.000413 0.062828 0.375000 0.625000 2.565191 0.054577 1.308947
0.664041 0.095996 0.120768 0.277479 0.010239 0.073813 0.375000 0.750000 2.515549 0.052677 1.308947
0.659597 0.098389 0.122820 0.281141 0.031136 0.057728 0.250000 0.125000 2.805909 0.063790 1.262191
0.646260 0.097622 0.120639 0.257357 0.049454 0.033626 0.250000 0.500000 3.328813 0.083802 1.122015
0.660527 0.111292 0.128796 0.299325 0.083593 0.027024 0.375000 0.500000 3.224606 0.079814 0.887796
0.636808 0.103243 0.123325 0.264742 0.122609 0.023548 0.875000 0.625000 3.032840 0.072475 0.841508
0.638449 0.102805 0.121125 0.275639 0.109715 0.009575 0.250000 0.750000 2.728458 0.060826 0.748245
0.612980 0.100775 0.109064 0.281033 0.065985 0.002271 0.125000 0.750000 2.339288 0.045932 0.701739
0.675070 0.080866 0.092543 0.230719 0.032476 0.008307 0.625000 0.250000 1.810126 0.025680 0.655013
0.651569 0.087394 0.087216 0.256794 0.038254 0.030988 0.500000 0.625000 1.896252 0.028976 0.561095
0.655802 0.083398 0.085781 0.237293 0.051563 0.052412 0.500000 0.500000 2.259878 0.042893 0.468082
0.634297 0.104865 0.108239 0.298330 0.078972 0.037179 0.625000 0.500000 2.514512 0.052638 0.468082
0.402550 0.065345 0.069705 0.151051 0.011322 0.023160 0.750000 0.000000 1.662302 0.020023 0.426346
0.399147 0.010385 0.018875 0.020160 0.003740 0.007207 0.125000 0.125000 1.383622 0.009358 0.419671
0.414110 0.012950 0.019389 0.012008 -0.001634 0.024325 0.250000 0.125000 1.697170 0.021357 0.606572
0.434730 0.008635 0.018504 -0.006639 0.000722 0.028426 0.250000 0.625000 1.699398 0.021443 0.793909
0.421286 0.014354 0.023893 0.011090 0.012575 0.011648 0.125000 0.500000 1.423131 0.010870 0.705602
0.403847 0.010651 0.025938 0.004903 0.018797 -0.001924 0.250000 0.375000 1.297768 0.006072 0.705602
0.418676 0.014579 0.024791 0.005902 0.011168 -0.002368 0.000000 0.250000 1.187362 0.001846 0.789057
0.426865 0.016829 0.027155 0.012008 0.000606 0.007653 0.500000 0.250000 1.212821 0.002821 0.789057
0.417914 0.016545 0.028369 0.005902 -0.001804 0.019215 0.000000 1.250000 1.398869 0.009941 0.456790
0.410411 0.015626 0.026426 0.003232 0.001616 0.019210 0.000000 0.125000 1.537058 0.015230 0.539857
0.419969 0.021840 0.034150 0.009618 0.005717 0.006454 0.125000 0.250000 1.585815 0.017096 0.623367
0.411428 0.025079 0.036726 0.014403 0.007796 -0.002409 0.625000 0.375000 1.628343 0.018723 0.664901
0.403316 0.020441 0.033881 0.002354 0.004133 0.012271 0.750000 0.375000 1.689164 0.021051 0.623367
0.389385 0.023745 0.038736 0.016047 0.002257 0.032739 0.125000 0.250000 1.686007 0.020930 0.581806
0.396048 0.033738 0.041673 0.056638 0.009845 0.027351 0.000000 0.125000 1.491791 0.013497 0.706407
0.402333 0.032658 0.041857 0.057787 0.023206 0.009941 0.875000 0.000000 1.417113 0.010639 0.710441
0.337881 0.004461 0.008975 -0.010498 0.020532 -0.019994 0.250000 0.000000 1.107609 -0.001206 0.673036
0.320369 0.001795 0.009420 -0.001515 0.031658 -0.016844 0.250000 0.875000 1.339211 0.007658 0.673385
0.319556 -0.000880 0.006083 0.001508 0.026599 -0.005260 0.125000 0.750000 1.369785 0.008828 0.598875
0.314624 0.005251 0.011483 0.029312 0.009869 0.012199 0.000000 0.750000 1.338677 0.007637 0.598875
0.307155 0.001424 0.006115 0.012470 -0.003080 0.015192 0.125000 0.500000 1.356250 0.008310 0.561470
0.308808 -0.001473 0.005098 0.006489 -0.003196 0.006820 0.750000 0.375000 1.456200 0.012135 0.412199
0.299805 0.003407 0.002808 0.023352 0.005831 0.002714 0.250000 0.125000 1.455559 0.012111 0.412523
0.292704 0.004120 0.000189 0.028830 0.008952 -0.000672 1.125000 0.375000 1.263621 0.004765 0.486959
0.217249 0.029697 0.043685 0.090987 0.021785 0.018680 1.125000 0.375000 1.483465 0.013179 0.412523
0.286727 -0.005317 -0.000189 -0.000508 -0.000495 -0.001974 0.500000 1.625000 0.972348 -0.006382 0.338063
0.283797 -0.005750 -0.004179 0.002516 -0.007305 -0.004033 0.500000 0.000000 0.952026 -0.007160 0.375118
0.284489 0.001774 -0.005631 0.021672 -0.011383 -0.002418 0.125000 0.125000 0.934539 -0.007829 0.374769
0.267653 0.005284 0.001587 0.030413 -0.006855 0.001235 0.125000 0.125000 0.992265 -0.005620 0.524389
0.203976 -0.045921 -0.041362 -0.126389 -0.000121 -0.019637 0.125000 0.125000 0.783856 -0.013596 0.487009
0.201644 0.035121 0.030056 0.121782 0.014908 0.018749 0.625000 0.125000 1.495161 0.013626 0.412199
0.182120 -0.044070 -0.038803 -0.124552 0.000523 -0.017443 0.000000 0.125000 0.901930 -0.009077 0.636230
0.129585 -0.007537 -0.010014 -0.010498 -0.002937 0.016429 0.125000 0.750000 1.134685 -0.000170 0.665123
0.138243 -0.009023 -0.010031 -0.023417 0.001938 0.011969 0.750000 1.000000 1.069690 -0.002657 0.623589
0.180807 -0.040756 -0.037474 -0.133311 0.007820 -0.014104 0.625000 0.500000 0.818618 -0.012266 0.581695
0.181672 -0.042817 -0.041612 -0.152581 0.003895 -0.015637 0.750000 0.625000 0.794724 -0.013180 0.654139
0.175879 -0.042301 -0.042915 -0.140776 -0.004061 -0.014529 0.000000 0.000000 0.787739 -0.013448 0.467239
0.183599 -0.045494 -0.041372 -0.147150 -0.007799 -0.014401 0.625000 0.125000 0.785765 -0.013523 0.374163
0.192928 -0.041691 -0.042849 -0.133311 -0.011549 -0.012597 0.500000 0.375000 0.778711 -0.013793 0.467176
0.186350 -0.041979 -0.043184 -0.135477 -0.016621 -0.009934 0.500000 0.250000 0.757005 -0.014624 0.467176
0.112689 0.000298 -0.005519 0.007081 -0.007751 0.007056 0.250000 0.125000 1.094503 -0.001707 0.513496
0.118204 0.004423 -0.001472 0.006010 -0.008230 0.001882 0.000000 0.000000 1.043885 -0.003645 0.466771
0.121862 0.007157 -0.001468 0.011513 -0.009654 0.000224 0.375000 0.000000 1.084867 -0.002076 0.415145
0.108339 0.007035 -0.002563 0.010980 -0.007821 0.004295 1.375000 0.000000 1.181671 0.001629 0.249011
0.107677 -0.000298 -0.005285 -0.014884 -0.005582 0.004380 1.250000 0.500000 1.101439 -0.001442 0.332078
0.097735 -0.003679 -0.009400 -0.019765 -0.010038 0.002814 0.500000 0.500000 0.954983 -0.007047 0.336165
0.082866 -0.016063 -0.010308 -0.079369 -0.014788 0.008680 0.625000 0.500000 0.946074 -0.007388 0.523066
0.080992 -0.013032 -0.013434 -0.081831 -0.017038 0.018057 0.625000 0.500000 1.048108 -0.003483 0.634906
0.011026 -0.046524 -0.055277 -0.173555 -0.010779 -0.019811 0.125000 0.625000 0.647049 -0.018832 0.410626
0.075474 -0.013987 -0.013978 -0.081513 0.010348 -0.012350 0.000000 0.000000 1.003909 -0.005174 0.410626
0.072916 -0.014026 -0.014038 -0.074528 0.010083 -0.012570 0.000000 0.875000 0.951968 -0.007162 0.335865
0.065389 -0.017804 -0.017745 -0.086321 -0.002153 -0.006536 0.000000 0.750000 0.914030 -0.008614 0.148965
0.065318 -0.023319 -0.011057 -0.096658 -0.005870 -0.004487 0.500000 0.000000 0.979612 -0.006104 0.073905
0.066944 -0.024086 -0.011400 -0.095190 -0.004975 -0.005093 0.375000 0.000000 1.032604 -0.004076 0.186045
0.063013 -0.020266 -0.009823 -0.071266 -0.006286 -0.007190 0.500000 0.625000 0.962795 -0.006748 0.335566
0.060928 -0.018117 -0.004457 -0.054914 -0.004043 -0.008549 0.500000 0.500000 0.886449 -0.009670 0.372946
0.064512 -0.014781 -0.006151 -0.041427 -0.000491 -0.005513 0.000000 0.000000 0.962065 -0.006776 0.298186
0.050284 -0.017493 -0.009436 -0.058520 0.004295 -0.000808 0.000000 0.125000 1.218275 0.003030 0.186045
0.048778 -0.010500 -0.001795 -0.024873 0.009894 0.002216 0.625000 0.125000 1.397525 0.009890 0.260806
0.051346 -0.004113 0.004559 0.004554 0.005986 0.005069 0.625000 0.125000 1.333292 0.007431 0.298186
0.067057 -0.008555 0.006022 -0.018364 0.000042 0.004256 0.125000 0.375000 1.191268 0.001996 0.372946
0.063834 -0.000526 0.008802 0.000508 -0.000705 0.000584 0.625000 0.375000 1.054150 -0.003252 0.522117
0.062499 0.003411 0.004798 0.010851 -0.003863 -0.001174 0.500000 0.375000 0.971362 -0.006420 0.522117
0.008016 0.045860 0.039301 0.145263 -0.003775 0.018974 0.750000 0.500000 1.309695 0.006528 0.559497
0.020047 0.049893 0.040782 0.140919 -0.009494 0.036884 0.125000 0.500000 1.438579 0.011461 0.372921
0.023728 0.046212 0.040915 0.116504 -0.007470 0.054179 0.375000 0.500000 1.599772 0.017630 0.372921
0.031176 0.036758 0.032749 0.089688 0.000936 0.057357 0.250000 0.375000 1.663952 0.020086 0.410302
0.044566 0.042813 0.039677 0.135227 -0.000002 0.051810 0.125000 0.250000 1.566915 0.016372 0.522442
0.047546 0.035194 0.034606 0.101073 -0.006153 0.043070 0.000000 0.250000 1.472992 0.012778 0.597202
0.041622 0.033979 0.030042 0.090346 -0.006569 0.032247 1.000000 0.500000 1.395964 0.009830 0.597552
0.025479 0.030178 0.027173 0.086486 -0.006208 0.028021 0.875000 0.000000 1.340297 0.007699 0.597552
0.016343 0.024117 0.027143 0.066919 -0.004569 0.022137 0.000000 0.000000 1.266632 0.004880 0.448131
0.013434 0.021546 0.026863 0.061429 -0.000823 0.011712 0.125000 0.375000 1.273910 0.005159 0.523191
0.014793 0.014232 0.026378 0.023923 0.000962 0.011504 0.250000 0.000000 1.362569 0.008552 0.498351
0.001529 0.015368 0.026047 0.036735 0.004915 0.016287 0.375000 0.375000 1.364553 0.008628 0.497991
-0.004562 0.024324 0.026687 0.071983 0.018022 0.013969 0.375000 0.750000 1.326650 0.007177 0.497991
-0.001529 0.037792 0.041488 0.094956 0.033194 0.012548 0.500000 0.000000 1.429407 0.011110 0.497603
0.015689 0.033491 0.046897 0.065244 0.032823 0.014503 0.875000 0.000000 1.498849 0.013767 0.456069
0.014286 0.034921 0.045123 0.079990 0.025580 0.013600 0.375000 0.125000 1.404379 0.010152 0.539136
0.008724 0.025418 0.044973 0.037192 0.024172 0.016855 0.375000 0.375000 1.380720 0.009246 0.455681
0.028080 0.023166 0.042950 0.017767 0.019030 0.020289 0.125000 0.750000 1.400656 0.010009 0.455681
0.035569 0.027669 0.042099 0.019941 0.026358 0.011056 0.250000 0.250000 1.569266 0.016462 0.621704
0.024421 0.031333 0.047432 0.034157 0.044357 -0.001917 0.250000 0.875000 2.053737 0.035003 0.662904
0.013866 0.033125 0.043564 0.068322 0.038625 -0.003362 0.250000 0.000000 2.200998 0.040639 0.559148
0.011135 0.032613 0.043774 0.067325 0.025816 0.001944 0.250000 0.000000 1.770165 0.024151 0.596528
0.011902 0.031016 0.044592 0.078703 0.031598 0.002961 0.250000 0.000000 1.502725 0.013916 0.596528
0.009590 0.026785 0.038387 0.075543 0.034879 0.003923 0.250000 0.000000 1.528288 0.014894 0.597227
-0.073462 0.001941 0.000409 0.004554 0.013118 -0.002846 0.125000 0.000000 1.234498 0.003650 0.522467
-0.077611 0.001608 0.005268 -0.003509 0.004609 0.002302 0.250000 0.375000 1.120120 -0.000727 0.447707
-0.036309 0.038838 0.038289 0.101576 -0.003649 0.014835 0.125000 0.375000 1.202010 0.002407 0.522467
-0.096155 0.010756 0.007169 0.042375 0.002926 0.000959 0.125000 0.375000 0.995396 -0.005500 0.522467
-0.102322 0.005359 0.003865 0.016342 0.007406 0.004134 0.125000 0.500000 1.109794 -0.001122 0.497935
-0.038998 0.038803 0.035829 0.110188 0.015167 0.023832 0.000000 0.125000 1.520447 0.014594 0.539468
-0.028104 0.039695 0.040638 0.102066 0.019976 0.017660 0.750000 0.000000 1.516600 0.014447 0.664069
-0.005016 -0.046879 -0.044291 -0.128966 0.005947 -0.025790 1.000000 0.500000 0.766557 -0.014258 0.497935
-0.019204 0.027996 0.031549 0.047752 0.010594 0.040803 0.875000 1.000000 1.533867 0.015108 0.497935
-0.028653 0.028079 0.033828 0.055534 0.003643 0.039398 0.250000 0.875000 1.487813 0.013345 0.466396
-0.002134 0.023991 0.036017 0.038457 0.000178 0.017518 0.500000 0.375000 1.463926 0.012431 0.419671
-0.065614 -0.007075 -0.003949 -0.017277 -0.008564 -0.012124 0.375000 0.000000 0.986793 -0.005829 0.420108
-0.064588 -0.011886 -0.009737 -0.026385 -0.005135 -0.005607 0.500000 0.125000 0.990341 -0.005694 0.466833
-0.055974 -0.012138 -0.009379 -0.042384 0.002670 -0.001057 0.625000 0.125000 1.002510 -0.005228 0.373383
-0.015916 0.005611 0.027744 -0.006298 0.027138 0.007934 0.625000 0.250000 1.350228 0.008080 0.373334
-0.069379 -0.013977 -0.007576 -0.036962 0.030298 -0.004536 0.625000 0.125000 1.264732 0.004808 0.206923
-0.075786 -0.018702 -0.009812 -0.055378 0.029369 -0.003611 0.000000 0.125000 1.309849 0.006534 0.165390
-0.082284 -0.020880 -0.015417 -0.075733 0.012307 -0.000511 0.000000 0.000000 1.121612 -0.000670 0.331524
-0.135257 0.034144 0.029685 0.087445 0.010499 0.012974 0.125000 0.250000 1.215243 0.002913 0.331524
-0.140959 0.029349 0.025139 0.068788 0.009552 0.007797 0.750000 0.125000 1.224915 0.003284 0.298286
-0.100225 -0.025299 -0.018366 -0.101507 0.013833 -0.010413 0.000000 0.000000 1.186868 0.001828 0.335966
-0.101488 -0.026673 -0.018738 -0.091203 0.007404 -0.013194 0.000000 0.000000 0.995239 -0.005506 0.289935
-0.104576 -0.028173 -0.017868 -0.101867 -0.000792 -0.010631 0.000000 0.750000 0.798451 -0.013038 0.165334
-0.103765 -0.025218 -0.018859 -0.089070 -0.001957 -0.005341 0.000000 0.125000 0.870434 -0.010283 0.248401
-0.101221 -0.016515 -0.019027 -0.068275 0.002656 -0.000224 1.000000 0.750000 1.014144 -0.004783 0.290323
-0.100685 -0.020572 -0.019097 -0.078553 0.001969 0.004515 0.625000 0.375000 1.006307 -0.005083 0.373667
-0.161798 0.027953 0.029705 0.078262 0.000002 0.025543 0.750000 0.625000 1.278241 0.005324 0.373757
-0.148841 0.127577 0.139930 0.283228 0.029408 0.055890 0.875000 0.125000 2.034943 0.034284 0.320473
-0.189555 0.147047 0.181953 0.312323 0.029709 0.069825 1.000000 0.000000 2.538732 0.053565 0.213673
-0.187412 0.168117 0.207619 0.339622 0.020948 0.107711 0.375000 0.750000 2.916038 0.068005 0.213673
-0.231809 0.198156 0.261624 0.415944 0.039599 0.124727 0.125000 0.125000 3.976296 0.108582 0.213673
-0.230515 0.262554 0.359079 0.484359 0.112317 0.125526 0.125000 0.125000 6.726114 0.213820 0.186857
-0.198240 0.285133 0.390201 0.541209 0.250800 0.127125 0.125000 0.125000 12.308748 0.427473 0.280307
-0.145456 0.331768 0.437333 0.600894 0.632356 0.130474 0.250000 0.750000 19.169767 0.690051 0.213673
-0.164457 0.357318 0.472990 0.653944 0.805852 0.134183 0.250000 0.875000 17.819521 0.638376 0.106373
-0.191839 0.397892 0.560614 0.703620 0.661259 0.233603 0.625000 0.250000 15.769415 0.559916 0.124245
-0.129701 0.390792 0.530587 0.690033 0.487452 0.195080 0.000000 0.000000 12.243845 0.424989 0.213173
-0.050653 0.352623 0.488356 0.667779 0.472021 0.194481 0.000000 0.625000 11.862906 0.410410 0.279870
0.076040 0.273156 0.353524 0.594874 0.254821 0.094390 0.125000 0.500000 7.958962 0.261002 0.279870
0.132422 0.261912 0.283730 0.566343 0.160443 0.072341 0.125000 0.750000 6.196072 0.193535 0.373320
0.188676 0.244918 0.264140 0.553838 0.175757 0.056731 0.375000 1.250000 6.040624 0.187586 0.326221
0.240450 0.250329 0.261270 0.574522 0.284652 0.090163 0.375000 0.500000 6.634286 0.210306 0.419671
0.242069 0.249900 0.262814 0.574522 0.269774 0.127607 0.375000 1.375000 5.684794 0.173968 0.419671
0.308182 0.228718 0.213963 0.562561 0.115448 0.125825 0.250000 0.375000 3.815837 0.102441 0.456401
0.403723 0.240781 0.234797 0.580538 0.054628 0.117688 0.250000 0.375000 3.457375 0.088722 0.539468
0.395552 0.242148 0.231921 0.586418 0.069881 0.108922 0.750000 0.375000 3.472761 0.089311 0.539468
0.452474 0.258889 0.242120 0.595887 0.097519 0.139526 0.500000 0.375000 4.078997 0.112512 0.622535
0.491550 0.258827 0.244699 0.600873 0.116536 0.130437 0.375000 0.125000 4.280077 0.120208 0.622535
0.510591 0.265851 0.244740 0.617244 0.110893 0.113866 0.250000 0.125000 4.368954 0.123609 0.700459
0.492072 0.326517 0.312511 0.653596 0.130949 0.177250 1.375000 0.000000 5.510132 0.167283 0.700459
0.493245 0.315108 0.300247 0.631910 0.139977 0.175383 0.500000 0.250000 5.496647 0.166767 0.840634
0.451329 0.310914 0.293187 0.612533 0.129993 0.162211 0.000000 0.375000 5.377484 0.162207 0.747559
0.443152 0.298198 0.290797 0.600351 0.113740 0.150214 0.375000 0.250000 5.624175 0.171648 0.747674
0.419140 0.299556 0.303317 0.568713 0.079513 0.125503 0.375000 0.125000 5.955050 0.184311 0.747246
0.350311 0.287107 0.302884 0.538807 0.121365 0.085002 0.250000 0.125000 6.634817 0.210326 0.747246
0.306156 0.225934 0.255984 0.481231 0.091134 0.051293 0.375000 0.500000 4.810267 0.140499 0.747175
0.240112 0.208924 0.227118 0.440926 0.099217 0.094153 0.375000 0.250000 4.265553 0.119652 0.747746
0.224984 0.206418 0.219566 0.414238 0.082592 0.137685 0.375000 0.250000 3.812747 0.102323 0.747912
0.264591 0.194824 0.223809 0.359842 0.101842 0.151875 0.250000 0.250000 4.529200 0.129742 0.747746
0.348452 0.145592 0.169120 0.271680 0.085608 0.066835 0.375000 0.250000 3.865907 0.104357 0.693883
0.423706 0.108982 0.128681 0.246677 0.024303 0.022145 0.375000 0.500000 2.578132 0.055073 0.800683
0.378078 0.142686 0.166387 0.322340 0.078641 0.050254 0.375000 0.500000 3.760665 0.100329 0.933773
0.346396 0.205404 0.238585 0.420742 0.094767 0.097832 0.500000 0.000000 4.690427 0.135912 0.933773
0.410701 0.251479 0.259845 0.462232 0.070280 0.141076 0.500000 0.375000 4.312487 0.121448 0.933773
0.467024 0.297103 0.301304 0.524704 0.037208 0.152434 0.125000 0.000000 3.712689 0.098493 0.933773
0.470031 0.374758 0.371704 0.608896 0.030078 0.168069 0.125000 0.125000 3.735171 0.099354 1.058374
0.554539 0.421172 0.411328 0.635952 0.086878 0.161698 0.750000 0.000000 6.431240 0.202535 1.057708
0.586306 0.569856 0.524002 0.763013 0.201509 0.272581 0.625000 1.000000 13.167714 0.460346 1.013285
0.565880 0.627902 0.595289 0.852008 0.310076 0.519676 0.625000 0.875000 17.952775 0.643476 1.057708
0.621250 0.650910 0.625306 0.919303 0.362153 0.698595 0.500000 0.750000 17.283009 0.617843 1.121131
0.612232 0.687282 0.660131 0.980468 0.391746 0.777717 0.500000 0.750000 15.934968 0.566252 1.121131
0.688990 0.760585 0.706225 1.028318 0.404714 0.851599 0.375000 0.500000 15.818826 0.561807 1.121131
0.764818 0.777431 0.716701 1.013103 0.441446 0.829676 0.000000 0.375000 15.841346 0.562669 1.067647
0.771859 0.746345 0.689791 0.992259 0.487921 0.839396 0.000000 0.375000 16.705077 0.595725 1.027535
0.798510 0.732406 0.676633 1.001984 0.475966 0.825536 0.000000 0.250000 16.384248 0.583446 1.067647
0.211513 0.798248 0.785536 0.910715 0.915756 0.504129 0.250000 0.250000 20.404576 0.737308 0.933648
0.291998 0.782758 0.760651 0.915478 0.905581 0.585227 0.500000 0.875000 23.056410 0.838797 0.840634
0.193936 0.801180 0.779702 0.924161 0.627516 0.556105 0.625000 0.250000 19.794210 0.713949 0.840634
0.182369 0.884451 0.844654 0.955112 0.719599 0.532385 0.750000 0.250000 16.719990 0.596296 0.840634
0.160284 0.928765 0.880410 0.946412 0.828881 0.348829 0.750000 0.250000 17.911944 0.641913 0.830202
0.221125 0.983764 0.890551 0.978382 0.635313 0.492808 0.125000 0.000000 19.251403 0.693175 0.913269
0.231209 1.049690 0.945584 0.994162 0.555620 0.696135 0.125000 0.125000 20.211929 0.729936 0.913269
0.206198 1.127837 1.001273 1.052883 0.533425 0.846209 0.125000 0.000000 20.472681 0.739915 0.830202
0.119605 1.137770 1.002519 1.051309 0.461919 1.036545 0.125000 0.125000 22.226777 0.807046 0.821857
0.200402 1.125088 1.009193 1.048678 0.633818 1.162221 0.250000 0.125000 26.471849 0.969509 0.747097
0.204057 1.092394 0.984569 0.998271 0.794677 1.188001 0.375000 0.125000 28.251342 1.037612 0.747446
0.227051 1.087842 1.012399 1.003404 0.764887 1.297548 0.375000 0.125000 29.052597 1.068277 0.747097
0.384586 1.033261 0.941947 0.986213 0.662609 1.153089 0.500000 0.125000 26.537678 0.972028 0.747135
0.236465 0.994124 0.948836 0.971495 0.839413 1.006701 0.500000 0.000000 24.960863 0.911682 0.747524
0.209845 0.946834 0.927017 0.979218 0.623245 0.950395 0.500000 0.000000 21.384985 0.774830 0.747524
0.272239 0.876319 0.872860 0.946335 0.454916 0.855598 0.000000 0.625000 17.388150 0.621867 0.747524
0.236072 0.885254 0.860839 0.940453 0.550700 0.739400 0.000000 0.500000 16.515131 0.588455 0.747524
0.213598 0.823957 0.824778 0.949555 0.646227 0.644775 0.000000 0.000000 17.507577 0.626437 0.747912
0.280405 0.815311 0.833423 0.926508 0.639522 0.764241 0.000000 0.375000 20.753576 0.750665 0.747912
0.229732 0.830940 0.801121 0.917611 0.503873 0.894178 1.625000 0.375000 21.122670 0.764791 0.747912
0.161796 0.842973 0.833426 0.931486 0.475218 1.220894 0.500000 0.375000 23.695722 0.863264 0.747524
0.118033 0.850048 0.849304 0.946590 0.496216 1.108585 0.500000 0.375000 21.938508 0.796013 0.747524
0.095242 0.867282 0.845590 0.957306 0.499501 0.884663 0.000000 0.000000 19.686265 0.709818 0.747524
0.113253 0.886700 0.860157 0.992834 0.487409 0.874038 0.000000 0.500000 20.197842 0.729396 0.747184
0.151121 0.918039 0.876915 0.980727 0.397067 0.832772 0.000000 1.250000 19.967868 0.720595 0.747246
0.087796 0.981137 0.926706 1.002399 0.434458 0.841468 0.125000 0.000000 19.638720 0.707998 0.747246
0.115272 0.916868 0.880620 1.009321 0.666201 0.846857 0.125000 0.000000 19.117070 0.688034 0.747246
0.076624 0.977287 0.967171 0.977273 1.306894 0.960123 0.000000 0.000000 25.697781 0.939885 0.747246
0.068546 0.963810 0.962180 0.965000 1.188515 1.031095 0.125000 0.750000 24.955596 0.911480 0.747246
0.172155 0.946557 0.978429 0.977273 1.000073 1.170568 0.125000 0.500000 24.969255 0.912003 0.747246
0.212458 0.960820 1.002304 0.973063 1.123333 1.209466 0.750000 0.250000 28.061528 1.030348 0.747330
0.230869 0.928977 0.970211 0.924775 1.290468 1.025802 0.500000 0.625000 28.258648 1.037892 0.622729
0.270066 0.919153 0.971189 0.931007 1.534597 0.852350 0.000000 0.500000 28.553778 1.049186 0.640446
0.399766 0.895474 0.943891 0.912458 1.519303 0.808940 0.250000 0.125000 29.096793 1.069968 0.654171
0.357171 0.853005 0.906093 0.908029 1.155166 0.787866 0.125000 0.125000 24.671299 0.900600 0.664457
0.426253 0.764456 0.833373 0.857165 0.878746 0.628921 0.125000 0.125000 19.048372 0.685405 0.664457
0.370580 0.868031 0.901306 0.911497 1.352434 0.439051 0.125000 0.750000 21.444821 0.777120 0.664457
0.460371 0.890727 0.944870 0.966523 1.352589 0.577059 0.000000 0.625000 22.572245 0.820267 0.664457
0.430377 0.863153 0.917812 0.977273 1.097269 0.841375 0.000000 0.000000 23.598707 0.859551 0.664457
0.438206 0.915804 0.954530 0.989547 0.785810 1.273331 0.500000 0.750000 25.731770 0.941185 0.664457
0.504761 0.921094 0.962291 1.025816 0.645188 1.397906 0.250000 0.375000 25.941782 0.949223 0.672686
0.535439 0.925639 0.959582 1.029258 0.540837 1.249692 0.500000 0.375000 22.006944 0.798633 0.747524
0.509188 1.003233 1.044240 1.062280 1.087811 1.266220 0.875000 0.250000 29.436554 1.082971 0.747524
0.430141 0.994431 1.021055 1.077107 1.221031 1.215282 1.000000 0.125000 29.447240 1.083380 0.747524
0.385678 0.986606 1.022724 1.076019 1.167042 1.063635 0.000000 0.250000 28.009236 1.028346 0.747524
0.416646 0.983600 1.003562 1.071589 1.134200 0.937828 0.125000 0.625000 27.043221 0.991376 0.747524
0.480915 1.040533 1.079955 1.067382 1.433322 1.105224 0.250000 0.125000 32.104441 1.185074 0.747524
0.343043 1.075051 1.100873 1.043586 1.110696 1.379376 0.375000 0.250000 30.210423 1.112588 0.747135
0.267086 1.071027 1.100548 1.044778 1.188018 1.376372 0.375000 0.875000 30.338535 1.117491 0.747135
0.207764 1.112681 1.134710 1.079867 1.314124 1.410485 0.000000 1.500000 30.916615 1.139615 0.747135
0.275351 1.022319 1.067531 1.019399 1.136580 1.344973 0.625000 0.625000 28.111571 1.032263 0.747135
0.279872 1.037290 1.096840 1.015435 1.005495 1.171841 0.250000 0.000000 26.833154 0.983336 0.747446
0.385147 0.994104 1.057072 0.990979 1.295461 1.009581 0.125000 0.000000 33.908571 1.254120 0.747446
0.363971 1.054507 1.126784 1.002627 1.626347 0.988208 0.250000 0.750000 44.077877 1.643309 0.747097
0.263289 1.132843 1.210916 1.023747 1.376370 0.963583 0.375000 0.375000 37.807097 1.403320 0.747135
0.166582 1.185853 1.214215 1.033546 0.877902 1.171323 0.375000 0.000000 30.911549 1.139421 0.664069
0.164409 1.149919 1.207385 1.054661 0.658071 1.669619 0.375000 0.000000 33.500998 1.238521 0.664069
0.199301 1.169426 1.189444 1.046005 0.909093 2.005076 0.375000 0.000000 39.831831 1.480809 0.664069
0.295928 1.083522 1.139884 1.029623 1.296437 1.538176 1.000000 0.875000 36.939453 1.370115 0.664457
0.327213 1.088734 1.155533 0.966569 1.510296 1.047491 0.125000 0.125000 33.261629 1.229361 0.664457
0.296892 1.073666 1.138251 0.974450 1.831339 0.867307 0.125000 0.375000 33.460981 1.236990 0.654171
0.265194 1.033788 1.106539 1.000984 2.046806 0.978328 0.000000 0.375000 38.096197 1.414384 0.653734
0.196298 1.114507 1.152214 1.033058 1.741449 0.849757 1.000000 0.250000 37.348048 1.385752 0.640446
0.215982 1.115634 1.145943 0.995708 1.603120 0.955425 0.250000 0.000000 35.561259 1.317370 0.640446
0.385713 1.062497 1.118007 0.975972 1.729211 1.005573 0.250000 0.000000 34.092496 1.261159 0.653734
0.489449 1.112062 1.159320 0.998492 1.510138 1.327331 0.250000 0.125000 33.991279 1.257285 0.653734
0.490715 1.106343 1.145170 0.977273 0.999470 1.508277 0.375000 0.125000 33.920636 1.254581 0.653734
0.562535 1.071688 1.103448 0.999016 0.829362 1.587626 0.500000 0.500000 37.733509 1.400504 0.653734
0.413530 1.101884 1.106226 1.002399 1.056021 1.337179 1.500000 0.000000 37.788789 1.402620 0.653297
0.417257 1.046752 1.044725 1.048525 1.128619 1.139207 0.125000 0.000000 34.847222 1.290043 0.653297
0.378287 1.078490 1.076437 1.058233 0.999927 0.997568 0.125000 0.375000 31.376500 1.157215 0.580613
0.456153 1.071482 1.067530 1.025062 0.783414 1.093276 0.375000 0.875000 27.676696 1.015620 0.497546
0.537030 0.986587 1.005945 0.990577 0.605466 1.237394 0.375000 1.000000 24.474513 0.893069 0.497546
0.585100 0.966209 0.995372 1.003985 0.773104 1.139163 1.125000 0.000000 23.360453 0.850433 0.466396
0.481817 1.020316 1.017528 1.033999 0.967520 0.896930 0.000000 0.000000 23.678427 0.862602 0.466396
0.448590 1.007886 1.006489 1.033307 1.009000 0.855039 0.000000 0.000000 25.792667 0.943516 0.533146
0.438651 0.996767 1.008931 1.041040 1.116410 0.902253 0.000000 0.000000 28.224734 1.036594 0.533146
0.412115 1.020695 1.039759 1.025996 1.311714 0.933837 0.000000 1.000000 30.182134 1.111505 0.497546
0.360756 1.027822 1.043970 1.042295 1.388897 0.870210 0.000000 0.250000 28.300131 1.039479 0.622813
0.408812 1.072743 1.075889 1.030649 1.437591 0.916348 0.125000 0.375000 28.162240 1.034202 0.598026
0.469970 1.034140 1.025962 1.012862 1.318436 0.980910 0.500000 0.375000 29.201526 1.073976 0.747546
0.468019 1.076760 1.038556 1.051007 1.126211 1.169929 0.500000 0.500000 29.416654 1.082210 1.046587
0.364628 1.044781 1.002779 1.044730 0.888144 1.205028 0.375000 0.000000 25.466552 0.931035 1.121214
0.326556 1.068850 0.998727 1.057704 0.957660 1.059355 0.125000 0.500000 24.995714 0.913016 1.121214
0.349654 1.060471 0.986243 1.040525 1.094601 0.909315 0.125000 0.000000 26.177220 0.958233 1.196107
0.417753 0.898615 0.876277 0.994706 0.795133 0.955171 0.000000 0.000000 24.453580 0.892268 0.934313
0.419896 0.764567 0.756322 0.948900 0.423620 0.953088 0.000000 0.125000 18.101393 0.649163 1.058914
0.473377 0.711905 0.669800 0.907189 0.578752 0.686612 0.000000 0.750000 16.242729 0.578030 0.800718
0.636191 0.600026 0.554749 0.855192 0.526433 0.396554 0.125000 0.500000 12.173960 0.422315 0.684447
0.568881 0.476055 0.460611 0.761772 0.441297 0.245018 0.125000 1.250000 10.262285 0.349153 0.746747
0.537562 0.455938 0.441035 0.731804 0.485018 0.172272 0.250000 0.000000 11.891464 0.411503 0.746747
0.507323 0.360768 0.359341 0.717036 0.339621 0.179579 1.000000 0.625000 10.699017 0.365867 0.960348
0.619111 0.292357 0.302512 0.632146 0.088399 0.115714 0.375000 0.750000 5.318446 0.159947 0.906947
0.613082 0.246975 0.266450 0.562561 0.118732 0.113557 0.375000 0.250000 4.815786 0.140710 0.906947
0.608065 0.250701 0.265976 0.570489 0.231085 0.103122 0.375000 1.125000 6.170236 0.192546 0.700334
0.704601 0.222422 0.226339 0.559397 0.216906 0.046357 0.250000 0.375000 5.550542 0.168830 0.653609
0.677575 0.247085 0.262390 0.561923 0.138599 0.045849 0.250000 0.375000 4.732805 0.137534 0.606884
0.660422 0.232916 0.255477 0.559221 0.062578 0.073785 0.375000 1.125000 4.214337 0.117692 0.607196
0.623247 0.238238 0.249330 0.548009 0.064270 0.089701 0.125000 0.875000 5.424016 0.163987 0.607196
0.669450 0.249039 0.251319 0.561702 0.128312 0.100852 0.000000 0.875000 6.015741 0.186633 0.653921
0.682424 0.245557 0.256039 0.534479 0.222883 0.116233 0.500000 0.375000 6.033909 0.187329 0.653921
0.612130 0.258115 0.301980 0.501574 0.450977 0.108367 0.250000 0.375000 7.118659 0.228843 0.233395
0.571660 0.277028 0.299832 0.522885 0.350114 0.070206 0.750000 0.375000 5.703599 0.174687 0.467020
0.536171 0.303366 0.322552 0.550769 0.168039 0.068547 0.625000 0.500000 4.266748 0.119698 0.467020
0.506909 0.310745 0.331511 0.547971 0.090107 0.080046 0.375000 0.500000 4.308872 0.121310 0.654046
0.449452 0.283639 0.292048 0.479859 0.168992 0.113386 0.250000 0.625000 5.501962 0.166971 0.747496
0.480712 0.304830 0.312524 0.531050 0.245686 0.106079 0.000000 0.000000 6.509328 0.205523 0.694203
0.513069 0.310210 0.334353 0.515646 0.292762 0.104231 0.875000 0.375000 7.278244 0.234951 0.934230
0.504013 0.296935 0.347023 0.502571 0.323861 0.123652 0.875000 0.375000 7.737714 0.252535 0.854510
0.412307 0.319685 0.377193 0.525946 0.424063 0.225120 0.375000 0.250000 10.294669 0.350392 0.694310
0.268570 0.367142 0.458441 0.606206 0.385470 0.207148 0.625000 0.250000 9.200656 0.308523 0.694310
0.284213 0.353007 0.432672 0.584272 0.224901 0.144933 0.750000 0.125000 7.279287 0.234991 1.014711
0.336202 0.271632 0.372137 0.464725 0.153144 0.086825 0.750000 0.125000 6.454617 0.203430 0.685570
0.344440 0.257528 0.360149 0.434699 0.218397 0.073497 1.250000 0.000000 8.436644 0.279284 0.685570
0.403133 0.271260 0.370643 0.492734 0.337086 0.101297 0.750000 0.000000 10.073047 0.341910 0.498087
0.361396 0.241006 0.341196 0.461982 0.368531 0.156954 0.750000 0.125000 10.022716 0.339984 0.622688
0.366554 0.241230 0.338047 0.423535 0.219919 0.139031 0.375000 0.500000 8.193702 0.269986 0.640410
0.384680 0.248310 0.319539 0.435457 0.199861 0.106983 0.375000 0.375000 7.695964 0.250937 0.793878
0.415438 0.228106 0.286467 0.435457 0.209562 0.043787 0.375000 0.250000 6.358392 0.199747 0.933648
0.389793 0.252107 0.288437 0.471872 0.173639 0.025845 0.250000 0.250000 5.069747 0.150429 0.980373
0.497712 0.264698 0.278334 0.483211 0.103173 0.061435 0.125000 0.500000 4.167421 0.115896 0.980373
0.520100 0.315841 0.313948 0.553815 0.069547 0.144799 0.000000 0.125000 4.593830 0.132215 0.853547
0.404309 0.441835 0.415931 0.629667 0.127118 0.201580 0.375000 0.750000 6.307097 0.197784 0.853547
0.382018 0.489386 0.465043 0.661209 0.282418 0.205684 0.250000 0.625000 7.756558 0.253256 0.840197
0.399181 0.487048 0.480519 0.635736 0.279270 0.245815 0.625000 0.625000 7.874940 0.257787 1.013748
0.394498 0.600138 0.588889 0.763371 0.238873 0.338630 0.500000 0.250000 9.659196 0.326072 1.058248
0.285518 0.666795 0.666214 0.815399 0.337975 0.352626 0.125000 1.750000 12.025362 0.416628 1.120548
0.240161 0.782801 0.807411 0.855582 0.501306 0.501901 0.000000 0.125000 15.488203 0.549154 0.933648
0.298081 0.989074 0.945628 0.980806 0.978784 0.840549 0.125000 0.250000 22.886487 0.832294 0.746747
0.432601 1.053504 0.967986 0.991642 1.245210 0.993405 0.250000 0.125000 26.432683 0.968010 0.747912
0.356682 1.148269 1.089069 1.006158 1.084278 1.065172 0.375000 0.125000 25.308496 0.924986 0.748495
0.400809 1.043264 0.979264 0.907421 0.808436 1.117908 0.125000 0.000000 24.277218 0.885518 0.872513
0.356437 0.886429 0.872820 0.868228 1.139072 1.006818 0.625000 0.625000 27.493905 1.008624 1.027972
0.361083 0.791081 0.796201 0.821550 1.375519 1.002432 0.625000 0.500000 30.332523 1.117261 1.027972
0.200539 0.655866 0.683122 0.790824 0.733905 0.827530 0.750000 0.000000 29.865271 1.099379 0.971727
0.174139 0.559000 0.583498 0.701986 0.715482 0.540423 0.625000 0.000000 20.024753 0.722772 0.934230
0.251912 0.490945 0.521639 0.672151 0.392036 0.228873 0.750000 0.125000 10.539200 0.359751 0.907946
0.295601 0.387074 0.461338 0.628524 0.365397 0.123061 0.750000 0.250000 8.292836 0.273780 0.907946
0.260281 0.322823 0.377260 0.598618 0.411932 0.146063 0.375000 0.500000 8.001881 0.262645 0.887796
0.261597 0.247437 0.274541 0.522947 0.245724 0.107782 0.500000 0.375000 5.355486 0.161365 0.887796
0.289362 0.185545 0.207609 0.459733 0.113641 0.092645 0.125000 0.875000 3.440393 0.088072 0.830591
0.373605 0.216863 0.248290 0.530208 0.110236 0.123579 0.250000 0.250000 3.720064 0.098776 0.789057
0.363893 0.215487 0.240974 0.515395 0.135530 0.125024 0.375000 0.500000 4.367863 0.123567 0.700896
0.316210 0.210252 0.227489 0.496547 0.178034 0.083380 0.250000 0.500000 4.656739 0.134623 0.748089
0.262950 0.261147 0.279705 0.523952 0.238648 0.063592 0.250000 1.000000 5.790710 0.178021 0.748089
0.294548 0.279915 0.306103 0.556623 0.251518 0.118011 0.250000 0.125000 6.102169 0.189941 0.748089
0.294742 0.262457 0.294255 0.533332 0.349526 0.131496 0.250000 0.125000 6.796897 0.216529 0.748089
0.257793 0.247459 0.265752 0.510923 0.359662 0.116952 0.000000 0.125000 6.826500 0.217662 0.747940
0.354727 0.214690 0.234774 0.480821 0.189277 0.119607 0.625000 0.500000 5.104084 0.151743 0.831007
0.312311 0.231604 0.261231 0.504764 0.096544 0.184701 0.125000 0.375000 4.659940 0.134746 0.831007
0.295168 0.230638 0.267174 0.503525 0.104012 0.187115 0.375000 0.375000 4.536252 0.130012 0.872540
0.312214 0.230093 0.254016 0.517972 0.161787 0.150946 0.500000 0.375000 4.807157 0.140380 0.956051
0.326524 0.240241 0.266569 0.553458 0.173521 0.127353 1.125000 0.375000 4.635040 0.133793 0.935121
0.331059 0.235980 0.279075 0.542651 0.142117 0.119702 0.000000 0.375000 4.041490 0.111077 0.972526
0.388597 0.198812 0.248148 0.491813 0.158183 0.094181 0.125000 0.250000 3.962595 0.108057 0.972526
0.332108 0.166210 0.208920 0.422499 0.206817 0.060666 0.125000 0.125000 4.213276 0.117651 0.972875
0.318162 0.174685 0.210276 0.432856 0.219043 0.049434 0.125000 0.125000 4.692863 0.136005 0.972526
0.316551 0.182506 0.214930 0.468514 0.189365 0.050861 0.125000 0.250000 4.531554 0.129832 1.047686
0.351779 0.219286 0.256061 0.526090 0.228956 0.119552 0.000000 0.375000 5.928384 0.183290 0.972925
0.287106 0.199047 0.232901 0.467367 0.175937 0.099024 0.625000 0.250000 5.032533 0.149005 0.997668
0.369664 0.160607 0.179861 0.397482 0.131082 0.088255 0.625000 0.125000 4.408285 0.125114 0.998056
0.281987 0.205464 0.228825 0.471076 0.099886 0.095180 0.625000 0.000000 3.819118 0.102566 0.914546
0.332645 0.177131 0.191101 0.430338 0.074397 0.076121 0.625000 0.000000 2.789174 0.063149 0.914546
0.344263 0.169645 0.177636 0.410824 0.068868 0.070987 0.125000 0.500000 2.641084 0.057482 0.831035
0.314003 0.154265 0.165172 0.370578 0.091604 0.072670 0.750000 0.375000 2.963761 0.069831 0.831035
0.316294 0.177418 0.170849 0.420132 0.119939 0.071155 0.625000 0.375000 3.383130 0.085881 0.830646
0.304300 0.169973 0.175376 0.384524 0.130427 0.085781 0.625000 0.375000 3.705992 0.098237 0.913713
0.280345 0.176112 0.187831 0.393829 0.102096 0.108835 0.625000 0.250000 3.661153 0.096521 0.913269
0.255685 0.193503 0.207962 0.417459 0.104645 0.102174 0.375000 0.375000 3.567904 0.092952 0.954803
0.296787 0.189273 0.186436 0.445096 0.060993 0.054672 0.250000 0.375000 2.767181 0.062308 0.933997
0.245630 0.217656 0.207561 0.486850 0.063396 0.103538 0.625000 0.000000 3.316869 0.083345 0.933997
0.270374 0.163709 0.149288 0.396575 0.084370 0.059127 0.875000 0.375000 2.915839 0.067997 0.971377
0.273996 0.151569 0.145640 0.355121 0.106764 0.052778 0.375000 0.375000 3.289577 0.082300 0.971377
0.350628 0.179131 0.187510 0.422248 0.103187 0.067601 0.750000 0.250000 4.179600 0.116362 1.046537
0.378181 0.179175 0.190836 0.434477 0.061061 0.078645 0.125000 0.875000 3.750364 0.099935 1.046537
0.455006 0.109311 0.136533 0.317056 0.067488 0.043176 0.250000 0.500000 2.573077 0.054879 1.083917
0.480915 0.121894 0.134352 0.366689 0.044851 0.046485 0.375000 0.375000 2.458317 0.050487 1.038314
0.488083 0.128683 0.136156 0.390357 0.041173 0.042221 0.375000 0.000000 2.527456 0.053133 0.913713
0.502157 0.125111 0.131661 0.389095 0.069589 0.044661 0.250000 0.000000 2.812791 0.064053 0.955691
0.602124 0.165669 0.173342 0.438471 0.108332 0.092543 0.750000 1.000000 3.539807 0.091877 0.981808
0.575924 0.152867 0.163850 0.395832 0.063584 0.080454 0.125000 0.000000 3.049050 0.073095 0.981372
0.565380 0.168002 0.179698 0.422248 0.038149 0.097780 0.125000 0.125000 2.915199 0.067973 1.028097
0.493875 0.222199 0.215913 0.495374 0.035127 0.142737 0.250000 0.125000 3.484231 0.089750 0.935021
0.422316 0.253640 0.249410 0.564759 0.043925 0.172479 0.000000 0.000000 4.258454 0.119380 0.654171
0.389887 0.252977 0.244877 0.533809 0.065079 0.137018 0.625000 0.125000 4.590133 0.132074 0.513995
0.387845 0.246732 0.243355 0.522695 0.112008 0.076195 0.625000 0.375000 4.845280 0.141839 0.374194
0.352442 0.270391 0.261328 0.528905 0.180371 0.101252 0.000000 0.375000 5.933839 0.183499 0.415589
0.369280 0.239403 0.226567 0.499889 0.113103 0.145856 0.750000 0.250000 5.457918 0.165285 0.457123
0.307189 0.261759 0.254516 0.511196 0.136920 0.147245 0.750000 0.125000 5.693630 0.174306 0.456679
0.254350 0.219983 0.232675 0.479709 0.124264 0.087247 0.875000 0.250000 4.457190 0.126986 0.456679
0.285197 0.214221 0.221740 0.460875 0.118103 0.086892 1.000000 0.375000 4.064080 0.111941 0.456679
0.347027 0.176127 0.183662 0.428186 0.076584 0.086393 0.125000 0.500000 3.283868 0.082082 0.332078
0.385878 0.168512 0.179445 0.395498 0.070254 0.095459 0.000000 0.125000 3.212008 0.079332 0.414812
0.420413 0.135439 0.144570 0.324672 0.091010 0.081270 0.500000 0.125000 3.536728 0.091759 0.580946
0.422287 0.143594 0.141690 0.353987 0.093746 0.061011 0.000000 0.000000 4.025012 0.110446 0.705546
0.519555 0.115099 0.107451 0.271882 0.046345 0.016101 0.000000 0.000000 2.253639 0.042654 0.788280
0.525245 0.121922 0.114163 0.288785 0.030656 0.033233 0.000000 0.125000 2.141880 0.038377 0.788280
0.518094 0.123459 0.117630 0.281370 0.015533 0.027595 0.250000 0.125000 2.071847 0.035697 0.705214
0.533069 0.134099 0.118906 0.308007 0.012142 0.012537 0.250000 0.000000 1.981771 0.032249 0.705214
0.537067 0.129718 0.124489 0.277556 0.023351 0.024112 0.250000 0.500000 2.083210 0.036131 0.746747
0.554631 0.177427 0.190501 0.397919 0.040155 0.063710 0.250000 0.375000 2.795992 0.063410 0.746747
0.549590 0.180755 0.194965 0.396008 0.030630 0.080250 0.125000 0.375000 2.975577 0.070283 0.821507
0.541436 0.175898 0.191018 0.394767 0.056870 0.110340 0.250000 0.375000 3.771119 0.100729 0.821507
0.584871 0.186853 0.196123 0.421626 0.122852 0.119408 0.500000 0.500000 4.437592 0.126236 0.746747
0.648576 0.253470 0.223190 0.480177 0.137915 0.117466 0.500000 0.625000 4.700108 0.136283 0.709043
0.579449 0.233703 0.221745 0.488153 0.284477 0.061209 0.750000 0.375000 4.903363 0.144062 0.634282
0.569446 0.229753 0.217805 0.485532 0.324532 0.051563 0.625000 0.250000 5.278468 0.158417 0.634632
0.625220 0.251841 0.217388 0.454794 0.222208 0.061450 0.000000 0.125000 5.169123 0.154232 0.709392
0.629788 0.164115 0.156258 0.359415 0.128733 0.044041 0.000000 0.000000 3.709078 0.098355 0.634632
0.625458 0.173968 0.161607 0.373296 0.071486 0.051204 0.125000 0.375000 3.111262 0.075476 0.597252
