1.000000
0.997009
0.994026
0.991053
0.988088
0.985132
0.982185
0.979247
0.973398
0.970486
0.967583
0.964688
0.961803
0.958925
0.956057
0.953197
0.950346
0.947503
0.944669
0.941843
0.939025
0.936216
0.933416
0.930624
0.927840
0.925064
0.922297
0.919538
0.916787
0.914045
0.855744
0.853184
0.850632
0.848087
0.845550
0.843021
0.840499
0.837985
0.835478
0.832979
0.830487
0.828003
0.825526
0.823057
0.820594
0.818140
0.815692
0.813252
0.810820
0.808394
0.805976
0.803565
0.801161
0.798765
0.796375
0.793993
0.791618
0.789250
0.786889
0.784535
0.782188
0.779848
0.777516
0.775190
0.772871
0.770559
0.768254
0.765956
0.763665
0.761380
0.759103
0.756832
0.754568
0.752311
0.750060
0.747816
0.745580
0.743349
0.741126
0.738909
0.736698
0.734495
0.732297
0.730107
0.727923
0.725745
0.723574
0.721410
0.719252
0.717100
0.714955
0.712816
0.710684
0.708558
0.706439
0.704325
0.702219
0.700118
0.698024
0.695936
0.693854
0.691778
0.689709
0.687646
0.685589
0.683538
0.681493
0.679455
0.677422
0.675396
0.673375
0.671361
0.669353
0.667350
0.665354
0.663364
0.661379
0.659401
0.657428
0.655462
0.653501
0.651546
0.649597
0.647654
0.645717
0.604531
0.602722
0.600919
0.599122
0.597329
0.595543
0.593761
0.591985
0.590214
0.588449
0.586688
0.584933
0.583184
0.581439
0.579700
0.577966
0.576237
0.574513
0.572794
0.571081
0.569373
0.567669
0.565971
0.564278
0.562590
0.560907
0.559230
0.557557
0.555889
0.554226
0.552568
0.550915
0.549267
0.547624
0.545986
0.544353
0.542724
0.541101
0.539482
0.537868
0.536259
0.518875
0.517323
0.515776
0.514233
0.512695
0.511161
0.509632
0.508107
0.506587
0.505072
0.503561
0.502055
0.500553
0.499056
0.497563
0.496074
0.494590
0.493111
0.491636
0.490165
0.488699
0.487237
0.485780
0.484326
0.482878
0.481433
0.479993
0.478557
0.477126
0.475698
0.474275
0.472857
0.471442
0.470032
0.468626
0.467224
0.465826
0.464433
0.463044
0.461658
0.460278
0.458901
0.457528
0.456159
0.454795
0.453434
0.452078
0.450726
0.449377
0.448033
0.446693
0.445357
0.444024
0.442696
0.441372
0.440052
0.438735
0.437423
0.436114
0.434810
0.433509
0.432212
0.430919
0.429630
0.428345
0.427064
0.425786
0.424513
0.423243
0.421977
0.420714
0.419456
0.418201
0.416950
0.415703
0.414459
0.413219
0.411983
0.410751
0.384552
0.383401
0.382255
0.381111
0.379971
0.378834
0.377701
0.376571
0.375445
0.374322
0.373202
0.372086
0.370973
0.369863
0.368756
0.367653
0.366554
0.365457
0.364364
0.363274
0.362187
0.361104
0.360024
0.358947
0.357873
0.356802
0.355735
0.354671
0.353610
0.352552
0.351498
0.340103
0.339086
0.338071
0.337060
0.336052
0.335046
0.334044
0.333045
0.332049
0.331055
0.330065
0.329078
0.328093
0.327112
0.326133
0.325158
0.324185
0.323215
0.322249
0.321285
0.320324
0.319365
0.318410
0.317457
0.316508
0.315561
0.314617
0.313676
0.312738
0.311802
0.310869
0.309939
0.309012
0.308088
0.307166
0.306248
0.305331
0.304418
0.303507
0.302600
0.301694
0.300792
0.299892
0.298995
0.298101
0.297209
0.296320
0.295433
0.294550
0.293669
0.292790
0.291914
0.291041
0.290170
0.289302
0.288437
0.287574
0.286714
0.285856
0.285001
0.284149
0.283299
0.282451
0.281606
0.280764
0.279924
0.279087
0.278252
0.277419
0.276590
0.275762
0.274937
0.274115
0.273295
0.272477
0.271662
0.270850
0.270039
0.269232
0.268426
0.267623
0.266823
0.266025
0.265229
0.264435
0.263644
0.262856
0.262069
0.261285
0.260504
0.259725
0.258948
0.258173
0.257401
0.256631
0.255863
0.255098
0.254335
0.253574
0.252815
0.252059
0.251305
0.250553
0.249804
0.249057
0.248312
0.247569
0.246828
0.246090
0.245354
0.244620
0.243888
0.243158
0.242431
0.241706
0.240983
0.240262
0.239543
0.238827
0.238112
0.237400
0.236690
0.235982
0.235276
0.234572
0.233870
0.233171
0.232473
0.231778
0.231085
0.230393
0.229704
0.229017
0.228332
0.227649
0.226968
0.226289
0.225612
0.224937
0.224264
0.223593
0.222925
0.222258
0.221593
0.220930
0.220269
0.219610
0.218953
0.218298
0.217645
0.216994
0.216345
0.215698
0.215053
0.214409
0.213768
0.213129
0.212491
0.211855
0.211222
0.210590
0.209960
0.209332
0.208706
0.208081
0.207459
0.206838
0.206220
0.205603
0.204988
0.204374
0.203763
0.203154
0.202546
0.201940
0.201336
0.200734
0.200133
0.199534
0.198938
0.198342
0.197749
0.197158
0.196568
0.195980
0.195394
0.194809
0.194226
0.193645
0.193066
0.192489
0.191913
0.191339
0.190766
0.190196
0.189627
0.189059
0.188494
0.187930
0.187368
0.186807
0.186249
0.185691
0.185136
0.184582
0.184030
0.183480
0.182931
0.171263
0.170750
0.170240
0.169730
0.169223
0.168716
0.168212
0.167709
0.167207
0.166707
0.166208
0.165711
0.155141
0.154677
0.154214
0.153753
0.153293
0.152835
0.152377
0.151922
0.151467
0.151014
0.150562
0.150112
0.149663
0.149215
0.148769
0.148324
0.147880
0.147438
0.146997
0.146557
0.146119
0.145681
0.145246
0.144811
0.144378
0.143946
0.143516
0.143086
0.142658
0.142231
0.141806
0.141382
0.140959
0.140537
0.140117
0.139698
0.139280
0.138863
0.138448
0.138034
