0.783667 0.920645 0.899174 0.873233 0.575198 0.542725 0.000000 0.375000 40.091405 0.715957 0.378261
0.827128 0.924118 0.901868 0.973147 0.781541 0.547981 0.000000 0.625000 43.215595 0.779382 0.378261
0.845528 0.921215 0.946385 0.863454 0.786243 0.679067 1.222222 0.500000 47.653564 0.869480 0.341384
0.837799 0.880599 0.915302 0.897010 0.934205 0.588318 0.000000 0.375000 49.891000 0.914903 0.456626
0.782480 0.886760 0.882593 0.953963 0.695407 0.605301 0.000000 0.375000 44.650337 0.808510 0.525772
0.793221 0.917887 0.894896 0.929202 0.761697 0.671461 0.333333 0.125000 42.047171 0.755662 0.572272
0.765151 0.807956 0.797623 0.879563 0.914521 0.570209 0.444444 0.250000 39.393534 0.701789 0.751214
0.722375 0.836807 0.802776 0.916017 0.730204 0.577257 0.666667 0.125000 35.454943 0.621830 0.802838
0.842972 0.857704 0.819535 0.940050 0.707471 0.714124 0.444444 0.000000 37.917201 0.671817 0.618450
0.805714 0.805440 0.786588 0.939437 0.569485 0.560526 0.777778 0.000000 30.842651 0.528194 0.649100
0.831676 0.830516 0.813098 0.950641 0.559110 0.547589 0.888889 0.125000 32.880690 0.569569 0.711167
0.821336 0.816412 0.785754 0.968979 0.647836 0.599532 0.777778 0.000000 35.578567 0.624340 0.711167
0.781481 0.899295 0.853797 0.996940 0.736706 0.658087 0.000000 0.000000 38.155759 0.676661 0.711167
0.771560 0.920116 0.880028 0.977203 0.728805 0.726600 1.222222 0.125000 40.695234 0.728215 0.644656
0.811481 0.887734 0.878197 0.943629 0.784857 0.722550 0.777778 0.000000 43.448939 0.784120 0.611051
0.819324 0.844429 0.839794 0.920634 0.772432 0.682833 0.555556 0.750000 38.558953 0.684846 0.538942
0.821838 0.862724 0.853331 0.918796 0.689940 0.766040 0.666667 0.000000 42.261282 0.760009 0.473090
0.748781 0.915724 0.877718 0.960471 0.692169 0.793235 1.000000 0.250000 49.452147 0.905993 0.473090
0.674248 0.944969 0.894762 0.948488 0.662564 0.823328 0.555556 0.250000 51.629174 0.950190 0.538942
0.715635 0.923455 0.859842 0.900234 0.591911 0.715172 0.555556 0.250000 43.140049 0.777849 0.495040
0.662782 0.931550 0.872307 0.890006 0.587017 0.743266 1.000000 0.250000 46.840966 0.852983 0.418212
0.773762 0.916007 0.902541 0.846032 0.586245 0.554990 0.444444 0.250000 50.969662 0.936801 0.407237
0.899478 0.867522 0.865865 0.841733 0.581973 0.554397 0.333333 0.375000 41.247101 0.739419 0.378261
1.037965 0.947802 0.926270 0.858578 0.616665 0.773053 0.777778 0.625000 44.276066 0.800912 0.455858
0.976313 0.989245 0.965571 0.913612 0.753484 0.891183 0.555556 0.375000 48.873217 0.894240 0.444773
0.995153 1.006181 0.966080 0.896805 0.948611 0.882365 0.111111 0.375000 49.244987 0.901788 0.510936
0.949933 1.054664 1.011813 0.913209 1.288136 0.966349 0.222222 0.625000 58.486717 1.089408 0.577447
0.863512 1.017283 0.985072 0.920634 1.213540 0.902036 0.333333 0.375000 54.786395 1.014286 0.610746
0.955304 1.038319 1.002739 0.913612 1.081609 1.032368 0.333333 0.125000 52.919995 0.976396 0.610746
0.929654 1.062265 1.022002 0.936624 1.084611 0.927108 0.333333 1.250000 54.899407 1.016581 0.610746
0.916261 0.958385 0.960158 0.911578 0.774649 0.956100 0.000000 1.250000 49.371458 0.904355 0.674337
0.926634 0.988656 0.962792 0.927614 0.701207 0.892195 0.000000 1.000000 46.523015 0.846528 0.674068
0.870292 0.996519 0.945685 0.908091 0.677715 0.754237 0.444444 1.000000 43.454334 0.784229 0.725526
0.857069 1.066512 0.988476 0.935169 0.797079 0.908893 0.555556 0.000000 47.105051 0.858344 0.779306
0.850472 0.932040 0.893275 0.918214 0.664755 0.875012 0.333333 0.125000 42.616683 0.767224 0.825403
0.894590 0.947593 0.925524 0.898284 0.746183 0.872794 0.000000 0.125000 45.884446 0.833564 0.825403
0.841402 0.995882 0.969965 0.920886 0.838307 0.939048 0.444444 0.125000 50.843331 0.934236 0.987078
0.867357 0.971464 0.948476 0.859521 0.794392 0.946231 0.333333 0.125000 48.384274 0.884314 0.987078
0.860151 0.939602 0.951229 0.861103 0.706204 0.897130 0.222222 0.500000 46.820471 0.852567 0.940739
0.872670 0.970406 0.995447 0.855489 0.866690 0.985240 0.222222 0.875000 53.029000 0.978609 0.961720
0.899564 0.954552 0.999917 0.840550 0.930315 0.957437 0.222222 0.000000 54.337995 1.005183 0.938441
0.908016 0.972150 1.007546 0.902777 0.975249 0.797477 0.222222 0.000000 50.581808 0.928927 0.938929
0.900309 0.946897 1.015169 0.874466 0.978019 0.796858 0.777778 0.375000 51.765739 0.952963 0.949495
0.932994 0.905678 0.992501 0.900983 1.028553 0.801927 0.222222 1.250000 51.767173 0.952992 0.897764
0.964370 0.918068 0.979538 0.859162 1.162546 0.752157 0.777778 0.000000 51.343136 0.944383 0.897764
0.945957 0.920228 0.983652 0.838569 1.245881 0.822159 0.000000 0.500000 56.406434 1.047175 0.897764
1.013939 0.924588 0.976044 0.851887 1.268415 0.904010 0.222222 0.625000 59.556979 1.111136 0.716328
0.981367 0.902187 0.959135 0.857631 1.105267 0.831804 0.333333 0.125000 52.333230 0.964483 0.716328
1.000197 0.910343 0.904150 0.900502 0.981644 0.712262 0.333333 0.000000 47.270961 0.861712 0.819790
0.957720 0.859969 0.823852 0.889658 0.848332 0.685239 0.222222 0.125000 42.288252 0.760556 0.740650
0.927255 0.858563 0.843502 0.904026 0.804754 0.659966 0.333333 0.125000 40.226232 0.718694 0.751404
0.962714 0.789013 0.778982 0.824516 0.717919 0.509141 0.444444 0.250000 35.961260 0.632109 0.751135
1.018984 0.723788 0.713842 0.815295 0.663426 0.472773 0.777778 0.125000 33.557079 0.583301 0.756257
0.954535 0.763424 0.783163 0.832371 0.554446 0.699700 0.444444 0.125000 36.099984 0.634925 0.710160
0.952780 0.764057 0.805278 0.810287 0.440718 0.794965 0.444444 0.125000 35.328026 0.619253 0.740379
0.988517 0.738883 0.813098 0.863031 0.662771 0.655413 0.555556 0.125000 38.268860 0.678957 0.687111
0.909942 0.843578 0.883556 0.928515 0.815211 0.830608 0.444444 0.000000 46.380783 0.843640 0.687111
0.844649 0.897401 0.940070 0.964295 0.756492 0.916908 0.111111 0.000000 53.056965 0.979176 0.687111
0.840554 0.909456 0.943767 0.943920 0.776900 0.931184 1.000000 0.000000 57.425269 1.067859 0.571869
0.821878 0.885482 0.912328 0.936624 0.834298 0.854942 1.000000 0.125000 54.262265 1.003646 0.533455
0.799931 0.917325 0.991573 0.894071 0.754022 0.926093 1.000000 0.125000 55.437978 1.027514 0.629490
0.833808 0.882124 0.947614 0.968979 0.578197 0.915357 0.444444 0.250000 54.987408 1.018367 0.429751
0.835499 0.934904 1.011462 0.983587 0.512387 0.987006 0.555556 0.125000 50.930603 0.936008 0.513979
0.865661 0.950994 0.976953 0.985482 0.453011 0.873531 0.333333 0.250000 43.998846 0.795284 0.571600
0.802848 1.003101 0.992865 1.015739 0.637561 0.946471 1.111111 0.250000 48.385528 0.884339 0.546021
0.823855 1.010767 0.957081 1.010494 0.605055 0.973326 1.000000 0.125000 46.481494 0.845685 0.525772
0.859001 0.968608 0.950976 0.949693 0.615054 0.967309 0.333333 0.250000 48.615882 0.889016 0.479675
0.925482 0.953446 0.943332 0.948811 0.712194 0.970299 1.111111 0.250000 48.417937 0.884997 0.471378
0.933307 0.948917 0.936047 0.965806 0.742213 1.021150 0.555556 0.125000 48.139968 0.879354 0.517936
0.978088 0.936855 0.929335 0.976886 0.779842 0.980357 1.000000 0.750000 48.059531 0.877721 0.481724
0.978088 0.924989 0.889658 0.986373 0.820136 0.884043 0.222222 0.750000 48.010428 0.876724 0.533455
0.962431 0.943942 0.903014 0.959522 0.669218 1.017566 0.666667 0.875000 48.742888 0.891594 0.533696
0.959712 0.938330 0.887943 0.970550 0.684157 0.766869 0.111111 0.750000 45.796726 0.831783 0.495518
0.933322 0.894850 0.867358 0.945560 0.770999 0.777783 0.222222 0.750000 43.476469 0.784679 0.444299
0.941154 0.868077 0.852803 0.917458 0.744075 0.792986 0.111111 0.750000 41.671289 0.748031 0.495518
0.974962 0.836666 0.819037 0.863031 0.637047 0.827757 0.222222 0.000000 42.217833 0.759126 0.585427
0.940118 0.779399 0.781573 0.827772 0.774331 0.736370 0.777778 0.750000 41.521968 0.744999 0.637430
0.902532 0.803961 0.807220 0.830611 0.782309 0.780238 0.222222 0.750000 40.191010 0.717979 0.689161
0.895174 0.784114 0.820130 0.782099 0.878582 0.697784 0.333333 0.750000 40.305903 0.720312 0.689161
0.864886 0.776001 0.822009 0.760092 0.931278 0.609231 0.333333 0.625000 42.580639 0.766492 0.658071
0.894256 0.834316 0.874611 0.788819 0.937594 0.737076 0.222222 0.625000 45.711719 0.830057 0.611513
0.782440 0.918916 0.887291 0.814985 0.910728 0.842465 0.111111 0.875000 47.454341 0.865435 0.658071
0.755665 0.926057 0.928004 0.833370 0.901951 0.767752 0.000000 0.875000 48.244058 0.881467 0.704656
0.771228 0.915193 0.980171 0.899645 0.857287 0.843290 0.111111 0.125000 53.660691 0.991433 0.727935
0.796214 0.863849 0.962238 0.893689 0.936890 0.883587 0.111111 0.250000 55.438308 1.027521 0.727935
0.783604 0.879405 0.979954 0.954655 1.037220 0.859499 0.111111 0.125000 53.363965 0.985409 0.728179
0.825613 0.854580 0.937055 0.959336 0.959177 0.775974 0.111111 0.250000 52.522884 0.968334 0.681377
0.834300 0.852623 0.946839 0.923414 0.829599 0.747052 0.222222 0.375000 49.788776 0.912827 0.634819
0.871026 0.841293 0.904751 0.917458 0.825969 0.792772 0.777778 0.125000 45.485251 0.825460 0.634819
0.894479 0.878333 0.907865 0.962832 0.850241 0.968906 0.222222 0.625000 50.278943 0.922779 0.681377
0.934488 0.914648 0.902087 0.925096 0.823142 0.944573 0.222222 0.375000 49.062810 0.898089 0.641713
0.988574 0.861989 0.859601 0.908637 0.844601 0.810423 0.333333 0.375000 42.606487 0.767017 0.595616
0.960574 0.852526 0.871908 0.916726 0.632562 0.959161 0.222222 0.500000 40.784708 0.730032 0.588234
0.971960 0.844782 0.846470 0.914336 0.777118 0.983578 1.000000 1.875000 45.036933 0.816358 0.565172
0.914278 0.933761 0.910981 0.947597 0.873591 1.047424 1.000000 1.000000 49.650694 0.910024 0.518614
0.976605 0.873617 0.851371 0.904026 0.762846 0.859364 0.111111 0.000000 43.386385 0.782850 0.518370
0.947268 0.887436 0.866110 0.900502 0.729183 0.936149 0.333333 1.375000 42.718062 0.769282 0.518370
0.966668 0.913475 0.860479 0.942771 0.756130 0.950880 0.333333 0.000000 45.157916 0.818814 0.434008
0.927772 0.955929 0.900178 0.928515 0.886839 0.892383 0.000000 0.125000 46.704361 0.850209 0.564928
0.854763 0.886131 0.841375 0.876369 0.782021 0.801842 0.000000 0.250000 43.947833 0.794248 0.473147
0.915672 0.881083 0.879372 0.926826 0.714271 0.953254 0.444444 0.375000 43.616897 0.787529 0.519487
0.945677 0.856947 0.850351 0.953012 0.666455 0.923723 0.333333 0.375000 40.150232 0.717151 0.566045
0.938039 0.926577 0.905300 0.967367 0.648768 0.976007 0.444444 0.500000 42.102682 0.756789 0.566045
0.978516 0.934176 0.905002 1.015739 0.717424 0.913805 0.666667 0.375000 43.302379 0.781144 0.388991
0.976680 0.905094 0.883422 1.035088 0.831038 0.957122 0.222222 0.500000 47.363726 0.863595 0.566018
0.992998 0.864538 0.882024 1.000022 0.961406 0.969075 0.555556 0.500000 51.934266 0.956384 0.519460
0.980806 0.874844 0.891633 1.036479 0.845763 0.906191 0.111111 0.500000 49.804725 0.913151 0.519460
1.018769 0.906399 0.903002 1.090740 0.916384 0.945223 0.111111 0.375000 50.887731 0.935138 0.472902
1.063635 0.834649 0.828961 1.073298 0.850023 0.803118 0.555556 0.500000 46.278579 0.841565 0.431687
1.065953 0.928455 0.923635 1.071989 0.733717 1.027758 0.111111 1.000000 49.318841 0.903287 0.430204
1.040608 0.901354 0.894537 0.999088 0.523370 1.144569 0.000000 0.750000 45.422194 0.824180 0.326953
1.075876 0.879429 0.866776 0.959143 0.692290 0.972799 0.444444 1.000000 44.478019 0.805011 0.275222
1.059257 0.835825 0.832152 0.918994 0.667674 0.815720 0.444444 0.875000 41.963065 0.753954 0.275222
1.146308 0.804139 0.763329 0.907505 0.480389 0.742831 1.000000 0.750000 35.407555 0.620868 0.326741
1.104075 0.834236 0.817676 0.866726 0.526524 0.829451 0.333333 0.500000 39.006208 0.693926 0.275010
1.072429 0.887227 0.837186 0.900129 0.678431 0.631370 1.666667 0.000000 35.909070 0.631050 0.226376
1.070197 0.846901 0.815161 0.876664 0.610591 0.699393 1.666667 0.000000 35.228570 0.617234 0.168755
0.974683 0.873785 0.836799 0.820609 0.506802 0.988902 0.222222 0.375000 38.606804 0.685817 0.168755
1.011244 0.892370 0.840032 0.897359 0.528665 1.037668 0.222222 0.625000 40.898573 0.732344 0.187936
1.051047 0.755033 0.775517 0.839561 0.705504 0.772049 0.333333 0.000000 37.890162 0.671269 0.187936
1.034328 0.753632 0.774660 0.822249 0.613758 0.773609 0.333333 0.250000 37.623597 0.665857 0.187936
1.057882 0.726973 0.743039 0.803960 0.602845 0.802659 0.222222 0.250000 38.444806 0.682529 0.203907
0.982812 0.819061 0.806843 0.848910 0.584024 0.711234 0.333333 0.375000 40.081201 0.715750 0.203907
0.972739 0.807899 0.800947 0.825676 0.564685 0.702065 0.222222 0.375000 39.459456 0.703127 0.233005
0.892067 0.803591 0.784865 0.836955 0.553372 0.627287 0.000000 0.250000 35.972953 0.632346 0.233005
0.361414 0.226853 0.226444 0.374181 0.125681 0.159578 0.444444 0.875000 14.137014 0.189046 0.565172
0.371446 0.266558 0.251128 0.369402 0.144109 0.121623 0.777778 0.000000 13.798588 0.182175 0.564955
0.357284 0.243589 0.246570 0.317232 0.193148 0.108778 0.666667 0.125000 13.353153 0.173132 0.564955
0.343508 0.233224 0.222899 0.265930 0.187127 0.122770 0.555556 0.625000 13.240819 0.170852 0.564955
0.349685 0.234801 0.217325 0.315554 0.163301 0.134693 0.444444 0.000000 13.004395 0.166052 0.518153
0.329007 0.221612 0.199126 0.323507 0.180087 0.144646 0.555556 0.625000 12.884578 0.163619 0.518153
0.342756 0.233464 0.212501 0.396071 0.183624 0.164641 0.000000 0.625000 12.710261 0.160080 0.425037
0.386083 0.233544 0.205238 0.364489 0.126582 0.165930 0.111111 0.750000 10.978562 0.124925 0.425037
0.370913 0.294155 0.267445 0.446130 0.168594 0.187819 0.000000 0.000000 12.961206 0.165175 0.378503
0.408834 0.332505 0.356741 0.484191 0.190728 0.171160 0.000000 0.000000 13.550369 0.177136 0.481965
0.440931 0.370394 0.393150 0.565010 0.183050 0.159470 0.555556 0.250000 15.485599 0.216424 0.585186
0.460331 0.431171 0.467379 0.620702 0.437102 0.141986 1.000000 0.250000 23.586364 0.380881 0.636917
0.450120 0.566685 0.545188 0.723085 0.533831 0.218087 0.111111 0.250000 27.338793 0.457061 0.740379
0.489694 0.596329 0.617074 0.781390 0.676752 0.325490 0.000000 0.250000 35.126355 0.615159 0.792110
0.501310 0.644065 0.679137 0.781390 0.789360 0.424527 0.111111 0.375000 38.048037 0.674474 0.741862
0.612346 0.721074 0.760172 0.850950 0.949020 0.700966 0.222222 0.375000 44.973928 0.815079 0.793593
0.718694 0.842019 0.862158 0.925156 0.965249 0.833272 0.111111 0.375000 48.372113 0.884067 0.845053
0.721462 0.870460 0.882059 0.960969 0.859435 0.771585 0.111111 0.375000 44.578975 0.807061 0.793322
0.736288 0.857808 0.859953 0.992852 0.863734 0.731821 0.111111 0.250000 44.262883 0.800644 0.798374
0.703093 0.884176 0.830109 0.967367 0.725023 0.814405 0.222222 1.500000 42.116988 0.757079 0.844932
0.648145 0.890374 0.808405 0.932427 0.621425 0.742644 0.111111 1.375000 37.169757 0.656643 0.844932
0.643744 0.900131 0.818005 0.896805 0.596175 0.628670 0.000000 0.625000 33.998220 0.592257 0.938048
0.736885 0.866489 0.812307 0.925156 0.535017 0.728629 0.111111 1.125000 33.267717 0.577426 0.984606
0.782138 0.874739 0.825414 0.906268 0.609761 0.669040 0.222222 0.375000 32.892807 0.569815 0.987822
0.752214 0.915438 0.858516 0.901479 0.664047 0.827376 0.777778 1.250000 38.092825 0.675383 1.078694
0.773035 0.930341 0.871826 0.922523 0.729489 0.791505 0.111111 1.125000 38.818966 0.690125 1.078694
0.739522 0.809049 0.774727 0.872615 0.771726 0.687904 1.222222 0.000000 37.580718 0.664986 1.078694
0.673585 0.800716 0.829768 0.890626 0.761902 0.864233 0.333333 0.625000 41.740963 0.749445 1.169503
0.645620 0.773632 0.842019 0.864660 0.789956 0.739276 0.333333 0.000000 42.486156 0.764574 1.216061
0.633965 0.780363 0.859563 0.917212 0.805032 0.699319 0.333333 0.000000 46.452361 0.845093 1.122945
0.623614 0.771452 0.843753 0.937728 0.759918 0.705631 0.333333 0.625000 47.200828 0.860288 1.076387
0.679134 0.808779 0.875892 0.942924 0.838654 0.785155 0.222222 0.750000 50.109435 0.919337 1.029829
0.660544 0.828880 0.871161 0.909964 0.860721 0.808759 0.333333 0.000000 50.994344 0.937302 0.983271
0.676194 0.851395 0.887122 0.901479 0.881269 0.791042 0.222222 0.625000 52.456852 0.966993 0.936469
0.702388 0.895930 0.907095 0.941746 0.872122 0.858296 0.222222 0.750000 51.441983 0.946390 0.936469
0.660763 0.916259 0.927649 0.951358 0.847418 0.853621 0.333333 0.000000 47.049466 0.857216 0.936469
0.710223 0.907148 0.922682 0.926918 0.914032 0.817358 0.333333 0.000000 47.224440 0.860768 0.890155
0.876327 0.844417 0.860415 0.995861 0.621478 0.774574 0.222222 0.000000 41.839822 0.751452 0.848209
0.869544 0.807614 0.816000 0.932135 0.561458 0.886519 0.333333 0.125000 41.880461 0.752277 0.843353
0.933167 0.757739 0.769617 0.928668 0.607076 0.785856 0.333333 0.750000 39.780532 0.709646 0.843597
0.998856 0.771551 0.782107 0.959522 0.546491 0.892018 0.444444 0.125000 39.147086 0.696786 0.889884
0.907580 0.858804 0.845252 0.876369 0.757696 0.963023 0.000000 0.500000 44.130225 0.797951 0.914823
0.880308 0.831723 0.824172 0.870621 0.724537 0.733787 0.222222 0.625000 39.392004 0.701758 0.872633
0.892432 0.828696 0.810111 0.923414 0.618610 0.712561 0.111111 0.625000 35.631987 0.625424 0.914823
0.877185 0.834288 0.808159 0.868742 0.518153 0.778630 0.111111 0.375000 34.675989 0.606016 0.894306
0.889274 0.821231 0.785239 0.950064 0.555163 0.821749 0.444444 0.375000 38.158963 0.676726 0.936469
0.858942 0.786592 0.774333 0.936193 0.682546 0.742907 0.333333 0.250000 38.560705 0.684882 0.889911
0.873195 0.784220 0.768954 0.878021 0.685646 0.703451 0.333333 1.125000 37.385275 0.661019 0.889667
0.901279 0.808575 0.812916 0.874345 0.730424 0.851080 0.222222 0.125000 42.118915 0.757118 0.843109
0.917979 0.815888 0.832230 0.915021 0.809099 0.808147 0.333333 0.250000 44.713862 0.809799 0.889667
0.833035 0.891898 0.871300 0.954928 0.684544 0.793465 0.222222 0.125000 41.743821 0.749503 0.889667
0.815291 0.886335 0.872204 0.959700 0.636462 0.905441 0.111111 0.000000 42.768933 0.770315 0.889911
0.856988 0.863625 0.875554 0.889356 0.775785 0.984165 0.222222 0.375000 46.668189 0.849475 0.889911
0.792055 0.902412 0.890955 0.925125 0.825488 1.069819 0.222222 0.375000 47.919821 0.874885 0.843353
0.799313 0.882188 0.867075 0.891495 0.742252 1.045668 0.000000 0.125000 47.290431 0.862107 0.843353
0.832988 0.845542 0.872860 0.893319 0.725484 1.062378 1.111111 0.000000 47.219911 0.860676 0.843597
0.858029 0.874716 0.864906 0.915728 0.752313 0.941524 0.333333 0.000000 45.087854 0.817392 0.843570
0.836911 0.876244 0.895162 0.922584 0.605155 0.874941 0.333333 0.125000 41.844899 0.751555 0.843841
0.799727 0.824573 0.836131 0.921692 0.540408 0.804393 0.111111 0.000000 39.072886 0.695280 0.802085
0.819313 0.754727 0.798657 0.876464 0.509451 0.726317 0.000000 0.625000 35.813497 0.629109 0.750867
0.865428 0.756783 0.786621 0.866789 0.409879 0.754977 0.111111 0.125000 35.938314 0.631643 0.791839
0.820775 0.840567 0.823472 0.895530 0.429901 0.879091 0.111111 0.750000 40.600130 0.726285 0.740108
0.843523 0.788629 0.798392 0.872550 0.510593 0.792727 0.111111 0.750000 40.600333 0.726289 0.740108
0.843173 0.798226 0.815985 0.864854 0.467215 0.817901 0.111111 0.250000 40.874587 0.731857 0.791568
0.790186 0.823832 0.842890 0.870621 0.359707 0.967406 0.111111 0.875000 39.798662 0.710014 0.767245
0.757438 0.857075 0.848878 0.868711 0.523447 0.911036 0.222222 0.875000 39.785805 0.709753 0.767245
0.700597 0.800855 0.815299 0.821443 0.639545 0.867857 0.111111 0.875000 39.684263 0.707691 0.821463
0.676257 0.775236 0.794773 0.848541 0.695913 0.745327 0.666667 0.875000 38.169713 0.676944 0.821463
0.698002 0.824491 0.813458 0.815906 0.780057 0.732523 0.777778 0.000000 39.732405 0.708669 0.775149
0.747222 0.788537 0.781681 0.813763 0.823603 0.665178 0.777778 0.750000 38.508679 0.683825 0.774905
0.726098 0.811006 0.817839 0.831923 0.912207 0.572253 0.777778 0.625000 39.011584 0.694035 0.774905
0.748947 0.757561 0.769639 0.807250 0.821234 0.555571 0.222222 0.500000 36.529283 0.643641 0.821463
0.762999 0.722750 0.757298 0.809436 0.675444 0.699651 0.222222 0.500000 36.318124 0.639354 0.774688
0.811245 0.761349 0.789975 0.862646 0.708242 0.792206 0.222222 0.375000 38.560129 0.684870 0.774932
0.782297 0.763960 0.759799 0.889000 0.767884 0.625377 0.111111 0.500000 36.872008 0.650599 0.796822
0.883236 0.795841 0.827403 0.892188 0.862426 0.755270 0.111111 0.875000 40.443987 0.723115 0.796578
0.919912 0.759234 0.804464 0.937728 0.929355 0.775865 0.444444 0.875000 42.458265 0.764008 0.750020
0.924027 0.792074 0.806438 0.924271 0.982879 0.648188 0.444444 1.125000 42.576023 0.766398 0.750020
0.902099 0.821867 0.840407 0.938343 1.093818 0.604410 0.777778 0.375000 45.912302 0.834129 0.755559
0.839155 0.859636 0.884621 0.967334 1.224808 0.595078 0.444444 0.750000 49.308779 0.903083 0.755559
0.885386 0.799701 0.839170 1.009125 1.063488 0.627613 0.444444 0.500000 44.669520 0.808899 0.796578
0.820590 0.806243 0.859922 0.968979 0.857438 0.699474 0.444444 1.000000 43.206796 0.779204 0.755559
0.869416 0.912980 0.946344 1.025414 0.764498 0.836007 0.444444 0.375000 48.046008 0.877447 0.843109
0.949463 0.809568 0.860952 0.935556 0.706716 0.658863 0.111111 0.500000 40.456419 0.723367 0.843109
0.962218 0.773784 0.837232 0.927732 0.587751 0.838011 0.444444 0.500000 41.878589 0.752239 0.843028
0.888179 0.787207 0.812404 0.931400 0.488184 0.873130 1.111111 0.250000 42.802979 0.771006 0.801750
0.884733 0.813968 0.829829 0.933153 0.479410 0.748961 1.111111 0.000000 44.621520 0.807925 0.801750
0.849323 0.828449 0.838448 0.954655 0.471695 0.681702 0.222222 0.000000 41.582460 0.746227 0.801750
0.856306 0.786043 0.821660 0.899177 0.504293 0.890386 0.777778 0.250000 43.143128 0.777911 0.842926
0.968146 0.887200 0.868767 0.865036 0.524584 0.852359 1.222222 0.125000 42.779173 0.770522 0.801448
0.980295 0.838249 0.850728 0.896121 0.590402 0.643968 0.222222 0.250000 41.852850 0.751717 0.842926
0.949362 0.858138 0.866261 0.905771 0.595785 0.699565 0.222222 0.375000 43.193223 0.778928 0.801146
0.896899 0.920009 0.908603 0.992397 0.803840 0.808190 0.000000 0.375000 46.658166 0.849272 0.743827
0.864838 0.908071 0.890291 0.975325 0.867099 0.895420 0.111111 0.375000 47.510638 0.866578 0.743827
0.824573 0.929960 0.916205 0.962714 0.927302 0.961176 0.222222 0.375000 47.596622 0.868324 0.699350
0.765209 0.977272 0.940022 0.919958 1.099559 0.923417 0.222222 0.500000 50.933525 0.936067 0.634522
0.746073 0.980847 0.943403 0.933851 1.245654 1.045514 0.111111 0.375000 55.888264 1.036656 0.611265
0.775941 0.943449 0.898572 0.901991 0.846866 0.970957 0.222222 0.375000 45.413679 0.824007 0.543296
0.781355 0.901116 0.872582 0.896805 0.888269 0.771309 0.222222 0.375000 42.332144 0.761447 0.545163
0.691287 0.867221 0.792899 0.900234 0.772482 0.693995 0.333333 0.500000 39.197423 0.697808 0.495790
0.683070 0.856410 0.792074 0.832272 0.718990 0.667257 0.222222 0.375000 38.679701 0.687297 0.417832
0.713299 0.852319 0.787415 0.786315 0.597830 0.535304 0.111111 0.375000 36.263705 0.638249 0.263045
0.754799 0.824937 0.807064 0.796098 0.674627 0.548269 0.111111 0.500000 38.401019 0.681640 0.340235
0.722632 0.830290 0.770109 0.802765 0.551252 0.691569 0.111111 0.625000 35.863208 0.630118 0.340235
0.726587 0.830798 0.749144 0.808501 0.529778 0.753395 0.000000 0.125000 37.940255 0.672285 0.494615
0.727754 0.799475 0.773355 0.797108 0.589694 0.673789 0.000000 0.000000 38.612262 0.685928 0.609831
0.705899 0.818291 0.762621 0.786027 0.530576 0.788779 0.000000 0.125000 35.702793 0.626862 0.642912
0.735078 0.840473 0.793262 0.834855 0.513111 0.849497 0.000000 0.000000 34.226715 0.596895 0.570392
0.776987 0.803168 0.761329 0.788819 0.565688 0.796673 0.000000 0.750000 34.179145 0.595930 0.583860
0.777326 0.816303 0.781485 0.810287 0.558272 0.840770 0.000000 0.750000 35.225661 0.617175 0.609614
0.773651 0.809381 0.778194 0.817660 0.511842 0.904552 0.111111 0.375000 35.750133 0.627823 0.609614
0.800835 0.748390 0.754618 0.810287 0.546748 0.766979 0.555556 0.125000 34.441808 0.601262 0.656172
0.740388 0.720571 0.714484 0.759128 0.533186 0.738985 0.444444 0.625000 33.545815 0.583072 0.609641
0.791251 0.757362 0.762404 0.833152 0.574556 0.842092 0.444444 0.500000 39.584923 0.705675 0.609397
0.816035 0.756115 0.763797 0.861254 0.642689 0.848283 0.444444 0.125000 40.648090 0.727258 0.469994
0.779691 0.803006 0.801046 0.905771 0.676977 0.849488 0.333333 0.250000 41.164305 0.737738 0.516308
0.816607 0.763481 0.770581 0.887536 0.507421 0.717843 0.333333 0.500000 36.611081 0.645301 0.469778
0.775551 0.748074 0.781098 0.912234 0.598664 0.790269 0.333333 0.500000 38.783222 0.689399 0.469994
0.763075 0.788619 0.803804 0.937251 0.590089 0.785773 0.111111 0.250000 37.368479 0.660678 0.562839
0.764684 0.745389 0.772011 0.882193 0.567347 0.849440 0.222222 0.750000 36.613680 0.645354 0.516308
0.538410 0.644953 0.573348 0.836778 0.514556 0.481315 1.000000 0.500000 28.566347 0.481982 0.687834
0.520673 0.582868 0.527037 0.801447 0.462792 0.375459 1.000000 0.375000 23.969822 0.388666 0.493877
0.480280 0.601809 0.506783 0.775034 0.323291 0.370158 0.111111 0.375000 21.862330 0.345881 0.509967
0.499953 0.501905 0.423568 0.698943 0.266681 0.300944 0.666667 0.375000 18.600793 0.279667 0.493233
0.480135 0.483704 0.408456 0.662705 0.209508 0.297690 0.555556 0.250000 17.016026 0.247494 0.480458
0.470218 0.458903 0.373688 0.613326 0.189957 0.298004 0.777778 0.125000 15.979290 0.226446 0.516796
0.464613 0.444258 0.369215 0.616282 0.233693 0.292178 0.666667 0.250000 17.303855 0.253337 0.470266
0.441471 0.444751 0.358291 0.656948 0.247074 0.269306 0.555556 0.250000 17.441845 0.256138 0.516824
0.473047 0.484885 0.410821 0.708030 0.201853 0.318113 0.666667 0.250000 17.997414 0.267417 0.516607
0.472244 0.475213 0.399718 0.690130 0.198794 0.293699 0.666667 0.250000 18.281935 0.273193 0.470266
0.395845 0.428666 0.369484 0.611927 0.260769 0.281291 0.666667 0.250000 18.588047 0.279408 0.386192
0.452432 0.361675 0.337812 0.627983 0.287039 0.255324 0.222222 0.250000 17.407574 0.255443 0.376987
0.429369 0.421838 0.407850 0.691915 0.269706 0.314033 0.222222 0.125000 18.432539 0.276251 0.340337
0.356761 0.447195 0.399342 0.704443 0.332590 0.279671 0.555556 0.375000 18.709862 0.281881 0.340552
0.391833 0.481170 0.420147 0.741593 0.380863 0.216963 0.333333 0.500000 19.248772 0.292822 0.378728
0.404616 0.530689 0.457146 0.770171 0.322775 0.251177 0.222222 0.500000 18.567600 0.278993 0.331953
0.405671 0.529709 0.456583 0.723085 0.239915 0.311448 0.333333 0.250000 18.726480 0.282218 0.332197
0.376971 0.549688 0.468710 0.728243 0.260505 0.362801 0.444444 0.250000 21.614655 0.340852 0.295534
0.373747 0.546094 0.483542 0.695007 0.264000 0.412941 0.333333 0.750000 22.192851 0.352591 0.249651
0.444384 0.557960 0.502415 0.748522 0.338805 0.505594 0.222222 0.750000 25.530320 0.420346 0.378484
0.424104 0.588411 0.510860 0.816594 0.276098 0.589220 0.333333 0.875000 25.625127 0.422271 0.425231
0.415432 0.627702 0.534933 0.844681 0.268817 0.611004 0.333333 0.500000 24.544176 0.400326 0.482392
0.484291 0.570243 0.535375 0.717700 0.290983 0.536491 0.444444 0.500000 23.156081 0.372146 0.559703
0.491953 0.576393 0.550706 0.736596 0.270362 0.502032 0.333333 0.500000 22.712698 0.363144 0.582383
0.545520 0.562459 0.599591 0.720363 0.351014 0.513854 0.444444 0.500000 26.969165 0.449557 0.609676
0.517016 0.616762 0.633689 0.831568 0.410853 0.509196 0.777778 0.375000 31.417363 0.539861 0.743009
0.507695 0.570183 0.635844 0.783192 0.467280 0.448064 0.666667 0.500000 31.080591 0.533024 0.726203
0.495988 0.587651 0.665381 0.720363 0.356399 0.453081 0.666667 0.625000 34.465115 0.601735 0.703164
0.461394 0.582553 0.674440 0.736796 0.352950 0.383828 0.666667 0.375000 36.941865 0.652017 0.846974
0.416868 0.530602 0.607392 0.683667 0.483732 0.480687 0.000000 0.000000 35.311895 0.618926 0.663069
0.422671 0.529722 0.612716 0.596865 0.448287 0.495356 0.000000 0.000000 34.330227 0.598997 0.754780
0.081746 0.102934 0.100906 0.220606 0.016585 0.057620 0.555556 0.625000 9.436109 0.093611 0.668317
0.051081 0.064099 0.060505 0.171820 0.011645 0.016574 0.111111 0.875000 9.149364 0.087789 0.755613
0.011466 0.004711 0.042246 0.101324 0.006401 -0.029458 0.555556 0.875000 10.294105 0.111029 0.686172
0.045219 -0.043067 0.009031 -0.014597 -0.009058 -0.034716 1.444444 0.000000 7.792921 0.060251 0.815631
0.028790 -0.064105 -0.043127 -0.115796 -0.033670 -0.028265 0.222222 0.125000 4.387731 -0.008879 0.728335
-0.013863 -0.084824 -0.072164 -0.193275 -0.040872 -0.027879 0.000000 0.750000 4.150245 -0.013700 0.700430
0.007802 -0.111372 -0.103620 -0.251894 -0.036626 -0.040919 0.000000 0.875000 3.666197 -0.023527 0.844425
0.020286 -0.102508 -0.081810 -0.271867 -0.039897 -0.026161 0.222222 0.000000 4.065767 -0.015415 0.844425
0.012583 -0.115814 -0.082582 -0.351824 -0.038489 -0.019741 0.111111 0.000000 4.006153 -0.016625 0.844425
0.027756 -0.170209 -0.141772 -0.510183 -0.028644 -0.054818 0.000000 0.000000 2.861257 -0.039868 0.844730
0.024131 -0.178760 -0.146239 -0.586444 -0.014481 -0.059329 0.888889 0.875000 3.429273 -0.028337 0.757485
0.022402 -0.177393 -0.145119 -0.562913 -0.010409 -0.052964 0.888889 0.250000 3.228708 -0.032409 0.815343
0.022772 -0.175869 -0.151644 -0.562271 -0.023281 -0.050818 0.000000 0.125000 2.554238 -0.046101 0.873846
-0.035910 -0.182204 -0.181804 -0.564932 -0.031856 -0.072201 0.555556 0.250000 2.278048 -0.051708 0.772318
-0.035947 -0.184880 -0.183932 -0.552133 -0.026858 -0.069792 0.555556 0.125000 2.248138 -0.052316 0.570644
-0.017894 -0.145876 -0.150769 -0.366923 -0.026297 -0.038243 0.777778 0.125000 2.335867 -0.050535 0.628567
0.010719 -0.178681 -0.191214 -0.510140 -0.033339 -0.052755 0.111111 0.000000 1.817822 -0.061052 0.610027
-0.026640 -0.174628 -0.187686 -0.477025 -0.027791 -0.056932 0.333333 0.125000 1.821716 -0.060973 0.617026
0.039302 -0.197106 -0.219412 -0.575815 -0.037174 -0.061485 0.000000 0.875000 1.414496 -0.069240 0.749803
0.024297 -0.164367 -0.186979 -0.414975 -0.036712 -0.051119 0.444444 0.000000 1.762199 -0.062181 0.749559
0.003344 -0.191736 -0.215121 -0.567859 -0.037513 -0.065190 0.222222 0.875000 1.484129 -0.067826 0.732282
0.004366 -0.141488 -0.162704 -0.359021 -0.033759 -0.041401 0.777778 0.250000 2.231898 -0.052645 0.548001
0.002165 -0.104955 -0.113531 -0.238769 -0.034286 -0.036773 0.555556 0.375000 2.971160 -0.037637 0.468521
0.028212 -0.005687 0.056414 -0.051881 -0.026926 -0.014482 0.888889 0.750000 4.593142 -0.004709 0.468521
0.072200 0.098926 0.211906 0.001497 -0.003113 0.011520 0.888889 0.875000 6.394580 0.031863 0.673397
0.127536 0.206937 0.343893 0.072189 0.027776 0.065359 0.444444 0.000000 13.924073 0.184723 0.622178
0.239970 0.408221 0.591578 0.349764 0.079986 0.167272 0.444444 0.750000 25.475495 0.419233 0.698962
0.483700 0.588126 0.772115 0.529648 0.384786 0.446353 0.444444 0.375000 39.925803 0.712595 0.724571
0.606173 0.758177 0.860334 0.757615 0.740608 0.554234 0.444444 0.375000 48.678871 0.890295 0.647474
0.780044 0.876079 0.854752 0.912952 0.742107 0.606584 0.444444 0.375000 43.392308 0.782970 0.647474
0.903318 0.868653 0.810790 0.965045 0.941069 0.565712 0.111111 0.250000 38.841289 0.690578 0.647474
0.828231 0.917140 0.875500 1.003612 0.788838 0.686987 0.000000 0.375000 39.506602 0.704085 0.801041
0.937357 0.883661 0.820741 0.968979 0.706799 0.662290 0.000000 0.375000 36.737792 0.647874 0.796090
0.912350 0.868185 0.800295 0.972172 0.706069 0.665225 0.000000 0.125000 37.641139 0.666213 0.891057
0.945605 0.926358 0.840332 0.990906 0.683662 0.762153 0.111111 0.125000 39.641310 0.706819 0.890813
0.916460 0.885712 0.806994 0.946331 0.647904 0.820269 0.111111 0.250000 41.635998 0.747314 0.937371
0.970146 0.916657 0.850606 0.954371 0.634837 0.923879 0.000000 0.125000 43.282343 0.780738 0.937371
0.967442 0.920264 0.848639 0.957692 0.552613 0.991330 1.000000 0.125000 42.671131 0.768329 0.894689
1.013455 0.860928 0.843545 0.864759 0.623284 0.913401 1.111111 0.500000 45.749545 0.830825 0.937099
1.002842 0.841498 0.844587 0.814692 0.641906 0.819311 1.444444 0.625000 44.263088 0.800648 0.983630
0.929641 0.884801 0.898541 0.830611 0.552248 0.924334 0.888889 0.625000 43.161003 0.778274 0.797263
0.999934 0.789351 0.857820 0.795814 0.619279 0.769599 1.000000 0.625000 42.116134 0.757062 0.792359
0.979467 0.814619 0.875676 0.771546 0.752931 0.655827 0.666667 0.625000 45.309636 0.821894 0.844121
0.965558 0.796609 0.890393 0.785693 0.865400 0.556611 0.666667 0.625000 44.840367 0.812368 0.783576
0.950372 0.779895 0.881457 0.808613 0.900403 0.568089 0.000000 0.750000 43.868987 0.792647 0.841740
0.996673 0.787314 0.847580 0.845597 0.882988 0.609731 0.000000 0.750000 43.015677 0.775324 0.783542
0.978633 0.751323 0.804795 0.852050 0.978302 0.591484 0.555556 0.750000 43.357828 0.782270 0.841706
0.972157 0.800270 0.817934 0.887304 0.911908 0.605004 0.000000 0.750000 41.498199 0.744517 0.725379
0.969216 0.795894 0.769388 0.940675 0.582320 0.645834 0.000000 0.000000 33.122161 0.574471 0.725684
0.926431 0.790245 0.751355 0.960102 0.547508 0.609881 0.000000 0.250000 30.755764 0.526430 0.685366
1.002571 0.742258 0.718897 0.920634 0.563729 0.577630 0.555556 0.250000 32.450678 0.560839 0.973640
0.976904 0.747363 0.720037 0.905679 0.519035 0.643726 0.000000 0.250000 32.180199 0.555348 0.954340
1.000752 0.723889 0.688739 0.927860 0.382492 0.693078 0.000000 0.250000 31.260385 0.536675 0.954340
1.028994 0.731573 0.680649 0.856988 0.465463 0.752984 1.111111 0.250000 34.543567 0.603328 1.030811
1.035326 0.748749 0.683296 0.887014 0.566429 0.662721 1.000000 0.250000 33.547162 0.583099 1.002082
0.955880 0.708307 0.742291 0.843416 0.476632 0.602470 0.666667 0.375000 32.290057 0.557578 1.007951
0.891698 0.699918 0.770077 0.794473 0.484309 0.715278 0.555556 0.375000 38.549141 0.684647 0.908242
0.725004 0.730842 0.795031 0.823064 0.549947 0.651759 0.444444 0.500000 40.087121 0.715870 0.975063
0.526502 0.654823 0.725565 0.717454 0.438400 0.326831 0.333333 0.125000 30.700335 0.525305 0.800073
0.513613 0.632782 0.724723 0.684259 0.407444 0.374577 0.000000 0.875000 31.635774 0.544295 0.504118
0.398374 0.621931 0.662690 0.798596 0.425705 0.552272 0.555556 1.000000 30.646495 0.524212 0.342856
0.280064 0.629687 0.592805 0.753072 0.319847 0.365382 0.111111 0.750000 22.015687 0.348994 0.438265
0.264096 0.601650 0.500443 0.788001 0.260739 0.290444 0.111111 0.750000 18.410662 0.275807 0.463643
0.209084 0.604393 0.498246 0.785028 0.252131 0.438024 0.000000 0.250000 22.079792 0.350295 0.553829
0.164836 0.569149 0.495296 0.717538 0.349925 0.442478 0.555556 0.125000 22.527528 0.359385 0.649227
0.193301 0.587761 0.501415 0.763916 0.326840 0.307961 0.222222 0.375000 20.357566 0.315332 0.681397
0.163824 0.627401 0.566693 0.782315 0.340635 0.341300 0.333333 0.250000 23.886537 0.386975 0.572440
0.168506 0.613110 0.566581 0.807469 0.415360 0.410788 0.333333 1.250000 26.281032 0.435587 0.641586
0.181077 0.610994 0.552694 0.841888 0.563750 0.395565 0.333333 0.250000 27.636249 0.463099 0.828896
0.172019 0.603062 0.547528 0.837835 0.512493 0.392698 0.333333 0.375000 27.559375 0.461539 1.110272
0.229612 0.634658 0.558356 0.885809 0.408359 0.556649 0.333333 0.500000 28.360122 0.477795 1.103409
0.233452 0.615383 0.573631 0.825391 0.386465 0.508376 0.333333 0.375000 25.643398 0.422642 1.103137
0.243395 0.656117 0.624721 0.913541 0.394642 0.478668 0.333333 0.375000 25.173020 0.413092 1.103137
0.277878 0.651443 0.640885 0.881351 0.357575 0.524691 0.222222 0.375000 26.253821 0.435034 0.790754
0.306962 0.666585 0.664502 0.911544 0.440822 0.560924 0.333333 0.500000 29.630882 0.503593 0.583950
0.300919 0.665106 0.649367 0.929202 0.455610 0.549532 0.333333 0.250000 30.704884 0.525397 0.480262
0.344347 0.642715 0.651699 0.909532 0.504397 0.567152 0.555556 1.125000 33.422310 0.580565 0.583905
0.370200 0.586454 0.598434 0.875042 0.516267 0.477485 0.444444 1.125000 30.537701 0.522003 0.428486
0.373619 0.626931 0.628464 0.901335 0.512106 0.465787 0.333333 1.125000 31.579823 0.543160 0.446512
0.338533 0.700521 0.703416 0.935726 0.561538 0.472071 0.333333 0.750000 33.028045 0.572561 0.493341
0.369553 0.626781 0.662178 0.909532 0.472219 0.351460 0.222222 0.250000 26.856021 0.447260 0.493070
0.355080 0.635674 0.642124 0.911544 0.484691 0.431590 0.333333 0.250000 28.222054 0.474992 0.586430
0.329459 0.698782 0.660669 0.892081 0.630837 0.590251 0.000000 0.375000 33.724033 0.586690 0.586430
0.302920 0.703419 0.645385 0.894142 0.637884 0.604010 0.000000 0.250000 33.703867 0.586281 0.819220
0.297277 0.730309 0.656582 0.902236 0.635775 0.646794 1.000000 0.125000 33.680408 0.585804 1.051874
0.269525 0.692515 0.619243 0.862068 0.506882 0.598201 0.444444 0.500000 29.340419 0.497697 1.168201
0.261149 0.729327 0.664384 0.895734 0.513004 0.618213 0.555556 0.250000 29.677401 0.504538 1.214759
0.234640 0.725899 0.629307 0.864112 0.482212 0.579377 0.000000 0.125000 28.329086 0.477165 1.191494
0.239566 0.711107 0.631165 0.857698 0.502158 0.521069 0.444444 0.000000 27.444317 0.459203 1.145166
0.267846 0.694092 0.594806 0.818815 0.483490 0.502823 0.000000 0.250000 25.577863 0.421311 1.075185
0.225171 0.677815 0.604555 0.767126 0.519078 0.598678 0.111111 0.250000 28.801303 0.486752 1.023755
0.206072 0.631598 0.562428 0.823678 0.472826 0.546581 0.000000 0.250000 27.303685 0.456348 0.971723
0.195140 0.590832 0.508947 0.792678 0.454089 0.433817 0.111111 0.250000 26.388591 0.437770 0.945872
0.159167 0.515639 0.448986 0.795189 0.440789 0.371558 0.111111 0.250000 24.699370 0.403477 0.844105
0.157793 0.446974 0.430670 0.706445 0.389071 0.338282 0.111111 0.125000 22.079421 0.350288 0.585600
0.119551 0.420334 0.392947 0.662335 0.279479 0.179753 0.111111 0.125000 17.139078 0.249992 0.533899
0.077362 0.408186 0.365211 0.651880 0.248506 0.187502 0.111111 0.250000 14.964726 0.205849 0.430437
0.056119 0.339481 0.308412 0.616093 0.221473 0.199540 0.111111 0.125000 14.579654 0.198032 0.585540
0.067430 0.286838 0.259501 0.541502 0.164725 0.149800 0.111111 0.375000 14.053177 0.187344 0.714567
0.064644 0.280794 0.251313 0.462231 0.131950 0.115568 0.111111 0.500000 12.199607 0.149713 0.774052
0.078443 0.298362 0.259708 0.469596 0.151581 0.134657 0.000000 0.500000 11.770257 0.140997 0.797073
0.052118 0.298954 0.248276 0.461516 0.236005 0.115159 0.000000 0.625000 14.693379 0.200341 0.704229
0.037137 0.375899 0.341297 0.560738 0.281667 0.219856 0.888889 0.500000 17.890528 0.265247 0.641089
0.048496 0.396687 0.379365 0.592906 0.240258 0.237715 0.777778 0.500000 18.097135 0.269442 0.672711
0.050174 0.424957 0.408090 0.616093 0.215202 0.249474 0.777778 0.500000 19.352991 0.294937 0.800683
0.115346 0.432665 0.482569 0.687168 0.246369 0.275713 0.000000 0.625000 20.260791 0.313367 0.800777
0.159063 0.415145 0.468196 0.605165 0.288422 0.296796 0.222222 0.750000 19.855146 0.305132 0.958643
0.148195 0.435966 0.507831 0.625655 0.334645 0.328471 0.333333 0.500000 23.089390 0.370792 0.842316
0.151478 0.542914 0.591898 0.709271 0.347115 0.421993 0.222222 0.250000 29.579017 0.502540 0.551668
0.139907 0.569303 0.597472 0.765158 0.382496 0.406488 0.222222 0.250000 30.411700 0.519445 0.289592
0.090561 0.510262 0.522390 0.646773 0.348469 0.422797 0.666667 0.000000 28.492739 0.480487 0.260511
0.070735 0.480686 0.525106 0.596865 0.358651 0.545607 0.111111 0.375000 33.730551 0.586822 0.318403
0.049681 0.505604 0.558259 0.567635 0.336737 0.526856 0.888889 0.250000 35.768514 0.628196 0.318403
0.041103 0.532524 0.558134 0.575548 0.248881 0.376934 0.555556 0.125000 26.327387 0.436528 0.318403
0.023448 0.522845 0.512551 0.573243 0.254464 0.358622 0.666667 0.500000 22.777883 0.364468 0.276925
-0.027797 0.437908 0.363129 0.562719 0.172914 0.292906 0.333333 0.375000 16.728341 0.241653 0.260494
-0.069280 0.354215 0.262303 0.496106 0.147550 0.226488 0.333333 0.000000 13.289411 0.171838 0.027534
-0.075164 0.280342 0.214938 0.508170 0.186137 0.154526 0.666667 0.875000 11.694095 0.139451 0.143862
-0.079772 0.265854 0.181873 0.526559 0.201516 0.129229 0.777778 1.000000 11.299588 0.131442 0.376651
-0.076470 0.251335 0.189364 0.473408 0.124187 0.124778 0.333333 0.625000 9.176206 0.088334 0.492979
-0.083223 0.251691 0.187079 0.421306 0.151844 0.156604 0.666667 0.875000 10.233054 0.109790 0.551481
-0.071155 0.268889 0.203362 0.469683 0.202415 0.169342 0.777778 0.750000 11.688476 0.139337 0.551786
-0.056316 0.246571 0.174388 0.454580 0.100939 0.108941 0.777778 0.625000 9.070924 0.086197 0.610289
-0.064287 0.181354 0.137111 0.418688 0.075788 0.074041 0.333333 1.250000 8.758283 0.079850 0.534047
-0.062750 0.168581 0.114298 0.379914 0.063815 0.085107 0.333333 1.625000 9.174462 0.088299 0.611585
-0.048563 0.192229 0.119610 0.406174 0.105206 0.113331 0.222222 0.625000 10.178579 0.108684 0.681422
-0.042793 0.202858 0.147698 0.409235 0.081891 0.109258 0.333333 0.500000 9.883851 0.102700 0.867545
-0.029412 0.211748 0.162912 0.428012 0.044512 0.103080 0.222222 0.500000 9.152389 0.087851 0.867816
0.006778 0.222923 0.195313 0.420582 0.081686 0.075604 0.222222 0.500000 10.341113 0.111983 0.870480
-0.006494 0.172926 0.148697 0.416166 0.001572 0.068883 0.222222 0.125000 7.242894 0.049085 0.948303
0.008467 0.133795 0.113786 0.413044 0.013709 0.078086 0.333333 0.000000 7.816550 0.060731 0.844841
0.018204 0.136725 0.091286 0.420582 0.065409 0.069221 0.444444 0.125000 8.746126 0.079603 0.896572
0.029448 0.123142 0.093677 0.352950 0.081304 0.070615 0.555556 0.750000 8.567529 0.075977 0.844841
0.045581 0.123978 0.091895 0.326679 0.051173 0.084778 0.333333 0.500000 7.907215 0.062572 0.895301
0.055809 0.098624 0.069832 0.272134 0.053510 0.067799 0.444444 0.500000 7.551774 0.055356 0.817704
0.041432 0.122541 0.093640 0.316825 0.082679 0.066945 0.555556 0.375000 8.096607 0.066417 0.776207
0.080513 0.104921 0.068073 0.273942 0.060788 0.052839 0.333333 0.500000 7.057908 0.045330 0.869436
0.083860 0.081931 0.061335 0.234913 0.025539 0.061417 0.444444 0.375000 6.519233 0.034394 0.817704
0.069177 0.085643 0.038348 0.255093 0.031697 0.049451 0.333333 0.250000 6.539631 0.034808 0.843597
0.080497 0.050043 0.005717 0.228595 0.031998 0.019750 0.444444 0.125000 5.547997 0.014676 0.843597
0.086129 0.076374 0.035552 0.233091 0.030376 0.036998 0.333333 0.250000 5.654732 0.016843 0.890155
0.079216 0.063826 0.032425 0.213216 0.010369 0.035261 0.333333 0.375000 5.573934 0.015203 0.773964
0.075802 0.070039 0.022509 0.269341 0.007665 0.016820 0.000000 0.250000 5.348107 0.010618 0.766200
0.079497 0.082648 0.031015 0.273820 0.016505 0.026510 1.000000 0.125000 5.748497 0.018747 0.766200
0.108786 0.123542 0.075529 0.324190 0.008708 0.075406 0.111111 0.000000 7.022494 0.044611 0.740334
0.095015 0.117914 0.075742 0.306134 0.003352 0.047112 0.000000 0.125000 6.263685 0.029206 0.663009
0.095602 0.109186 0.075237 0.303414 0.018144 0.046833 0.111111 0.125000 6.747445 0.039027 0.559788
0.090743 0.113588 0.080891 0.291014 0.019521 0.059979 0.222222 0.125000 7.257136 0.049374 0.534179
0.084754 0.153065 0.110283 0.367511 0.021486 0.058515 0.222222 0.125000 7.677456 0.057907 0.430716
0.076414 0.156571 0.108864 0.380971 0.035801 0.059775 0.222222 0.000000 8.362503 0.071815 0.430716
0.090711 0.153677 0.109392 0.398505 0.057497 0.066050 0.111111 0.125000 8.334815 0.071253 0.430716
0.109330 0.171219 0.115688 0.371430 0.063657 0.096140 0.222222 0.500000 9.180716 0.088426 0.404625
0.128840 0.163091 0.113098 0.346506 0.046695 0.083116 0.333333 0.500000 9.154346 0.087890 0.564941
0.121752 0.142821 0.096633 0.343998 0.082324 0.060147 0.222222 0.625000 8.160040 0.067704 0.611988
0.108030 0.139912 0.095736 0.338659 0.074413 0.060549 0.333333 0.500000 7.798036 0.060355 0.636424
0.111558 0.147421 0.089962 0.346506 0.039818 0.060352 0.444444 0.375000 7.411175 0.052501 0.543308
0.112920 0.144124 0.085395 0.334694 0.040452 0.043104 0.444444 0.125000 7.260776 0.049448 0.543090
0.103825 0.133975 0.068114 0.317232 0.034507 0.024916 0.888889 0.000000 6.999685 0.044148 0.542860
0.106777 0.069573 0.016355 0.203590 0.017743 0.024057 0.666667 0.625000 6.091610 0.025712 0.519771
0.098073 0.052575 0.001041 0.165325 0.009277 0.017201 0.666667 0.625000 5.618801 0.016114 0.473213
0.109301 0.067510 0.017703 0.171711 0.018777 0.014721 0.777778 0.625000 5.919424 0.022217 0.426655
0.099603 0.055682 0.002152 0.211994 0.012946 0.000219 0.777778 1.250000 5.203843 0.007689 0.473213
0.110004 0.032117 0.000208 0.132432 -0.000013 0.007879 0.555556 0.750000 4.837212 0.000246 0.310043
0.126560 0.001896 -0.000624 0.056139 0.000004 0.005503 0.555556 0.750000 4.788683 -0.000739 0.262996
0.150840 -0.019951 -0.026467 -0.004492 -0.003905 -0.014264 1.111111 0.875000 4.668697 -0.003175 0.215282
0.162302 -0.045169 -0.034568 -0.049845 -0.006835 -0.014759 0.555556 0.875000 5.135203 0.006296 0.354956
0.200842 -0.115851 -0.079365 -0.244796 0.002300 -0.047126 1.000000 0.250000 3.972728 -0.017304 0.401514
0.228512 -0.087098 -0.069675 -0.168281 0.021426 -0.031343 0.888889 0.250000 4.296558 -0.010730 0.238561
0.255055 -0.030283 -0.033910 -0.024433 -0.000468 0.003911 0.444444 0.125000 4.631997 -0.003920 0.354765
0.264590 -0.033612 -0.042619 -0.034535 -0.003250 -0.000657 0.888889 0.250000 4.279520 -0.011076 0.354765
0.276450 0.006142 -0.019239 0.027859 0.009933 0.010737 0.000000 0.375000 4.699245 -0.002555 0.352155
0.284394 0.065802 0.032792 0.098067 0.005817 0.031282 0.222222 0.125000 5.868528 0.021183 0.404157
0.291358 0.138083 0.122542 0.230389 0.048580 0.012195 0.444444 0.000000 8.597668 0.076589 0.456130
0.305793 0.277705 0.244888 0.430694 0.119535 0.030300 0.777778 0.000000 13.259771 0.171236 0.508132
0.298606 0.336921 0.280817 0.516968 0.137503 0.125242 0.666667 0.000000 17.609776 0.259548 0.585729
0.329026 0.436130 0.378038 0.659060 0.244948 0.275003 0.000000 0.250000 21.641344 0.341394 0.611594
0.357711 0.587965 0.512899 0.734434 0.315243 0.438765 0.222222 0.500000 25.571281 0.421178 0.508343
0.399073 0.676691 0.595783 0.820299 0.331325 0.494032 1.000000 0.375000 27.105893 0.452332 0.766999
0.411635 0.721720 0.668253 0.828468 0.348515 0.498653 0.333333 1.000000 28.688455 0.484461 0.792864
0.430812 0.775021 0.729548 0.916352 0.509989 0.526765 0.333333 0.875000 31.049670 0.532397 0.896326
0.468487 0.856141 0.812145 0.963802 0.626429 0.557367 0.333333 0.875000 35.881416 0.630488 0.937636
0.483199 0.848127 0.794992 0.925226 0.619674 0.497770 0.333333 0.875000 36.136242 0.635661 0.983949
0.469129 0.848683 0.787183 0.916661 0.672499 0.591560 0.333333 0.750000 39.671711 0.707437 1.030507
0.523239 0.825934 0.806606 0.874807 0.705628 0.752046 0.333333 0.125000 42.550125 0.765872 1.076821
0.546522 0.846095 0.849414 0.905578 0.745415 0.725010 0.333333 0.625000 43.718420 0.789590 0.891543
0.541958 0.869132 0.875816 0.909420 0.661405 0.739782 0.111111 1.125000 43.652189 0.788246 0.938101
0.548503 0.858093 0.883053 0.912490 0.659462 0.904318 0.111111 1.000000 45.338272 0.822476 0.984469
0.540366 0.849335 0.855293 0.902521 0.856275 0.799645 0.111111 1.000000 43.184970 0.778761 0.895734
0.579235 0.847591 0.868807 0.913612 0.787442 0.839601 0.111111 0.125000 43.155973 0.778172 0.895734
0.609571 0.861120 0.874418 0.888093 0.748950 0.752941 0.111111 0.875000 43.441139 0.783961 0.849637
0.617365 0.815632 0.839141 0.860947 0.770944 0.675882 0.222222 0.500000 43.204306 0.779153 0.845039
0.643427 0.823875 0.831705 0.872519 0.779766 0.719953 0.222222 1.000000 43.808328 0.791416 0.845039
0.696842 0.820230 0.844539 0.874404 0.812983 0.698587 0.888889 0.000000 45.357264 0.822861 0.845039
0.680770 0.814489 0.859579 0.925125 0.746062 0.632957 0.333333 0.000000 42.470640 0.764259 0.798481
0.727683 0.822580 0.876558 0.906331 0.900057 0.720649 0.222222 1.250000 45.773351 0.831309 1.030317
0.736552 0.785131 0.850993 0.931400 1.011466 0.899736 0.222222 0.125000 49.256420 0.902020 0.999306
0.760793 0.800401 0.855782 0.929840 1.068270 1.060646 0.222222 0.000000 52.201553 0.961810 1.076936
0.655503 0.687110 0.814432 0.919446 0.880016 0.817158 0.111111 0.250000 41.521252 0.744985 1.109887
0.553057 0.657385 0.810823 0.872760 0.727740 0.736679 0.222222 0.250000 36.657867 0.646251 0.976864
0.468658 0.553690 0.745629 0.774804 0.634950 0.619990 0.222222 1.375000 36.387858 0.640770 0.999034
0.393623 0.485525 0.653648 0.647925 0.407371 0.466110 0.222222 0.875000 31.563089 0.542820 0.844158
0.272236 0.462357 0.571034 0.660182 0.245962 0.363646 0.000000 0.500000 25.844321 0.426721 0.710536
0.201831 0.387140 0.404011 0.554638 0.159977 0.170337 0.222222 0.125000 21.456065 0.337633 0.433954
0.204559 0.313734 0.323197 0.546620 0.117647 0.164224 0.222222 0.000000 19.340005 0.294674 0.378736
0.151991 0.277132 0.273340 0.398052 0.174917 0.200136 0.222222 0.750000 17.795175 0.263311 -0.003873
0.146608 0.231338 0.226054 0.330013 0.138034 0.175945 0.222222 0.500000 11.423696 0.133961 -0.027016
0.156811 0.230567 0.173611 0.365092 0.094701 0.143563 0.333333 0.250000 9.389497 0.092664 0.006178
0.192374 0.273065 0.241206 0.394914 0.125226 0.225032 0.777778 0.000000 13.854037 0.183301 0.006178
0.627245 0.492266 0.541585 0.404174 0.369762 0.383233 0.222222 0.500000 23.368743 0.376463 0.872421
0.108043 0.354026 0.461313 0.506996 0.407939 0.235046 0.000000 0.250000 27.707297 0.464542 0.872421
0.070750 0.253653 0.369054 0.288946 0.405954 0.113405 0.111111 0.625000 19.778278 0.303571 -1.019834
0.019692 0.252882 0.379322 0.267646 0.306731 0.091262 0.111111 0.625000 19.365831 0.295198 -1.019834
-0.013030 0.192437 0.337639 0.232300 0.267903 0.069644 0.000000 0.750000 19.259334 0.293036 -0.089216
-0.076106 0.127052 0.248997 0.208213 0.258819 0.032622 0.000000 0.750000 17.468138 0.256672 0.221803
-0.107758 0.114189 0.228356 0.199568 0.245019 0.022925 0.111111 0.625000 14.265996 0.191664 0.221803
-0.140813 0.083824 0.169542 0.139729 0.171338 0.007743 0.000000 0.500000 11.422381 0.133935 0.221803
-0.127191 0.148439 0.246050 0.238154 0.159961 0.011501 0.000000 0.625000 11.053629 0.126448 -0.088267
-0.146347 0.215189 0.325030 0.336680 0.136774 0.048449 0.222222 0.000000 12.084564 0.147378 -0.120714
-0.126335 0.270855 0.336515 0.437045 0.096243 0.055705 0.111111 0.250000 12.577712 0.157390 -0.010671
-0.137107 0.309944 0.363140 0.489485 0.132928 0.111055 0.000000 0.250000 17.236224 0.251964 -0.010671
0.277423 0.880950 0.978515 0.779830 0.829320 0.765871 0.333333 0.625000 44.805193 0.811654 -0.261911
0.322481 0.950981 1.007782 0.794473 0.925748 0.790332 0.444444 0.125000 48.705711 0.890840 -0.116145
0.306519 0.996671 1.050498 0.874807 0.953284 0.883127 1.333333 0.625000 54.022830 0.998785 -0.116145
0.249224 0.872863 0.934540 0.856681 0.815638 1.082836 0.000000 0.500000 50.701075 0.931348 -0.186775
0.222212 0.888870 0.971810 0.901556 0.852373 1.248429 0.333333 0.250000 52.437967 0.966610 -0.232540
0.109143 0.956207 1.028080 0.894709 0.949462 1.216497 0.555556 0.375000 57.036571 1.059968 -0.263370
0.079862 0.858054 0.930115 0.791776 0.722004 0.964912 0.555556 0.375000 47.719369 0.870816 -0.153519
0.109383 0.887124 0.981737 0.826726 0.766577 0.994805 0.000000 0.250000 54.805668 1.014678 -0.087008
0.133936 0.949237 1.028331 0.790147 0.823544 0.802059 0.111111 0.250000 59.901475 1.118130 -0.119548
0.299544 1.070205 1.236042 0.778925 0.924522 0.666591 0.444444 0.625000 86.341083 1.654892 -0.119816
0.460783 1.039601 1.307488 0.783362 0.661365 0.610726 0.333333 0.000000 86.346949 1.655011 -0.119541
0.293267 1.003220 1.167178 0.840866 0.944716 0.597238 0.111111 1.125000 83.994101 1.607245 -0.273556
0.535445 0.958619 1.187153 0.767169 0.700411 0.796563 0.333333 0.125000 76.290868 1.450858 -0.243144
0.507997 1.130755 1.259363 0.949617 0.996178 0.919679 0.222222 0.250000 69.156460 1.306019 -0.220883
0.686251 1.158487 1.200103 1.008548 1.069214 0.813757 0.666667 0.125000 62.253630 1.165882 -0.154372
0.908691 1.213362 1.135873 0.992059 1.300999 1.400145 0.666667 0.125000 67.707232 1.276598 -0.115104
1.001810 1.002995 0.959639 1.008259 0.812278 1.087812 0.111111 0.125000 49.913348 0.915356 -0.115104
1.005605 0.980188 0.964586 1.018158 0.813767 1.150006 0.333333 0.125000 52.710159 0.972136 -0.056906
1.000888 1.005041 0.947524 1.087257 0.816621 1.098551 0.444444 0.125000 52.075185 0.959245 0.001291
0.996217 1.027252 0.967529 1.077081 0.912385 0.945996 0.111111 0.125000 51.767683 0.953002 0.030627
0.913095 0.986197 0.946710 1.083461 1.050745 0.853048 0.000000 0.000000 51.702847 0.951686 0.030627
0.891783 0.968765 0.960076 1.081252 0.988374 0.782220 0.888889 0.250000 48.660762 0.889927 0.147294
0.835755 0.996137 1.006445 1.026836 0.899794 0.749732 0.111111 0.500000 47.522582 0.866820 0.112938
0.856632 0.963625 0.979291 1.065408 1.084370 0.661256 0.000000 0.875000 51.260009 0.942696 0.228180
0.906412 0.999002 1.008360 1.024325 1.133821 0.753027 0.000000 0.250000 56.195733 1.042898 0.286070
0.914818 0.983698 0.993926 1.006065 1.264704 0.778448 1.000000 0.250000 55.672970 1.032285 0.349706
0.931291 0.932242 0.944385 0.990219 1.082579 0.736992 0.333333 0.375000 51.197307 0.941423 0.352878
0.854984 1.024831 1.009577 0.965806 1.190762 0.744491 0.222222 0.500000 53.093973 0.979928 0.353120
0.846466 1.058514 1.024938 0.972172 1.293586 0.868104 0.333333 0.375000 55.775700 1.034371 0.404851
0.827630 1.021460 1.016038 0.951358 1.162200 1.015586 0.333333 0.375000 55.816477 1.035198 0.430716
0.846543 1.004065 1.003998 0.939503 0.936835 1.118425 0.222222 0.500000 53.309303 0.984299 0.472029
0.930511 1.047521 1.038342 0.955444 0.872594 1.168067 0.222222 0.375000 54.674982 1.012024 0.518614
0.948889 1.015389 0.986415 0.995804 0.782522 1.141106 0.666667 0.375000 53.409801 0.986339 0.526444
0.964209 1.043999 1.000250 0.989717 0.621020 1.288603 0.222222 0.750000 52.987981 0.977776 0.480562
0.970957 1.089206 1.021179 1.027876 0.772123 1.126693 0.222222 0.875000 53.369076 0.985513 0.526444
0.988248 1.036475 0.987465 0.999993 0.898961 0.881293 0.222222 0.500000 52.415271 0.966149 0.526444
0.970101 1.014249 1.006513 1.016380 0.663162 1.051199 0.222222 0.625000 50.588711 0.929067 0.547006
0.952501 0.995998 0.996744 1.010961 0.716225 1.140678 0.222222 0.875000 52.282168 0.963447 0.597986
0.882227 0.913298 0.910302 0.983030 0.787776 0.918783 0.111111 1.000000 47.317880 0.862665 0.597986
0.896284 0.928948 0.918617 1.006809 0.831206 0.921564 0.888889 1.000000 48.257367 0.881738 0.689432
