0.275930 1.054266 1.081889 0.939506 0.907167 0.583880 0.000000 0.375000 44.540794 1.202654 0.481284
0.355986 0.983208 1.000136 0.880640 1.157166 0.489677 0.142857 0.500000 35.638052 0.947157 0.517144
0.386271 0.934232 0.949834 0.833468 1.481401 0.559167 0.285714 0.000000 37.557940 1.002255 0.517144
0.432506 0.945452 0.941319 0.835941 1.324804 0.579584 0.571429 0.000000 37.009864 0.986526 0.695728
0.427628 0.964268 0.947686 0.910710 1.164102 0.600964 0.000000 0.875000 39.024537 1.044345 0.695728
0.395263 0.986191 0.958836 0.956782 1.025972 0.693988 0.571429 0.375000 37.599631 1.003452 0.695728
0.372447 1.020607 0.958318 0.963051 1.005937 0.743868 0.571429 0.375000 33.310331 0.880354 0.695728
0.322448 0.977387 0.919910 0.934036 0.829491 0.657196 0.714286 0.375000 26.986685 0.698874 0.848698
0.244568 0.958417 0.907191 0.962137 0.691209 0.651061 0.142857 0.250000 26.325145 0.679888 0.874907
0.199913 0.931694 0.922849 0.955935 0.560256 0.791551 0.571429 0.875000 27.673782 0.718593 0.695728
0.246647 0.928039 0.932663 0.970506 0.497636 0.717442 1.571429 0.875000 25.746342 0.663277 0.517263
0.245002 0.899227 0.920596 0.943200 0.446784 0.521283 0.428571 0.500000 22.884044 0.581133 0.338798
0.240438 0.896787 0.924689 0.978804 0.591396 0.554526 0.571429 0.375000 26.499294 0.684886 0.236920
0.203996 0.920277 0.938754 0.985132 0.852007 0.646316 0.428571 0.250000 32.307284 0.851568 0.083236
0.164951 0.930984 0.964933 0.975018 1.087028 0.717924 0.428571 0.500000 37.471307 0.999769 0.083236
0.105962 0.866732 0.909633 0.916362 1.165044 0.522836 0.285714 0.625000 35.530593 0.944073 0.159887
0.092283 0.847373 0.913713 0.910206 1.078428 0.686493 0.428571 0.625000 34.514831 0.914922 0.083236
-0.000921 0.826304 0.851130 0.913971 0.656259 0.850946 0.428571 0.125000 30.490189 0.799420 0.083236
-0.053374 0.875082 0.915628 0.957313 0.480746 0.914229 0.285714 1.000000 31.283898 0.822198 -0.108257
-0.059814 0.923111 0.913168 0.970052 0.617333 0.823404 0.285714 1.125000 36.055809 0.959146 0.026127
-0.088369 0.892040 0.873523 0.987305 0.738138 0.657997 0.142857 1.250000 39.631355 1.061759 0.026127
-0.111738 0.897729 0.869436 0.998953 0.752853 0.580328 0.000000 0.750000 35.864232 0.953648 0.159976
-0.177434 0.947311 0.911045 1.001988 0.753124 0.622498 1.142857 0.625000 30.528877 0.800530 0.159976
-0.277999 0.906706 0.856967 0.946277 0.652177 0.575543 0.428571 0.250000 29.046576 0.757990 0.160601
-0.211987 0.913062 0.885806 0.941734 0.706716 0.777632 0.571429 1.500000 32.231578 0.849395 0.101162
-0.180401 0.943241 0.940482 1.000649 0.844731 0.994905 1.000000 1.250000 35.725037 0.949653 -0.018291
-0.162438 0.935176 0.942371 0.995618 0.822264 0.970700 1.000000 0.000000 32.233241 0.849443 0.053182
-0.159118 0.946612 0.998994 0.985789 0.782959 1.085940 0.000000 0.000000 32.950393 0.870024 -0.053897
-0.124879 0.954003 0.987571 0.967751 0.982937 1.047975 0.428571 0.375000 39.078433 1.045891 0.107079
-0.087180 0.967012 1.014266 0.965943 1.160067 0.789922 0.285714 0.375000 39.956282 1.071084 -0.000000
-0.115499 1.038817 1.039819 0.967751 1.146231 0.656525 0.428571 1.125000 35.333583 0.938419 -0.000428
-0.078668 1.053126 1.078506 0.995128 1.162077 0.664585 0.428571 0.625000 35.943493 0.955923 -0.000428
-0.061594 1.034840 1.058893 1.017355 1.030933 0.659994 0.428571 0.625000 40.520282 1.087270 -0.000428
-0.033737 1.021692 1.038104 1.016049 0.919218 0.790651 1.285714 0.625000 44.544776 1.202768 -0.107507
-0.059165 1.056877 1.060402 1.046793 0.856267 1.027135 1.285714 0.000000 42.335192 1.139356 -0.000428
-0.056447 1.088899 1.057408 1.061554 0.907532 1.186252 0.142857 0.500000 39.177899 1.048746 0.107079
-0.026391 1.136025 1.102741 1.042774 1.191432 1.240620 0.428571 0.000000 42.734285 1.150809 0.107079
0.007841 1.157665 1.119152 1.021880 1.093805 1.160241 1.142857 0.000000 40.310538 1.081251 0.213658
-0.008808 1.126952 1.096145 1.020720 0.987053 1.023727 0.142857 0.125000 37.481377 1.000058 0.219504
-0.057893 0.978588 0.956251 1.006115 0.878485 0.712240 0.142857 0.125000 30.868387 0.810274 0.338481
-0.000058 1.011742 1.004093 0.987015 0.618484 0.749356 0.714286 0.125000 27.962292 0.726872 0.338956
-0.098591 0.956244 0.977677 0.965605 0.503232 1.068393 0.714286 0.000000 32.472439 0.856308 0.219504
0.010084 0.955547 0.947988 0.952304 0.688297 1.171040 0.857143 0.500000 36.988642 0.985917 0.219028
-0.025476 0.918649 0.929661 0.937402 0.942513 0.878039 0.857143 0.125000 35.176820 0.933920 0.293200
-0.036708 0.935822 0.944003 0.925583 0.980541 0.723942 0.428571 0.125000 32.669357 0.861959 0.293200
-0.048793 0.912656 0.945730 0.904100 0.961572 0.717609 0.428571 0.250000 30.878423 0.810562 0.292575
-0.138584 0.846031 0.852302 0.924244 0.894011 0.769515 0.285714 0.125000 28.644705 0.746457 0.158727
-0.113643 0.888648 0.871292 0.927560 0.630656 0.909338 0.571429 0.125000 26.725465 0.691377 0.025503
-0.114363 0.944442 0.903664 0.958627 0.565467 1.021863 0.571429 0.125000 28.386249 0.739039 0.099496
-0.071880 0.937448 0.903978 0.946340 0.753814 0.937892 0.571429 0.250000 30.735983 0.806474 0.024878
-0.095440 0.966239 0.905740 0.966295 0.875033 0.939653 0.571429 0.375000 32.263703 0.850317 0.158727
-0.023039 1.004818 0.947354 0.964503 0.719513 1.279637 0.571429 0.500000 34.056484 0.901768 0.293111
-0.072665 0.950543 0.879448 0.937198 0.624802 1.133794 0.000000 0.500000 30.180850 0.790542 0.427495
-0.018780 1.002597 0.938967 0.959880 0.508347 1.359563 0.714286 0.375000 30.848863 0.809713 0.456823
-0.003203 0.979742 0.931099 0.980986 0.406931 1.222555 0.714286 0.250000 27.556865 0.715237 0.456823
0.000231 0.940519 0.886419 0.990381 0.434250 0.974623 0.714286 0.250000 25.918643 0.668222 0.338401
-0.026574 0.897548 0.820963 1.005033 0.473576 0.902305 0.714286 0.250000 25.709646 0.662224 0.457378
-0.031612 0.867023 0.799832 1.000248 0.519299 0.849340 0.857143 0.375000 24.768390 0.635212 0.456902
0.017479 0.857401 0.826919 1.007651 0.631767 0.723058 0.285714 1.250000 25.605164 0.659226 0.457457
-0.045157 0.838937 0.773759 0.998053 0.781128 0.778410 1.714286 0.750000 26.195928 0.676180 0.481356
-0.012543 0.834757 0.777403 0.992160 0.725656 0.763470 0.285714 0.750000 24.722094 0.633883 0.481356
-0.028813 0.848381 0.793709 1.004196 0.491912 0.733537 0.428571 0.250000 21.499884 0.541410 0.481356
-0.026551 0.863498 0.809149 1.008854 0.460166 0.823186 0.142857 0.375000 23.017709 0.584969 0.480856
-0.017543 0.888915 0.804641 1.036607 0.569148 0.937092 0.571429 0.000000 26.868519 0.695483 0.481356
0.011457 0.905574 0.814171 1.003990 0.585881 0.826279 0.428571 0.125000 26.309987 0.679453 0.481356
0.086532 0.957304 0.889691 0.992160 0.534241 0.697923 0.285714 0.875000 25.773979 0.664071 0.588435
0.162556 0.963323 0.908594 0.937786 0.542180 0.695637 0.285714 0.375000 26.873613 0.695629 0.588435
0.171045 0.956022 0.903937 0.933294 0.716068 0.804530 1.000000 0.375000 29.866864 0.781531 0.588863
0.232225 0.996327 0.957782 0.912062 0.923443 0.996948 1.000000 0.250000 34.264115 0.907727 0.588863
0.271840 0.977267 0.940399 0.900204 0.709029 0.985509 1.000000 0.250000 30.474466 0.798969 0.481784
0.241644 1.001633 0.975675 0.868784 0.582196 0.863586 0.428571 0.625000 28.004146 0.728074 0.481284
0.269776 0.986098 0.946257 0.886710 0.823752 0.774154 0.428571 0.000000 32.056592 0.844374 0.481284
0.297655 0.979260 0.932489 0.858253 1.070400 0.884496 0.571429 0.625000 37.615848 1.003917 0.481784
0.337477 0.924245 0.889707 0.837260 1.182356 0.909178 1.285714 0.125000 39.630188 1.061726 0.374705
0.397860 0.839142 0.842284 0.828543 1.080341 0.736225 0.142857 0.000000 33.659567 0.890377 0.267626
0.383321 0.830294 0.848277 0.827044 1.139341 0.587918 0.285714 0.125000 31.009823 0.814333 0.267626
0.329356 0.721877 0.737306 0.786018 0.730901 0.428233 0.428571 0.125000 21.409384 0.538812 0.267126
0.453605 0.580981 0.612052 0.748033 0.484065 0.263902 0.000000 0.375000 15.782781 0.377336 0.374205
0.489378 0.614070 0.633084 0.827044 0.415135 0.333726 0.142857 1.000000 15.716148 0.375424 0.374205
0.433784 0.642375 0.689112 0.823789 0.472576 0.411857 0.571429 0.000000 18.272294 0.448782 0.427745
0.429135 0.691435 0.738942 0.837427 0.610600 0.484396 0.571429 0.000000 21.967634 0.554833 0.428245
0.476693 0.671523 0.728975 0.838727 0.420634 0.537305 0.000000 0.500000 18.259292 0.448409 0.398445
0.572493 0.682221 0.759437 0.871095 0.427959 0.515650 0.714286 0.000000 19.292964 0.478074 0.361195
0.641381 0.666947 0.720090 0.869965 0.607391 0.479215 0.714286 0.500000 21.939863 0.554036 0.466273
0.677494 0.667095 0.708629 0.865843 0.849727 0.567523 0.714286 0.375000 28.368517 0.738531 0.619243
0.747516 0.668029 0.713712 0.823815 0.924955 0.653006 0.714286 0.250000 34.911668 0.926310 0.619243
0.826103 0.658109 0.674860 0.779996 0.681839 0.802296 0.714286 0.375000 38.433571 1.027385 0.619957
0.806793 0.604026 0.639470 0.732913 0.591505 0.546846 0.714286 0.500000 31.119224 0.817472 0.772927
0.798449 0.601964 0.605708 0.708854 0.370138 0.323590 0.714286 0.000000 25.046663 0.643198 0.772927
0.825560 0.473796 0.464406 0.675689 0.211839 0.194111 0.000000 0.500000 15.699775 0.374954 0.696442
0.790135 0.335411 0.351157 0.585180 0.173729 0.186131 0.428571 0.375000 10.539878 0.226872 0.543472
0.715464 0.351095 0.360769 0.576400 0.179059 0.196254 0.428571 0.250000 9.715918 0.203225 0.562593
0.647133 0.382284 0.362146 0.609346 0.145362 0.189892 0.428571 1.625000 7.791486 0.147996 0.458488
0.562471 0.392859 0.332434 0.633336 0.094980 0.184311 0.428571 1.000000 8.205604 0.159881 0.482284
0.520806 0.381733 0.325423 0.662489 0.101101 0.223841 0.428571 0.875000 9.105150 0.185697 0.375205
0.503030 0.382565 0.313761 0.691337 0.118397 0.247312 0.571429 0.750000 8.706288 0.174250 0.339512
0.445093 0.379501 0.302325 0.714998 0.105684 0.252503 0.571429 0.000000 7.889826 0.150819 0.339512
0.408727 0.386299 0.296642 0.685140 0.070599 0.269419 0.571429 0.500000 7.462770 0.138563 0.219980
0.366924 0.331754 0.255379 0.663603 0.064562 0.271748 0.000000 0.375000 7.379798 0.136181 0.160491
0.354924 0.335154 0.256813 0.648766 0.064965 0.251564 0.000000 0.250000 7.414123 0.137167 0.280024
0.347563 0.300252 0.229889 0.641924 0.035768 0.218742 0.142857 0.125000 6.337830 0.106278 0.399001
0.372034 0.313766 0.234180 0.678636 0.032141 0.191492 0.000000 0.125000 6.485615 0.110520 0.399001
0.365402 0.303427 0.234263 0.680819 0.049741 0.147699 0.000000 0.250000 6.472878 0.110154 0.517977
0.327570 0.256524 0.204936 0.586608 0.086388 0.094453 1.142857 0.250000 5.864951 0.092707 0.517977
0.316724 0.265731 0.204183 0.593177 0.107363 0.076179 1.000000 0.250000 5.692213 0.087750 0.636954
0.296691 0.264033 0.203830 0.548646 0.103119 0.077024 0.714286 0.125000 5.823984 0.091532 0.643403
0.283799 0.257692 0.186405 0.562780 0.101203 0.079637 0.571429 0.250000 5.512832 0.082602 0.643403
0.305327 0.268044 0.195676 0.624837 0.054091 0.107935 0.142857 0.875000 5.513982 0.082635 0.536824
0.329953 0.288484 0.215341 0.647243 0.042409 0.136968 0.571429 0.750000 5.698010 0.087916 0.578577
0.344577 0.286483 0.217430 0.629661 0.050380 0.117297 0.428571 0.625000 5.608849 0.085358 0.563218
0.345827 0.268932 0.212573 0.552415 0.054147 0.114839 0.285714 0.500000 6.226747 0.103090 0.544187
0.318950 0.246053 0.191638 0.556673 0.038944 0.132467 0.857143 1.125000 6.056183 0.098195 0.518811
0.378621 0.257852 0.215815 0.539688 0.021096 0.127553 0.571429 0.250000 5.962140 0.095496 0.518811
0.413270 0.271331 0.227072 0.582428 0.021232 0.144038 0.142857 0.750000 5.847755 0.092214 0.518811
0.439335 0.266430 0.219883 0.552342 0.052501 0.158778 0.000000 0.625000 7.548166 0.141013 0.518811
0.480824 0.263618 0.212477 0.556620 0.095457 0.115554 0.857143 0.625000 9.476598 0.196357 0.874907
0.511852 0.232567 0.191748 0.539433 0.111732 0.059360 1.000000 0.125000 9.237239 0.189488 0.910600
0.534304 0.264211 0.228727 0.513780 0.095746 0.060890 0.142857 0.750000 7.464491 0.138612 1.231837
0.530761 0.251925 0.216474 0.483385 0.096351 0.092232 0.142857 0.875000 6.398807 0.108028 1.124758
0.529782 0.243590 0.213397 0.492607 0.100977 0.087496 1.000000 0.000000 6.668185 0.115759 0.874907
0.569545 0.220147 0.189760 0.516943 0.094701 0.099468 0.857143 0.125000 6.340532 0.106356 0.696442
0.520365 0.247064 0.210038 0.515410 0.084663 0.065029 1.000000 0.000000 6.204429 0.102450 0.562593
0.542770 0.193928 0.177022 0.461666 0.119399 0.075989 1.000000 0.750000 6.300841 0.105217 0.428744
0.511246 0.142881 0.133766 0.383512 0.103371 0.062815 0.000000 0.125000 5.512464 0.082591 0.294895
0.519974 0.127573 0.121438 0.339414 0.082688 0.070508 0.142857 0.250000 5.035924 0.068915 0.161047
0.523454 0.146439 0.136953 0.325802 0.072133 0.088339 0.285714 0.250000 4.856073 0.063754 -0.106651
0.507870 0.213996 0.200808 0.380733 0.203479 0.146018 0.428571 0.000000 7.520248 0.140212 -0.136395
0.493932 0.144366 0.136234 0.314473 0.105843 0.055035 0.285714 0.500000 5.193696 0.073443 -0.159761
0.496967 0.153254 0.143897 0.324916 0.100060 0.038579 0.285714 0.750000 4.694903 0.059128 -0.254895
0.502491 0.235816 0.225512 0.390913 0.093681 0.068922 0.000000 0.125000 4.898142 0.064961 -0.135918
0.492949 0.312500 0.257032 0.421931 0.103715 0.093897 0.000000 0.125000 5.608814 0.085356 -0.016942
0.499578 0.311535 0.265148 0.457243 0.153285 0.121733 0.000000 0.500000 7.372849 0.135982 0.102035
0.527648 0.348645 0.296020 0.497461 0.131093 0.205429 1.285714 0.000000 9.804902 0.205779 0.161583
0.496191 0.410964 0.335929 0.531356 0.118541 0.230830 0.285714 0.125000 9.569765 0.199031 0.295432
0.503653 0.316892 0.262054 0.533724 0.160069 0.216732 0.285714 0.125000 8.716792 0.174551 0.161583
0.498494 0.287088 0.238185 0.488077 0.221918 0.253290 0.428571 0.125000 9.689453 0.202466 0.161583
0.530410 0.220630 0.195455 0.435004 0.234279 0.165432 0.285714 0.000000 8.691003 0.173811 0.238144
0.554963 0.188117 0.177256 0.346256 0.230288 0.070960 0.428571 1.000000 8.260202 0.161448 0.390502
0.490568 0.490967 0.479219 0.552391 0.446445 0.449984 0.142857 0.000000 20.185570 0.503691 0.544187
0.553707 0.270405 0.231808 0.409251 0.253709 0.138780 1.142857 0.500000 8.863147 0.178752 0.563218
0.166334 0.776637 0.869200 0.677760 0.550837 1.006971 0.142857 0.500000 35.322300 0.938095 0.563218
0.583882 0.189396 0.133981 0.347196 0.066316 0.068323 0.857143 0.500000 5.298515 0.076451 0.578021
0.637369 0.158206 0.095007 0.294339 0.023191 0.063642 0.142857 0.500000 4.264676 0.046781 0.578021
0.660423 0.149239 0.094936 0.289796 0.016690 0.051921 0.142857 0.375000 3.485328 0.024415 0.578021
0.672593 0.111306 0.074915 0.237730 0.015160 0.042321 0.571429 0.000000 3.224087 0.016918 0.578021
0.707729 0.080420 0.051775 0.183186 -0.000033 0.054075 0.714286 0.375000 3.354110 0.020649 0.563218
0.711261 0.073109 0.048091 0.167097 -0.000712 0.056422 0.714286 0.000000 3.663409 0.029526 0.563844
0.710357 0.076901 0.048993 0.162188 0.001521 0.030211 0.857143 0.875000 3.302219 0.019160 0.697693
0.733998 0.075279 0.048537 0.179849 0.017410 0.012517 0.714286 0.500000 3.035666 0.011510 0.697067
0.768695 0.021873 -0.015697 0.055631 0.004810 0.006942 0.714286 0.000000 2.106353 -0.015160 0.697067
0.772982 0.015725 -0.020005 0.026100 0.025476 0.004936 0.714286 0.125000 2.365854 -0.007712 0.696998
0.767057 0.088352 0.047791 0.222892 0.069692 0.018599 0.142857 0.250000 3.679096 0.029976 0.578021
0.762152 0.088948 0.046078 0.236989 0.080557 0.000207 0.142857 0.250000 3.546145 0.026161 0.459044
0.757489 0.097485 0.048278 0.254771 0.060776 0.001148 0.285714 0.250000 3.262750 0.018027 0.459044
0.762685 0.110502 0.051362 0.322724 0.030893 0.009803 0.714286 0.125000 3.128179 0.014165 0.459044
0.761969 0.104230 0.049149 0.315777 0.010975 0.012191 0.857143 0.000000 3.034950 0.011490 0.459044
0.758507 0.123557 0.060230 0.353573 -0.002735 0.011931 0.857143 0.000000 2.784142 0.004292 0.339512
0.722614 0.152980 0.089452 0.399541 0.010365 0.025258 0.000000 0.125000 3.057938 0.012150 0.221012
0.688838 0.162497 0.094812 0.427300 0.011028 0.031415 1.000000 0.375000 3.250646 0.017680 0.221012
0.684378 0.153218 0.093435 0.390677 -0.000732 0.035054 0.000000 0.000000 3.292619 0.018885 0.221012
0.661082 0.182277 0.131912 0.459464 0.017685 0.061933 0.428571 0.125000 4.229741 0.045779 0.221012
0.670924 0.169323 0.111868 0.420762 0.019775 0.029089 0.142857 0.750000 4.069344 0.041176 0.339988
0.643765 0.198352 0.147778 0.439065 0.028097 0.038202 0.428571 0.000000 4.651009 0.057869 0.458965
0.645100 0.209176 0.152738 0.442797 0.027427 0.054682 0.285714 0.125000 4.802717 0.062223 0.429280
0.641298 0.205593 0.154644 0.385215 0.030824 0.081673 0.714286 0.500000 5.085399 0.070335 0.391114
0.620846 0.182916 0.137336 0.341353 0.008181 0.075567 1.142857 0.375000 4.633697 0.057372 0.429280
0.629189 0.149266 0.115230 0.256653 0.008361 0.080098 0.428571 0.375000 4.748657 0.060671 0.563129
0.666619 0.136042 0.102800 0.221106 0.012403 0.100740 0.428571 0.125000 5.040835 0.069056 0.830291
0.676512 0.115526 0.098503 0.184948 0.020952 0.107284 0.428571 0.125000 5.139899 0.071899 0.696442
0.692598 0.095340 0.086398 0.141447 0.025834 0.068692 0.428571 0.125000 4.471392 0.052714 0.696442
0.685463 0.066057 0.073869 0.114208 0.010842 0.028675 0.571429 0.375000 3.400655 0.021985 0.543472
0.700672 0.053446 0.055854 0.083513 0.008161 0.030606 0.428571 0.250000 3.288269 0.018760 0.390502
0.700021 -0.015874 0.001299 -0.019854 0.006410 0.000878 0.714286 0.250000 2.493558 -0.004047 0.390502
0.703823 -0.022659 -0.003993 -0.045166 0.011674 0.003735 1.285714 0.375000 2.314280 -0.009192 0.428744
0.739058 -0.020544 -0.001108 -0.063027 0.030193 0.007298 0.285714 0.375000 2.891997 0.007387 0.458488
0.792129 -0.034388 -0.031432 -0.088381 0.013722 -0.008943 0.142857 0.500000 2.515374 -0.003421 0.458488
0.760594 0.009182 0.015889 0.016208 0.037798 -0.003151 0.857143 0.625000 3.536663 0.025888 0.458488
0.795212 0.050888 0.056564 0.122947 0.026570 -0.000544 0.714286 0.875000 3.093201 0.013162 0.220535
0.826598 -0.007602 -0.012561 0.002997 0.003989 -0.010679 0.285714 0.500000 2.238260 -0.011374 0.340068
0.876481 0.011809 0.015114 0.049895 -0.005386 0.018396 0.428571 0.000000 2.524428 -0.003161 0.375705
0.872741 0.068200 0.046388 0.153925 -0.010915 0.039306 0.428571 0.375000 2.634502 -0.000002 0.482784
0.883647 0.067259 0.048032 0.138057 0.000729 0.070354 0.571429 0.500000 3.508497 0.025080 0.589863
0.990202 0.044782 0.037261 0.101248 0.033315 0.042295 0.571429 0.250000 3.576811 0.027041 0.589863
0.983639 0.095207 0.079172 0.177301 0.032631 0.106097 0.571429 0.000000 4.756175 0.060887 0.589863
1.018209 0.118292 0.102291 0.206583 0.034059 0.069542 0.571429 0.125000 4.100200 0.042061 0.589863
1.027493 0.123620 0.108633 0.228665 0.017489 0.035404 0.714286 0.250000 4.016647 0.039663 0.578021
1.019916 0.120832 0.109012 0.207920 0.001338 0.016470 0.571429 0.375000 3.875608 0.035616 0.459044
1.033582 0.120831 0.110154 0.208763 -0.010395 0.010493 0.000000 0.750000 3.524472 0.025539 0.578021
1.033380 0.121608 0.118353 0.232832 0.006608 0.020685 0.000000 0.750000 3.525529 0.025569 0.458965
1.022905 0.131076 0.125791 0.245959 0.048252 0.038972 0.142857 0.375000 4.112987 0.042428 0.458965
1.005578 0.107794 0.108837 0.212714 0.075723 0.038283 0.142857 0.250000 4.589890 0.056115 0.458965
1.020835 0.148031 0.138650 0.269180 0.103088 0.062313 0.285714 0.250000 5.799486 0.090829 0.458965
0.986531 0.167278 0.152121 0.290242 0.077225 0.085437 0.428571 0.250000 6.256102 0.103933 0.458965
1.004107 0.159754 0.142561 0.330847 0.025120 0.132461 0.428571 0.250000 5.512017 0.082579 0.340465
0.959366 0.176017 0.157462 0.362601 0.035858 0.115777 0.285714 0.500000 4.854772 0.063716 0.221488
0.950742 0.180055 0.155805 0.350870 0.030416 0.076770 0.285714 0.000000 4.202553 0.044999 0.161904
0.988629 0.180434 0.141270 0.350905 0.027120 0.053056 0.142857 0.500000 4.077545 0.041411 0.268983
0.999354 0.222564 0.162995 0.414322 0.019340 0.060285 0.000000 0.250000 4.539567 0.054670 0.055183
0.976444 0.254165 0.183742 0.443132 0.026575 0.098522 0.000000 0.125000 5.820503 0.091432 0.161833
1.000667 0.246418 0.180203 0.422772 0.037193 0.076164 0.714286 0.125000 5.992079 0.096356 0.161833
1.004799 0.261349 0.186840 0.478417 0.034578 0.053470 0.714286 0.125000 5.444300 0.080635 0.161833
1.006683 0.243439 0.181312 0.463612 0.014326 0.057795 0.000000 0.125000 4.497033 0.053450 0.161833
0.983087 0.240320 0.175642 0.440496 0.023760 0.095530 0.142857 0.125000 5.069144 0.069869 0.054754
0.967039 0.255699 0.184832 0.452247 0.041666 0.137187 0.428571 0.125000 6.239106 0.103445 0.101955
1.000162 0.283459 0.214363 0.501688 0.047582 0.121515 0.285714 0.000000 6.053656 0.098123 0.220932
0.974920 0.284252 0.220045 0.543270 0.017804 0.084274 0.285714 0.000000 4.726784 0.060043 0.339909
0.920398 0.280671 0.231535 0.547882 0.011725 0.078388 0.285714 0.125000 4.377718 0.050026 0.339909
0.889677 0.272251 0.224647 0.525359 0.024925 0.105382 0.285714 0.125000 4.504327 0.053659 0.562593
0.889104 0.277815 0.222759 0.537194 0.033738 0.125388 0.285714 0.125000 4.759119 0.060971 0.562593
0.830929 0.287652 0.241710 0.547701 0.060647 0.111615 0.285714 0.125000 6.110066 0.099742 0.543472
0.812872 0.239807 0.195461 0.504498 0.058510 0.104907 0.285714 0.125000 5.560741 0.083977 0.542758
0.774230 0.230607 0.185473 0.526358 0.077827 0.114794 0.142857 1.625000 6.155679 0.101051 0.517144
0.697531 0.216701 0.162245 0.503305 0.069347 0.115369 0.142857 0.500000 5.689886 0.087683 0.695609
0.720229 0.233654 0.161258 0.553764 0.043345 0.121066 0.285714 0.000000 5.370340 0.078513 0.695728
0.683216 0.272305 0.208365 0.599193 0.061702 0.149283 0.285714 0.250000 6.259207 0.104022 0.695609
0.696958 0.228611 0.177657 0.515222 0.048526 0.081444 0.285714 0.375000 5.461711 0.081135 0.695609
0.415554 0.240352 0.320299 0.477352 0.052325 0.071694 0.428571 0.000000 8.239075 0.160842 0.695609
0.730394 0.209123 0.155065 0.475188 0.021746 0.071126 0.428571 0.250000 4.362808 0.049598 0.695728
0.715513 0.227631 0.187659 0.491205 0.033778 0.100268 0.142857 0.250000 5.291936 0.076263 0.695609
0.717121 0.209536 0.155996 0.493897 0.084063 0.084431 0.142857 0.500000 5.877187 0.093058 0.695728
0.638244 0.302188 0.238954 0.570082 0.122769 0.096931 0.285714 0.125000 7.072131 0.127352 0.696442
0.717000 0.161060 0.117396 0.392471 0.053814 0.054692 0.000000 0.125000 4.155317 0.043643 0.696442
0.711709 0.167718 0.120708 0.402378 0.013893 0.049353 0.000000 0.250000 3.717439 0.031076 0.517977
0.700742 0.154953 0.108261 0.337254 0.012422 0.050215 0.142857 0.125000 3.977296 0.038534 0.517977
0.742830 0.089223 0.060556 0.219758 0.006265 0.044337 0.857143 0.125000 3.161150 0.015112 0.543472
0.693051 0.155480 0.112967 0.307923 0.043020 0.073395 0.428571 0.125000 4.525498 0.054267 0.543472
0.682890 0.192598 0.158533 0.334087 0.038810 0.081512 0.428571 0.125000 4.765438 0.061153 0.696442
0.642091 0.189482 0.146524 0.323636 0.060151 0.076242 0.428571 0.125000 4.824105 0.062836 0.543472
0.662796 0.208155 0.175285 0.311324 0.056419 0.068004 0.142857 0.000000 4.715900 0.059731 0.562593
0.675184 0.212734 0.179384 0.311024 0.044320 0.046020 0.142857 0.500000 4.067227 0.041115 0.543472
0.699720 0.213060 0.177140 0.305846 0.059487 0.056984 0.857143 0.375000 4.721344 0.059887 0.429280
0.694317 0.192391 0.156819 0.259385 0.106789 0.086014 0.000000 0.625000 6.168169 0.101409 0.458965
0.686075 0.196227 0.161025 0.260949 0.118276 0.116510 0.285714 0.000000 6.907276 0.122621 0.458965
0.693908 0.211420 0.175654 0.310411 0.088575 0.127526 0.857143 0.125000 6.876966 0.121751 0.429280
0.690148 0.296945 0.248102 0.431991 0.085263 0.075534 0.857143 0.000000 6.922491 0.123057 0.429280
0.698955 0.368754 0.315951 0.512277 0.101574 0.080450 1.000000 0.500000 6.731235 0.117569 0.429280
0.670211 0.388371 0.340675 0.537678 0.009014 0.131274 0.285714 0.000000 5.860087 0.092568 0.296057
0.681957 0.410218 0.392609 0.581422 -0.018000 0.159125 0.000000 0.250000 6.347807 0.106565 0.429906
0.732656 0.462324 0.413990 0.596937 -0.011146 0.176261 1.285714 0.250000 9.905487 0.208665 0.429906
0.720404 0.580238 0.506790 0.659608 0.047807 0.292162 0.285714 0.375000 16.406573 0.395238 0.459521
0.754580 0.582979 0.521463 0.675790 0.177142 0.524458 0.000000 0.375000 19.015930 0.470123 0.578021
0.700414 0.746131 0.692231 0.820800 0.502993 0.882111 0.571429 0.250000 27.450491 0.712184 0.563218
0.643283 0.817483 0.788472 0.890728 0.604671 0.680256 0.285714 0.125000 26.575678 0.687078 0.697157
0.689647 0.732252 0.684961 0.795850 0.482791 0.618635 0.142857 0.125000 23.463189 0.597754 0.697157
0.721938 0.645392 0.602556 0.697350 0.369635 0.659660 0.142857 0.125000 22.074274 0.557894 0.697276
0.707738 0.486489 0.483474 0.609440 0.328103 0.438435 0.000000 0.125000 16.693563 0.403474 0.697276
0.805729 0.392013 0.366306 0.569084 0.246078 0.288950 0.714286 0.250000 12.657022 0.287631 0.696442
0.760018 0.267562 0.289611 0.497461 0.244561 0.158217 0.857143 0.000000 10.864404 0.236185 0.696442
0.714996 0.226114 0.263737 0.484619 0.229054 0.108566 0.571429 0.000000 10.925644 0.237943 0.696442
0.635132 0.210998 0.262544 0.490594 0.171322 0.031393 0.285714 1.125000 9.701934 0.202824 0.696442
0.618836 0.214359 0.267855 0.482345 0.089215 -0.003222 0.285714 0.375000 5.401160 0.079397 0.696442
0.643940 0.142369 0.160910 0.397756 0.088955 0.010082 0.285714 0.250000 4.400566 0.050681 0.696442
0.642095 0.149053 0.151781 0.405479 0.120310 0.037621 0.285714 0.250000 5.682871 0.087482 0.696442
0.630147 0.117721 0.122621 0.350088 0.079292 0.047213 0.285714 0.375000 5.808735 0.091094 0.517977
0.561975 0.144419 0.152357 0.363099 0.095737 0.064515 1.714286 0.375000 7.165952 0.130044 0.543472
0.560471 0.152924 0.155351 0.402077 0.065593 0.086173 0.857143 0.375000 6.704072 0.116789 0.543472
0.552695 0.147041 0.147906 0.395341 0.048776 0.106797 0.428571 1.000000 5.784934 0.090411 0.543472
0.591061 0.131533 0.122072 0.404268 0.034989 0.095685 1.000000 0.500000 4.933244 0.065969 0.517977
0.586158 0.180689 0.178686 0.454288 0.045241 0.155330 1.428571 0.375000 6.116437 0.099925 0.543472
0.609397 0.181671 0.165284 0.433920 0.037441 0.187098 0.714286 0.125000 6.226196 0.103075 0.562593
0.659802 0.145169 0.128375 0.347257 0.021678 0.152659 0.000000 0.000000 5.269458 0.075617 0.561968
0.647608 0.134339 0.132196 0.353533 0.013944 0.132523 0.142857 0.125000 4.829099 0.062980 0.561968
0.670556 0.237592 0.208558 0.514471 0.027996 0.125050 0.142857 0.375000 5.536941 0.083294 0.517422
0.673775 0.230512 0.207056 0.506902 0.070927 0.119071 0.142857 0.375000 6.446634 0.109401 0.516946
0.693615 0.231585 0.208869 0.516401 0.112890 0.141790 0.142857 0.500000 7.072389 0.127359 0.494509
0.691049 0.236488 0.208108 0.485221 0.102871 0.127212 0.000000 0.625000 6.148876 0.100856 0.494509
0.697287 0.261435 0.222332 0.507108 0.072304 0.107721 0.000000 0.125000 5.520811 0.082831 0.360660
0.694571 0.255311 0.216717 0.477163 0.057382 0.137185 0.857143 0.125000 6.163514 0.101276 0.278992
0.687067 0.244195 0.205152 0.466181 0.044866 0.155862 1.142857 0.125000 6.449846 0.109493 0.219504
0.700602 0.242401 0.210781 0.466861 0.046522 0.145239 0.000000 0.000000 6.312929 0.105564 0.159887
0.682640 0.292452 0.241820 0.546420 0.056743 0.113158 0.000000 0.000000 5.943705 0.094967 0.026663
0.724603 0.271118 0.219120 0.498340 0.050028 0.081157 0.000000 0.250000 5.321015 0.077097 0.026663
0.719477 0.262290 0.218485 0.486024 0.039200 0.076460 0.142857 0.375000 5.008739 0.068135 0.007465
0.716392 0.247450 0.208136 0.460741 0.051078 0.109776 0.142857 0.375000 5.337029 0.077557 0.161047
0.720219 0.227814 0.204525 0.445166 0.071509 0.147698 1.000000 0.375000 6.094626 0.099299 0.161047
0.718660 0.160731 0.138398 0.328369 0.043186 0.144842 0.428571 0.250000 5.540063 0.083383 0.161047
0.708686 0.147791 0.134381 0.331597 0.063172 0.130577 0.428571 0.875000 5.768914 0.089951 0.314017
0.701433 0.050765 0.063876 0.126236 0.048360 0.069288 1.000000 0.000000 4.650095 0.057843 0.466273
0.708803 0.049701 0.056359 0.143924 0.028173 0.036143 1.000000 0.125000 4.168867 0.044032 0.542758
0.698551 0.047880 0.044665 0.134209 0.027192 0.011665 0.285714 0.125000 3.963401 0.038135 0.695817
0.735101 0.002659 0.007431 -0.003939 0.023836 -0.002861 0.857143 0.375000 2.985610 0.010074 0.829666
0.718997 -0.003439 -0.006323 -0.010379 0.015471 -0.003842 0.857143 0.500000 2.667144 0.000934 0.829666
0.741686 0.001808 0.001753 0.012142 -0.003753 -0.000860 0.142857 0.500000 2.456816 -0.005102 0.814863
0.738690 0.009009 -0.000124 0.052590 -0.011518 0.007584 0.428571 0.375000 2.332093 -0.008681 0.814308
0.802845 -0.024150 -0.035795 -0.043784 -0.003788 -0.002539 0.428571 0.250000 1.892727 -0.021290 0.802521
0.810835 -0.022131 -0.035491 -0.032991 0.011583 -0.014080 0.285714 1.000000 1.918623 -0.020547 0.802521
0.822562 -0.019174 -0.038281 -0.008921 0.015682 -0.016609 0.142857 0.000000 2.110319 -0.015046 0.802521
0.820663 -0.020592 -0.037479 -0.000749 0.004820 -0.009269 0.142857 0.125000 2.236739 -0.011418 0.803021
0.836387 -0.028629 -0.046151 -0.020851 -0.004250 -0.003615 0.142857 0.250000 2.321444 -0.008987 0.803021
0.842627 -0.028557 -0.046286 -0.007897 -0.000306 0.001650 0.285714 1.125000 2.260183 -0.010745 0.695942
0.837446 -0.025249 -0.046828 0.016208 0.006831 0.009379 0.428571 0.500000 2.139712 -0.014202 0.695442
0.850664 -0.017808 -0.049504 0.030276 0.008120 0.015125 0.000000 0.500000 2.055962 -0.016606 0.588363
0.843407 -0.015966 -0.045981 0.024037 0.009421 0.012880 0.571429 0.500000 2.018042 -0.017694 0.576355
0.842314 0.042589 0.003006 0.111901 0.000396 0.013204 0.571429 1.375000 2.140326 -0.014185 0.576910
0.838448 0.143771 0.079373 0.262717 -0.006299 0.034292 0.142857 0.250000 2.749470 0.003297 0.576910
0.824053 0.175208 0.118755 0.285861 -0.009901 0.040227 0.000000 0.500000 3.108846 0.013611 0.561968
0.798018 0.239665 0.197744 0.372748 -0.013490 0.034322 1.000000 0.625000 3.585457 0.027289 0.561344
0.772435 0.283535 0.255442 0.409604 0.030154 0.049560 0.142857 0.125000 5.109294 0.071021 0.561344
0.734609 0.358682 0.345883 0.504993 0.102049 0.127008 0.285714 0.875000 8.616488 0.171673 0.561344
0.695909 0.400203 0.383516 0.547084 0.159169 0.168710 0.571429 1.000000 12.003521 0.268876 0.561344
0.676308 0.485336 0.467065 0.597105 0.245499 0.225161 0.571429 0.500000 15.393382 0.366161 0.695817
0.659456 0.509376 0.488902 0.650928 0.247324 0.243741 0.857143 0.500000 14.489216 0.340213 0.829666
0.667872 0.516298 0.492077 0.651964 0.252712 0.236193 0.714286 0.125000 14.625161 0.344114 0.814863
0.630743 0.540793 0.493717 0.687344 0.312963 0.281135 0.714286 0.125000 16.509155 0.398182 0.814863
0.651255 0.531280 0.479199 0.672003 0.267458 0.343980 0.714286 0.250000 15.234381 0.361598 0.814863
0.621246 0.524338 0.501687 0.695501 0.206005 0.404194 0.000000 0.375000 13.902160 0.323365 0.803021
0.663332 0.524891 0.500976 0.660116 0.271326 0.365589 0.000000 0.375000 14.154954 0.330620 0.803521
0.628870 0.443676 0.408875 0.621979 0.254695 0.288600 0.428571 0.125000 12.986699 0.297092 0.803521
0.655226 0.437663 0.399645 0.630575 0.142190 0.365914 0.428571 0.000000 12.738512 0.289970 0.803521
0.710381 0.491174 0.434187 0.701562 0.099157 0.370676 0.142857 0.125000 12.000345 0.268785 0.803021
0.672506 0.422555 0.388132 0.697534 0.200218 0.215965 1.142857 0.375000 9.731168 0.203663 0.695942
0.665204 0.414436 0.380929 0.718087 0.199603 0.147446 1.000000 0.375000 8.340288 0.163746 0.695942
0.694571 0.376407 0.343851 0.705732 0.115153 0.205911 0.000000 0.375000 8.338850 0.163705 0.588863
0.684923 0.371460 0.336326 0.695404 0.086358 0.255117 0.428571 0.500000 9.170396 0.187569 0.481784
0.668786 0.407585 0.368120 0.731484 0.196020 0.311755 0.571429 0.750000 11.611500 0.257626 0.588863
0.663190 0.374629 0.336071 0.710405 0.180708 0.151129 0.571429 0.250000 9.125660 0.186285 0.576910
0.664339 0.427744 0.381406 0.748302 0.192986 0.166268 0.285714 0.000000 9.708051 0.202999 0.457933
0.685074 0.470642 0.429321 0.762790 0.109969 0.229137 0.285714 0.750000 10.330232 0.220855 0.338956
0.661249 0.504378 0.462658 0.778980 0.057523 0.224489 0.857143 0.000000 9.803777 0.205746 0.219504
0.623724 0.530354 0.505861 0.780844 0.079584 0.243939 0.714286 0.125000 10.685297 0.231045 0.101082
0.637979 0.602085 0.556210 0.776193 0.207410 0.267778 1.285714 0.000000 13.137611 0.301423 0.101082
0.595733 0.606037 0.572267 0.753473 0.378671 0.309316 0.428571 0.000000 16.805176 0.406678 0.101082
0.551289 0.632531 0.599780 0.716852 0.523173 0.413594 0.428571 0.000000 19.927035 0.496271 0.220059
0.547275 0.661673 0.620939 0.733542 0.574769 0.512288 1.571429 0.875000 20.726606 0.519218 0.339036
0.556192 0.692768 0.647812 0.743168 0.514477 0.620335 0.285714 0.375000 20.562166 0.514498 0.101082
0.547779 0.695279 0.655920 0.718111 0.481745 0.738133 0.285714 1.125000 21.957436 0.554541 0.101082
0.555102 0.640337 0.610477 0.687706 0.477697 0.681700 0.714286 0.000000 20.976153 0.526379 0.101082
0.582806 0.655873 0.610773 0.718111 0.473616 0.482154 0.571429 0.000000 18.084068 0.443380 0.220059
0.570802 0.487304 0.495237 0.645629 0.453465 0.356492 0.714286 0.250000 16.164875 0.388302 0.339512
0.614469 0.390710 0.373795 0.527304 0.336866 0.300274 0.714286 0.250000 13.448883 0.310356 0.458488
0.614039 0.328286 0.308996 0.486963 0.328281 0.257837 0.000000 0.250000 13.789520 0.320132 0.457933
0.634919 0.238487 0.241185 0.402991 0.271749 0.100679 0.571429 0.375000 9.134864 0.186550 0.457933
0.666528 0.220112 0.205037 0.410909 0.205944 0.173484 0.428571 0.375000 8.752895 0.175588 0.457378
0.675261 0.157108 0.150159 0.350344 0.100935 0.137445 0.428571 0.500000 6.319443 0.105751 0.457378
0.663882 0.078103 0.053084 0.193569 0.015703 0.053828 1.857143 0.750000 2.926653 0.008382 0.576355
0.709364 0.043169 0.019938 0.164674 0.006876 0.042437 0.000000 0.750000 2.620255 -0.000411 0.588363
0.701528 0.032476 0.013792 0.129798 -0.012296 0.063156 0.000000 0.000000 2.634923 0.000010 0.695442
0.702700 0.034237 0.014929 0.168152 -0.016825 0.069160 0.714286 0.500000 2.828432 0.005563 0.694943
0.706797 0.035562 0.010697 0.142501 -0.015055 0.042381 0.428571 0.375000 2.728268 0.002689 0.694943
0.682654 0.040203 0.021594 0.157181 0.004551 0.014463 1.714286 0.250000 2.735764 0.002904 0.694943
0.702215 0.038276 0.022307 0.152316 0.022956 0.014817 1.571429 0.375000 2.954035 0.009168 0.695442
0.715146 0.022599 0.010636 0.134013 0.019518 0.015131 0.714286 0.250000 3.010099 0.010777 0.695442
0.716273 0.023665 0.016630 0.158417 0.020480 0.008513 0.428571 0.250000 2.849400 0.006165 0.695942
0.753391 -0.000452 -0.012043 0.072474 0.017217 -0.001207 0.142857 0.750000 2.280543 -0.010161 0.695942
0.736343 -0.004264 -0.013292 0.053526 0.019871 0.005414 0.142857 0.250000 2.259183 -0.010774 0.695942
0.692084 0.031426 0.021105 0.155988 0.032231 0.037612 0.000000 0.125000 3.106796 0.013552 0.695942
0.704792 0.032945 0.026580 0.155931 0.011831 0.044691 0.000000 0.125000 3.008724 0.010737 0.803021
0.712916 0.037511 0.027372 0.152427 -0.002919 0.069938 0.714286 0.000000 2.935682 0.008641 0.803521
0.720001 0.043216 0.031924 0.174013 0.002444 0.083352 0.571429 0.750000 3.029561 0.011335 0.803021
0.748783 0.043407 0.022784 0.166869 0.006154 0.064403 0.000000 0.875000 2.806391 0.004931 0.803021
0.738315 0.045641 0.031810 0.157219 0.004252 0.041494 0.285714 1.375000 2.663393 0.000827 0.803021
0.747118 0.046155 0.032668 0.149753 0.013095 0.041565 1.000000 0.250000 3.014885 0.010914 0.803021
0.738884 0.038661 0.024771 0.130768 0.018242 0.051907 0.142857 0.375000 3.208156 0.016461 0.802521
0.733163 0.049650 0.031829 0.147321 0.012896 0.054144 0.142857 0.250000 3.166884 0.015276 0.802521
0.761980 0.074565 0.056490 0.193488 0.020356 0.041556 0.428571 0.250000 3.575247 0.026996 0.802521
0.774771 0.064370 0.049171 0.146215 0.016101 0.031363 0.428571 0.250000 3.619053 0.028253 0.802521
0.778522 0.055853 0.039176 0.118021 0.008605 0.037961 0.571429 0.125000 3.342763 0.020324 0.695442
0.779159 0.057809 0.039815 0.110371 0.021575 0.049723 0.571429 0.125000 3.238380 0.017328 0.694943
0.773377 0.045398 0.032705 0.073422 0.033773 0.068386 0.000000 0.125000 3.448703 0.023364 0.695442
0.752429 0.056091 0.036993 0.088544 0.019582 0.078345 0.000000 0.125000 3.312355 0.019451 0.695442
0.741570 0.060833 0.037934 0.133610 -0.001501 0.065513 0.142857 0.125000 2.757633 0.003531 0.587935
0.708678 0.097879 0.059659 0.184270 -0.000109 0.057968 0.571429 0.125000 2.962913 0.009423 0.587935
0.709590 0.093284 0.053204 0.179020 -0.001508 0.059704 0.285714 0.000000 3.042860 0.011717 0.576434
0.649257 0.183213 0.163339 0.324289 0.004313 0.120454 0.285714 0.250000 4.784719 0.061706 0.561433
0.621403 0.268482 0.240580 0.445676 0.027366 0.184517 0.571429 0.375000 6.254776 0.103895 0.293289
0.606607 0.321398 0.297531 0.510124 0.019774 0.251563 0.571429 0.375000 6.989850 0.124990 0.092516
0.526877 0.356534 0.339922 0.555235 0.024776 0.245271 0.571429 0.375000 6.763105 0.118483 0.092516
0.468775 0.564949 0.525472 0.700416 0.141461 0.323852 0.142857 0.125000 10.939001 0.238326 0.092516
0.404875 0.707904 0.633963 0.823878 0.338374 0.265377 0.142857 0.000000 17.327959 0.421681 0.092516
0.421118 0.883304 0.800152 0.937565 0.499735 0.487769 0.142857 0.875000 24.622506 0.631025 0.092516
0.402375 0.941538 0.815593 1.017634 0.532334 0.687605 0.428571 0.875000 25.252115 0.649094 0.226276
0.401524 0.966257 0.845005 1.017355 0.215344 0.705270 0.142857 1.000000 19.409171 0.481409 0.226276
0.387520 0.983949 0.845492 1.021704 0.192016 0.679687 0.142857 1.000000 18.966773 0.468713 0.278516
0.404496 0.957970 0.836709 0.986210 0.180820 0.589473 0.000000 0.875000 18.888117 0.466455 0.213230
0.443905 0.933392 0.811502 0.999007 0.243812 0.560634 1.000000 0.000000 20.766394 0.520359 0.320666
0.431987 0.919990 0.805594 0.962538 0.265355 0.581412 0.142857 0.625000 22.848327 0.580108 0.373777
0.433690 0.902380 0.815763 0.955881 0.249652 0.696876 0.428571 0.250000 23.184702 0.589762 0.266698
0.367089 0.897211 0.794701 0.951997 0.279303 0.790814 0.428571 0.250000 21.756373 0.548771 0.213658
0.360921 0.895775 0.799514 0.945201 0.416189 0.833155 0.000000 0.500000 23.097019 0.587245 0.267198
0.302674 0.865313 0.785178 0.934301 0.603138 0.758196 0.000000 0.000000 24.926653 0.639753 0.159690
0.287739 0.850921 0.795955 0.919740 0.533286 0.642674 0.285714 0.000000 22.840893 0.579895 0.053111
0.275181 0.819088 0.770397 0.907928 0.450984 0.716911 0.142857 0.500000 22.813181 0.579100 -0.018370
0.331771 0.786296 0.756848 0.916307 0.483604 0.782131 0.571429 1.000000 24.146562 0.617366 -0.018370
0.368702 0.807518 0.745655 0.939565 0.455211 0.736961 0.000000 0.875000 23.384747 0.595503 0.100607
0.381501 0.859729 0.807952 0.932626 0.436127 0.831883 0.571429 0.500000 25.021244 0.642468 0.219583
0.381337 0.869895 0.813385 0.920234 0.495067 0.939409 0.428571 0.500000 27.366825 0.709783 0.339036
0.389863 0.861118 0.793715 0.912702 0.604793 0.817808 0.000000 1.500000 27.231626 0.705903 0.339036
0.424732 0.894910 0.811143 0.932353 0.535185 0.567341 0.428571 0.500000 22.566465 0.572019 0.398524
0.429626 0.886465 0.793297 0.879595 0.346096 0.512708 0.428571 0.250000 19.908396 0.495736 0.220059
0.459752 0.852881 0.759389 0.875847 0.273365 0.615418 0.428571 0.750000 20.945844 0.525509 0.338956
0.497509 0.844149 0.753048 0.869066 0.302483 0.691059 0.428571 0.250000 22.131543 0.559537 0.428120
0.583434 0.782025 0.711614 0.847643 0.325495 0.579619 0.285714 0.000000 20.628028 0.516389 0.457933
0.547725 0.755628 0.692142 0.818353 0.414502 0.543431 0.142857 0.000000 19.749341 0.491171 0.338956
0.560482 0.718844 0.671417 0.807609 0.375728 0.551226 0.285714 0.500000 19.501076 0.484046 0.219980
0.572314 0.682752 0.640080 0.780889 0.286555 0.533553 0.285714 0.000000 18.061664 0.442737 0.160422
0.671063 0.634007 0.614177 0.771572 0.249065 0.520801 0.714286 0.000000 18.195557 0.446580 0.160422
0.768160 0.577689 0.580772 0.695600 0.219689 0.576983 0.000000 0.750000 17.917073 0.438588 0.428120
0.933583 0.469941 0.471870 0.625424 0.216465 0.590528 0.142857 0.250000 16.463513 0.396872 0.428120
1.014689 0.387698 0.403830 0.583604 0.224440 0.423969 0.714286 0.250000 14.602232 0.343456 0.561968
1.116758 0.348214 0.368899 0.543942 0.126268 0.334967 0.142857 0.500000 11.370852 0.250720 0.562593
1.126781 0.340752 0.353427 0.572701 0.065188 0.281241 0.142857 0.000000 9.068092 0.184633 0.577465
1.187495 0.357474 0.346612 0.553764 0.054349 0.255001 0.142857 0.500000 8.475959 0.167640 0.577465
1.249869 0.346763 0.312138 0.558374 0.066983 0.232277 0.285714 1.000000 7.714405 0.145784 0.815418
1.289465 0.315396 0.289845 0.520920 0.092251 0.196440 0.285714 1.000000 7.772426 0.147449 0.815418
1.326895 0.254866 0.239615 0.484736 0.114658 0.171006 0.285714 1.000000 8.232338 0.160648 0.803021
1.332743 0.312027 0.277985 0.520458 0.091124 0.221405 0.142857 0.000000 8.984398 0.182231 0.910100
1.330503 0.350938 0.301200 0.606539 0.066762 0.266169 0.000000 0.375000 8.905756 0.179974 0.803021
1.301068 0.378935 0.330708 0.628614 0.097827 0.287732 0.714286 0.250000 9.176734 0.187751 0.814863
1.318938 0.388723 0.329552 0.644085 0.115266 0.217989 0.571429 0.750000 8.316234 0.163056 0.695887
1.269840 0.400939 0.344771 0.641215 0.117788 0.152164 0.857143 0.750000 7.784110 0.147785 0.636398
1.260866 0.508821 0.429336 0.689170 0.128137 0.150580 0.428571 0.500000 9.306532 0.191476 0.636398
1.247849 0.496540 0.428474 0.713612 0.121578 0.250904 0.285714 0.500000 10.535937 0.226759 0.635843
1.240649 0.520732 0.442828 0.705540 0.094557 0.268847 0.714286 0.000000 11.128959 0.243778 0.517422
1.184435 0.547962 0.474965 0.755152 0.062852 0.211798 0.571429 0.000000 12.100381 0.271656 0.516946
1.084756 0.597279 0.520266 0.806862 0.100008 0.251432 0.714286 0.000000 13.538582 0.312931 0.517502
1.030137 0.569509 0.514275 0.766184 0.153338 0.394852 0.857143 0.125000 15.533913 0.370194 0.279548
1.000396 0.581971 0.522110 0.757185 0.244182 0.550666 1.000000 0.000000 17.856424 0.436847 0.160572
0.992360 0.571676 0.525157 0.783463 0.324727 0.564121 0.428571 0.625000 17.818365 0.435755 0.107080
0.897334 0.547139 0.532013 0.825444 0.371037 0.498355 1.142857 0.500000 16.854826 0.408102 0.000001
0.917276 0.507855 0.482416 0.773566 0.225519 0.287965 0.000000 0.250000 11.792658 0.262825 0.053540
0.930087 0.457024 0.467641 0.757889 0.191549 0.247923 0.714286 0.125000 10.097594 0.214179 -0.017893
0.939825 0.457568 0.432100 0.767553 0.270339 0.312552 0.285714 0.000000 11.601595 0.257342 -0.017893
0.941156 0.441843 0.429549 0.796430 0.380084 0.363758 0.428571 0.875000 14.263460 0.333734 0.100527
0.820405 0.411012 0.422603 0.722147 0.344354 0.369756 0.571429 0.125000 15.723020 0.375621 0.338956
0.869319 0.358643 0.354856 0.630667 0.233249 0.264773 0.285714 0.375000 10.994951 0.239932 0.457933
0.924667 0.304968 0.309942 0.523300 0.167388 0.186407 0.285714 0.875000 9.185355 0.187999 0.695887
1.048750 0.136090 0.153229 0.135195 0.124067 0.066518 0.285714 0.625000 7.951033 0.152575 0.814863
1.167057 0.005331 0.013142 -0.143182 0.019776 -0.012840 0.285714 0.250000 3.984159 0.038731 0.963515
1.190338 -0.063166 -0.044026 -0.261860 -0.016589 -0.012703 0.285714 0.375000 2.406559 -0.006544 1.231212
1.194512 -0.091828 -0.078002 -0.311812 -0.015993 -0.006951 0.285714 0.500000 2.033321 -0.017256 1.231212
1.184425 -0.164198 -0.174054 -0.520142 -0.019417 -0.041023 0.285714 0.500000 0.704031 -0.055404 1.290770
1.174128 -0.164841 -0.175996 -0.527559 -0.021208 -0.045258 0.285714 0.375000 0.629340 -0.057548 1.231837
1.170109 -0.163769 -0.174073 -0.531701 -0.024880 -0.044939 0.428571 0.375000 0.643184 -0.057151 1.112860
1.169587 -0.164910 -0.176455 -0.545978 -0.024029 -0.043886 0.285714 0.375000 0.704759 -0.055384 0.993328
1.173380 -0.164523 -0.175963 -0.545171 -0.023322 -0.040223 1.142857 0.250000 0.749761 -0.054092 0.874352
1.173096 -0.160968 -0.169107 -0.536347 -0.025092 -0.036180 0.000000 0.125000 0.780471 -0.053211 0.636398
1.148106 -0.084214 -0.059175 -0.311126 -0.006678 -0.017449 0.714286 0.375000 1.881278 -0.021619 0.636398
1.090369 -0.069718 -0.034406 -0.254034 0.030406 0.001764 0.857143 0.375000 3.236872 0.017285 0.535324
1.071724 -0.059044 -0.019967 -0.211436 0.033231 0.010591 1.000000 0.625000 3.275627 0.018397 0.428245
1.069411 -0.042692 0.000496 -0.165946 0.008787 -0.000042 1.000000 0.500000 2.823455 0.005420 0.320737
1.004107 0.010077 0.071853 -0.082814 -0.006885 0.000168 0.000000 0.000000 3.562806 0.026639 0.160016
1.001526 0.097631 0.137058 0.034288 0.008915 0.040792 0.000000 0.125000 4.421100 0.051271 0.160016
0.906495 0.203030 0.254323 0.145305 0.051829 0.082581 0.000000 0.250000 5.550870 0.083694 0.041039
0.782854 0.317170 0.395574 0.288486 0.145814 0.139315 0.142857 0.375000 8.290811 0.162326 0.041594
0.719165 0.378716 0.437694 0.360419 0.131703 0.144176 0.571429 0.625000 7.427313 0.137545 -0.040262
0.653913 0.520068 0.540492 0.489852 0.121563 0.127075 0.142857 0.125000 9.018286 0.183204 -0.040262
0.580048 0.593769 0.613611 0.595084 0.309283 0.238642 0.714286 0.500000 16.291847 0.391946 -0.040262
0.542479 0.664615 0.678631 0.679885 0.640143 0.411280 0.000000 0.000000 24.983934 0.641397 0.007465
0.374607 0.798203 0.796240 0.790241 0.998019 0.502349 0.285714 0.750000 35.985773 0.957136 0.160435
0.376590 0.871204 0.848142 0.861184 1.161270 0.585158 0.142857 0.625000 35.054573 0.930412 0.314017
0.376101 0.865546 0.847842 0.858798 1.027165 0.645479 0.142857 0.625000 31.622379 0.831912 0.361820
0.440206 0.946198 0.866389 0.867607 0.555941 0.775802 0.142857 0.625000 26.880574 0.695828 0.428744
0.568734 0.879937 0.768890 0.836540 0.549741 0.613152 0.142857 0.000000 24.596034 0.630265 0.562593
0.513259 0.787981 0.720411 0.854814 0.478640 0.356162 0.285714 0.000000 19.832105 0.493547 0.561968
0.573199 0.812950 0.746477 0.877115 0.425904 0.480008 0.285714 0.000000 19.675790 0.489061 0.695887
0.512026 0.814405 0.789754 0.876730 0.225183 0.695334 0.428571 0.000000 20.190687 0.503837 0.814863
0.439191 0.632336 0.584464 0.753010 0.233555 0.478984 0.285714 0.125000 15.289209 0.363171 0.829666
0.495479 0.655355 0.612522 0.743430 0.238447 0.529773 0.428571 0.500000 17.742950 0.433590 0.814863
0.474743 0.517838 0.462566 0.659608 0.099970 0.495583 0.571429 1.000000 14.704076 0.346379 0.814863
0.494843 0.419279 0.376354 0.590333 0.140079 0.555686 0.571429 0.750000 17.735686 0.433382 0.814308
0.512789 0.368030 0.323618 0.540627 0.147646 0.487092 0.285714 0.750000 17.314000 0.421280 0.814308
0.536704 0.285707 0.244651 0.512627 0.209536 0.147690 0.714286 0.750000 11.230347 0.246687 0.829041
0.548569 0.236227 0.193666 0.488290 0.187945 0.095421 0.714286 0.250000 7.988591 0.153653 0.829041
0.545739 0.203705 0.189667 0.459925 0.062414 0.079180 0.571429 0.500000 5.042690 0.069109 0.829666
0.508884 0.197852 0.172367 0.448501 -0.000163 0.057224 0.142857 0.500000 3.507484 0.025051 0.695817
0.514530 0.187028 0.136424 0.458837 0.005124 0.033390 0.714286 0.375000 3.500411 0.024848 0.695817
0.518012 0.160785 0.112882 0.392315 0.038223 0.045050 1.142857 0.500000 4.361984 0.049574 0.695887
0.506107 0.159653 0.110127 0.374508 0.040515 0.058999 0.285714 0.375000 4.524023 0.054224 0.695887
0.491049 0.160648 0.115439 0.341726 0.034498 0.071334 0.857143 0.000000 4.825511 0.062877 0.695331
0.470371 0.173129 0.122220 0.381030 0.039837 0.102570 0.714286 0.750000 5.784061 0.090386 0.576910
0.462607 0.204037 0.154126 0.395634 0.039752 0.144712 0.428571 0.750000 6.069065 0.098565 0.457933
0.454083 0.203250 0.158397 0.383820 0.018019 0.147626 0.571429 0.625000 5.289640 0.076197 0.457933
0.409295 0.204044 0.173416 0.371953 -0.003455 0.121632 0.714286 0.500000 4.591333 0.056156 0.338956
0.350799 0.167886 0.140058 0.324289 0.003871 0.069298 0.714286 0.625000 3.602671 0.027783 0.294271
0.373895 0.120600 0.102456 0.233951 0.015982 0.048318 0.571429 0.000000 3.106280 0.013537 0.160422
0.349053 0.106139 0.099045 0.206398 0.030442 0.041108 0.428571 0.125000 3.198129 0.016173 0.026038
0.315596 0.117986 0.101449 0.244964 0.053934 0.037755 0.428571 0.375000 3.642942 0.028939 -0.107811
0.245209 0.129830 0.109638 0.316208 0.070858 0.055497 0.428571 0.000000 4.890802 0.064750 -0.241660
0.241038 0.188430 0.167633 0.396646 0.117914 0.039172 0.571429 0.125000 7.096259 0.128044 -0.374960
0.246434 0.237317 0.225600 0.408198 0.168932 0.049904 1.000000 0.000000 8.331675 0.163499 -0.222704
0.233413 0.287197 0.266527 0.492487 0.106227 0.093137 0.428571 0.250000 7.321510 0.134509 -0.222704
0.248442 0.288168 0.285096 0.495428 0.060545 0.114884 0.428571 0.375000 6.530140 0.111797 -0.107811
0.278055 0.398182 0.434569 0.625424 0.057283 0.135237 0.428571 0.375000 6.669552 0.115798 0.026038
0.287755 0.424522 0.479576 0.644826 0.211371 0.152009 0.428571 0.250000 9.284377 0.190840 0.026038
0.321091 0.493981 0.555519 0.727121 0.610783 0.266128 0.428571 0.500000 16.447369 0.396409 0.083236
0.333951 0.515603 0.596364 0.747110 0.894741 0.441179 0.428571 0.875000 23.103381 0.587428 0.083848
0.350173 0.685588 0.772541 0.858383 0.927080 0.821212 0.428571 0.625000 32.869404 0.867700 0.236818
0.302674 0.852959 0.882316 0.977637 0.691448 0.987680 0.714286 0.125000 32.079461 0.845030 0.236206
0.275875 0.858300 0.898568 0.988315 0.654817 0.936457 0.714286 0.625000 32.189289 0.848182 0.293735
0.300233 0.797732 0.836372 1.007383 0.658921 0.676305 0.714286 0.000000 28.469815 0.741438 0.294360
0.291422 0.783175 0.828134 0.987747 0.693509 0.452124 0.714286 0.625000 23.992062 0.612932 0.294360
0.321803 0.774778 0.814366 0.974363 0.626661 0.476382 0.142857 0.625000 23.037356 0.585533 0.294360
0.301579 0.745850 0.757427 0.979007 0.479229 0.531789 0.142857 0.500000 22.198072 0.561447 0.294360
0.343027 0.724311 0.710402 0.956618 0.641805 0.377718 0.714286 1.000000 22.044089 0.557028 0.339036
0.390655 0.738677 0.748823 0.904100 0.845068 0.394525 0.000000 0.875000 25.351673 0.651951 0.374776
0.445212 0.767079 0.749728 0.935040 0.817418 0.515273 0.000000 0.750000 27.234369 0.705982 0.428316
0.366490 0.851968 0.818526 0.972960 0.627332 0.683021 0.857143 0.750000 26.436548 0.683086 0.428316
0.447170 0.868574 0.866591 0.970838 0.503174 0.781420 0.142857 0.750000 26.436304 0.683079 0.535324
0.502491 0.835405 0.824290 0.964371 0.541331 0.736482 1.000000 0.875000 25.366785 0.652385 0.535324
0.494790 0.804114 0.763904 0.939709 0.635919 0.451528 0.428571 0.000000 21.027921 0.527865 0.535324
0.585375 0.845106 0.802584 0.967932 0.740900 0.435307 1.142857 0.375000 25.152239 0.646228 0.535324
0.499319 0.799638 0.745790 0.962489 0.779791 0.294620 0.428571 0.625000 24.532854 0.628452 0.517422
0.482459 0.829111 0.784455 0.959441 0.817447 0.369075 0.285714 0.625000 28.538740 0.743416 0.516866
0.462580 0.858917 0.808768 0.997707 0.854246 0.561433 1.142857 0.500000 31.877875 0.839245 0.516866
0.535049 0.888845 0.814449 1.012385 0.686504 0.750168 0.142857 0.250000 30.579529 0.801984 0.516866
0.515116 0.866324 0.803401 1.015995 0.436228 0.708564 0.142857 0.250000 23.402381 0.596009 0.576355
0.519865 0.836664 0.784567 0.980367 0.316272 0.618494 0.428571 0.250000 18.720978 0.461659 0.576355
0.505012 0.858252 0.801110 0.972525 0.324974 0.823808 0.428571 0.375000 21.441487 0.539734 0.576355
0.560089 0.884547 0.819867 1.006281 0.547562 1.022996 0.428571 0.000000 28.602451 0.745244 0.695331
0.568332 0.900603 0.844653 1.011129 0.668190 0.902322 0.428571 0.125000 28.334983 0.737568 0.694776
0.587348 1.060640 0.993157 1.030120 0.365402 1.010519 0.428571 0.500000 26.448425 0.683426 0.813753
0.630341 0.993800 0.955940 1.020422 0.407268 0.627472 0.571429 0.375000 22.061586 0.557530 0.802022
0.663611 0.981576 0.940941 1.015893 0.428049 0.685447 0.428571 0.375000 24.348945 0.623174 0.802521
0.643338 1.014479 0.962346 1.021704 0.499572 0.881790 0.285714 0.125000 29.129158 0.760360 0.909029
0.644207 1.011466 0.959827 1.030866 0.560462 1.025206 0.428571 1.125000 32.030126 0.843614 0.909029
0.562509 1.078146 1.033448 1.040950 0.836056 1.075069 0.571429 0.625000 37.714371 1.006744 0.909029
0.654727 1.114843 1.075029 1.037281 1.220914 1.108095 0.000000 0.000000 44.497879 1.201422 0.909029
0.607343 1.120933 1.058515 1.033034 1.260497 1.126393 0.142857 0.125000 43.125123 1.162026 0.909029
0.584299 1.122225 1.072638 1.008954 1.215456 1.108798 0.142857 0.125000 40.444740 1.085103 0.801950
0.558470 1.099276 1.066312 0.984970 1.093211 0.959697 0.000000 0.000000 36.635335 0.975777 0.802450
0.537902 1.096939 1.040056 0.998703 0.841993 0.831776 0.571429 0.500000 31.447429 0.826891 0.802450
0.529562 1.174472 1.082617 1.011283 0.585853 1.087511 0.428571 0.500000 32.880103 0.868007 0.802450
0.568657 1.097040 1.015247 1.017037 0.633803 1.139005 0.428571 0.250000 33.781027 0.893863 0.802450
0.542833 1.048949 0.983044 1.013580 0.825098 1.090109 0.428571 0.375000 36.723824 0.978317 0.695942
0.539071 1.051581 0.992309 0.970838 0.914261 1.168471 0.142857 0.500000 39.258084 1.051047 0.695942
0.552738 1.040895 0.975440 0.970838 0.711107 1.167139 0.000000 1.125000 35.050292 0.930289 0.695942
0.578720 0.990857 0.970871 0.961029 0.575042 1.065128 0.000000 0.875000 33.093852 0.874142 0.695442
0.549279 1.001411 0.987236 0.981292 0.459265 0.875837 0.714286 0.875000 29.610974 0.774187 0.588863
0.608333 0.824401 0.872413 0.963051 0.667363 0.612304 0.857143 0.125000 25.625681 0.659815 0.588863
0.660202 0.892857 0.902936 0.988664 0.695854 0.784019 0.857143 0.000000 26.975237 0.698545 0.588863
0.688735 0.862553 0.900687 0.961482 0.601238 0.958856 0.714286 0.125000 29.820356 0.780196 0.588863
0.653831 0.875101 0.924963 0.954572 0.465217 1.056876 0.000000 0.125000 31.416276 0.825997 0.588863
0.642574 0.892909 0.952163 0.943843 0.628330 0.964847 0.000000 1.125000 34.705924 0.920406 0.588863
0.631152 0.880908 0.944138 0.911573 0.867533 0.828620 0.857143 0.500000 36.014543 0.957962 0.588863
0.606025 0.928018 1.000878 0.920211 0.941869 0.819475 0.285714 0.625000 35.658315 0.947738 0.588863
0.626225 0.932105 0.990438 0.929251 1.044914 0.865588 0.428571 0.000000 35.904728 0.954810 0.588863
0.588350 0.935280 0.971115 0.927851 1.298825 0.962690 0.428571 0.500000 41.410249 1.112811 0.482284
0.587487 0.920993 0.954897 0.901910 1.454670 1.001306 0.285714 1.000000 44.040302 1.188290 0.589363
0.474526 0.911154 0.957038 0.857767 1.265219 1.075104 0.000000 0.750000 39.724248 1.064425 0.589363
0.456965 0.886062 0.947051 0.835675 0.947771 0.937652 0.000000 0.750000 32.404480 0.854357 0.696442
0.429466 0.892550 0.933133 0.828832 0.691407 0.874076 0.000000 1.375000 29.689495 0.776441 0.803521
0.426351 0.878538 0.897332 0.795772 0.543852 0.858852 0.428571 0.000000 29.557662 0.772657 0.803521
0.453432 0.879747 0.886239 0.823061 0.477958 0.847632 0.571429 0.125000 28.345277 0.737864 0.815418
0.394059 0.954380 0.943600 0.862473 0.573111 0.999503 0.285714 0.125000 30.270016 0.793101 0.830291
0.430255 0.908508 0.894764 0.854980 1.068351 0.713153 0.857143 0.125000 33.576552 0.887994 0.696442
0.359676 0.859920 0.838199 0.813496 1.130070 0.847081 0.000000 0.250000 34.427300 0.912410 0.696442
0.252048 0.930523 0.892129 0.860642 0.687341 1.097470 0.000000 0.125000 31.586779 0.830890 0.696442
0.245633 0.815695 0.840894 0.818080 0.690830 0.856311 0.000000 0.250000 31.553162 0.829926 0.696442
0.246835 0.766899 0.747202 0.853301 0.561943 0.580693 0.142857 0.250000 28.072502 0.730035 0.543472
0.186062 0.652538 0.628194 0.762420 0.422901 0.396450 0.000000 0.375000 18.060170 0.442694 0.390502
0.120594 0.627692 0.604996 0.768194 0.287054 0.524438 0.000000 0.375000 18.467138 0.454374 0.466120
0.129895 0.511638 0.470660 0.697920 0.268651 0.315195 0.142857 0.750000 16.834288 0.407513 0.619090
0.120877 0.423480 0.395552 0.643473 0.225384 0.280056 0.571429 0.625000 14.757396 0.347909 0.561835
0.098117 0.377701 0.357678 0.616715 0.245379 0.162013 0.571429 0.125000 11.511186 0.254747 0.576236
0.048713 0.318715 0.314064 0.585131 0.206532 0.158526 0.714286 0.250000 9.262803 0.190221 0.695212
0.048731 0.241219 0.245602 0.488314 0.167977 0.243476 0.000000 0.375000 8.306708 0.162783 0.695212
0.091391 0.217601 0.197841 0.457670 0.128703 0.164278 1.000000 0.250000 6.643992 0.115065 0.754701
0.131598 0.125737 0.096425 0.301346 0.056683 0.064892 0.857143 0.250000 4.326254 0.048549 0.748875
0.136512 0.121998 0.087944 0.303344 0.049657 0.080085 0.857143 0.250000 4.862756 0.063946 0.855954
0.138014 0.126854 0.086463 0.342823 0.038282 0.083326 0.857143 0.250000 4.676820 0.058609 0.855954
0.175115 0.089620 0.054732 0.318936 0.012545 0.061730 0.285714 0.375000 3.715791 0.031029 0.803021
0.111947 0.093951 0.052768 0.276052 0.027740 0.028901 0.571429 0.125000 3.084965 0.012925 0.803021
0.113020 0.088483 0.042937 0.263881 0.022201 0.024131 0.285714 0.125000 3.095282 0.013221 0.856561
0.124866 0.066242 0.027888 0.212859 0.018130 0.008447 0.285714 0.250000 2.868803 0.006722 0.803521
0.122452 0.065626 0.029055 0.221041 0.019858 -0.001815 0.428571 0.250000 2.637436 0.000082 0.803521
0.120117 0.059567 0.020666 0.205922 0.022765 0.002572 0.714286 0.750000 2.513613 -0.003472 0.856525
0.133025 0.047819 0.016199 0.192481 0.032607 0.019865 0.142857 0.750000 2.712243 0.002229 0.910064
0.120187 0.130533 0.085298 0.374747 0.093106 0.055237 0.142857 0.250000 4.306111 0.047971 0.933800
0.136791 0.195067 0.158245 0.452054 0.122441 0.084887 0.428571 0.250000 5.665490 0.086983 0.814824
0.100556 0.238720 0.201390 0.508560 0.096835 0.117712 0.428571 0.250000 6.696130 0.116561 0.695847
0.085796 0.264987 0.227196 0.516090 0.072855 0.121523 0.571429 0.375000 5.842537 0.092064 0.457894
0.104207 0.320901 0.272832 0.586848 0.015857 0.116259 0.000000 0.875000 5.573497 0.084343 0.338917
0.098646 0.315321 0.266497 0.565272 0.037716 0.121191 0.142857 0.875000 7.255787 0.132622 0.338917
0.115358 0.314270 0.266984 0.558080 0.080373 0.189437 0.285714 0.000000 10.214365 0.217530 0.398405
0.122789 0.280071 0.273210 0.521531 0.129981 0.277817 0.000000 0.000000 11.021579 0.240696 0.397850
0.083811 0.293079 0.294518 0.541448 0.160267 0.264787 1.000000 0.375000 10.086769 0.213868 0.338956
0.062215 0.329405 0.315111 0.571545 0.145007 0.196873 0.428571 0.500000 11.293862 0.248510 0.338956
0.035763 0.255047 0.250240 0.495428 0.084374 0.165625 0.428571 0.625000 9.481626 0.196501 0.374705
0.063161 0.224699 0.216036 0.476684 0.083724 0.123855 0.571429 0.375000 7.316389 0.134362 0.428245
0.049462 0.223143 0.224551 0.467773 0.115475 0.100565 0.571429 0.250000 6.372929 0.107286 0.481784
0.055200 0.199245 0.208107 0.419593 0.144316 0.085684 0.000000 0.250000 6.543289 0.112175 0.588863
0.074838 0.128687 0.129299 0.342317 0.149491 0.075971 0.000000 0.000000 5.372579 0.078577 0.588863
0.079528 0.123538 0.122982 0.349402 0.157575 0.042302 0.142857 0.625000 4.980544 0.067326 0.576910
0.054280 0.188982 0.185461 0.411239 0.152727 0.030400 0.000000 0.125000 5.681388 0.087439 0.338956
0.053952 0.190466 0.191985 0.389667 0.183962 0.036794 0.000000 0.375000 6.306762 0.105387 0.280023
0.075240 0.180248 0.184677 0.389667 0.191415 0.076028 0.142857 0.875000 7.045816 0.126597 0.279468
0.091534 0.272697 0.259897 0.477207 0.103376 0.120715 0.142857 0.500000 6.756240 0.118286 0.279468
0.121145 0.273995 0.257694 0.460607 0.053450 0.087246 0.142857 0.625000 4.929518 0.065862 0.160491
0.102801 0.242736 0.233837 0.431943 0.085366 0.048830 0.285714 0.250000 5.030633 0.068763 0.101003
0.155541 0.245699 0.239658 0.413410 0.156633 0.143826 0.571429 0.250000 8.474594 0.167601 0.101003
0.157932 0.264278 0.267519 0.457855 0.180185 0.232281 0.571429 0.375000 10.332172 0.220911 0.026573
0.106863 0.280878 0.295312 0.448273 0.176174 0.231621 0.428571 0.500000 9.830092 0.206502 -0.040351
0.138493 0.259685 0.292350 0.433054 0.172375 0.121082 0.428571 0.500000 7.475257 0.138921 -0.077462
0.161208 0.275479 0.287435 0.448273 0.171657 0.066330 0.571429 0.625000 6.647913 0.115177 0.041515
0.172731 0.226837 0.235095 0.378926 0.160866 0.060342 0.714286 0.625000 7.108905 0.128407 -0.017974
0.151418 0.222209 0.240398 0.382341 0.198260 0.091638 1.000000 0.125000 9.144222 0.186818 -0.136395
0.122044 0.221111 0.230440 0.353065 0.196308 0.148233 0.428571 0.750000 10.270758 0.219148 -0.136950
0.129354 0.225047 0.237429 0.356701 0.177705 0.185799 0.000000 0.875000 9.915785 0.208961 -0.017974
0.177499 0.163702 0.183891 0.341184 0.168339 0.139651 0.142857 0.500000 8.258450 0.161398 0.026573
0.103920 0.233113 0.226167 0.402177 0.175963 0.138548 0.000000 0.000000 8.083269 0.156370 -0.040351
0.102244 0.132014 0.163852 0.271358 0.117551 0.041163 0.000000 0.750000 4.962234 0.066800 -0.040351
0.121247 0.212904 0.198508 0.338249 0.158594 0.076312 0.142857 0.375000 6.165306 0.101327 0.159708
0.110909 0.125522 0.130909 0.244645 0.066866 0.026335 0.285714 0.500000 4.832973 0.063091 0.293557
0.061958 0.173807 0.163470 0.318804 0.034863 0.081276 0.142857 0.000000 5.367047 0.078418 0.293557
0.042804 0.230572 0.234112 0.396993 0.078760 0.096890 0.714286 0.000000 7.786298 0.147847 0.388972
0.052149 0.220595 0.217122 0.382728 0.109827 0.103542 0.714286 0.375000 7.747029 0.146721 0.465457
0.065773 0.239430 0.262023 0.412473 0.108872 0.077991 0.571429 0.250000 7.100325 0.128161 0.312589
0.028442 0.248018 0.260831 0.427346 0.070354 0.068745 0.571429 0.250000 5.888793 0.093392 0.312589
0.065205 0.279336 0.295712 0.434783 0.073803 0.079248 0.571429 0.250000 6.325370 0.105921 0.360571
0.087044 0.270909 0.279767 0.431916 0.097374 0.150606 1.000000 0.250000 8.475007 0.167613 0.360571
0.100673 0.279401 0.269785 0.480334 0.139609 0.223716 0.285714 1.250000 9.656168 0.201510 0.397890
0.111899 0.288811 0.283387 0.497461 0.198305 0.302337 0.428571 0.625000 10.453616 0.224396 0.278992
0.160283 0.361136 0.348411 0.598519 0.254103 0.374743 0.428571 0.000000 11.728118 0.260973 0.226811
0.167013 0.374252 0.364820 0.575660 0.267148 0.304864 0.428571 0.000000 11.046318 0.241406 0.360660
0.163287 0.351730 0.344384 0.603030 0.235472 0.194767 0.428571 0.000000 9.887443 0.208148 0.160016
0.169034 0.340352 0.340944 0.636224 0.118606 0.172243 0.428571 0.125000 8.275933 0.161899 0.159887
0.190531 0.305515 0.296106 0.576863 0.044654 0.121091 0.285714 0.125000 6.384481 0.107617 0.236818
0.188056 0.367378 0.322860 0.595027 0.116228 0.123890 0.142857 0.000000 7.557298 0.141275 0.160214
0.117259 0.374049 0.355919 0.596937 0.227285 0.170074 0.857143 0.875000 11.338314 0.249786 0.160214
0.107903 0.371434 0.355940 0.624144 0.317084 0.156479 0.000000 0.750000 12.986131 0.297076 0.338679
0.138426 0.370215 0.357419 0.645681 0.332172 0.097448 0.000000 0.250000 13.466213 0.310854 0.427019
0.076653 0.366278 0.360836 0.613740 0.248912 0.111227 0.000000 0.000000 14.718749 0.346800 0.427852
0.120281 0.327792 0.330301 0.555110 0.127684 0.212373 0.857143 0.000000 13.223439 0.303886 0.466222
0.106456 0.252021 0.246636 0.485523 0.093961 0.146680 0.714286 1.250000 8.756770 0.175699 0.466222
0.081377 0.225397 0.215563 0.410057 0.087521 0.094881 0.714286 0.375000 8.797561 0.176869 0.618580
0.093891 0.215158 0.217443 0.397756 0.083691 0.099949 0.000000 0.375000 8.154099 0.158403 0.628313
0.093231 0.204452 0.220014 0.400122 0.065419 0.098251 0.142857 0.250000 6.590722 0.113536 0.635883
0.138450 0.228240 0.240292 0.440971 0.065858 0.110542 0.000000 0.750000 6.891428 0.122166 0.641939
0.184383 0.215373 0.217187 0.447454 0.048078 0.107886 1.000000 1.125000 6.521631 0.111553 0.534860
0.167331 0.163369 0.183024 0.373178 0.056155 0.085636 1.000000 0.125000 5.604131 0.085222 0.534360
0.152731 0.161952 0.182677 0.376539 0.105950 0.072190 0.857143 0.500000 5.517862 0.082746 0.481356
0.170451 0.161759 0.172296 0.406131 0.164845 0.087574 1.000000 0.500000 6.090584 0.099183 0.481356
0.141979 0.150229 0.164785 0.377087 0.151345 0.133725 1.571429 0.000000 6.831930 0.120458 0.320737
0.140455 0.159323 0.183742 0.420162 0.116842 0.135704 0.571429 0.000000 7.005030 0.125426 0.213658
0.137450 0.164506 0.185578 0.416619 0.111490 0.102144 1.571429 0.000000 6.783924 0.119081 0.321166
0.138957 0.202584 0.210578 0.440971 0.107772 0.086464 0.000000 0.125000 6.086640 0.099069 0.267626
0.130991 0.202284 0.204319 0.475732 0.069270 0.091919 0.000000 0.375000 5.056148 0.069496 0.160119
0.068386 0.161411 0.158597 0.454224 0.063029 0.084739 0.428571 0.375000 4.848501 0.063537 0.053040
0.061308 0.243273 0.211385 0.496509 0.122195 0.115342 1.285714 0.250000 6.755632 0.118269 0.100527
0.094869 0.317543 0.282168 0.615259 0.151785 0.129022 1.142857 0.375000 7.272543 0.133103 0.101082
0.109860 0.359939 0.339368 0.624765 0.118832 0.215298 1.000000 0.250000 8.173274 0.158953 0.100527
0.116991 0.447625 0.400450 0.685140 0.069041 0.311141 0.000000 0.250000 8.608435 0.171442 -0.137426
0.179370 0.527192 0.475939 0.732060 0.051280 0.283176 0.142857 0.500000 8.576361 0.170521 -0.077938
0.274063 0.609045 0.565595 0.794166 0.185603 0.224885 0.142857 0.375000 10.530806 0.226611 -0.040886
0.264672 0.740240 0.686145 0.823004 0.345514 0.318248 0.142857 0.375000 13.965243 0.325175 -0.174735
0.294928 0.798451 0.782349 0.837145 0.334307 0.648965 0.285714 0.375000 19.948813 0.496896 -0.107811
0.363260 0.769470 0.722103 0.874280 0.296171 0.656081 0.142857 0.375000 19.126987 0.473311 0.026573
0.389645 0.798375 0.747375 0.890106 0.312252 0.673583 0.428571 0.250000 19.476414 0.483339 0.083848
0.398170 0.776648 0.764969 0.898626 0.370044 0.855880 0.428571 0.125000 23.278390 0.592450 -0.107275
0.449639 0.779238 0.729752 0.856398 0.444783 0.730392 0.571429 0.500000 25.004529 0.641988 -0.107275
0.529850 0.817285 0.766677 0.854582 0.763125 0.729259 0.571429 0.375000 29.911373 0.782809 -0.173575
0.551803 0.776389 0.727129 0.856398 0.776618 0.634874 0.571429 1.000000 28.680356 0.747480 0.094122
0.608224 0.743199 0.707718 0.826729 0.618684 0.542137 0.428571 0.500000 23.825039 0.608139 0.227971
0.534125 0.819565 0.755691 0.861546 0.534853 0.571853 0.285714 0.375000 22.055205 0.557347 0.399000
0.652620 0.687382 0.623878 0.856202 0.371316 0.506296 0.142857 0.625000 17.589240 0.429179 0.398524
0.664623 0.698802 0.625587 0.903350 0.257063 0.489438 0.285714 0.750000 15.197922 0.360551 0.398524
0.725664 0.747818 0.671938 0.913915 0.239325 0.486917 0.000000 0.000000 14.964132 0.353842 0.517501
0.758248 0.734966 0.658283 0.901843 0.269929 0.397390 0.000000 0.625000 15.605409 0.372246 0.428316
0.673790 0.720264 0.654698 0.876730 0.296504 0.301170 0.000000 0.750000 16.041021 0.384747 0.535395
0.623133 0.701853 0.653267 0.863640 0.400391 0.384675 0.571429 0.000000 18.335973 0.450609 0.517501
0.596543 0.731334 0.685090 0.893824 0.517692 0.521324 0.571429 0.375000 21.605045 0.544428 0.339036
0.680060 0.692817 0.666192 0.837260 0.615146 0.552255 0.571429 0.250000 23.098000 0.587273 0.517501
0.673095 0.658668 0.643594 0.814666 0.535570 0.499824 0.714286 0.250000 21.559613 0.543124 0.517501
0.746327 0.617634 0.588816 0.780935 0.315382 0.385145 0.571429 0.750000 15.190984 0.360352 0.458012
0.724567 0.617525 0.573363 0.755601 0.256094 0.390548 0.142857 0.125000 14.102493 0.329114 0.576910
0.773379 0.577296 0.543964 0.698410 0.244268 0.448004 0.142857 0.625000 14.932511 0.352935 0.338956
0.788936 0.542942 0.513527 0.680861 0.289691 0.492044 0.285714 0.625000 17.557427 0.428266 0.219980
0.812919 0.521202 0.516400 0.672385 0.275174 0.472893 0.428571 1.125000 16.744837 0.404946 0.160491
0.814594 0.447087 0.461016 0.603030 0.255194 0.421013 0.285714 0.875000 13.882481 0.322800 0.279468
0.786239 0.517766 0.507729 0.646500 0.210615 0.423372 0.571429 0.750000 13.597400 0.314619 0.214087
0.881148 0.499281 0.481039 0.641612 0.166635 0.337190 1.142857 0.500000 11.826121 0.263785 0.428245
0.833775 0.572282 0.523221 0.704985 0.232224 0.440939 0.285714 0.000000 13.936300 0.324345 0.053468
0.850315 0.571194 0.513777 0.748454 0.327228 0.428575 0.714286 0.250000 15.395866 0.366232 -0.000072
0.813180 0.613770 0.552932 0.766740 0.380136 0.367539 0.571429 0.250000 16.053832 0.385115 0.161190
0.822100 0.625023 0.570881 0.773685 0.263529 0.431449 0.714286 0.250000 15.530029 0.370083 0.054183
0.776533 0.632162 0.555894 0.789504 0.155507 0.537437 0.142857 0.000000 15.580890 0.371542 0.214801
0.704960 0.660187 0.590064 0.770099 0.143284 0.675384 0.714286 0.625000 18.065914 0.442859 0.054183
0.711366 0.686962 0.586431 0.786998 0.147977 0.549234 0.142857 0.250000 17.189613 0.417710 0.214801
0.737338 0.678469 0.582137 0.811943 0.237826 0.433738 0.428571 0.250000 17.343212 0.422119 0.161286
0.741654 0.616797 0.523602 0.812690 0.336918 0.372510 0.285714 0.250000 15.608234 0.372327 0.228240
0.589535 0.562596 0.520796 0.778980 0.243268 0.349322 0.142857 0.375000 16.629599 0.401639 0.228240
0.602645 0.539375 0.506935 0.787370 0.293904 0.314092 0.285714 0.250000 14.157381 0.330689 0.295164
0.546212 0.559011 0.529899 0.766094 0.331404 0.268038 0.142857 0.250000 13.992611 0.325961 0.314324
0.494339 0.599890 0.590421 0.764543 0.644520 0.366334 0.142857 0.250000 20.963810 0.526025 -0.107365
0.507573 0.606902 0.574610 0.765425 0.358842 0.366774 0.857143 0.250000 17.972316 0.440173 0.071814
0.466560 0.709744 0.667343 0.790845 0.430909 0.325539 1.000000 0.500000 17.174655 0.417281 0.161047
0.363481 0.786431 0.773881 0.916980 0.494250 0.335731 0.000000 0.125000 22.666204 0.574882 0.607209
0.218139 0.709801 0.680033 0.737481 0.270588 0.294116 0.714286 0.250000 17.076575 0.414466 0.607209
0.162329 0.758618 0.774001 0.698546 0.418282 0.505758 0.285714 0.750000 33.059433 0.873154 0.696442
0.027691 1.055469 1.003496 0.991865 0.932221 0.886415 1.285714 0.000000 36.375079 0.968308 0.696442
0.066534 1.127475 1.092921 1.009525 1.146478 1.374315 0.000000 0.000000 41.578044 1.117627 0.830291
-0.426264 1.162177 1.163253 0.762420 1.589516 1.082789 0.142857 0.000000 47.010542 1.273533 1.078867
0.382992 0.977840 0.995271 0.990665 0.751710 0.876203 0.714286 1.125000 35.186466 0.934197 1.078867
0.493414 0.910089 0.884077 0.938934 0.637870 0.597970 0.857143 0.875000 32.107488 0.845834 1.031064
0.519736 0.871728 0.855520 0.909798 0.831252 0.595841 0.857143 0.125000 32.992963 0.871246 1.078867
0.546579 0.817493 0.787221 0.890106 0.907846 0.564247 0.000000 0.000000 29.728517 0.777561 1.078867
0.583478 0.829156 0.784283 0.903301 0.892790 0.602321 0.142857 0.000000 28.559455 0.744010 0.925897
0.483925 0.779383 0.725460 0.884418 0.707070 0.570510 0.571429 0.000000 25.188284 0.647262 0.925897
0.515797 0.775000 0.709848 0.876629 0.569402 0.505813 0.571429 0.000000 21.822557 0.550670 0.849412
0.549546 0.764341 0.674211 0.854734 0.401695 0.519199 0.571429 0.375000 18.165226 0.445709 0.849412
0.546221 0.711592 0.643671 0.814170 0.393065 0.422411 0.571429 0.000000 16.635543 0.401809 0.696442
0.526799 0.645614 0.592547 0.791912 0.406950 0.349518 0.000000 0.500000 16.076010 0.385751 0.696442
0.491003 0.681712 0.623850 0.798875 0.361644 0.443224 0.857143 0.500000 16.185535 0.388895 0.577465
0.440127 0.876287 0.780820 0.873476 0.322783 0.594969 0.428571 0.125000 18.591261 0.457936 0.458488
0.418431 0.878511 0.800513 0.874170 0.251239 0.757763 0.428571 0.125000 20.830692 0.522205 0.458488
0.438654 0.862094 0.792227 0.873818 0.247545 0.878142 0.428571 0.250000 23.441990 0.597146 0.339512
0.398764 0.885226 0.819189 0.905664 0.289403 0.900852 0.285714 0.250000 24.838679 0.637229 0.220535
0.332868 0.931276 0.868356 0.901770 0.412396 1.008666 0.142857 0.000000 28.773479 0.750152 0.220535
0.317149 0.933517 0.888167 0.891588 0.498672 1.048206 0.285714 0.000000 29.977782 0.784714 0.101558
0.289170 0.941549 0.887438 0.904896 0.611539 0.986038 0.428571 1.250000 29.946276 0.783810 0.101558
0.224889 1.003600 0.951703 0.934803 0.970467 1.068600 1.857143 1.250000 39.634943 1.061862 0.027198
0.289500 0.998698 0.996211 0.929395 0.804787 0.778209 0.714286 0.625000 33.482910 0.885307 0.027198
0.245044 0.912410 0.919164 0.874905 0.625029 0.798591 0.000000 0.250000 27.270651 0.707023 0.161672
0.246161 0.897075 0.906390 0.878772 0.551841 0.835449 0.000000 0.875000 28.028320 0.728767 0.295521
0.227808 0.892292 0.881178 0.912988 0.516132 0.827675 0.000000 0.875000 29.653648 0.775412 0.340068
0.314609 0.944780 0.952553 0.950737 0.579752 0.764771 0.000000 0.000000 32.383353 0.853751 0.459044
0.294450 0.943737 0.999454 0.918226 0.953318 1.071803 0.000000 0.250000 44.322873 1.196400 0.459044
0.353577 0.919248 0.969672 0.892200 0.975764 0.869538 0.571429 0.500000 35.452999 0.941846 0.459044
0.312525 0.943956 1.004097 0.908912 0.841914 0.915482 0.571429 0.375000 33.990507 0.899874 0.578021
0.277678 0.951351 1.037440 0.963600 1.034106 0.971329 0.571429 0.125000 38.042972 1.016175 0.578021
0.213681 0.844658 0.979009 0.914565 0.953512 0.993860 0.142857 0.125000 37.567438 1.002528 0.589863
0.153060 0.853587 0.966879 0.922891 0.930978 0.875191 0.142857 0.250000 39.390027 1.054834 0.589863
0.153713 0.987925 1.075840 0.963600 1.362086 0.811628 1.000000 0.375000 48.053030 1.303451 0.589363
0.175658 0.924345 0.998290 0.977086 1.404379 0.753386 1.000000 0.500000 43.999702 1.187125 0.589363
0.151418 0.875839 0.957263 0.909798 1.349478 0.731970 0.428571 0.500000 39.733027 1.064677 0.589363
-0.020191 0.930358 1.044978 0.937597 1.179352 0.897542 0.857143 0.000000 42.732748 1.150765 0.589363
-0.077625 0.973139 1.027779 0.983722 1.019374 0.829223 0.714286 0.250000 37.911522 1.012402 0.589363
0.022822 0.989400 1.016670 1.022255 0.922681 0.676475 0.571429 0.125000 31.942910 0.841111 0.589363
-0.065146 0.938458 0.962095 1.003551 0.720315 0.623431 0.571429 0.000000 25.998242 0.670507 0.589363
0.069935 0.983395 1.007641 0.976257 0.955780 0.583622 0.571429 1.000000 30.700816 0.805464 0.482284
-0.007590 1.086859 1.062551 1.027317 0.781886 0.681984 0.571429 0.000000 32.635551 0.860989 0.482284
0.047145 1.094553 1.078395 1.035973 0.866025 0.662999 0.571429 0.000000 38.192832 1.020476 0.482284
0.026755 1.118965 1.095745 1.022255 1.021172 0.685970 0.000000 0.000000 40.194116 1.077910 0.482284
0.054280 1.170456 1.132816 1.014792 0.952405 0.806901 0.000000 0.000000 39.436861 1.056178 0.482284
0.162939 1.223640 1.192483 1.048988 0.903202 0.983122 0.000000 0.000000 40.236148 1.079116 0.458488
0.415971 1.064316 1.043592 0.911399 0.931519 1.071096 0.714286 1.000000 38.946389 1.042102 0.428744
0.461279 1.000325 0.988140 0.886710 1.000495 0.953463 0.000000 1.125000 35.883176 0.954192 0.562593
0.318708 0.894331 0.902647 0.817992 0.515004 0.879360 0.428571 0.125000 28.810060 0.751202 0.543472
0.366058 0.757152 0.794371 0.731194 0.295512 0.981698 0.285714 0.000000 28.097359 0.730749 0.543472
0.376259 0.582594 0.618802 0.694944 0.278200 0.720275 0.285714 1.000000 25.513723 0.656602 0.696442
0.378371 0.531859 0.552534 0.637193 0.265870 0.384958 0.428571 0.000000 25.327238 0.651250 0.874907
0.426411 0.452482 0.489598 0.638718 0.154048 0.153192 0.000000 0.000000 21.311483 0.536003 1.053372
0.342668 0.434695 0.440232 0.613439 0.179831 0.131540 0.285714 0.375000 15.412038 0.366696 1.231837
0.281171 0.339976 0.323340 0.558002 0.176169 0.085214 0.000000 0.000000 9.134633 0.186543 1.231837
0.287899 0.355962 0.324028 0.573805 0.168220 0.084649 0.714286 0.000000 7.538443 0.140734 1.307506
0.248987 0.328960 0.280029 0.594536 0.122156 0.092835 0.857143 0.500000 6.720383 0.117257 1.364972
0.252283 0.357433 0.296476 0.628513 0.073066 0.113055 0.285714 1.250000 6.994018 0.125110 1.364972
0.322516 0.397994 0.329351 0.649633 0.102511 0.147520 0.285714 1.000000 8.401843 0.165513 1.409667
0.335747 0.400823 0.331044 0.676080 0.166950 0.179203 0.428571 0.875000 8.798669 0.176901 1.528644
0.311233 0.416149 0.340262 0.663171 0.155176 0.251685 0.428571 0.875000 9.488499 0.196698 1.445424
0.324276 0.405016 0.329247 0.623626 0.117795 0.300924 0.428571 0.875000 9.618202 0.200421 1.445424
0.304242 0.315973 0.276961 0.537399 0.135896 0.210271 0.428571 0.000000 8.023384 0.154652 1.445996
0.343905 0.344506 0.295723 0.566902 0.105593 0.242069 0.571429 0.250000 8.503797 0.168439 1.338917
0.369104 0.343280 0.280766 0.593177 0.135822 0.153487 0.428571 0.250000 8.745431 0.175373 1.553075
0.321967 0.285708 0.240202 0.523140 0.155377 0.079359 0.428571 0.250000 7.879324 0.150517 1.232409
0.307889 0.292458 0.247386 0.535248 0.097766 0.098968 0.000000 0.375000 7.026850 0.126052 1.125330
0.293920 0.260688 0.233619 0.518174 0.047797 0.119637 0.000000 0.500000 6.190474 0.102049 1.125330
0.269834 0.265274 0.240671 0.513308 0.047589 0.112195 0.285714 1.125000 6.374163 0.107321 1.018251
0.256338 0.265452 0.238001 0.490914 0.047807 0.105222 0.285714 1.000000 6.483577 0.110461 0.910672
0.258683 0.273016 0.245159 0.499313 0.038345 0.118808 0.428571 0.125000 6.625476 0.114533 1.017751
0.243184 0.283279 0.249101 0.555065 0.054677 0.132865 0.285714 0.000000 7.037488 0.126358 0.934475
0.236295 0.260427 0.228224 0.534932 0.093088 0.111607 0.142857 1.375000 6.877988 0.121780 0.814863
0.227272 0.250739 0.221726 0.537399 0.134130 0.097646 0.285714 0.375000 6.949561 0.123834 0.814863
0.205778 0.243739 0.223404 0.495526 0.180504 0.116467 0.285714 0.375000 7.538039 0.140723 0.576910
0.269707 0.288390 0.258155 0.571192 0.208142 0.115665 0.714286 0.500000 8.336864 0.163648 0.814863
0.260203 0.253139 0.237754 0.534932 0.154663 0.083328 0.142857 0.375000 7.065825 0.127171 0.815419
0.300598 0.302120 0.264796 0.563085 0.096526 0.067235 0.428571 0.375000 5.799053 0.090816 0.815419
0.273550 0.300304 0.281184 0.565510 0.092293 0.125096 0.428571 0.250000 6.413488 0.108450 0.815419
0.299675 0.301140 0.275144 0.572035 0.112537 0.143571 0.428571 0.250000 7.493702 0.139450 0.934951
0.295949 0.294360 0.274126 0.555087 0.118193 0.151826 0.142857 0.375000 7.855221 0.149825 0.830916
0.254483 0.330965 0.318147 0.592907 0.109684 0.217084 0.142857 0.500000 8.515070 0.168762 0.815974
0.284282 0.323139 0.302148 0.548384 0.116901 0.201283 0.142857 0.375000 8.953637 0.181349 0.934951
0.266200 0.336145 0.329348 0.573471 0.120794 0.229880 1.571429 0.250000 10.097157 0.214166 0.934951
0.280432 0.346510 0.340538 0.594536 0.119064 0.179003 0.142857 0.000000 9.211820 0.188758 0.934396
0.249795 0.368197 0.359503 0.626044 0.159144 0.143930 0.142857 0.625000 9.462037 0.195939 0.934396
0.244528 0.389944 0.372218 0.644085 0.191923 0.136849 1.714286 0.625000 10.229302 0.217959 0.933840
0.286865 0.442939 0.400203 0.680641 0.146047 0.207354 0.714286 0.625000 10.212188 0.217467 1.112305
0.333523 0.439499 0.397389 0.680687 0.156721 0.235882 0.285714 0.625000 10.133854 0.215219 1.112305
0.308906 0.432988 0.398012 0.678368 0.191254 0.258841 0.000000 0.625000 11.075302 0.242238 0.993328
0.310716 0.450229 0.408506 0.708108 0.195177 0.222577 0.428571 0.625000 11.627730 0.258092 0.963640
0.379124 0.482439 0.428050 0.737170 0.185109 0.228063 0.571429 0.625000 12.373274 0.279488 0.963640
0.378319 0.536050 0.464419 0.818262 0.153846 0.225387 0.571429 0.625000 11.906675 0.266097 0.856561
0.457302 0.574095 0.505553 0.838199 0.142175 0.282356 0.428571 0.000000 12.751875 0.290353 0.856561
0.440080 0.574998 0.511412 0.825750 0.158875 0.267020 0.428571 0.125000 12.499305 0.283105 0.857060
0.465878 0.540311 0.490703 0.760934 0.239348 0.295532 0.142857 0.125000 12.790036 0.291448 0.857060
0.487643 0.555212 0.504753 0.765402 0.237069 0.431122 0.142857 0.000000 13.959492 0.325010 0.857561
0.488785 0.509417 0.470786 0.704089 0.200974 0.487363 0.571429 0.125000 13.970796 0.325335 0.696942
0.528488 0.613388 0.549613 0.797084 0.143312 0.546281 0.857143 0.625000 14.311684 0.335118 0.696942
0.580304 0.617415 0.542819 0.802291 0.212437 0.428923 0.571429 0.500000 13.410462 0.309254 0.696942
0.624212 0.560807 0.505260 0.778095 0.264469 0.402139 0.428571 0.000000 14.174493 0.331180 0.696942
0.637602 0.541708 0.503948 0.748915 0.197810 0.474512 0.285714 0.250000 14.219929 0.332484 0.804021
0.661572 0.537676 0.506195 0.745807 0.173659 0.500570 0.285714 0.375000 13.699921 0.317561 0.696942
0.733234 0.501656 0.471987 0.712423 0.262872 0.381093 0.571429 0.375000 13.204054 0.303330 0.589863
0.714707 0.532483 0.487187 0.748302 0.363464 0.332422 0.571429 1.000000 13.967691 0.325245 0.589863
0.714477 0.504094 0.473076 0.784536 0.329129 0.322322 0.000000 0.125000 13.646006 0.316014 0.589863
0.703894 0.514853 0.474880 0.806946 0.229210 0.375580 0.000000 0.250000 13.614241 0.315102 0.482284
0.680550 0.521964 0.492830 0.806946 0.219061 0.543975 0.428571 0.250000 15.098327 0.357693 0.589363
0.664205 0.508504 0.472720 0.793557 0.204670 0.470030 0.428571 0.125000 14.222732 0.332565 0.589363
0.660724 0.496241 0.471540 0.748915 0.239551 0.416155 0.428571 1.125000 15.283330 0.363003 0.589363
0.671633 0.466371 0.444798 0.737170 0.257727 0.345314 0.000000 0.375000 13.894899 0.323156 0.589363
0.655287 0.484658 0.436538 0.749540 0.243937 0.289059 0.000000 0.500000 11.712035 0.260511 0.482284
0.644669 0.494542 0.453944 0.734675 0.207215 0.297971 0.000000 0.500000 10.782032 0.233821 0.589363
0.617070 0.502920 0.485900 0.739698 0.178011 0.331476 0.000000 0.375000 11.897823 0.265843 0.696442
0.600817 0.534121 0.530676 0.745642 0.308764 0.303617 0.000000 0.125000 14.506638 0.340713 0.696442
0.712487 0.496260 0.473014 0.759065 0.293447 0.200967 0.857143 0.125000 12.817966 0.292250 0.696442
0.698818 0.497176 0.480084 0.755980 0.285398 0.252825 1.000000 0.000000 13.404937 0.309095 0.804021
0.737135 0.556851 0.507930 0.777187 0.257474 0.405931 0.428571 0.125000 14.325249 0.335507 0.804021
0.751624 0.586954 0.531090 0.779882 0.358302 0.546107 0.428571 0.250000 18.604250 0.458309 0.804021
0.761776 0.588446 0.529138 0.805747 0.433957 0.519789 0.428571 0.250000 20.709138 0.518716 0.815974
0.809120 0.636838 0.589094 0.805168 0.397959 0.461450 0.142857 0.625000 19.180413 0.474844 0.830916
0.786023 0.606726 0.574476 0.754059 0.364832 0.385443 0.142857 0.125000 16.477472 0.397273 0.830916
0.736055 0.547639 0.518788 0.739698 0.374071 0.327002 1.142857 0.250000 15.531003 0.370110 0.850127
0.714719 0.485544 0.443075 0.702541 0.278289 0.406129 0.285714 0.375000 15.354693 0.365051 1.003097
0.718402 0.455633 0.426979 0.658600 0.179359 0.352332 0.142857 0.250000 14.230059 0.332775 1.003811
0.664152 0.490424 0.465791 0.660646 0.209841 0.310396 0.714286 0.250000 16.067955 0.385520 1.003811
0.682528 0.490651 0.459041 0.673776 0.241160 0.211374 0.571429 0.250000 14.998336 0.354824 1.003097
0.596725 0.515203 0.500703 0.713092 0.187056 0.209934 0.571429 0.125000 12.436181 0.281293 0.875741
0.564147 0.434959 0.423087 0.646500 0.109290 0.194738 0.571429 0.000000 7.735433 0.146388 0.911601
0.523270 0.442837 0.412635 0.677922 0.154664 0.297372 0.714286 0.250000 9.402352 0.194226 0.875741
0.480824 0.425833 0.377901 0.692280 0.152972 0.345619 0.857143 0.250000 10.859011 0.236030 0.875741
0.471189 0.553041 0.503061 0.796195 0.219417 0.538198 0.142857 0.250000 15.746040 0.376282 0.697276
0.457773 0.575449 0.525920 0.817461 0.253265 0.610471 0.142857 0.375000 17.744864 0.433645 0.697157
0.391865 0.701915 0.614776 0.863640 0.231228 0.607135 0.000000 0.250000 17.137256 0.416208 0.697157
0.410287 0.778385 0.698331 0.904100 0.237289 0.457446 0.285714 0.250000 15.211568 0.360943 0.696442
0.415093 0.752355 0.675347 0.912062 0.273774 0.395388 0.285714 0.375000 14.767555 0.348200 0.696442
0.359183 0.800729 0.734595 0.926778 0.231723 0.688149 1.000000 0.625000 19.440470 0.482307 0.697276
0.344496 0.771420 0.720485 0.928256 0.210084 0.863154 0.571429 0.500000 21.507963 0.541641 0.697157
0.422362 0.823236 0.754973 0.943623 0.185274 0.927211 0.428571 0.500000 20.890306 0.523916 0.964765
0.476413 0.837297 0.787477 0.955058 0.386756 0.841737 0.428571 0.000000 23.420979 0.596543 1.098614
0.483431 0.937361 0.867302 0.980499 0.388467 0.788598 0.571429 0.875000 29.788155 0.779272 1.172904
0.487565 0.921474 0.871833 0.976556 0.617617 0.728750 0.714286 0.000000 33.598826 0.888634 1.291881
0.490627 0.890219 0.875455 0.975222 0.794617 0.764671 0.857143 0.000000 33.132388 0.875247 1.410858
0.565430 0.937829 0.903891 0.965280 0.626655 0.915776 0.285714 0.125000 30.470996 0.798869 1.366311
0.596704 0.893075 0.880071 0.949346 0.499177 0.870856 0.285714 0.375000 25.945434 0.668991 1.366311
0.506288 0.834667 0.859427 0.927531 0.682630 0.764050 0.285714 0.125000 30.721929 0.806070 1.351369
0.552729 0.839078 0.821439 0.930244 0.785082 0.882953 0.142857 0.000000 34.054093 0.901699 1.350814
0.607998 0.881629 0.843178 0.936509 0.541541 0.998049 1.142857 0.250000 28.623649 0.745852 1.410302
0.564737 0.841546 0.820797 0.933560 0.393994 0.715827 0.285714 1.125000 24.037850 0.614246 1.172348
0.454577 0.927561 0.890833 0.962489 0.427521 0.553724 0.285714 0.000000 22.897662 0.581524 1.053372
0.385950 0.939288 0.925943 0.983056 0.589818 0.606042 1.285714 0.125000 26.330972 0.680056 0.934395
0.339484 0.889854 0.890119 0.934557 0.666241 0.753346 0.000000 0.500000 29.505345 0.771156 0.934395
0.322362 0.966568 0.926940 0.958225 0.565111 0.970600 0.000000 0.500000 29.705274 0.776894 0.696442
0.266145 0.975233 0.936772 0.975222 0.414834 1.029382 1.142857 0.375000 28.813246 0.751294 0.696442
0.232543 1.001224 0.987724 0.967669 0.653001 0.996489 0.714286 0.750000 35.940076 0.955824 0.696442
0.271175 0.986943 0.927134 0.988315 0.713432 0.825437 0.000000 0.625000 34.343630 0.910009 0.636953
0.339255 1.025726 0.977689 1.005398 0.820205 0.811867 0.000000 1.000000 38.069324 1.016931 0.636953
0.236838 1.045243 1.023759 0.983722 0.731196 0.991308 1.142857 0.750000 36.324235 0.966849 0.695807
0.280019 1.052090 1.029834 1.017111 0.551839 1.080456 0.428571 0.750000 31.460458 0.827265 0.695807
0.362814 1.018829 0.978313 0.995534 0.589182 1.040006 0.000000 0.625000 31.103518 0.817022 0.695728
0.476454 0.980249 0.915712 0.992615 0.600638 0.958863 0.142857 0.000000 28.247473 0.735057 0.695728
0.477324 0.980342 0.921872 1.010122 0.531128 1.160769 0.142857 0.000000 30.025554 0.786085 0.695103
0.473643 0.951783 0.899228 0.960382 0.453683 1.335601 0.000000 0.750000 32.969184 0.870564 0.695103
0.521520 0.961804 0.894362 0.973803 0.397380 1.168488 0.571429 0.375000 31.266036 0.821686 0.695103
0.407427 0.913683 0.862954 0.970333 0.561723 0.823400 0.428571 0.250000 30.355643 0.795558 0.695103
0.370074 0.910825 0.868624 0.971237 0.693470 0.724404 0.428571 0.000000 33.940390 0.898436 0.695252
0.322555 0.884122 0.835962 0.981198 0.567798 0.769845 0.428571 0.125000 32.014632 0.843169 0.576275
0.367214 0.861535 0.846986 0.950591 0.486961 0.742684 0.428571 0.125000 25.522796 0.656862 0.457933
0.466468 0.789356 0.786225 0.911810 0.460789 0.630340 0.571429 0.250000 23.037985 0.585551 0.338956
0.396212 0.878962 0.842990 0.957181 0.535399 0.631616 0.714286 0.750000 28.471285 0.741480 0.374705
0.460607 0.907180 0.884818 0.955748 0.624705 0.849449 0.714286 0.000000 32.102127 0.845680 0.267626
0.472759 0.912305 0.903434 0.943772 0.695275 0.795424 0.857143 0.000000 30.012727 0.785717 0.220535
0.465070 0.926537 0.913043 0.971237 0.871126 0.709234 0.142857 0.625000 29.636498 0.774920 0.339512
0.613844 0.792882 0.801145 0.910290 0.768669 0.743739 0.000000 0.500000 29.863944 0.781447 0.339512
0.653241 0.784046 0.805667 0.904100 0.679740 0.708568 0.714286 0.500000 27.789218 0.721905 0.339512
0.643304 0.808115 0.812631 0.877944 0.644062 0.758430 0.000000 0.000000 28.516882 0.742788 0.101162
0.730602 0.748724 0.759123 0.866117 0.891010 0.623945 0.285714 0.250000 29.627760 0.774669 0.220138
0.707364 0.759385 0.742964 0.867983 0.742654 0.594707 0.285714 0.250000 27.629564 0.717324 0.339115
0.686807 0.753377 0.715006 0.835862 0.526298 0.538397 0.428571 0.125000 23.267159 0.592128 0.458092
0.722847 0.767406 0.703003 0.802757 0.435857 0.496523 0.571429 0.000000 21.148348 0.531321 0.517580
0.691137 0.718093 0.674017 0.754877 0.429080 0.514892 0.714286 0.000000 22.282302 0.563864 0.629071
0.638371 0.704565 0.637420 0.784667 0.422929 0.520672 0.714286 0.125000 21.774345 0.549286 0.696045
0.608678 0.692020 0.655418 0.811986 0.427954 0.572167 0.857143 0.125000 21.016998 0.527551 0.695996
0.583191 0.703715 0.638399 0.825576 0.413181 0.570544 0.000000 0.125000 20.436228 0.510884 0.829844
0.623510 0.707680 0.598943 0.813807 0.334831 0.544482 1.000000 0.125000 19.216649 0.475884 0.695996
0.674503 0.713441 0.606967 0.834330 0.333703 0.485915 0.857143 0.125000 17.869132 0.437212 0.963515
0.635280 0.708673 0.592263 0.815147 0.390255 0.381953 0.428571 0.125000 17.024554 0.412973 1.001668
0.682717 0.638212 0.547089 0.801339 0.391350 0.355736 0.428571 0.125000 16.581258 0.400251 0.874074
0.610549 0.698767 0.615699 0.815567 0.376332 0.354103 0.571429 0.250000 16.642353 0.402005 0.909600
0.594037 0.676328 0.591851 0.833237 0.324792 0.415634 0.428571 0.250000 16.050121 0.385008 0.829041
0.604859 0.680112 0.598194 0.865252 0.192507 0.405801 0.142857 0.375000 14.134300 0.330027 0.829041
0.599704 0.672150 0.607642 0.847190 0.167601 0.368615 0.285714 0.375000 13.830625 0.321312 0.695193
0.637926 0.490743 0.427098 0.544908 0.327054 0.281324 0.428571 0.125000 13.728065 0.318368 0.481284
0.682543 0.326593 0.302547 0.315646 0.302031 0.237416 0.142857 0.125000 13.000742 0.297495 0.267126
0.704068 0.250603 0.248098 0.205372 0.345838 0.215859 0.714286 1.250000 14.603451 0.343491 0.481284
0.707285 0.187718 0.207792 0.078960 0.264852 0.149457 0.000000 1.375000 14.410734 0.337960 0.696442
0.755068 0.105884 0.139855 0.013429 0.095594 0.065058 0.428571 0.750000 9.988057 0.211035 0.517977
0.781802 0.024899 0.049340 -0.084994 0.006451 0.025570 0.571429 0.250000 4.997590 0.067815 0.543472
0.757741 -0.070720 -0.036781 -0.232012 -0.017591 0.002662 0.571429 0.375000 3.166081 0.015253 0.562593
0.756767 -0.126150 -0.103235 -0.347098 -0.019108 -0.028045 0.428571 0.000000 1.477724 -0.033200 0.576910
0.712047 -0.148067 -0.134633 -0.417713 -0.019839 -0.038718 0.428571 0.125000 1.027155 -0.046131 0.576910
0.685727 -0.144588 -0.125211 -0.394346 -0.024555 -0.038292 0.142857 0.375000 1.066818 -0.044993 0.695887
0.627495 -0.126468 -0.083509 -0.359019 -0.018032 -0.030186 0.000000 0.375000 1.573438 -0.030454 0.814863
0.606734 -0.125896 -0.085713 -0.354556 -0.018803 -0.025375 0.142857 1.000000 1.889940 -0.021370 0.814863
0.582212 -0.122360 -0.085675 -0.353964 -0.018031 -0.026747 0.142857 0.125000 1.920349 -0.020498 0.576910
0.472102 -0.106949 -0.080007 -0.297929 -0.011191 -0.022996 1.428571 0.125000 1.502037 -0.032503 0.457933
0.453300 -0.106967 -0.087075 -0.307816 -0.010916 -0.021971 0.571429 0.250000 1.323619 -0.037623 0.576355
0.375808 -0.123577 -0.130141 -0.384975 -0.015124 -0.035298 0.857143 0.125000 0.965792 -0.047892 0.814308
0.379463 -0.124969 -0.131681 -0.395923 -0.006264 -0.034421 0.857143 0.250000 1.233629 -0.040206 0.695331
0.366550 -0.124465 -0.127490 -0.375043 0.000304 -0.033289 0.857143 0.250000 1.578500 -0.030308 0.695817
0.366237 -0.080248 -0.045181 -0.243193 0.006179 -0.016636 0.142857 0.375000 3.190134 0.015944 0.695887
0.370137 -0.127593 -0.121727 -0.388844 0.000133 -0.029571 0.714286 0.375000 1.710716 -0.026514 0.576355
0.418111 -0.108446 -0.080443 -0.343307 -0.005972 -0.019482 0.714286 0.500000 1.767524 -0.024884 0.576355
0.444267 -0.111287 -0.073761 -0.349046 0.006252 -0.027552 0.428571 0.000000 1.611387 -0.029364 0.576355
0.512714 -0.095008 -0.047032 -0.307385 0.029430 -0.030742 0.142857 0.000000 2.375911 -0.007424 0.829041
0.504769 -0.101341 -0.039712 -0.327457 0.037950 -0.029126 0.142857 0.500000 2.756946 0.003512 0.847984
0.504124 -0.048698 0.084973 -0.234490 0.051137 -0.018417 0.142857 0.375000 3.557263 0.026480 0.874074
0.496858 0.039933 0.149209 -0.135958 0.027559 -0.025165 0.428571 0.250000 2.995793 0.010366 0.481284
0.529657 0.150925 0.189533 -0.033969 0.009553 -0.027096 0.428571 0.125000 3.879123 0.035717 0.695442
0.588931 0.295914 0.345148 0.142806 0.005787 -0.024587 0.428571 0.375000 4.662419 0.058196 0.784841
0.498330 0.482991 0.496979 0.376646 0.077458 -0.011637 0.285714 0.500000 5.753888 0.089520 0.784009
0.377946 0.792499 0.858228 0.839306 0.540139 0.093674 0.857143 0.875000 16.122573 0.387088 0.606376
0.376459 0.890486 0.947740 0.951700 0.915548 0.683160 0.000000 0.375000 30.990901 0.813790 0.606376
0.342870 0.870697 0.960530 0.929364 0.890554 0.770796 0.000000 0.375000 32.922384 0.869221 0.605544
0.423240 0.909386 1.014064 0.922416 0.890449 0.770761 0.000000 0.375000 32.241346 0.849676 0.618529
0.446823 0.901734 0.994457 0.914230 0.894491 0.812021 0.428571 0.375000 32.813325 0.866091 0.628268
0.481358 0.946454 0.989949 0.917253 0.879279 0.835494 0.571429 0.500000 33.922104 0.897911 0.628268
0.504296 0.938815 1.009202 0.871832 0.841955 0.842968 0.000000 0.750000 34.300103 0.908759 0.635843
0.491412 0.941262 1.021978 0.852904 0.947504 0.903464 0.142857 0.375000 36.566593 0.973805 0.628268
0.388257 1.009923 1.103302 0.870780 1.267957 0.937029 0.142857 1.000000 40.220992 1.078681 0.542044
0.433126 0.993610 1.096710 0.874532 1.484104 0.943913 0.142857 0.875000 41.071001 1.103075 0.465610
0.410291 1.017131 1.106800 0.875289 1.423825 1.000124 0.714286 0.125000 40.198016 1.078022 0.605603
0.441534 0.960865 1.065508 0.845599 1.426282 1.064552 0.000000 0.125000 44.483282 1.201003 0.587435
0.480652 0.993783 1.051993 0.875289 1.483274 1.058299 0.285714 0.500000 50.461617 1.372574 0.588435
0.697240 0.801729 0.804787 0.821474 1.038160 0.423398 0.285714 0.375000 32.678492 0.862221 0.802593
0.682835 0.788075 0.796947 0.838412 1.044270 0.498600 0.428571 0.375000 30.597168 0.802490 0.801593
0.663522 0.756097 0.742517 0.860308 0.951614 0.509478 0.571429 0.250000 28.962497 0.755577 0.801593
0.642069 0.783135 0.718474 0.901694 0.616716 0.450428 0.571429 0.125000 25.188703 0.647274 0.801593
0.610956 0.796633 0.734496 0.890993 0.397853 0.483797 0.571429 0.125000 22.816424 0.579193 0.784068
0.584081 0.755103 0.679207 0.857883 0.233691 0.420827 0.000000 1.250000 18.620854 0.458785 0.618580
0.501888 0.699295 0.636517 0.821604 0.185020 0.416280 0.000000 0.125000 16.781844 0.406008 0.695728
0.524917 0.633192 0.599801 0.794986 0.371482 0.505997 0.714286 0.125000 19.847243 0.493981 0.561968
0.448654 0.656363 0.594985 0.824550 0.463115 0.467839 0.000000 0.375000 19.315212 0.478712 0.561968
0.404962 0.680344 0.615110 0.805215 0.373230 0.408876 0.000000 0.250000 16.950601 0.410851 0.428120
0.298690 0.776326 0.693475 0.892200 0.419142 0.385533 0.142857 0.000000 17.718932 0.432901 0.294271
0.323454 0.806807 0.715394 0.895436 0.346915 0.523371 0.571429 0.750000 18.560485 0.457053 0.294271
0.185304 0.717101 0.709919 0.711415 0.469820 0.671098 0.571429 0.625000 23.642240 0.602892 0.338956
0.293143 0.802448 0.698245 0.817461 0.371253 0.606134 0.571429 1.000000 19.504150 0.484135 0.101003
0.248177 0.821880 0.714350 0.859993 0.356058 0.619729 0.571429 0.375000 20.305334 0.507128 0.101003
0.162652 0.698855 0.653478 0.668420 0.485052 0.477086 0.571429 0.375000 19.461199 0.482902 0.219980
0.128789 0.624676 0.638856 0.558080 0.619830 0.641176 0.000000 0.250000 27.722729 0.719997 0.219980
0.140768 0.852224 0.769107 0.934803 0.394862 0.715961 0.714286 0.500000 24.331918 0.622685 0.101003
0.242866 0.689611 0.607853 0.914230 0.322203 0.458878 0.571429 0.500000 17.230044 0.418871 0.101003
0.274046 0.679464 0.602551 0.902525 0.326414 0.438140 0.571429 0.500000 17.362741 0.422679 0.100527
0.295022 0.686806 0.618778 0.903326 0.407440 0.392074 0.428571 0.500000 17.377417 0.423100 -0.018449
0.310945 0.677561 0.614909 0.929723 0.436560 0.416953 0.428571 0.375000 18.285097 0.449149 -0.017338
